#
# There is insufficient memory for the Java Runtime Environment to continue.
# Native memory allocation (malloc) failed to allocate 406928 bytes for Chunk::new
# Possible reasons:
#   The system is out of physical RAM or swap space
#   The process is running with CompressedOops enabled, and the Java Heap may be blocking the growth of the native heap
# Possible solutions:
#   Reduce memory load on the system
#   Increase physical memory or swap space
#   Check if swap backing store is full
#   Decrease Java heap size (-Xmx/-Xms)
#   Decrease number of Java threads
#   Decrease Java thread stack sizes (-Xss)
#   Set larger code cache with -XX:ReservedCodeCacheSize=
#   JVM is running with Zero Based Compressed Oops mode in which the Java heap is
#     placed in the first 32GB address space. The Java Heap base address is the
#     maximum limit for the native heap growth. Please use -XX:HeapBaseMinAddress
#     to set the Java Heap base and to place the Java Heap above 32GB virtual address.
# This output file may be truncated or incomplete.
#
#  Out of Memory Error (arena.cpp:168), pid=9416, tid=8084
#
# JRE version: Java(TM) SE Runtime Environment (21.0.2+13) (build 21.0.2+13-LTS-58)
# Java VM: Java HotSpot(TM) 64-Bit Server VM (21.0.2+13-LTS-58, mixed mode, sharing, tiered, compressed oops, compressed class ptrs, g1 gc, windows-amd64)
# No core dump will be written. Minidumps are not enabled by default on client versions of Windows
#

---------------  S U M M A R Y ------------

Command Line: -javaagent:D:\IntelliJ IDEA 2024.2.4\lib\idea_rt.jar=50555:D:\IntelliJ IDEA 2024.2.4\bin -Dfile.encoding=UTF-8 -Dsun.stdout.encoding=UTF-8 -Dsun.stderr.encoding=UTF-8 --module-path=C:\Users\prabh\.m2\repository\com\google\code\gson\gson\2.8.9\gson-2.8.9.jar;C:\Users\prabh\.m2\repository\org\openjfx\javafx-controls\21\javafx-controls-21-win.jar;C:\Users\prabh\.m2\repository\org\openjfx\javafx-fxml\21\javafx-fxml-21-win.jar;C:\Users\prabh\.m2\repository\com\mysql\mysql-connector-j\8.0.33\mysql-connector-j-8.0.33.jar;C:\Users\prabh\IdeaProjects\OOD5\target\classes;C:\Users\prabh\.m2\repository\org\openjfx\javafx-base\21\javafx-base-21-win.jar;C:\Users\prabh\.m2\repository\org\openjfx\javafx-graphics\21\javafx-graphics-21-win.jar -Djdk.module.main=org.example.ood5 org.example.ood5/Main.Main

Host: Intel(R) Core(TM) i5-8365U CPU @ 1.60GHz, 8 cores, 15G,  Windows 11 , 64 bit Build 22621 (10.0.22621.4391)
Time: Mon Nov 25 21:19:01 2024 Sri Lanka Standard Time elapsed time: 8.782570 seconds (0d 0h 0m 8s)

---------------  T H R E A D  ---------------

Current thread (0x000001a625e53c20):  JavaThread "C2 CompilerThread1" daemon [_thread_in_native, id=8084, stack(0x0000006803d00000,0x0000006803e00000) (1024K)]


Current CompileTask:
C2:   8782 1471   !   4       java.util.concurrent.ConcurrentHashMap::transfer (849 bytes)

Stack: [0x0000006803d00000,0x0000006803e00000]
Native frames: (J=compiled Java code, j=interpreted, Vv=VM code, C=native code)
V  [jvm.dll+0x6cade9]
V  [jvm.dll+0x8569c1]
V  [jvm.dll+0x858d2e]
V  [jvm.dll+0x859413]
V  [jvm.dll+0x280e56]
V  [jvm.dll+0xc3f3d]
V  [jvm.dll+0xc4473]
V  [jvm.dll+0x3b5c2c]
V  [jvm.dll+0x382855]
V  [jvm.dll+0x381cca]
V  [jvm.dll+0x249bd0]
V  [jvm.dll+0x2491b1]
V  [jvm.dll+0x1c9634]
V  [jvm.dll+0x258859]
V  [jvm.dll+0x256e3a]
V  [jvm.dll+0x3ef6c6]
V  [jvm.dll+0x7ff568]
V  [jvm.dll+0x6c953d]
C  [ucrtbase.dll+0x29333]
C  [KERNEL32.DLL+0x1259d]
C  [ntdll.dll+0x5af38]


---------------  P R O C E S S  ---------------

Threads class SMR info:
_java_thread_list=0x000001a62077e6e0, length=19, elements={
0x000001a5b9294760, 0x000001a5da3fd880, 0x000001a5da3fe6a0, 0x000001a5da405940,
0x000001a5da406dc0, 0x000001a5da40a3e0, 0x000001a5da4096c0, 0x000001a5da7604a0,
0x000001a5da765b70, 0x000001a5da40aa70, 0x000001a5da409d50, 0x000001a5da409030,
0x000001a5da40b100, 0x000001a5da407c80, 0x000001a5da408310, 0x000001a5da4089a0,
0x000001a625e2e090, 0x000001a625e2edb0, 0x000001a625e53c20
}

Java Threads: ( => current thread )
  0x000001a5b9294760 JavaThread "main"                              [_thread_blocked, id=2496, stack(0x0000006801b00000,0x0000006801c00000) (1024K)]
  0x000001a5da3fd880 JavaThread "Reference Handler"          daemon [_thread_blocked, id=12776, stack(0x0000006802400000,0x0000006802500000) (1024K)]
  0x000001a5da3fe6a0 JavaThread "Finalizer"                  daemon [_thread_blocked, id=19296, stack(0x0000006802500000,0x0000006802600000) (1024K)]
  0x000001a5da405940 JavaThread "Signal Dispatcher"          daemon [_thread_blocked, id=5432, stack(0x0000006802600000,0x0000006802700000) (1024K)]
  0x000001a5da406dc0 JavaThread "Attach Listener"            daemon [_thread_blocked, id=17880, stack(0x0000006802700000,0x0000006802800000) (1024K)]
  0x000001a5da40a3e0 JavaThread "Service Thread"             daemon [_thread_blocked, id=19216, stack(0x0000006802800000,0x0000006802900000) (1024K)]
  0x000001a5da4096c0 JavaThread "Monitor Deflation Thread"   daemon [_thread_blocked, id=16332, stack(0x0000006802900000,0x0000006802a00000) (1024K)]
  0x000001a5da7604a0 JavaThread "C2 CompilerThread0"         daemon [_thread_blocked, id=19480, stack(0x0000006802a00000,0x0000006802b00000) (1024K)]
  0x000001a5da765b70 JavaThread "C1 CompilerThread0"         daemon [_thread_blocked, id=23868, stack(0x0000006802b00000,0x0000006802c00000) (1024K)]
  0x000001a5da40aa70 JavaThread "Common-Cleaner"             daemon [_thread_blocked, id=8716, stack(0x0000006802c00000,0x0000006802d00000) (1024K)]
  0x000001a5da409d50 JavaThread "Monitor Ctrl-Break"         daemon [_thread_in_native, id=15136, stack(0x0000006802f00000,0x0000006803000000) (1024K)]
  0x000001a5da409030 JavaThread "Notification Thread"        daemon [_thread_blocked, id=17268, stack(0x0000006803000000,0x0000006803100000) (1024K)]
  0x000001a5da40b100 JavaThread "QuantumRenderer-0"          daemon [_thread_blocked, id=20424, stack(0x0000006803100000,0x0000006803200000) (1024K)]
  0x000001a5da407c80 JavaThread "InvokeLaterDispatcher"      daemon [_thread_blocked, id=21552, stack(0x0000006802e00000,0x0000006802f00000) (1024K)]
  0x000001a5da408310 JavaThread "JavaFX Application Thread"         [_thread_in_vm, id=9044, stack(0x0000006803200000,0x0000006803300000) (1024K)]
  0x000001a5da4089a0 JavaThread "Thread-1"                   daemon [_thread_in_native, id=2460, stack(0x0000006802d00000,0x0000006802e00000) (1024K)]
  0x000001a625e2e090 JavaThread "JavaFX-Launcher"                   [_thread_blocked, id=18088, stack(0x0000006803b00000,0x0000006803c00000) (1024K)]
  0x000001a625e2edb0 JavaThread "mysql-cj-abandoned-connection-cleanup" daemon [_thread_blocked, id=13176, stack(0x0000006803c00000,0x0000006803d00000) (1024K)]
=>0x000001a625e53c20 JavaThread "C2 CompilerThread1"         daemon [_thread_in_native, id=8084, stack(0x0000006803d00000,0x0000006803e00000) (1024K)]
Total: 19

Other Threads:
  0x000001a5da3dac80 VMThread "VM Thread"                           [id=4120, stack(0x0000006802300000,0x0000006802400000) (1024K)]
  0x000001a5da3c7970 WatcherThread "VM Periodic Task Thread"        [id=11496, stack(0x0000006802200000,0x0000006802300000) (1024K)]
  0x000001a5bb706a50 WorkerThread "GC Thread#0"                     [id=2584, stack(0x0000006801d00000,0x0000006801e00000) (1024K)]
  0x000001a625dd8510 WorkerThread "GC Thread#1"                     [id=24968, stack(0x0000006803600000,0x0000006803700000) (1024K)]
  0x000001a625dd88b0 WorkerThread "GC Thread#2"                     [id=8768, stack(0x0000006803700000,0x0000006803800000) (1024K)]
  0x000001a625dd8c50 WorkerThread "GC Thread#3"                     [id=16504, stack(0x0000006803800000,0x0000006803900000) (1024K)]
  0x000001a625dd9e70 WorkerThread "GC Thread#4"                     [id=13352, stack(0x0000006803900000,0x0000006803a00000) (1024K)]
  0x000001a625dd8ff0 WorkerThread "GC Thread#5"                     [id=6676, stack(0x0000006803a00000,0x0000006803b00000) (1024K)]
  0x000001a5bb717950 ConcurrentGCThread "G1 Main Marker"            [id=25412, stack(0x0000006801e00000,0x0000006801f00000) (1024K)]
  0x000001a5bb719400 WorkerThread "G1 Conc#0"                       [id=20132, stack(0x0000006801f00000,0x0000006802000000) (1024K)]
  0x000001a5da292620 ConcurrentGCThread "G1 Refine#0"               [id=14844, stack(0x0000006802000000,0x0000006802100000) (1024K)]
  0x000001a5da2930a0 ConcurrentGCThread "G1 Service"                [id=15912, stack(0x0000006802100000,0x0000006802200000) (1024K)]
Total: 12

Threads with active compile tasks:
C2 CompilerThread1     8824 1471   !   4       java.util.concurrent.ConcurrentHashMap::transfer (849 bytes)
Total: 1

VM state: not at safepoint (normal execution)

VM Mutex/Monitor currently owned by a thread:  ([mutex/lock_event])
[0x00007fffd9b1ace8] Metaspace_lock - owner thread: 0x000001a5da408310

Heap address: 0x0000000704600000, size: 4026 MB, Compressed Oops mode: Zero based, Oop shift amount: 3

CDS archive(s) mapped at: [0x000001a5db000000-0x000001a5dbc90000-0x000001a5dbc90000), size 13172736, SharedBaseAddress: 0x000001a5db000000, ArchiveRelocationMode: 1.
Compressed class space mapped at: 0x000001a5dc000000-0x000001a61c000000, reserved size: 1073741824
Narrow klass base: 0x000001a5db000000, Narrow klass shift: 0, Narrow klass range: 0x100000000

GC Precious Log:
 CardTable entry size: 512
 Card Set container configuration: InlinePtr #cards 4 size 8 Array Of Cards #cards 16 size 48 Howl #buckets 8 coarsen threshold 3686 Howl Bitmap #cards 512 size 80 coarsen threshold 460 Card regions per heap region 1 cards per card region 4096
 CPUs: 8 total, 8 available
 Memory: 16099M
 Large Page Support: Disabled
 NUMA Support: Disabled
 Compressed Oops: Enabled (Zero based)
 Heap Region Size: 2M
 Heap Min Capacity: 8M
 Heap Initial Capacity: 252M
 Heap Max Capacity: 4026M
 Pre-touch: Disabled
 Parallel Workers: 8
 Concurrent Workers: 2
 Concurrent Refinement Workers: 8
 Periodic GC: Disabled

Heap:
 garbage-first heap   total 258048K, used 17066K [0x0000000704600000, 0x0000000800000000)
  region size 2048K, 11 young (22528K), 2 survivors (4096K)
 Metaspace       used 11037K, committed 11264K, reserved 1114112K
  class space    used 1230K, committed 1344K, reserved 1048576K

Heap Regions: E=young(eden), S=young(survivor), O=old, HS=humongous(starts), HC=humongous(continues), CS=collection set, F=free, TAMS=top-at-mark-start, PB=parsable bottom
|   0|0x0000000704600000, 0x0000000704600000, 0x0000000704800000|  0%| F|  |TAMS 0x0000000704600000| PB 0x0000000704600000| Untracked 
|   1|0x0000000704800000, 0x0000000704800000, 0x0000000704a00000|  0%| F|  |TAMS 0x0000000704800000| PB 0x0000000704800000| Untracked 
|   2|0x0000000704a00000, 0x0000000704a00000, 0x0000000704c00000|  0%| F|  |TAMS 0x0000000704a00000| PB 0x0000000704a00000| Untracked 
|   3|0x0000000704c00000, 0x0000000704c00000, 0x0000000704e00000|  0%| F|  |TAMS 0x0000000704c00000| PB 0x0000000704c00000| Untracked 
|   4|0x0000000704e00000, 0x0000000704e00000, 0x0000000705000000|  0%| F|  |TAMS 0x0000000704e00000| PB 0x0000000704e00000| Untracked 
|   5|0x0000000705000000, 0x0000000705000000, 0x0000000705200000|  0%| F|  |TAMS 0x0000000705000000| PB 0x0000000705000000| Untracked 
|   6|0x0000000705200000, 0x0000000705200000, 0x0000000705400000|  0%| F|  |TAMS 0x0000000705200000| PB 0x0000000705200000| Untracked 
|   7|0x0000000705400000, 0x0000000705400000, 0x0000000705600000|  0%| F|  |TAMS 0x0000000705400000| PB 0x0000000705400000| Untracked 
|   8|0x0000000705600000, 0x0000000705600000, 0x0000000705800000|  0%| F|  |TAMS 0x0000000705600000| PB 0x0000000705600000| Untracked 
|   9|0x0000000705800000, 0x0000000705800000, 0x0000000705a00000|  0%| F|  |TAMS 0x0000000705800000| PB 0x0000000705800000| Untracked 
|  10|0x0000000705a00000, 0x0000000705a00000, 0x0000000705c00000|  0%| F|  |TAMS 0x0000000705a00000| PB 0x0000000705a00000| Untracked 
|  11|0x0000000705c00000, 0x0000000705c00000, 0x0000000705e00000|  0%| F|  |TAMS 0x0000000705c00000| PB 0x0000000705c00000| Untracked 
|  12|0x0000000705e00000, 0x0000000705e00000, 0x0000000706000000|  0%| F|  |TAMS 0x0000000705e00000| PB 0x0000000705e00000| Untracked 
|  13|0x0000000706000000, 0x0000000706000000, 0x0000000706200000|  0%| F|  |TAMS 0x0000000706000000| PB 0x0000000706000000| Untracked 
|  14|0x0000000706200000, 0x0000000706200000, 0x0000000706400000|  0%| F|  |TAMS 0x0000000706200000| PB 0x0000000706200000| Untracked 
|  15|0x0000000706400000, 0x0000000706400000, 0x0000000706600000|  0%| F|  |TAMS 0x0000000706400000| PB 0x0000000706400000| Untracked 
|  16|0x0000000706600000, 0x0000000706600000, 0x0000000706800000|  0%| F|  |TAMS 0x0000000706600000| PB 0x0000000706600000| Untracked 
|  17|0x0000000706800000, 0x0000000706800000, 0x0000000706a00000|  0%| F|  |TAMS 0x0000000706800000| PB 0x0000000706800000| Untracked 
|  18|0x0000000706a00000, 0x0000000706a00000, 0x0000000706c00000|  0%| F|  |TAMS 0x0000000706a00000| PB 0x0000000706a00000| Untracked 
|  19|0x0000000706c00000, 0x0000000706c00000, 0x0000000706e00000|  0%| F|  |TAMS 0x0000000706c00000| PB 0x0000000706c00000| Untracked 
|  20|0x0000000706e00000, 0x0000000706e00000, 0x0000000707000000|  0%| F|  |TAMS 0x0000000706e00000| PB 0x0000000706e00000| Untracked 
|  21|0x0000000707000000, 0x0000000707000000, 0x0000000707200000|  0%| F|  |TAMS 0x0000000707000000| PB 0x0000000707000000| Untracked 
|  22|0x0000000707200000, 0x0000000707200000, 0x0000000707400000|  0%| F|  |TAMS 0x0000000707200000| PB 0x0000000707200000| Untracked 
|  23|0x0000000707400000, 0x0000000707400000, 0x0000000707600000|  0%| F|  |TAMS 0x0000000707400000| PB 0x0000000707400000| Untracked 
|  24|0x0000000707600000, 0x0000000707600000, 0x0000000707800000|  0%| F|  |TAMS 0x0000000707600000| PB 0x0000000707600000| Untracked 
|  25|0x0000000707800000, 0x0000000707800000, 0x0000000707a00000|  0%| F|  |TAMS 0x0000000707800000| PB 0x0000000707800000| Untracked 
|  26|0x0000000707a00000, 0x0000000707a00000, 0x0000000707c00000|  0%| F|  |TAMS 0x0000000707a00000| PB 0x0000000707a00000| Untracked 
|  27|0x0000000707c00000, 0x0000000707c00000, 0x0000000707e00000|  0%| F|  |TAMS 0x0000000707c00000| PB 0x0000000707c00000| Untracked 
|  28|0x0000000707e00000, 0x0000000707e00000, 0x0000000708000000|  0%| F|  |TAMS 0x0000000707e00000| PB 0x0000000707e00000| Untracked 
|  29|0x0000000708000000, 0x0000000708000000, 0x0000000708200000|  0%| F|  |TAMS 0x0000000708000000| PB 0x0000000708000000| Untracked 
|  30|0x0000000708200000, 0x0000000708200000, 0x0000000708400000|  0%| F|  |TAMS 0x0000000708200000| PB 0x0000000708200000| Untracked 
|  31|0x0000000708400000, 0x0000000708400000, 0x0000000708600000|  0%| F|  |TAMS 0x0000000708400000| PB 0x0000000708400000| Untracked 
|  32|0x0000000708600000, 0x0000000708600000, 0x0000000708800000|  0%| F|  |TAMS 0x0000000708600000| PB 0x0000000708600000| Untracked 
|  33|0x0000000708800000, 0x0000000708800000, 0x0000000708a00000|  0%| F|  |TAMS 0x0000000708800000| PB 0x0000000708800000| Untracked 
|  34|0x0000000708a00000, 0x0000000708a00000, 0x0000000708c00000|  0%| F|  |TAMS 0x0000000708a00000| PB 0x0000000708a00000| Untracked 
|  35|0x0000000708c00000, 0x0000000708c00000, 0x0000000708e00000|  0%| F|  |TAMS 0x0000000708c00000| PB 0x0000000708c00000| Untracked 
|  36|0x0000000708e00000, 0x0000000708e00000, 0x0000000709000000|  0%| F|  |TAMS 0x0000000708e00000| PB 0x0000000708e00000| Untracked 
|  37|0x0000000709000000, 0x0000000709000000, 0x0000000709200000|  0%| F|  |TAMS 0x0000000709000000| PB 0x0000000709000000| Untracked 
|  38|0x0000000709200000, 0x0000000709200000, 0x0000000709400000|  0%| F|  |TAMS 0x0000000709200000| PB 0x0000000709200000| Untracked 
|  39|0x0000000709400000, 0x0000000709400000, 0x0000000709600000|  0%| F|  |TAMS 0x0000000709400000| PB 0x0000000709400000| Untracked 
|  40|0x0000000709600000, 0x0000000709600000, 0x0000000709800000|  0%| F|  |TAMS 0x0000000709600000| PB 0x0000000709600000| Untracked 
|  41|0x0000000709800000, 0x0000000709800000, 0x0000000709a00000|  0%| F|  |TAMS 0x0000000709800000| PB 0x0000000709800000| Untracked 
|  42|0x0000000709a00000, 0x0000000709a00000, 0x0000000709c00000|  0%| F|  |TAMS 0x0000000709a00000| PB 0x0000000709a00000| Untracked 
|  43|0x0000000709c00000, 0x0000000709c00000, 0x0000000709e00000|  0%| F|  |TAMS 0x0000000709c00000| PB 0x0000000709c00000| Untracked 
|  44|0x0000000709e00000, 0x0000000709e00000, 0x000000070a000000|  0%| F|  |TAMS 0x0000000709e00000| PB 0x0000000709e00000| Untracked 
|  45|0x000000070a000000, 0x000000070a000000, 0x000000070a200000|  0%| F|  |TAMS 0x000000070a000000| PB 0x000000070a000000| Untracked 
|  46|0x000000070a200000, 0x000000070a200000, 0x000000070a400000|  0%| F|  |TAMS 0x000000070a200000| PB 0x000000070a200000| Untracked 
|  47|0x000000070a400000, 0x000000070a400000, 0x000000070a600000|  0%| F|  |TAMS 0x000000070a400000| PB 0x000000070a400000| Untracked 
|  48|0x000000070a600000, 0x000000070a600000, 0x000000070a800000|  0%| F|  |TAMS 0x000000070a600000| PB 0x000000070a600000| Untracked 
|  49|0x000000070a800000, 0x000000070a800000, 0x000000070aa00000|  0%| F|  |TAMS 0x000000070a800000| PB 0x000000070a800000| Untracked 
|  50|0x000000070aa00000, 0x000000070aa00000, 0x000000070ac00000|  0%| F|  |TAMS 0x000000070aa00000| PB 0x000000070aa00000| Untracked 
|  51|0x000000070ac00000, 0x000000070ac00000, 0x000000070ae00000|  0%| F|  |TAMS 0x000000070ac00000| PB 0x000000070ac00000| Untracked 
|  52|0x000000070ae00000, 0x000000070ae00000, 0x000000070b000000|  0%| F|  |TAMS 0x000000070ae00000| PB 0x000000070ae00000| Untracked 
|  53|0x000000070b000000, 0x000000070b000000, 0x000000070b200000|  0%| F|  |TAMS 0x000000070b000000| PB 0x000000070b000000| Untracked 
|  54|0x000000070b200000, 0x000000070b200000, 0x000000070b400000|  0%| F|  |TAMS 0x000000070b200000| PB 0x000000070b200000| Untracked 
|  55|0x000000070b400000, 0x000000070b400000, 0x000000070b600000|  0%| F|  |TAMS 0x000000070b400000| PB 0x000000070b400000| Untracked 
|  56|0x000000070b600000, 0x000000070b600000, 0x000000070b800000|  0%| F|  |TAMS 0x000000070b600000| PB 0x000000070b600000| Untracked 
|  57|0x000000070b800000, 0x000000070b800000, 0x000000070ba00000|  0%| F|  |TAMS 0x000000070b800000| PB 0x000000070b800000| Untracked 
|  58|0x000000070ba00000, 0x000000070ba00000, 0x000000070bc00000|  0%| F|  |TAMS 0x000000070ba00000| PB 0x000000070ba00000| Untracked 
|  59|0x000000070bc00000, 0x000000070bc00000, 0x000000070be00000|  0%| F|  |TAMS 0x000000070bc00000| PB 0x000000070bc00000| Untracked 
|  60|0x000000070be00000, 0x000000070be00000, 0x000000070c000000|  0%| F|  |TAMS 0x000000070be00000| PB 0x000000070be00000| Untracked 
|  61|0x000000070c000000, 0x000000070c000000, 0x000000070c200000|  0%| F|  |TAMS 0x000000070c000000| PB 0x000000070c000000| Untracked 
|  62|0x000000070c200000, 0x000000070c200000, 0x000000070c400000|  0%| F|  |TAMS 0x000000070c200000| PB 0x000000070c200000| Untracked 
|  63|0x000000070c400000, 0x000000070c400000, 0x000000070c600000|  0%| F|  |TAMS 0x000000070c400000| PB 0x000000070c400000| Untracked 
|  64|0x000000070c600000, 0x000000070c600000, 0x000000070c800000|  0%| F|  |TAMS 0x000000070c600000| PB 0x000000070c600000| Untracked 
|  65|0x000000070c800000, 0x000000070c800000, 0x000000070ca00000|  0%| F|  |TAMS 0x000000070c800000| PB 0x000000070c800000| Untracked 
|  66|0x000000070ca00000, 0x000000070ca00000, 0x000000070cc00000|  0%| F|  |TAMS 0x000000070ca00000| PB 0x000000070ca00000| Untracked 
|  67|0x000000070cc00000, 0x000000070cc00000, 0x000000070ce00000|  0%| F|  |TAMS 0x000000070cc00000| PB 0x000000070cc00000| Untracked 
|  68|0x000000070ce00000, 0x000000070ce00000, 0x000000070d000000|  0%| F|  |TAMS 0x000000070ce00000| PB 0x000000070ce00000| Untracked 
|  69|0x000000070d000000, 0x000000070d000000, 0x000000070d200000|  0%| F|  |TAMS 0x000000070d000000| PB 0x000000070d000000| Untracked 
|  70|0x000000070d200000, 0x000000070d200000, 0x000000070d400000|  0%| F|  |TAMS 0x000000070d200000| PB 0x000000070d200000| Untracked 
|  71|0x000000070d400000, 0x000000070d400000, 0x000000070d600000|  0%| F|  |TAMS 0x000000070d400000| PB 0x000000070d400000| Untracked 
|  72|0x000000070d600000, 0x000000070d600000, 0x000000070d800000|  0%| F|  |TAMS 0x000000070d600000| PB 0x000000070d600000| Untracked 
|  73|0x000000070d800000, 0x000000070d800000, 0x000000070da00000|  0%| F|  |TAMS 0x000000070d800000| PB 0x000000070d800000| Untracked 
|  74|0x000000070da00000, 0x000000070da00000, 0x000000070dc00000|  0%| F|  |TAMS 0x000000070da00000| PB 0x000000070da00000| Untracked 
|  75|0x000000070dc00000, 0x000000070dc00000, 0x000000070de00000|  0%| F|  |TAMS 0x000000070dc00000| PB 0x000000070dc00000| Untracked 
|  76|0x000000070de00000, 0x000000070de00000, 0x000000070e000000|  0%| F|  |TAMS 0x000000070de00000| PB 0x000000070de00000| Untracked 
|  77|0x000000070e000000, 0x000000070e000000, 0x000000070e200000|  0%| F|  |TAMS 0x000000070e000000| PB 0x000000070e000000| Untracked 
|  78|0x000000070e200000, 0x000000070e200000, 0x000000070e400000|  0%| F|  |TAMS 0x000000070e200000| PB 0x000000070e200000| Untracked 
|  79|0x000000070e400000, 0x000000070e400000, 0x000000070e600000|  0%| F|  |TAMS 0x000000070e400000| PB 0x000000070e400000| Untracked 
|  80|0x000000070e600000, 0x000000070e600000, 0x000000070e800000|  0%| F|  |TAMS 0x000000070e600000| PB 0x000000070e600000| Untracked 
|  81|0x000000070e800000, 0x000000070e800000, 0x000000070ea00000|  0%| F|  |TAMS 0x000000070e800000| PB 0x000000070e800000| Untracked 
|  82|0x000000070ea00000, 0x000000070ea00000, 0x000000070ec00000|  0%| F|  |TAMS 0x000000070ea00000| PB 0x000000070ea00000| Untracked 
|  83|0x000000070ec00000, 0x000000070ec00000, 0x000000070ee00000|  0%| F|  |TAMS 0x000000070ec00000| PB 0x000000070ec00000| Untracked 
|  84|0x000000070ee00000, 0x000000070ee00000, 0x000000070f000000|  0%| F|  |TAMS 0x000000070ee00000| PB 0x000000070ee00000| Untracked 
|  85|0x000000070f000000, 0x000000070f000000, 0x000000070f200000|  0%| F|  |TAMS 0x000000070f000000| PB 0x000000070f000000| Untracked 
|  86|0x000000070f200000, 0x000000070f200000, 0x000000070f400000|  0%| F|  |TAMS 0x000000070f200000| PB 0x000000070f200000| Untracked 
|  87|0x000000070f400000, 0x000000070f400000, 0x000000070f600000|  0%| F|  |TAMS 0x000000070f400000| PB 0x000000070f400000| Untracked 
|  88|0x000000070f600000, 0x000000070f600000, 0x000000070f800000|  0%| F|  |TAMS 0x000000070f600000| PB 0x000000070f600000| Untracked 
|  89|0x000000070f800000, 0x000000070f800000, 0x000000070fa00000|  0%| F|  |TAMS 0x000000070f800000| PB 0x000000070f800000| Untracked 
|  90|0x000000070fa00000, 0x000000070fa00000, 0x000000070fc00000|  0%| F|  |TAMS 0x000000070fa00000| PB 0x000000070fa00000| Untracked 
|  91|0x000000070fc00000, 0x000000070fc00000, 0x000000070fe00000|  0%| F|  |TAMS 0x000000070fc00000| PB 0x000000070fc00000| Untracked 
|  92|0x000000070fe00000, 0x000000070fe00000, 0x0000000710000000|  0%| F|  |TAMS 0x000000070fe00000| PB 0x000000070fe00000| Untracked 
|  93|0x0000000710000000, 0x0000000710000000, 0x0000000710200000|  0%| F|  |TAMS 0x0000000710000000| PB 0x0000000710000000| Untracked 
|  94|0x0000000710200000, 0x0000000710200000, 0x0000000710400000|  0%| F|  |TAMS 0x0000000710200000| PB 0x0000000710200000| Untracked 
|  95|0x0000000710400000, 0x0000000710400000, 0x0000000710600000|  0%| F|  |TAMS 0x0000000710400000| PB 0x0000000710400000| Untracked 
|  96|0x0000000710600000, 0x0000000710600000, 0x0000000710800000|  0%| F|  |TAMS 0x0000000710600000| PB 0x0000000710600000| Untracked 
|  97|0x0000000710800000, 0x0000000710800000, 0x0000000710a00000|  0%| F|  |TAMS 0x0000000710800000| PB 0x0000000710800000| Untracked 
|  98|0x0000000710a00000, 0x0000000710a00000, 0x0000000710c00000|  0%| F|  |TAMS 0x0000000710a00000| PB 0x0000000710a00000| Untracked 
|  99|0x0000000710c00000, 0x0000000710c00000, 0x0000000710e00000|  0%| F|  |TAMS 0x0000000710c00000| PB 0x0000000710c00000| Untracked 
| 100|0x0000000710e00000, 0x0000000710e00000, 0x0000000711000000|  0%| F|  |TAMS 0x0000000710e00000| PB 0x0000000710e00000| Untracked 
| 101|0x0000000711000000, 0x0000000711000000, 0x0000000711200000|  0%| F|  |TAMS 0x0000000711000000| PB 0x0000000711000000| Untracked 
| 102|0x0000000711200000, 0x0000000711200000, 0x0000000711400000|  0%| F|  |TAMS 0x0000000711200000| PB 0x0000000711200000| Untracked 
| 103|0x0000000711400000, 0x0000000711400000, 0x0000000711600000|  0%| F|  |TAMS 0x0000000711400000| PB 0x0000000711400000| Untracked 
| 104|0x0000000711600000, 0x0000000711600000, 0x0000000711800000|  0%| F|  |TAMS 0x0000000711600000| PB 0x0000000711600000| Untracked 
| 105|0x0000000711800000, 0x0000000711800000, 0x0000000711a00000|  0%| F|  |TAMS 0x0000000711800000| PB 0x0000000711800000| Untracked 
| 106|0x0000000711a00000, 0x0000000711a00000, 0x0000000711c00000|  0%| F|  |TAMS 0x0000000711a00000| PB 0x0000000711a00000| Untracked 
| 107|0x0000000711c00000, 0x0000000711c00000, 0x0000000711e00000|  0%| F|  |TAMS 0x0000000711c00000| PB 0x0000000711c00000| Untracked 
| 108|0x0000000711e00000, 0x0000000711e00000, 0x0000000712000000|  0%| F|  |TAMS 0x0000000711e00000| PB 0x0000000711e00000| Untracked 
| 109|0x0000000712000000, 0x0000000712000000, 0x0000000712200000|  0%| F|  |TAMS 0x0000000712000000| PB 0x0000000712000000| Untracked 
| 110|0x0000000712200000, 0x0000000712200000, 0x0000000712400000|  0%| F|  |TAMS 0x0000000712200000| PB 0x0000000712200000| Untracked 
| 111|0x0000000712400000, 0x0000000712400000, 0x0000000712600000|  0%| F|  |TAMS 0x0000000712400000| PB 0x0000000712400000| Untracked 
| 112|0x0000000712600000, 0x0000000712600000, 0x0000000712800000|  0%| F|  |TAMS 0x0000000712600000| PB 0x0000000712600000| Untracked 
| 113|0x0000000712800000, 0x00000007128aaa80, 0x0000000712a00000| 33%| S|CS|TAMS 0x0000000712800000| PB 0x0000000712800000| Complete 
| 114|0x0000000712a00000, 0x0000000712c00000, 0x0000000712c00000|100%| S|CS|TAMS 0x0000000712a00000| PB 0x0000000712a00000| Complete 
| 115|0x0000000712c00000, 0x0000000712c00000, 0x0000000712e00000|  0%| F|  |TAMS 0x0000000712c00000| PB 0x0000000712c00000| Untracked 
| 116|0x0000000712e00000, 0x0000000712e00000, 0x0000000713000000|  0%| F|  |TAMS 0x0000000712e00000| PB 0x0000000712e00000| Untracked 
| 117|0x0000000713000000, 0x00000007130613b8, 0x0000000713200000| 18%| E|  |TAMS 0x0000000713000000| PB 0x0000000713000000| Complete 
| 118|0x0000000713200000, 0x0000000713400000, 0x0000000713400000|100%| E|CS|TAMS 0x0000000713200000| PB 0x0000000713200000| Complete 
| 119|0x0000000713400000, 0x0000000713600000, 0x0000000713600000|100%| E|CS|TAMS 0x0000000713400000| PB 0x0000000713400000| Complete 
| 120|0x0000000713600000, 0x0000000713800000, 0x0000000713800000|100%| E|CS|TAMS 0x0000000713600000| PB 0x0000000713600000| Complete 
| 121|0x0000000713800000, 0x0000000713a00000, 0x0000000713a00000|100%| E|  |TAMS 0x0000000713800000| PB 0x0000000713800000| Complete 
| 122|0x0000000713a00000, 0x0000000713c00000, 0x0000000713c00000|100%| E|CS|TAMS 0x0000000713a00000| PB 0x0000000713a00000| Complete 
| 123|0x0000000713c00000, 0x0000000713e00000, 0x0000000713e00000|100%| E|CS|TAMS 0x0000000713c00000| PB 0x0000000713c00000| Complete 
| 124|0x0000000713e00000, 0x0000000714000000, 0x0000000714000000|100%| E|CS|TAMS 0x0000000713e00000| PB 0x0000000713e00000| Complete 
| 125|0x0000000714000000, 0x0000000714200000, 0x0000000714200000|100%| E|CS|TAMS 0x0000000714000000| PB 0x0000000714000000| Complete 

Card table byte_map: [0x000001a5d35f0000,0x000001a5d3dd0000] _byte_map_base: 0x000001a5cfdcd000

Marking Bits: (CMBitMap*) 0x000001a5bb707150
 Bits: [0x000001a5d3dd0000, 0x000001a5d7cb8000)

Polling page: 0x000001a5b9570000

Metaspace:

Usage:
  Non-class:      9.58 MB used.
      Class:      1.20 MB used.
       Both:     10.78 MB used.

Virtual space:
  Non-class space:       64.00 MB reserved,       9.69 MB ( 15%) committed,  1 nodes.
      Class space:        1.00 GB reserved,       1.31 MB ( <1%) committed,  1 nodes.
             Both:        1.06 GB reserved,      11.00 MB (  1%) committed. 

Chunk freelists:
   Non-Class:  6.03 MB
       Class:  14.56 MB
        Both:  20.60 MB

MaxMetaspaceSize: unlimited
CompressedClassSpaceSize: 1.00 GB
Initial GC threshold: 21.00 MB
Current GC threshold: 21.00 MB
CDS: on
 - commit_granule_bytes: 65536.
 - commit_granule_words: 8192.
 - virtual_space_node_default_size: 8388608.
 - enlarge_chunks_in_place: 1.
 - use_allocation_guard: 0.


Internal statistics:

num_allocs_failed_limit: 0.
num_arena_births: 188.
num_arena_deaths: 0.
num_vsnodes_births: 2.
num_vsnodes_deaths: 0.
num_space_committed: 176.
num_space_uncommitted: 0.
num_chunks_returned_to_freelist: 0.
num_chunks_taken_from_freelist: 423.
num_chunk_merges: 0.
num_chunk_splits: 291.
num_chunks_enlarged: 207.
num_inconsistent_stats: 0.

CodeHeap 'non-profiled nmethods': size=120000Kb used=548Kb max_used=548Kb free=119451Kb
 bounds [0x000001a5cb5a0000, 0x000001a5cb810000, 0x000001a5d2ad0000]
CodeHeap 'profiled nmethods': size=120000Kb used=2520Kb max_used=2520Kb free=117479Kb
 bounds [0x000001a5c3ad0000, 0x000001a5c3d50000, 0x000001a5cb000000]
CodeHeap 'non-nmethods': size=5760Kb used=1547Kb max_used=1551Kb free=4213Kb
 bounds [0x000001a5cb000000, 0x000001a5cb270000, 0x000001a5cb5a0000]
 total_blobs=2096 nmethods=1485 adapters=516
 compilation: enabled
              stopped_count=0, restarted_count=0
 full_count=0

Compilation events (20 events):
Event: 8.761 Thread 0x000001a5da765b70 1473       3       java.security.Provider$UString::hashCode (8 bytes)
Event: 8.761 Thread 0x000001a5da765b70 nmethod 1473 0x000001a5c3d3e510 code [0x000001a5c3d3e6c0, 0x000001a5c3d3e808]
Event: 8.766 Thread 0x000001a5da765b70 1475       3       jdk.internal.misc.Unsafe::storeFence (5 bytes)
Event: 8.767 Thread 0x000001a5da765b70 nmethod 1475 0x000001a5c3d3e910 code [0x000001a5c3d3eaa0, 0x000001a5c3d3ebc0]
Event: 8.767 Thread 0x000001a5da765b70 1476       1       java.security.Provider::getName (5 bytes)
Event: 8.767 Thread 0x000001a5da765b70 nmethod 1476 0x000001a5cb628990 code [0x000001a5cb628b20, 0x000001a5cb628bf0]
Event: 8.768 Thread 0x000001a5da765b70 1477       3       java.math.BigInteger::trustedStripLeadingZeroInts (37 bytes)
Event: 8.769 Thread 0x000001a5da765b70 nmethod 1477 0x000001a5c3d3ec90 code [0x000001a5c3d3ef60, 0x000001a5c3d3fcc0]
Event: 8.770 Thread 0x000001a5da765b70 1478       1       java.lang.reflect.Constructor::getDeclaringClass (5 bytes)
Event: 8.770 Thread 0x000001a5da765b70 nmethod 1478 0x000001a5cb628c90 code [0x000001a5cb628e20, 0x000001a5cb628ef0]
Event: 8.774 Thread 0x000001a5da765b70 1479       3       sun.net.util.URLUtil::urlNoFragString (143 bytes)
Event: 8.776 Thread 0x000001a5da765b70 nmethod 1479 0x000001a5c3d40110 code [0x000001a5c3d40440, 0x000001a5c3d41410]
Event: 8.776 Thread 0x000001a5da765b70 1480       3       java.net.URL::getDefaultPort (8 bytes)
Event: 8.777 Thread 0x000001a5da765b70 nmethod 1480 0x000001a5c3d41990 code [0x000001a5c3d41b40, 0x000001a5c3d41d20]
Event: 8.777 Thread 0x000001a5da765b70 1481       3       java.lang.invoke.MethodHandles$Lookup::makeHiddenClassDefiner (20 bytes)
Event: 8.777 Thread 0x000001a5da765b70 nmethod 1481 0x000001a5c3d41e10 code [0x000001a5c3d41fe0, 0x000001a5c3d422f0]
Event: 8.777 Thread 0x000001a5da765b70 1482       1       java.lang.invoke.MethodHandleImpl$IntrinsicMethodHandle::getTarget (5 bytes)
Event: 8.777 Thread 0x000001a5da765b70 nmethod 1482 0x000001a5cb628f90 code [0x000001a5cb629120, 0x000001a5cb6291f0]
Event: 8.778 Thread 0x000001a5da765b70 1483       3       jdk.internal.jimage.ImageLocation::getAttribute (44 bytes)
Event: 8.778 Thread 0x000001a5da765b70 nmethod 1483 0x000001a5c3d42490 code [0x000001a5c3d426c0, 0x000001a5c3d42cf0]

GC Heap History (2 events):
Event: 1.129 GC heap before
{Heap before GC invocations=0 (full 0):
 garbage-first heap   total 258048K, used 20480K [0x0000000704600000, 0x0000000800000000)
  region size 2048K, 11 young (22528K), 0 survivors (0K)
 Metaspace       used 4395K, committed 4608K, reserved 1114112K
  class space    used 469K, committed 576K, reserved 1048576K
}
Event: 1.135 GC heap after
{Heap after GC invocations=1 (full 0):
 garbage-first heap   total 258048K, used 2730K [0x0000000704600000, 0x0000000800000000)
  region size 2048K, 2 young (4096K), 2 survivors (4096K)
 Metaspace       used 4395K, committed 4608K, reserved 1114112K
  class space    used 469K, committed 576K, reserved 1048576K
}

Dll operation events (20 events):
Event: 0.747 Loaded shared library C:\Users\prabh\.openjfx\cache\21+31\amd64\api-ms-win-crt-locale-l1-1-0.dll
Event: 0.751 Loaded shared library C:\Users\prabh\.openjfx\cache\21+31\amd64\api-ms-win-crt-math-l1-1-0.dll
Event: 0.754 Loaded shared library C:\Users\prabh\.openjfx\cache\21+31\amd64\api-ms-win-crt-multibyte-l1-1-0.dll
Event: 0.759 Loaded shared library C:\Users\prabh\.openjfx\cache\21+31\amd64\api-ms-win-crt-private-l1-1-0.dll
Event: 0.762 Loaded shared library C:\Users\prabh\.openjfx\cache\21+31\amd64\api-ms-win-crt-process-l1-1-0.dll
Event: 0.765 Loaded shared library C:\Users\prabh\.openjfx\cache\21+31\amd64\api-ms-win-crt-runtime-l1-1-0.dll
Event: 0.770 Loaded shared library C:\Users\prabh\.openjfx\cache\21+31\amd64\api-ms-win-crt-stdio-l1-1-0.dll
Event: 0.774 Loaded shared library C:\Users\prabh\.openjfx\cache\21+31\amd64\api-ms-win-crt-string-l1-1-0.dll
Event: 0.778 Loaded shared library C:\Users\prabh\.openjfx\cache\21+31\amd64\api-ms-win-crt-time-l1-1-0.dll
Event: 0.783 Loaded shared library C:\Users\prabh\.openjfx\cache\21+31\amd64\api-ms-win-crt-utility-l1-1-0.dll
Event: 0.806 Loaded shared library C:\Users\prabh\.openjfx\cache\21+31\amd64\ucrtbase.dll
Event: 0.812 Loaded shared library C:\Users\prabh\.openjfx\cache\21+31\amd64\vcruntime140.dll
Event: 0.817 Loaded shared library C:\Users\prabh\.openjfx\cache\21+31\amd64\vcruntime140_1.dll
Event: 0.831 Loaded shared library C:\Users\prabh\.openjfx\cache\21+31\amd64\msvcp140.dll
Event: 0.837 Loaded shared library C:\Users\prabh\.openjfx\cache\21+31\amd64\msvcp140_1.dll
Event: 0.846 Loaded shared library C:\Users\prabh\.openjfx\cache\21+31\amd64\msvcp140_2.dll
Event: 0.925 Loaded shared library C:\Users\prabh\.openjfx\cache\21+31\amd64\prism_d3d.dll
Event: 0.993 Loaded shared library C:\Users\prabh\.openjfx\cache\21+31\amd64\glass.dll
Event: 1.169 Loaded shared library C:\Program Files\Java\jdk-21.0.2\bin\jimage.dll
Event: 8.758 Loaded shared library C:\Program Files\Java\jdk-21.0.2\bin\sunmscapi.dll

Deoptimization events (20 events):
Event: 8.656 Thread 0x000001a5da408310 Uncommon trap: trap_request=0xffffffc6 fr.pc=0x000001a5cb610294 relative=0x0000000000000334
Event: 8.656 Thread 0x000001a5da408310 Uncommon trap: reason=bimorphic_or_optimized_type_check action=maybe_recompile pc=0x000001a5cb610294 method=java.util.concurrent.ConcurrentHashMap.get(Ljava/lang/Object;)Ljava/lang/Object; @ 149 c2
Event: 8.656 Thread 0x000001a5da408310 DEOPT PACKING pc=0x000001a5cb610294 sp=0x00000068032fa5f0
Event: 8.656 Thread 0x000001a5da408310 DEOPT UNPACKING pc=0x000001a5cb0546a2 sp=0x00000068032fa570 mode 2
Event: 8.656 Thread 0x000001a5da408310 Uncommon trap: trap_request=0xffffffc6 fr.pc=0x000001a5cb610294 relative=0x0000000000000334
Event: 8.656 Thread 0x000001a5da408310 Uncommon trap: reason=bimorphic_or_optimized_type_check action=maybe_recompile pc=0x000001a5cb610294 method=java.util.concurrent.ConcurrentHashMap.get(Ljava/lang/Object;)Ljava/lang/Object; @ 149 c2
Event: 8.656 Thread 0x000001a5da408310 DEOPT PACKING pc=0x000001a5cb610294 sp=0x00000068032fa660
Event: 8.656 Thread 0x000001a5da408310 DEOPT UNPACKING pc=0x000001a5cb0546a2 sp=0x00000068032fa5e0 mode 2
Event: 8.675 Thread 0x000001a5da408310 Uncommon trap: trap_request=0xffffffc6 fr.pc=0x000001a5cb610294 relative=0x0000000000000334
Event: 8.675 Thread 0x000001a5da408310 Uncommon trap: reason=bimorphic_or_optimized_type_check action=maybe_recompile pc=0x000001a5cb610294 method=java.util.concurrent.ConcurrentHashMap.get(Ljava/lang/Object;)Ljava/lang/Object; @ 149 c2
Event: 8.675 Thread 0x000001a5da408310 DEOPT PACKING pc=0x000001a5cb610294 sp=0x00000068032fb2d0
Event: 8.675 Thread 0x000001a5da408310 DEOPT UNPACKING pc=0x000001a5cb0546a2 sp=0x00000068032fb240 mode 2
Event: 8.677 Thread 0x000001a5da408310 Uncommon trap: trap_request=0xffffffc6 fr.pc=0x000001a5cb610294 relative=0x0000000000000334
Event: 8.677 Thread 0x000001a5da408310 Uncommon trap: reason=bimorphic_or_optimized_type_check action=maybe_recompile pc=0x000001a5cb610294 method=java.util.concurrent.ConcurrentHashMap.get(Ljava/lang/Object;)Ljava/lang/Object; @ 149 c2
Event: 8.677 Thread 0x000001a5da408310 DEOPT PACKING pc=0x000001a5cb610294 sp=0x00000068032faf60
Event: 8.677 Thread 0x000001a5da408310 DEOPT UNPACKING pc=0x000001a5cb0546a2 sp=0x00000068032faed0 mode 2
Event: 8.769 Thread 0x000001a5da408310 Uncommon trap: trap_request=0xffffff45 fr.pc=0x000001a5cb5fde58 relative=0x0000000000000418
Event: 8.769 Thread 0x000001a5da408310 Uncommon trap: reason=unstable_if action=reinterpret pc=0x000001a5cb5fde58 method=java.util.HashMap.putVal(ILjava/lang/Object;Ljava/lang/Object;ZZ)Ljava/lang/Object; @ 162 c2
Event: 8.769 Thread 0x000001a5da408310 DEOPT PACKING pc=0x000001a5cb5fde58 sp=0x00000068032fac80
Event: 8.770 Thread 0x000001a5da408310 DEOPT UNPACKING pc=0x000001a5cb0546a2 sp=0x00000068032fac20 mode 2

Classes loaded (20 events):
Event: 8.773 Loading class sun/security/provider/SHA5 done
Event: 8.773 Loading class sun/security/provider/SHA5$SHA384 done
Event: 8.774 Loading class sun/security/provider/SHA5$SHA512
Event: 8.774 Loading class sun/security/provider/SHA5$SHA512 done
Event: 8.775 Loading class java/security/spec/EdDSAParameterSpec
Event: 8.775 Loading class java/security/spec/EdDSAParameterSpec done
Event: 8.777 Loading class sun/security/util/math/IntegerFieldModuloP
Event: 8.777 Loading class sun/security/util/math/IntegerFieldModuloP done
Event: 8.778 Loading class sun/security/util/math/intpoly/IntegerPolynomial25519
Event: 8.778 Loading class sun/security/util/math/intpoly/IntegerPolynomial
Event: 8.778 Loading class sun/security/util/math/intpoly/IntegerPolynomial done
Event: 8.778 Loading class sun/security/util/math/intpoly/IntegerPolynomial25519 done
Event: 8.779 Loading class sun/security/util/math/intpoly/Curve25519OrderField
Event: 8.779 Loading class sun/security/util/math/intpoly/Curve25519OrderField done
Event: 8.779 Loading class sun/security/util/math/intpoly/IntegerPolynomial$ImmutableElement
Event: 8.779 Loading class sun/security/util/math/ImmutableIntegerModuloP
Event: 8.779 Loading class sun/security/util/math/IntegerModuloP
Event: 8.779 Loading class sun/security/util/math/IntegerModuloP done
Event: 8.779 Loading class sun/security/util/math/ImmutableIntegerModuloP done
Event: 8.779 Loading class sun/security/util/math/intpoly/IntegerPolynomial$Element

Classes unloaded (0 events):
No events

Classes redefined (0 events):
No events

Internal exceptions (20 events):
Event: 0.439 Thread 0x000001a5b9294760 Exception <a 'java/lang/NoSuchMethodError'{0x00000007139d95b0}: 'java.lang.Object java.lang.invoke.Invokers$Holder.invokeExact_MT(java.lang.Object, java.lang.Object, java.lang.Object, java.lang.Object, java.lang.Object, java.lang.Object)'> (0x00000007139d95b0) 
thrown [s\open\src\hotspot\share\interpreter\linkResolver.cpp, line 773]
Event: 0.958 Thread 0x000001a5b9294760 Exception <a 'java/lang/NoSuchMethodError'{0x00000007130cfb80}: 'int java.lang.invoke.DirectMethodHandle$Holder.invokeStaticInit(java.lang.Object, java.lang.Object, java.lang.Object)'> (0x00000007130cfb80) 
thrown [s\open\src\hotspot\share\interpreter\linkResolver.cpp, line 773]
Event: 1.000 Thread 0x000001a5b9294760 Exception <a 'java/lang/NoSuchMethodError'{0x0000000712e922e0}: 'java.lang.Object java.lang.invoke.DirectMethodHandle$Holder.newInvokeSpecial(java.lang.Object, java.lang.Object, int, java.lang.Object)'> (0x0000000712e922e0) 
thrown [s\open\src\hotspot\share\interpreter\linkResolver.cpp, line 773]
Event: 1.001 Thread 0x000001a5b9294760 Exception <a 'java/lang/NoSuchMethodError'{0x0000000712e96478}: 'java.lang.Object java.lang.invoke.DirectMethodHandle$Holder.invokeSpecial(java.lang.Object, java.lang.Object, java.lang.Object, int, java.lang.Object)'> (0x0000000712e96478) 
thrown [s\open\src\hotspot\share\interpreter\linkResolver.cpp, line 773]
Event: 1.112 Thread 0x000001a5da408310 Exception <a 'java/lang/NoSuchMethodError'{0x0000000712db10f8}: 'void java.lang.invoke.DirectMethodHandle$Holder.invokeStaticInit(java.lang.Object)'> (0x0000000712db10f8) 
thrown [s\open\src\hotspot\share\interpreter\linkResolver.cpp, line 773]
Event: 1.119 Thread 0x000001a5b9294760 Exception <a 'java/lang/NoSuchMethodError'{0x0000000712ea96f8}: 'java.lang.Object java.lang.invoke.DirectMethodHandle$Holder.newInvokeSpecial(java.lang.Object, java.lang.Object, java.lang.Object, java.lang.Object, java.lang.Object, java.lang.Object)'> (0x0000000712ea96f8) 
thrown [s\open\src\hotspot\share\interpreter\linkResolver.cpp, line 773]
Event: 1.162 Thread 0x000001a5b9294760 Exception <a 'java/lang/NoSuchMethodError'{0x00000007141448a8}: 'java.lang.Object java.lang.invoke.DirectMethodHandle$Holder.newInvokeSpecial(java.lang.Object, java.lang.Object, java.lang.Object, java.lang.Object, java.lang.Object)'> (0x00000007141448a8) 
thrown [s\open\src\hotspot\share\interpreter\linkResolver.cpp, line 773]
Event: 1.230 Thread 0x000001a5da408310 Exception <a 'java/lang/NoSuchMethodError'{0x0000000713f8def8}: 'void java.lang.invoke.DirectMethodHandle$Holder.invokeStatic(java.lang.Object, long)'> (0x0000000713f8def8) 
thrown [s\open\src\hotspot\share\interpreter\linkResolver.cpp, line 773]
Event: 1.231 Thread 0x000001a5da408310 Exception <a 'java/lang/NoSuchMethodError'{0x0000000713f92ac8}: 'java.lang.Object java.lang.invoke.DirectMethodHandle$Holder.newInvokeSpecial(java.lang.Object, long)'> (0x0000000713f92ac8) 
thrown [s\open\src\hotspot\share\interpreter\linkResolver.cpp, line 773]
Event: 1.234 Thread 0x000001a5da408310 Exception <a 'java/lang/NoSuchMethodError'{0x0000000713f99fb8}: 'java.lang.Object java.lang.invoke.DirectMethodHandle$Holder.invokeStatic(java.lang.Object, long, java.lang.Object)'> (0x0000000713f99fb8) 
thrown [s\open\src\hotspot\share\interpreter\linkResolver.cpp, line 773]
Event: 1.235 Thread 0x000001a5da408310 Exception <a 'java/lang/NoSuchMethodError'{0x0000000713f9d740}: 'java.lang.Object java.lang.invoke.DirectMethodHandle$Holder.invokeStaticInit(java.lang.Object, long, java.lang.Object)'> (0x0000000713f9d740) 
thrown [s\open\src\hotspot\share\interpreter\linkResolver.cpp, line 773]
Event: 1.245 Thread 0x000001a5da408310 Exception <a 'sun/nio/fs/WindowsException'{0x0000000713fcbc28}> (0x0000000713fcbc28) 
thrown [s\open\src\hotspot\share\prims\jni.cpp, line 520]
Event: 8.269 Thread 0x000001a5da408310 Exception <a 'sun/nio/fs/WindowsException'{0x0000000713c52a00}> (0x0000000713c52a00) 
thrown [s\open\src\hotspot\share\prims\jni.cpp, line 520]
Event: 8.354 Thread 0x000001a5da408310 Exception <a 'java/lang/NoSuchMethodError'{0x0000000713dd1528}: 'java.lang.Object java.lang.invoke.DirectMethodHandle$Holder.invokeVirtual(java.lang.Object, java.lang.Object, java.lang.Object)'> (0x0000000713dd1528) 
thrown [s\open\src\hotspot\share\interpreter\linkResolver.cpp, line 773]
Event: 8.465 Thread 0x000001a5da408310 Exception <a 'sun/nio/fs/WindowsException'{0x00000007139df7a0}> (0x00000007139df7a0) 
thrown [s\open\src\hotspot\share\prims\jni.cpp, line 520]
Event: 8.571 Thread 0x000001a5da408310 Exception <a 'java/lang/NoSuchMethodError'{0x00000007135604b8}: 'void java.lang.invoke.DirectMethodHandle$Holder.invokeStaticInit(java.lang.Object, java.lang.Object)'> (0x00000007135604b8) 
thrown [s\open\src\hotspot\share\interpreter\linkResolver.cpp, line 773]
Event: 8.633 Thread 0x000001a5da408310 Exception <a 'sun/nio/fs/WindowsException'{0x000000071326e5d8}> (0x000000071326e5d8) 
thrown [s\open\src\hotspot\share\prims\jni.cpp, line 520]
Event: 8.641 Thread 0x000001a5da408310 Exception <a 'sun/nio/fs/WindowsException'{0x000000071327f1d0}> (0x000000071327f1d0) 
thrown [s\open\src\hotspot\share\prims\jni.cpp, line 520]
Event: 8.700 Thread 0x000001a5da408310 Exception <a 'java/lang/NoSuchMethodError'{0x000000071331afd8}: 'java.lang.Object java.lang.invoke.DirectMethodHandle$Holder.invokeStaticInit(java.lang.Object, int, int, int, int)'> (0x000000071331afd8) 
thrown [s\open\src\hotspot\share\interpreter\linkResolver.cpp, line 773]
Event: 8.730 Thread 0x000001a5da408310 Exception <a 'java/lang/NoSuchMethodError'{0x00000007133d92d8}: 'java.lang.Object java.lang.invoke.DirectMethodHandle$Holder.invokeStaticInit(java.lang.Object, java.lang.Object, int, int, int, int)'> (0x00000007133d92d8) 
thrown [s\open\src\hotspot\share\interpreter\linkResolver.cpp, line 773]

ZGC Phase Switch (0 events):
No events

VM Operations (20 events):
Event: 1.129 Executing VM operation: G1CollectForAllocation (G1 Evacuation Pause)
Event: 1.135 Executing VM operation: G1CollectForAllocation (G1 Evacuation Pause) done
Event: 1.239 Executing VM operation: HandshakeAllThreads (Deoptimize)
Event: 1.239 Executing VM operation: HandshakeAllThreads (Deoptimize) done
Event: 2.238 Executing VM operation: Cleanup
Event: 2.238 Executing VM operation: Cleanup done
Event: 8.273 Executing VM operation: HandshakeAllThreads (Deoptimize)
Event: 8.273 Executing VM operation: HandshakeAllThreads (Deoptimize) done
Event: 8.273 Executing VM operation: Cleanup
Event: 8.273 Executing VM operation: Cleanup done
Event: 8.279 Executing VM operation: HandshakeAllThreads (Deoptimize)
Event: 8.279 Executing VM operation: HandshakeAllThreads (Deoptimize) done
Event: 8.341 Executing VM operation: HandshakeAllThreads (Deoptimize)
Event: 8.341 Executing VM operation: HandshakeAllThreads (Deoptimize) done
Event: 8.471 Executing VM operation: HandshakeAllThreads (Deoptimize)
Event: 8.471 Executing VM operation: HandshakeAllThreads (Deoptimize) done
Event: 8.641 Executing VM operation: HandshakeAllThreads (Deoptimize)
Event: 8.642 Executing VM operation: HandshakeAllThreads (Deoptimize) done
Event: 8.677 Executing VM operation: HandshakeAllThreads (Deoptimize)
Event: 8.677 Executing VM operation: HandshakeAllThreads (Deoptimize) done

Events (20 events):
Event: 0.074 Thread 0x000001a5da405940 Thread added: 0x000001a5da405940
Event: 0.074 Thread 0x000001a5da406dc0 Thread added: 0x000001a5da406dc0
Event: 0.074 Thread 0x000001a5da40a3e0 Thread added: 0x000001a5da40a3e0
Event: 0.075 Thread 0x000001a5da4096c0 Thread added: 0x000001a5da4096c0
Event: 0.075 Thread 0x000001a5da7604a0 Thread added: 0x000001a5da7604a0
Event: 0.075 Thread 0x000001a5da765b70 Thread added: 0x000001a5da765b70
Event: 0.137 Thread 0x000001a5da40aa70 Thread added: 0x000001a5da40aa70
Event: 0.221 Thread 0x000001a5da8f6ee0 Thread added: 0x000001a5da8f6ee0
Event: 0.235 Thread 0x000001a5da8f9e90 Thread added: 0x000001a5da8f9e90
Event: 0.415 Thread 0x000001a5da409d50 Thread added: 0x000001a5da409d50
Event: 0.415 Thread 0x000001a5da409030 Thread added: 0x000001a5da409030
Event: 0.903 Thread 0x000001a5da40b100 Thread added: 0x000001a5da40b100
Event: 0.980 Thread 0x000001a5da8f9e90 Thread exited: 0x000001a5da8f9e90
Event: 0.997 Thread 0x000001a5da407c80 Thread added: 0x000001a5da407c80
Event: 1.004 Thread 0x000001a5da408310 Thread added: 0x000001a5da408310
Event: 1.112 Thread 0x000001a5da8f6ee0 Thread exited: 0x000001a5da8f6ee0
Event: 1.138 Thread 0x000001a5da4089a0 Thread added: 0x000001a5da4089a0
Event: 1.163 Thread 0x000001a625e2e090 Thread added: 0x000001a625e2e090
Event: 8.260 Thread 0x000001a625e2edb0 Thread added: 0x000001a625e2edb0
Event: 8.336 Thread 0x000001a625e53c20 Thread added: 0x000001a625e53c20


Dynamic libraries:
0x00007ff6ebc70000 - 0x00007ff6ebc80000 	C:\Program Files\Java\jdk-21.0.2\bin\java.exe
0x00007ff8475f0000 - 0x00007ff847807000 	C:\WINDOWS\SYSTEM32\ntdll.dll
0x00007ff846210000 - 0x00007ff8462d4000 	C:\WINDOWS\System32\KERNEL32.DLL
0x00007ff844a60000 - 0x00007ff844e19000 	C:\WINDOWS\System32\KERNELBASE.dll
0x00007ff8451f0000 - 0x00007ff845301000 	C:\WINDOWS\System32\ucrtbase.dll
0x00007ff83a120000 - 0x00007ff83a139000 	C:\Program Files\Java\jdk-21.0.2\bin\jli.dll
0x00007ff845310000 - 0x00007ff8453c2000 	C:\WINDOWS\System32\ADVAPI32.dll
0x00007ff846070000 - 0x00007ff846117000 	C:\WINDOWS\System32\msvcrt.dll
0x00007ff846970000 - 0x00007ff846a17000 	C:\WINDOWS\System32\sechost.dll
0x00007ff844ee0000 - 0x00007ff844f08000 	C:\WINDOWS\System32\bcrypt.dll
0x00007ff846370000 - 0x00007ff846484000 	C:\WINDOWS\System32\RPCRT4.dll
0x00007ff845a20000 - 0x00007ff845bce000 	C:\WINDOWS\System32\USER32.dll
0x00007ff8450a0000 - 0x00007ff8450c6000 	C:\WINDOWS\System32\win32u.dll
0x00007ff8459d0000 - 0x00007ff8459f9000 	C:\WINDOWS\System32\GDI32.dll
0x00007ff844f80000 - 0x00007ff84509b000 	C:\WINDOWS\System32\gdi32full.dll
0x00007ff8450d0000 - 0x00007ff84516a000 	C:\WINDOWS\System32\msvcp_win.dll
0x00007ff83a0c0000 - 0x00007ff83a0db000 	C:\Program Files\Java\jdk-21.0.2\bin\VCRUNTIME140.dll
0x00007ff825490000 - 0x00007ff825722000 	C:\WINDOWS\WinSxS\amd64_microsoft.windows.common-controls_6595b64144ccf1df_6.0.22621.4391_none_2715d37f73803e96\COMCTL32.dll
0x00007ff837ad0000 - 0x00007ff837ada000 	C:\WINDOWS\SYSTEM32\VERSION.dll
0x00007ff846510000 - 0x00007ff846541000 	C:\WINDOWS\System32\IMM32.DLL
0x00007ff82a920000 - 0x00007ff82aa81000 	C:\Program Files (x86)\Citrix\ICA Client\ctxapclient64.dll
0x00007ff845630000 - 0x00007ff8459bf000 	C:\WINDOWS\System32\combase.dll
0x00007ff843a40000 - 0x00007ff843a74000 	C:\WINDOWS\SYSTEM32\ntmarta.dll
0x000001a5b94d0000 - 0x000001a5b954b000 	C:\WINDOWS\System32\bcryptprimitives.dll
0x00007ff82a820000 - 0x00007ff82a85a000 	C:\Program Files (x86)\Citrix\ICA Client\Receiver\FeatureFlagHelper64.dll
0x00007ff83b0c0000 - 0x00007ff83b0cc000 	C:\Program Files\Java\jdk-21.0.2\bin\vcruntime140_1.dll
0x00007ff813280000 - 0x00007ff81330e000 	C:\Program Files\Java\jdk-21.0.2\bin\msvcp140.dll
0x00007fffd8ee0000 - 0x00007fffd9bf7000 	C:\Program Files\Java\jdk-21.0.2\bin\server\jvm.dll
0x00007ff8462f0000 - 0x00007ff846361000 	C:\WINDOWS\System32\WS2_32.dll
0x00007ff8447c0000 - 0x00007ff84480d000 	C:\WINDOWS\SYSTEM32\POWRPROF.dll
0x00007ff83b530000 - 0x00007ff83b564000 	C:\WINDOWS\SYSTEM32\WINMM.dll
0x00007ff8447a0000 - 0x00007ff8447b3000 	C:\WINDOWS\SYSTEM32\UMPDC.dll
0x00007ff8438d0000 - 0x00007ff8438e8000 	C:\WINDOWS\SYSTEM32\kernel.appcore.dll
0x00007ff83a0b0000 - 0x00007ff83a0ba000 	C:\Program Files\Java\jdk-21.0.2\bin\jimage.dll
0x00007ff83e320000 - 0x00007ff83e552000 	C:\WINDOWS\SYSTEM32\DBGHELP.DLL
0x00007ff8474d0000 - 0x00007ff8475a7000 	C:\WINDOWS\System32\OLEAUT32.dll
0x00007ff838650000 - 0x00007ff838682000 	C:\WINDOWS\SYSTEM32\dbgcore.DLL
0x00007ff83a070000 - 0x00007ff83a07f000 	C:\Program Files\Java\jdk-21.0.2\bin\instrument.dll
0x00007ff8386b0000 - 0x00007ff8386cf000 	C:\Program Files\Java\jdk-21.0.2\bin\java.dll
0x00007ff846c50000 - 0x00007ff8474c6000 	C:\WINDOWS\System32\SHELL32.dll
0x00007ff842830000 - 0x00007ff843133000 	C:\WINDOWS\SYSTEM32\windows.storage.dll
0x00007ff8426f0000 - 0x00007ff84282f000 	C:\WINDOWS\SYSTEM32\wintypes.dll
0x00007ff8466b0000 - 0x00007ff8467a9000 	C:\WINDOWS\System32\SHCORE.dll
0x00007ff846120000 - 0x00007ff84617e000 	C:\WINDOWS\System32\shlwapi.dll
0x00007ff844820000 - 0x00007ff84484b000 	C:\WINDOWS\SYSTEM32\profapi.dll
0x00007ff810870000 - 0x00007ff810947000 	C:\Program Files\Java\jdk-21.0.2\bin\jsvml.dll
0x00007ff836990000 - 0x00007ff8369a0000 	C:\Program Files\Java\jdk-21.0.2\bin\net.dll
0x00007ff839ac0000 - 0x00007ff839bf6000 	C:\WINDOWS\SYSTEM32\WINHTTP.dll
0x00007ff843db0000 - 0x00007ff843e19000 	C:\WINDOWS\system32\mswsock.dll
0x00007ff8359c0000 - 0x00007ff8359d6000 	C:\Program Files\Java\jdk-21.0.2\bin\nio.dll
0x00007ff82f220000 - 0x00007ff82f238000 	C:\Program Files\Java\jdk-21.0.2\bin\zip.dll
0x00007ff82b270000 - 0x00007ff82b28a000 	D:\IntelliJ IDEA 2024.2.4\bin\breakgen64.dll
0x000001a5dab40000 - 0x000001a5dab43000 	C:\Users\prabh\.openjfx\cache\21+31\amd64\api-ms-win-core-console-l1-1-0.dll
0x000001a5dab50000 - 0x000001a5dab53000 	C:\Users\prabh\.openjfx\cache\21+31\amd64\api-ms-win-core-console-l1-2-0.dll
0x000001a5dab60000 - 0x000001a5dab63000 	C:\Users\prabh\.openjfx\cache\21+31\amd64\api-ms-win-core-datetime-l1-1-0.dll
0x000001a5dab70000 - 0x000001a5dab73000 	C:\Users\prabh\.openjfx\cache\21+31\amd64\api-ms-win-core-debug-l1-1-0.dll
0x000001a5dab80000 - 0x000001a5dab83000 	C:\Users\prabh\.openjfx\cache\21+31\amd64\api-ms-win-core-errorhandling-l1-1-0.dll
0x000001a5dab90000 - 0x000001a5dab94000 	C:\Users\prabh\.openjfx\cache\21+31\amd64\api-ms-win-core-file-l1-1-0.dll
0x000001a5daba0000 - 0x000001a5daba3000 	C:\Users\prabh\.openjfx\cache\21+31\amd64\api-ms-win-core-file-l1-2-0.dll
0x000001a5dabb0000 - 0x000001a5dabb3000 	C:\Users\prabh\.openjfx\cache\21+31\amd64\api-ms-win-core-file-l2-1-0.dll
0x000001a5dabc0000 - 0x000001a5dabc3000 	C:\Users\prabh\.openjfx\cache\21+31\amd64\api-ms-win-core-handle-l1-1-0.dll
0x000001a5dabd0000 - 0x000001a5dabd3000 	C:\Users\prabh\.openjfx\cache\21+31\amd64\api-ms-win-core-heap-l1-1-0.dll
0x000001a5dabe0000 - 0x000001a5dabe3000 	C:\Users\prabh\.openjfx\cache\21+31\amd64\api-ms-win-core-interlocked-l1-1-0.dll
0x000001a5dabf0000 - 0x000001a5dabf3000 	C:\Users\prabh\.openjfx\cache\21+31\amd64\api-ms-win-core-libraryloader-l1-1-0.dll
0x000001a5dac00000 - 0x000001a5dac03000 	C:\Users\prabh\.openjfx\cache\21+31\amd64\api-ms-win-core-localization-l1-2-0.dll
0x000001a5dac10000 - 0x000001a5dac13000 	C:\Users\prabh\.openjfx\cache\21+31\amd64\api-ms-win-core-memory-l1-1-0.dll
0x000001a5dac20000 - 0x000001a5dac23000 	C:\Users\prabh\.openjfx\cache\21+31\amd64\api-ms-win-core-namedpipe-l1-1-0.dll
0x000001a5dac30000 - 0x000001a5dac33000 	C:\Users\prabh\.openjfx\cache\21+31\amd64\api-ms-win-core-processenvironment-l1-1-0.dll
0x000001a5dac40000 - 0x000001a5dac43000 	C:\Users\prabh\.openjfx\cache\21+31\amd64\api-ms-win-core-processthreads-l1-1-0.dll
0x000001a5dac50000 - 0x000001a5dac53000 	C:\Users\prabh\.openjfx\cache\21+31\amd64\api-ms-win-core-processthreads-l1-1-1.dll
0x000001a5dac60000 - 0x000001a5dac63000 	C:\Users\prabh\.openjfx\cache\21+31\amd64\api-ms-win-core-profile-l1-1-0.dll
0x000001a5dac70000 - 0x000001a5dac73000 	C:\Users\prabh\.openjfx\cache\21+31\amd64\api-ms-win-core-rtlsupport-l1-1-0.dll
0x000001a5dac80000 - 0x000001a5dac83000 	C:\Users\prabh\.openjfx\cache\21+31\amd64\api-ms-win-core-string-l1-1-0.dll
0x000001a5dac90000 - 0x000001a5dac93000 	C:\Users\prabh\.openjfx\cache\21+31\amd64\api-ms-win-core-synch-l1-1-0.dll
0x000001a5daca0000 - 0x000001a5daca3000 	C:\Users\prabh\.openjfx\cache\21+31\amd64\api-ms-win-core-synch-l1-2-0.dll
0x000001a5dacb0000 - 0x000001a5dacb3000 	C:\Users\prabh\.openjfx\cache\21+31\amd64\api-ms-win-core-sysinfo-l1-1-0.dll
0x000001a5dacc0000 - 0x000001a5dacc3000 	C:\Users\prabh\.openjfx\cache\21+31\amd64\api-ms-win-core-timezone-l1-1-0.dll
0x000001a5dacd0000 - 0x000001a5dacd3000 	C:\Users\prabh\.openjfx\cache\21+31\amd64\api-ms-win-core-util-l1-1-0.dll
0x000001a5dace0000 - 0x000001a5dace3000 	C:\Users\prabh\.openjfx\cache\21+31\amd64\api-ms-win-crt-conio-l1-1-0.dll
0x000001a5dacf0000 - 0x000001a5dacf4000 	C:\Users\prabh\.openjfx\cache\21+31\amd64\api-ms-win-crt-convert-l1-1-0.dll
0x000001a5dad00000 - 0x000001a5dad03000 	C:\Users\prabh\.openjfx\cache\21+31\amd64\api-ms-win-crt-environment-l1-1-0.dll
0x000001a5dad10000 - 0x000001a5dad13000 	C:\Users\prabh\.openjfx\cache\21+31\amd64\api-ms-win-crt-filesystem-l1-1-0.dll
0x000001a5dad20000 - 0x000001a5dad23000 	C:\Users\prabh\.openjfx\cache\21+31\amd64\api-ms-win-crt-heap-l1-1-0.dll
0x000001a5dad30000 - 0x000001a5dad33000 	C:\Users\prabh\.openjfx\cache\21+31\amd64\api-ms-win-crt-locale-l1-1-0.dll
0x000001a5dad40000 - 0x000001a5dad45000 	C:\Users\prabh\.openjfx\cache\21+31\amd64\api-ms-win-crt-math-l1-1-0.dll
0x000001a5dad50000 - 0x000001a5dad55000 	C:\Users\prabh\.openjfx\cache\21+31\amd64\api-ms-win-crt-multibyte-l1-1-0.dll
0x000001a5dad60000 - 0x000001a5dad70000 	C:\Users\prabh\.openjfx\cache\21+31\amd64\api-ms-win-crt-private-l1-1-0.dll
0x000001a5dad70000 - 0x000001a5dad73000 	C:\Users\prabh\.openjfx\cache\21+31\amd64\api-ms-win-crt-process-l1-1-0.dll
0x000001a5dad80000 - 0x000001a5dad84000 	C:\Users\prabh\.openjfx\cache\21+31\amd64\api-ms-win-crt-runtime-l1-1-0.dll
0x000001a5dad90000 - 0x000001a5dad94000 	C:\Users\prabh\.openjfx\cache\21+31\amd64\api-ms-win-crt-stdio-l1-1-0.dll
0x000001a5dada0000 - 0x000001a5dada4000 	C:\Users\prabh\.openjfx\cache\21+31\amd64\api-ms-win-crt-string-l1-1-0.dll
0x000001a5dadb0000 - 0x000001a5dadb3000 	C:\Users\prabh\.openjfx\cache\21+31\amd64\api-ms-win-crt-time-l1-1-0.dll
0x000001a5dadc0000 - 0x000001a5dadc3000 	C:\Users\prabh\.openjfx\cache\21+31\amd64\api-ms-win-crt-utility-l1-1-0.dll
0x00007ff80e800000 - 0x00007ff80e8fc000 	C:\Users\prabh\.openjfx\cache\21+31\amd64\ucrtbase.dll
0x00007ff82a5b0000 - 0x00007ff82a5cb000 	C:\Users\prabh\.openjfx\cache\21+31\amd64\vcruntime140.dll
0x00007ff82e840000 - 0x00007ff82e84c000 	C:\Users\prabh\.openjfx\cache\21+31\amd64\vcruntime140_1.dll
0x00007ff8118a0000 - 0x00007ff81192e000 	C:\Users\prabh\.openjfx\cache\21+31\amd64\msvcp140.dll
0x000001a5dadd0000 - 0x000001a5daf75000 	C:\WINDOWS\System32\ole32.dll
0x00007ff82e7a0000 - 0x00007ff82e7a9000 	C:\Users\prabh\.openjfx\cache\21+31\amd64\msvcp140_1.dll
0x00007ff829d50000 - 0x00007ff829d7f000 	C:\Users\prabh\.openjfx\cache\21+31\amd64\msvcp140_2.dll
0x00007ff828f80000 - 0x00007ff828faf000 	C:\Users\prabh\.openjfx\cache\21+31\amd64\prism_d3d.dll
0x00007ff80ff20000 - 0x00007ff8100c8000 	C:\WINDOWS\system32\d3d9.dll
0x00007ff83e7e0000 - 0x00007ff83e80b000 	C:\WINDOWS\SYSTEM32\dwmapi.dll
0x00007ff83e590000 - 0x00007ff83e5c7000 	C:\WINDOWS\SYSTEM32\dxcore.dll
0x00007ff83e140000 - 0x00007ff83e1f1000 	C:\WINDOWS\system32\uxtheme.dll
0x00007ff800f30000 - 0x00007ff8010dd000 	C:\WINDOWS\System32\DriverStore\FileRepository\iigd_dch.inf_amd64_306090fd1d6bb4fa\igdumdim64.dll
0x00007fffd5e30000 - 0x00007fffd8ed4000 	C:\WINDOWS\System32\DriverStore\FileRepository\iigd_dch.inf_amd64_306090fd1d6bb4fa\igd9dxva64.dll
0x000001a620800000 - 0x000001a620c74000 	C:\WINDOWS\System32\SETUPAPI.dll
0x00007ff8444f0000 - 0x00007ff84453e000 	C:\WINDOWS\SYSTEM32\cfgmgr32.dll
0x00007ff831ad0000 - 0x00007ff831ed9000 	C:\WINDOWS\System32\DriverStore\FileRepository\iigd_dch.inf_amd64_306090fd1d6bb4fa\igdgmm64.dll
0x00007ff8390b0000 - 0x00007ff8390f9000 	C:\WINDOWS\SYSTEM32\directxdatabasehelper.dll
0x00007ff827720000 - 0x00007ff827762000 	C:\Users\prabh\.openjfx\cache\21+31\amd64\glass.dll
0x00007ff846870000 - 0x00007ff84696f000 	C:\WINDOWS\System32\COMDLG32.dll
0x000001a6216c0000 - 0x000001a621820000 	C:\WINDOWS\System32\MSCTF.dll
0x00007ff83b690000 - 0x00007ff83b6b7000 	C:\WINDOWS\System32\DriverStore\FileRepository\iigd_dch.inf_amd64_306090fd1d6bb4fa\igdinfo64.dll
0x00007ff844000000 - 0x00007ff84401b000 	C:\WINDOWS\SYSTEM32\CRYPTSP.dll
0x00007ff843890000 - 0x00007ff8438c5000 	C:\WINDOWS\system32\rsaenh.dll
0x00007ff844020000 - 0x00007ff84402c000 	C:\WINDOWS\SYSTEM32\CRYPTBASE.dll
0x00007ffff3a00000 - 0x00007ffff7196000 	C:\WINDOWS\System32\DriverStore\FileRepository\iigd_dch.inf_amd64_306090fd1d6bb4fa\igc64.dll
0x00007ff843410000 - 0x00007ff843512000 	C:\WINDOWS\SYSTEM32\DNSAPI.dll
0x00007ff8433a0000 - 0x00007ff8433cd000 	C:\WINDOWS\SYSTEM32\IPHLPAPI.DLL
0x00007ff8467b0000 - 0x00007ff8467b9000 	C:\WINDOWS\System32\NSI.dll
0x00007ff837e20000 - 0x00007ff837e2a000 	C:\Windows\System32\rasadhlp.dll
0x00007ff8393d0000 - 0x00007ff839453000 	C:\WINDOWS\System32\fwpuclnt.dll
0x00007ff843ea0000 - 0x00007ff843ec8000 	C:\WINDOWS\SYSTEM32\USERENV.dll
0x00007ff82f210000 - 0x00007ff82f21e000 	C:\Program Files\Java\jdk-21.0.2\bin\sunmscapi.dll
0x00007ff8448f0000 - 0x00007ff844a56000 	C:\WINDOWS\System32\CRYPT32.dll
0x00007ff8441c0000 - 0x00007ff8441ed000 	C:\WINDOWS\SYSTEM32\ncrypt.dll

dbghelp: loaded successfully - version: 4.0.5 - missing functions: none
symbol engine: initialized successfully - sym options: 0x614 - pdb path: .;C:\Program Files\Java\jdk-21.0.2\bin;C:\WINDOWS\SYSTEM32;C:\WINDOWS\WinSxS\amd64_microsoft.windows.common-controls_6595b64144ccf1df_6.0.22621.4391_none_2715d37f73803e96;C:\Program Files (x86)\Citrix\ICA Client;C:\Program Files (x86)\Citrix\ICA Client\Receiver;C:\Program Files\Java\jdk-21.0.2\bin\server;D:\IntelliJ IDEA 2024.2.4\bin;C:\Users\prabh\.openjfx\cache\21+31\amd64;C:\WINDOWS\System32\DriverStore\FileRepository\iigd_dch.inf_amd64_306090fd1d6bb4fa

VM Arguments:
jvm_args: -javaagent:D:\IntelliJ IDEA 2024.2.4\lib\idea_rt.jar=50555:D:\IntelliJ IDEA 2024.2.4\bin -Dfile.encoding=UTF-8 -Dsun.stdout.encoding=UTF-8 -Dsun.stderr.encoding=UTF-8 --module-path=C:\Users\prabh\.m2\repository\com\google\code\gson\gson\2.8.9\gson-2.8.9.jar;C:\Users\prabh\.m2\repository\org\openjfx\javafx-controls\21\javafx-controls-21-win.jar;C:\Users\prabh\.m2\repository\org\openjfx\javafx-fxml\21\javafx-fxml-21-win.jar;C:\Users\prabh\.m2\repository\com\mysql\mysql-connector-j\8.0.33\mysql-connector-j-8.0.33.jar;C:\Users\prabh\IdeaProjects\OOD5\target\classes;C:\Users\prabh\.m2\repository\org\openjfx\javafx-base\21\javafx-base-21-win.jar;C:\Users\prabh\.m2\repository\org\openjfx\javafx-graphics\21\javafx-graphics-21-win.jar -Djdk.module.main=org.example.ood5 
java_command: org.example.ood5/Main.Main
java_class_path (initial): C:\Users\prabh\.m2\repository\org\openjfx\javafx-controls\21\javafx-controls-21.jar;C:\Users\prabh\.m2\repository\org\openjfx\javafx-graphics\21\javafx-graphics-21.jar;C:\Users\prabh\.m2\repository\org\openjfx\javafx-base\21\javafx-base-21.jar;C:\Users\prabh\.m2\repository\org\openjfx\javafx-fxml\21\javafx-fxml-21.jar;C:\Users\prabh\.m2\repository\com\google\protobuf\protobuf-java\3.21.9\protobuf-java-3.21.9.jar
Launcher Type: SUN_STANDARD

[Global flags]
     intx CICompilerCount                          = 4                                         {product} {ergonomic}
     uint ConcGCThreads                            = 2                                         {product} {ergonomic}
     uint G1ConcRefinementThreads                  = 8                                         {product} {ergonomic}
   size_t G1HeapRegionSize                         = 2097152                                   {product} {ergonomic}
    uintx GCDrainStackTargetSize                   = 64                                        {product} {ergonomic}
   size_t InitialHeapSize                          = 264241152                                 {product} {ergonomic}
   size_t MarkStackSize                            = 4194304                                   {product} {ergonomic}
   size_t MaxHeapSize                              = 4221566976                                {product} {ergonomic}
   size_t MaxNewSize                               = 2531262464                                {product} {ergonomic}
   size_t MinHeapDeltaBytes                        = 2097152                                   {product} {ergonomic}
   size_t MinHeapSize                              = 8388608                                   {product} {ergonomic}
    uintx NonNMethodCodeHeapSize                   = 5839372                                {pd product} {ergonomic}
    uintx NonProfiledCodeHeapSize                  = 122909434                              {pd product} {ergonomic}
    uintx ProfiledCodeHeapSize                     = 122909434                              {pd product} {ergonomic}
    uintx ReservedCodeCacheSize                    = 251658240                              {pd product} {ergonomic}
     bool SegmentedCodeCache                       = true                                      {product} {ergonomic}
   size_t SoftMaxHeapSize                          = 4221566976                             {manageable} {ergonomic}
     bool UseCompressedOops                        = true                           {product lp64_product} {ergonomic}
     bool UseG1GC                                  = true                                      {product} {ergonomic}
     bool UseLargePagesIndividualAllocation        = false                                  {pd product} {ergonomic}

Logging:
Log output configuration:
 #0: stdout all=warning uptime,level,tags foldmultilines=false
 #1: stderr all=off uptime,level,tags foldmultilines=false

Environment Variables:
JAVA_HOME=C:\Program Files\Java\jdk-21.0.2
PATH=C:\WINDOWS\system32;C:\WINDOWS;C:\WINDOWS\System32\Wbem;C:\WINDOWS\System32\WindowsPowerShell\v1.0\;C:\WINDOWS\System32\OpenSSH\;C:\Program Files\Java\jdk-21.0.2\bin;C:\Users\prabh\AppData\Local\Programs\MiKTeX\miktex\bin\x64\;C:\Users\prabh\.m2\wrapper\dists\apache-maven-3.8.5-bin\5i5jha092a3i37g0paqnfr15e0\apache-maven-3.8.5\bin;C:\Program Files\Git\cmd;C:\Users\prabh\AppData\Local\Programs\Python\Python311\Scripts\;C:\Users\prabh\AppData\Local\Programs\Python\Python311\;C:\Users\prabh\AppData\Local\Microsoft\WindowsApps;C:\Users\prabh\AppData\Local\Programs\Microsoft VS Code\bin;C:\Users\prabh\AppData\Local\JetBrains\Toolbox\scripts;C:\Users\prabh\AppData\Local\Programs\MiKTeX\miktex\bin\x64\;C:\Program Files\JetBrains\IntelliJ IDEA 2023.3.3\bin;
USERNAME=prabh
OS=Windows_NT
PROCESSOR_IDENTIFIER=Intel64 Family 6 Model 142 Stepping 12, GenuineIntel
TMP=C:\Users\prabh\AppData\Local\Temp
TEMP=C:\Users\prabh\AppData\Local\Temp




Periodic native trim disabled

---------------  S Y S T E M  ---------------

OS:
 Windows 11 , 64 bit Build 22621 (10.0.22621.4391)
OS uptime: 10 days 15:25 hours

CPU: total 8 (initial active 8) (4 cores per cpu, 2 threads per core) family 6 model 142 stepping 12 microcode 0xfa, cx8, cmov, fxsr, ht, mmx, 3dnowpref, sse, sse2, sse3, ssse3, sse4.1, sse4.2, popcnt, lzcnt, tsc, tscinvbit, avx, avx2, aes, erms, clmul, bmi1, bmi2, adx, fma, vzeroupper, clflush, clflushopt, rdtscp, f16c
Processor Information for all 8 processors :
  Max Mhz: 1896, Current Mhz: 798, Mhz Limit: 796

Memory: 4k page, system-wide physical 16099M (3682M free)
TotalPageFile size 33712M (AvailPageFile size 5M)
current process WorkingSet (physical memory assigned to process): 119M, peak: 119M
current process commit charge ("private bytes"): 386M, peak: 387M

vm_info: Java HotSpot(TM) 64-Bit Server VM (21.0.2+13-LTS-58) for windows-amd64 JRE (21.0.2+13-LTS-58), built on 2024-01-05T18:32:24Z by "mach5one" with MS VC++ 17.1 (VS2022)

END.
