#
# There is insufficient memory for the Java Runtime Environment to continue.
# Native memory allocation (malloc) failed to allocate 417616 bytes for Chunk::new
# Possible reasons:
#   The system is out of physical RAM or swap space
#   The process is running with CompressedOops enabled, and the Java Heap may be blocking the growth of the native heap
# Possible solutions:
#   Reduce memory load on the system
#   Increase physical memory or swap space
#   Check if swap backing store is full
#   Decrease Java heap size (-Xmx/-Xms)
#   Decrease number of Java threads
#   Decrease Java thread stack sizes (-Xss)
#   Set larger code cache with -XX:ReservedCodeCacheSize=
#   JVM is running with Zero Based Compressed Oops mode in which the Java heap is
#     placed in the first 32GB address space. The Java Heap base address is the
#     maximum limit for the native heap growth. Please use -XX:HeapBaseMinAddress
#     to set the Java Heap base and to place the Java Heap above 32GB virtual address.
# This output file may be truncated or incomplete.
#
#  Out of Memory Error (arena.cpp:168), pid=2076, tid=11516
#
# JRE version: Java(TM) SE Runtime Environment (21.0.2+13) (build 21.0.2+13-LTS-58)
# Java VM: Java HotSpot(TM) 64-Bit Server VM (21.0.2+13-LTS-58, mixed mode, sharing, tiered, compressed oops, compressed class ptrs, g1 gc, windows-amd64)
# No core dump will be written. Minidumps are not enabled by default on client versions of Windows
#

---------------  S U M M A R Y ------------

Command Line: -javaagent:D:\IntelliJ IDEA 2024.2.4\lib\idea_rt.jar=51233:D:\IntelliJ IDEA 2024.2.4\bin -Dfile.encoding=UTF-8 -Dsun.stdout.encoding=UTF-8 -Dsun.stderr.encoding=UTF-8 --module-path=C:\Users\prabh\.m2\repository\com\google\code\gson\gson\2.8.9\gson-2.8.9.jar;C:\Users\prabh\.m2\repository\org\openjfx\javafx-base\21\javafx-base-21-win.jar;C:\Users\prabh\IdeaProjects\OOD5\target\classes;C:\Users\prabh\IdeaProjects\OOD5\lib\librec-core-3.0.0-1.jar;C:\Users\prabh\.m2\repository\com\mysql\mysql-connector-j\8.0.33\mysql-connector-j-8.0.33.jar;C:\Users\prabh\.m2\repository\org\openjfx\javafx-graphics\21\javafx-graphics-21-win.jar;C:\Users\prabh\.m2\repository\org\openjfx\javafx-fxml\21\javafx-fxml-21-win.jar;C:\Users\prabh\.m2\repository\org\openjfx\javafx-controls\21\javafx-controls-21-win.jar -Djdk.module.main=org.example.ood5 org.example.ood5/Main.Main

Host: Intel(R) Core(TM) i5-8365U CPU @ 1.60GHz, 8 cores, 15G,  Windows 11 , 64 bit Build 22621 (10.0.22621.4391)
Time: Wed Dec  4 21:24:08 2024 Sri Lanka Standard Time elapsed time: 8.151564 seconds (0d 0h 0m 8s)

---------------  T H R E A D  ---------------

Current thread (0x000001ad70008090):  JavaThread "C2 CompilerThread2" daemon [_thread_in_native, id=11516, stack(0x0000000764800000,0x0000000764900000) (1024K)]


Current CompileTask:
C2:   8151 1585       4       sun.security.ec.ECOperations::setDouble (463 bytes)

Stack: [0x0000000764800000,0x0000000764900000]
Native frames: (J=compiled Java code, j=interpreted, Vv=VM code, C=native code)
V  [jvm.dll+0x6cade9]
V  [jvm.dll+0x8569c1]
V  [jvm.dll+0x858d2e]
V  [jvm.dll+0x859413]
V  [jvm.dll+0x280e56]
V  [jvm.dll+0xc3f3d]
V  [jvm.dll+0xc4473]
V  [jvm.dll+0x2f437f]
V  [jvm.dll+0x5f5056]
V  [jvm.dll+0x252d7f]
V  [jvm.dll+0x24b589]
V  [jvm.dll+0x2490a3]
V  [jvm.dll+0x1c9634]
V  [jvm.dll+0x258859]
V  [jvm.dll+0x256e3a]
V  [jvm.dll+0x3ef6c6]
V  [jvm.dll+0x7ff568]
V  [jvm.dll+0x6c953d]
C  [ucrtbase.dll+0x29333]
C  [KERNEL32.DLL+0x1259d]
C  [ntdll.dll+0x5af38]


---------------  P R O C E S S  ---------------

Threads class SMR info:
_java_thread_list=0x000001ad6ad907a0, length=20, elements={
0x000001ad4bb82d70, 0x000001ad6ac45320, 0x000001ad6ac45ee0, 0x000001ad6ac48320,
0x000001ad6ac48d80, 0x000001ad6ac497e0, 0x000001ad6ac4cac0, 0x000001ad6ac5ad70,
0x000001ad6ac5dc40, 0x000001ad6ad4f210, 0x000001ad6ad4bd90, 0x000001ad6ad4c420,
0x000001ad6ad4cab0, 0x000001ad6ad4d140, 0x000001ad6ad4d7d0, 0x000001ad6ad4de60,
0x000001ad6ad4e4f0, 0x000001ad6ad4eb80, 0x000001ad70f93dd0, 0x000001ad70008090
}

Java Threads: ( => current thread )
  0x000001ad4bb82d70 JavaThread "main"                              [_thread_blocked, id=2660, stack(0x0000000762500000,0x0000000762600000) (1024K)]
  0x000001ad6ac45320 JavaThread "Reference Handler"          daemon [_thread_blocked, id=11168, stack(0x0000000762e00000,0x0000000762f00000) (1024K)]
  0x000001ad6ac45ee0 JavaThread "Finalizer"                  daemon [_thread_blocked, id=14716, stack(0x0000000762f00000,0x0000000763000000) (1024K)]
  0x000001ad6ac48320 JavaThread "Signal Dispatcher"          daemon [_thread_blocked, id=13632, stack(0x0000000763000000,0x0000000763100000) (1024K)]
  0x000001ad6ac48d80 JavaThread "Attach Listener"            daemon [_thread_blocked, id=9860, stack(0x0000000763100000,0x0000000763200000) (1024K)]
  0x000001ad6ac497e0 JavaThread "Service Thread"             daemon [_thread_blocked, id=10376, stack(0x0000000763200000,0x0000000763300000) (1024K)]
  0x000001ad6ac4cac0 JavaThread "Monitor Deflation Thread"   daemon [_thread_blocked, id=5916, stack(0x0000000763300000,0x0000000763400000) (1024K)]
  0x000001ad6ac5ad70 JavaThread "C2 CompilerThread0"         daemon [_thread_blocked, id=12444, stack(0x0000000763400000,0x0000000763500000) (1024K)]
  0x000001ad6ac5dc40 JavaThread "C1 CompilerThread0"         daemon [_thread_blocked, id=4756, stack(0x0000000763500000,0x0000000763600000) (1024K)]
  0x000001ad6ad4f210 JavaThread "Common-Cleaner"             daemon [_thread_blocked, id=17940, stack(0x0000000763600000,0x0000000763700000) (1024K)]
  0x000001ad6ad4bd90 JavaThread "Monitor Ctrl-Break"         daemon [_thread_in_native, id=11764, stack(0x0000000763900000,0x0000000763a00000) (1024K)]
  0x000001ad6ad4c420 JavaThread "Notification Thread"        daemon [_thread_blocked, id=12604, stack(0x0000000763a00000,0x0000000763b00000) (1024K)]
  0x000001ad6ad4cab0 JavaThread "QuantumRenderer-0"          daemon [_thread_blocked, id=15904, stack(0x0000000763b00000,0x0000000763c00000) (1024K)]
  0x000001ad6ad4d140 JavaThread "InvokeLaterDispatcher"      daemon [_thread_blocked, id=6932, stack(0x0000000763c00000,0x0000000763d00000) (1024K)]
  0x000001ad6ad4d7d0 JavaThread "JavaFX Application Thread"         [_thread_in_vm, id=2828, stack(0x0000000763d00000,0x0000000763e00000) (1024K)]
  0x000001ad6ad4de60 JavaThread "Thread-1"                   daemon [_thread_in_native, id=16312, stack(0x0000000764600000,0x0000000764700000) (1024K)]
  0x000001ad6ad4e4f0 JavaThread "JavaFX-Launcher"                   [_thread_blocked, id=16928, stack(0x0000000764700000,0x0000000764800000) (1024K)]
  0x000001ad6ad4eb80 JavaThread "mysql-cj-abandoned-connection-cleanup" daemon [_thread_blocked, id=11380, stack(0x0000000763700000,0x0000000763800000) (1024K)]
  0x000001ad70f93dd0 JavaThread "C2 CompilerThread1"         daemon [_thread_blocked, id=15408, stack(0x0000000763800000,0x0000000763900000) (1024K)]
=>0x000001ad70008090 JavaThread "C2 CompilerThread2"         daemon [_thread_in_native, id=11516, stack(0x0000000764800000,0x0000000764900000) (1024K)]
Total: 20

Other Threads:
  0x000001ad6ac22090 VMThread "VM Thread"                           [id=12852, stack(0x0000000762d00000,0x0000000762e00000) (1024K)]
  0x000001ad6a6a8cf0 WatcherThread "VM Periodic Task Thread"        [id=11972, stack(0x0000000762c00000,0x0000000762d00000) (1024K)]
  0x000001ad4bbebfd0 WorkerThread "GC Thread#0"                     [id=13528, stack(0x0000000762700000,0x0000000762800000) (1024K)]
  0x000001ad70dca970 WorkerThread "GC Thread#1"                     [id=11556, stack(0x0000000764100000,0x0000000764200000) (1024K)]
  0x000001ad70dcbd40 WorkerThread "GC Thread#2"                     [id=16048, stack(0x0000000764200000,0x0000000764300000) (1024K)]
  0x000001ad70dc46d0 WorkerThread "GC Thread#3"                     [id=19236, stack(0x0000000764300000,0x0000000764400000) (1024K)]
  0x000001ad70dca320 WorkerThread "GC Thread#4"                     [id=10332, stack(0x0000000764400000,0x0000000764500000) (1024K)]
  0x000001ad70dc9300 WorkerThread "GC Thread#5"                     [id=12796, stack(0x0000000764500000,0x0000000764600000) (1024K)]
  0x000001ad4bbfcce0 ConcurrentGCThread "G1 Main Marker"            [id=9804, stack(0x0000000762800000,0x0000000762900000) (1024K)]
  0x000001ad4bbffaa0 WorkerThread "G1 Conc#0"                       [id=4032, stack(0x0000000762900000,0x0000000762a00000) (1024K)]
  0x000001ad6a578a20 ConcurrentGCThread "G1 Refine#0"               [id=9740, stack(0x0000000762a00000,0x0000000762b00000) (1024K)]
  0x000001ad6a579490 ConcurrentGCThread "G1 Service"                [id=16172, stack(0x0000000762b00000,0x0000000762c00000) (1024K)]
Total: 12

Threads with active compile tasks:
C2 CompilerThread2     8177 1585       4       sun.security.ec.ECOperations::setDouble (463 bytes)
Total: 1

VM state: not at safepoint (normal execution)

VM Mutex/Monitor currently owned by a thread: None

Heap address: 0x00000004d8400000, size: 4026 MB, Compressed Oops mode: Zero based, Oop shift amount: 3

CDS archive(s) mapped at: [0x000001ad00000000-0x000001ad00c90000-0x000001ad00c90000), size 13172736, SharedBaseAddress: 0x000001ad00000000, ArchiveRelocationMode: 1.
Compressed class space mapped at: 0x000001ad01000000-0x000001ad41000000, reserved size: 1073741824
Narrow klass base: 0x000001ad00000000, Narrow klass shift: 0, Narrow klass range: 0x100000000

GC Precious Log:
 CardTable entry size: 512
 Card Set container configuration: InlinePtr #cards 4 size 8 Array Of Cards #cards 16 size 48 Howl #buckets 8 coarsen threshold 3686 Howl Bitmap #cards 512 size 80 coarsen threshold 460 Card regions per heap region 1 cards per card region 4096
 CPUs: 8 total, 8 available
 Memory: 16099M
 Large Page Support: Disabled
 NUMA Support: Disabled
 Compressed Oops: Enabled (Zero based)
 Heap Region Size: 2M
 Heap Min Capacity: 8M
 Heap Initial Capacity: 252M
 Heap Max Capacity: 4026M
 Pre-touch: Disabled
 Parallel Workers: 8
 Concurrent Workers: 2
 Concurrent Refinement Workers: 8
 Periodic GC: Disabled

Heap:
 garbage-first heap   total 258048K, used 21345K [0x00000004d8400000, 0x00000005d3e00000)
  region size 2048K, 12 young (24576K), 2 survivors (4096K)
 Metaspace       used 13356K, committed 13632K, reserved 1114112K
  class space    used 1512K, committed 1664K, reserved 1048576K

Heap Regions: E=young(eden), S=young(survivor), O=old, HS=humongous(starts), HC=humongous(continues), CS=collection set, F=free, TAMS=top-at-mark-start, PB=parsable bottom
|   0|0x00000004d8400000, 0x00000004d8600000, 0x00000004d8600000|100%|HS|  |TAMS 0x00000004d8400000| PB 0x00000004d8400000| Complete 
|   1|0x00000004d8600000, 0x00000004d8600000, 0x00000004d8800000|  0%| F|  |TAMS 0x00000004d8600000| PB 0x00000004d8600000| Untracked 
|   2|0x00000004d8800000, 0x00000004d8800000, 0x00000004d8a00000|  0%| F|  |TAMS 0x00000004d8800000| PB 0x00000004d8800000| Untracked 
|   3|0x00000004d8a00000, 0x00000004d8a00000, 0x00000004d8c00000|  0%| F|  |TAMS 0x00000004d8a00000| PB 0x00000004d8a00000| Untracked 
|   4|0x00000004d8c00000, 0x00000004d8c00000, 0x00000004d8e00000|  0%| F|  |TAMS 0x00000004d8c00000| PB 0x00000004d8c00000| Untracked 
|   5|0x00000004d8e00000, 0x00000004d8e00000, 0x00000004d9000000|  0%| F|  |TAMS 0x00000004d8e00000| PB 0x00000004d8e00000| Untracked 
|   6|0x00000004d9000000, 0x00000004d9000000, 0x00000004d9200000|  0%| F|  |TAMS 0x00000004d9000000| PB 0x00000004d9000000| Untracked 
|   7|0x00000004d9200000, 0x00000004d9200000, 0x00000004d9400000|  0%| F|  |TAMS 0x00000004d9200000| PB 0x00000004d9200000| Untracked 
|   8|0x00000004d9400000, 0x00000004d9400000, 0x00000004d9600000|  0%| F|  |TAMS 0x00000004d9400000| PB 0x00000004d9400000| Untracked 
|   9|0x00000004d9600000, 0x00000004d9600000, 0x00000004d9800000|  0%| F|  |TAMS 0x00000004d9600000| PB 0x00000004d9600000| Untracked 
|  10|0x00000004d9800000, 0x00000004d9800000, 0x00000004d9a00000|  0%| F|  |TAMS 0x00000004d9800000| PB 0x00000004d9800000| Untracked 
|  11|0x00000004d9a00000, 0x00000004d9a00000, 0x00000004d9c00000|  0%| F|  |TAMS 0x00000004d9a00000| PB 0x00000004d9a00000| Untracked 
|  12|0x00000004d9c00000, 0x00000004d9c00000, 0x00000004d9e00000|  0%| F|  |TAMS 0x00000004d9c00000| PB 0x00000004d9c00000| Untracked 
|  13|0x00000004d9e00000, 0x00000004d9e00000, 0x00000004da000000|  0%| F|  |TAMS 0x00000004d9e00000| PB 0x00000004d9e00000| Untracked 
|  14|0x00000004da000000, 0x00000004da000000, 0x00000004da200000|  0%| F|  |TAMS 0x00000004da000000| PB 0x00000004da000000| Untracked 
|  15|0x00000004da200000, 0x00000004da200000, 0x00000004da400000|  0%| F|  |TAMS 0x00000004da200000| PB 0x00000004da200000| Untracked 
|  16|0x00000004da400000, 0x00000004da400000, 0x00000004da600000|  0%| F|  |TAMS 0x00000004da400000| PB 0x00000004da400000| Untracked 
|  17|0x00000004da600000, 0x00000004da600000, 0x00000004da800000|  0%| F|  |TAMS 0x00000004da600000| PB 0x00000004da600000| Untracked 
|  18|0x00000004da800000, 0x00000004da800000, 0x00000004daa00000|  0%| F|  |TAMS 0x00000004da800000| PB 0x00000004da800000| Untracked 
|  19|0x00000004daa00000, 0x00000004daa00000, 0x00000004dac00000|  0%| F|  |TAMS 0x00000004daa00000| PB 0x00000004daa00000| Untracked 
|  20|0x00000004dac00000, 0x00000004dac00000, 0x00000004dae00000|  0%| F|  |TAMS 0x00000004dac00000| PB 0x00000004dac00000| Untracked 
|  21|0x00000004dae00000, 0x00000004dae00000, 0x00000004db000000|  0%| F|  |TAMS 0x00000004dae00000| PB 0x00000004dae00000| Untracked 
|  22|0x00000004db000000, 0x00000004db000000, 0x00000004db200000|  0%| F|  |TAMS 0x00000004db000000| PB 0x00000004db000000| Untracked 
|  23|0x00000004db200000, 0x00000004db200000, 0x00000004db400000|  0%| F|  |TAMS 0x00000004db200000| PB 0x00000004db200000| Untracked 
|  24|0x00000004db400000, 0x00000004db400000, 0x00000004db600000|  0%| F|  |TAMS 0x00000004db400000| PB 0x00000004db400000| Untracked 
|  25|0x00000004db600000, 0x00000004db600000, 0x00000004db800000|  0%| F|  |TAMS 0x00000004db600000| PB 0x00000004db600000| Untracked 
|  26|0x00000004db800000, 0x00000004db800000, 0x00000004dba00000|  0%| F|  |TAMS 0x00000004db800000| PB 0x00000004db800000| Untracked 
|  27|0x00000004dba00000, 0x00000004dba00000, 0x00000004dbc00000|  0%| F|  |TAMS 0x00000004dba00000| PB 0x00000004dba00000| Untracked 
|  28|0x00000004dbc00000, 0x00000004dbc00000, 0x00000004dbe00000|  0%| F|  |TAMS 0x00000004dbc00000| PB 0x00000004dbc00000| Untracked 
|  29|0x00000004dbe00000, 0x00000004dbe00000, 0x00000004dc000000|  0%| F|  |TAMS 0x00000004dbe00000| PB 0x00000004dbe00000| Untracked 
|  30|0x00000004dc000000, 0x00000004dc000000, 0x00000004dc200000|  0%| F|  |TAMS 0x00000004dc000000| PB 0x00000004dc000000| Untracked 
|  31|0x00000004dc200000, 0x00000004dc200000, 0x00000004dc400000|  0%| F|  |TAMS 0x00000004dc200000| PB 0x00000004dc200000| Untracked 
|  32|0x00000004dc400000, 0x00000004dc400000, 0x00000004dc600000|  0%| F|  |TAMS 0x00000004dc400000| PB 0x00000004dc400000| Untracked 
|  33|0x00000004dc600000, 0x00000004dc600000, 0x00000004dc800000|  0%| F|  |TAMS 0x00000004dc600000| PB 0x00000004dc600000| Untracked 
|  34|0x00000004dc800000, 0x00000004dc800000, 0x00000004dca00000|  0%| F|  |TAMS 0x00000004dc800000| PB 0x00000004dc800000| Untracked 
|  35|0x00000004dca00000, 0x00000004dca00000, 0x00000004dcc00000|  0%| F|  |TAMS 0x00000004dca00000| PB 0x00000004dca00000| Untracked 
|  36|0x00000004dcc00000, 0x00000004dcc00000, 0x00000004dce00000|  0%| F|  |TAMS 0x00000004dcc00000| PB 0x00000004dcc00000| Untracked 
|  37|0x00000004dce00000, 0x00000004dce00000, 0x00000004dd000000|  0%| F|  |TAMS 0x00000004dce00000| PB 0x00000004dce00000| Untracked 
|  38|0x00000004dd000000, 0x00000004dd000000, 0x00000004dd200000|  0%| F|  |TAMS 0x00000004dd000000| PB 0x00000004dd000000| Untracked 
|  39|0x00000004dd200000, 0x00000004dd200000, 0x00000004dd400000|  0%| F|  |TAMS 0x00000004dd200000| PB 0x00000004dd200000| Untracked 
|  40|0x00000004dd400000, 0x00000004dd400000, 0x00000004dd600000|  0%| F|  |TAMS 0x00000004dd400000| PB 0x00000004dd400000| Untracked 
|  41|0x00000004dd600000, 0x00000004dd600000, 0x00000004dd800000|  0%| F|  |TAMS 0x00000004dd600000| PB 0x00000004dd600000| Untracked 
|  42|0x00000004dd800000, 0x00000004dd800000, 0x00000004dda00000|  0%| F|  |TAMS 0x00000004dd800000| PB 0x00000004dd800000| Untracked 
|  43|0x00000004dda00000, 0x00000004dda00000, 0x00000004ddc00000|  0%| F|  |TAMS 0x00000004dda00000| PB 0x00000004dda00000| Untracked 
|  44|0x00000004ddc00000, 0x00000004ddc00000, 0x00000004dde00000|  0%| F|  |TAMS 0x00000004ddc00000| PB 0x00000004ddc00000| Untracked 
|  45|0x00000004dde00000, 0x00000004dde00000, 0x00000004de000000|  0%| F|  |TAMS 0x00000004dde00000| PB 0x00000004dde00000| Untracked 
|  46|0x00000004de000000, 0x00000004de000000, 0x00000004de200000|  0%| F|  |TAMS 0x00000004de000000| PB 0x00000004de000000| Untracked 
|  47|0x00000004de200000, 0x00000004de200000, 0x00000004de400000|  0%| F|  |TAMS 0x00000004de200000| PB 0x00000004de200000| Untracked 
|  48|0x00000004de400000, 0x00000004de400000, 0x00000004de600000|  0%| F|  |TAMS 0x00000004de400000| PB 0x00000004de400000| Untracked 
|  49|0x00000004de600000, 0x00000004de600000, 0x00000004de800000|  0%| F|  |TAMS 0x00000004de600000| PB 0x00000004de600000| Untracked 
|  50|0x00000004de800000, 0x00000004de800000, 0x00000004dea00000|  0%| F|  |TAMS 0x00000004de800000| PB 0x00000004de800000| Untracked 
|  51|0x00000004dea00000, 0x00000004dea00000, 0x00000004dec00000|  0%| F|  |TAMS 0x00000004dea00000| PB 0x00000004dea00000| Untracked 
|  52|0x00000004dec00000, 0x00000004dec00000, 0x00000004dee00000|  0%| F|  |TAMS 0x00000004dec00000| PB 0x00000004dec00000| Untracked 
|  53|0x00000004dee00000, 0x00000004dee00000, 0x00000004df000000|  0%| F|  |TAMS 0x00000004dee00000| PB 0x00000004dee00000| Untracked 
|  54|0x00000004df000000, 0x00000004df000000, 0x00000004df200000|  0%| F|  |TAMS 0x00000004df000000| PB 0x00000004df000000| Untracked 
|  55|0x00000004df200000, 0x00000004df200000, 0x00000004df400000|  0%| F|  |TAMS 0x00000004df200000| PB 0x00000004df200000| Untracked 
|  56|0x00000004df400000, 0x00000004df400000, 0x00000004df600000|  0%| F|  |TAMS 0x00000004df400000| PB 0x00000004df400000| Untracked 
|  57|0x00000004df600000, 0x00000004df600000, 0x00000004df800000|  0%| F|  |TAMS 0x00000004df600000| PB 0x00000004df600000| Untracked 
|  58|0x00000004df800000, 0x00000004df800000, 0x00000004dfa00000|  0%| F|  |TAMS 0x00000004df800000| PB 0x00000004df800000| Untracked 
|  59|0x00000004dfa00000, 0x00000004dfa00000, 0x00000004dfc00000|  0%| F|  |TAMS 0x00000004dfa00000| PB 0x00000004dfa00000| Untracked 
|  60|0x00000004dfc00000, 0x00000004dfc00000, 0x00000004dfe00000|  0%| F|  |TAMS 0x00000004dfc00000| PB 0x00000004dfc00000| Untracked 
|  61|0x00000004dfe00000, 0x00000004dfe00000, 0x00000004e0000000|  0%| F|  |TAMS 0x00000004dfe00000| PB 0x00000004dfe00000| Untracked 
|  62|0x00000004e0000000, 0x00000004e0000000, 0x00000004e0200000|  0%| F|  |TAMS 0x00000004e0000000| PB 0x00000004e0000000| Untracked 
|  63|0x00000004e0200000, 0x00000004e0200000, 0x00000004e0400000|  0%| F|  |TAMS 0x00000004e0200000| PB 0x00000004e0200000| Untracked 
|  64|0x00000004e0400000, 0x00000004e0400000, 0x00000004e0600000|  0%| F|  |TAMS 0x00000004e0400000| PB 0x00000004e0400000| Untracked 
|  65|0x00000004e0600000, 0x00000004e0600000, 0x00000004e0800000|  0%| F|  |TAMS 0x00000004e0600000| PB 0x00000004e0600000| Untracked 
|  66|0x00000004e0800000, 0x00000004e0800000, 0x00000004e0a00000|  0%| F|  |TAMS 0x00000004e0800000| PB 0x00000004e0800000| Untracked 
|  67|0x00000004e0a00000, 0x00000004e0a00000, 0x00000004e0c00000|  0%| F|  |TAMS 0x00000004e0a00000| PB 0x00000004e0a00000| Untracked 
|  68|0x00000004e0c00000, 0x00000004e0c00000, 0x00000004e0e00000|  0%| F|  |TAMS 0x00000004e0c00000| PB 0x00000004e0c00000| Untracked 
|  69|0x00000004e0e00000, 0x00000004e0e00000, 0x00000004e1000000|  0%| F|  |TAMS 0x00000004e0e00000| PB 0x00000004e0e00000| Untracked 
|  70|0x00000004e1000000, 0x00000004e1000000, 0x00000004e1200000|  0%| F|  |TAMS 0x00000004e1000000| PB 0x00000004e1000000| Untracked 
|  71|0x00000004e1200000, 0x00000004e1200000, 0x00000004e1400000|  0%| F|  |TAMS 0x00000004e1200000| PB 0x00000004e1200000| Untracked 
|  72|0x00000004e1400000, 0x00000004e1400000, 0x00000004e1600000|  0%| F|  |TAMS 0x00000004e1400000| PB 0x00000004e1400000| Untracked 
|  73|0x00000004e1600000, 0x00000004e1600000, 0x00000004e1800000|  0%| F|  |TAMS 0x00000004e1600000| PB 0x00000004e1600000| Untracked 
|  74|0x00000004e1800000, 0x00000004e1800000, 0x00000004e1a00000|  0%| F|  |TAMS 0x00000004e1800000| PB 0x00000004e1800000| Untracked 
|  75|0x00000004e1a00000, 0x00000004e1a00000, 0x00000004e1c00000|  0%| F|  |TAMS 0x00000004e1a00000| PB 0x00000004e1a00000| Untracked 
|  76|0x00000004e1c00000, 0x00000004e1c00000, 0x00000004e1e00000|  0%| F|  |TAMS 0x00000004e1c00000| PB 0x00000004e1c00000| Untracked 
|  77|0x00000004e1e00000, 0x00000004e1e00000, 0x00000004e2000000|  0%| F|  |TAMS 0x00000004e1e00000| PB 0x00000004e1e00000| Untracked 
|  78|0x00000004e2000000, 0x00000004e2000000, 0x00000004e2200000|  0%| F|  |TAMS 0x00000004e2000000| PB 0x00000004e2000000| Untracked 
|  79|0x00000004e2200000, 0x00000004e2200000, 0x00000004e2400000|  0%| F|  |TAMS 0x00000004e2200000| PB 0x00000004e2200000| Untracked 
|  80|0x00000004e2400000, 0x00000004e2400000, 0x00000004e2600000|  0%| F|  |TAMS 0x00000004e2400000| PB 0x00000004e2400000| Untracked 
|  81|0x00000004e2600000, 0x00000004e2600000, 0x00000004e2800000|  0%| F|  |TAMS 0x00000004e2600000| PB 0x00000004e2600000| Untracked 
|  82|0x00000004e2800000, 0x00000004e2800000, 0x00000004e2a00000|  0%| F|  |TAMS 0x00000004e2800000| PB 0x00000004e2800000| Untracked 
|  83|0x00000004e2a00000, 0x00000004e2a00000, 0x00000004e2c00000|  0%| F|  |TAMS 0x00000004e2a00000| PB 0x00000004e2a00000| Untracked 
|  84|0x00000004e2c00000, 0x00000004e2c00000, 0x00000004e2e00000|  0%| F|  |TAMS 0x00000004e2c00000| PB 0x00000004e2c00000| Untracked 
|  85|0x00000004e2e00000, 0x00000004e2e00000, 0x00000004e3000000|  0%| F|  |TAMS 0x00000004e2e00000| PB 0x00000004e2e00000| Untracked 
|  86|0x00000004e3000000, 0x00000004e3000000, 0x00000004e3200000|  0%| F|  |TAMS 0x00000004e3000000| PB 0x00000004e3000000| Untracked 
|  87|0x00000004e3200000, 0x00000004e3200000, 0x00000004e3400000|  0%| F|  |TAMS 0x00000004e3200000| PB 0x00000004e3200000| Untracked 
|  88|0x00000004e3400000, 0x00000004e3400000, 0x00000004e3600000|  0%| F|  |TAMS 0x00000004e3400000| PB 0x00000004e3400000| Untracked 
|  89|0x00000004e3600000, 0x00000004e3600000, 0x00000004e3800000|  0%| F|  |TAMS 0x00000004e3600000| PB 0x00000004e3600000| Untracked 
|  90|0x00000004e3800000, 0x00000004e3800000, 0x00000004e3a00000|  0%| F|  |TAMS 0x00000004e3800000| PB 0x00000004e3800000| Untracked 
|  91|0x00000004e3a00000, 0x00000004e3a00000, 0x00000004e3c00000|  0%| F|  |TAMS 0x00000004e3a00000| PB 0x00000004e3a00000| Untracked 
|  92|0x00000004e3c00000, 0x00000004e3c00000, 0x00000004e3e00000|  0%| F|  |TAMS 0x00000004e3c00000| PB 0x00000004e3c00000| Untracked 
|  93|0x00000004e3e00000, 0x00000004e3e00000, 0x00000004e4000000|  0%| F|  |TAMS 0x00000004e3e00000| PB 0x00000004e3e00000| Untracked 
|  94|0x00000004e4000000, 0x00000004e4000000, 0x00000004e4200000|  0%| F|  |TAMS 0x00000004e4000000| PB 0x00000004e4000000| Untracked 
|  95|0x00000004e4200000, 0x00000004e4200000, 0x00000004e4400000|  0%| F|  |TAMS 0x00000004e4200000| PB 0x00000004e4200000| Untracked 
|  96|0x00000004e4400000, 0x00000004e4400000, 0x00000004e4600000|  0%| F|  |TAMS 0x00000004e4400000| PB 0x00000004e4400000| Untracked 
|  97|0x00000004e4600000, 0x00000004e4600000, 0x00000004e4800000|  0%| F|  |TAMS 0x00000004e4600000| PB 0x00000004e4600000| Untracked 
|  98|0x00000004e4800000, 0x00000004e4800000, 0x00000004e4a00000|  0%| F|  |TAMS 0x00000004e4800000| PB 0x00000004e4800000| Untracked 
|  99|0x00000004e4a00000, 0x00000004e4a00000, 0x00000004e4c00000|  0%| F|  |TAMS 0x00000004e4a00000| PB 0x00000004e4a00000| Untracked 
| 100|0x00000004e4c00000, 0x00000004e4c00000, 0x00000004e4e00000|  0%| F|  |TAMS 0x00000004e4c00000| PB 0x00000004e4c00000| Untracked 
| 101|0x00000004e4e00000, 0x00000004e4e00000, 0x00000004e5000000|  0%| F|  |TAMS 0x00000004e4e00000| PB 0x00000004e4e00000| Untracked 
| 102|0x00000004e5000000, 0x00000004e5000000, 0x00000004e5200000|  0%| F|  |TAMS 0x00000004e5000000| PB 0x00000004e5000000| Untracked 
| 103|0x00000004e5200000, 0x00000004e5200000, 0x00000004e5400000|  0%| F|  |TAMS 0x00000004e5200000| PB 0x00000004e5200000| Untracked 
| 104|0x00000004e5400000, 0x00000004e5400000, 0x00000004e5600000|  0%| F|  |TAMS 0x00000004e5400000| PB 0x00000004e5400000| Untracked 
| 105|0x00000004e5600000, 0x00000004e5600000, 0x00000004e5800000|  0%| F|  |TAMS 0x00000004e5600000| PB 0x00000004e5600000| Untracked 
| 106|0x00000004e5800000, 0x00000004e5800000, 0x00000004e5a00000|  0%| F|  |TAMS 0x00000004e5800000| PB 0x00000004e5800000| Untracked 
| 107|0x00000004e5a00000, 0x00000004e5a00000, 0x00000004e5c00000|  0%| F|  |TAMS 0x00000004e5a00000| PB 0x00000004e5a00000| Untracked 
| 108|0x00000004e5c00000, 0x00000004e5c00000, 0x00000004e5e00000|  0%| F|  |TAMS 0x00000004e5c00000| PB 0x00000004e5c00000| Untracked 
| 109|0x00000004e5e00000, 0x00000004e5e00000, 0x00000004e6000000|  0%| F|  |TAMS 0x00000004e5e00000| PB 0x00000004e5e00000| Untracked 
| 110|0x00000004e6000000, 0x00000004e6000000, 0x00000004e6200000|  0%| F|  |TAMS 0x00000004e6000000| PB 0x00000004e6000000| Untracked 
| 111|0x00000004e6200000, 0x00000004e6200000, 0x00000004e6400000|  0%| F|  |TAMS 0x00000004e6200000| PB 0x00000004e6200000| Untracked 
| 112|0x00000004e6400000, 0x00000004e6400000, 0x00000004e6600000|  0%| F|  |TAMS 0x00000004e6400000| PB 0x00000004e6400000| Untracked 
| 113|0x00000004e6600000, 0x00000004e66d85c0, 0x00000004e6800000| 42%| S|CS|TAMS 0x00000004e6600000| PB 0x00000004e6600000| Complete 
| 114|0x00000004e6800000, 0x00000004e6a00000, 0x00000004e6a00000|100%| S|CS|TAMS 0x00000004e6800000| PB 0x00000004e6800000| Complete 
| 115|0x00000004e6a00000, 0x00000004e6a32180, 0x00000004e6c00000|  9%| E|  |TAMS 0x00000004e6a00000| PB 0x00000004e6a00000| Complete 
| 116|0x00000004e6c00000, 0x00000004e6e00000, 0x00000004e6e00000|100%| E|CS|TAMS 0x00000004e6c00000| PB 0x00000004e6c00000| Complete 
| 117|0x00000004e6e00000, 0x00000004e7000000, 0x00000004e7000000|100%| E|CS|TAMS 0x00000004e6e00000| PB 0x00000004e6e00000| Complete 
| 118|0x00000004e7000000, 0x00000004e7200000, 0x00000004e7200000|100%| E|CS|TAMS 0x00000004e7000000| PB 0x00000004e7000000| Complete 
| 119|0x00000004e7200000, 0x00000004e7400000, 0x00000004e7400000|100%| E|CS|TAMS 0x00000004e7200000| PB 0x00000004e7200000| Complete 
| 120|0x00000004e7400000, 0x00000004e7600000, 0x00000004e7600000|100%| E|CS|TAMS 0x00000004e7400000| PB 0x00000004e7400000| Complete 
| 121|0x00000004e7600000, 0x00000004e7800000, 0x00000004e7800000|100%| E|CS|TAMS 0x00000004e7600000| PB 0x00000004e7600000| Complete 
| 122|0x00000004e7800000, 0x00000004e7a00000, 0x00000004e7a00000|100%| E|  |TAMS 0x00000004e7800000| PB 0x00000004e7800000| Complete 
| 123|0x00000004e7a00000, 0x00000004e7c00000, 0x00000004e7c00000|100%| E|CS|TAMS 0x00000004e7a00000| PB 0x00000004e7a00000| Complete 
| 124|0x00000004e7c00000, 0x00000004e7e00000, 0x00000004e7e00000|100%| E|CS|TAMS 0x00000004e7c00000| PB 0x00000004e7c00000| Complete 
| 125|0x00000004e7e00000, 0x00000004e8000000, 0x00000004e8000000|100%| E|CS|TAMS 0x00000004e7e00000| PB 0x00000004e7e00000| Complete 

Card table byte_map: [0x000001ad63ac0000,0x000001ad642a0000] _byte_map_base: 0x000001ad613fe000

Marking Bits: (CMBitMap*) 0x000001ad4bbec4e0
 Bits: [0x000001ad642a0000, 0x000001ad68188000)

Polling page: 0x000001ad499c0000

Metaspace:

Usage:
  Non-class:     11.61 MB used.
      Class:      1.48 MB used.
       Both:     13.09 MB used.

Virtual space:
  Non-class space:       64.00 MB reserved,      11.69 MB ( 18%) committed,  1 nodes.
      Class space:        1.00 GB reserved,       1.62 MB ( <1%) committed,  1 nodes.
             Both:        1.06 GB reserved,      13.31 MB (  1%) committed. 

Chunk freelists:
   Non-Class:  4.19 MB
       Class:  14.22 MB
        Both:  18.41 MB

MaxMetaspaceSize: unlimited
CompressedClassSpaceSize: 1.00 GB
Initial GC threshold: 21.00 MB
Current GC threshold: 21.00 MB
CDS: on
 - commit_granule_bytes: 65536.
 - commit_granule_words: 8192.
 - virtual_space_node_default_size: 8388608.
 - enlarge_chunks_in_place: 1.
 - use_allocation_guard: 0.


Internal statistics:

num_allocs_failed_limit: 0.
num_arena_births: 184.
num_arena_deaths: 0.
num_vsnodes_births: 2.
num_vsnodes_deaths: 0.
num_space_committed: 213.
num_space_uncommitted: 0.
num_chunks_returned_to_freelist: 0.
num_chunks_taken_from_freelist: 442.
num_chunk_merges: 0.
num_chunk_splits: 303.
num_chunks_enlarged: 218.
num_inconsistent_stats: 0.

CodeHeap 'non-profiled nmethods': size=120000Kb used=638Kb max_used=638Kb free=119361Kb
 bounds [0x000001ad5ba80000, 0x000001ad5bcf0000, 0x000001ad62fb0000]
CodeHeap 'profiled nmethods': size=120000Kb used=2922Kb max_used=2922Kb free=117077Kb
 bounds [0x000001ad53fb0000, 0x000001ad54290000, 0x000001ad5b4e0000]
CodeHeap 'non-nmethods': size=5760Kb used=1571Kb max_used=1592Kb free=4188Kb
 bounds [0x000001ad5b4e0000, 0x000001ad5b750000, 0x000001ad5ba80000]
 total_blobs=2290 nmethods=1660 adapters=534
 compilation: enabled
              stopped_count=0, restarted_count=0
 full_count=0

Compilation events (20 events):
Event: 8.136 Thread 0x000001ad6ac5dc40 1606       3       jdk.internal.misc.Unsafe::convEndian (16 bytes)
Event: 8.137 Thread 0x000001ad6ac5dc40 nmethod 1606 0x000001ad5426e990 code [0x000001ad5426eb40, 0x000001ad5426ecb0]
Event: 8.137 Thread 0x000001ad6ac5dc40 1607       3       java.lang.invoke.VarHandleGuards::guard_LI_J (78 bytes)
Event: 8.138 Thread 0x000001ad6ac5ad70 1609       4       sun.security.provider.SHA5::lf_ch (13 bytes)
Event: 8.138 Thread 0x000001ad70f93dd0 1610       4       sun.security.provider.SHA5::lf_maj (14 bytes)
Event: 8.138 Thread 0x000001ad6ac5dc40 nmethod 1607 0x000001ad5426ed90 code [0x000001ad5426f0c0, 0x000001ad54270a70]
Event: 8.138 Thread 0x000001ad70f93dd0 nmethod 1610 0x000001ad5bb1b510 code [0x000001ad5bb1b680, 0x000001ad5bb1b6f8]
Event: 8.138 Thread 0x000001ad6ac5ad70 nmethod 1609 0x000001ad5bb1b810 code [0x000001ad5bb1b980, 0x000001ad5bb1b9f8]
Event: 8.139 Thread 0x000001ad6ac5dc40 1613       3       java.lang.Long::reverseBytes (46 bytes)
Event: 8.139 Thread 0x000001ad6ac5dc40 nmethod 1613 0x000001ad54271190 code [0x000001ad54271320, 0x000001ad54271478]
Event: 8.139 Thread 0x000001ad6ac5dc40 1611       3       java.lang.invoke.VarHandleByteArrayAsLongs$ArrayHandle::get (36 bytes)
Event: 8.139 Thread 0x000001ad6ac5dc40 nmethod 1611 0x000001ad54271510 code [0x000001ad542716e0, 0x000001ad54271b10]
Event: 8.139 Thread 0x000001ad6ac5dc40 1612       3       jdk.internal.misc.Unsafe::getLongUnaligned (12 bytes)
Event: 8.139 Thread 0x000001ad6ac5dc40 nmethod 1612 0x000001ad54271c90 code [0x000001ad54271e40, 0x000001ad54272028]
Event: 8.142 Thread 0x000001ad6ac5dc40 1614       3       sun.security.ssl.SSLAlgorithmConstraints::permits (96 bytes)
Event: 8.142 Thread 0x000001ad6ac5dc40 nmethod 1614 0x000001ad54272110 code [0x000001ad54272300, 0x000001ad54272808]
Event: 8.143 Thread 0x000001ad6ac5dc40 1615       3       java.util.Collections$UnmodifiableCollection::isEmpty (10 bytes)
Event: 8.143 Thread 0x000001ad6ac5dc40 nmethod 1615 0x000001ad54272990 code [0x000001ad54272b40, 0x000001ad54272d20]
Event: 8.143 Thread 0x000001ad6ac5dc40 1616       3       com.sun.crypto.provider.GHASH::blockMult (245 bytes)
Event: 8.143 Thread 0x000001ad6ac5dc40 nmethod 1616 0x000001ad54272e10 code [0x000001ad54272fe0, 0x000001ad54273420]

GC Heap History (2 events):
Event: 0.632 GC heap before
{Heap before GC invocations=0 (full 0):
 garbage-first heap   total 258048K, used 22528K [0x00000004d8400000, 0x00000005d3e00000)
  region size 2048K, 11 young (22528K), 0 survivors (0K)
 Metaspace       used 4000K, committed 4160K, reserved 1114112K
  class space    used 404K, committed 448K, reserved 1048576K
}
Event: 0.635 GC heap after
{Heap after GC invocations=1 (full 0):
 garbage-first heap   total 258048K, used 4961K [0x00000004d8400000, 0x00000005d3e00000)
  region size 2048K, 2 young (4096K), 2 survivors (4096K)
 Metaspace       used 4000K, committed 4160K, reserved 1114112K
  class space    used 404K, committed 448K, reserved 1048576K
}

Dll operation events (20 events):
Event: 0.465 Loaded shared library C:\Users\prabh\.openjfx\cache\21+31\amd64\api-ms-win-crt-locale-l1-1-0.dll
Event: 0.468 Loaded shared library C:\Users\prabh\.openjfx\cache\21+31\amd64\api-ms-win-crt-math-l1-1-0.dll
Event: 0.470 Loaded shared library C:\Users\prabh\.openjfx\cache\21+31\amd64\api-ms-win-crt-multibyte-l1-1-0.dll
Event: 0.473 Loaded shared library C:\Users\prabh\.openjfx\cache\21+31\amd64\api-ms-win-crt-private-l1-1-0.dll
Event: 0.475 Loaded shared library C:\Users\prabh\.openjfx\cache\21+31\amd64\api-ms-win-crt-process-l1-1-0.dll
Event: 0.477 Loaded shared library C:\Users\prabh\.openjfx\cache\21+31\amd64\api-ms-win-crt-runtime-l1-1-0.dll
Event: 0.479 Loaded shared library C:\Users\prabh\.openjfx\cache\21+31\amd64\api-ms-win-crt-stdio-l1-1-0.dll
Event: 0.482 Loaded shared library C:\Users\prabh\.openjfx\cache\21+31\amd64\api-ms-win-crt-string-l1-1-0.dll
Event: 0.484 Loaded shared library C:\Users\prabh\.openjfx\cache\21+31\amd64\api-ms-win-crt-time-l1-1-0.dll
Event: 0.487 Loaded shared library C:\Users\prabh\.openjfx\cache\21+31\amd64\api-ms-win-crt-utility-l1-1-0.dll
Event: 0.500 Loaded shared library C:\Users\prabh\.openjfx\cache\21+31\amd64\ucrtbase.dll
Event: 0.503 Loaded shared library C:\Users\prabh\.openjfx\cache\21+31\amd64\vcruntime140.dll
Event: 0.506 Loaded shared library C:\Users\prabh\.openjfx\cache\21+31\amd64\vcruntime140_1.dll
Event: 0.513 Loaded shared library C:\Users\prabh\.openjfx\cache\21+31\amd64\msvcp140.dll
Event: 0.515 Loaded shared library C:\Users\prabh\.openjfx\cache\21+31\amd64\msvcp140_1.dll
Event: 0.519 Loaded shared library C:\Users\prabh\.openjfx\cache\21+31\amd64\msvcp140_2.dll
Event: 0.555 Loaded shared library C:\Users\prabh\.openjfx\cache\21+31\amd64\prism_d3d.dll
Event: 0.588 Loaded shared library C:\Users\prabh\.openjfx\cache\21+31\amd64\glass.dll
Event: 0.678 Loaded shared library C:\Program Files\Java\jdk-21.0.2\bin\jimage.dll
Event: 7.915 Loaded shared library C:\Program Files\Java\jdk-21.0.2\bin\sunmscapi.dll

Deoptimization events (20 events):
Event: 7.885 Thread 0x000001ad6ad4d7d0 Uncommon trap: trap_request=0xffffff45 fr.pc=0x000001ad5bac3e90 relative=0x00000000000000d0
Event: 7.885 Thread 0x000001ad6ad4d7d0 Uncommon trap: reason=unstable_if action=reinterpret pc=0x000001ad5bac3e90 method=jdk.internal.misc.Unsafe.convEndian(ZI)I @ 4 c2
Event: 7.885 Thread 0x000001ad6ad4d7d0 DEOPT PACKING pc=0x000001ad5bac3e90 sp=0x0000000763dfd510
Event: 7.885 Thread 0x000001ad6ad4d7d0 DEOPT UNPACKING pc=0x000001ad5b5346a2 sp=0x0000000763dfd3a8 mode 2
Event: 7.885 Thread 0x000001ad6ad4d7d0 Uncommon trap: trap_request=0xffffff45 fr.pc=0x000001ad5bac7b64 relative=0x0000000000000044
Event: 7.885 Thread 0x000001ad6ad4d7d0 Uncommon trap: reason=unstable_if action=reinterpret pc=0x000001ad5bac7b64 method=jdk.internal.misc.Unsafe.convEndian(ZI)I @ 4 c2
Event: 7.885 Thread 0x000001ad6ad4d7d0 DEOPT PACKING pc=0x000001ad5bac7b64 sp=0x0000000763dfd390
Event: 7.885 Thread 0x000001ad6ad4d7d0 DEOPT UNPACKING pc=0x000001ad5b5346a2 sp=0x0000000763dfd328 mode 2
Event: 7.897 Thread 0x000001ad6ad4d7d0 Uncommon trap: trap_request=0xffffff45 fr.pc=0x000001ad5bad400c relative=0x00000000000005ac
Event: 7.897 Thread 0x000001ad6ad4d7d0 Uncommon trap: reason=unstable_if action=reinterpret pc=0x000001ad5bad400c method=java.lang.AbstractStringBuilder.inflateIfNeededFor(Ljava/lang/String;)V @ 14 c2
Event: 7.897 Thread 0x000001ad6ad4d7d0 DEOPT PACKING pc=0x000001ad5bad400c sp=0x0000000763dfc1f0
Event: 7.897 Thread 0x000001ad6ad4d7d0 DEOPT UNPACKING pc=0x000001ad5b5346a2 sp=0x0000000763dfc0a0 mode 2
Event: 7.897 Thread 0x000001ad6ad4d7d0 Uncommon trap: trap_request=0xffffff45 fr.pc=0x000001ad5baec910 relative=0x00000000000005b0
Event: 7.897 Thread 0x000001ad6ad4d7d0 Uncommon trap: reason=unstable_if action=reinterpret pc=0x000001ad5baec910 method=java.lang.AbstractStringBuilder.inflateIfNeededFor(Ljava/lang/String;)V @ 14 c2
Event: 7.897 Thread 0x000001ad6ad4d7d0 DEOPT PACKING pc=0x000001ad5baec910 sp=0x0000000763dfc190
Event: 7.897 Thread 0x000001ad6ad4d7d0 DEOPT UNPACKING pc=0x000001ad5b5346a2 sp=0x0000000763dfc098 mode 2
Event: 8.026 Thread 0x000001ad6ad4d7d0 Uncommon trap: trap_request=0xffffff45 fr.pc=0x000001ad5ba921b4 relative=0x0000000000000194
Event: 8.026 Thread 0x000001ad6ad4d7d0 Uncommon trap: reason=unstable_if action=reinterpret pc=0x000001ad5ba921b4 method=jdk.internal.util.ArraysSupport.vectorizedHashCode(Ljava/lang/Object;IIII)I @ 2 c2
Event: 8.026 Thread 0x000001ad6ad4d7d0 DEOPT PACKING pc=0x000001ad5ba921b4 sp=0x0000000763dfac80
Event: 8.026 Thread 0x000001ad6ad4d7d0 DEOPT UNPACKING pc=0x000001ad5b5346a2 sp=0x0000000763dfac30 mode 2

Classes loaded (20 events):
Event: 8.148 Loading class java/security/spec/RSAPrivateKeySpec done
Event: 8.148 Loading class java/security/spec/RSAPrivateCrtKeySpec
Event: 8.148 Loading class java/security/spec/RSAPrivateCrtKeySpec done
Event: 8.148 Loading class java/security/spec/PKCS8EncodedKeySpec
Event: 8.148 Loading class java/security/spec/PKCS8EncodedKeySpec done
Event: 8.148 Loading class sun/security/rsa/RSAUtil$KeyType
Event: 8.148 Loading class sun/security/rsa/RSAUtil$KeyType done
Event: 8.148 Loading class sun/security/rsa/RSAPublicKeyImpl
Event: 8.148 Loading class java/security/interfaces/RSAPublicKey
Event: 8.148 Loading class java/security/interfaces/RSAPublicKey done
Event: 8.148 Loading class sun/security/rsa/RSAPublicKeyImpl done
Event: 8.148 Loading class sun/security/rsa/RSAUtil
Event: 8.148 Loading class sun/security/rsa/RSAUtil done
Event: 8.149 Loading class sun/security/x509/CertificateExtensions
Event: 8.149 Loading class sun/security/x509/CertificateExtensions done
Event: 8.149 Loading class sun/security/x509/Extension
Event: 8.149 Loading class java/security/cert/Extension
Event: 8.149 Loading class java/security/cert/Extension done
Event: 8.149 Loading class sun/security/x509/Extension done
Event: 8.149 Loading class sun/security/x509/OIDMap

Classes unloaded (0 events):
No events

Classes redefined (0 events):
No events

Internal exceptions (20 events):
Event: 0.290 Thread 0x000001ad4bb82d70 Exception <a 'java/lang/NoSuchMethodError'{0x00000004e750f5c0}: 'java.lang.Object java.lang.invoke.Invokers$Holder.invokeExact_MT(java.lang.Object, java.lang.Object, java.lang.Object, java.lang.Object, java.lang.Object, java.lang.Object)'> (0x00000004e750f5c0) 
thrown [s\open\src\hotspot\share\interpreter\linkResolver.cpp, line 773]
Event: 0.571 Thread 0x000001ad4bb82d70 Exception <a 'java/lang/NoSuchMethodError'{0x00000004e6ce8868}: 'int java.lang.invoke.DirectMethodHandle$Holder.invokeStaticInit(java.lang.Object, java.lang.Object, java.lang.Object)'> (0x00000004e6ce8868) 
thrown [s\open\src\hotspot\share\interpreter\linkResolver.cpp, line 773]
Event: 0.591 Thread 0x000001ad4bb82d70 Exception <a 'java/lang/NoSuchMethodError'{0x00000004e6dc8b20}: 'java.lang.Object java.lang.invoke.DirectMethodHandle$Holder.newInvokeSpecial(java.lang.Object, java.lang.Object, int, java.lang.Object)'> (0x00000004e6dc8b20) 
thrown [s\open\src\hotspot\share\interpreter\linkResolver.cpp, line 773]
Event: 0.591 Thread 0x000001ad4bb82d70 Exception <a 'java/lang/NoSuchMethodError'{0x00000004e6a042f8}: 'java.lang.Object java.lang.invoke.DirectMethodHandle$Holder.invokeSpecial(java.lang.Object, java.lang.Object, java.lang.Object, int, java.lang.Object)'> (0x00000004e6a042f8) 
thrown [s\open\src\hotspot\share\interpreter\linkResolver.cpp, line 773]
Event: 0.646 Thread 0x000001ad6ad4d7d0 Exception <a 'java/lang/NoSuchMethodError'{0x00000004e7fe8b50}: 'void java.lang.invoke.DirectMethodHandle$Holder.invokeStaticInit(java.lang.Object)'> (0x00000004e7fe8b50) 
thrown [s\open\src\hotspot\share\interpreter\linkResolver.cpp, line 773]
Event: 0.651 Thread 0x000001ad4bb82d70 Exception <a 'java/lang/NoSuchMethodError'{0x00000004e7c39530}: 'java.lang.Object java.lang.invoke.DirectMethodHandle$Holder.newInvokeSpecial(java.lang.Object, java.lang.Object, java.lang.Object, java.lang.Object, java.lang.Object, java.lang.Object)'> (0x00000004e7c39530) 
thrown [s\open\src\hotspot\share\interpreter\linkResolver.cpp, line 773]
Event: 0.673 Thread 0x000001ad4bb82d70 Exception <a 'java/lang/NoSuchMethodError'{0x00000004e7c76100}: 'java.lang.Object java.lang.invoke.DirectMethodHandle$Holder.newInvokeSpecial(java.lang.Object, java.lang.Object, java.lang.Object, java.lang.Object, java.lang.Object)'> (0x00000004e7c76100) 
thrown [s\open\src\hotspot\share\interpreter\linkResolver.cpp, line 773]
Event: 0.717 Thread 0x000001ad6ad4d7d0 Exception <a 'java/lang/NoSuchMethodError'{0x00000004e7b445e0}: 'void java.lang.invoke.DirectMethodHandle$Holder.invokeStatic(java.lang.Object, long)'> (0x00000004e7b445e0) 
thrown [s\open\src\hotspot\share\interpreter\linkResolver.cpp, line 773]
Event: 0.718 Thread 0x000001ad6ad4d7d0 Exception <a 'java/lang/NoSuchMethodError'{0x00000004e7b49420}: 'java.lang.Object java.lang.invoke.DirectMethodHandle$Holder.newInvokeSpecial(java.lang.Object, long)'> (0x00000004e7b49420) 
thrown [s\open\src\hotspot\share\interpreter\linkResolver.cpp, line 773]
Event: 0.720 Thread 0x000001ad6ad4d7d0 Exception <a 'java/lang/NoSuchMethodError'{0x00000004e7b50910}: 'java.lang.Object java.lang.invoke.DirectMethodHandle$Holder.invokeStatic(java.lang.Object, long, java.lang.Object)'> (0x00000004e7b50910) 
thrown [s\open\src\hotspot\share\interpreter\linkResolver.cpp, line 773]
Event: 0.721 Thread 0x000001ad6ad4d7d0 Exception <a 'java/lang/NoSuchMethodError'{0x00000004e7b54098}: 'java.lang.Object java.lang.invoke.DirectMethodHandle$Holder.invokeStaticInit(java.lang.Object, long, java.lang.Object)'> (0x00000004e7b54098) 
thrown [s\open\src\hotspot\share\interpreter\linkResolver.cpp, line 773]
Event: 0.727 Thread 0x000001ad6ad4d7d0 Exception <a 'sun/nio/fs/WindowsException'{0x00000004e7b67b88}> (0x00000004e7b67b88) 
thrown [s\open\src\hotspot\share\prims\jni.cpp, line 520]
Event: 7.757 Thread 0x000001ad6ad4d7d0 Exception <a 'sun/nio/fs/WindowsException'{0x00000004e783e4d8}> (0x00000004e783e4d8) 
thrown [s\open\src\hotspot\share\prims\jni.cpp, line 520]
Event: 7.801 Thread 0x000001ad6ad4d7d0 Exception <a 'java/lang/NoSuchMethodError'{0x00000004e7990178}: 'java.lang.Object java.lang.invoke.DirectMethodHandle$Holder.invokeVirtual(java.lang.Object, java.lang.Object, java.lang.Object)'> (0x00000004e7990178) 
thrown [s\open\src\hotspot\share\interpreter\linkResolver.cpp, line 773]
Event: 7.850 Thread 0x000001ad6ad4d7d0 Exception <a 'sun/nio/fs/WindowsException'{0x00000004e759f6b0}> (0x00000004e759f6b0) 
thrown [s\open\src\hotspot\share\prims\jni.cpp, line 520]
Event: 7.909 Thread 0x000001ad6ad4d7d0 Exception <a 'java/lang/NoSuchMethodError'{0x00000004e711e6a0}: 'void java.lang.invoke.DirectMethodHandle$Holder.invokeStaticInit(java.lang.Object, java.lang.Object)'> (0x00000004e711e6a0) 
thrown [s\open\src\hotspot\share\interpreter\linkResolver.cpp, line 773]
Event: 7.949 Thread 0x000001ad6ad4d7d0 Exception <a 'sun/nio/fs/WindowsException'{0x00000004e6e30d28}> (0x00000004e6e30d28) 
thrown [s\open\src\hotspot\share\prims\jni.cpp, line 520]
Event: 7.955 Thread 0x000001ad6ad4d7d0 Exception <a 'sun/nio/fs/WindowsException'{0x00000004e6e41898}> (0x00000004e6e41898) 
thrown [s\open\src\hotspot\share\prims\jni.cpp, line 520]
Event: 7.987 Thread 0x000001ad6ad4d7d0 Exception <a 'java/lang/NoSuchMethodError'{0x00000004e6edd770}: 'java.lang.Object java.lang.invoke.DirectMethodHandle$Holder.invokeStaticInit(java.lang.Object, int, int, int, int)'> (0x00000004e6edd770) 
thrown [s\open\src\hotspot\share\interpreter\linkResolver.cpp, line 773]
Event: 7.998 Thread 0x000001ad6ad4d7d0 Exception <a 'java/lang/NoSuchMethodError'{0x00000004e6f3de68}: 'java.lang.Object java.lang.invoke.DirectMethodHandle$Holder.invokeStaticInit(java.lang.Object, java.lang.Object, int, int, int, int)'> (0x00000004e6f3de68) 
thrown [s\open\src\hotspot\share\interpreter\linkResolver.cpp, line 773]

ZGC Phase Switch (0 events):
No events

VM Operations (20 events):
Event: 0.723 Executing VM operation: HandshakeAllThreads (Deoptimize)
Event: 0.723 Executing VM operation: HandshakeAllThreads (Deoptimize) done
Event: 1.722 Executing VM operation: Cleanup
Event: 1.722 Executing VM operation: Cleanup done
Event: 7.760 Executing VM operation: HandshakeAllThreads (Deoptimize)
Event: 7.760 Executing VM operation: HandshakeAllThreads (Deoptimize) done
Event: 7.760 Executing VM operation: Cleanup
Event: 7.760 Executing VM operation: Cleanup done
Event: 7.765 Executing VM operation: HandshakeAllThreads (Deoptimize)
Event: 7.765 Executing VM operation: HandshakeAllThreads (Deoptimize) done
Event: 7.797 Executing VM operation: HandshakeAllThreads (Deoptimize)
Event: 7.797 Executing VM operation: HandshakeAllThreads (Deoptimize) done
Event: 7.855 Executing VM operation: HandshakeAllThreads (Deoptimize)
Event: 7.855 Executing VM operation: HandshakeAllThreads (Deoptimize) done
Event: 7.955 Executing VM operation: HandshakeAllThreads (Deoptimize)
Event: 7.955 Executing VM operation: HandshakeAllThreads (Deoptimize) done
Event: 7.973 Executing VM operation: HandshakeAllThreads (Deoptimize)
Event: 7.973 Executing VM operation: HandshakeAllThreads (Deoptimize) done
Event: 8.144 Executing VM operation: HandshakeAllThreads (Deoptimize)
Event: 8.144 Executing VM operation: HandshakeAllThreads (Deoptimize) done

Events (20 events):
Event: 0.056 Thread 0x000001ad6ac48d80 Thread added: 0x000001ad6ac48d80
Event: 0.056 Thread 0x000001ad6ac497e0 Thread added: 0x000001ad6ac497e0
Event: 0.056 Thread 0x000001ad6ac4cac0 Thread added: 0x000001ad6ac4cac0
Event: 0.056 Thread 0x000001ad6ac5ad70 Thread added: 0x000001ad6ac5ad70
Event: 0.057 Thread 0x000001ad6ac5dc40 Thread added: 0x000001ad6ac5dc40
Event: 0.091 Thread 0x000001ad6ad4f210 Thread added: 0x000001ad6ad4f210
Event: 0.167 Thread 0x000001ad6ae6bf30 Thread added: 0x000001ad6ae6bf30
Event: 0.173 Thread 0x000001ad6aea51b0 Thread added: 0x000001ad6aea51b0
Event: 0.273 Thread 0x000001ad6ad4bd90 Thread added: 0x000001ad6ad4bd90
Event: 0.273 Thread 0x000001ad6ad4c420 Thread added: 0x000001ad6ad4c420
Event: 0.544 Thread 0x000001ad6ad4cab0 Thread added: 0x000001ad6ad4cab0
Event: 0.590 Thread 0x000001ad6ad4d140 Thread added: 0x000001ad6ad4d140
Event: 0.593 Thread 0x000001ad6ad4d7d0 Thread added: 0x000001ad6ad4d7d0
Event: 0.670 Thread 0x000001ad6ad4de60 Thread added: 0x000001ad6ad4de60
Event: 0.673 Thread 0x000001ad6ad4e4f0 Thread added: 0x000001ad6ad4e4f0
Event: 1.165 Thread 0x000001ad6aea51b0 Thread exited: 0x000001ad6aea51b0
Event: 2.524 Thread 0x000001ad6ae6bf30 Thread exited: 0x000001ad6ae6bf30
Event: 7.744 Thread 0x000001ad6ad4eb80 Thread added: 0x000001ad6ad4eb80
Event: 7.929 Thread 0x000001ad70f93dd0 Thread added: 0x000001ad70f93dd0
Event: 7.929 Thread 0x000001ad70008090 Thread added: 0x000001ad70008090


Dynamic libraries:
0x00007ff79a720000 - 0x00007ff79a730000 	C:\Program Files\Java\jdk-21.0.2\bin\java.exe
0x00007ffc71930000 - 0x00007ffc71b47000 	C:\WINDOWS\SYSTEM32\ntdll.dll
0x00007ffc708f0000 - 0x00007ffc709b4000 	C:\WINDOWS\System32\KERNEL32.DLL
0x00007ffc6eeb0000 - 0x00007ffc6f269000 	C:\WINDOWS\System32\KERNELBASE.dll
0x00007ffc6ed90000 - 0x00007ffc6eea1000 	C:\WINDOWS\System32\ucrtbase.dll
0x00007ffc6b010000 - 0x00007ffc6b029000 	C:\Program Files\Java\jdk-21.0.2\bin\jli.dll
0x00007ffc6f650000 - 0x00007ffc6f702000 	C:\WINDOWS\System32\ADVAPI32.dll
0x00007ffc6fb90000 - 0x00007ffc6fc37000 	C:\WINDOWS\System32\msvcrt.dll
0x00007ffc70dd0000 - 0x00007ffc70e77000 	C:\WINDOWS\System32\sechost.dll
0x00007ffc6f620000 - 0x00007ffc6f648000 	C:\WINDOWS\System32\bcrypt.dll
0x00007ffc707d0000 - 0x00007ffc708e4000 	C:\WINDOWS\System32\RPCRT4.dll
0x00007ffc716f0000 - 0x00007ffc7189e000 	C:\WINDOWS\System32\USER32.dll
0x00007ffc6f5f0000 - 0x00007ffc6f616000 	C:\WINDOWS\System32\win32u.dll
0x00007ffc6fc50000 - 0x00007ffc6fc79000 	C:\WINDOWS\System32\GDI32.dll
0x00007ffc6f450000 - 0x00007ffc6f56b000 	C:\WINDOWS\System32\gdi32full.dll
0x00007ffc6ecf0000 - 0x00007ffc6ed8a000 	C:\WINDOWS\System32\msvcp_win.dll
0x00007ffc6aff0000 - 0x00007ffc6b00b000 	C:\Program Files\Java\jdk-21.0.2\bin\VCRUNTIME140.dll
0x00007ffc58b00000 - 0x00007ffc58d92000 	C:\WINDOWS\WinSxS\amd64_microsoft.windows.common-controls_6595b64144ccf1df_6.0.22621.4391_none_2715d37f73803e96\COMCTL32.dll
0x00007ffc683a0000 - 0x00007ffc683aa000 	C:\WINDOWS\SYSTEM32\VERSION.dll
0x00007ffc6fe60000 - 0x00007ffc6fe91000 	C:\WINDOWS\System32\IMM32.DLL
0x00007ffc54610000 - 0x00007ffc54771000 	C:\Program Files (x86)\Citrix\ICA Client\ctxapclient64.dll
0x00007ffc70e80000 - 0x00007ffc7120f000 	C:\WINDOWS\System32\combase.dll
0x00007ffc6de70000 - 0x00007ffc6dea4000 	C:\WINDOWS\SYSTEM32\ntmarta.dll
0x00007ffc6f570000 - 0x00007ffc6f5eb000 	C:\WINDOWS\System32\bcryptprimitives.dll
0x00007ffc544d0000 - 0x00007ffc5450a000 	C:\Program Files (x86)\Citrix\ICA Client\Receiver\FeatureFlagHelper64.dll
0x00007ffc6afe0000 - 0x00007ffc6afec000 	C:\Program Files\Java\jdk-21.0.2\bin\vcruntime140_1.dll
0x00007ffc67e60000 - 0x00007ffc67eee000 	C:\Program Files\Java\jdk-21.0.2\bin\msvcp140.dll
0x00007ffc250d0000 - 0x00007ffc25de7000 	C:\Program Files\Java\jdk-21.0.2\bin\server\jvm.dll
0x00007ffc70b80000 - 0x00007ffc70bf1000 	C:\WINDOWS\System32\WS2_32.dll
0x00007ffc6dac0000 - 0x00007ffc6db0d000 	C:\WINDOWS\SYSTEM32\POWRPROF.dll
0x00007ffc6a360000 - 0x00007ffc6a394000 	C:\WINDOWS\SYSTEM32\WINMM.dll
0x00007ffc6daa0000 - 0x00007ffc6dab3000 	C:\WINDOWS\SYSTEM32\UMPDC.dll
0x00007ffc6dd60000 - 0x00007ffc6dd78000 	C:\WINDOWS\SYSTEM32\kernel.appcore.dll
0x00007ffc6afd0000 - 0x00007ffc6afda000 	C:\Program Files\Java\jdk-21.0.2\bin\jimage.dll
0x00007ffc54fd0000 - 0x00007ffc55202000 	C:\WINDOWS\SYSTEM32\DBGHELP.DLL
0x00007ffc71470000 - 0x00007ffc71547000 	C:\WINDOWS\System32\OLEAUT32.dll
0x00007ffc58a20000 - 0x00007ffc58a52000 	C:\WINDOWS\SYSTEM32\dbgcore.DLL
0x00007ffc67e50000 - 0x00007ffc67e5f000 	C:\Program Files\Java\jdk-21.0.2\bin\instrument.dll
0x00007ffc695d0000 - 0x00007ffc695ef000 	C:\Program Files\Java\jdk-21.0.2\bin\java.dll
0x000001ad6b020000 - 0x000001ad6b896000 	C:\WINDOWS\System32\SHELL32.dll
0x00007ffc6cb80000 - 0x00007ffc6d483000 	C:\WINDOWS\SYSTEM32\windows.storage.dll
0x00007ffc6ca40000 - 0x00007ffc6cb7f000 	C:\WINDOWS\SYSTEM32\wintypes.dll
0x00007ffc6fca0000 - 0x00007ffc6fd99000 	C:\WINDOWS\System32\SHCORE.dll
0x00007ffc6fe00000 - 0x00007ffc6fe5e000 	C:\WINDOWS\System32\shlwapi.dll
0x00007ffc6eb60000 - 0x00007ffc6eb8b000 	C:\WINDOWS\SYSTEM32\profapi.dll
0x00007ffc663b0000 - 0x00007ffc66487000 	C:\Program Files\Java\jdk-21.0.2\bin\jsvml.dll
0x00007ffc66580000 - 0x00007ffc66590000 	C:\Program Files\Java\jdk-21.0.2\bin\net.dll
0x00007ffc679a0000 - 0x00007ffc67ad6000 	C:\WINDOWS\SYSTEM32\WINHTTP.dll
0x00007ffc6e1e0000 - 0x00007ffc6e249000 	C:\WINDOWS\system32\mswsock.dll
0x00007ffc66390000 - 0x00007ffc663a6000 	C:\Program Files\Java\jdk-21.0.2\bin\nio.dll
0x00007ffc66370000 - 0x00007ffc66388000 	C:\Program Files\Java\jdk-21.0.2\bin\zip.dll
0x00007ffc62790000 - 0x00007ffc627aa000 	D:\IntelliJ IDEA 2024.2.4\bin\breakgen64.dll
0x000001ad49a10000 - 0x000001ad49a13000 	C:\Users\prabh\.openjfx\cache\21+31\amd64\api-ms-win-core-console-l1-1-0.dll
0x000001ad49a20000 - 0x000001ad49a23000 	C:\Users\prabh\.openjfx\cache\21+31\amd64\api-ms-win-core-console-l1-2-0.dll
0x000001ad49a30000 - 0x000001ad49a33000 	C:\Users\prabh\.openjfx\cache\21+31\amd64\api-ms-win-core-datetime-l1-1-0.dll
0x000001ad49a40000 - 0x000001ad49a43000 	C:\Users\prabh\.openjfx\cache\21+31\amd64\api-ms-win-core-debug-l1-1-0.dll
0x000001ad49a50000 - 0x000001ad49a53000 	C:\Users\prabh\.openjfx\cache\21+31\amd64\api-ms-win-core-errorhandling-l1-1-0.dll
0x000001ad4bad0000 - 0x000001ad4bad4000 	C:\Users\prabh\.openjfx\cache\21+31\amd64\api-ms-win-core-file-l1-1-0.dll
0x000001ad4bae0000 - 0x000001ad4bae3000 	C:\Users\prabh\.openjfx\cache\21+31\amd64\api-ms-win-core-file-l1-2-0.dll
0x000001ad4baf0000 - 0x000001ad4baf3000 	C:\Users\prabh\.openjfx\cache\21+31\amd64\api-ms-win-core-file-l2-1-0.dll
0x000001ad4bb00000 - 0x000001ad4bb03000 	C:\Users\prabh\.openjfx\cache\21+31\amd64\api-ms-win-core-handle-l1-1-0.dll
0x000001ad6b8a0000 - 0x000001ad6b8a3000 	C:\Users\prabh\.openjfx\cache\21+31\amd64\api-ms-win-core-heap-l1-1-0.dll
0x000001ad6b8b0000 - 0x000001ad6b8b3000 	C:\Users\prabh\.openjfx\cache\21+31\amd64\api-ms-win-core-interlocked-l1-1-0.dll
0x000001ad6b8c0000 - 0x000001ad6b8c3000 	C:\Users\prabh\.openjfx\cache\21+31\amd64\api-ms-win-core-libraryloader-l1-1-0.dll
0x000001ad6b8d0000 - 0x000001ad6b8d3000 	C:\Users\prabh\.openjfx\cache\21+31\amd64\api-ms-win-core-localization-l1-2-0.dll
0x000001ad6b8e0000 - 0x000001ad6b8e3000 	C:\Users\prabh\.openjfx\cache\21+31\amd64\api-ms-win-core-memory-l1-1-0.dll
0x000001ad6b8f0000 - 0x000001ad6b8f3000 	C:\Users\prabh\.openjfx\cache\21+31\amd64\api-ms-win-core-namedpipe-l1-1-0.dll
0x000001ad6b900000 - 0x000001ad6b903000 	C:\Users\prabh\.openjfx\cache\21+31\amd64\api-ms-win-core-processenvironment-l1-1-0.dll
0x000001ad6b910000 - 0x000001ad6b913000 	C:\Users\prabh\.openjfx\cache\21+31\amd64\api-ms-win-core-processthreads-l1-1-0.dll
0x000001ad6b920000 - 0x000001ad6b923000 	C:\Users\prabh\.openjfx\cache\21+31\amd64\api-ms-win-core-processthreads-l1-1-1.dll
0x000001ad6b930000 - 0x000001ad6b933000 	C:\Users\prabh\.openjfx\cache\21+31\amd64\api-ms-win-core-profile-l1-1-0.dll
0x000001ad6b940000 - 0x000001ad6b943000 	C:\Users\prabh\.openjfx\cache\21+31\amd64\api-ms-win-core-rtlsupport-l1-1-0.dll
0x000001ad6b950000 - 0x000001ad6b953000 	C:\Users\prabh\.openjfx\cache\21+31\amd64\api-ms-win-core-string-l1-1-0.dll
0x000001ad6b960000 - 0x000001ad6b963000 	C:\Users\prabh\.openjfx\cache\21+31\amd64\api-ms-win-core-synch-l1-1-0.dll
0x000001ad6b970000 - 0x000001ad6b973000 	C:\Users\prabh\.openjfx\cache\21+31\amd64\api-ms-win-core-synch-l1-2-0.dll
0x000001ad6b980000 - 0x000001ad6b983000 	C:\Users\prabh\.openjfx\cache\21+31\amd64\api-ms-win-core-sysinfo-l1-1-0.dll
0x000001ad6b990000 - 0x000001ad6b993000 	C:\Users\prabh\.openjfx\cache\21+31\amd64\api-ms-win-core-timezone-l1-1-0.dll
0x000001ad6b9a0000 - 0x000001ad6b9a3000 	C:\Users\prabh\.openjfx\cache\21+31\amd64\api-ms-win-core-util-l1-1-0.dll
0x000001ad6b9b0000 - 0x000001ad6b9b3000 	C:\Users\prabh\.openjfx\cache\21+31\amd64\api-ms-win-crt-conio-l1-1-0.dll
0x000001ad6b9c0000 - 0x000001ad6b9c4000 	C:\Users\prabh\.openjfx\cache\21+31\amd64\api-ms-win-crt-convert-l1-1-0.dll
0x000001ad6b9d0000 - 0x000001ad6b9d3000 	C:\Users\prabh\.openjfx\cache\21+31\amd64\api-ms-win-crt-environment-l1-1-0.dll
0x000001ad6b9e0000 - 0x000001ad6b9e3000 	C:\Users\prabh\.openjfx\cache\21+31\amd64\api-ms-win-crt-filesystem-l1-1-0.dll
0x000001ad6b9f0000 - 0x000001ad6b9f3000 	C:\Users\prabh\.openjfx\cache\21+31\amd64\api-ms-win-crt-heap-l1-1-0.dll
0x000001ad6ba00000 - 0x000001ad6ba03000 	C:\Users\prabh\.openjfx\cache\21+31\amd64\api-ms-win-crt-locale-l1-1-0.dll
0x000001ad6ba10000 - 0x000001ad6ba15000 	C:\Users\prabh\.openjfx\cache\21+31\amd64\api-ms-win-crt-math-l1-1-0.dll
0x000001ad6ba20000 - 0x000001ad6ba25000 	C:\Users\prabh\.openjfx\cache\21+31\amd64\api-ms-win-crt-multibyte-l1-1-0.dll
0x000001ad6ba30000 - 0x000001ad6ba40000 	C:\Users\prabh\.openjfx\cache\21+31\amd64\api-ms-win-crt-private-l1-1-0.dll
0x000001ad6ba40000 - 0x000001ad6ba43000 	C:\Users\prabh\.openjfx\cache\21+31\amd64\api-ms-win-crt-process-l1-1-0.dll
0x000001ad6ba50000 - 0x000001ad6ba54000 	C:\Users\prabh\.openjfx\cache\21+31\amd64\api-ms-win-crt-runtime-l1-1-0.dll
0x000001ad6ba60000 - 0x000001ad6ba64000 	C:\Users\prabh\.openjfx\cache\21+31\amd64\api-ms-win-crt-stdio-l1-1-0.dll
0x000001ad6ba70000 - 0x000001ad6ba74000 	C:\Users\prabh\.openjfx\cache\21+31\amd64\api-ms-win-crt-string-l1-1-0.dll
0x000001ad6ba80000 - 0x000001ad6ba83000 	C:\Users\prabh\.openjfx\cache\21+31\amd64\api-ms-win-crt-time-l1-1-0.dll
0x000001ad6ba90000 - 0x000001ad6ba93000 	C:\Users\prabh\.openjfx\cache\21+31\amd64\api-ms-win-crt-utility-l1-1-0.dll
0x00007ffc3ba20000 - 0x00007ffc3bb1c000 	C:\Users\prabh\.openjfx\cache\21+31\amd64\ucrtbase.dll
0x00007ffc59bb0000 - 0x00007ffc59bcb000 	C:\Users\prabh\.openjfx\cache\21+31\amd64\vcruntime140.dll
0x00007ffc62b30000 - 0x00007ffc62b3c000 	C:\Users\prabh\.openjfx\cache\21+31\amd64\vcruntime140_1.dll
0x00007ffc50ea0000 - 0x00007ffc50f2e000 	C:\Users\prabh\.openjfx\cache\21+31\amd64\msvcp140.dll
0x00007ffc712c0000 - 0x00007ffc71465000 	C:\WINDOWS\System32\ole32.dll
0x00007ffc5cb30000 - 0x00007ffc5cb39000 	C:\Users\prabh\.openjfx\cache\21+31\amd64\msvcp140_1.dll
0x00007ffc59ad0000 - 0x00007ffc59aff000 	C:\Users\prabh\.openjfx\cache\21+31\amd64\msvcp140_2.dll
0x00007ffc52f20000 - 0x00007ffc52f4f000 	C:\Users\prabh\.openjfx\cache\21+31\amd64\prism_d3d.dll
0x00007ffc32330000 - 0x00007ffc324d8000 	C:\WINDOWS\system32\d3d9.dll
0x00007ffc6c310000 - 0x00007ffc6c33b000 	C:\WINDOWS\SYSTEM32\dwmapi.dll
0x00007ffc6c380000 - 0x00007ffc6c3b7000 	C:\WINDOWS\SYSTEM32\dxcore.dll
0x00007ffc6c0c0000 - 0x00007ffc6c171000 	C:\WINDOWS\system32\uxtheme.dll
0x00007ffc10e80000 - 0x00007ffc1102d000 	C:\WINDOWS\System32\DriverStore\FileRepository\iigd_dch.inf_amd64_306090fd1d6bb4fa\igdumdim64.dll
0x00007ffc00460000 - 0x00007ffc03504000 	C:\WINDOWS\System32\DriverStore\FileRepository\iigd_dch.inf_amd64_306090fd1d6bb4fa\igd9dxva64.dll
0x000001ad70800000 - 0x000001ad70c74000 	C:\WINDOWS\System32\SETUPAPI.dll
0x00007ffc6e920000 - 0x00007ffc6e96e000 	C:\WINDOWS\SYSTEM32\cfgmgr32.dll
0x00007ffc61da0000 - 0x00007ffc621a9000 	C:\WINDOWS\System32\DriverStore\FileRepository\iigd_dch.inf_amd64_306090fd1d6bb4fa\igdgmm64.dll
0x00007ffc66af0000 - 0x00007ffc66b39000 	C:\WINDOWS\SYSTEM32\directxdatabasehelper.dll
0x00007ffc41400000 - 0x00007ffc41442000 	C:\Users\prabh\.openjfx\cache\21+31\amd64\glass.dll
0x00007ffc715f0000 - 0x00007ffc716ef000 	C:\WINDOWS\System32\COMDLG32.dll
0x00007ffc70c10000 - 0x00007ffc70d70000 	C:\WINDOWS\System32\MSCTF.dll
0x00007ffc3a020000 - 0x00007ffc3a047000 	C:\WINDOWS\System32\DriverStore\FileRepository\iigd_dch.inf_amd64_306090fd1d6bb4fa\igdinfo64.dll
0x00007ffc6e430000 - 0x00007ffc6e44b000 	C:\WINDOWS\SYSTEM32\CRYPTSP.dll
0x00007ffc6dcc0000 - 0x00007ffc6dcf5000 	C:\WINDOWS\system32\rsaenh.dll
0x00007ffc6e450000 - 0x00007ffc6e45c000 	C:\WINDOWS\SYSTEM32\CRYPTBASE.dll
0x00007ffc5e600000 - 0x00007ffc61d96000 	C:\WINDOWS\System32\DriverStore\FileRepository\iigd_dch.inf_amd64_306090fd1d6bb4fa\igc64.dll
0x00007ffc6d7d0000 - 0x00007ffc6d8d2000 	C:\WINDOWS\SYSTEM32\DNSAPI.dll
0x00007ffc6d760000 - 0x00007ffc6d78d000 	C:\WINDOWS\SYSTEM32\IPHLPAPI.DLL
0x00007ffc707c0000 - 0x00007ffc707c9000 	C:\WINDOWS\System32\NSI.dll
0x00007ffc650b0000 - 0x00007ffc650ba000 	C:\Windows\System32\rasadhlp.dll
0x00007ffc67070000 - 0x00007ffc670f3000 	C:\WINDOWS\System32\fwpuclnt.dll
0x00007ffc63a20000 - 0x00007ffc63a2e000 	C:\Program Files\Java\jdk-21.0.2\bin\sunmscapi.dll
0x00007ffc6f2e0000 - 0x00007ffc6f446000 	C:\WINDOWS\System32\CRYPT32.dll
0x00007ffc6e5f0000 - 0x00007ffc6e61d000 	C:\WINDOWS\SYSTEM32\ncrypt.dll
0x00007ffc6e5b0000 - 0x00007ffc6e5e7000 	C:\WINDOWS\SYSTEM32\NTASN1.dll

dbghelp: loaded successfully - version: 4.0.5 - missing functions: none
symbol engine: initialized successfully - sym options: 0x614 - pdb path: .;C:\Program Files\Java\jdk-21.0.2\bin;C:\WINDOWS\SYSTEM32;C:\WINDOWS\WinSxS\amd64_microsoft.windows.common-controls_6595b64144ccf1df_6.0.22621.4391_none_2715d37f73803e96;C:\Program Files (x86)\Citrix\ICA Client;C:\Program Files (x86)\Citrix\ICA Client\Receiver;C:\Program Files\Java\jdk-21.0.2\bin\server;D:\IntelliJ IDEA 2024.2.4\bin;C:\Users\prabh\.openjfx\cache\21+31\amd64;C:\WINDOWS\System32\DriverStore\FileRepository\iigd_dch.inf_amd64_306090fd1d6bb4fa

VM Arguments:
jvm_args: -javaagent:D:\IntelliJ IDEA 2024.2.4\lib\idea_rt.jar=51233:D:\IntelliJ IDEA 2024.2.4\bin -Dfile.encoding=UTF-8 -Dsun.stdout.encoding=UTF-8 -Dsun.stderr.encoding=UTF-8 --module-path=C:\Users\prabh\.m2\repository\com\google\code\gson\gson\2.8.9\gson-2.8.9.jar;C:\Users\prabh\.m2\repository\org\openjfx\javafx-base\21\javafx-base-21-win.jar;C:\Users\prabh\IdeaProjects\OOD5\target\classes;C:\Users\prabh\IdeaProjects\OOD5\lib\librec-core-3.0.0-1.jar;C:\Users\prabh\.m2\repository\com\mysql\mysql-connector-j\8.0.33\mysql-connector-j-8.0.33.jar;C:\Users\prabh\.m2\repository\org\openjfx\javafx-graphics\21\javafx-graphics-21-win.jar;C:\Users\prabh\.m2\repository\org\openjfx\javafx-fxml\21\javafx-fxml-21-win.jar;C:\Users\prabh\.m2\repository\org\openjfx\javafx-controls\21\javafx-controls-21-win.jar -Djdk.module.main=org.example.ood5 
java_command: org.example.ood5/Main.Main
java_class_path (initial): C:\Users\prabh\.m2\repository\org\openjfx\javafx-controls\21\javafx-controls-21.jar;C:\Users\prabh\.m2\repository\org\openjfx\javafx-graphics\21\javafx-graphics-21.jar;C:\Users\prabh\.m2\repository\org\openjfx\javafx-base\21\javafx-base-21.jar;C:\Users\prabh\.m2\repository\org\openjfx\javafx-fxml\21\javafx-fxml-21.jar;C:\Users\prabh\.m2\repository\com\google\protobuf\protobuf-java\3.21.9\protobuf-java-3.21.9.jar;C:\Users\prabh\.m2\repository\commons-logging\commons-logging\1.2\commons-logging-1.2.jar;C:\Users\prabh\.m2\repository\commons-lang\commons-lang\2.6\commons-lang-2.6.jar;C:\Users\prabh\.m2\repository\com\google\guava\guava\31.1-jre\guava-31.1-jre.jar;C:\Users\prabh\.m2\repository\com\google\guava\failureaccess\1.0.1\failureaccess-1.0.1.jar;C:\Users\prabh\.m2\repository\com\google\guava\listenablefuture\9999.0-empty-to-avoid-conflict-with-guava\listenablefuture-9999.0-empty-to-avoid-conflict-with-guava.jar;C:\Users\prabh\.m2\repository\com\google\code\findbugs\jsr305\3.0.2\jsr305-3.0.2.jar;C:\Users\prabh\.m2\repository\org\checkerframework\checker-qual\3.12.0\checker-qual-3.12.0.jar;C:\Users\prabh\.m2\repository\com\google\errorprone\error_prone_annotations\2.11.0\error_prone_annotations-2.11.0.jar;C:\Users\prabh\.m2\repository\com\google\j2objc\j2objc-annotations\1.3\j2objc-annotations-1.3.jar;C:\Users\prabh\.m2\repository\com\squareup\okio\okio\3.4.0\okio-3.4.0.jar;C:\Users\prabh\.m2\repository\com\squareup\okio\okio-jvm\3.4.0\okio-jvm-3.4.0.jar;C:\Users\prabh\.m2\repository\org\jetbrains\kotlin\kotlin-stdlib-jdk8\1.8.0\kotlin-stdlib-jdk8-1.8.0.jar;C:\Users\prabh\.m2\repository\org\jetbrains\kotlin\kotlin-stdlib\1.8.0\kotlin-stdlib-1.8.0.jar;C:\Users\prabh\.m2\repository\org\jetbrains\annotations\13.0\annotations-13.0.jar;C:\Users\prabh\.m2\repository\org\jetbrains\kotlin\kotlin-stdlib-jdk7\1.8.0\kotlin-stdlib-jdk7-1.8.0.jar;C:\Users\prabh\.m2\repository\org\jetbrains\kotlin\kotlin-stdlib-common\1.8.0\kotlin-stdlib-common-1.8.0.jar;C:\Users\prabh\.m2\repository\it\unimi\dsi\fastutil\8.5.6\fastutil-8.5.6.jar
Launcher Type: SUN_STANDARD

[Global flags]
     intx CICompilerCount                          = 4                                         {product} {ergonomic}
     uint ConcGCThreads                            = 2                                         {product} {ergonomic}
     uint G1ConcRefinementThreads                  = 8                                         {product} {ergonomic}
   size_t G1HeapRegionSize                         = 2097152                                   {product} {ergonomic}
    uintx GCDrainStackTargetSize                   = 64                                        {product} {ergonomic}
   size_t InitialHeapSize                          = 264241152                                 {product} {ergonomic}
   size_t MarkStackSize                            = 4194304                                   {product} {ergonomic}
   size_t MaxHeapSize                              = 4221566976                                {product} {ergonomic}
   size_t MaxNewSize                               = 2531262464                                {product} {ergonomic}
   size_t MinHeapDeltaBytes                        = 2097152                                   {product} {ergonomic}
   size_t MinHeapSize                              = 8388608                                   {product} {ergonomic}
    uintx NonNMethodCodeHeapSize                   = 5839372                                {pd product} {ergonomic}
    uintx NonProfiledCodeHeapSize                  = 122909434                              {pd product} {ergonomic}
    uintx ProfiledCodeHeapSize                     = 122909434                              {pd product} {ergonomic}
    uintx ReservedCodeCacheSize                    = 251658240                              {pd product} {ergonomic}
     bool SegmentedCodeCache                       = true                                      {product} {ergonomic}
   size_t SoftMaxHeapSize                          = 4221566976                             {manageable} {ergonomic}
     bool UseCompressedOops                        = true                           {product lp64_product} {ergonomic}
     bool UseG1GC                                  = true                                      {product} {ergonomic}
     bool UseLargePagesIndividualAllocation        = false                                  {pd product} {ergonomic}

Logging:
Log output configuration:
 #0: stdout all=warning uptime,level,tags foldmultilines=false
 #1: stderr all=off uptime,level,tags foldmultilines=false

Environment Variables:
JAVA_HOME=C:\Program Files\Java\jdk-21.0.2
PATH=C:\WINDOWS\system32;C:\WINDOWS;C:\WINDOWS\System32\Wbem;C:\WINDOWS\System32\WindowsPowerShell\v1.0\;C:\WINDOWS\System32\OpenSSH\;C:\Program Files\Java\jdk-21.0.2\bin;C:\Users\prabh\AppData\Local\Programs\MiKTeX\miktex\bin\x64\;C:\Users\prabh\.m2\wrapper\dists\apache-maven-3.8.5-bin\5i5jha092a3i37g0paqnfr15e0\apache-maven-3.8.5\bin;C:\Program Files\Git\cmd;C:\Users\prabh\AppData\Local\Programs\Python\Python311\Scripts\;C:\Users\prabh\AppData\Local\Programs\Python\Python311\;C:\Users\prabh\AppData\Local\Microsoft\WindowsApps;C:\Users\prabh\AppData\Local\Programs\Microsoft VS Code\bin;C:\Users\prabh\AppData\Local\JetBrains\Toolbox\scripts;C:\Users\prabh\AppData\Local\Programs\MiKTeX\miktex\bin\x64\;C:\Program Files\JetBrains\IntelliJ IDEA 2023.3.3\bin;
USERNAME=prabh
OS=Windows_NT
PROCESSOR_IDENTIFIER=Intel64 Family 6 Model 142 Stepping 12, GenuineIntel
TMP=C:\Users\prabh\AppData\Local\Temp
TEMP=C:\Users\prabh\AppData\Local\Temp




Periodic native trim disabled

---------------  S Y S T E M  ---------------

OS:
 Windows 11 , 64 bit Build 22621 (10.0.22621.4391)
OS uptime: 0 days 23:00 hours

CPU: total 8 (initial active 8) (4 cores per cpu, 2 threads per core) family 6 model 142 stepping 12 microcode 0xfa, cx8, cmov, fxsr, ht, mmx, 3dnowpref, sse, sse2, sse3, ssse3, sse4.1, sse4.2, popcnt, lzcnt, tsc, tscinvbit, avx, avx2, aes, erms, clmul, bmi1, bmi2, adx, fma, vzeroupper, clflush, clflushopt, rdtscp, f16c
Processor Information for all 8 processors :
  Max Mhz: 1896, Current Mhz: 798, Mhz Limit: 796

Memory: 4k page, system-wide physical 16099M (4482M free)
TotalPageFile size 35093M (AvailPageFile size 4M)
current process WorkingSet (physical memory assigned to process): 126M, peak: 126M
current process commit charge ("private bytes"): 392M, peak: 392M

vm_info: Java HotSpot(TM) 64-Bit Server VM (21.0.2+13-LTS-58) for windows-amd64 JRE (21.0.2+13-LTS-58), built on 2024-01-05T18:32:24Z by "mach5one" with MS VC++ 17.1 (VS2022)

END.
