#
# There is insufficient memory for the Java Runtime Environment to continue.
# Native memory allocation (malloc) failed to allocate 236736 bytes for Chunk::new
# Possible reasons:
#   The system is out of physical RAM or swap space
#   The process is running with CompressedOops enabled, and the Java Heap may be blocking the growth of the native heap
# Possible solutions:
#   Reduce memory load on the system
#   Increase physical memory or swap space
#   Check if swap backing store is full
#   Decrease Java heap size (-Xmx/-Xms)
#   Decrease number of Java threads
#   Decrease Java thread stack sizes (-Xss)
#   Set larger code cache with -XX:ReservedCodeCacheSize=
#   JVM is running with Zero Based Compressed Oops mode in which the Java heap is
#     placed in the first 32GB address space. The Java Heap base address is the
#     maximum limit for the native heap growth. Please use -XX:HeapBaseMinAddress
#     to set the Java Heap base and to place the Java Heap above 32GB virtual address.
# This output file may be truncated or incomplete.
#
#  Out of Memory Error (arena.cpp:168), pid=22480, tid=18368
#
# JRE version: Java(TM) SE Runtime Environment (21.0.2+13) (build 21.0.2+13-LTS-58)
# Java VM: Java HotSpot(TM) 64-Bit Server VM (21.0.2+13-LTS-58, mixed mode, sharing, tiered, compressed oops, compressed class ptrs, g1 gc, windows-amd64)
# No core dump will be written. Minidumps are not enabled by default on client versions of Windows
#

---------------  S U M M A R Y ------------

Command Line: -javaagent:D:\IntelliJ IDEA 2024.2.4\lib\idea_rt.jar=62506:D:\IntelliJ IDEA 2024.2.4\bin -Dfile.encoding=UTF-8 -Dsun.stdout.encoding=UTF-8 -Dsun.stderr.encoding=UTF-8 --module-path=C:\Users\prabh\.m2\repository\org\openjfx\javafx-controls\21\javafx-controls-21-win.jar;C:\Users\prabh\.m2\repository\org\openjfx\javafx-fxml\21\javafx-fxml-21-win.jar;C:\Users\prabh\.m2\repository\com\google\code\gson\gson\2.8.9\gson-2.8.9.jar;C:\Users\prabh\.m2\repository\org\openjfx\javafx-graphics\21\javafx-graphics-21-win.jar;C:\Users\prabh\IdeaProjects\OOD5\lib\librec-core-3.0.0-1.jar;C:\Users\prabh\IdeaProjects\OOD5\target\classes;C:\Users\prabh\.m2\repository\org\openjfx\javafx-base\21\javafx-base-21-win.jar;C:\Users\prabh\.m2\repository\com\mysql\mysql-connector-j\8.0.33\mysql-connector-j-8.0.33.jar -Djdk.module.main=org.example.ood5 org.example.ood5/Main.Main

Host: Intel(R) Core(TM) i5-8365U CPU @ 1.60GHz, 8 cores, 15G,  Windows 11 , 64 bit Build 22621 (10.0.22621.4391)
Time: Tue Dec  3 17:38:52 2024 Sri Lanka Standard Time elapsed time: 7.803493 seconds (0d 0h 0m 7s)

---------------  T H R E A D  ---------------

Current thread (0x00000161922b1430):  JavaThread "C2 CompilerThread1" daemon [_thread_in_native, id=18368, stack(0x000000463b200000,0x000000463b300000) (1024K)]


Current CompileTask:
C2:   7803 1090       4       java.util.Properties::loadConvert (540 bytes)

Stack: [0x000000463b200000,0x000000463b300000]
Native frames: (J=compiled Java code, j=interpreted, Vv=VM code, C=native code)
V  [jvm.dll+0x6cade9]
V  [jvm.dll+0x8569c1]
V  [jvm.dll+0x858d2e]
V  [jvm.dll+0x859413]
V  [jvm.dll+0x280e56]
V  [jvm.dll+0xc3f3d]
V  [jvm.dll+0xc4473]
V  [jvm.dll+0x2f437f]
V  [jvm.dll+0x5f5056]
V  [jvm.dll+0x252d7f]
V  [jvm.dll+0x25315f]
V  [jvm.dll+0x24b8e0]
V  [jvm.dll+0x2490a3]
V  [jvm.dll+0x1c9634]
V  [jvm.dll+0x258859]
V  [jvm.dll+0x256e3a]
V  [jvm.dll+0x3ef6c6]
V  [jvm.dll+0x7ff568]
V  [jvm.dll+0x6c953d]
C  [ucrtbase.dll+0x29333]
C  [KERNEL32.DLL+0x1259d]
C  [ntdll.dll+0x5af38]


---------------  P R O C E S S  ---------------

Threads class SMR info:
_java_thread_list=0x0000016192703790, length=19, elements={
0x000001612dc5a720, 0x000001614c8ac440, 0x000001614c8ad440, 0x000001614c8b12d0,
0x000001614c8b2d40, 0x000001614c8b47b0, 0x000001614c8b6220, 0x0000016192009500,
0x00000161920123c0, 0x000001614c86ee90, 0x0000016192bde440, 0x0000016192e56e10,
0x0000016192c85000, 0x000001619348e2b0, 0x0000016193491dc0, 0x000001619338b250,
0x00000161932f3920, 0x00000161932bdc30, 0x00000161922b1430
}

Java Threads: ( => current thread )
  0x000001612dc5a720 JavaThread "main"                              [_thread_blocked, id=10772, stack(0x0000004639000000,0x0000004639100000) (1024K)]
  0x000001614c8ac440 JavaThread "Reference Handler"          daemon [_thread_blocked, id=23460, stack(0x0000004639900000,0x0000004639a00000) (1024K)]
  0x000001614c8ad440 JavaThread "Finalizer"                  daemon [_thread_blocked, id=20264, stack(0x0000004639a00000,0x0000004639b00000) (1024K)]
  0x000001614c8b12d0 JavaThread "Signal Dispatcher"          daemon [_thread_blocked, id=21976, stack(0x0000004639b00000,0x0000004639c00000) (1024K)]
  0x000001614c8b2d40 JavaThread "Attach Listener"            daemon [_thread_blocked, id=6944, stack(0x0000004639c00000,0x0000004639d00000) (1024K)]
  0x000001614c8b47b0 JavaThread "Service Thread"             daemon [_thread_blocked, id=9620, stack(0x0000004639d00000,0x0000004639e00000) (1024K)]
  0x000001614c8b6220 JavaThread "Monitor Deflation Thread"   daemon [_thread_blocked, id=17424, stack(0x0000004639e00000,0x0000004639f00000) (1024K)]
  0x0000016192009500 JavaThread "C2 CompilerThread0"         daemon [_thread_in_native, id=21596, stack(0x0000004639f00000,0x000000463a000000) (1024K)]
  0x00000161920123c0 JavaThread "C1 CompilerThread0"         daemon [_thread_blocked, id=4036, stack(0x000000463a000000,0x000000463a100000) (1024K)]
  0x000001614c86ee90 JavaThread "Common-Cleaner"             daemon [_thread_blocked, id=15352, stack(0x000000463a100000,0x000000463a200000) (1024K)]
  0x0000016192bde440 JavaThread "Monitor Ctrl-Break"         daemon [_thread_in_native, id=18676, stack(0x000000463a400000,0x000000463a500000) (1024K)]
  0x0000016192e56e10 JavaThread "Notification Thread"        daemon [_thread_blocked, id=21836, stack(0x000000463a500000,0x000000463a600000) (1024K)]
  0x0000016192c85000 JavaThread "QuantumRenderer-0"          daemon [_thread_blocked, id=23548, stack(0x000000463a300000,0x000000463a400000) (1024K)]
  0x000001619348e2b0 JavaThread "InvokeLaterDispatcher"      daemon [_thread_blocked, id=14952, stack(0x000000463a600000,0x000000463a700000) (1024K)]
  0x0000016193491dc0 JavaThread "JavaFX Application Thread"         [_thread_in_Java, id=1844, stack(0x000000463a700000,0x000000463a800000) (1024K)]
  0x000001619338b250 JavaThread "Thread-1"                   daemon [_thread_in_native, id=564, stack(0x000000463b000000,0x000000463b100000) (1024K)]
  0x00000161932f3920 JavaThread "JavaFX-Launcher"                   [_thread_blocked, id=20104, stack(0x000000463b100000,0x000000463b200000) (1024K)]
  0x00000161932bdc30 JavaThread "mysql-cj-abandoned-connection-cleanup" daemon [_thread_blocked, id=22956, stack(0x000000463a200000,0x000000463a300000) (1024K)]
=>0x00000161922b1430 JavaThread "C2 CompilerThread1"         daemon [_thread_in_native, id=18368, stack(0x000000463b200000,0x000000463b300000) (1024K)]
Total: 19

Other Threads:
  0x000001614c884590 VMThread "VM Thread"                           [id=22456, stack(0x0000004639800000,0x0000004639900000) (1024K)]
  0x000001614c86dfd0 WatcherThread "VM Periodic Task Thread"        [id=17116, stack(0x0000004639700000,0x0000004639800000) (1024K)]
  0x000001612dcc3e40 WorkerThread "GC Thread#0"                     [id=18040, stack(0x0000004639200000,0x0000004639300000) (1024K)]
  0x0000016193079540 WorkerThread "GC Thread#1"                     [id=20644, stack(0x000000463ab00000,0x000000463ac00000) (1024K)]
  0x00000161932bed00 WorkerThread "GC Thread#2"                     [id=2556, stack(0x000000463ac00000,0x000000463ad00000) (1024K)]
  0x00000161932eba80 WorkerThread "GC Thread#3"                     [id=21832, stack(0x000000463ad00000,0x000000463ae00000) (1024K)]
  0x00000161932e4ed0 WorkerThread "GC Thread#4"                     [id=17096, stack(0x000000463ae00000,0x000000463af00000) (1024K)]
  0x0000016193071ad0 WorkerThread "GC Thread#5"                     [id=5068, stack(0x000000463af00000,0x000000463b000000) (1024K)]
  0x000001612dcd5c60 ConcurrentGCThread "G1 Main Marker"            [id=22044, stack(0x0000004639300000,0x0000004639400000) (1024K)]
  0x000001612dcd6e80 WorkerThread "G1 Conc#0"                       [id=2220, stack(0x0000004639400000,0x0000004639500000) (1024K)]
  0x000001614c741920 ConcurrentGCThread "G1 Refine#0"               [id=1936, stack(0x0000004639500000,0x0000004639600000) (1024K)]
  0x000001614c7423a0 ConcurrentGCThread "G1 Service"                [id=21044, stack(0x0000004639600000,0x0000004639700000) (1024K)]
Total: 12

Threads with active compile tasks:
C2 CompilerThread0     7844 1091 %     4       java.util.Properties$LineReader::readLine @ 53 (584 bytes)
C1 CompilerThread0     7844 1158       3       java.lang.Integer::stringSize (47 bytes)
C2 CompilerThread1     7845 1090       4       java.util.Properties::loadConvert (540 bytes)
Total: 3

VM state: not at safepoint (normal execution)

VM Mutex/Monitor currently owned by a thread: None

Heap address: 0x0000000704600000, size: 4026 MB, Compressed Oops mode: Zero based, Oop shift amount: 3

CDS archive(s) mapped at: [0x000001614d000000-0x000001614dc90000-0x000001614dc90000), size 13172736, SharedBaseAddress: 0x000001614d000000, ArchiveRelocationMode: 1.
Compressed class space mapped at: 0x000001614e000000-0x000001618e000000, reserved size: 1073741824
Narrow klass base: 0x000001614d000000, Narrow klass shift: 0, Narrow klass range: 0x100000000

GC Precious Log:
 CardTable entry size: 512
 Card Set container configuration: InlinePtr #cards 4 size 8 Array Of Cards #cards 16 size 48 Howl #buckets 8 coarsen threshold 3686 Howl Bitmap #cards 512 size 80 coarsen threshold 460 Card regions per heap region 1 cards per card region 4096
 CPUs: 8 total, 8 available
 Memory: 16099M
 Large Page Support: Disabled
 NUMA Support: Disabled
 Compressed Oops: Enabled (Zero based)
 Heap Region Size: 2M
 Heap Min Capacity: 8M
 Heap Initial Capacity: 252M
 Heap Max Capacity: 4026M
 Pre-touch: Disabled
 Parallel Workers: 8
 Concurrent Workers: 2
 Concurrent Refinement Workers: 8
 Periodic GC: Disabled

Heap:
 garbage-first heap   total 258048K, used 11503K [0x0000000704600000, 0x0000000800000000)
  region size 2048K, 7 young (14336K), 2 survivors (4096K)
 Metaspace       used 7297K, committed 7552K, reserved 1114112K
  class space    used 801K, committed 896K, reserved 1048576K

Heap Regions: E=young(eden), S=young(survivor), O=old, HS=humongous(starts), HC=humongous(continues), CS=collection set, F=free, TAMS=top-at-mark-start, PB=parsable bottom
|   0|0x0000000704600000, 0x0000000704600000, 0x0000000704800000|  0%| F|  |TAMS 0x0000000704600000| PB 0x0000000704600000| Untracked 
|   1|0x0000000704800000, 0x0000000704800000, 0x0000000704a00000|  0%| F|  |TAMS 0x0000000704800000| PB 0x0000000704800000| Untracked 
|   2|0x0000000704a00000, 0x0000000704a00000, 0x0000000704c00000|  0%| F|  |TAMS 0x0000000704a00000| PB 0x0000000704a00000| Untracked 
|   3|0x0000000704c00000, 0x0000000704c00000, 0x0000000704e00000|  0%| F|  |TAMS 0x0000000704c00000| PB 0x0000000704c00000| Untracked 
|   4|0x0000000704e00000, 0x0000000704e00000, 0x0000000705000000|  0%| F|  |TAMS 0x0000000704e00000| PB 0x0000000704e00000| Untracked 
|   5|0x0000000705000000, 0x0000000705000000, 0x0000000705200000|  0%| F|  |TAMS 0x0000000705000000| PB 0x0000000705000000| Untracked 
|   6|0x0000000705200000, 0x0000000705200000, 0x0000000705400000|  0%| F|  |TAMS 0x0000000705200000| PB 0x0000000705200000| Untracked 
|   7|0x0000000705400000, 0x0000000705400000, 0x0000000705600000|  0%| F|  |TAMS 0x0000000705400000| PB 0x0000000705400000| Untracked 
|   8|0x0000000705600000, 0x0000000705600000, 0x0000000705800000|  0%| F|  |TAMS 0x0000000705600000| PB 0x0000000705600000| Untracked 
|   9|0x0000000705800000, 0x0000000705800000, 0x0000000705a00000|  0%| F|  |TAMS 0x0000000705800000| PB 0x0000000705800000| Untracked 
|  10|0x0000000705a00000, 0x0000000705a00000, 0x0000000705c00000|  0%| F|  |TAMS 0x0000000705a00000| PB 0x0000000705a00000| Untracked 
|  11|0x0000000705c00000, 0x0000000705c00000, 0x0000000705e00000|  0%| F|  |TAMS 0x0000000705c00000| PB 0x0000000705c00000| Untracked 
|  12|0x0000000705e00000, 0x0000000705e00000, 0x0000000706000000|  0%| F|  |TAMS 0x0000000705e00000| PB 0x0000000705e00000| Untracked 
|  13|0x0000000706000000, 0x0000000706000000, 0x0000000706200000|  0%| F|  |TAMS 0x0000000706000000| PB 0x0000000706000000| Untracked 
|  14|0x0000000706200000, 0x0000000706200000, 0x0000000706400000|  0%| F|  |TAMS 0x0000000706200000| PB 0x0000000706200000| Untracked 
|  15|0x0000000706400000, 0x0000000706400000, 0x0000000706600000|  0%| F|  |TAMS 0x0000000706400000| PB 0x0000000706400000| Untracked 
|  16|0x0000000706600000, 0x0000000706600000, 0x0000000706800000|  0%| F|  |TAMS 0x0000000706600000| PB 0x0000000706600000| Untracked 
|  17|0x0000000706800000, 0x0000000706800000, 0x0000000706a00000|  0%| F|  |TAMS 0x0000000706800000| PB 0x0000000706800000| Untracked 
|  18|0x0000000706a00000, 0x0000000706a00000, 0x0000000706c00000|  0%| F|  |TAMS 0x0000000706a00000| PB 0x0000000706a00000| Untracked 
|  19|0x0000000706c00000, 0x0000000706c00000, 0x0000000706e00000|  0%| F|  |TAMS 0x0000000706c00000| PB 0x0000000706c00000| Untracked 
|  20|0x0000000706e00000, 0x0000000706e00000, 0x0000000707000000|  0%| F|  |TAMS 0x0000000706e00000| PB 0x0000000706e00000| Untracked 
|  21|0x0000000707000000, 0x0000000707000000, 0x0000000707200000|  0%| F|  |TAMS 0x0000000707000000| PB 0x0000000707000000| Untracked 
|  22|0x0000000707200000, 0x0000000707200000, 0x0000000707400000|  0%| F|  |TAMS 0x0000000707200000| PB 0x0000000707200000| Untracked 
|  23|0x0000000707400000, 0x0000000707400000, 0x0000000707600000|  0%| F|  |TAMS 0x0000000707400000| PB 0x0000000707400000| Untracked 
|  24|0x0000000707600000, 0x0000000707600000, 0x0000000707800000|  0%| F|  |TAMS 0x0000000707600000| PB 0x0000000707600000| Untracked 
|  25|0x0000000707800000, 0x0000000707800000, 0x0000000707a00000|  0%| F|  |TAMS 0x0000000707800000| PB 0x0000000707800000| Untracked 
|  26|0x0000000707a00000, 0x0000000707a00000, 0x0000000707c00000|  0%| F|  |TAMS 0x0000000707a00000| PB 0x0000000707a00000| Untracked 
|  27|0x0000000707c00000, 0x0000000707c00000, 0x0000000707e00000|  0%| F|  |TAMS 0x0000000707c00000| PB 0x0000000707c00000| Untracked 
|  28|0x0000000707e00000, 0x0000000707e00000, 0x0000000708000000|  0%| F|  |TAMS 0x0000000707e00000| PB 0x0000000707e00000| Untracked 
|  29|0x0000000708000000, 0x0000000708000000, 0x0000000708200000|  0%| F|  |TAMS 0x0000000708000000| PB 0x0000000708000000| Untracked 
|  30|0x0000000708200000, 0x0000000708200000, 0x0000000708400000|  0%| F|  |TAMS 0x0000000708200000| PB 0x0000000708200000| Untracked 
|  31|0x0000000708400000, 0x0000000708400000, 0x0000000708600000|  0%| F|  |TAMS 0x0000000708400000| PB 0x0000000708400000| Untracked 
|  32|0x0000000708600000, 0x0000000708600000, 0x0000000708800000|  0%| F|  |TAMS 0x0000000708600000| PB 0x0000000708600000| Untracked 
|  33|0x0000000708800000, 0x0000000708800000, 0x0000000708a00000|  0%| F|  |TAMS 0x0000000708800000| PB 0x0000000708800000| Untracked 
|  34|0x0000000708a00000, 0x0000000708a00000, 0x0000000708c00000|  0%| F|  |TAMS 0x0000000708a00000| PB 0x0000000708a00000| Untracked 
|  35|0x0000000708c00000, 0x0000000708c00000, 0x0000000708e00000|  0%| F|  |TAMS 0x0000000708c00000| PB 0x0000000708c00000| Untracked 
|  36|0x0000000708e00000, 0x0000000708e00000, 0x0000000709000000|  0%| F|  |TAMS 0x0000000708e00000| PB 0x0000000708e00000| Untracked 
|  37|0x0000000709000000, 0x0000000709000000, 0x0000000709200000|  0%| F|  |TAMS 0x0000000709000000| PB 0x0000000709000000| Untracked 
|  38|0x0000000709200000, 0x0000000709200000, 0x0000000709400000|  0%| F|  |TAMS 0x0000000709200000| PB 0x0000000709200000| Untracked 
|  39|0x0000000709400000, 0x0000000709400000, 0x0000000709600000|  0%| F|  |TAMS 0x0000000709400000| PB 0x0000000709400000| Untracked 
|  40|0x0000000709600000, 0x0000000709600000, 0x0000000709800000|  0%| F|  |TAMS 0x0000000709600000| PB 0x0000000709600000| Untracked 
|  41|0x0000000709800000, 0x0000000709800000, 0x0000000709a00000|  0%| F|  |TAMS 0x0000000709800000| PB 0x0000000709800000| Untracked 
|  42|0x0000000709a00000, 0x0000000709a00000, 0x0000000709c00000|  0%| F|  |TAMS 0x0000000709a00000| PB 0x0000000709a00000| Untracked 
|  43|0x0000000709c00000, 0x0000000709c00000, 0x0000000709e00000|  0%| F|  |TAMS 0x0000000709c00000| PB 0x0000000709c00000| Untracked 
|  44|0x0000000709e00000, 0x0000000709e00000, 0x000000070a000000|  0%| F|  |TAMS 0x0000000709e00000| PB 0x0000000709e00000| Untracked 
|  45|0x000000070a000000, 0x000000070a000000, 0x000000070a200000|  0%| F|  |TAMS 0x000000070a000000| PB 0x000000070a000000| Untracked 
|  46|0x000000070a200000, 0x000000070a200000, 0x000000070a400000|  0%| F|  |TAMS 0x000000070a200000| PB 0x000000070a200000| Untracked 
|  47|0x000000070a400000, 0x000000070a400000, 0x000000070a600000|  0%| F|  |TAMS 0x000000070a400000| PB 0x000000070a400000| Untracked 
|  48|0x000000070a600000, 0x000000070a600000, 0x000000070a800000|  0%| F|  |TAMS 0x000000070a600000| PB 0x000000070a600000| Untracked 
|  49|0x000000070a800000, 0x000000070a800000, 0x000000070aa00000|  0%| F|  |TAMS 0x000000070a800000| PB 0x000000070a800000| Untracked 
|  50|0x000000070aa00000, 0x000000070aa00000, 0x000000070ac00000|  0%| F|  |TAMS 0x000000070aa00000| PB 0x000000070aa00000| Untracked 
|  51|0x000000070ac00000, 0x000000070ac00000, 0x000000070ae00000|  0%| F|  |TAMS 0x000000070ac00000| PB 0x000000070ac00000| Untracked 
|  52|0x000000070ae00000, 0x000000070ae00000, 0x000000070b000000|  0%| F|  |TAMS 0x000000070ae00000| PB 0x000000070ae00000| Untracked 
|  53|0x000000070b000000, 0x000000070b000000, 0x000000070b200000|  0%| F|  |TAMS 0x000000070b000000| PB 0x000000070b000000| Untracked 
|  54|0x000000070b200000, 0x000000070b200000, 0x000000070b400000|  0%| F|  |TAMS 0x000000070b200000| PB 0x000000070b200000| Untracked 
|  55|0x000000070b400000, 0x000000070b400000, 0x000000070b600000|  0%| F|  |TAMS 0x000000070b400000| PB 0x000000070b400000| Untracked 
|  56|0x000000070b600000, 0x000000070b600000, 0x000000070b800000|  0%| F|  |TAMS 0x000000070b600000| PB 0x000000070b600000| Untracked 
|  57|0x000000070b800000, 0x000000070b800000, 0x000000070ba00000|  0%| F|  |TAMS 0x000000070b800000| PB 0x000000070b800000| Untracked 
|  58|0x000000070ba00000, 0x000000070ba00000, 0x000000070bc00000|  0%| F|  |TAMS 0x000000070ba00000| PB 0x000000070ba00000| Untracked 
|  59|0x000000070bc00000, 0x000000070bc00000, 0x000000070be00000|  0%| F|  |TAMS 0x000000070bc00000| PB 0x000000070bc00000| Untracked 
|  60|0x000000070be00000, 0x000000070be00000, 0x000000070c000000|  0%| F|  |TAMS 0x000000070be00000| PB 0x000000070be00000| Untracked 
|  61|0x000000070c000000, 0x000000070c000000, 0x000000070c200000|  0%| F|  |TAMS 0x000000070c000000| PB 0x000000070c000000| Untracked 
|  62|0x000000070c200000, 0x000000070c200000, 0x000000070c400000|  0%| F|  |TAMS 0x000000070c200000| PB 0x000000070c200000| Untracked 
|  63|0x000000070c400000, 0x000000070c400000, 0x000000070c600000|  0%| F|  |TAMS 0x000000070c400000| PB 0x000000070c400000| Untracked 
|  64|0x000000070c600000, 0x000000070c600000, 0x000000070c800000|  0%| F|  |TAMS 0x000000070c600000| PB 0x000000070c600000| Untracked 
|  65|0x000000070c800000, 0x000000070c800000, 0x000000070ca00000|  0%| F|  |TAMS 0x000000070c800000| PB 0x000000070c800000| Untracked 
|  66|0x000000070ca00000, 0x000000070ca00000, 0x000000070cc00000|  0%| F|  |TAMS 0x000000070ca00000| PB 0x000000070ca00000| Untracked 
|  67|0x000000070cc00000, 0x000000070cc00000, 0x000000070ce00000|  0%| F|  |TAMS 0x000000070cc00000| PB 0x000000070cc00000| Untracked 
|  68|0x000000070ce00000, 0x000000070ce00000, 0x000000070d000000|  0%| F|  |TAMS 0x000000070ce00000| PB 0x000000070ce00000| Untracked 
|  69|0x000000070d000000, 0x000000070d000000, 0x000000070d200000|  0%| F|  |TAMS 0x000000070d000000| PB 0x000000070d000000| Untracked 
|  70|0x000000070d200000, 0x000000070d200000, 0x000000070d400000|  0%| F|  |TAMS 0x000000070d200000| PB 0x000000070d200000| Untracked 
|  71|0x000000070d400000, 0x000000070d400000, 0x000000070d600000|  0%| F|  |TAMS 0x000000070d400000| PB 0x000000070d400000| Untracked 
|  72|0x000000070d600000, 0x000000070d600000, 0x000000070d800000|  0%| F|  |TAMS 0x000000070d600000| PB 0x000000070d600000| Untracked 
|  73|0x000000070d800000, 0x000000070d800000, 0x000000070da00000|  0%| F|  |TAMS 0x000000070d800000| PB 0x000000070d800000| Untracked 
|  74|0x000000070da00000, 0x000000070da00000, 0x000000070dc00000|  0%| F|  |TAMS 0x000000070da00000| PB 0x000000070da00000| Untracked 
|  75|0x000000070dc00000, 0x000000070dc00000, 0x000000070de00000|  0%| F|  |TAMS 0x000000070dc00000| PB 0x000000070dc00000| Untracked 
|  76|0x000000070de00000, 0x000000070de00000, 0x000000070e000000|  0%| F|  |TAMS 0x000000070de00000| PB 0x000000070de00000| Untracked 
|  77|0x000000070e000000, 0x000000070e000000, 0x000000070e200000|  0%| F|  |TAMS 0x000000070e000000| PB 0x000000070e000000| Untracked 
|  78|0x000000070e200000, 0x000000070e200000, 0x000000070e400000|  0%| F|  |TAMS 0x000000070e200000| PB 0x000000070e200000| Untracked 
|  79|0x000000070e400000, 0x000000070e400000, 0x000000070e600000|  0%| F|  |TAMS 0x000000070e400000| PB 0x000000070e400000| Untracked 
|  80|0x000000070e600000, 0x000000070e600000, 0x000000070e800000|  0%| F|  |TAMS 0x000000070e600000| PB 0x000000070e600000| Untracked 
|  81|0x000000070e800000, 0x000000070e800000, 0x000000070ea00000|  0%| F|  |TAMS 0x000000070e800000| PB 0x000000070e800000| Untracked 
|  82|0x000000070ea00000, 0x000000070ea00000, 0x000000070ec00000|  0%| F|  |TAMS 0x000000070ea00000| PB 0x000000070ea00000| Untracked 
|  83|0x000000070ec00000, 0x000000070ec00000, 0x000000070ee00000|  0%| F|  |TAMS 0x000000070ec00000| PB 0x000000070ec00000| Untracked 
|  84|0x000000070ee00000, 0x000000070ee00000, 0x000000070f000000|  0%| F|  |TAMS 0x000000070ee00000| PB 0x000000070ee00000| Untracked 
|  85|0x000000070f000000, 0x000000070f000000, 0x000000070f200000|  0%| F|  |TAMS 0x000000070f000000| PB 0x000000070f000000| Untracked 
|  86|0x000000070f200000, 0x000000070f200000, 0x000000070f400000|  0%| F|  |TAMS 0x000000070f200000| PB 0x000000070f200000| Untracked 
|  87|0x000000070f400000, 0x000000070f400000, 0x000000070f600000|  0%| F|  |TAMS 0x000000070f400000| PB 0x000000070f400000| Untracked 
|  88|0x000000070f600000, 0x000000070f600000, 0x000000070f800000|  0%| F|  |TAMS 0x000000070f600000| PB 0x000000070f600000| Untracked 
|  89|0x000000070f800000, 0x000000070f800000, 0x000000070fa00000|  0%| F|  |TAMS 0x000000070f800000| PB 0x000000070f800000| Untracked 
|  90|0x000000070fa00000, 0x000000070fa00000, 0x000000070fc00000|  0%| F|  |TAMS 0x000000070fa00000| PB 0x000000070fa00000| Untracked 
|  91|0x000000070fc00000, 0x000000070fc00000, 0x000000070fe00000|  0%| F|  |TAMS 0x000000070fc00000| PB 0x000000070fc00000| Untracked 
|  92|0x000000070fe00000, 0x000000070fe00000, 0x0000000710000000|  0%| F|  |TAMS 0x000000070fe00000| PB 0x000000070fe00000| Untracked 
|  93|0x0000000710000000, 0x0000000710000000, 0x0000000710200000|  0%| F|  |TAMS 0x0000000710000000| PB 0x0000000710000000| Untracked 
|  94|0x0000000710200000, 0x0000000710200000, 0x0000000710400000|  0%| F|  |TAMS 0x0000000710200000| PB 0x0000000710200000| Untracked 
|  95|0x0000000710400000, 0x0000000710400000, 0x0000000710600000|  0%| F|  |TAMS 0x0000000710400000| PB 0x0000000710400000| Untracked 
|  96|0x0000000710600000, 0x0000000710600000, 0x0000000710800000|  0%| F|  |TAMS 0x0000000710600000| PB 0x0000000710600000| Untracked 
|  97|0x0000000710800000, 0x0000000710800000, 0x0000000710a00000|  0%| F|  |TAMS 0x0000000710800000| PB 0x0000000710800000| Untracked 
|  98|0x0000000710a00000, 0x0000000710a00000, 0x0000000710c00000|  0%| F|  |TAMS 0x0000000710a00000| PB 0x0000000710a00000| Untracked 
|  99|0x0000000710c00000, 0x0000000710c00000, 0x0000000710e00000|  0%| F|  |TAMS 0x0000000710c00000| PB 0x0000000710c00000| Untracked 
| 100|0x0000000710e00000, 0x0000000710e00000, 0x0000000711000000|  0%| F|  |TAMS 0x0000000710e00000| PB 0x0000000710e00000| Untracked 
| 101|0x0000000711000000, 0x0000000711000000, 0x0000000711200000|  0%| F|  |TAMS 0x0000000711000000| PB 0x0000000711000000| Untracked 
| 102|0x0000000711200000, 0x0000000711200000, 0x0000000711400000|  0%| F|  |TAMS 0x0000000711200000| PB 0x0000000711200000| Untracked 
| 103|0x0000000711400000, 0x0000000711400000, 0x0000000711600000|  0%| F|  |TAMS 0x0000000711400000| PB 0x0000000711400000| Untracked 
| 104|0x0000000711600000, 0x0000000711600000, 0x0000000711800000|  0%| F|  |TAMS 0x0000000711600000| PB 0x0000000711600000| Untracked 
| 105|0x0000000711800000, 0x0000000711800000, 0x0000000711a00000|  0%| F|  |TAMS 0x0000000711800000| PB 0x0000000711800000| Untracked 
| 106|0x0000000711a00000, 0x0000000711a00000, 0x0000000711c00000|  0%| F|  |TAMS 0x0000000711a00000| PB 0x0000000711a00000| Untracked 
| 107|0x0000000711c00000, 0x0000000711c00000, 0x0000000711e00000|  0%| F|  |TAMS 0x0000000711c00000| PB 0x0000000711c00000| Untracked 
| 108|0x0000000711e00000, 0x0000000711e00000, 0x0000000712000000|  0%| F|  |TAMS 0x0000000711e00000| PB 0x0000000711e00000| Untracked 
| 109|0x0000000712000000, 0x0000000712000000, 0x0000000712200000|  0%| F|  |TAMS 0x0000000712000000| PB 0x0000000712000000| Untracked 
| 110|0x0000000712200000, 0x0000000712200000, 0x0000000712400000|  0%| F|  |TAMS 0x0000000712200000| PB 0x0000000712200000| Untracked 
| 111|0x0000000712400000, 0x0000000712400000, 0x0000000712600000|  0%| F|  |TAMS 0x0000000712400000| PB 0x0000000712400000| Untracked 
| 112|0x0000000712600000, 0x0000000712600000, 0x0000000712800000|  0%| F|  |TAMS 0x0000000712600000| PB 0x0000000712600000| Untracked 
| 113|0x0000000712800000, 0x000000071293bd98, 0x0000000712a00000| 61%| S|CS|TAMS 0x0000000712800000| PB 0x0000000712800000| Complete 
| 114|0x0000000712a00000, 0x0000000712c00000, 0x0000000712c00000|100%| S|CS|TAMS 0x0000000712a00000| PB 0x0000000712a00000| Complete 
| 115|0x0000000712c00000, 0x0000000712c00000, 0x0000000712e00000|  0%| F|  |TAMS 0x0000000712c00000| PB 0x0000000712c00000| Untracked 
| 116|0x0000000712e00000, 0x0000000712e00000, 0x0000000713000000|  0%| F|  |TAMS 0x0000000712e00000| PB 0x0000000712e00000| Untracked 
| 117|0x0000000713000000, 0x0000000713000000, 0x0000000713200000|  0%| F|  |TAMS 0x0000000713000000| PB 0x0000000713000000| Untracked 
| 118|0x0000000713200000, 0x0000000713200000, 0x0000000713400000|  0%| F|  |TAMS 0x0000000713200000| PB 0x0000000713200000| Untracked 
| 119|0x0000000713400000, 0x0000000713400000, 0x0000000713600000|  0%| F|  |TAMS 0x0000000713400000| PB 0x0000000713400000| Untracked 
| 120|0x0000000713600000, 0x0000000713606530, 0x0000000713800000|  1%| E|  |TAMS 0x0000000713600000| PB 0x0000000713600000| Complete 
| 121|0x0000000713800000, 0x0000000713a00000, 0x0000000713a00000|100%| E|CS|TAMS 0x0000000713800000| PB 0x0000000713800000| Complete 
| 122|0x0000000713a00000, 0x0000000713c00000, 0x0000000713c00000|100%| E|CS|TAMS 0x0000000713a00000| PB 0x0000000713a00000| Complete 
| 123|0x0000000713c00000, 0x0000000713e00000, 0x0000000713e00000|100%| E|CS|TAMS 0x0000000713c00000| PB 0x0000000713c00000| Complete 
| 124|0x0000000713e00000, 0x0000000714000000, 0x0000000714000000|100%| E|CS|TAMS 0x0000000713e00000| PB 0x0000000713e00000| Complete 
| 125|0x0000000714000000, 0x0000000714200000, 0x0000000714200000|100%| E|CS|TAMS 0x0000000714000000| PB 0x0000000714000000| Complete 

Card table byte_map: [0x0000016145bb0000,0x0000016146390000] _byte_map_base: 0x000001614238d000

Marking Bits: (CMBitMap*) 0x000001612dcc4450
 Bits: [0x0000016146390000, 0x000001614a278000)

Polling page: 0x000001612ba80000

Metaspace:

Usage:
  Non-class:      6.38 MB used.
      Class:    809.64 KB used.
       Both:      7.17 MB used.

Virtual space:
  Non-class space:       64.00 MB reserved,       6.56 MB ( 10%) committed,  1 nodes.
      Class space:        1.00 GB reserved,     896.00 KB ( <1%) committed,  1 nodes.
             Both:        1.06 GB reserved,       7.44 MB ( <1%) committed. 

Chunk freelists:
   Non-Class:  8.36 MB
       Class:  14.94 MB
        Both:  23.30 MB

MaxMetaspaceSize: unlimited
CompressedClassSpaceSize: 1.00 GB
Initial GC threshold: 21.00 MB
Current GC threshold: 21.00 MB
CDS: on
 - commit_granule_bytes: 65536.
 - commit_granule_words: 8192.
 - virtual_space_node_default_size: 8388608.
 - enlarge_chunks_in_place: 1.
 - use_allocation_guard: 0.


Internal statistics:

num_allocs_failed_limit: 0.
num_arena_births: 172.
num_arena_deaths: 0.
num_vsnodes_births: 2.
num_vsnodes_deaths: 0.
num_space_committed: 119.
num_space_uncommitted: 0.
num_chunks_returned_to_freelist: 0.
num_chunks_taken_from_freelist: 363.
num_chunk_merges: 0.
num_chunk_splits: 250.
num_chunks_enlarged: 179.
num_inconsistent_stats: 0.

CodeHeap 'non-profiled nmethods': size=120000Kb used=406Kb max_used=406Kb free=119593Kb
 bounds [0x000001613db60000, 0x000001613ddd0000, 0x0000016145090000]
CodeHeap 'profiled nmethods': size=120000Kb used=1871Kb max_used=1871Kb free=118128Kb
 bounds [0x0000016136090000, 0x0000016136300000, 0x000001613d5c0000]
CodeHeap 'non-nmethods': size=5760Kb used=1492Kb max_used=1492Kb free=4267Kb
 bounds [0x000001613d5c0000, 0x000001613d830000, 0x000001613db60000]
 total_blobs=1723 nmethods=1152 adapters=476
 compilation: enabled
              stopped_count=0, restarted_count=0
 full_count=0

Compilation events (20 events):
Event: 7.793 Thread 0x00000161920123c0 nmethod 1109 0x0000016136249790 code [0x0000016136249920, 0x0000016136249a28]
Event: 7.793 Thread 0x00000161920123c0 1110       3       jdk.internal.org.objectweb.asm.MethodWriter::computeMethodInfoSize (571 bytes)
Event: 7.795 Thread 0x00000161920123c0 nmethod 1110 0x0000016136249a90 code [0x0000016136249dc0, 0x000001613624ad20]
Event: 7.795 Thread 0x00000161920123c0 1113       3       java.security.SecureClassLoader$CodeSourceKey::equals (60 bytes)
Event: 7.795 Thread 0x00000161920123c0 nmethod 1113 0x000001613624b390 code [0x000001613624b5a0, 0x000001613624bc20]
Event: 7.795 Thread 0x00000161920123c0 1114       3       java.security.CodeSource::matchCerts (254 bytes)
Event: 7.796 Thread 0x00000161920123c0 nmethod 1114 0x000001613624be10 code [0x000001613624c080, 0x000001613624cc00]
Event: 7.796 Thread 0x00000161920123c0 1116       3       java.util.concurrent.locks.ReentrantReadWriteLock$ReadLock::unlock (10 bytes)
Event: 7.796 Thread 0x00000161920123c0 nmethod 1116 0x000001613624d010 code [0x000001613624d1e0, 0x000001613624d4c0]
Event: 7.796 Thread 0x00000161920123c0 1117       3       java.util.concurrent.locks.ReentrantReadWriteLock$Sync::tryReleaseShared (146 bytes)
Event: 7.797 Thread 0x00000161920123c0 nmethod 1117 0x000001613624d610 code [0x000001613624d880, 0x000001613624e4a0]
Event: 7.798 Thread 0x00000161920123c0 1122       3       java.io.InputStream::readNBytes (292 bytes)
Event: 7.800 Thread 0x00000161920123c0 nmethod 1122 0x000001613624e910 code [0x000001613624ed60, 0x0000016136251150]
Event: 7.800 Thread 0x00000161920123c0 1118       3       java.util.concurrent.locks.AbstractQueuedSynchronizer::acquireShared (20 bytes)
Event: 7.800 Thread 0x00000161920123c0 nmethod 1118 0x0000016136251d90 code [0x0000016136251f60, 0x00000161362521d8]
Event: 7.800 Thread 0x00000161920123c0 1120       3       jdk.internal.module.ModuleReferences$JarModuleReader::getEntry (15 bytes)
Event: 7.800 Thread 0x00000161920123c0 nmethod 1120 0x0000016136252290 code [0x0000016136252480, 0x0000016136252990]
Event: 7.800 Thread 0x00000161920123c0 1121       3       java.io.InputStream::readAllBytes (7 bytes)
Event: 7.800 Thread 0x00000161920123c0 nmethod 1121 0x0000016136252b10 code [0x0000016136252cc0, 0x0000016136252e98]
Event: 7.800 Thread 0x00000161920123c0 1119       3       java.lang.module.ModuleReader::release (6 bytes)

GC Heap History (2 events):
Event: 0.660 GC heap before
{Heap before GC invocations=0 (full 0):
 garbage-first heap   total 258048K, used 20480K [0x0000000704600000, 0x0000000800000000)
  region size 2048K, 11 young (22528K), 0 survivors (0K)
 Metaspace       used 4225K, committed 4416K, reserved 1114112K
  class space    used 440K, committed 512K, reserved 1048576K
}
Event: 0.664 GC heap after
{Heap after GC invocations=1 (full 0):
 garbage-first heap   total 258048K, used 3311K [0x0000000704600000, 0x0000000800000000)
  region size 2048K, 2 young (4096K), 2 survivors (4096K)
 Metaspace       used 4225K, committed 4416K, reserved 1114112K
  class space    used 440K, committed 512K, reserved 1048576K
}

Dll operation events (20 events):
Event: 0.463 Loaded shared library C:\Users\prabh\.openjfx\cache\21+31\amd64\api-ms-win-crt-heap-l1-1-0.dll
Event: 0.466 Loaded shared library C:\Users\prabh\.openjfx\cache\21+31\amd64\api-ms-win-crt-locale-l1-1-0.dll
Event: 0.469 Loaded shared library C:\Users\prabh\.openjfx\cache\21+31\amd64\api-ms-win-crt-math-l1-1-0.dll
Event: 0.471 Loaded shared library C:\Users\prabh\.openjfx\cache\21+31\amd64\api-ms-win-crt-multibyte-l1-1-0.dll
Event: 0.474 Loaded shared library C:\Users\prabh\.openjfx\cache\21+31\amd64\api-ms-win-crt-private-l1-1-0.dll
Event: 0.477 Loaded shared library C:\Users\prabh\.openjfx\cache\21+31\amd64\api-ms-win-crt-process-l1-1-0.dll
Event: 0.479 Loaded shared library C:\Users\prabh\.openjfx\cache\21+31\amd64\api-ms-win-crt-runtime-l1-1-0.dll
Event: 0.482 Loaded shared library C:\Users\prabh\.openjfx\cache\21+31\amd64\api-ms-win-crt-stdio-l1-1-0.dll
Event: 0.485 Loaded shared library C:\Users\prabh\.openjfx\cache\21+31\amd64\api-ms-win-crt-string-l1-1-0.dll
Event: 0.487 Loaded shared library C:\Users\prabh\.openjfx\cache\21+31\amd64\api-ms-win-crt-time-l1-1-0.dll
Event: 0.489 Loaded shared library C:\Users\prabh\.openjfx\cache\21+31\amd64\api-ms-win-crt-utility-l1-1-0.dll
Event: 0.503 Loaded shared library C:\Users\prabh\.openjfx\cache\21+31\amd64\ucrtbase.dll
Event: 0.507 Loaded shared library C:\Users\prabh\.openjfx\cache\21+31\amd64\vcruntime140.dll
Event: 0.511 Loaded shared library C:\Users\prabh\.openjfx\cache\21+31\amd64\vcruntime140_1.dll
Event: 0.521 Loaded shared library C:\Users\prabh\.openjfx\cache\21+31\amd64\msvcp140.dll
Event: 0.523 Loaded shared library C:\Users\prabh\.openjfx\cache\21+31\amd64\msvcp140_1.dll
Event: 0.527 Loaded shared library C:\Users\prabh\.openjfx\cache\21+31\amd64\msvcp140_2.dll
Event: 0.566 Loaded shared library C:\Users\prabh\.openjfx\cache\21+31\amd64\prism_d3d.dll
Event: 0.598 Loaded shared library C:\Users\prabh\.openjfx\cache\21+31\amd64\glass.dll
Event: 0.692 Loaded shared library C:\Program Files\Java\jdk-21.0.2\bin\jimage.dll

Deoptimization events (20 events):
Event: 0.338 Thread 0x000001612dc5a720 DEOPT PACKING pc=0x000001613db9a5cc sp=0x00000046390fe900
Event: 0.338 Thread 0x000001612dc5a720 DEOPT UNPACKING pc=0x000001613d6146a2 sp=0x00000046390fe868 mode 2
Event: 0.343 Thread 0x000001612dc5a720 Uncommon trap: trap_request=0xffffff45 fr.pc=0x000001613db78bf8 relative=0x0000000000000238
Event: 0.343 Thread 0x000001612dc5a720 Uncommon trap: reason=unstable_if action=reinterpret pc=0x000001613db78bf8 method=java.lang.String.startsWith(Ljava/lang/String;I)Z @ 1 c2
Event: 0.343 Thread 0x000001612dc5a720 DEOPT PACKING pc=0x000001613db78bf8 sp=0x00000046390fd800
Event: 0.343 Thread 0x000001612dc5a720 DEOPT UNPACKING pc=0x000001613d6146a2 sp=0x00000046390fd790 mode 2
Event: 0.366 Thread 0x000001612dc5a720 Uncommon trap: trap_request=0xffffff45 fr.pc=0x000001613db8c264 relative=0x0000000000000ee4
Event: 0.366 Thread 0x000001612dc5a720 Uncommon trap: reason=unstable_if action=reinterpret pc=0x000001613db8c264 method=java.util.HashMap.putVal(ILjava/lang/Object;Ljava/lang/Object;ZZ)Ljava/lang/Object; @ 193 c2
Event: 0.366 Thread 0x000001612dc5a720 DEOPT PACKING pc=0x000001613db8c264 sp=0x00000046390fe500
Event: 0.366 Thread 0x000001612dc5a720 DEOPT UNPACKING pc=0x000001613d6146a2 sp=0x00000046390fe4c0 mode 2
Event: 0.373 Thread 0x000001612dc5a720 Uncommon trap: trap_request=0xffffff45 fr.pc=0x000001613db768ac relative=0x000000000000072c
Event: 0.373 Thread 0x000001612dc5a720 Uncommon trap: reason=unstable_if action=reinterpret pc=0x000001613db768ac method=jdk.internal.module.Checks.isJavaIdentifier(Ljava/lang/String;)Z @ 4 c2
Event: 0.373 Thread 0x000001612dc5a720 DEOPT PACKING pc=0x000001613db768ac sp=0x00000046390fe7e0
Event: 0.373 Thread 0x000001612dc5a720 DEOPT UNPACKING pc=0x000001613d6146a2 sp=0x00000046390fe788 mode 2
Event: 0.506 Thread 0x000001612dc5a720 DEOPT PACKING pc=0x00000161361a2a2f sp=0x00000046390fe770
Event: 0.506 Thread 0x000001612dc5a720 DEOPT UNPACKING pc=0x000001613d614e42 sp=0x00000046390fdb90 mode 0
Event: 0.680 Thread 0x0000016193491dc0 Uncommon trap: trap_request=0xffffff45 fr.pc=0x000001613dba97b0 relative=0x0000000000000090
Event: 0.680 Thread 0x0000016193491dc0 Uncommon trap: reason=unstable_if action=reinterpret pc=0x000001613dba97b0 method=jdk.internal.misc.Unsafe.convEndian(ZI)I @ 4 c2
Event: 0.680 Thread 0x0000016193491dc0 DEOPT PACKING pc=0x000001613dba97b0 sp=0x000000463a7fd590
Event: 0.680 Thread 0x0000016193491dc0 DEOPT UNPACKING pc=0x000001613d6146a2 sp=0x000000463a7fd4c0 mode 2

Classes loaded (20 events):
Event: 7.770 Loading class sun/util/PropertyResourceBundleCharset$PropertiesFileDecoder
Event: 7.770 Loading class sun/util/PropertyResourceBundleCharset$PropertiesFileDecoder done
Event: 7.782 Loading class java/util/ResourceBundle$BundleReference
Event: 7.782 Loading class java/util/ResourceBundle$BundleReference done
Event: 7.783 Loading class java/text/MessageFormat
Event: 7.783 Loading class java/text/MessageFormat done
Event: 7.785 Loading class java/math/BigDecimal
Event: 7.786 Loading class java/math/BigDecimal done
Event: 7.786 Loading class java/math/MathContext
Event: 7.787 Loading class java/math/MathContext done
Event: 7.787 Loading class java/util/Collections$UnmodifiableMap$UnmodifiableEntrySet
Event: 7.787 Loading class java/util/Collections$UnmodifiableMap$UnmodifiableEntrySet done
Event: 7.788 Loading class java/util/Collections$UnmodifiableMap$UnmodifiableEntrySet$UnmodifiableEntrySetSpliterator
Event: 7.788 Loading class java/util/Collections$UnmodifiableMap$UnmodifiableEntrySet$UnmodifiableEntrySetSpliterator done
Event: 7.788 Loading class java/util/HashMap$EntrySpliterator
Event: 7.788 Loading class java/util/HashMap$EntrySpliterator done
Event: 7.788 Loading class java/lang/invoke/DirectMethodHandle$Special
Event: 7.788 Loading class java/lang/invoke/DirectMethodHandle$Special done
Event: 7.791 Loading class java/lang/NoSuchFieldError
Event: 7.792 Loading class java/lang/NoSuchFieldError done

Classes unloaded (0 events):
No events

Classes redefined (0 events):
No events

Internal exceptions (20 events):
Event: 0.214 Thread 0x000001612dc5a720 Exception <a 'java/lang/IncompatibleClassChangeError'{0x0000000713844390}: Found class java.lang.Object, but interface was expected> (0x0000000713844390) 
thrown [s\open\src\hotspot\share\interpreter\linkResolver.cpp, line 840]
Event: 0.214 Thread 0x000001612dc5a720 Exception <a 'java/lang/NoSuchMethodError'{0x0000000713846c30}: 'void java.lang.invoke.DirectMethodHandle$Holder.invokeStatic(java.lang.Object, java.lang.Object, java.lang.Object, java.lang.Object)'> (0x0000000713846c30) 
thrown [s\open\src\hotspot\share\interpreter\linkResolver.cpp, line 773]
Event: 0.253 Thread 0x000001612dc5a720 Exception <a 'java/lang/NoSuchMethodError'{0x000000071396a600}: 'void java.lang.invoke.DirectMethodHandle$Holder.invokeStatic(java.lang.Object, java.lang.Object, java.lang.Object)'> (0x000000071396a600) 
thrown [s\open\src\hotspot\share\interpreter\linkResolver.cpp, line 773]
Event: 0.259 Thread 0x000001612dc5a720 Exception <a 'java/lang/NoSuchMethodError'{0x0000000713980258}: 'java.lang.Object java.lang.invoke.Invokers$Holder.invokeExact_MT(java.lang.Object, java.lang.Object, java.lang.Object, java.lang.Object, java.lang.Object)'> (0x0000000713980258) 
thrown [s\open\src\hotspot\share\interpreter\linkResolver.cpp, line 773]
Event: 0.273 Thread 0x0000016192bde440 Exception <a 'java/lang/ClassNotFoundException'{0x00000007139d2f68}: jdk/net/ExtendedSocketOptions> (0x00000007139d2f68) 
thrown [s\open\src\hotspot\share\classfile\systemDictionary.cpp, line 312]
Event: 0.276 Thread 0x0000016192bde440 Exception <a 'java/lang/NoSuchMethodError'{0x00000007139d4618}: 'void java.lang.invoke.DirectMethodHandle$Holder.invokeStatic(java.lang.Object, java.lang.Object)'> (0x00000007139d4618) 
thrown [s\open\src\hotspot\share\interpreter\linkResolver.cpp, line 773]
Event: 0.282 Thread 0x000001612dc5a720 Exception <a 'java/lang/NoSuchMethodError'{0x0000000713665628}: 'java.lang.Object java.lang.invoke.Invokers$Holder.invokeExact_MT(java.lang.Object, java.lang.Object, java.lang.Object, java.lang.Object, java.lang.Object, java.lang.Object)'> (0x0000000713665628) 
thrown [s\open\src\hotspot\share\interpreter\linkResolver.cpp, line 773]
Event: 0.582 Thread 0x000001612dc5a720 Exception <a 'java/lang/NoSuchMethodError'{0x000000071315cd58}: 'int java.lang.invoke.DirectMethodHandle$Holder.invokeStaticInit(java.lang.Object, java.lang.Object, java.lang.Object)'> (0x000000071315cd58) 
thrown [s\open\src\hotspot\share\interpreter\linkResolver.cpp, line 773]
Event: 0.602 Thread 0x000001612dc5a720 Exception <a 'java/lang/NoSuchMethodError'{0x0000000712ed5928}: 'java.lang.Object java.lang.invoke.DirectMethodHandle$Holder.newInvokeSpecial(java.lang.Object, java.lang.Object, int, java.lang.Object)'> (0x0000000712ed5928) 
thrown [s\open\src\hotspot\share\interpreter\linkResolver.cpp, line 773]
Event: 0.602 Thread 0x000001612dc5a720 Exception <a 'java/lang/NoSuchMethodError'{0x0000000712ed9a80}: 'java.lang.Object java.lang.invoke.DirectMethodHandle$Holder.invokeSpecial(java.lang.Object, java.lang.Object, java.lang.Object, int, java.lang.Object)'> (0x0000000712ed9a80) 
thrown [s\open\src\hotspot\share\interpreter\linkResolver.cpp, line 773]
Event: 0.657 Thread 0x0000016193491dc0 Exception <a 'java/lang/NoSuchMethodError'{0x0000000712ddc520}: 'void java.lang.invoke.DirectMethodHandle$Holder.invokeStaticInit(java.lang.Object)'> (0x0000000712ddc520) 
thrown [s\open\src\hotspot\share\interpreter\linkResolver.cpp, line 773]
Event: 0.666 Thread 0x000001612dc5a720 Exception <a 'java/lang/NoSuchMethodError'{0x00000007140975c0}: 'java.lang.Object java.lang.invoke.DirectMethodHandle$Holder.newInvokeSpecial(java.lang.Object, java.lang.Object, java.lang.Object, java.lang.Object, java.lang.Object, java.lang.Object)'> (0x00000007140975c0) 
thrown [s\open\src\hotspot\share\interpreter\linkResolver.cpp, line 773]
Event: 0.687 Thread 0x000001612dc5a720 Exception <a 'java/lang/NoSuchMethodError'{0x00000007140d3640}: 'java.lang.Object java.lang.invoke.DirectMethodHandle$Holder.newInvokeSpecial(java.lang.Object, java.lang.Object, java.lang.Object, java.lang.Object, java.lang.Object)'> (0x00000007140d3640) 
thrown [s\open\src\hotspot\share\interpreter\linkResolver.cpp, line 773]
Event: 0.723 Thread 0x0000016193491dc0 Exception <a 'java/lang/NoSuchMethodError'{0x0000000713fbca38}: 'void java.lang.invoke.DirectMethodHandle$Holder.invokeStatic(java.lang.Object, long)'> (0x0000000713fbca38) 
thrown [s\open\src\hotspot\share\interpreter\linkResolver.cpp, line 773]
Event: 0.724 Thread 0x0000016193491dc0 Exception <a 'java/lang/NoSuchMethodError'{0x0000000713fc1608}: 'java.lang.Object java.lang.invoke.DirectMethodHandle$Holder.newInvokeSpecial(java.lang.Object, long)'> (0x0000000713fc1608) 
thrown [s\open\src\hotspot\share\interpreter\linkResolver.cpp, line 773]
Event: 0.725 Thread 0x0000016193491dc0 Exception <a 'java/lang/NoSuchMethodError'{0x0000000713fc8af8}: 'java.lang.Object java.lang.invoke.DirectMethodHandle$Holder.invokeStatic(java.lang.Object, long, java.lang.Object)'> (0x0000000713fc8af8) 
thrown [s\open\src\hotspot\share\interpreter\linkResolver.cpp, line 773]
Event: 0.726 Thread 0x0000016193491dc0 Exception <a 'java/lang/NoSuchMethodError'{0x0000000713fcc280}: 'java.lang.Object java.lang.invoke.DirectMethodHandle$Holder.invokeStaticInit(java.lang.Object, long, java.lang.Object)'> (0x0000000713fcc280) 
thrown [s\open\src\hotspot\share\interpreter\linkResolver.cpp, line 773]
Event: 0.732 Thread 0x0000016193491dc0 Exception <a 'sun/nio/fs/WindowsException'{0x0000000713fdfd70}> (0x0000000713fdfd70) 
thrown [s\open\src\hotspot\share\prims\jni.cpp, line 520]
Event: 7.746 Thread 0x0000016193491dc0 Exception <a 'sun/nio/fs/WindowsException'{0x0000000713c8ecd0}> (0x0000000713c8ecd0) 
thrown [s\open\src\hotspot\share\prims\jni.cpp, line 520]
Event: 7.789 Thread 0x0000016193491dc0 Exception <a 'java/lang/NoSuchMethodError'{0x0000000713a05620}: 'java.lang.Object java.lang.invoke.DirectMethodHandle$Holder.invokeVirtual(java.lang.Object, java.lang.Object, java.lang.Object)'> (0x0000000713a05620) 
thrown [s\open\src\hotspot\share\interpreter\linkResolver.cpp, line 773]

ZGC Phase Switch (0 events):
No events

VM Operations (20 events):
Event: 0.145 Executing VM operation: HandshakeAllThreads (Deoptimize)
Event: 0.145 Executing VM operation: HandshakeAllThreads (Deoptimize) done
Event: 0.211 Executing VM operation: HandshakeAllThreads (Deoptimize)
Event: 0.211 Executing VM operation: HandshakeAllThreads (Deoptimize) done
Event: 0.592 Executing VM operation: HandshakeAllThreads (Deoptimize)
Event: 0.592 Executing VM operation: HandshakeAllThreads (Deoptimize) done
Event: 0.660 Executing VM operation: G1CollectForAllocation (G1 Evacuation Pause)
Event: 0.664 Executing VM operation: G1CollectForAllocation (G1 Evacuation Pause) done
Event: 0.728 Executing VM operation: HandshakeAllThreads (Deoptimize)
Event: 0.728 Executing VM operation: HandshakeAllThreads (Deoptimize) done
Event: 1.727 Executing VM operation: Cleanup
Event: 1.727 Executing VM operation: Cleanup done
Event: 7.749 Executing VM operation: HandshakeAllThreads (Deoptimize)
Event: 7.749 Executing VM operation: HandshakeAllThreads (Deoptimize) done
Event: 7.749 Executing VM operation: Cleanup
Event: 7.749 Executing VM operation: Cleanup done
Event: 7.752 Executing VM operation: HandshakeAllThreads (Deoptimize)
Event: 7.752 Executing VM operation: HandshakeAllThreads (Deoptimize) done
Event: 7.784 Executing VM operation: HandshakeAllThreads (Deoptimize)
Event: 7.784 Executing VM operation: HandshakeAllThreads (Deoptimize) done

Events (20 events):
Event: 0.043 Thread 0x000001614c8b12d0 Thread added: 0x000001614c8b12d0
Event: 0.043 Thread 0x000001614c8b2d40 Thread added: 0x000001614c8b2d40
Event: 0.043 Thread 0x000001614c8b47b0 Thread added: 0x000001614c8b47b0
Event: 0.043 Thread 0x000001614c8b6220 Thread added: 0x000001614c8b6220
Event: 0.043 Thread 0x0000016192009500 Thread added: 0x0000016192009500
Event: 0.043 Thread 0x00000161920123c0 Thread added: 0x00000161920123c0
Event: 0.069 Thread 0x000001614c86ee90 Thread added: 0x000001614c86ee90
Event: 0.112 Thread 0x00000161921821f0 Thread added: 0x00000161921821f0
Event: 0.134 Thread 0x0000016192342490 Thread added: 0x0000016192342490
Event: 0.265 Thread 0x0000016192bde440 Thread added: 0x0000016192bde440
Event: 0.265 Thread 0x0000016192e56e10 Thread added: 0x0000016192e56e10
Event: 0.522 Thread 0x0000016192342490 Thread exited: 0x0000016192342490
Event: 0.555 Thread 0x0000016192c85000 Thread added: 0x0000016192c85000
Event: 0.600 Thread 0x000001619348e2b0 Thread added: 0x000001619348e2b0
Event: 0.603 Thread 0x0000016193491dc0 Thread added: 0x0000016193491dc0
Event: 0.684 Thread 0x000001619338b250 Thread added: 0x000001619338b250
Event: 0.688 Thread 0x00000161932f3920 Thread added: 0x00000161932f3920
Event: 1.180 Thread 0x00000161921821f0 Thread exited: 0x00000161921821f0
Event: 7.741 Thread 0x00000161932bdc30 Thread added: 0x00000161932bdc30
Event: 7.777 Thread 0x00000161922b1430 Thread added: 0x00000161922b1430


Dynamic libraries:
0x00007ff6695a0000 - 0x00007ff6695b0000 	C:\Program Files\Java\jdk-21.0.2\bin\java.exe
0x00007ff985310000 - 0x00007ff985527000 	C:\WINDOWS\SYSTEM32\ntdll.dll
0x00007ff983ab0000 - 0x00007ff983b74000 	C:\WINDOWS\System32\KERNEL32.DLL
0x00007ff982730000 - 0x00007ff982ae9000 	C:\WINDOWS\System32\KERNELBASE.dll
0x00007ff982610000 - 0x00007ff982721000 	C:\WINDOWS\System32\ucrtbase.dll
0x00007ff96cea0000 - 0x00007ff96ceb9000 	C:\Program Files\Java\jdk-21.0.2\bin\jli.dll
0x00007ff983560000 - 0x00007ff983612000 	C:\WINDOWS\System32\ADVAPI32.dll
0x00007ff984300000 - 0x00007ff9843a7000 	C:\WINDOWS\System32\msvcrt.dll
0x00007ff9843b0000 - 0x00007ff984457000 	C:\WINDOWS\System32\sechost.dll
0x00007ff982c60000 - 0x00007ff982c88000 	C:\WINDOWS\System32\bcrypt.dll
0x00007ff983620000 - 0x00007ff983734000 	C:\WINDOWS\System32\RPCRT4.dll
0x00007ff9831a0000 - 0x00007ff98334e000 	C:\WINDOWS\System32\USER32.dll
0x00007ff982c30000 - 0x00007ff982c56000 	C:\WINDOWS\System32\win32u.dll
0x00007ff983ba0000 - 0x00007ff983bc9000 	C:\WINDOWS\System32\GDI32.dll
0x00007ff982c90000 - 0x00007ff982dab000 	C:\WINDOWS\System32\gdi32full.dll
0x00007ff982f20000 - 0x00007ff982fba000 	C:\WINDOWS\System32\msvcp_win.dll
0x00007ff96ca30000 - 0x00007ff96ca4b000 	C:\Program Files\Java\jdk-21.0.2\bin\VCRUNTIME140.dll
0x00007ff96ca90000 - 0x00007ff96cd22000 	C:\WINDOWS\WinSxS\amd64_microsoft.windows.common-controls_6595b64144ccf1df_6.0.22621.4391_none_2715d37f73803e96\COMCTL32.dll
0x00007ff97cbf0000 - 0x00007ff97cbfa000 	C:\WINDOWS\SYSTEM32\VERSION.dll
0x00007ff983130000 - 0x00007ff983161000 	C:\WINDOWS\System32\IMM32.DLL
0x00007ff96e150000 - 0x00007ff96e2b1000 	C:\Program Files (x86)\Citrix\ICA Client\ctxapclient64.dll
0x00007ff9844c0000 - 0x00007ff98484f000 	C:\WINDOWS\System32\combase.dll
0x00007ff981850000 - 0x00007ff981884000 	C:\WINDOWS\SYSTEM32\ntmarta.dll
0x00007ff982bb0000 - 0x00007ff982c2b000 	C:\WINDOWS\System32\bcryptprimitives.dll
0x00007ff96dc00000 - 0x00007ff96dc3a000 	C:\Program Files (x86)\Citrix\ICA Client\Receiver\FeatureFlagHelper64.dll
0x00007ff979a80000 - 0x00007ff979a8c000 	C:\Program Files\Java\jdk-21.0.2\bin\vcruntime140_1.dll
0x00007ff947ef0000 - 0x00007ff947f7e000 	C:\Program Files\Java\jdk-21.0.2\bin\msvcp140.dll
0x00007ff904970000 - 0x00007ff905687000 	C:\Program Files\Java\jdk-21.0.2\bin\server\jvm.dll
0x00007ff984280000 - 0x00007ff9842f1000 	C:\WINDOWS\System32\WS2_32.dll
0x00007ff9814a0000 - 0x00007ff9814ed000 	C:\WINDOWS\SYSTEM32\POWRPROF.dll
0x00007ff97d570000 - 0x00007ff97d5a4000 	C:\WINDOWS\SYSTEM32\WINMM.dll
0x00007ff981480000 - 0x00007ff981493000 	C:\WINDOWS\SYSTEM32\UMPDC.dll
0x00007ff9816e0000 - 0x00007ff9816f8000 	C:\WINDOWS\SYSTEM32\kernel.appcore.dll
0x00007ff977810000 - 0x00007ff97781a000 	C:\Program Files\Java\jdk-21.0.2\bin\jimage.dll
0x00007ff966570000 - 0x00007ff9667a2000 	C:\WINDOWS\SYSTEM32\DBGHELP.DLL
0x00007ff9851f0000 - 0x00007ff9852c7000 	C:\WINDOWS\System32\OLEAUT32.dll
0x00007ff964230000 - 0x00007ff964262000 	C:\WINDOWS\SYSTEM32\dbgcore.DLL
0x00007ff96ce90000 - 0x00007ff96ce9f000 	C:\Program Files\Java\jdk-21.0.2\bin\instrument.dll
0x00007ff96ca10000 - 0x00007ff96ca2f000 	C:\Program Files\Java\jdk-21.0.2\bin\java.dll
0x00007ff9848b0000 - 0x00007ff985126000 	C:\WINDOWS\System32\SHELL32.dll
0x00007ff980560000 - 0x00007ff980e63000 	C:\WINDOWS\SYSTEM32\windows.storage.dll
0x00007ff980420000 - 0x00007ff98055f000 	C:\WINDOWS\SYSTEM32\wintypes.dll
0x00007ff983030000 - 0x00007ff983129000 	C:\WINDOWS\System32\SHCORE.dll
0x00007ff984460000 - 0x00007ff9844be000 	C:\WINDOWS\System32\shlwapi.dll
0x00007ff982540000 - 0x00007ff98256b000 	C:\WINDOWS\SYSTEM32\profapi.dll
0x00007ff942490000 - 0x00007ff942567000 	C:\Program Files\Java\jdk-21.0.2\bin\jsvml.dll
0x00007ff96ca00000 - 0x00007ff96ca10000 	C:\Program Files\Java\jdk-21.0.2\bin\net.dll
0x00007ff97b530000 - 0x00007ff97b666000 	C:\WINDOWS\SYSTEM32\WINHTTP.dll
0x00007ff981bc0000 - 0x00007ff981c29000 	C:\WINDOWS\system32\mswsock.dll
0x00007ff96c9e0000 - 0x00007ff96c9f6000 	C:\Program Files\Java\jdk-21.0.2\bin\nio.dll
0x00007ff96c9c0000 - 0x00007ff96c9d8000 	C:\Program Files\Java\jdk-21.0.2\bin\zip.dll
0x00007ff96c320000 - 0x00007ff96c33a000 	D:\IntelliJ IDEA 2024.2.4\bin\breakgen64.dll
0x000001612db40000 - 0x000001612db43000 	C:\Users\prabh\.openjfx\cache\21+31\amd64\api-ms-win-core-console-l1-1-0.dll
0x000001612db50000 - 0x000001612db53000 	C:\Users\prabh\.openjfx\cache\21+31\amd64\api-ms-win-core-console-l1-2-0.dll
0x000001612db60000 - 0x000001612db63000 	C:\Users\prabh\.openjfx\cache\21+31\amd64\api-ms-win-core-datetime-l1-1-0.dll
0x000001612db70000 - 0x000001612db73000 	C:\Users\prabh\.openjfx\cache\21+31\amd64\api-ms-win-core-debug-l1-1-0.dll
0x000001612db80000 - 0x000001612db83000 	C:\Users\prabh\.openjfx\cache\21+31\amd64\api-ms-win-core-errorhandling-l1-1-0.dll
0x000001612db90000 - 0x000001612db94000 	C:\Users\prabh\.openjfx\cache\21+31\amd64\api-ms-win-core-file-l1-1-0.dll
0x000001612dba0000 - 0x000001612dba3000 	C:\Users\prabh\.openjfx\cache\21+31\amd64\api-ms-win-core-file-l1-2-0.dll
0x000001612dbb0000 - 0x000001612dbb3000 	C:\Users\prabh\.openjfx\cache\21+31\amd64\api-ms-win-core-file-l2-1-0.dll
0x000001612dbc0000 - 0x000001612dbc3000 	C:\Users\prabh\.openjfx\cache\21+31\amd64\api-ms-win-core-handle-l1-1-0.dll
0x000001612dbd0000 - 0x000001612dbd3000 	C:\Users\prabh\.openjfx\cache\21+31\amd64\api-ms-win-core-heap-l1-1-0.dll
0x000001612dbe0000 - 0x000001612dbe3000 	C:\Users\prabh\.openjfx\cache\21+31\amd64\api-ms-win-core-interlocked-l1-1-0.dll
0x000001614cd00000 - 0x000001614cd03000 	C:\Users\prabh\.openjfx\cache\21+31\amd64\api-ms-win-core-libraryloader-l1-1-0.dll
0x000001614cd10000 - 0x000001614cd13000 	C:\Users\prabh\.openjfx\cache\21+31\amd64\api-ms-win-core-localization-l1-2-0.dll
0x000001614cd20000 - 0x000001614cd23000 	C:\Users\prabh\.openjfx\cache\21+31\amd64\api-ms-win-core-memory-l1-1-0.dll
0x000001614cd30000 - 0x000001614cd33000 	C:\Users\prabh\.openjfx\cache\21+31\amd64\api-ms-win-core-namedpipe-l1-1-0.dll
0x000001614cd40000 - 0x000001614cd43000 	C:\Users\prabh\.openjfx\cache\21+31\amd64\api-ms-win-core-processenvironment-l1-1-0.dll
0x000001614cd50000 - 0x000001614cd53000 	C:\Users\prabh\.openjfx\cache\21+31\amd64\api-ms-win-core-processthreads-l1-1-0.dll
0x000001614cd60000 - 0x000001614cd63000 	C:\Users\prabh\.openjfx\cache\21+31\amd64\api-ms-win-core-processthreads-l1-1-1.dll
0x000001614cd70000 - 0x000001614cd73000 	C:\Users\prabh\.openjfx\cache\21+31\amd64\api-ms-win-core-profile-l1-1-0.dll
0x000001614cd80000 - 0x000001614cd83000 	C:\Users\prabh\.openjfx\cache\21+31\amd64\api-ms-win-core-rtlsupport-l1-1-0.dll
0x000001614cd90000 - 0x000001614cd93000 	C:\Users\prabh\.openjfx\cache\21+31\amd64\api-ms-win-core-string-l1-1-0.dll
0x000001614cda0000 - 0x000001614cda3000 	C:\Users\prabh\.openjfx\cache\21+31\amd64\api-ms-win-core-synch-l1-1-0.dll
0x000001614cdb0000 - 0x000001614cdb3000 	C:\Users\prabh\.openjfx\cache\21+31\amd64\api-ms-win-core-synch-l1-2-0.dll
0x000001614cdc0000 - 0x000001614cdc3000 	C:\Users\prabh\.openjfx\cache\21+31\amd64\api-ms-win-core-sysinfo-l1-1-0.dll
0x000001614cdd0000 - 0x000001614cdd3000 	C:\Users\prabh\.openjfx\cache\21+31\amd64\api-ms-win-core-timezone-l1-1-0.dll
0x000001614cde0000 - 0x000001614cde3000 	C:\Users\prabh\.openjfx\cache\21+31\amd64\api-ms-win-core-util-l1-1-0.dll
0x000001614cdf0000 - 0x000001614cdf3000 	C:\Users\prabh\.openjfx\cache\21+31\amd64\api-ms-win-crt-conio-l1-1-0.dll
0x000001614ce00000 - 0x000001614ce04000 	C:\Users\prabh\.openjfx\cache\21+31\amd64\api-ms-win-crt-convert-l1-1-0.dll
0x000001614ce10000 - 0x000001614ce13000 	C:\Users\prabh\.openjfx\cache\21+31\amd64\api-ms-win-crt-environment-l1-1-0.dll
0x000001614ce20000 - 0x000001614ce23000 	C:\Users\prabh\.openjfx\cache\21+31\amd64\api-ms-win-crt-filesystem-l1-1-0.dll
0x000001614ce30000 - 0x000001614ce33000 	C:\Users\prabh\.openjfx\cache\21+31\amd64\api-ms-win-crt-heap-l1-1-0.dll
0x000001614cf50000 - 0x000001614cf53000 	C:\Users\prabh\.openjfx\cache\21+31\amd64\api-ms-win-crt-locale-l1-1-0.dll
0x000001614cf60000 - 0x000001614cf65000 	C:\Users\prabh\.openjfx\cache\21+31\amd64\api-ms-win-crt-math-l1-1-0.dll
0x000001614cf70000 - 0x000001614cf75000 	C:\Users\prabh\.openjfx\cache\21+31\amd64\api-ms-win-crt-multibyte-l1-1-0.dll
0x000001614cf80000 - 0x000001614cf90000 	C:\Users\prabh\.openjfx\cache\21+31\amd64\api-ms-win-crt-private-l1-1-0.dll
0x000001614cf90000 - 0x000001614cf93000 	C:\Users\prabh\.openjfx\cache\21+31\amd64\api-ms-win-crt-process-l1-1-0.dll
0x000001614cfa0000 - 0x000001614cfa4000 	C:\Users\prabh\.openjfx\cache\21+31\amd64\api-ms-win-crt-runtime-l1-1-0.dll
0x000001614cfb0000 - 0x000001614cfb4000 	C:\Users\prabh\.openjfx\cache\21+31\amd64\api-ms-win-crt-stdio-l1-1-0.dll
0x000001614ce40000 - 0x000001614ce44000 	C:\Users\prabh\.openjfx\cache\21+31\amd64\api-ms-win-crt-string-l1-1-0.dll
0x000001614ce50000 - 0x000001614ce53000 	C:\Users\prabh\.openjfx\cache\21+31\amd64\api-ms-win-crt-time-l1-1-0.dll
0x000001614ce60000 - 0x000001614ce63000 	C:\Users\prabh\.openjfx\cache\21+31\amd64\api-ms-win-crt-utility-l1-1-0.dll
0x00007ff942390000 - 0x00007ff94248c000 	C:\Users\prabh\.openjfx\cache\21+31\amd64\ucrtbase.dll
0x00007ff96c2e0000 - 0x00007ff96c2fb000 	C:\Users\prabh\.openjfx\cache\21+31\amd64\vcruntime140.dll
0x00007ff966010000 - 0x00007ff96601c000 	C:\Users\prabh\.openjfx\cache\21+31\amd64\vcruntime140_1.dll
0x00007ff9407a0000 - 0x00007ff94082e000 	C:\Users\prabh\.openjfx\cache\21+31\amd64\msvcp140.dll
0x00007ff984050000 - 0x00007ff9841f5000 	C:\WINDOWS\System32\ole32.dll
0x00007ff965f30000 - 0x00007ff965f39000 	C:\Users\prabh\.openjfx\cache\21+31\amd64\msvcp140_1.dll
0x00007ff960130000 - 0x00007ff96015f000 	C:\Users\prabh\.openjfx\cache\21+31\amd64\msvcp140_2.dll
0x00007ff960100000 - 0x00007ff96012f000 	C:\Users\prabh\.openjfx\cache\21+31\amd64\prism_d3d.dll
0x00007ff946140000 - 0x00007ff9462e8000 	C:\WINDOWS\system32\d3d9.dll
0x00007ff97fcf0000 - 0x00007ff97fd1b000 	C:\WINDOWS\SYSTEM32\dwmapi.dll
0x00007ff97fd60000 - 0x00007ff97fd97000 	C:\WINDOWS\SYSTEM32\dxcore.dll
0x00007ff97faa0000 - 0x00007ff97fb51000 	C:\WINDOWS\system32\uxtheme.dll
0x00007ff93a000000 - 0x00007ff93a1ad000 	C:\WINDOWS\System32\DriverStore\FileRepository\iigd_dch.inf_amd64_306090fd1d6bb4fa\igdumdim64.dll
0x00007ff8d6160000 - 0x00007ff8d9204000 	C:\WINDOWS\System32\DriverStore\FileRepository\iigd_dch.inf_amd64_306090fd1d6bb4fa\igd9dxva64.dll
0x00007ff983bd0000 - 0x00007ff984044000 	C:\WINDOWS\System32\SETUPAPI.dll
0x00007ff9822d0000 - 0x00007ff98231e000 	C:\WINDOWS\SYSTEM32\cfgmgr32.dll
0x00007ff975ff0000 - 0x00007ff9763f9000 	C:\WINDOWS\System32\DriverStore\FileRepository\iigd_dch.inf_amd64_306090fd1d6bb4fa\igdgmm64.dll
0x00007ff979fc0000 - 0x00007ff97a009000 	C:\WINDOWS\SYSTEM32\directxdatabasehelper.dll
0x00007ff942220000 - 0x00007ff942262000 	C:\Users\prabh\.openjfx\cache\21+31\amd64\glass.dll
0x0000016193bd0000 - 0x0000016193ccf000 	C:\WINDOWS\System32\COMDLG32.dll
0x00007ff983950000 - 0x00007ff983ab0000 	C:\WINDOWS\System32\MSCTF.dll
0x00007ff965900000 - 0x00007ff965927000 	C:\WINDOWS\System32\DriverStore\FileRepository\iigd_dch.inf_amd64_306090fd1d6bb4fa\igdinfo64.dll
0x00007ff981e10000 - 0x00007ff981e2b000 	C:\WINDOWS\SYSTEM32\CRYPTSP.dll
0x00007ff9816a0000 - 0x00007ff9816d5000 	C:\WINDOWS\system32\rsaenh.dll
0x00007ff981e30000 - 0x00007ff981e3c000 	C:\WINDOWS\SYSTEM32\CRYPTBASE.dll
0x00007ff972370000 - 0x00007ff975b06000 	C:\WINDOWS\System32\DriverStore\FileRepository\iigd_dch.inf_amd64_306090fd1d6bb4fa\igc64.dll

dbghelp: loaded successfully - version: 4.0.5 - missing functions: none
symbol engine: initialized successfully - sym options: 0x614 - pdb path: .;C:\Program Files\Java\jdk-21.0.2\bin;C:\WINDOWS\SYSTEM32;C:\WINDOWS\WinSxS\amd64_microsoft.windows.common-controls_6595b64144ccf1df_6.0.22621.4391_none_2715d37f73803e96;C:\Program Files (x86)\Citrix\ICA Client;C:\Program Files (x86)\Citrix\ICA Client\Receiver;C:\Program Files\Java\jdk-21.0.2\bin\server;D:\IntelliJ IDEA 2024.2.4\bin;C:\Users\prabh\.openjfx\cache\21+31\amd64;C:\WINDOWS\System32\DriverStore\FileRepository\iigd_dch.inf_amd64_306090fd1d6bb4fa

VM Arguments:
jvm_args: -javaagent:D:\IntelliJ IDEA 2024.2.4\lib\idea_rt.jar=62506:D:\IntelliJ IDEA 2024.2.4\bin -Dfile.encoding=UTF-8 -Dsun.stdout.encoding=UTF-8 -Dsun.stderr.encoding=UTF-8 --module-path=C:\Users\prabh\.m2\repository\org\openjfx\javafx-controls\21\javafx-controls-21-win.jar;C:\Users\prabh\.m2\repository\org\openjfx\javafx-fxml\21\javafx-fxml-21-win.jar;C:\Users\prabh\.m2\repository\com\google\code\gson\gson\2.8.9\gson-2.8.9.jar;C:\Users\prabh\.m2\repository\org\openjfx\javafx-graphics\21\javafx-graphics-21-win.jar;C:\Users\prabh\IdeaProjects\OOD5\lib\librec-core-3.0.0-1.jar;C:\Users\prabh\IdeaProjects\OOD5\target\classes;C:\Users\prabh\.m2\repository\org\openjfx\javafx-base\21\javafx-base-21-win.jar;C:\Users\prabh\.m2\repository\com\mysql\mysql-connector-j\8.0.33\mysql-connector-j-8.0.33.jar -Djdk.module.main=org.example.ood5 
java_command: org.example.ood5/Main.Main
java_class_path (initial): C:\Users\prabh\.m2\repository\org\openjfx\javafx-controls\21\javafx-controls-21.jar;C:\Users\prabh\.m2\repository\org\openjfx\javafx-graphics\21\javafx-graphics-21.jar;C:\Users\prabh\.m2\repository\org\openjfx\javafx-base\21\javafx-base-21.jar;C:\Users\prabh\.m2\repository\org\openjfx\javafx-fxml\21\javafx-fxml-21.jar;C:\Users\prabh\.m2\repository\com\google\protobuf\protobuf-java\3.21.9\protobuf-java-3.21.9.jar;C:\Users\prabh\.m2\repository\commons-logging\commons-logging\1.2\commons-logging-1.2.jar;C:\Users\prabh\.m2\repository\commons-lang\commons-lang\2.6\commons-lang-2.6.jar;C:\Users\prabh\.m2\repository\com\google\guava\guava\32.1.2-jre\guava-32.1.2-jre.jar;C:\Users\prabh\.m2\repository\com\google\guava\failureaccess\1.0.1\failureaccess-1.0.1.jar;C:\Users\prabh\.m2\repository\com\google\guava\listenablefuture\9999.0-empty-to-avoid-conflict-with-guava\listenablefuture-9999.0-empty-to-avoid-conflict-with-guava.jar;C:\Users\prabh\.m2\repository\com\google\code\findbugs\jsr305\3.0.2\jsr305-3.0.2.jar;C:\Users\prabh\.m2\repository\org\checkerframework\checker-qual\3.33.0\checker-qual-3.33.0.jar;C:\Users\prabh\.m2\repository\com\google\errorprone\error_prone_annotations\2.18.0\error_prone_annotations-2.18.0.jar;C:\Users\prabh\.m2\repository\com\google\j2objc\j2objc-annotations\2.8\j2objc-annotations-2.8.jar
Launcher Type: SUN_STANDARD

[Global flags]
     intx CICompilerCount                          = 4                                         {product} {ergonomic}
     uint ConcGCThreads                            = 2                                         {product} {ergonomic}
     uint G1ConcRefinementThreads                  = 8                                         {product} {ergonomic}
   size_t G1HeapRegionSize                         = 2097152                                   {product} {ergonomic}
    uintx GCDrainStackTargetSize                   = 64                                        {product} {ergonomic}
   size_t InitialHeapSize                          = 264241152                                 {product} {ergonomic}
   size_t MarkStackSize                            = 4194304                                   {product} {ergonomic}
   size_t MaxHeapSize                              = 4221566976                                {product} {ergonomic}
   size_t MaxNewSize                               = 2531262464                                {product} {ergonomic}
   size_t MinHeapDeltaBytes                        = 2097152                                   {product} {ergonomic}
   size_t MinHeapSize                              = 8388608                                   {product} {ergonomic}
    uintx NonNMethodCodeHeapSize                   = 5839372                                {pd product} {ergonomic}
    uintx NonProfiledCodeHeapSize                  = 122909434                              {pd product} {ergonomic}
    uintx ProfiledCodeHeapSize                     = 122909434                              {pd product} {ergonomic}
    uintx ReservedCodeCacheSize                    = 251658240                              {pd product} {ergonomic}
     bool SegmentedCodeCache                       = true                                      {product} {ergonomic}
   size_t SoftMaxHeapSize                          = 4221566976                             {manageable} {ergonomic}
     bool UseCompressedOops                        = true                           {product lp64_product} {ergonomic}
     bool UseG1GC                                  = true                                      {product} {ergonomic}
     bool UseLargePagesIndividualAllocation        = false                                  {pd product} {ergonomic}

Logging:
Log output configuration:
 #0: stdout all=warning uptime,level,tags foldmultilines=false
 #1: stderr all=off uptime,level,tags foldmultilines=false

Environment Variables:
JAVA_HOME=C:\Program Files\Java\jdk-21.0.2
PATH=C:\WINDOWS\system32;C:\WINDOWS;C:\WINDOWS\System32\Wbem;C:\WINDOWS\System32\WindowsPowerShell\v1.0\;C:\WINDOWS\System32\OpenSSH\;C:\Program Files\Java\jdk-21.0.2\bin;C:\Users\prabh\AppData\Local\Programs\MiKTeX\miktex\bin\x64\;C:\Users\prabh\.m2\wrapper\dists\apache-maven-3.8.5-bin\5i5jha092a3i37g0paqnfr15e0\apache-maven-3.8.5\bin;C:\Program Files\Git\cmd;C:\Users\prabh\AppData\Local\Programs\Python\Python311\Scripts\;C:\Users\prabh\AppData\Local\Programs\Python\Python311\;C:\Users\prabh\AppData\Local\Microsoft\WindowsApps;C:\Users\prabh\AppData\Local\Programs\Microsoft VS Code\bin;C:\Users\prabh\AppData\Local\JetBrains\Toolbox\scripts;C:\Users\prabh\AppData\Local\Programs\MiKTeX\miktex\bin\x64\;C:\Program Files\JetBrains\IntelliJ IDEA 2023.3.3\bin;
USERNAME=prabh
OS=Windows_NT
PROCESSOR_IDENTIFIER=Intel64 Family 6 Model 142 Stepping 12, GenuineIntel
TMP=C:\Users\prabh\AppData\Local\Temp
TEMP=C:\Users\prabh\AppData\Local\Temp




Periodic native trim disabled

---------------  S Y S T E M  ---------------

OS:
 Windows 11 , 64 bit Build 22621 (10.0.22621.4391)
OS uptime: 2 days 23:22 hours

CPU: total 8 (initial active 8) (4 cores per cpu, 2 threads per core) family 6 model 142 stepping 12 microcode 0xfa, cx8, cmov, fxsr, ht, mmx, 3dnowpref, sse, sse2, sse3, ssse3, sse4.1, sse4.2, popcnt, lzcnt, tsc, tscinvbit, avx, avx2, aes, erms, clmul, bmi1, bmi2, adx, fma, vzeroupper, clflush, clflushopt, rdtscp, f16c
Processor Information for all 8 processors :
  Max Mhz: 1896, Current Mhz: 798, Mhz Limit: 796

Memory: 4k page, system-wide physical 16099M (4310M free)
TotalPageFile size 35093M (AvailPageFile size 3M)
current process WorkingSet (physical memory assigned to process): 113M, peak: 116M
current process commit charge ("private bytes"): 382M, peak: 387M

vm_info: Java HotSpot(TM) 64-Bit Server VM (21.0.2+13-LTS-58) for windows-amd64 JRE (21.0.2+13-LTS-58), built on 2024-01-05T18:32:24Z by "mach5one" with MS VC++ 17.1 (VS2022)

END.
