#
# There is insufficient memory for the Java Runtime Environment to continue.
# Native memory allocation (mmap) failed to map 65536 bytes for Failed to commit metaspace.
# Possible reasons:
#   The system is out of physical RAM or swap space
#   The process is running with CompressedOops enabled, and the Java Heap may be blocking the growth of the native heap
# Possible solutions:
#   Reduce memory load on the system
#   Increase physical memory or swap space
#   Check if swap backing store is full
#   Decrease Java heap size (-Xmx/-Xms)
#   Decrease number of Java threads
#   Decrease Java thread stack sizes (-Xss)
#   Set larger code cache with -XX:ReservedCodeCacheSize=
#   JVM is running with Zero Based Compressed Oops mode in which the Java heap is
#     placed in the first 32GB address space. The Java Heap base address is the
#     maximum limit for the native heap growth. Please use -XX:HeapBaseMinAddress
#     to set the Java Heap base and to place the Java Heap above 32GB virtual address.
# This output file may be truncated or incomplete.
#
#  Out of Memory Error (virtualSpaceNode.cpp:112), pid=12924, tid=3220
#
# JRE version: Java(TM) SE Runtime Environment (21.0.2+13) (build 21.0.2+13-LTS-58)
# Java VM: Java HotSpot(TM) 64-Bit Server VM (21.0.2+13-LTS-58, mixed mode, sharing, tiered, compressed oops, compressed class ptrs, g1 gc, windows-amd64)
# No core dump will be written. Minidumps are not enabled by default on client versions of Windows
#

---------------  S U M M A R Y ------------

Command Line: -javaagent:D:\IntelliJ IDEA 2024.2.4\lib\idea_rt.jar=50866:D:\IntelliJ IDEA 2024.2.4\bin -Dfile.encoding=UTF-8 -Dsun.stdout.encoding=UTF-8 -Dsun.stderr.encoding=UTF-8 --module-path=C:\Users\prabh\.m2\repository\com\google\code\gson\gson\2.8.9\gson-2.8.9.jar;C:\Users\prabh\.m2\repository\org\openjfx\javafx-base\21\javafx-base-21-win.jar;C:\Users\prabh\IdeaProjects\OOD5\target\classes;C:\Users\prabh\IdeaProjects\OOD5\lib\librec-core-3.0.0-1.jar;C:\Users\prabh\.m2\repository\com\mysql\mysql-connector-j\8.0.33\mysql-connector-j-8.0.33.jar;C:\Users\prabh\.m2\repository\org\openjfx\javafx-graphics\21\javafx-graphics-21-win.jar;C:\Users\prabh\.m2\repository\org\openjfx\javafx-fxml\21\javafx-fxml-21-win.jar;C:\Users\prabh\.m2\repository\org\openjfx\javafx-controls\21\javafx-controls-21-win.jar -Djdk.module.main=org.example.ood5 org.example.ood5/Main.Main

Host: Intel(R) Core(TM) i5-8365U CPU @ 1.60GHz, 8 cores, 15G,  Windows 11 , 64 bit Build 22621 (10.0.22621.4391)
Time: Wed Dec  4 21:09:09 2024 Sri Lanka Standard Time elapsed time: 8.074244 seconds (0d 0h 0m 8s)

---------------  T H R E A D  ---------------

Current thread (0x000001d8b5a39960):  JavaThread "JavaFX Application Thread"        [_thread_in_vm, id=3220, stack(0x0000004d1c400000,0x0000004d1c500000) (1024K)]

Stack: [0x0000004d1c400000,0x0000004d1c500000]
Native frames: (J=compiled Java code, j=interpreted, Vv=VM code, C=native code)
V  [jvm.dll+0x6cade9]
V  [jvm.dll+0x8569c1]
V  [jvm.dll+0x858d2e]
V  [jvm.dll+0x859413]
V  [jvm.dll+0x280e56]
V  [jvm.dll+0x8526ee]
V  [jvm.dll+0x66e705]
V  [jvm.dll+0x66e76a]
V  [jvm.dll+0x670f96]
V  [jvm.dll+0x670e62]
V  [jvm.dll+0x66f0de]
V  [jvm.dll+0x26c721]
V  [jvm.dll+0x218617]
V  [jvm.dll+0x20dd9e]
V  [jvm.dll+0x5ad3dc]
V  [jvm.dll+0x21f76a]
V  [jvm.dll+0x7cec21]
V  [jvm.dll+0x7cfc85]
V  [jvm.dll+0x7d022f]
V  [jvm.dll+0x7cfed8]
V  [jvm.dll+0x26ed7b]
V  [jvm.dll+0x3d3c0e]
C  0x000001d8a597a854

The last pc belongs to new (printed below).
Java frames: (J=compiled Java code, j=interpreted, Vv=VM code)
j  java.util.ResourceBundle.getBundleImpl(Ljava/lang/Module;Ljava/lang/Module;Ljava/lang/String;Ljava/util/Locale;Ljava/util/ResourceBundle$Control;)Ljava/util/ResourceBundle;+17 java.base@21.0.2
j  java.util.ResourceBundle.getBundleImpl(Ljava/lang/String;Ljava/util/Locale;Ljava/lang/Class;Ljava/lang/ClassLoader;Ljava/util/ResourceBundle$Control;)Ljava/util/ResourceBundle;+31 java.base@21.0.2
j  java.util.ResourceBundle.getBundle(Ljava/lang/String;Ljava/util/Locale;Ljava/lang/ClassLoader;)Ljava/util/ResourceBundle;+25 java.base@21.0.2
j  com.mysql.cj.Messages.<clinit>()V+19 mysql.connector.j@8.0.33
v  ~StubRoutines::call_stub 0x000001d8a596100d
j  com.mysql.cj.Constants.<clinit>()V+8 mysql.connector.j@8.0.33
v  ~StubRoutines::call_stub 0x000001d8a596100d
j  com.mysql.cj.util.Util.<clinit>()V+9 mysql.connector.j@8.0.33
v  ~StubRoutines::call_stub 0x000001d8a596100d
j  com.mysql.cj.conf.ConnectionUrl$Type.getImplementingInstance(Lcom/mysql/cj/conf/ConnectionUrlParser;Ljava/util/Properties;)Lcom/mysql/cj/conf/ConnectionUrl;+33 mysql.connector.j@8.0.33
j  com.mysql.cj.conf.ConnectionUrl$Type.getConnectionUrlInstance(Lcom/mysql/cj/conf/ConnectionUrlParser;Ljava/util/Properties;)Lcom/mysql/cj/conf/ConnectionUrl;+167 mysql.connector.j@8.0.33
j  com.mysql.cj.conf.ConnectionUrl.getConnectionUrlInstance(Ljava/lang/String;Ljava/util/Properties;)Lcom/mysql/cj/conf/ConnectionUrl;+102 mysql.connector.j@8.0.33
j  com.mysql.cj.jdbc.NonRegisteringDriver.connect(Ljava/lang/String;Ljava/util/Properties;)Ljava/sql/Connection;+11 mysql.connector.j@8.0.33
j  java.sql.DriverManager.getConnection(Ljava/lang/String;Ljava/util/Properties;Ljava/lang/Class;)Ljava/sql/Connection;+133 java.sql@21.0.2
j  java.sql.DriverManager.getConnection(Ljava/lang/String;Ljava/lang/String;Ljava/lang/String;)Ljava/sql/Connection;+37 java.sql@21.0.2
j  Database.DatabaseConnection.getConnection()Ljava/sql/Connection;+24 org.example.ood5
j  Database.DatabaseHandler.getLastFetchTime()Ljava/time/LocalDateTime;+7 org.example.ood5
j  Main.Main.start(Ljavafx/stage/Stage;)V+12 org.example.ood5
j  com.sun.javafx.application.LauncherImpl.lambda$launchApplication1$9(Ljava/util/concurrent/atomic/AtomicBoolean;Ljavafx/application/Application;)V+20 javafx.graphics@21
j  com.sun.javafx.application.LauncherImpl$$Lambda+0x000001d8b708d780.run()V+8 javafx.graphics@21
j  com.sun.javafx.application.PlatformImpl.lambda$runAndWait$12(Ljava/lang/Runnable;Ljava/util/concurrent/CountDownLatch;)V+1 javafx.graphics@21
j  com.sun.javafx.application.PlatformImpl$$Lambda+0x000001d8b7086810.run()V+8 javafx.graphics@21
j  com.sun.javafx.application.PlatformImpl.lambda$runLater$10(Ljava/lang/Runnable;)Ljava/lang/Void;+1 javafx.graphics@21
j  com.sun.javafx.application.PlatformImpl$$Lambda+0x000001d8b7087a80.run()Ljava/lang/Object;+4 javafx.graphics@21
j  java.security.AccessController.executePrivileged(Ljava/security/PrivilegedAction;Ljava/security/AccessControlContext;Ljava/lang/Class;)Ljava/lang/Object;+29 java.base@21.0.2
j  java.security.AccessController.doPrivileged(Ljava/security/PrivilegedAction;Ljava/security/AccessControlContext;)Ljava/lang/Object;+13 java.base@21.0.2
j  com.sun.javafx.application.PlatformImpl.lambda$runLater$11(Ljava/lang/Runnable;Ljava/security/AccessControlContext;)V+7 javafx.graphics@21
j  com.sun.javafx.application.PlatformImpl$$Lambda+0x000001d8b7087200.run()V+8 javafx.graphics@21
j  com.sun.glass.ui.InvokeLaterDispatcher$Future.run()V+4 javafx.graphics@21
v  ~StubRoutines::call_stub 0x000001d8a596100d
j  com.sun.glass.ui.win.WinApplication._runLoop(Ljava/lang/Runnable;)V+0 javafx.graphics@21
j  com.sun.glass.ui.win.WinApplication.lambda$runLoop$3(ILjava/lang/Runnable;)V+8 javafx.graphics@21
j  com.sun.glass.ui.win.WinApplication$$Lambda+0x000001d8b7036000.run()V+12 javafx.graphics@21
j  java.lang.Thread.runWith(Ljava/lang/Object;Ljava/lang/Runnable;)V+5 java.base@21.0.2
j  java.lang.Thread.run()V+19 java.base@21.0.2
v  ~StubRoutines::call_stub 0x000001d8a596100d
new  187 new  [0x000001d8a597a6c0, 0x000001d8a597a8c8]  520 bytes
[MachCode]
  0x000001d8a597a6c0: 4883 ec08 | c5fa 1104 | 24eb 1f48 | 83ec 10c5 | fb11 0424 | eb14 4883 | ec10 4889 | 0424 48c7 
  0x000001d8a597a6e0: 4424 0800 | 0000 00eb | 0150 410f | b755 010f | cac1 ea10 | 488b 4de8 | 488b 4908 | 488b 4908 
  0x000001d8a597a700: 488b 4108 | 807c 1004 | 070f 85d3 | 0000 0066 | 8b54 d148 | 488b 4928 | 488b 4cd1 | 0851 80b9 
  0x000001d8a597a720: 2001 0000 | 050f 85b6 | 0000 008b | 5108 f6c2 | 010f 85aa | 0000 0049 | 8b87 b801 | 0000 488d 
  0x000001d8a597a740: 1c10 493b | 9fc8 0100 | 000f 8792 | 0000 0049 | 899f b801 | 0000 4883 | ea10 0f84 | 0f00 0000 
  0x000001d8a597a760: 33c9 c1ea | 0348 894c | d008 48ff | ca75 f648 | c700 0100 | 0000 5933 | f689 700c | 49ba 0000 
  0x000001d8a597a780: 00b6 d801 | 0000 492b | ca89 4808 | 49ba fa45 | cf25 fc7f | 0000 4180 | 3a00 0f84 | 3c00 0000 
  0x000001d8a597a7a0: 5048 8bc8 | 4883 ec20 | 40f6 c40f | 0f84 1900 | 0000 4883 | ec08 48b8 | 8009 8025 | fc7f 0000 
  0x000001d8a597a7c0: ffd0 4883 | c408 e90c | 0000 0048 | b880 0980 | 25fc 7f00 | 00ff d048 | 83c4 2058 | e9cb 0000 
  0x000001d8a597a7e0: 0059 488b | 55e8 488b | 5208 488b | 5208 450f | b745 0141 | 0fc8 41c1 | e810 e805 | 0000 00e9 
  0x000001d8a597a800: a800 0000 | 488d 4424 | 084c 896d | c049 8bcf | c5f8 7749 | 89af a803 | 0000 4989 | 8798 0300 
  0x000001d8a597a820: 0048 83ec | 2040 f6c4 | 0f0f 8419 | 0000 0048 | 83ec 0848 | b8c0 3b4a | 25fc 7f00 | 00ff d048 
  0x000001d8a597a840: 83c4 08e9 | 0c00 0000 | 48b8 c03b | 4a25 fc7f | 0000 ffd0 | 4883 c420 | 49c7 8798 | 0300 0000 
  0x000001d8a597a860: 0000 0049 | c787 a803 | 0000 0000 | 0000 49c7 | 87a0 0300 | 0000 0000 | 00c5 f877 | 4983 7f08 
  0x000001d8a597a880: 000f 8405 | 0000 00e9 | 7466 feff | 498b 87f0 | 0300 0049 | c787 f003 | 0000 0000 | 0000 4c8b 
  0x000001d8a597a8a0: 6dc0 4c8b | 75c8 4e8d | 74f5 00c3 | 410f b65d | 0349 83c5 | 0349 ba00 | 07d2 25fc | 7f00 0041 
  0x000001d8a597a8c0: ff24 da0f | 1f44 0000 
[/MachCode]

---------------  P R O C E S S  ---------------

Threads class SMR info:
_java_thread_list=0x000001d882263750, length=18, elements={
0x000001d893d3b0a0, 0x000001d8b4b2a660, 0x000001d8b4b2b220, 0x000001d8b4b35ac0,
0x000001d8b4b38a00, 0x000001d8b4b39460, 0x000001d8b4b3dee0, 0x000001d8b5911b00,
0x000001d8b59139e0, 0x000001d8b5a3b3a0, 0x000001d8b5a385b0, 0x000001d8b5a3ba30,
0x000001d8b5a38c40, 0x000001d8b5a392d0, 0x000001d8b5a39960, 0x000001d8b5a39ff0,
0x000001d8b5a3a680, 0x000001d8b5a3ad10
}

Java Threads: ( => current thread )
  0x000001d893d3b0a0 JavaThread "main"                              [_thread_blocked, id=15920, stack(0x0000004d1ad00000,0x0000004d1ae00000) (1024K)]
  0x000001d8b4b2a660 JavaThread "Reference Handler"          daemon [_thread_blocked, id=15972, stack(0x0000004d1b600000,0x0000004d1b700000) (1024K)]
  0x000001d8b4b2b220 JavaThread "Finalizer"                  daemon [_thread_blocked, id=9956, stack(0x0000004d1b700000,0x0000004d1b800000) (1024K)]
  0x000001d8b4b35ac0 JavaThread "Signal Dispatcher"          daemon [_thread_blocked, id=16516, stack(0x0000004d1b800000,0x0000004d1b900000) (1024K)]
  0x000001d8b4b38a00 JavaThread "Attach Listener"            daemon [_thread_blocked, id=1008, stack(0x0000004d1b900000,0x0000004d1ba00000) (1024K)]
  0x000001d8b4b39460 JavaThread "Service Thread"             daemon [_thread_blocked, id=18248, stack(0x0000004d1ba00000,0x0000004d1bb00000) (1024K)]
  0x000001d8b4b3dee0 JavaThread "Monitor Deflation Thread"   daemon [_thread_blocked, id=6264, stack(0x0000004d1bb00000,0x0000004d1bc00000) (1024K)]
  0x000001d8b5911b00 JavaThread "C2 CompilerThread0"         daemon [_thread_blocked, id=5536, stack(0x0000004d1bc00000,0x0000004d1bd00000) (1024K)]
  0x000001d8b59139e0 JavaThread "C1 CompilerThread0"         daemon [_thread_in_vm, id=10032, stack(0x0000004d1bd00000,0x0000004d1be00000) (1024K)]
  0x000001d8b5a3b3a0 JavaThread "Common-Cleaner"             daemon [_thread_blocked, id=2676, stack(0x0000004d1be00000,0x0000004d1bf00000) (1024K)]
  0x000001d8b5a385b0 JavaThread "Monitor Ctrl-Break"         daemon [_thread_in_native, id=19148, stack(0x0000004d1c100000,0x0000004d1c200000) (1024K)]
  0x000001d8b5a3ba30 JavaThread "Notification Thread"        daemon [_thread_blocked, id=5124, stack(0x0000004d1c200000,0x0000004d1c300000) (1024K)]
  0x000001d8b5a38c40 JavaThread "QuantumRenderer-0"          daemon [_thread_blocked, id=12912, stack(0x0000004d1c000000,0x0000004d1c100000) (1024K)]
  0x000001d8b5a392d0 JavaThread "InvokeLaterDispatcher"      daemon [_thread_blocked, id=9408, stack(0x0000004d1c300000,0x0000004d1c400000) (1024K)]
=>0x000001d8b5a39960 JavaThread "JavaFX Application Thread"         [_thread_in_vm, id=3220, stack(0x0000004d1c400000,0x0000004d1c500000) (1024K)]
  0x000001d8b5a39ff0 JavaThread "Thread-1"                   daemon [_thread_in_native, id=17276, stack(0x0000004d1cc00000,0x0000004d1cd00000) (1024K)]
  0x000001d8b5a3a680 JavaThread "JavaFX-Launcher"                   [_thread_blocked, id=18996, stack(0x0000004d1cd00000,0x0000004d1ce00000) (1024K)]
  0x000001d8b5a3ad10 JavaThread "mysql-cj-abandoned-connection-cleanup" daemon [_thread_blocked, id=6964, stack(0x0000004d1ce00000,0x0000004d1cf00000) (1024K)]
Total: 18

Other Threads:
  0x000001d8b4b06b50 VMThread "VM Thread"                           [id=17712, stack(0x0000004d1b500000,0x0000004d1b600000) (1024K)]
  0x000001d8b4aeef90 WatcherThread "VM Periodic Task Thread"        [id=14256, stack(0x0000004d1b400000,0x0000004d1b500000) (1024K)]
  0x000001d893dd9f30 WorkerThread "GC Thread#0"                     [id=12896, stack(0x0000004d1af00000,0x0000004d1b000000) (1024K)]
  0x000001d8821316f0 WorkerThread "GC Thread#1"                     [id=11140, stack(0x0000004d1c700000,0x0000004d1c800000) (1024K)]
  0x000001d8820d4d40 WorkerThread "GC Thread#2"                     [id=14024, stack(0x0000004d1c800000,0x0000004d1c900000) (1024K)]
  0x000001d8820d50e0 WorkerThread "GC Thread#3"                     [id=9960, stack(0x0000004d1c900000,0x0000004d1ca00000) (1024K)]
  0x000001d8820d5480 WorkerThread "GC Thread#4"                     [id=17764, stack(0x0000004d1ca00000,0x0000004d1cb00000) (1024K)]
  0x000001d8820d5820 WorkerThread "GC Thread#5"                     [id=10832, stack(0x0000004d1cb00000,0x0000004d1cc00000) (1024K)]
  0x000001d896079e10 ConcurrentGCThread "G1 Main Marker"            [id=16836, stack(0x0000004d1b000000,0x0000004d1b100000) (1024K)]
  0x000001d89607cd20 WorkerThread "G1 Conc#0"                       [id=7904, stack(0x0000004d1b100000,0x0000004d1b200000) (1024K)]
  0x000001d8b49c2740 ConcurrentGCThread "G1 Refine#0"               [id=17612, stack(0x0000004d1b200000,0x0000004d1b300000) (1024K)]
  0x000001d8b49c40d0 ConcurrentGCThread "G1 Service"                [id=11288, stack(0x0000004d1b300000,0x0000004d1b400000) (1024K)]
Total: 12

Threads with active compile tasks:
C1 CompilerThread0     8181 1096   !   3       java.nio.ByteBuffer::wrap (21 bytes)
Total: 1

VM state: not at safepoint (normal execution)

VM Mutex/Monitor currently owned by a thread:  ([mutex/lock_event])
[0x00007ffc25d0ace8] Metaspace_lock - owner thread: 0x000001d8b5a39960

Heap address: 0x0000000704600000, size: 4026 MB, Compressed Oops mode: Zero based, Oop shift amount: 3

CDS archive(s) mapped at: [0x000001d8b6000000-0x000001d8b6c90000-0x000001d8b6c90000), size 13172736, SharedBaseAddress: 0x000001d8b6000000, ArchiveRelocationMode: 1.
Compressed class space mapped at: 0x000001d8b7000000-0x000001d8f7000000, reserved size: 1073741824
Narrow klass base: 0x000001d8b6000000, Narrow klass shift: 0, Narrow klass range: 0x100000000

GC Precious Log:
 CardTable entry size: 512
 Card Set container configuration: InlinePtr #cards 4 size 8 Array Of Cards #cards 16 size 48 Howl #buckets 8 coarsen threshold 3686 Howl Bitmap #cards 512 size 80 coarsen threshold 460 Card regions per heap region 1 cards per card region 4096
 CPUs: 8 total, 8 available
 Memory: 16099M
 Large Page Support: Disabled
 NUMA Support: Disabled
 Compressed Oops: Enabled (Zero based)
 Heap Region Size: 2M
 Heap Min Capacity: 8M
 Heap Initial Capacity: 252M
 Heap Max Capacity: 4026M
 Pre-touch: Disabled
 Parallel Workers: 8
 Concurrent Workers: 2
 Concurrent Refinement Workers: 8
 Periodic GC: Disabled

Heap:
 garbage-first heap   total 258048K, used 9564K [0x0000000704600000, 0x0000000800000000)
  region size 2048K, 5 young (10240K), 2 survivors (4096K)
 Metaspace       used 5915K, committed 6144K, reserved 1114112K
  class space    used 677K, committed 832K, reserved 1048576K

Heap Regions: E=young(eden), S=young(survivor), O=old, HS=humongous(starts), HC=humongous(continues), CS=collection set, F=free, TAMS=top-at-mark-start, PB=parsable bottom
|   0|0x0000000704600000, 0x0000000704800000, 0x0000000704800000|100%|HS|  |TAMS 0x0000000704600000| PB 0x0000000704600000| Complete 
|   1|0x0000000704800000, 0x0000000704800000, 0x0000000704a00000|  0%| F|  |TAMS 0x0000000704800000| PB 0x0000000704800000| Untracked 
|   2|0x0000000704a00000, 0x0000000704a00000, 0x0000000704c00000|  0%| F|  |TAMS 0x0000000704a00000| PB 0x0000000704a00000| Untracked 
|   3|0x0000000704c00000, 0x0000000704c00000, 0x0000000704e00000|  0%| F|  |TAMS 0x0000000704c00000| PB 0x0000000704c00000| Untracked 
|   4|0x0000000704e00000, 0x0000000704e00000, 0x0000000705000000|  0%| F|  |TAMS 0x0000000704e00000| PB 0x0000000704e00000| Untracked 
|   5|0x0000000705000000, 0x0000000705000000, 0x0000000705200000|  0%| F|  |TAMS 0x0000000705000000| PB 0x0000000705000000| Untracked 
|   6|0x0000000705200000, 0x0000000705200000, 0x0000000705400000|  0%| F|  |TAMS 0x0000000705200000| PB 0x0000000705200000| Untracked 
|   7|0x0000000705400000, 0x0000000705400000, 0x0000000705600000|  0%| F|  |TAMS 0x0000000705400000| PB 0x0000000705400000| Untracked 
|   8|0x0000000705600000, 0x0000000705600000, 0x0000000705800000|  0%| F|  |TAMS 0x0000000705600000| PB 0x0000000705600000| Untracked 
|   9|0x0000000705800000, 0x0000000705800000, 0x0000000705a00000|  0%| F|  |TAMS 0x0000000705800000| PB 0x0000000705800000| Untracked 
|  10|0x0000000705a00000, 0x0000000705a00000, 0x0000000705c00000|  0%| F|  |TAMS 0x0000000705a00000| PB 0x0000000705a00000| Untracked 
|  11|0x0000000705c00000, 0x0000000705c00000, 0x0000000705e00000|  0%| F|  |TAMS 0x0000000705c00000| PB 0x0000000705c00000| Untracked 
|  12|0x0000000705e00000, 0x0000000705e00000, 0x0000000706000000|  0%| F|  |TAMS 0x0000000705e00000| PB 0x0000000705e00000| Untracked 
|  13|0x0000000706000000, 0x0000000706000000, 0x0000000706200000|  0%| F|  |TAMS 0x0000000706000000| PB 0x0000000706000000| Untracked 
|  14|0x0000000706200000, 0x0000000706200000, 0x0000000706400000|  0%| F|  |TAMS 0x0000000706200000| PB 0x0000000706200000| Untracked 
|  15|0x0000000706400000, 0x0000000706400000, 0x0000000706600000|  0%| F|  |TAMS 0x0000000706400000| PB 0x0000000706400000| Untracked 
|  16|0x0000000706600000, 0x0000000706600000, 0x0000000706800000|  0%| F|  |TAMS 0x0000000706600000| PB 0x0000000706600000| Untracked 
|  17|0x0000000706800000, 0x0000000706800000, 0x0000000706a00000|  0%| F|  |TAMS 0x0000000706800000| PB 0x0000000706800000| Untracked 
|  18|0x0000000706a00000, 0x0000000706a00000, 0x0000000706c00000|  0%| F|  |TAMS 0x0000000706a00000| PB 0x0000000706a00000| Untracked 
|  19|0x0000000706c00000, 0x0000000706c00000, 0x0000000706e00000|  0%| F|  |TAMS 0x0000000706c00000| PB 0x0000000706c00000| Untracked 
|  20|0x0000000706e00000, 0x0000000706e00000, 0x0000000707000000|  0%| F|  |TAMS 0x0000000706e00000| PB 0x0000000706e00000| Untracked 
|  21|0x0000000707000000, 0x0000000707000000, 0x0000000707200000|  0%| F|  |TAMS 0x0000000707000000| PB 0x0000000707000000| Untracked 
|  22|0x0000000707200000, 0x0000000707200000, 0x0000000707400000|  0%| F|  |TAMS 0x0000000707200000| PB 0x0000000707200000| Untracked 
|  23|0x0000000707400000, 0x0000000707400000, 0x0000000707600000|  0%| F|  |TAMS 0x0000000707400000| PB 0x0000000707400000| Untracked 
|  24|0x0000000707600000, 0x0000000707600000, 0x0000000707800000|  0%| F|  |TAMS 0x0000000707600000| PB 0x0000000707600000| Untracked 
|  25|0x0000000707800000, 0x0000000707800000, 0x0000000707a00000|  0%| F|  |TAMS 0x0000000707800000| PB 0x0000000707800000| Untracked 
|  26|0x0000000707a00000, 0x0000000707a00000, 0x0000000707c00000|  0%| F|  |TAMS 0x0000000707a00000| PB 0x0000000707a00000| Untracked 
|  27|0x0000000707c00000, 0x0000000707c00000, 0x0000000707e00000|  0%| F|  |TAMS 0x0000000707c00000| PB 0x0000000707c00000| Untracked 
|  28|0x0000000707e00000, 0x0000000707e00000, 0x0000000708000000|  0%| F|  |TAMS 0x0000000707e00000| PB 0x0000000707e00000| Untracked 
|  29|0x0000000708000000, 0x0000000708000000, 0x0000000708200000|  0%| F|  |TAMS 0x0000000708000000| PB 0x0000000708000000| Untracked 
|  30|0x0000000708200000, 0x0000000708200000, 0x0000000708400000|  0%| F|  |TAMS 0x0000000708200000| PB 0x0000000708200000| Untracked 
|  31|0x0000000708400000, 0x0000000708400000, 0x0000000708600000|  0%| F|  |TAMS 0x0000000708400000| PB 0x0000000708400000| Untracked 
|  32|0x0000000708600000, 0x0000000708600000, 0x0000000708800000|  0%| F|  |TAMS 0x0000000708600000| PB 0x0000000708600000| Untracked 
|  33|0x0000000708800000, 0x0000000708800000, 0x0000000708a00000|  0%| F|  |TAMS 0x0000000708800000| PB 0x0000000708800000| Untracked 
|  34|0x0000000708a00000, 0x0000000708a00000, 0x0000000708c00000|  0%| F|  |TAMS 0x0000000708a00000| PB 0x0000000708a00000| Untracked 
|  35|0x0000000708c00000, 0x0000000708c00000, 0x0000000708e00000|  0%| F|  |TAMS 0x0000000708c00000| PB 0x0000000708c00000| Untracked 
|  36|0x0000000708e00000, 0x0000000708e00000, 0x0000000709000000|  0%| F|  |TAMS 0x0000000708e00000| PB 0x0000000708e00000| Untracked 
|  37|0x0000000709000000, 0x0000000709000000, 0x0000000709200000|  0%| F|  |TAMS 0x0000000709000000| PB 0x0000000709000000| Untracked 
|  38|0x0000000709200000, 0x0000000709200000, 0x0000000709400000|  0%| F|  |TAMS 0x0000000709200000| PB 0x0000000709200000| Untracked 
|  39|0x0000000709400000, 0x0000000709400000, 0x0000000709600000|  0%| F|  |TAMS 0x0000000709400000| PB 0x0000000709400000| Untracked 
|  40|0x0000000709600000, 0x0000000709600000, 0x0000000709800000|  0%| F|  |TAMS 0x0000000709600000| PB 0x0000000709600000| Untracked 
|  41|0x0000000709800000, 0x0000000709800000, 0x0000000709a00000|  0%| F|  |TAMS 0x0000000709800000| PB 0x0000000709800000| Untracked 
|  42|0x0000000709a00000, 0x0000000709a00000, 0x0000000709c00000|  0%| F|  |TAMS 0x0000000709a00000| PB 0x0000000709a00000| Untracked 
|  43|0x0000000709c00000, 0x0000000709c00000, 0x0000000709e00000|  0%| F|  |TAMS 0x0000000709c00000| PB 0x0000000709c00000| Untracked 
|  44|0x0000000709e00000, 0x0000000709e00000, 0x000000070a000000|  0%| F|  |TAMS 0x0000000709e00000| PB 0x0000000709e00000| Untracked 
|  45|0x000000070a000000, 0x000000070a000000, 0x000000070a200000|  0%| F|  |TAMS 0x000000070a000000| PB 0x000000070a000000| Untracked 
|  46|0x000000070a200000, 0x000000070a200000, 0x000000070a400000|  0%| F|  |TAMS 0x000000070a200000| PB 0x000000070a200000| Untracked 
|  47|0x000000070a400000, 0x000000070a400000, 0x000000070a600000|  0%| F|  |TAMS 0x000000070a400000| PB 0x000000070a400000| Untracked 
|  48|0x000000070a600000, 0x000000070a600000, 0x000000070a800000|  0%| F|  |TAMS 0x000000070a600000| PB 0x000000070a600000| Untracked 
|  49|0x000000070a800000, 0x000000070a800000, 0x000000070aa00000|  0%| F|  |TAMS 0x000000070a800000| PB 0x000000070a800000| Untracked 
|  50|0x000000070aa00000, 0x000000070aa00000, 0x000000070ac00000|  0%| F|  |TAMS 0x000000070aa00000| PB 0x000000070aa00000| Untracked 
|  51|0x000000070ac00000, 0x000000070ac00000, 0x000000070ae00000|  0%| F|  |TAMS 0x000000070ac00000| PB 0x000000070ac00000| Untracked 
|  52|0x000000070ae00000, 0x000000070ae00000, 0x000000070b000000|  0%| F|  |TAMS 0x000000070ae00000| PB 0x000000070ae00000| Untracked 
|  53|0x000000070b000000, 0x000000070b000000, 0x000000070b200000|  0%| F|  |TAMS 0x000000070b000000| PB 0x000000070b000000| Untracked 
|  54|0x000000070b200000, 0x000000070b200000, 0x000000070b400000|  0%| F|  |TAMS 0x000000070b200000| PB 0x000000070b200000| Untracked 
|  55|0x000000070b400000, 0x000000070b400000, 0x000000070b600000|  0%| F|  |TAMS 0x000000070b400000| PB 0x000000070b400000| Untracked 
|  56|0x000000070b600000, 0x000000070b600000, 0x000000070b800000|  0%| F|  |TAMS 0x000000070b600000| PB 0x000000070b600000| Untracked 
|  57|0x000000070b800000, 0x000000070b800000, 0x000000070ba00000|  0%| F|  |TAMS 0x000000070b800000| PB 0x000000070b800000| Untracked 
|  58|0x000000070ba00000, 0x000000070ba00000, 0x000000070bc00000|  0%| F|  |TAMS 0x000000070ba00000| PB 0x000000070ba00000| Untracked 
|  59|0x000000070bc00000, 0x000000070bc00000, 0x000000070be00000|  0%| F|  |TAMS 0x000000070bc00000| PB 0x000000070bc00000| Untracked 
|  60|0x000000070be00000, 0x000000070be00000, 0x000000070c000000|  0%| F|  |TAMS 0x000000070be00000| PB 0x000000070be00000| Untracked 
|  61|0x000000070c000000, 0x000000070c000000, 0x000000070c200000|  0%| F|  |TAMS 0x000000070c000000| PB 0x000000070c000000| Untracked 
|  62|0x000000070c200000, 0x000000070c200000, 0x000000070c400000|  0%| F|  |TAMS 0x000000070c200000| PB 0x000000070c200000| Untracked 
|  63|0x000000070c400000, 0x000000070c400000, 0x000000070c600000|  0%| F|  |TAMS 0x000000070c400000| PB 0x000000070c400000| Untracked 
|  64|0x000000070c600000, 0x000000070c600000, 0x000000070c800000|  0%| F|  |TAMS 0x000000070c600000| PB 0x000000070c600000| Untracked 
|  65|0x000000070c800000, 0x000000070c800000, 0x000000070ca00000|  0%| F|  |TAMS 0x000000070c800000| PB 0x000000070c800000| Untracked 
|  66|0x000000070ca00000, 0x000000070ca00000, 0x000000070cc00000|  0%| F|  |TAMS 0x000000070ca00000| PB 0x000000070ca00000| Untracked 
|  67|0x000000070cc00000, 0x000000070cc00000, 0x000000070ce00000|  0%| F|  |TAMS 0x000000070cc00000| PB 0x000000070cc00000| Untracked 
|  68|0x000000070ce00000, 0x000000070ce00000, 0x000000070d000000|  0%| F|  |TAMS 0x000000070ce00000| PB 0x000000070ce00000| Untracked 
|  69|0x000000070d000000, 0x000000070d000000, 0x000000070d200000|  0%| F|  |TAMS 0x000000070d000000| PB 0x000000070d000000| Untracked 
|  70|0x000000070d200000, 0x000000070d200000, 0x000000070d400000|  0%| F|  |TAMS 0x000000070d200000| PB 0x000000070d200000| Untracked 
|  71|0x000000070d400000, 0x000000070d400000, 0x000000070d600000|  0%| F|  |TAMS 0x000000070d400000| PB 0x000000070d400000| Untracked 
|  72|0x000000070d600000, 0x000000070d600000, 0x000000070d800000|  0%| F|  |TAMS 0x000000070d600000| PB 0x000000070d600000| Untracked 
|  73|0x000000070d800000, 0x000000070d800000, 0x000000070da00000|  0%| F|  |TAMS 0x000000070d800000| PB 0x000000070d800000| Untracked 
|  74|0x000000070da00000, 0x000000070da00000, 0x000000070dc00000|  0%| F|  |TAMS 0x000000070da00000| PB 0x000000070da00000| Untracked 
|  75|0x000000070dc00000, 0x000000070dc00000, 0x000000070de00000|  0%| F|  |TAMS 0x000000070dc00000| PB 0x000000070dc00000| Untracked 
|  76|0x000000070de00000, 0x000000070de00000, 0x000000070e000000|  0%| F|  |TAMS 0x000000070de00000| PB 0x000000070de00000| Untracked 
|  77|0x000000070e000000, 0x000000070e000000, 0x000000070e200000|  0%| F|  |TAMS 0x000000070e000000| PB 0x000000070e000000| Untracked 
|  78|0x000000070e200000, 0x000000070e200000, 0x000000070e400000|  0%| F|  |TAMS 0x000000070e200000| PB 0x000000070e200000| Untracked 
|  79|0x000000070e400000, 0x000000070e400000, 0x000000070e600000|  0%| F|  |TAMS 0x000000070e400000| PB 0x000000070e400000| Untracked 
|  80|0x000000070e600000, 0x000000070e600000, 0x000000070e800000|  0%| F|  |TAMS 0x000000070e600000| PB 0x000000070e600000| Untracked 
|  81|0x000000070e800000, 0x000000070e800000, 0x000000070ea00000|  0%| F|  |TAMS 0x000000070e800000| PB 0x000000070e800000| Untracked 
|  82|0x000000070ea00000, 0x000000070ea00000, 0x000000070ec00000|  0%| F|  |TAMS 0x000000070ea00000| PB 0x000000070ea00000| Untracked 
|  83|0x000000070ec00000, 0x000000070ec00000, 0x000000070ee00000|  0%| F|  |TAMS 0x000000070ec00000| PB 0x000000070ec00000| Untracked 
|  84|0x000000070ee00000, 0x000000070ee00000, 0x000000070f000000|  0%| F|  |TAMS 0x000000070ee00000| PB 0x000000070ee00000| Untracked 
|  85|0x000000070f000000, 0x000000070f000000, 0x000000070f200000|  0%| F|  |TAMS 0x000000070f000000| PB 0x000000070f000000| Untracked 
|  86|0x000000070f200000, 0x000000070f200000, 0x000000070f400000|  0%| F|  |TAMS 0x000000070f200000| PB 0x000000070f200000| Untracked 
|  87|0x000000070f400000, 0x000000070f400000, 0x000000070f600000|  0%| F|  |TAMS 0x000000070f400000| PB 0x000000070f400000| Untracked 
|  88|0x000000070f600000, 0x000000070f600000, 0x000000070f800000|  0%| F|  |TAMS 0x000000070f600000| PB 0x000000070f600000| Untracked 
|  89|0x000000070f800000, 0x000000070f800000, 0x000000070fa00000|  0%| F|  |TAMS 0x000000070f800000| PB 0x000000070f800000| Untracked 
|  90|0x000000070fa00000, 0x000000070fa00000, 0x000000070fc00000|  0%| F|  |TAMS 0x000000070fa00000| PB 0x000000070fa00000| Untracked 
|  91|0x000000070fc00000, 0x000000070fc00000, 0x000000070fe00000|  0%| F|  |TAMS 0x000000070fc00000| PB 0x000000070fc00000| Untracked 
|  92|0x000000070fe00000, 0x000000070fe00000, 0x0000000710000000|  0%| F|  |TAMS 0x000000070fe00000| PB 0x000000070fe00000| Untracked 
|  93|0x0000000710000000, 0x0000000710000000, 0x0000000710200000|  0%| F|  |TAMS 0x0000000710000000| PB 0x0000000710000000| Untracked 
|  94|0x0000000710200000, 0x0000000710200000, 0x0000000710400000|  0%| F|  |TAMS 0x0000000710200000| PB 0x0000000710200000| Untracked 
|  95|0x0000000710400000, 0x0000000710400000, 0x0000000710600000|  0%| F|  |TAMS 0x0000000710400000| PB 0x0000000710400000| Untracked 
|  96|0x0000000710600000, 0x0000000710600000, 0x0000000710800000|  0%| F|  |TAMS 0x0000000710600000| PB 0x0000000710600000| Untracked 
|  97|0x0000000710800000, 0x0000000710800000, 0x0000000710a00000|  0%| F|  |TAMS 0x0000000710800000| PB 0x0000000710800000| Untracked 
|  98|0x0000000710a00000, 0x0000000710a00000, 0x0000000710c00000|  0%| F|  |TAMS 0x0000000710a00000| PB 0x0000000710a00000| Untracked 
|  99|0x0000000710c00000, 0x0000000710c00000, 0x0000000710e00000|  0%| F|  |TAMS 0x0000000710c00000| PB 0x0000000710c00000| Untracked 
| 100|0x0000000710e00000, 0x0000000710e00000, 0x0000000711000000|  0%| F|  |TAMS 0x0000000710e00000| PB 0x0000000710e00000| Untracked 
| 101|0x0000000711000000, 0x0000000711000000, 0x0000000711200000|  0%| F|  |TAMS 0x0000000711000000| PB 0x0000000711000000| Untracked 
| 102|0x0000000711200000, 0x0000000711200000, 0x0000000711400000|  0%| F|  |TAMS 0x0000000711200000| PB 0x0000000711200000| Untracked 
| 103|0x0000000711400000, 0x0000000711400000, 0x0000000711600000|  0%| F|  |TAMS 0x0000000711400000| PB 0x0000000711400000| Untracked 
| 104|0x0000000711600000, 0x0000000711600000, 0x0000000711800000|  0%| F|  |TAMS 0x0000000711600000| PB 0x0000000711600000| Untracked 
| 105|0x0000000711800000, 0x0000000711800000, 0x0000000711a00000|  0%| F|  |TAMS 0x0000000711800000| PB 0x0000000711800000| Untracked 
| 106|0x0000000711a00000, 0x0000000711a00000, 0x0000000711c00000|  0%| F|  |TAMS 0x0000000711a00000| PB 0x0000000711a00000| Untracked 
| 107|0x0000000711c00000, 0x0000000711c00000, 0x0000000711e00000|  0%| F|  |TAMS 0x0000000711c00000| PB 0x0000000711c00000| Untracked 
| 108|0x0000000711e00000, 0x0000000711e00000, 0x0000000712000000|  0%| F|  |TAMS 0x0000000711e00000| PB 0x0000000711e00000| Untracked 
| 109|0x0000000712000000, 0x0000000712000000, 0x0000000712200000|  0%| F|  |TAMS 0x0000000712000000| PB 0x0000000712000000| Untracked 
| 110|0x0000000712200000, 0x0000000712200000, 0x0000000712400000|  0%| F|  |TAMS 0x0000000712200000| PB 0x0000000712200000| Untracked 
| 111|0x0000000712400000, 0x0000000712400000, 0x0000000712600000|  0%| F|  |TAMS 0x0000000712400000| PB 0x0000000712400000| Untracked 
| 112|0x0000000712600000, 0x0000000712600000, 0x0000000712800000|  0%| F|  |TAMS 0x0000000712600000| PB 0x0000000712600000| Untracked 
| 113|0x0000000712800000, 0x00000007129571a8, 0x0000000712a00000| 67%| S|CS|TAMS 0x0000000712800000| PB 0x0000000712800000| Complete 
| 114|0x0000000712a00000, 0x0000000712c00000, 0x0000000712c00000|100%| S|CS|TAMS 0x0000000712a00000| PB 0x0000000712a00000| Complete 
| 115|0x0000000712c00000, 0x0000000712c00000, 0x0000000712e00000|  0%| F|  |TAMS 0x0000000712c00000| PB 0x0000000712c00000| Untracked 
| 116|0x0000000712e00000, 0x0000000712e00000, 0x0000000713000000|  0%| F|  |TAMS 0x0000000712e00000| PB 0x0000000712e00000| Untracked 
| 117|0x0000000713000000, 0x0000000713000000, 0x0000000713200000|  0%| F|  |TAMS 0x0000000713000000| PB 0x0000000713000000| Untracked 
| 118|0x0000000713200000, 0x0000000713200000, 0x0000000713400000|  0%| F|  |TAMS 0x0000000713200000| PB 0x0000000713200000| Untracked 
| 119|0x0000000713400000, 0x0000000713400000, 0x0000000713600000|  0%| F|  |TAMS 0x0000000713400000| PB 0x0000000713400000| Untracked 
| 120|0x0000000713600000, 0x0000000713600000, 0x0000000713800000|  0%| F|  |TAMS 0x0000000713600000| PB 0x0000000713600000| Untracked 
| 121|0x0000000713800000, 0x0000000713800000, 0x0000000713a00000|  0%| F|  |TAMS 0x0000000713800000| PB 0x0000000713800000| Untracked 
| 122|0x0000000713a00000, 0x0000000713a00000, 0x0000000713c00000|  0%| F|  |TAMS 0x0000000713a00000| PB 0x0000000713a00000| Untracked 
| 123|0x0000000713c00000, 0x0000000713dea418, 0x0000000713e00000| 95%| E|  |TAMS 0x0000000713c00000| PB 0x0000000713c00000| Complete 
| 124|0x0000000713e00000, 0x0000000714000000, 0x0000000714000000|100%| E|CS|TAMS 0x0000000713e00000| PB 0x0000000713e00000| Complete 
| 125|0x0000000714000000, 0x0000000714200000, 0x0000000714200000|100%| E|CS|TAMS 0x0000000714000000| PB 0x0000000714000000| Complete 

Card table byte_map: [0x000001d8adf40000,0x000001d8ae720000] _byte_map_base: 0x000001d8aa71d000

Marking Bits: (CMBitMap*) 0x000001d893dda2e0
 Bits: [0x000001d8ae720000, 0x000001d8b2608000)

Polling page: 0x000001d893fd0000

Metaspace:

Usage:
  Non-class:      5.12 MB used.
      Class:    677.00 KB used.
       Both:      5.78 MB used.

Virtual space:
  Non-class space:       64.00 MB reserved,       5.19 MB (  8%) committed,  1 nodes.
      Class space:        1.00 GB reserved,     832.00 KB ( <1%) committed,  1 nodes.
             Both:        1.06 GB reserved,       6.00 MB ( <1%) committed. 

Chunk freelists:
   Non-Class:  9.44 MB
       Class:  15.04 MB
        Both:  24.48 MB

MaxMetaspaceSize: unlimited
CompressedClassSpaceSize: 1.00 GB
Initial GC threshold: 21.00 MB
Current GC threshold: 21.00 MB
CDS: on
 - commit_granule_bytes: 65536.
 - commit_granule_words: 8192.
 - virtual_space_node_default_size: 8388608.
 - enlarge_chunks_in_place: 1.
 - use_allocation_guard: 0.


Internal statistics:

num_allocs_failed_limit: 0.
num_arena_births: 170.
num_arena_deaths: 0.
num_vsnodes_births: 2.
num_vsnodes_deaths: 0.
num_space_committed: 96.
num_space_uncommitted: 0.
num_chunks_returned_to_freelist: 0.
num_chunks_taken_from_freelist: 317.
num_chunk_merges: 0.
num_chunk_splits: 213.
num_chunks_enlarged: 144.
num_inconsistent_stats: 0.

CodeHeap 'non-profiled nmethods': size=120000Kb used=385Kb max_used=385Kb free=119614Kb
 bounds [0x000001d8a5f00000, 0x000001d8a6170000, 0x000001d8ad430000]
CodeHeap 'profiled nmethods': size=120000Kb used=1739Kb max_used=1739Kb free=118260Kb
 bounds [0x000001d89e430000, 0x000001d89e6a0000, 0x000001d8a5960000]
CodeHeap 'non-nmethods': size=5760Kb used=1453Kb max_used=1469Kb free=4306Kb
 bounds [0x000001d8a5960000, 0x000001d8a5bd0000, 0x000001d8a5f00000]
 total_blobs=1637 nmethods=1098 adapters=444
 compilation: enabled
              stopped_count=0, restarted_count=0
 full_count=0

Compilation events (20 events):
Event: 8.063 Thread 0x000001d8b59139e0 nmethod 1091 0x000001d89e5de010 code [0x000001d89e5de1c0, 0x000001d89e5de3c8]
Event: 8.063 Thread 0x000001d8b59139e0 1087       3       java.security.SecureClassLoader$1::<init> (10 bytes)
Event: 8.064 Thread 0x000001d8b59139e0 nmethod 1087 0x000001d89e5de490 code [0x000001d89e5de640, 0x000001d89e5de810]
Event: 8.064 Thread 0x000001d8b59139e0 1088       3       java.security.SecureClassLoader$CodeSourceKey::hashCode (21 bytes)
Event: 8.064 Thread 0x000001d8b59139e0 nmethod 1088 0x000001d89e5de910 code [0x000001d89e5deac0, 0x000001d89e5decb0]
Event: 8.065 Thread 0x000001d8b59139e0 1089       3       java.lang.ClassLoader::preDefineClass (118 bytes)
Event: 8.065 Thread 0x000001d8b5911b00 nmethod 1084 0x000001d8a5f5ef10 code [0x000001d8a5f5f0a0, 0x000001d8a5f5f2e0]
Event: 8.067 Thread 0x000001d8b59139e0 nmethod 1089 0x000001d89e5ded90 code [0x000001d89e5df100, 0x000001d89e5e02e0]
Event: 8.067 Thread 0x000001d8b59139e0 1092   !   3       java.util.zip.ZipFile$CleanableResource::getInflater (47 bytes)
Event: 8.068 Thread 0x000001d8b59139e0 nmethod 1092 0x000001d89e5e0a10 code [0x000001d89e5e0c00, 0x000001d89e5e1120]
Event: 8.068 Thread 0x000001d8b59139e0 1093       3       java.util.zip.ZipFile$ZipFileInflaterInputStream::<init> (41 bytes)
Event: 8.068 Thread 0x000001d8b59139e0 nmethod 1093 0x000001d89e5e1310 code [0x000001d89e5e1500, 0x000001d89e5e19d0]
Event: 8.068 Thread 0x000001d8b59139e0 1090   !   3       java.lang.ClassLoader::addClass (27 bytes)
Event: 8.069 Thread 0x000001d8b59139e0 nmethod 1090 0x000001d89e5e1b90 code [0x000001d89e5e1d80, 0x000001d89e5e2358]
Event: 8.069 Thread 0x000001d8b59139e0 1094       3       java.util.Optional::isPresent (13 bytes)
Event: 8.069 Thread 0x000001d8b5911b00 1098       4       jdk.internal.org.objectweb.asm.Symbol::<init> (38 bytes)
Event: 8.069 Thread 0x000001d8b59139e0 nmethod 1094 0x000001d89e5e2690 code [0x000001d89e5e2820, 0x000001d89e5e2990]
Event: 8.069 Thread 0x000001d8b59139e0 1095       3       java.nio.ByteBuffer::wrap (8 bytes)
Event: 8.069 Thread 0x000001d8b59139e0 nmethod 1095 0x000001d89e5e2a10 code [0x000001d89e5e2bc0, 0x000001d89e5e2ce8]
Event: 8.069 Thread 0x000001d8b59139e0 1096   !   3       java.nio.ByteBuffer::wrap (21 bytes)

GC Heap History (2 events):
Event: 0.886 GC heap before
{Heap before GC invocations=0 (full 0):
 garbage-first heap   total 258048K, used 24576K [0x0000000704600000, 0x0000000800000000)
  region size 2048K, 11 young (22528K), 0 survivors (0K)
 Metaspace       used 4157K, committed 4352K, reserved 1114112K
  class space    used 432K, committed 512K, reserved 1048576K
}
Event: 0.891 GC heap after
{Heap after GC invocations=1 (full 0):
 garbage-first heap   total 258048K, used 5468K [0x0000000704600000, 0x0000000800000000)
  region size 2048K, 2 young (4096K), 2 survivors (4096K)
 Metaspace       used 4157K, committed 4352K, reserved 1114112K
  class space    used 432K, committed 512K, reserved 1048576K
}

Dll operation events (20 events):
Event: 0.624 Loaded shared library C:\Users\prabh\.openjfx\cache\21+31\amd64\api-ms-win-crt-heap-l1-1-0.dll
Event: 0.627 Loaded shared library C:\Users\prabh\.openjfx\cache\21+31\amd64\api-ms-win-crt-locale-l1-1-0.dll
Event: 0.631 Loaded shared library C:\Users\prabh\.openjfx\cache\21+31\amd64\api-ms-win-crt-math-l1-1-0.dll
Event: 0.634 Loaded shared library C:\Users\prabh\.openjfx\cache\21+31\amd64\api-ms-win-crt-multibyte-l1-1-0.dll
Event: 0.638 Loaded shared library C:\Users\prabh\.openjfx\cache\21+31\amd64\api-ms-win-crt-private-l1-1-0.dll
Event: 0.641 Loaded shared library C:\Users\prabh\.openjfx\cache\21+31\amd64\api-ms-win-crt-process-l1-1-0.dll
Event: 0.644 Loaded shared library C:\Users\prabh\.openjfx\cache\21+31\amd64\api-ms-win-crt-runtime-l1-1-0.dll
Event: 0.647 Loaded shared library C:\Users\prabh\.openjfx\cache\21+31\amd64\api-ms-win-crt-stdio-l1-1-0.dll
Event: 0.651 Loaded shared library C:\Users\prabh\.openjfx\cache\21+31\amd64\api-ms-win-crt-string-l1-1-0.dll
Event: 0.654 Loaded shared library C:\Users\prabh\.openjfx\cache\21+31\amd64\api-ms-win-crt-time-l1-1-0.dll
Event: 0.657 Loaded shared library C:\Users\prabh\.openjfx\cache\21+31\amd64\api-ms-win-crt-utility-l1-1-0.dll
Event: 0.678 Loaded shared library C:\Users\prabh\.openjfx\cache\21+31\amd64\ucrtbase.dll
Event: 0.683 Loaded shared library C:\Users\prabh\.openjfx\cache\21+31\amd64\vcruntime140.dll
Event: 0.687 Loaded shared library C:\Users\prabh\.openjfx\cache\21+31\amd64\vcruntime140_1.dll
Event: 0.699 Loaded shared library C:\Users\prabh\.openjfx\cache\21+31\amd64\msvcp140.dll
Event: 0.702 Loaded shared library C:\Users\prabh\.openjfx\cache\21+31\amd64\msvcp140_1.dll
Event: 0.708 Loaded shared library C:\Users\prabh\.openjfx\cache\21+31\amd64\msvcp140_2.dll
Event: 0.759 Loaded shared library C:\Users\prabh\.openjfx\cache\21+31\amd64\prism_d3d.dll
Event: 0.809 Loaded shared library C:\Users\prabh\.openjfx\cache\21+31\amd64\glass.dll
Event: 0.937 Loaded shared library C:\Program Files\Java\jdk-21.0.2\bin\jimage.dll

Deoptimization events (20 events):
Event: 0.504 Thread 0x000001d893d3b0a0 DEOPT PACKING pc=0x000001d8a5f2e938 sp=0x0000004d1adfe890
Event: 0.504 Thread 0x000001d893d3b0a0 DEOPT UNPACKING pc=0x000001d8a59b46a2 sp=0x0000004d1adfe7e8 mode 2
Event: 0.504 Thread 0x000001d893d3b0a0 Uncommon trap: trap_request=0xffffff45 fr.pc=0x000001d8a5f29504 relative=0x0000000000000d84
Event: 0.504 Thread 0x000001d893d3b0a0 Uncommon trap: reason=unstable_if action=reinterpret pc=0x000001d8a5f29504 method=java.util.HashMap.putVal(ILjava/lang/Object;Ljava/lang/Object;ZZ)Ljava/lang/Object; @ 193 c2
Event: 0.504 Thread 0x000001d893d3b0a0 DEOPT PACKING pc=0x000001d8a5f29504 sp=0x0000004d1adfe810
Event: 0.504 Thread 0x000001d893d3b0a0 DEOPT UNPACKING pc=0x000001d8a59b46a2 sp=0x0000004d1adfe7f0 mode 2
Event: 0.511 Thread 0x000001d893d3b0a0 Uncommon trap: trap_request=0xffffff45 fr.pc=0x000001d8a5f19234 relative=0x0000000000000734
Event: 0.511 Thread 0x000001d893d3b0a0 Uncommon trap: reason=unstable_if action=reinterpret pc=0x000001d8a5f19234 method=jdk.internal.module.Checks.isJavaIdentifier(Ljava/lang/String;)Z @ 4 c2
Event: 0.511 Thread 0x000001d893d3b0a0 DEOPT PACKING pc=0x000001d8a5f19234 sp=0x0000004d1adfeb20
Event: 0.511 Thread 0x000001d893d3b0a0 DEOPT UNPACKING pc=0x000001d8a59b46a2 sp=0x0000004d1adfeac8 mode 2
Event: 0.682 Thread 0x000001d893d3b0a0 DEOPT PACKING pc=0x000001d89e54462f sp=0x0000004d1adfeab0
Event: 0.682 Thread 0x000001d893d3b0a0 DEOPT UNPACKING pc=0x000001d8a59b4e42 sp=0x0000004d1adfded0 mode 0
Event: 0.919 Thread 0x000001d8b5a39960 Uncommon trap: trap_request=0xffffff45 fr.pc=0x000001d8a5f44930 relative=0x0000000000000090
Event: 0.919 Thread 0x000001d8b5a39960 Uncommon trap: reason=unstable_if action=reinterpret pc=0x000001d8a5f44930 method=jdk.internal.misc.Unsafe.convEndian(ZI)I @ 4 c2
Event: 0.919 Thread 0x000001d8b5a39960 DEOPT PACKING pc=0x000001d8a5f44930 sp=0x0000004d1c4fd1c0
Event: 0.919 Thread 0x000001d8b5a39960 DEOPT UNPACKING pc=0x000001d8a59b46a2 sp=0x0000004d1c4fd0f0 mode 2
Event: 8.018 Thread 0x000001d8b5a3ad10 Uncommon trap: trap_request=0xffffff45 fr.pc=0x000001d8a5f559dc relative=0x00000000000008fc
Event: 8.018 Thread 0x000001d8b5a3ad10 Uncommon trap: reason=unstable_if action=reinterpret pc=0x000001d8a5f559dc method=java.util.zip.ZipFile.getZipEntry(Ljava/lang/String;I)Ljava/util/zip/ZipEntry; @ 74 c2
Event: 8.018 Thread 0x000001d8b5a3ad10 DEOPT PACKING pc=0x000001d8a5f559dc sp=0x0000004d1cefefa0
Event: 8.018 Thread 0x000001d8b5a3ad10 DEOPT UNPACKING pc=0x000001d8a59b46a2 sp=0x0000004d1cefef80 mode 2

Classes loaded (20 events):
Event: 8.028 Loading class sun/net/www/protocol/jar/URLJarFile done
Event: 8.030 Loading class sun/net/www/protocol/jar/URLJarFile$URLJarFileEntry
Event: 8.030 Loading class sun/net/www/protocol/jar/URLJarFile$URLJarFileEntry done
Event: 8.030 Loading class sun/net/www/protocol/jar/JarURLConnection$JarURLInputStream
Event: 8.030 Loading class sun/net/www/protocol/jar/JarURLConnection$JarURLInputStream done
Event: 8.035 Loading class javax/naming/NamingException
Event: 8.035 Loading class javax/naming/NamingException done
Event: 8.037 Loading class java/io/UnsupportedEncodingException
Event: 8.037 Loading class java/io/UnsupportedEncodingException done
Event: 8.039 Loading class java/util/regex/Pattern$Neg
Event: 8.039 Loading class java/util/regex/Pattern$Neg done
Event: 8.042 Loading class java/nio/charset/UnsupportedCharsetException
Event: 8.042 Loading class java/nio/charset/UnsupportedCharsetException done
Event: 8.043 Loading class java/net/URLDecoder
Event: 8.043 Loading class java/net/URLDecoder done
Event: 8.066 Loading class java/io/StringWriter
Event: 8.066 Loading class java/io/StringWriter done
Event: 8.068 Loading class java/util/MissingResourceException
Event: 8.068 Loading class java/util/MissingResourceException done
Event: 8.069 Loading class java/util/ResourceBundle$CacheKey

Classes unloaded (0 events):
No events

Classes redefined (0 events):
No events

Internal exceptions (20 events):
Event: 0.290 Thread 0x000001d893d3b0a0 Exception <a 'java/lang/NoSuchMethodError'{0x0000000713842bd8}: 'java.lang.Object java.lang.invoke.DirectMethodHandle$Holder.invokeInterface(java.lang.Object, java.lang.Object)'> (0x0000000713842bd8) 
thrown [s\open\src\hotspot\share\interpreter\linkResolver.cpp, line 773]
Event: 0.290 Thread 0x000001d893d3b0a0 Exception <a 'java/lang/IncompatibleClassChangeError'{0x0000000713845e40}: Found class java.lang.Object, but interface was expected> (0x0000000713845e40) 
thrown [s\open\src\hotspot\share\interpreter\linkResolver.cpp, line 840]
Event: 0.291 Thread 0x000001d893d3b0a0 Exception <a 'java/lang/NoSuchMethodError'{0x00000007138486e0}: 'void java.lang.invoke.DirectMethodHandle$Holder.invokeStatic(java.lang.Object, java.lang.Object, java.lang.Object, java.lang.Object)'> (0x00000007138486e0) 
thrown [s\open\src\hotspot\share\interpreter\linkResolver.cpp, line 773]
Event: 0.351 Thread 0x000001d893d3b0a0 Exception <a 'java/lang/NoSuchMethodError'{0x00000007139d44e8}: 'void java.lang.invoke.DirectMethodHandle$Holder.invokeStatic(java.lang.Object, java.lang.Object, java.lang.Object)'> (0x00000007139d44e8) 
thrown [s\open\src\hotspot\share\interpreter\linkResolver.cpp, line 773]
Event: 0.356 Thread 0x000001d893d3b0a0 Exception <a 'java/lang/NoSuchMethodError'{0x00000007139ea140}: 'java.lang.Object java.lang.invoke.Invokers$Holder.invokeExact_MT(java.lang.Object, java.lang.Object, java.lang.Object, java.lang.Object, java.lang.Object)'> (0x00000007139ea140) 
thrown [s\open\src\hotspot\share\interpreter\linkResolver.cpp, line 773]
Event: 0.367 Thread 0x000001d8b5a385b0 Exception <a 'java/lang/ClassNotFoundException'{0x0000000713604278}: jdk/net/ExtendedSocketOptions> (0x0000000713604278) 
thrown [s\open\src\hotspot\share\classfile\systemDictionary.cpp, line 312]
Event: 0.367 Thread 0x000001d8b5a385b0 Exception <a 'java/lang/NoSuchMethodError'{0x0000000713605928}: 'void java.lang.invoke.DirectMethodHandle$Holder.invokeStatic(java.lang.Object, java.lang.Object)'> (0x0000000713605928) 
thrown [s\open\src\hotspot\share\interpreter\linkResolver.cpp, line 773]
Event: 0.377 Thread 0x000001d893d3b0a0 Exception <a 'java/lang/NoSuchMethodError'{0x000000071370f438}: 'java.lang.Object java.lang.invoke.Invokers$Holder.invokeExact_MT(java.lang.Object, java.lang.Object, java.lang.Object, java.lang.Object, java.lang.Object, java.lang.Object)'> (0x000000071370f438) 
thrown [s\open\src\hotspot\share\interpreter\linkResolver.cpp, line 773]
Event: 0.784 Thread 0x000001d893d3b0a0 Exception <a 'java/lang/NoSuchMethodError'{0x00000007131fdc40}: 'int java.lang.invoke.DirectMethodHandle$Holder.invokeStaticInit(java.lang.Object, java.lang.Object, java.lang.Object)'> (0x00000007131fdc40) 
thrown [s\open\src\hotspot\share\interpreter\linkResolver.cpp, line 773]
Event: 0.814 Thread 0x000001d893d3b0a0 Exception <a 'java/lang/NoSuchMethodError'{0x0000000712fc4fe0}: 'java.lang.Object java.lang.invoke.DirectMethodHandle$Holder.newInvokeSpecial(java.lang.Object, java.lang.Object, int, java.lang.Object)'> (0x0000000712fc4fe0) 
thrown [s\open\src\hotspot\share\interpreter\linkResolver.cpp, line 773]
Event: 0.815 Thread 0x000001d893d3b0a0 Exception <a 'java/lang/NoSuchMethodError'{0x0000000712fc9138}: 'java.lang.Object java.lang.invoke.DirectMethodHandle$Holder.invokeSpecial(java.lang.Object, java.lang.Object, java.lang.Object, int, java.lang.Object)'> (0x0000000712fc9138) 
thrown [s\open\src\hotspot\share\interpreter\linkResolver.cpp, line 773]
Event: 0.894 Thread 0x000001d8b5a39960 Exception <a 'java/lang/NoSuchMethodError'{0x0000000714027fd8}: 'void java.lang.invoke.DirectMethodHandle$Holder.invokeStaticInit(java.lang.Object)'> (0x0000000714027fd8) 
thrown [s\open\src\hotspot\share\interpreter\linkResolver.cpp, line 773]
Event: 0.901 Thread 0x000001d893d3b0a0 Exception <a 'java/lang/NoSuchMethodError'{0x00000007140f76d0}: 'java.lang.Object java.lang.invoke.DirectMethodHandle$Holder.newInvokeSpecial(java.lang.Object, java.lang.Object, java.lang.Object, java.lang.Object, java.lang.Object, java.lang.Object)'> (0x00000007140f76d0) 
thrown [s\open\src\hotspot\share\interpreter\linkResolver.cpp, line 773]
Event: 0.930 Thread 0x000001d893d3b0a0 Exception <a 'java/lang/NoSuchMethodError'{0x00000007141342a0}: 'java.lang.Object java.lang.invoke.DirectMethodHandle$Holder.newInvokeSpecial(java.lang.Object, java.lang.Object, java.lang.Object, java.lang.Object, java.lang.Object)'> (0x00000007141342a0) 
thrown [s\open\src\hotspot\share\interpreter\linkResolver.cpp, line 773]
Event: 0.986 Thread 0x000001d8b5a39960 Exception <a 'java/lang/NoSuchMethodError'{0x0000000713fef9c0}: 'void java.lang.invoke.DirectMethodHandle$Holder.invokeStatic(java.lang.Object, long)'> (0x0000000713fef9c0) 
thrown [s\open\src\hotspot\share\interpreter\linkResolver.cpp, line 773]
Event: 0.988 Thread 0x000001d8b5a39960 Exception <a 'java/lang/NoSuchMethodError'{0x0000000713ff4590}: 'java.lang.Object java.lang.invoke.DirectMethodHandle$Holder.newInvokeSpecial(java.lang.Object, long)'> (0x0000000713ff4590) 
thrown [s\open\src\hotspot\share\interpreter\linkResolver.cpp, line 773]
Event: 0.991 Thread 0x000001d8b5a39960 Exception <a 'java/lang/NoSuchMethodError'{0x0000000713ffba80}: 'java.lang.Object java.lang.invoke.DirectMethodHandle$Holder.invokeStatic(java.lang.Object, long, java.lang.Object)'> (0x0000000713ffba80) 
thrown [s\open\src\hotspot\share\interpreter\linkResolver.cpp, line 773]
Event: 0.991 Thread 0x000001d8b5a39960 Exception <a 'java/lang/NoSuchMethodError'{0x0000000713fff208}: 'java.lang.Object java.lang.invoke.DirectMethodHandle$Holder.invokeStaticInit(java.lang.Object, long, java.lang.Object)'> (0x0000000713fff208) 
thrown [s\open\src\hotspot\share\interpreter\linkResolver.cpp, line 773]
Event: 1.000 Thread 0x000001d8b5a39960 Exception <a 'sun/nio/fs/WindowsException'{0x0000000713c2d6e0}> (0x0000000713c2d6e0) 
thrown [s\open\src\hotspot\share\prims\jni.cpp, line 520]
Event: 8.024 Thread 0x000001d8b5a39960 Exception <a 'sun/nio/fs/WindowsException'{0x0000000713ce70a0}> (0x0000000713ce70a0) 
thrown [s\open\src\hotspot\share\prims\jni.cpp, line 520]

ZGC Phase Switch (0 events):
No events

VM Operations (18 events):
Event: 0.203 Executing VM operation: HandshakeAllThreads (Deoptimize)
Event: 0.203 Executing VM operation: HandshakeAllThreads (Deoptimize) done
Event: 0.287 Executing VM operation: HandshakeAllThreads (Deoptimize)
Event: 0.287 Executing VM operation: HandshakeAllThreads (Deoptimize) done
Event: 0.798 Executing VM operation: HandshakeAllThreads (Deoptimize)
Event: 0.798 Executing VM operation: HandshakeAllThreads (Deoptimize) done
Event: 0.886 Executing VM operation: G1CollectForAllocation (G1 Evacuation Pause)
Event: 0.891 Executing VM operation: G1CollectForAllocation (G1 Evacuation Pause) done
Event: 0.994 Executing VM operation: HandshakeAllThreads (Deoptimize)
Event: 0.994 Executing VM operation: HandshakeAllThreads (Deoptimize) done
Event: 1.995 Executing VM operation: Cleanup
Event: 1.995 Executing VM operation: Cleanup done
Event: 8.029 Executing VM operation: HandshakeAllThreads (Deoptimize)
Event: 8.029 Executing VM operation: HandshakeAllThreads (Deoptimize) done
Event: 8.029 Executing VM operation: Cleanup
Event: 8.029 Executing VM operation: Cleanup done
Event: 8.036 Executing VM operation: HandshakeAllThreads (Deoptimize)
Event: 8.036 Executing VM operation: HandshakeAllThreads (Deoptimize) done

Events (20 events):
Event: 0.059 Thread 0x000001d8b4b2b220 Thread added: 0x000001d8b4b2b220
Event: 0.059 Thread 0x000001d8b4b35ac0 Thread added: 0x000001d8b4b35ac0
Event: 0.059 Thread 0x000001d8b4b38a00 Thread added: 0x000001d8b4b38a00
Event: 0.059 Thread 0x000001d8b4b39460 Thread added: 0x000001d8b4b39460
Event: 0.060 Thread 0x000001d8b4b3dee0 Thread added: 0x000001d8b4b3dee0
Event: 0.060 Thread 0x000001d8b5911b00 Thread added: 0x000001d8b5911b00
Event: 0.060 Thread 0x000001d8b59139e0 Thread added: 0x000001d8b59139e0
Event: 0.110 Thread 0x000001d8b5a3b3a0 Thread added: 0x000001d8b5a3b3a0
Event: 0.227 Thread 0x000001d8b5aba430 Thread added: 0x000001d8b5aba430
Event: 0.234 Thread 0x000001d8b5bd30a0 Thread added: 0x000001d8b5bd30a0
Event: 0.360 Thread 0x000001d8b5a385b0 Thread added: 0x000001d8b5a385b0
Event: 0.360 Thread 0x000001d8b5a3ba30 Thread added: 0x000001d8b5a3ba30
Event: 0.679 Thread 0x000001d8b5bd30a0 Thread exited: 0x000001d8b5bd30a0
Event: 0.745 Thread 0x000001d8b5a38c40 Thread added: 0x000001d8b5a38c40
Event: 0.812 Thread 0x000001d8b5a392d0 Thread added: 0x000001d8b5a392d0
Event: 0.816 Thread 0x000001d8b5a39960 Thread added: 0x000001d8b5a39960
Event: 0.823 Thread 0x000001d8b5aba430 Thread exited: 0x000001d8b5aba430
Event: 0.919 Thread 0x000001d8b5a39ff0 Thread added: 0x000001d8b5a39ff0
Event: 0.931 Thread 0x000001d8b5a3a680 Thread added: 0x000001d8b5a3a680
Event: 8.016 Thread 0x000001d8b5a3ad10 Thread added: 0x000001d8b5a3ad10


Dynamic libraries:
0x00007ff79a720000 - 0x00007ff79a730000 	C:\Program Files\Java\jdk-21.0.2\bin\java.exe
0x00007ffc71930000 - 0x00007ffc71b47000 	C:\WINDOWS\SYSTEM32\ntdll.dll
0x00007ffc708f0000 - 0x00007ffc709b4000 	C:\WINDOWS\System32\KERNEL32.DLL
0x00007ffc6eeb0000 - 0x00007ffc6f269000 	C:\WINDOWS\System32\KERNELBASE.dll
0x00007ffc6ed90000 - 0x00007ffc6eea1000 	C:\WINDOWS\System32\ucrtbase.dll
0x00007ffc6b010000 - 0x00007ffc6b029000 	C:\Program Files\Java\jdk-21.0.2\bin\jli.dll
0x00007ffc6f650000 - 0x00007ffc6f702000 	C:\WINDOWS\System32\ADVAPI32.dll
0x00007ffc6fb90000 - 0x00007ffc6fc37000 	C:\WINDOWS\System32\msvcrt.dll
0x00007ffc70dd0000 - 0x00007ffc70e77000 	C:\WINDOWS\System32\sechost.dll
0x00007ffc6f620000 - 0x00007ffc6f648000 	C:\WINDOWS\System32\bcrypt.dll
0x00007ffc707d0000 - 0x00007ffc708e4000 	C:\WINDOWS\System32\RPCRT4.dll
0x00007ffc716f0000 - 0x00007ffc7189e000 	C:\WINDOWS\System32\USER32.dll
0x00007ffc6f5f0000 - 0x00007ffc6f616000 	C:\WINDOWS\System32\win32u.dll
0x00007ffc6fc50000 - 0x00007ffc6fc79000 	C:\WINDOWS\System32\GDI32.dll
0x00007ffc6f450000 - 0x00007ffc6f56b000 	C:\WINDOWS\System32\gdi32full.dll
0x00007ffc6ecf0000 - 0x00007ffc6ed8a000 	C:\WINDOWS\System32\msvcp_win.dll
0x00007ffc6aff0000 - 0x00007ffc6b00b000 	C:\Program Files\Java\jdk-21.0.2\bin\VCRUNTIME140.dll
0x00007ffc58b00000 - 0x00007ffc58d92000 	C:\WINDOWS\WinSxS\amd64_microsoft.windows.common-controls_6595b64144ccf1df_6.0.22621.4391_none_2715d37f73803e96\COMCTL32.dll
0x00007ffc683a0000 - 0x00007ffc683aa000 	C:\WINDOWS\SYSTEM32\VERSION.dll
0x00007ffc6fe60000 - 0x00007ffc6fe91000 	C:\WINDOWS\System32\IMM32.DLL
0x00007ffc54610000 - 0x00007ffc54771000 	C:\Program Files (x86)\Citrix\ICA Client\ctxapclient64.dll
0x00007ffc70e80000 - 0x00007ffc7120f000 	C:\WINDOWS\System32\combase.dll
0x00007ffc6de70000 - 0x00007ffc6dea4000 	C:\WINDOWS\SYSTEM32\ntmarta.dll
0x00007ffc6f570000 - 0x00007ffc6f5eb000 	C:\WINDOWS\System32\bcryptprimitives.dll
0x00007ffc544d0000 - 0x00007ffc5450a000 	C:\Program Files (x86)\Citrix\ICA Client\Receiver\FeatureFlagHelper64.dll
0x00007ffc6afe0000 - 0x00007ffc6afec000 	C:\Program Files\Java\jdk-21.0.2\bin\vcruntime140_1.dll
0x00007ffc67e60000 - 0x00007ffc67eee000 	C:\Program Files\Java\jdk-21.0.2\bin\msvcp140.dll
0x00007ffc250d0000 - 0x00007ffc25de7000 	C:\Program Files\Java\jdk-21.0.2\bin\server\jvm.dll
0x00007ffc70b80000 - 0x00007ffc70bf1000 	C:\WINDOWS\System32\WS2_32.dll
0x00007ffc6dac0000 - 0x00007ffc6db0d000 	C:\WINDOWS\SYSTEM32\POWRPROF.dll
0x00007ffc6a360000 - 0x00007ffc6a394000 	C:\WINDOWS\SYSTEM32\WINMM.dll
0x00007ffc6daa0000 - 0x00007ffc6dab3000 	C:\WINDOWS\SYSTEM32\UMPDC.dll
0x00007ffc6dd60000 - 0x00007ffc6dd78000 	C:\WINDOWS\SYSTEM32\kernel.appcore.dll
0x00007ffc6afd0000 - 0x00007ffc6afda000 	C:\Program Files\Java\jdk-21.0.2\bin\jimage.dll
0x00007ffc54fd0000 - 0x00007ffc55202000 	C:\WINDOWS\SYSTEM32\DBGHELP.DLL
0x00007ffc71470000 - 0x00007ffc71547000 	C:\WINDOWS\System32\OLEAUT32.dll
0x00007ffc58a20000 - 0x00007ffc58a52000 	C:\WINDOWS\SYSTEM32\dbgcore.DLL
0x00007ffc68380000 - 0x00007ffc6838f000 	C:\Program Files\Java\jdk-21.0.2\bin\instrument.dll
0x00007ffc695d0000 - 0x00007ffc695ef000 	C:\Program Files\Java\jdk-21.0.2\bin\java.dll
0x000001d8b5090000 - 0x000001d8b5906000 	C:\WINDOWS\System32\SHELL32.dll
0x00007ffc6cb80000 - 0x00007ffc6d483000 	C:\WINDOWS\SYSTEM32\windows.storage.dll
0x00007ffc6ca40000 - 0x00007ffc6cb7f000 	C:\WINDOWS\SYSTEM32\wintypes.dll
0x00007ffc6fca0000 - 0x00007ffc6fd99000 	C:\WINDOWS\System32\SHCORE.dll
0x00007ffc6fe00000 - 0x00007ffc6fe5e000 	C:\WINDOWS\System32\shlwapi.dll
0x00007ffc6eb60000 - 0x00007ffc6eb8b000 	C:\WINDOWS\SYSTEM32\profapi.dll
0x00007ffc663b0000 - 0x00007ffc66487000 	C:\Program Files\Java\jdk-21.0.2\bin\jsvml.dll
0x00007ffc67e50000 - 0x00007ffc67e60000 	C:\Program Files\Java\jdk-21.0.2\bin\net.dll
0x00007ffc679a0000 - 0x00007ffc67ad6000 	C:\WINDOWS\SYSTEM32\WINHTTP.dll
0x00007ffc6e1e0000 - 0x00007ffc6e249000 	C:\WINDOWS\system32\mswsock.dll
0x00007ffc66390000 - 0x00007ffc663a6000 	C:\Program Files\Java\jdk-21.0.2\bin\nio.dll
0x00007ffc66370000 - 0x00007ffc66388000 	C:\Program Files\Java\jdk-21.0.2\bin\zip.dll
0x00007ffc64a20000 - 0x00007ffc64a3a000 	D:\IntelliJ IDEA 2024.2.4\bin\breakgen64.dll
0x000001d8b5d10000 - 0x000001d8b5d13000 	C:\Users\prabh\.openjfx\cache\21+31\amd64\api-ms-win-core-console-l1-1-0.dll
0x000001d8b5d20000 - 0x000001d8b5d23000 	C:\Users\prabh\.openjfx\cache\21+31\amd64\api-ms-win-core-console-l1-2-0.dll
0x000001d8b5d30000 - 0x000001d8b5d33000 	C:\Users\prabh\.openjfx\cache\21+31\amd64\api-ms-win-core-datetime-l1-1-0.dll
0x000001d8b5d40000 - 0x000001d8b5d43000 	C:\Users\prabh\.openjfx\cache\21+31\amd64\api-ms-win-core-debug-l1-1-0.dll
0x000001d8b5d50000 - 0x000001d8b5d53000 	C:\Users\prabh\.openjfx\cache\21+31\amd64\api-ms-win-core-errorhandling-l1-1-0.dll
0x000001d8b5d60000 - 0x000001d8b5d64000 	C:\Users\prabh\.openjfx\cache\21+31\amd64\api-ms-win-core-file-l1-1-0.dll
0x000001d8b5d70000 - 0x000001d8b5d73000 	C:\Users\prabh\.openjfx\cache\21+31\amd64\api-ms-win-core-file-l1-2-0.dll
0x000001d8b5d80000 - 0x000001d8b5d83000 	C:\Users\prabh\.openjfx\cache\21+31\amd64\api-ms-win-core-file-l2-1-0.dll
0x000001d8b5d90000 - 0x000001d8b5d93000 	C:\Users\prabh\.openjfx\cache\21+31\amd64\api-ms-win-core-handle-l1-1-0.dll
0x000001d8b5da0000 - 0x000001d8b5da3000 	C:\Users\prabh\.openjfx\cache\21+31\amd64\api-ms-win-core-heap-l1-1-0.dll
0x000001d8b5db0000 - 0x000001d8b5db3000 	C:\Users\prabh\.openjfx\cache\21+31\amd64\api-ms-win-core-interlocked-l1-1-0.dll
0x000001d8b5dc0000 - 0x000001d8b5dc3000 	C:\Users\prabh\.openjfx\cache\21+31\amd64\api-ms-win-core-libraryloader-l1-1-0.dll
0x000001d8b5dd0000 - 0x000001d8b5dd3000 	C:\Users\prabh\.openjfx\cache\21+31\amd64\api-ms-win-core-localization-l1-2-0.dll
0x000001d8b5de0000 - 0x000001d8b5de3000 	C:\Users\prabh\.openjfx\cache\21+31\amd64\api-ms-win-core-memory-l1-1-0.dll
0x000001d8b5df0000 - 0x000001d8b5df3000 	C:\Users\prabh\.openjfx\cache\21+31\amd64\api-ms-win-core-namedpipe-l1-1-0.dll
0x000001d8b5e00000 - 0x000001d8b5e03000 	C:\Users\prabh\.openjfx\cache\21+31\amd64\api-ms-win-core-processenvironment-l1-1-0.dll
0x000001d8b5e10000 - 0x000001d8b5e13000 	C:\Users\prabh\.openjfx\cache\21+31\amd64\api-ms-win-core-processthreads-l1-1-0.dll
0x000001d8b5e20000 - 0x000001d8b5e23000 	C:\Users\prabh\.openjfx\cache\21+31\amd64\api-ms-win-core-processthreads-l1-1-1.dll
0x000001d8b5e30000 - 0x000001d8b5e33000 	C:\Users\prabh\.openjfx\cache\21+31\amd64\api-ms-win-core-profile-l1-1-0.dll
0x000001d8b5e40000 - 0x000001d8b5e43000 	C:\Users\prabh\.openjfx\cache\21+31\amd64\api-ms-win-core-rtlsupport-l1-1-0.dll
0x000001d8b5e50000 - 0x000001d8b5e53000 	C:\Users\prabh\.openjfx\cache\21+31\amd64\api-ms-win-core-string-l1-1-0.dll
0x000001d8b5e60000 - 0x000001d8b5e63000 	C:\Users\prabh\.openjfx\cache\21+31\amd64\api-ms-win-core-synch-l1-1-0.dll
0x000001d8b5e70000 - 0x000001d8b5e73000 	C:\Users\prabh\.openjfx\cache\21+31\amd64\api-ms-win-core-synch-l1-2-0.dll
0x000001d8b5e80000 - 0x000001d8b5e83000 	C:\Users\prabh\.openjfx\cache\21+31\amd64\api-ms-win-core-sysinfo-l1-1-0.dll
0x000001d8b5e90000 - 0x000001d8b5e93000 	C:\Users\prabh\.openjfx\cache\21+31\amd64\api-ms-win-core-timezone-l1-1-0.dll
0x000001d8b5ea0000 - 0x000001d8b5ea3000 	C:\Users\prabh\.openjfx\cache\21+31\amd64\api-ms-win-core-util-l1-1-0.dll
0x000001d8b5eb0000 - 0x000001d8b5eb3000 	C:\Users\prabh\.openjfx\cache\21+31\amd64\api-ms-win-crt-conio-l1-1-0.dll
0x000001d8b5ec0000 - 0x000001d8b5ec4000 	C:\Users\prabh\.openjfx\cache\21+31\amd64\api-ms-win-crt-convert-l1-1-0.dll
0x000001d8b5ed0000 - 0x000001d8b5ed3000 	C:\Users\prabh\.openjfx\cache\21+31\amd64\api-ms-win-crt-environment-l1-1-0.dll
0x000001d8b5ee0000 - 0x000001d8b5ee3000 	C:\Users\prabh\.openjfx\cache\21+31\amd64\api-ms-win-crt-filesystem-l1-1-0.dll
0x000001d8b5ef0000 - 0x000001d8b5ef3000 	C:\Users\prabh\.openjfx\cache\21+31\amd64\api-ms-win-crt-heap-l1-1-0.dll
0x000001d8b5f00000 - 0x000001d8b5f03000 	C:\Users\prabh\.openjfx\cache\21+31\amd64\api-ms-win-crt-locale-l1-1-0.dll
0x000001d8b5f10000 - 0x000001d8b5f15000 	C:\Users\prabh\.openjfx\cache\21+31\amd64\api-ms-win-crt-math-l1-1-0.dll
0x000001d8b5f20000 - 0x000001d8b5f25000 	C:\Users\prabh\.openjfx\cache\21+31\amd64\api-ms-win-crt-multibyte-l1-1-0.dll
0x000001d8b5f30000 - 0x000001d8b5f40000 	C:\Users\prabh\.openjfx\cache\21+31\amd64\api-ms-win-crt-private-l1-1-0.dll
0x000001d8b5f40000 - 0x000001d8b5f43000 	C:\Users\prabh\.openjfx\cache\21+31\amd64\api-ms-win-crt-process-l1-1-0.dll
0x000001d8b5f50000 - 0x000001d8b5f54000 	C:\Users\prabh\.openjfx\cache\21+31\amd64\api-ms-win-crt-runtime-l1-1-0.dll
0x000001d8b5f60000 - 0x000001d8b5f64000 	C:\Users\prabh\.openjfx\cache\21+31\amd64\api-ms-win-crt-stdio-l1-1-0.dll
0x000001d8b5f70000 - 0x000001d8b5f74000 	C:\Users\prabh\.openjfx\cache\21+31\amd64\api-ms-win-crt-string-l1-1-0.dll
0x000001d8b5f80000 - 0x000001d8b5f83000 	C:\Users\prabh\.openjfx\cache\21+31\amd64\api-ms-win-crt-time-l1-1-0.dll
0x000001d8b5f90000 - 0x000001d8b5f93000 	C:\Users\prabh\.openjfx\cache\21+31\amd64\api-ms-win-crt-utility-l1-1-0.dll
0x00007ffc52f10000 - 0x00007ffc5300c000 	C:\Users\prabh\.openjfx\cache\21+31\amd64\ucrtbase.dll
0x00007ffc63a00000 - 0x00007ffc63a1b000 	C:\Users\prabh\.openjfx\cache\21+31\amd64\vcruntime140.dll
0x00007ffc62b30000 - 0x00007ffc62b3c000 	C:\Users\prabh\.openjfx\cache\21+31\amd64\vcruntime140_1.dll
0x00007ffc50df0000 - 0x00007ffc50e7e000 	C:\Users\prabh\.openjfx\cache\21+31\amd64\msvcp140.dll
0x00007ffc712c0000 - 0x00007ffc71465000 	C:\WINDOWS\System32\ole32.dll
0x00007ffc627a0000 - 0x00007ffc627a9000 	C:\Users\prabh\.openjfx\cache\21+31\amd64\msvcp140_1.dll
0x00007ffc59bb0000 - 0x00007ffc59bdf000 	C:\Users\prabh\.openjfx\cache\21+31\amd64\msvcp140_2.dll
0x00007ffc59ad0000 - 0x00007ffc59aff000 	C:\Users\prabh\.openjfx\cache\21+31\amd64\prism_d3d.dll
0x00007ffc32330000 - 0x00007ffc324d8000 	C:\WINDOWS\system32\d3d9.dll
0x00007ffc6c310000 - 0x00007ffc6c33b000 	C:\WINDOWS\SYSTEM32\dwmapi.dll
0x00007ffc6c380000 - 0x00007ffc6c3b7000 	C:\WINDOWS\SYSTEM32\dxcore.dll
0x00007ffc6c0c0000 - 0x00007ffc6c171000 	C:\WINDOWS\system32\uxtheme.dll
0x00007ffc363b0000 - 0x00007ffc3655d000 	C:\WINDOWS\System32\DriverStore\FileRepository\iigd_dch.inf_amd64_306090fd1d6bb4fa\igdumdim64.dll
0x00007ffc01740000 - 0x00007ffc047e4000 	C:\WINDOWS\System32\DriverStore\FileRepository\iigd_dch.inf_amd64_306090fd1d6bb4fa\igd9dxva64.dll
0x000001d8fb990000 - 0x000001d8fbe04000 	C:\WINDOWS\System32\SETUPAPI.dll
0x00007ffc6e920000 - 0x00007ffc6e96e000 	C:\WINDOWS\SYSTEM32\cfgmgr32.dll
0x00007ffc61da0000 - 0x00007ffc621a9000 	C:\WINDOWS\System32\DriverStore\FileRepository\iigd_dch.inf_amd64_306090fd1d6bb4fa\igdgmm64.dll
0x00007ffc66af0000 - 0x00007ffc66b39000 	C:\WINDOWS\SYSTEM32\directxdatabasehelper.dll
0x00007ffc45da0000 - 0x00007ffc45de2000 	C:\Users\prabh\.openjfx\cache\21+31\amd64\glass.dll
0x00007ffc715f0000 - 0x00007ffc716ef000 	C:\WINDOWS\System32\COMDLG32.dll
0x00007ffc70c10000 - 0x00007ffc70d70000 	C:\WINDOWS\System32\MSCTF.dll
0x00007ffc3a020000 - 0x00007ffc3a047000 	C:\WINDOWS\System32\DriverStore\FileRepository\iigd_dch.inf_amd64_306090fd1d6bb4fa\igdinfo64.dll
0x00007ffc6e430000 - 0x00007ffc6e44b000 	C:\WINDOWS\SYSTEM32\CRYPTSP.dll
0x00007ffc6dcc0000 - 0x00007ffc6dcf5000 	C:\WINDOWS\system32\rsaenh.dll
0x00007ffc6e450000 - 0x00007ffc6e45c000 	C:\WINDOWS\SYSTEM32\CRYPTBASE.dll
0x00007ffc5e600000 - 0x00007ffc61d96000 	C:\WINDOWS\System32\DriverStore\FileRepository\iigd_dch.inf_amd64_306090fd1d6bb4fa\igc64.dll

dbghelp: loaded successfully - version: 4.0.5 - missing functions: none
symbol engine: initialized successfully - sym options: 0x614 - pdb path: .;C:\Program Files\Java\jdk-21.0.2\bin;C:\WINDOWS\SYSTEM32;C:\WINDOWS\WinSxS\amd64_microsoft.windows.common-controls_6595b64144ccf1df_6.0.22621.4391_none_2715d37f73803e96;C:\Program Files (x86)\Citrix\ICA Client;C:\Program Files (x86)\Citrix\ICA Client\Receiver;C:\Program Files\Java\jdk-21.0.2\bin\server;D:\IntelliJ IDEA 2024.2.4\bin;C:\Users\prabh\.openjfx\cache\21+31\amd64;C:\WINDOWS\System32\DriverStore\FileRepository\iigd_dch.inf_amd64_306090fd1d6bb4fa

VM Arguments:
jvm_args: -javaagent:D:\IntelliJ IDEA 2024.2.4\lib\idea_rt.jar=50866:D:\IntelliJ IDEA 2024.2.4\bin -Dfile.encoding=UTF-8 -Dsun.stdout.encoding=UTF-8 -Dsun.stderr.encoding=UTF-8 --module-path=C:\Users\prabh\.m2\repository\com\google\code\gson\gson\2.8.9\gson-2.8.9.jar;C:\Users\prabh\.m2\repository\org\openjfx\javafx-base\21\javafx-base-21-win.jar;C:\Users\prabh\IdeaProjects\OOD5\target\classes;C:\Users\prabh\IdeaProjects\OOD5\lib\librec-core-3.0.0-1.jar;C:\Users\prabh\.m2\repository\com\mysql\mysql-connector-j\8.0.33\mysql-connector-j-8.0.33.jar;C:\Users\prabh\.m2\repository\org\openjfx\javafx-graphics\21\javafx-graphics-21-win.jar;C:\Users\prabh\.m2\repository\org\openjfx\javafx-fxml\21\javafx-fxml-21-win.jar;C:\Users\prabh\.m2\repository\org\openjfx\javafx-controls\21\javafx-controls-21-win.jar -Djdk.module.main=org.example.ood5 
java_command: org.example.ood5/Main.Main
java_class_path (initial): C:\Users\prabh\.m2\repository\org\openjfx\javafx-controls\21\javafx-controls-21.jar;C:\Users\prabh\.m2\repository\org\openjfx\javafx-graphics\21\javafx-graphics-21.jar;C:\Users\prabh\.m2\repository\org\openjfx\javafx-base\21\javafx-base-21.jar;C:\Users\prabh\.m2\repository\org\openjfx\javafx-fxml\21\javafx-fxml-21.jar;C:\Users\prabh\.m2\repository\com\google\protobuf\protobuf-java\3.21.9\protobuf-java-3.21.9.jar;C:\Users\prabh\.m2\repository\commons-logging\commons-logging\1.2\commons-logging-1.2.jar;C:\Users\prabh\.m2\repository\commons-lang\commons-lang\2.6\commons-lang-2.6.jar;C:\Users\prabh\.m2\repository\com\google\guava\guava\31.1-jre\guava-31.1-jre.jar;C:\Users\prabh\.m2\repository\com\google\guava\failureaccess\1.0.1\failureaccess-1.0.1.jar;C:\Users\prabh\.m2\repository\com\google\guava\listenablefuture\9999.0-empty-to-avoid-conflict-with-guava\listenablefuture-9999.0-empty-to-avoid-conflict-with-guava.jar;C:\Users\prabh\.m2\repository\com\google\code\findbugs\jsr305\3.0.2\jsr305-3.0.2.jar;C:\Users\prabh\.m2\repository\org\checkerframework\checker-qual\3.12.0\checker-qual-3.12.0.jar;C:\Users\prabh\.m2\repository\com\google\errorprone\error_prone_annotations\2.11.0\error_prone_annotations-2.11.0.jar;C:\Users\prabh\.m2\repository\com\google\j2objc\j2objc-annotations\1.3\j2objc-annotations-1.3.jar;C:\Users\prabh\.m2\repository\com\squareup\okio\okio\3.4.0\okio-3.4.0.jar;C:\Users\prabh\.m2\repository\com\squareup\okio\okio-jvm\3.4.0\okio-jvm-3.4.0.jar;C:\Users\prabh\.m2\repository\org\jetbrains\kotlin\kotlin-stdlib-jdk8\1.8.0\kotlin-stdlib-jdk8-1.8.0.jar;C:\Users\prabh\.m2\repository\org\jetbrains\kotlin\kotlin-stdlib\1.8.0\kotlin-stdlib-1.8.0.jar;C:\Users\prabh\.m2\repository\org\jetbrains\annotations\13.0\annotations-13.0.jar;C:\Users\prabh\.m2\repository\org\jetbrains\kotlin\kotlin-stdlib-jdk7\1.8.0\kotlin-stdlib-jdk7-1.8.0.jar;C:\Users\prabh\.m2\repository\org\jetbrains\kotlin\kotlin-stdlib-common\1.8.0\kotlin-stdlib-common-1.8.0.jar;C:\Users\prabh\.m2\repository\it\unimi\dsi\fastutil\8.5.6\fastutil-8.5.6.jar
Launcher Type: SUN_STANDARD

[Global flags]
     intx CICompilerCount                          = 4                                         {product} {ergonomic}
     uint ConcGCThreads                            = 2                                         {product} {ergonomic}
     uint G1ConcRefinementThreads                  = 8                                         {product} {ergonomic}
   size_t G1HeapRegionSize                         = 2097152                                   {product} {ergonomic}
    uintx GCDrainStackTargetSize                   = 64                                        {product} {ergonomic}
   size_t InitialHeapSize                          = 264241152                                 {product} {ergonomic}
   size_t MarkStackSize                            = 4194304                                   {product} {ergonomic}
   size_t MaxHeapSize                              = 4221566976                                {product} {ergonomic}
   size_t MaxNewSize                               = 2531262464                                {product} {ergonomic}
   size_t MinHeapDeltaBytes                        = 2097152                                   {product} {ergonomic}
   size_t MinHeapSize                              = 8388608                                   {product} {ergonomic}
    uintx NonNMethodCodeHeapSize                   = 5839372                                {pd product} {ergonomic}
    uintx NonProfiledCodeHeapSize                  = 122909434                              {pd product} {ergonomic}
    uintx ProfiledCodeHeapSize                     = 122909434                              {pd product} {ergonomic}
    uintx ReservedCodeCacheSize                    = 251658240                              {pd product} {ergonomic}
     bool SegmentedCodeCache                       = true                                      {product} {ergonomic}
   size_t SoftMaxHeapSize                          = 4221566976                             {manageable} {ergonomic}
     bool UseCompressedOops                        = true                           {product lp64_product} {ergonomic}
     bool UseG1GC                                  = true                                      {product} {ergonomic}
     bool UseLargePagesIndividualAllocation        = false                                  {pd product} {ergonomic}

Logging:
Log output configuration:
 #0: stdout all=warning uptime,level,tags foldmultilines=false
 #1: stderr all=off uptime,level,tags foldmultilines=false

Environment Variables:
JAVA_HOME=C:\Program Files\Java\jdk-21.0.2
PATH=C:\WINDOWS\system32;C:\WINDOWS;C:\WINDOWS\System32\Wbem;C:\WINDOWS\System32\WindowsPowerShell\v1.0\;C:\WINDOWS\System32\OpenSSH\;C:\Program Files\Java\jdk-21.0.2\bin;C:\Users\prabh\AppData\Local\Programs\MiKTeX\miktex\bin\x64\;C:\Users\prabh\.m2\wrapper\dists\apache-maven-3.8.5-bin\5i5jha092a3i37g0paqnfr15e0\apache-maven-3.8.5\bin;C:\Program Files\Git\cmd;C:\Users\prabh\AppData\Local\Programs\Python\Python311\Scripts\;C:\Users\prabh\AppData\Local\Programs\Python\Python311\;C:\Users\prabh\AppData\Local\Microsoft\WindowsApps;C:\Users\prabh\AppData\Local\Programs\Microsoft VS Code\bin;C:\Users\prabh\AppData\Local\JetBrains\Toolbox\scripts;C:\Users\prabh\AppData\Local\Programs\MiKTeX\miktex\bin\x64\;C:\Program Files\JetBrains\IntelliJ IDEA 2023.3.3\bin;
USERNAME=prabh
OS=Windows_NT
PROCESSOR_IDENTIFIER=Intel64 Family 6 Model 142 Stepping 12, GenuineIntel
TMP=C:\Users\prabh\AppData\Local\Temp
TEMP=C:\Users\prabh\AppData\Local\Temp




Periodic native trim disabled

---------------  S Y S T E M  ---------------

OS:
 Windows 11 , 64 bit Build 22621 (10.0.22621.4391)
OS uptime: 0 days 22:45 hours

CPU: total 8 (initial active 8) (4 cores per cpu, 2 threads per core) family 6 model 142 stepping 12 microcode 0xfa, cx8, cmov, fxsr, ht, mmx, 3dnowpref, sse, sse2, sse3, ssse3, sse4.1, sse4.2, popcnt, lzcnt, tsc, tscinvbit, avx, avx2, aes, erms, clmul, bmi1, bmi2, adx, fma, vzeroupper, clflush, clflushopt, rdtscp, f16c
Processor Information for all 8 processors :
  Max Mhz: 1896, Current Mhz: 798, Mhz Limit: 796

Memory: 4k page, system-wide physical 16099M (4550M free)
TotalPageFile size 35093M (AvailPageFile size 3M)
current process WorkingSet (physical memory assigned to process): 107M, peak: 110M
current process commit charge ("private bytes"): 376M, peak: 378M

vm_info: Java HotSpot(TM) 64-Bit Server VM (21.0.2+13-LTS-58) for windows-amd64 JRE (21.0.2+13-LTS-58), built on 2024-01-05T18:32:24Z by "mach5one" with MS VC++ 17.1 (VS2022)

END.
