#
# There is insufficient memory for the Java Runtime Environment to continue.
# Native memory allocation (malloc) failed to allocate 640496 bytes for Chunk::new
# Possible reasons:
#   The system is out of physical RAM or swap space
#   The process is running with CompressedOops enabled, and the Java Heap may be blocking the growth of the native heap
# Possible solutions:
#   Reduce memory load on the system
#   Increase physical memory or swap space
#   Check if swap backing store is full
#   Decrease Java heap size (-Xmx/-Xms)
#   Decrease number of Java threads
#   Decrease Java thread stack sizes (-Xss)
#   Set larger code cache with -XX:ReservedCodeCacheSize=
#   JVM is running with Unscaled Compressed Oops mode in which the Java heap is
#     placed in the first 4GB address space. The Java Heap base address is the
#     maximum limit for the native heap growth. Please use -XX:HeapBaseMinAddress
#     to set the Java Heap base and to place the Java Heap above 4GB virtual address.
# This output file may be truncated or incomplete.
#
#  Out of Memory Error (arena.cpp:168), pid=17920, tid=6600
#
# JRE version: Java(TM) SE Runtime Environment (21.0.2+13) (build 21.0.2+13-LTS-58)
# Java VM: Java HotSpot(TM) 64-Bit Server VM (21.0.2+13-LTS-58, mixed mode, sharing, tiered, compressed oops, compressed class ptrs, g1 gc, windows-amd64)
# No core dump will be written. Minidumps are not enabled by default on client versions of Windows
#

---------------  S U M M A R Y ------------

Command Line: -XX:MetaspaceSize=128m -XX:MaxMetaspaceSize=512m -Xms256m -Xmx512m -Xss256k -javaagent:D:\IntelliJ IDEA 2024.2.4\lib\idea_rt.jar=62195:D:\IntelliJ IDEA 2024.2.4\bin -Dfile.encoding=UTF-8 -Dsun.stdout.encoding=UTF-8 -Dsun.stderr.encoding=UTF-8 --module-path=C:\Users\prabh\.m2\repository\org\openjfx\javafx-base\21\javafx-base-21-win.jar;C:\Users\prabh\.m2\repository\org\openjfx\javafx-fxml\21\javafx-fxml-21-win.jar;C:\Users\prabh\.m2\repository\org\openjfx\javafx-controls\21\javafx-controls-21-win.jar;C:\Users\prabh\.m2\repository\org\openjfx\javafx-graphics\21\javafx-graphics-21-win.jar;C:\Users\prabh\.m2\repository\org\apache\commons\commons-math3\3.6.1\commons-math3-3.6.1.jar;C:\Users\prabh\.m2\repository\com\google\code\gson\gson\2.8.9\gson-2.8.9.jar;C:\Users\prabh\IdeaProjects\OOD5\lib\librec-core-3.0.0-1.jar;C:\Users\prabh\IdeaProjects\OOD5\target\classes;C:\Users\prabh\.m2\repository\com\mysql\mysql-connector-j\8.0.33\mysql-connector-j-8.0.33.jar -Djdk.module.main=org.example.ood5 org.example.ood5/Main.Main

Host: Intel(R) Core(TM) i5-8365U CPU @ 1.60GHz, 8 cores, 15G,  Windows 11 , 64 bit Build 22621 (10.0.22621.4391)
Time: Thu Dec  5 09:39:00 2024 Sri Lanka Standard Time elapsed time: 8.347505 seconds (0d 0h 0m 8s)

---------------  T H R E A D  ---------------

Current thread (0x000001fd7599d910):  JavaThread "C2 CompilerThread0" daemon [_thread_in_native, id=6600, stack(0x0000009ac0180000,0x0000009ac0280000) (1024K)]


Current CompileTask:
C2:   8347 1247       4       java.util.HashSet::add (20 bytes)

Stack: [0x0000009ac0180000,0x0000009ac0280000]
Native frames: (J=compiled Java code, j=interpreted, Vv=VM code, C=native code)
V  [jvm.dll+0x6cade9]
V  [jvm.dll+0x8569c1]
V  [jvm.dll+0x858d2e]
V  [jvm.dll+0x859413]
V  [jvm.dll+0x280e56]
V  [jvm.dll+0xc3f3d]
V  [jvm.dll+0xc4473]
V  [jvm.dll+0x3b5bf2]
V  [jvm.dll+0x382855]
V  [jvm.dll+0x381cca]
V  [jvm.dll+0x249bd0]
V  [jvm.dll+0x2491b1]
V  [jvm.dll+0x1c9634]
V  [jvm.dll+0x258859]
V  [jvm.dll+0x256e3a]
V  [jvm.dll+0x3ef6c6]
V  [jvm.dll+0x7ff568]
V  [jvm.dll+0x6c953d]
C  [ucrtbase.dll+0x29333]
C  [KERNEL32.DLL+0x1259d]
C  [ntdll.dll+0x5af38]


---------------  P R O C E S S  ---------------

Threads class SMR info:
_java_thread_list=0x000001fd7a8aa750, length=20, elements={
0x000001fd58ace940, 0x000001fd7596fd70, 0x000001fd75970be0, 0x000001fd75972ef0,
0x000001fd75973a80, 0x000001fd75974740, 0x000001fd7597ba30, 0x000001fd7599d910,
0x000001fd759a4590, 0x000001fd75aa8b80, 0x000001fd75aa77d0, 0x000001fd75aa7e60,
0x000001fd75aa7140, 0x000001fd75aa5d90, 0x000001fd75aa84f0, 0x000001fd75aa6ab0,
0x000001fd75aa9210, 0x000001fd75aa6420, 0x000001fd7b6bb800, 0x000001fd7aabfbb0
}

Java Threads: ( => current thread )
  0x000001fd58ace940 JavaThread "main"                              [_thread_blocked, id=20232, stack(0x0000009abf5a0000,0x0000009abf5e0000) (256K)]
  0x000001fd7596fd70 JavaThread "Reference Handler"          daemon [_thread_blocked, id=3236, stack(0x0000009ac0000000,0x0000009ac0040000) (256K)]
  0x000001fd75970be0 JavaThread "Finalizer"                  daemon [_thread_blocked, id=6944, stack(0x0000009ac0040000,0x0000009ac0080000) (256K)]
  0x000001fd75972ef0 JavaThread "Signal Dispatcher"          daemon [_thread_blocked, id=15868, stack(0x0000009ac0080000,0x0000009ac00c0000) (256K)]
  0x000001fd75973a80 JavaThread "Attach Listener"            daemon [_thread_blocked, id=18460, stack(0x0000009ac00c0000,0x0000009ac0100000) (256K)]
  0x000001fd75974740 JavaThread "Service Thread"             daemon [_thread_blocked, id=9436, stack(0x0000009ac0100000,0x0000009ac0140000) (256K)]
  0x000001fd7597ba30 JavaThread "Monitor Deflation Thread"   daemon [_thread_blocked, id=12624, stack(0x0000009ac0140000,0x0000009ac0180000) (256K)]
=>0x000001fd7599d910 JavaThread "C2 CompilerThread0"         daemon [_thread_in_native, id=6600, stack(0x0000009ac0180000,0x0000009ac0280000) (1024K)]
  0x000001fd759a4590 JavaThread "C1 CompilerThread0"         daemon [_thread_blocked, id=8420, stack(0x0000009ac0280000,0x0000009ac0380000) (1024K)]
  0x000001fd75aa8b80 JavaThread "Common-Cleaner"             daemon [_thread_blocked, id=4804, stack(0x0000009ac0380000,0x0000009ac03c0000) (256K)]
  0x000001fd75aa77d0 JavaThread "Monitor Ctrl-Break"         daemon [_thread_in_native, id=10072, stack(0x0000009ac05c0000,0x0000009ac0600000) (256K)]
  0x000001fd75aa7e60 JavaThread "Notification Thread"        daemon [_thread_blocked, id=20476, stack(0x0000009ac0600000,0x0000009ac0640000) (256K)]
  0x000001fd75aa7140 JavaThread "QuantumRenderer-0"          daemon [_thread_blocked, id=16156, stack(0x0000009ac0640000,0x0000009ac0680000) (256K)]
  0x000001fd75aa5d90 JavaThread "InvokeLaterDispatcher"      daemon [_thread_blocked, id=7884, stack(0x0000009ac03c0000,0x0000009ac0400000) (256K)]
  0x000001fd75aa84f0 JavaThread "JavaFX Application Thread"         [_thread_in_vm, id=17192, stack(0x0000009ac0400000,0x0000009ac0440000) (256K)]
  0x000001fd75aa6ab0 JavaThread "Thread-1"                   daemon [_thread_in_native, id=9440, stack(0x0000009ac0d80000,0x0000009ac0e80000) (1024K)]
  0x000001fd75aa9210 JavaThread "JavaFX-Launcher"                   [_thread_blocked, id=19764, stack(0x0000009ac0540000,0x0000009ac0580000) (256K)]
  0x000001fd75aa6420 JavaThread "mysql-cj-abandoned-connection-cleanup" daemon [_thread_blocked, id=10608, stack(0x0000009ac0580000,0x0000009ac05c0000) (256K)]
  0x000001fd7b6bb800 JavaThread "C2 CompilerThread1"         daemon [_thread_in_native, id=9620, stack(0x0000009ac0e80000,0x0000009ac0f80000) (1024K)]
  0x000001fd7aabfbb0 JavaThread "C2 CompilerThread2"         daemon [_thread_blocked, id=18116, stack(0x0000009ac0f80000,0x0000009ac1080000) (1024K)]
Total: 20

Other Threads:
  0x000001fd7594e6f0 VMThread "VM Thread"                           [id=19876, stack(0x0000009abff00000,0x0000009ac0000000) (1024K)]
  0x000001fd75936e00 WatcherThread "VM Periodic Task Thread"        [id=14344, stack(0x0000009abfe00000,0x0000009abff00000) (1024K)]
  0x000001fd5ada0c10 WorkerThread "GC Thread#0"                     [id=14648, stack(0x0000009abf800000,0x0000009abf900000) (1024K)]
  0x000001fd7b6184e0 WorkerThread "GC Thread#1"                     [id=17688, stack(0x0000009ac0880000,0x0000009ac0980000) (1024K)]
  0x000001fd7b622090 WorkerThread "GC Thread#2"                     [id=11592, stack(0x0000009ac0980000,0x0000009ac0a80000) (1024K)]
  0x000001fd7b5f77f0 WorkerThread "GC Thread#3"                     [id=15776, stack(0x0000009ac0a80000,0x0000009ac0b80000) (1024K)]
  0x000001fd7baa2730 WorkerThread "GC Thread#4"                     [id=7020, stack(0x0000009ac0b80000,0x0000009ac0c80000) (1024K)]
  0x000001fd7b601620 WorkerThread "GC Thread#5"                     [id=4820, stack(0x0000009ac0c80000,0x0000009ac0d80000) (1024K)]
  0x000001fd5ada76b0 ConcurrentGCThread "G1 Main Marker"            [id=7404, stack(0x0000009abfa00000,0x0000009abfb00000) (1024K)]
  0x000001fd5ada8860 WorkerThread "G1 Conc#0"                       [id=18560, stack(0x0000009abfb00000,0x0000009abfc00000) (1024K)]
  0x000001fd7580ba40 ConcurrentGCThread "G1 Refine#0"               [id=8832, stack(0x0000009abfc00000,0x0000009abfd00000) (1024K)]
  0x000001fd7580c260 ConcurrentGCThread "G1 Service"                [id=19196, stack(0x0000009abfd00000,0x0000009abfe00000) (1024K)]
Total: 12

Threads with active compile tasks:
C2 CompilerThread0     8374 1247       4       java.util.HashSet::add (20 bytes)
C2 CompilerThread1     8374 1325       4       java.lang.Integer::parseInt (264 bytes)
Total: 2

VM state: not at safepoint (normal execution)

VM Mutex/Monitor currently owned by a thread:  ([mutex/lock_event])
[0x00007ffc10c1ace8] Metaspace_lock - owner thread: 0x000001fd75aa84f0

Heap address: 0x00000000e0000000, size: 512 MB, Compressed Oops mode: 32-bit

CDS archive(s) mapped at: [0x000001fd00000000-0x000001fd00c90000-0x000001fd00c90000), size 13172736, SharedBaseAddress: 0x000001fd00000000, ArchiveRelocationMode: 1.
Compressed class space mapped at: 0x000001fd01000000-0x000001fd1b000000, reserved size: 436207616
Narrow klass base: 0x000001fd00000000, Narrow klass shift: 0, Narrow klass range: 0x100000000

GC Precious Log:
 CardTable entry size: 512
 Card Set container configuration: InlinePtr #cards 5 size 8 Array Of Cards #cards 12 size 40 Howl #buckets 4 coarsen threshold 1843 Howl Bitmap #cards 512 size 80 coarsen threshold 460 Card regions per heap region 1 cards per card region 2048
 CPUs: 8 total, 8 available
 Memory: 16099M
 Large Page Support: Disabled
 NUMA Support: Disabled
 Compressed Oops: Enabled (32-bit)
 Heap Region Size: 1M
 Heap Min Capacity: 256M
 Heap Initial Capacity: 256M
 Heap Max Capacity: 512M
 Pre-touch: Disabled
 Parallel Workers: 8
 Concurrent Workers: 2
 Concurrent Refinement Workers: 8
 Periodic GC: Disabled

Heap:
 garbage-first heap   total 262144K, used 19758K [0x00000000e0000000, 0x0000000100000000)
  region size 1024K, 19 young (19456K), 3 survivors (3072K)
 Metaspace       used 9126K, committed 9344K, reserved 491520K
  class space    used 1025K, committed 1152K, reserved 425984K

Heap Regions: E=young(eden), S=young(survivor), O=old, HS=humongous(starts), HC=humongous(continues), CS=collection set, F=free, TAMS=top-at-mark-start, PB=parsable bottom
|   0|0x00000000e0000000, 0x00000000e0100000, 0x00000000e0100000|100%|HS|  |TAMS 0x00000000e0000000| PB 0x00000000e0000000| Complete 
|   1|0x00000000e0100000, 0x00000000e0200000, 0x00000000e0200000|100%|HC|  |TAMS 0x00000000e0100000| PB 0x00000000e0100000| Complete 
|   2|0x00000000e0200000, 0x00000000e024ba70, 0x00000000e0300000| 29%| O|  |TAMS 0x00000000e0200000| PB 0x00000000e0200000| Untracked 
|   3|0x00000000e0300000, 0x00000000e0300000, 0x00000000e0400000|  0%| F|  |TAMS 0x00000000e0300000| PB 0x00000000e0300000| Untracked 
|   4|0x00000000e0400000, 0x00000000e0400000, 0x00000000e0500000|  0%| F|  |TAMS 0x00000000e0400000| PB 0x00000000e0400000| Untracked 
|   5|0x00000000e0500000, 0x00000000e0500000, 0x00000000e0600000|  0%| F|  |TAMS 0x00000000e0500000| PB 0x00000000e0500000| Untracked 
|   6|0x00000000e0600000, 0x00000000e0600000, 0x00000000e0700000|  0%| F|  |TAMS 0x00000000e0600000| PB 0x00000000e0600000| Untracked 
|   7|0x00000000e0700000, 0x00000000e0700000, 0x00000000e0800000|  0%| F|  |TAMS 0x00000000e0700000| PB 0x00000000e0700000| Untracked 
|   8|0x00000000e0800000, 0x00000000e0800000, 0x00000000e0900000|  0%| F|  |TAMS 0x00000000e0800000| PB 0x00000000e0800000| Untracked 
|   9|0x00000000e0900000, 0x00000000e0900000, 0x00000000e0a00000|  0%| F|  |TAMS 0x00000000e0900000| PB 0x00000000e0900000| Untracked 
|  10|0x00000000e0a00000, 0x00000000e0a00000, 0x00000000e0b00000|  0%| F|  |TAMS 0x00000000e0a00000| PB 0x00000000e0a00000| Untracked 
|  11|0x00000000e0b00000, 0x00000000e0b00000, 0x00000000e0c00000|  0%| F|  |TAMS 0x00000000e0b00000| PB 0x00000000e0b00000| Untracked 
|  12|0x00000000e0c00000, 0x00000000e0c00000, 0x00000000e0d00000|  0%| F|  |TAMS 0x00000000e0c00000| PB 0x00000000e0c00000| Untracked 
|  13|0x00000000e0d00000, 0x00000000e0d00000, 0x00000000e0e00000|  0%| F|  |TAMS 0x00000000e0d00000| PB 0x00000000e0d00000| Untracked 
|  14|0x00000000e0e00000, 0x00000000e0e00000, 0x00000000e0f00000|  0%| F|  |TAMS 0x00000000e0e00000| PB 0x00000000e0e00000| Untracked 
|  15|0x00000000e0f00000, 0x00000000e0f00000, 0x00000000e1000000|  0%| F|  |TAMS 0x00000000e0f00000| PB 0x00000000e0f00000| Untracked 
|  16|0x00000000e1000000, 0x00000000e1000000, 0x00000000e1100000|  0%| F|  |TAMS 0x00000000e1000000| PB 0x00000000e1000000| Untracked 
|  17|0x00000000e1100000, 0x00000000e1100000, 0x00000000e1200000|  0%| F|  |TAMS 0x00000000e1100000| PB 0x00000000e1100000| Untracked 
|  18|0x00000000e1200000, 0x00000000e1200000, 0x00000000e1300000|  0%| F|  |TAMS 0x00000000e1200000| PB 0x00000000e1200000| Untracked 
|  19|0x00000000e1300000, 0x00000000e1300000, 0x00000000e1400000|  0%| F|  |TAMS 0x00000000e1300000| PB 0x00000000e1300000| Untracked 
|  20|0x00000000e1400000, 0x00000000e1400000, 0x00000000e1500000|  0%| F|  |TAMS 0x00000000e1400000| PB 0x00000000e1400000| Untracked 
|  21|0x00000000e1500000, 0x00000000e1500000, 0x00000000e1600000|  0%| F|  |TAMS 0x00000000e1500000| PB 0x00000000e1500000| Untracked 
|  22|0x00000000e1600000, 0x00000000e1600000, 0x00000000e1700000|  0%| F|  |TAMS 0x00000000e1600000| PB 0x00000000e1600000| Untracked 
|  23|0x00000000e1700000, 0x00000000e1700000, 0x00000000e1800000|  0%| F|  |TAMS 0x00000000e1700000| PB 0x00000000e1700000| Untracked 
|  24|0x00000000e1800000, 0x00000000e1800000, 0x00000000e1900000|  0%| F|  |TAMS 0x00000000e1800000| PB 0x00000000e1800000| Untracked 
|  25|0x00000000e1900000, 0x00000000e1900000, 0x00000000e1a00000|  0%| F|  |TAMS 0x00000000e1900000| PB 0x00000000e1900000| Untracked 
|  26|0x00000000e1a00000, 0x00000000e1a00000, 0x00000000e1b00000|  0%| F|  |TAMS 0x00000000e1a00000| PB 0x00000000e1a00000| Untracked 
|  27|0x00000000e1b00000, 0x00000000e1b00000, 0x00000000e1c00000|  0%| F|  |TAMS 0x00000000e1b00000| PB 0x00000000e1b00000| Untracked 
|  28|0x00000000e1c00000, 0x00000000e1c00000, 0x00000000e1d00000|  0%| F|  |TAMS 0x00000000e1c00000| PB 0x00000000e1c00000| Untracked 
|  29|0x00000000e1d00000, 0x00000000e1d00000, 0x00000000e1e00000|  0%| F|  |TAMS 0x00000000e1d00000| PB 0x00000000e1d00000| Untracked 
|  30|0x00000000e1e00000, 0x00000000e1e00000, 0x00000000e1f00000|  0%| F|  |TAMS 0x00000000e1e00000| PB 0x00000000e1e00000| Untracked 
|  31|0x00000000e1f00000, 0x00000000e1f00000, 0x00000000e2000000|  0%| F|  |TAMS 0x00000000e1f00000| PB 0x00000000e1f00000| Untracked 
|  32|0x00000000e2000000, 0x00000000e2000000, 0x00000000e2100000|  0%| F|  |TAMS 0x00000000e2000000| PB 0x00000000e2000000| Untracked 
|  33|0x00000000e2100000, 0x00000000e2100000, 0x00000000e2200000|  0%| F|  |TAMS 0x00000000e2100000| PB 0x00000000e2100000| Untracked 
|  34|0x00000000e2200000, 0x00000000e2200000, 0x00000000e2300000|  0%| F|  |TAMS 0x00000000e2200000| PB 0x00000000e2200000| Untracked 
|  35|0x00000000e2300000, 0x00000000e2300000, 0x00000000e2400000|  0%| F|  |TAMS 0x00000000e2300000| PB 0x00000000e2300000| Untracked 
|  36|0x00000000e2400000, 0x00000000e2400000, 0x00000000e2500000|  0%| F|  |TAMS 0x00000000e2400000| PB 0x00000000e2400000| Untracked 
|  37|0x00000000e2500000, 0x00000000e2500000, 0x00000000e2600000|  0%| F|  |TAMS 0x00000000e2500000| PB 0x00000000e2500000| Untracked 
|  38|0x00000000e2600000, 0x00000000e2600000, 0x00000000e2700000|  0%| F|  |TAMS 0x00000000e2600000| PB 0x00000000e2600000| Untracked 
|  39|0x00000000e2700000, 0x00000000e2700000, 0x00000000e2800000|  0%| F|  |TAMS 0x00000000e2700000| PB 0x00000000e2700000| Untracked 
|  40|0x00000000e2800000, 0x00000000e2800000, 0x00000000e2900000|  0%| F|  |TAMS 0x00000000e2800000| PB 0x00000000e2800000| Untracked 
|  41|0x00000000e2900000, 0x00000000e2900000, 0x00000000e2a00000|  0%| F|  |TAMS 0x00000000e2900000| PB 0x00000000e2900000| Untracked 
|  42|0x00000000e2a00000, 0x00000000e2a00000, 0x00000000e2b00000|  0%| F|  |TAMS 0x00000000e2a00000| PB 0x00000000e2a00000| Untracked 
|  43|0x00000000e2b00000, 0x00000000e2b00000, 0x00000000e2c00000|  0%| F|  |TAMS 0x00000000e2b00000| PB 0x00000000e2b00000| Untracked 
|  44|0x00000000e2c00000, 0x00000000e2c00000, 0x00000000e2d00000|  0%| F|  |TAMS 0x00000000e2c00000| PB 0x00000000e2c00000| Untracked 
|  45|0x00000000e2d00000, 0x00000000e2d00000, 0x00000000e2e00000|  0%| F|  |TAMS 0x00000000e2d00000| PB 0x00000000e2d00000| Untracked 
|  46|0x00000000e2e00000, 0x00000000e2e00000, 0x00000000e2f00000|  0%| F|  |TAMS 0x00000000e2e00000| PB 0x00000000e2e00000| Untracked 
|  47|0x00000000e2f00000, 0x00000000e2f00000, 0x00000000e3000000|  0%| F|  |TAMS 0x00000000e2f00000| PB 0x00000000e2f00000| Untracked 
|  48|0x00000000e3000000, 0x00000000e3000000, 0x00000000e3100000|  0%| F|  |TAMS 0x00000000e3000000| PB 0x00000000e3000000| Untracked 
|  49|0x00000000e3100000, 0x00000000e3100000, 0x00000000e3200000|  0%| F|  |TAMS 0x00000000e3100000| PB 0x00000000e3100000| Untracked 
|  50|0x00000000e3200000, 0x00000000e3200000, 0x00000000e3300000|  0%| F|  |TAMS 0x00000000e3200000| PB 0x00000000e3200000| Untracked 
|  51|0x00000000e3300000, 0x00000000e3300000, 0x00000000e3400000|  0%| F|  |TAMS 0x00000000e3300000| PB 0x00000000e3300000| Untracked 
|  52|0x00000000e3400000, 0x00000000e3400000, 0x00000000e3500000|  0%| F|  |TAMS 0x00000000e3400000| PB 0x00000000e3400000| Untracked 
|  53|0x00000000e3500000, 0x00000000e3500000, 0x00000000e3600000|  0%| F|  |TAMS 0x00000000e3500000| PB 0x00000000e3500000| Untracked 
|  54|0x00000000e3600000, 0x00000000e3600000, 0x00000000e3700000|  0%| F|  |TAMS 0x00000000e3600000| PB 0x00000000e3600000| Untracked 
|  55|0x00000000e3700000, 0x00000000e3700000, 0x00000000e3800000|  0%| F|  |TAMS 0x00000000e3700000| PB 0x00000000e3700000| Untracked 
|  56|0x00000000e3800000, 0x00000000e3800000, 0x00000000e3900000|  0%| F|  |TAMS 0x00000000e3800000| PB 0x00000000e3800000| Untracked 
|  57|0x00000000e3900000, 0x00000000e3900000, 0x00000000e3a00000|  0%| F|  |TAMS 0x00000000e3900000| PB 0x00000000e3900000| Untracked 
|  58|0x00000000e3a00000, 0x00000000e3a00000, 0x00000000e3b00000|  0%| F|  |TAMS 0x00000000e3a00000| PB 0x00000000e3a00000| Untracked 
|  59|0x00000000e3b00000, 0x00000000e3b00000, 0x00000000e3c00000|  0%| F|  |TAMS 0x00000000e3b00000| PB 0x00000000e3b00000| Untracked 
|  60|0x00000000e3c00000, 0x00000000e3c00000, 0x00000000e3d00000|  0%| F|  |TAMS 0x00000000e3c00000| PB 0x00000000e3c00000| Untracked 
|  61|0x00000000e3d00000, 0x00000000e3d00000, 0x00000000e3e00000|  0%| F|  |TAMS 0x00000000e3d00000| PB 0x00000000e3d00000| Untracked 
|  62|0x00000000e3e00000, 0x00000000e3e00000, 0x00000000e3f00000|  0%| F|  |TAMS 0x00000000e3e00000| PB 0x00000000e3e00000| Untracked 
|  63|0x00000000e3f00000, 0x00000000e3f00000, 0x00000000e4000000|  0%| F|  |TAMS 0x00000000e3f00000| PB 0x00000000e3f00000| Untracked 
|  64|0x00000000e4000000, 0x00000000e4000000, 0x00000000e4100000|  0%| F|  |TAMS 0x00000000e4000000| PB 0x00000000e4000000| Untracked 
|  65|0x00000000e4100000, 0x00000000e4100000, 0x00000000e4200000|  0%| F|  |TAMS 0x00000000e4100000| PB 0x00000000e4100000| Untracked 
|  66|0x00000000e4200000, 0x00000000e4200000, 0x00000000e4300000|  0%| F|  |TAMS 0x00000000e4200000| PB 0x00000000e4200000| Untracked 
|  67|0x00000000e4300000, 0x00000000e4300000, 0x00000000e4400000|  0%| F|  |TAMS 0x00000000e4300000| PB 0x00000000e4300000| Untracked 
|  68|0x00000000e4400000, 0x00000000e4400000, 0x00000000e4500000|  0%| F|  |TAMS 0x00000000e4400000| PB 0x00000000e4400000| Untracked 
|  69|0x00000000e4500000, 0x00000000e4500000, 0x00000000e4600000|  0%| F|  |TAMS 0x00000000e4500000| PB 0x00000000e4500000| Untracked 
|  70|0x00000000e4600000, 0x00000000e4600000, 0x00000000e4700000|  0%| F|  |TAMS 0x00000000e4600000| PB 0x00000000e4600000| Untracked 
|  71|0x00000000e4700000, 0x00000000e4700000, 0x00000000e4800000|  0%| F|  |TAMS 0x00000000e4700000| PB 0x00000000e4700000| Untracked 
|  72|0x00000000e4800000, 0x00000000e4800000, 0x00000000e4900000|  0%| F|  |TAMS 0x00000000e4800000| PB 0x00000000e4800000| Untracked 
|  73|0x00000000e4900000, 0x00000000e4900000, 0x00000000e4a00000|  0%| F|  |TAMS 0x00000000e4900000| PB 0x00000000e4900000| Untracked 
|  74|0x00000000e4a00000, 0x00000000e4a00000, 0x00000000e4b00000|  0%| F|  |TAMS 0x00000000e4a00000| PB 0x00000000e4a00000| Untracked 
|  75|0x00000000e4b00000, 0x00000000e4b00000, 0x00000000e4c00000|  0%| F|  |TAMS 0x00000000e4b00000| PB 0x00000000e4b00000| Untracked 
|  76|0x00000000e4c00000, 0x00000000e4c00000, 0x00000000e4d00000|  0%| F|  |TAMS 0x00000000e4c00000| PB 0x00000000e4c00000| Untracked 
|  77|0x00000000e4d00000, 0x00000000e4d00000, 0x00000000e4e00000|  0%| F|  |TAMS 0x00000000e4d00000| PB 0x00000000e4d00000| Untracked 
|  78|0x00000000e4e00000, 0x00000000e4e00000, 0x00000000e4f00000|  0%| F|  |TAMS 0x00000000e4e00000| PB 0x00000000e4e00000| Untracked 
|  79|0x00000000e4f00000, 0x00000000e4f00000, 0x00000000e5000000|  0%| F|  |TAMS 0x00000000e4f00000| PB 0x00000000e4f00000| Untracked 
|  80|0x00000000e5000000, 0x00000000e5000000, 0x00000000e5100000|  0%| F|  |TAMS 0x00000000e5000000| PB 0x00000000e5000000| Untracked 
|  81|0x00000000e5100000, 0x00000000e5100000, 0x00000000e5200000|  0%| F|  |TAMS 0x00000000e5100000| PB 0x00000000e5100000| Untracked 
|  82|0x00000000e5200000, 0x00000000e5200000, 0x00000000e5300000|  0%| F|  |TAMS 0x00000000e5200000| PB 0x00000000e5200000| Untracked 
|  83|0x00000000e5300000, 0x00000000e5300000, 0x00000000e5400000|  0%| F|  |TAMS 0x00000000e5300000| PB 0x00000000e5300000| Untracked 
|  84|0x00000000e5400000, 0x00000000e5400000, 0x00000000e5500000|  0%| F|  |TAMS 0x00000000e5400000| PB 0x00000000e5400000| Untracked 
|  85|0x00000000e5500000, 0x00000000e5500000, 0x00000000e5600000|  0%| F|  |TAMS 0x00000000e5500000| PB 0x00000000e5500000| Untracked 
|  86|0x00000000e5600000, 0x00000000e5600000, 0x00000000e5700000|  0%| F|  |TAMS 0x00000000e5600000| PB 0x00000000e5600000| Untracked 
|  87|0x00000000e5700000, 0x00000000e5700000, 0x00000000e5800000|  0%| F|  |TAMS 0x00000000e5700000| PB 0x00000000e5700000| Untracked 
|  88|0x00000000e5800000, 0x00000000e5800000, 0x00000000e5900000|  0%| F|  |TAMS 0x00000000e5800000| PB 0x00000000e5800000| Untracked 
|  89|0x00000000e5900000, 0x00000000e5900000, 0x00000000e5a00000|  0%| F|  |TAMS 0x00000000e5900000| PB 0x00000000e5900000| Untracked 
|  90|0x00000000e5a00000, 0x00000000e5a00000, 0x00000000e5b00000|  0%| F|  |TAMS 0x00000000e5a00000| PB 0x00000000e5a00000| Untracked 
|  91|0x00000000e5b00000, 0x00000000e5b00000, 0x00000000e5c00000|  0%| F|  |TAMS 0x00000000e5b00000| PB 0x00000000e5b00000| Untracked 
|  92|0x00000000e5c00000, 0x00000000e5c00000, 0x00000000e5d00000|  0%| F|  |TAMS 0x00000000e5c00000| PB 0x00000000e5c00000| Untracked 
|  93|0x00000000e5d00000, 0x00000000e5d00000, 0x00000000e5e00000|  0%| F|  |TAMS 0x00000000e5d00000| PB 0x00000000e5d00000| Untracked 
|  94|0x00000000e5e00000, 0x00000000e5e00000, 0x00000000e5f00000|  0%| F|  |TAMS 0x00000000e5e00000| PB 0x00000000e5e00000| Untracked 
|  95|0x00000000e5f00000, 0x00000000e5f00000, 0x00000000e6000000|  0%| F|  |TAMS 0x00000000e5f00000| PB 0x00000000e5f00000| Untracked 
|  96|0x00000000e6000000, 0x00000000e6000000, 0x00000000e6100000|  0%| F|  |TAMS 0x00000000e6000000| PB 0x00000000e6000000| Untracked 
|  97|0x00000000e6100000, 0x00000000e6100000, 0x00000000e6200000|  0%| F|  |TAMS 0x00000000e6100000| PB 0x00000000e6100000| Untracked 
|  98|0x00000000e6200000, 0x00000000e6200000, 0x00000000e6300000|  0%| F|  |TAMS 0x00000000e6200000| PB 0x00000000e6200000| Untracked 
|  99|0x00000000e6300000, 0x00000000e6300000, 0x00000000e6400000|  0%| F|  |TAMS 0x00000000e6300000| PB 0x00000000e6300000| Untracked 
| 100|0x00000000e6400000, 0x00000000e6400000, 0x00000000e6500000|  0%| F|  |TAMS 0x00000000e6400000| PB 0x00000000e6400000| Untracked 
| 101|0x00000000e6500000, 0x00000000e6500000, 0x00000000e6600000|  0%| F|  |TAMS 0x00000000e6500000| PB 0x00000000e6500000| Untracked 
| 102|0x00000000e6600000, 0x00000000e6600000, 0x00000000e6700000|  0%| F|  |TAMS 0x00000000e6600000| PB 0x00000000e6600000| Untracked 
| 103|0x00000000e6700000, 0x00000000e6700000, 0x00000000e6800000|  0%| F|  |TAMS 0x00000000e6700000| PB 0x00000000e6700000| Untracked 
| 104|0x00000000e6800000, 0x00000000e6800000, 0x00000000e6900000|  0%| F|  |TAMS 0x00000000e6800000| PB 0x00000000e6800000| Untracked 
| 105|0x00000000e6900000, 0x00000000e6900000, 0x00000000e6a00000|  0%| F|  |TAMS 0x00000000e6900000| PB 0x00000000e6900000| Untracked 
| 106|0x00000000e6a00000, 0x00000000e6a00000, 0x00000000e6b00000|  0%| F|  |TAMS 0x00000000e6a00000| PB 0x00000000e6a00000| Untracked 
| 107|0x00000000e6b00000, 0x00000000e6b00000, 0x00000000e6c00000|  0%| F|  |TAMS 0x00000000e6b00000| PB 0x00000000e6b00000| Untracked 
| 108|0x00000000e6c00000, 0x00000000e6c00000, 0x00000000e6d00000|  0%| F|  |TAMS 0x00000000e6c00000| PB 0x00000000e6c00000| Untracked 
| 109|0x00000000e6d00000, 0x00000000e6d00000, 0x00000000e6e00000|  0%| F|  |TAMS 0x00000000e6d00000| PB 0x00000000e6d00000| Untracked 
| 110|0x00000000e6e00000, 0x00000000e6e00000, 0x00000000e6f00000|  0%| F|  |TAMS 0x00000000e6e00000| PB 0x00000000e6e00000| Untracked 
| 111|0x00000000e6f00000, 0x00000000e6f00000, 0x00000000e7000000|  0%| F|  |TAMS 0x00000000e6f00000| PB 0x00000000e6f00000| Untracked 
| 112|0x00000000e7000000, 0x00000000e7000000, 0x00000000e7100000|  0%| F|  |TAMS 0x00000000e7000000| PB 0x00000000e7000000| Untracked 
| 113|0x00000000e7100000, 0x00000000e7100000, 0x00000000e7200000|  0%| F|  |TAMS 0x00000000e7100000| PB 0x00000000e7100000| Untracked 
| 114|0x00000000e7200000, 0x00000000e7200000, 0x00000000e7300000|  0%| F|  |TAMS 0x00000000e7200000| PB 0x00000000e7200000| Untracked 
| 115|0x00000000e7300000, 0x00000000e7300000, 0x00000000e7400000|  0%| F|  |TAMS 0x00000000e7300000| PB 0x00000000e7300000| Untracked 
| 116|0x00000000e7400000, 0x00000000e7400000, 0x00000000e7500000|  0%| F|  |TAMS 0x00000000e7400000| PB 0x00000000e7400000| Untracked 
| 117|0x00000000e7500000, 0x00000000e7500000, 0x00000000e7600000|  0%| F|  |TAMS 0x00000000e7500000| PB 0x00000000e7500000| Untracked 
| 118|0x00000000e7600000, 0x00000000e7600000, 0x00000000e7700000|  0%| F|  |TAMS 0x00000000e7600000| PB 0x00000000e7600000| Untracked 
| 119|0x00000000e7700000, 0x00000000e7700000, 0x00000000e7800000|  0%| F|  |TAMS 0x00000000e7700000| PB 0x00000000e7700000| Untracked 
| 120|0x00000000e7800000, 0x00000000e7800000, 0x00000000e7900000|  0%| F|  |TAMS 0x00000000e7800000| PB 0x00000000e7800000| Untracked 
| 121|0x00000000e7900000, 0x00000000e7900000, 0x00000000e7a00000|  0%| F|  |TAMS 0x00000000e7900000| PB 0x00000000e7900000| Untracked 
| 122|0x00000000e7a00000, 0x00000000e7a00000, 0x00000000e7b00000|  0%| F|  |TAMS 0x00000000e7a00000| PB 0x00000000e7a00000| Untracked 
| 123|0x00000000e7b00000, 0x00000000e7b00000, 0x00000000e7c00000|  0%| F|  |TAMS 0x00000000e7b00000| PB 0x00000000e7b00000| Untracked 
| 124|0x00000000e7c00000, 0x00000000e7c00000, 0x00000000e7d00000|  0%| F|  |TAMS 0x00000000e7c00000| PB 0x00000000e7c00000| Untracked 
| 125|0x00000000e7d00000, 0x00000000e7d00000, 0x00000000e7e00000|  0%| F|  |TAMS 0x00000000e7d00000| PB 0x00000000e7d00000| Untracked 
| 126|0x00000000e7e00000, 0x00000000e7e00000, 0x00000000e7f00000|  0%| F|  |TAMS 0x00000000e7e00000| PB 0x00000000e7e00000| Untracked 
| 127|0x00000000e7f00000, 0x00000000e7f00000, 0x00000000e8000000|  0%| F|  |TAMS 0x00000000e7f00000| PB 0x00000000e7f00000| Untracked 
| 128|0x00000000e8000000, 0x00000000e8000000, 0x00000000e8100000|  0%| F|  |TAMS 0x00000000e8000000| PB 0x00000000e8000000| Untracked 
| 129|0x00000000e8100000, 0x00000000e8100000, 0x00000000e8200000|  0%| F|  |TAMS 0x00000000e8100000| PB 0x00000000e8100000| Untracked 
| 130|0x00000000e8200000, 0x00000000e8200000, 0x00000000e8300000|  0%| F|  |TAMS 0x00000000e8200000| PB 0x00000000e8200000| Untracked 
| 131|0x00000000e8300000, 0x00000000e8300000, 0x00000000e8400000|  0%| F|  |TAMS 0x00000000e8300000| PB 0x00000000e8300000| Untracked 
| 132|0x00000000e8400000, 0x00000000e8400000, 0x00000000e8500000|  0%| F|  |TAMS 0x00000000e8400000| PB 0x00000000e8400000| Untracked 
| 133|0x00000000e8500000, 0x00000000e8500000, 0x00000000e8600000|  0%| F|  |TAMS 0x00000000e8500000| PB 0x00000000e8500000| Untracked 
| 134|0x00000000e8600000, 0x00000000e8600000, 0x00000000e8700000|  0%| F|  |TAMS 0x00000000e8600000| PB 0x00000000e8600000| Untracked 
| 135|0x00000000e8700000, 0x00000000e8700000, 0x00000000e8800000|  0%| F|  |TAMS 0x00000000e8700000| PB 0x00000000e8700000| Untracked 
| 136|0x00000000e8800000, 0x00000000e8800000, 0x00000000e8900000|  0%| F|  |TAMS 0x00000000e8800000| PB 0x00000000e8800000| Untracked 
| 137|0x00000000e8900000, 0x00000000e8900000, 0x00000000e8a00000|  0%| F|  |TAMS 0x00000000e8900000| PB 0x00000000e8900000| Untracked 
| 138|0x00000000e8a00000, 0x00000000e8a00000, 0x00000000e8b00000|  0%| F|  |TAMS 0x00000000e8a00000| PB 0x00000000e8a00000| Untracked 
| 139|0x00000000e8b00000, 0x00000000e8b00000, 0x00000000e8c00000|  0%| F|  |TAMS 0x00000000e8b00000| PB 0x00000000e8b00000| Untracked 
| 140|0x00000000e8c00000, 0x00000000e8c00000, 0x00000000e8d00000|  0%| F|  |TAMS 0x00000000e8c00000| PB 0x00000000e8c00000| Untracked 
| 141|0x00000000e8d00000, 0x00000000e8d00000, 0x00000000e8e00000|  0%| F|  |TAMS 0x00000000e8d00000| PB 0x00000000e8d00000| Untracked 
| 142|0x00000000e8e00000, 0x00000000e8e00000, 0x00000000e8f00000|  0%| F|  |TAMS 0x00000000e8e00000| PB 0x00000000e8e00000| Untracked 
| 143|0x00000000e8f00000, 0x00000000e8f00000, 0x00000000e9000000|  0%| F|  |TAMS 0x00000000e8f00000| PB 0x00000000e8f00000| Untracked 
| 144|0x00000000e9000000, 0x00000000e9000000, 0x00000000e9100000|  0%| F|  |TAMS 0x00000000e9000000| PB 0x00000000e9000000| Untracked 
| 145|0x00000000e9100000, 0x00000000e9100000, 0x00000000e9200000|  0%| F|  |TAMS 0x00000000e9100000| PB 0x00000000e9100000| Untracked 
| 146|0x00000000e9200000, 0x00000000e9200000, 0x00000000e9300000|  0%| F|  |TAMS 0x00000000e9200000| PB 0x00000000e9200000| Untracked 
| 147|0x00000000e9300000, 0x00000000e9300000, 0x00000000e9400000|  0%| F|  |TAMS 0x00000000e9300000| PB 0x00000000e9300000| Untracked 
| 148|0x00000000e9400000, 0x00000000e9400000, 0x00000000e9500000|  0%| F|  |TAMS 0x00000000e9400000| PB 0x00000000e9400000| Untracked 
| 149|0x00000000e9500000, 0x00000000e9500000, 0x00000000e9600000|  0%| F|  |TAMS 0x00000000e9500000| PB 0x00000000e9500000| Untracked 
| 150|0x00000000e9600000, 0x00000000e9600000, 0x00000000e9700000|  0%| F|  |TAMS 0x00000000e9600000| PB 0x00000000e9600000| Untracked 
| 151|0x00000000e9700000, 0x00000000e9700000, 0x00000000e9800000|  0%| F|  |TAMS 0x00000000e9700000| PB 0x00000000e9700000| Untracked 
| 152|0x00000000e9800000, 0x00000000e9800000, 0x00000000e9900000|  0%| F|  |TAMS 0x00000000e9800000| PB 0x00000000e9800000| Untracked 
| 153|0x00000000e9900000, 0x00000000e9900000, 0x00000000e9a00000|  0%| F|  |TAMS 0x00000000e9900000| PB 0x00000000e9900000| Untracked 
| 154|0x00000000e9a00000, 0x00000000e9a00000, 0x00000000e9b00000|  0%| F|  |TAMS 0x00000000e9a00000| PB 0x00000000e9a00000| Untracked 
| 155|0x00000000e9b00000, 0x00000000e9b00000, 0x00000000e9c00000|  0%| F|  |TAMS 0x00000000e9b00000| PB 0x00000000e9b00000| Untracked 
| 156|0x00000000e9c00000, 0x00000000e9c00000, 0x00000000e9d00000|  0%| F|  |TAMS 0x00000000e9c00000| PB 0x00000000e9c00000| Untracked 
| 157|0x00000000e9d00000, 0x00000000e9d00000, 0x00000000e9e00000|  0%| F|  |TAMS 0x00000000e9d00000| PB 0x00000000e9d00000| Untracked 
| 158|0x00000000e9e00000, 0x00000000e9e00000, 0x00000000e9f00000|  0%| F|  |TAMS 0x00000000e9e00000| PB 0x00000000e9e00000| Untracked 
| 159|0x00000000e9f00000, 0x00000000e9f00000, 0x00000000ea000000|  0%| F|  |TAMS 0x00000000e9f00000| PB 0x00000000e9f00000| Untracked 
| 160|0x00000000ea000000, 0x00000000ea000000, 0x00000000ea100000|  0%| F|  |TAMS 0x00000000ea000000| PB 0x00000000ea000000| Untracked 
| 161|0x00000000ea100000, 0x00000000ea100000, 0x00000000ea200000|  0%| F|  |TAMS 0x00000000ea100000| PB 0x00000000ea100000| Untracked 
| 162|0x00000000ea200000, 0x00000000ea200000, 0x00000000ea300000|  0%| F|  |TAMS 0x00000000ea200000| PB 0x00000000ea200000| Untracked 
| 163|0x00000000ea300000, 0x00000000ea300000, 0x00000000ea400000|  0%| F|  |TAMS 0x00000000ea300000| PB 0x00000000ea300000| Untracked 
| 164|0x00000000ea400000, 0x00000000ea400000, 0x00000000ea500000|  0%| F|  |TAMS 0x00000000ea400000| PB 0x00000000ea400000| Untracked 
| 165|0x00000000ea500000, 0x00000000ea500000, 0x00000000ea600000|  0%| F|  |TAMS 0x00000000ea500000| PB 0x00000000ea500000| Untracked 
| 166|0x00000000ea600000, 0x00000000ea600000, 0x00000000ea700000|  0%| F|  |TAMS 0x00000000ea600000| PB 0x00000000ea600000| Untracked 
| 167|0x00000000ea700000, 0x00000000ea700000, 0x00000000ea800000|  0%| F|  |TAMS 0x00000000ea700000| PB 0x00000000ea700000| Untracked 
| 168|0x00000000ea800000, 0x00000000ea800000, 0x00000000ea900000|  0%| F|  |TAMS 0x00000000ea800000| PB 0x00000000ea800000| Untracked 
| 169|0x00000000ea900000, 0x00000000ea900000, 0x00000000eaa00000|  0%| F|  |TAMS 0x00000000ea900000| PB 0x00000000ea900000| Untracked 
| 170|0x00000000eaa00000, 0x00000000eaa00000, 0x00000000eab00000|  0%| F|  |TAMS 0x00000000eaa00000| PB 0x00000000eaa00000| Untracked 
| 171|0x00000000eab00000, 0x00000000eab00000, 0x00000000eac00000|  0%| F|  |TAMS 0x00000000eab00000| PB 0x00000000eab00000| Untracked 
| 172|0x00000000eac00000, 0x00000000eac00000, 0x00000000ead00000|  0%| F|  |TAMS 0x00000000eac00000| PB 0x00000000eac00000| Untracked 
| 173|0x00000000ead00000, 0x00000000ead00000, 0x00000000eae00000|  0%| F|  |TAMS 0x00000000ead00000| PB 0x00000000ead00000| Untracked 
| 174|0x00000000eae00000, 0x00000000eae00000, 0x00000000eaf00000|  0%| F|  |TAMS 0x00000000eae00000| PB 0x00000000eae00000| Untracked 
| 175|0x00000000eaf00000, 0x00000000eaf00000, 0x00000000eb000000|  0%| F|  |TAMS 0x00000000eaf00000| PB 0x00000000eaf00000| Untracked 
| 176|0x00000000eb000000, 0x00000000eb000000, 0x00000000eb100000|  0%| F|  |TAMS 0x00000000eb000000| PB 0x00000000eb000000| Untracked 
| 177|0x00000000eb100000, 0x00000000eb100000, 0x00000000eb200000|  0%| F|  |TAMS 0x00000000eb100000| PB 0x00000000eb100000| Untracked 
| 178|0x00000000eb200000, 0x00000000eb200000, 0x00000000eb300000|  0%| F|  |TAMS 0x00000000eb200000| PB 0x00000000eb200000| Untracked 
| 179|0x00000000eb300000, 0x00000000eb300000, 0x00000000eb400000|  0%| F|  |TAMS 0x00000000eb300000| PB 0x00000000eb300000| Untracked 
| 180|0x00000000eb400000, 0x00000000eb400000, 0x00000000eb500000|  0%| F|  |TAMS 0x00000000eb400000| PB 0x00000000eb400000| Untracked 
| 181|0x00000000eb500000, 0x00000000eb500000, 0x00000000eb600000|  0%| F|  |TAMS 0x00000000eb500000| PB 0x00000000eb500000| Untracked 
| 182|0x00000000eb600000, 0x00000000eb600000, 0x00000000eb700000|  0%| F|  |TAMS 0x00000000eb600000| PB 0x00000000eb600000| Untracked 
| 183|0x00000000eb700000, 0x00000000eb700000, 0x00000000eb800000|  0%| F|  |TAMS 0x00000000eb700000| PB 0x00000000eb700000| Untracked 
| 184|0x00000000eb800000, 0x00000000eb800000, 0x00000000eb900000|  0%| F|  |TAMS 0x00000000eb800000| PB 0x00000000eb800000| Untracked 
| 185|0x00000000eb900000, 0x00000000eb900000, 0x00000000eba00000|  0%| F|  |TAMS 0x00000000eb900000| PB 0x00000000eb900000| Untracked 
| 186|0x00000000eba00000, 0x00000000eba00000, 0x00000000ebb00000|  0%| F|  |TAMS 0x00000000eba00000| PB 0x00000000eba00000| Untracked 
| 187|0x00000000ebb00000, 0x00000000ebb00000, 0x00000000ebc00000|  0%| F|  |TAMS 0x00000000ebb00000| PB 0x00000000ebb00000| Untracked 
| 188|0x00000000ebc00000, 0x00000000ebc00000, 0x00000000ebd00000|  0%| F|  |TAMS 0x00000000ebc00000| PB 0x00000000ebc00000| Untracked 
| 189|0x00000000ebd00000, 0x00000000ebd00000, 0x00000000ebe00000|  0%| F|  |TAMS 0x00000000ebd00000| PB 0x00000000ebd00000| Untracked 
| 190|0x00000000ebe00000, 0x00000000ebe00000, 0x00000000ebf00000|  0%| F|  |TAMS 0x00000000ebe00000| PB 0x00000000ebe00000| Untracked 
| 191|0x00000000ebf00000, 0x00000000ebf00000, 0x00000000ec000000|  0%| F|  |TAMS 0x00000000ebf00000| PB 0x00000000ebf00000| Untracked 
| 192|0x00000000ec000000, 0x00000000ec000000, 0x00000000ec100000|  0%| F|  |TAMS 0x00000000ec000000| PB 0x00000000ec000000| Untracked 
| 193|0x00000000ec100000, 0x00000000ec100000, 0x00000000ec200000|  0%| F|  |TAMS 0x00000000ec100000| PB 0x00000000ec100000| Untracked 
| 194|0x00000000ec200000, 0x00000000ec200000, 0x00000000ec300000|  0%| F|  |TAMS 0x00000000ec200000| PB 0x00000000ec200000| Untracked 
| 195|0x00000000ec300000, 0x00000000ec300000, 0x00000000ec400000|  0%| F|  |TAMS 0x00000000ec300000| PB 0x00000000ec300000| Untracked 
| 196|0x00000000ec400000, 0x00000000ec400000, 0x00000000ec500000|  0%| F|  |TAMS 0x00000000ec400000| PB 0x00000000ec400000| Untracked 
| 197|0x00000000ec500000, 0x00000000ec500000, 0x00000000ec600000|  0%| F|  |TAMS 0x00000000ec500000| PB 0x00000000ec500000| Untracked 
| 198|0x00000000ec600000, 0x00000000ec600000, 0x00000000ec700000|  0%| F|  |TAMS 0x00000000ec600000| PB 0x00000000ec600000| Untracked 
| 199|0x00000000ec700000, 0x00000000ec700000, 0x00000000ec800000|  0%| F|  |TAMS 0x00000000ec700000| PB 0x00000000ec700000| Untracked 
| 200|0x00000000ec800000, 0x00000000ec800000, 0x00000000ec900000|  0%| F|  |TAMS 0x00000000ec800000| PB 0x00000000ec800000| Untracked 
| 201|0x00000000ec900000, 0x00000000ec900000, 0x00000000eca00000|  0%| F|  |TAMS 0x00000000ec900000| PB 0x00000000ec900000| Untracked 
| 202|0x00000000eca00000, 0x00000000eca00000, 0x00000000ecb00000|  0%| F|  |TAMS 0x00000000eca00000| PB 0x00000000eca00000| Untracked 
| 203|0x00000000ecb00000, 0x00000000ecb00000, 0x00000000ecc00000|  0%| F|  |TAMS 0x00000000ecb00000| PB 0x00000000ecb00000| Untracked 
| 204|0x00000000ecc00000, 0x00000000ecc00000, 0x00000000ecd00000|  0%| F|  |TAMS 0x00000000ecc00000| PB 0x00000000ecc00000| Untracked 
| 205|0x00000000ecd00000, 0x00000000ecd00000, 0x00000000ece00000|  0%| F|  |TAMS 0x00000000ecd00000| PB 0x00000000ecd00000| Untracked 
| 206|0x00000000ece00000, 0x00000000ece00000, 0x00000000ecf00000|  0%| F|  |TAMS 0x00000000ece00000| PB 0x00000000ece00000| Untracked 
| 207|0x00000000ecf00000, 0x00000000ecf00000, 0x00000000ed000000|  0%| F|  |TAMS 0x00000000ecf00000| PB 0x00000000ecf00000| Untracked 
| 208|0x00000000ed000000, 0x00000000ed000000, 0x00000000ed100000|  0%| F|  |TAMS 0x00000000ed000000| PB 0x00000000ed000000| Untracked 
| 209|0x00000000ed100000, 0x00000000ed100000, 0x00000000ed200000|  0%| F|  |TAMS 0x00000000ed100000| PB 0x00000000ed100000| Untracked 
| 210|0x00000000ed200000, 0x00000000ed200000, 0x00000000ed300000|  0%| F|  |TAMS 0x00000000ed200000| PB 0x00000000ed200000| Untracked 
| 211|0x00000000ed300000, 0x00000000ed300000, 0x00000000ed400000|  0%| F|  |TAMS 0x00000000ed300000| PB 0x00000000ed300000| Untracked 
| 212|0x00000000ed400000, 0x00000000ed400000, 0x00000000ed500000|  0%| F|  |TAMS 0x00000000ed400000| PB 0x00000000ed400000| Untracked 
| 213|0x00000000ed500000, 0x00000000ed500000, 0x00000000ed600000|  0%| F|  |TAMS 0x00000000ed500000| PB 0x00000000ed500000| Untracked 
| 214|0x00000000ed600000, 0x00000000ed600000, 0x00000000ed700000|  0%| F|  |TAMS 0x00000000ed600000| PB 0x00000000ed600000| Untracked 
| 215|0x00000000ed700000, 0x00000000ed700000, 0x00000000ed800000|  0%| F|  |TAMS 0x00000000ed700000| PB 0x00000000ed700000| Untracked 
| 216|0x00000000ed800000, 0x00000000ed800000, 0x00000000ed900000|  0%| F|  |TAMS 0x00000000ed800000| PB 0x00000000ed800000| Untracked 
| 217|0x00000000ed900000, 0x00000000ed900000, 0x00000000eda00000|  0%| F|  |TAMS 0x00000000ed900000| PB 0x00000000ed900000| Untracked 
| 218|0x00000000eda00000, 0x00000000eda00000, 0x00000000edb00000|  0%| F|  |TAMS 0x00000000eda00000| PB 0x00000000eda00000| Untracked 
| 219|0x00000000edb00000, 0x00000000edb00000, 0x00000000edc00000|  0%| F|  |TAMS 0x00000000edb00000| PB 0x00000000edb00000| Untracked 
| 220|0x00000000edc00000, 0x00000000edc00000, 0x00000000edd00000|  0%| F|  |TAMS 0x00000000edc00000| PB 0x00000000edc00000| Untracked 
| 221|0x00000000edd00000, 0x00000000edd00000, 0x00000000ede00000|  0%| F|  |TAMS 0x00000000edd00000| PB 0x00000000edd00000| Untracked 
| 222|0x00000000ede00000, 0x00000000ede00000, 0x00000000edf00000|  0%| F|  |TAMS 0x00000000ede00000| PB 0x00000000ede00000| Untracked 
| 223|0x00000000edf00000, 0x00000000edf00000, 0x00000000ee000000|  0%| F|  |TAMS 0x00000000edf00000| PB 0x00000000edf00000| Untracked 
| 224|0x00000000ee000000, 0x00000000ee000000, 0x00000000ee100000|  0%| F|  |TAMS 0x00000000ee000000| PB 0x00000000ee000000| Untracked 
| 225|0x00000000ee100000, 0x00000000ee100000, 0x00000000ee200000|  0%| F|  |TAMS 0x00000000ee100000| PB 0x00000000ee100000| Untracked 
| 226|0x00000000ee200000, 0x00000000ee200000, 0x00000000ee300000|  0%| F|  |TAMS 0x00000000ee200000| PB 0x00000000ee200000| Untracked 
| 227|0x00000000ee300000, 0x00000000ee300000, 0x00000000ee400000|  0%| F|  |TAMS 0x00000000ee300000| PB 0x00000000ee300000| Untracked 
| 228|0x00000000ee400000, 0x00000000ee400000, 0x00000000ee500000|  0%| F|  |TAMS 0x00000000ee400000| PB 0x00000000ee400000| Untracked 
| 229|0x00000000ee500000, 0x00000000ee500000, 0x00000000ee600000|  0%| F|  |TAMS 0x00000000ee500000| PB 0x00000000ee500000| Untracked 
| 230|0x00000000ee600000, 0x00000000ee700000, 0x00000000ee700000|100%| S|CS|TAMS 0x00000000ee600000| PB 0x00000000ee600000| Complete 
| 231|0x00000000ee700000, 0x00000000ee800000, 0x00000000ee800000|100%| S|CS|TAMS 0x00000000ee700000| PB 0x00000000ee700000| Complete 
| 232|0x00000000ee800000, 0x00000000ee900000, 0x00000000ee900000|100%| S|CS|TAMS 0x00000000ee800000| PB 0x00000000ee800000| Complete 
| 233|0x00000000ee900000, 0x00000000ee900000, 0x00000000eea00000|  0%| F|  |TAMS 0x00000000ee900000| PB 0x00000000ee900000| Untracked 
| 234|0x00000000eea00000, 0x00000000eea00000, 0x00000000eeb00000|  0%| F|  |TAMS 0x00000000eea00000| PB 0x00000000eea00000| Untracked 
| 235|0x00000000eeb00000, 0x00000000eeb00000, 0x00000000eec00000|  0%| F|  |TAMS 0x00000000eeb00000| PB 0x00000000eeb00000| Untracked 
| 236|0x00000000eec00000, 0x00000000eec00000, 0x00000000eed00000|  0%| F|  |TAMS 0x00000000eec00000| PB 0x00000000eec00000| Untracked 
| 237|0x00000000eed00000, 0x00000000eed00000, 0x00000000eee00000|  0%| F|  |TAMS 0x00000000eed00000| PB 0x00000000eed00000| Untracked 
| 238|0x00000000eee00000, 0x00000000eee00000, 0x00000000eef00000|  0%| F|  |TAMS 0x00000000eee00000| PB 0x00000000eee00000| Untracked 
| 239|0x00000000eef00000, 0x00000000eef00000, 0x00000000ef000000|  0%| F|  |TAMS 0x00000000eef00000| PB 0x00000000eef00000| Untracked 
| 240|0x00000000ef000000, 0x00000000ef09a8d0, 0x00000000ef100000| 60%| E|  |TAMS 0x00000000ef000000| PB 0x00000000ef000000| Complete 
| 241|0x00000000ef100000, 0x00000000ef200000, 0x00000000ef200000|100%| E|CS|TAMS 0x00000000ef100000| PB 0x00000000ef100000| Complete 
| 242|0x00000000ef200000, 0x00000000ef300000, 0x00000000ef300000|100%| E|  |TAMS 0x00000000ef200000| PB 0x00000000ef200000| Complete 
| 243|0x00000000ef300000, 0x00000000ef400000, 0x00000000ef400000|100%| E|CS|TAMS 0x00000000ef300000| PB 0x00000000ef300000| Complete 
| 244|0x00000000ef400000, 0x00000000ef500000, 0x00000000ef500000|100%| E|CS|TAMS 0x00000000ef400000| PB 0x00000000ef400000| Complete 
| 245|0x00000000ef500000, 0x00000000ef600000, 0x00000000ef600000|100%| E|CS|TAMS 0x00000000ef500000| PB 0x00000000ef500000| Complete 
| 246|0x00000000ef600000, 0x00000000ef700000, 0x00000000ef700000|100%| E|CS|TAMS 0x00000000ef600000| PB 0x00000000ef600000| Complete 
| 247|0x00000000ef700000, 0x00000000ef800000, 0x00000000ef800000|100%| E|CS|TAMS 0x00000000ef700000| PB 0x00000000ef700000| Complete 
| 248|0x00000000ef800000, 0x00000000ef900000, 0x00000000ef900000|100%| E|CS|TAMS 0x00000000ef800000| PB 0x00000000ef800000| Complete 
| 249|0x00000000ef900000, 0x00000000efa00000, 0x00000000efa00000|100%| E|CS|TAMS 0x00000000ef900000| PB 0x00000000ef900000| Complete 
| 250|0x00000000efa00000, 0x00000000efb00000, 0x00000000efb00000|100%| E|CS|TAMS 0x00000000efa00000| PB 0x00000000efa00000| Complete 
| 251|0x00000000efb00000, 0x00000000efc00000, 0x00000000efc00000|100%| E|CS|TAMS 0x00000000efb00000| PB 0x00000000efb00000| Complete 
| 252|0x00000000efc00000, 0x00000000efd00000, 0x00000000efd00000|100%| E|CS|TAMS 0x00000000efc00000| PB 0x00000000efc00000| Complete 
| 253|0x00000000efd00000, 0x00000000efe00000, 0x00000000efe00000|100%| E|CS|TAMS 0x00000000efd00000| PB 0x00000000efd00000| Complete 
| 254|0x00000000efe00000, 0x00000000eff00000, 0x00000000eff00000|100%| E|CS|TAMS 0x00000000efe00000| PB 0x00000000efe00000| Complete 
| 255|0x00000000eff00000, 0x00000000f0000000, 0x00000000f0000000|100%| E|CS|TAMS 0x00000000eff00000| PB 0x00000000eff00000| Complete 

Card table byte_map: [0x000001fd725d0000,0x000001fd726d0000] _byte_map_base: 0x000001fd71ed0000

Marking Bits: (CMBitMap*) 0x000001fd5ada1a30
 Bits: [0x000001fd726d0000, 0x000001fd72ed0000)

Polling page: 0x000001fd58d00000

Metaspace:

Usage:
  Non-class:      7.91 MB used.
      Class:      1.00 MB used.
       Both:      8.91 MB used.

Virtual space:
  Non-class space:       64.00 MB reserved,       8.00 MB ( 12%) committed,  1 nodes.
      Class space:      416.00 MB reserved,       1.12 MB ( <1%) committed,  1 nodes.
             Both:      480.00 MB reserved,       9.12 MB (  2%) committed. 

Chunk freelists:
   Non-Class:  7.64 MB
       Class:  14.83 MB
        Both:  22.47 MB

MaxMetaspaceSize: 512.00 MB
CompressedClassSpaceSize: 416.00 MB
Initial GC threshold: 128.00 MB
Current GC threshold: 128.00 MB
CDS: on
 - commit_granule_bytes: 65536.
 - commit_granule_words: 8192.
 - virtual_space_node_default_size: 8388608.
 - enlarge_chunks_in_place: 1.
 - use_allocation_guard: 0.


Internal statistics:

num_allocs_failed_limit: 0.
num_arena_births: 176.
num_arena_deaths: 0.
num_vsnodes_births: 2.
num_vsnodes_deaths: 0.
num_space_committed: 146.
num_space_uncommitted: 0.
num_chunks_returned_to_freelist: 0.
num_chunks_taken_from_freelist: 409.
num_chunk_merges: 0.
num_chunk_splits: 278.
num_chunks_enlarged: 198.
num_inconsistent_stats: 0.

CodeHeap 'non-profiled nmethods': size=120000Kb used=540Kb max_used=540Kb free=119459Kb
 bounds [0x000001fd6ac70000, 0x000001fd6aee0000, 0x000001fd721a0000]
CodeHeap 'profiled nmethods': size=120000Kb used=2244Kb max_used=2244Kb free=117756Kb
 bounds [0x000001fd631a0000, 0x000001fd63410000, 0x000001fd6a6d0000]
CodeHeap 'non-nmethods': size=5760Kb used=1516Kb max_used=1528Kb free=4243Kb
 bounds [0x000001fd6a6d0000, 0x000001fd6a940000, 0x000001fd6ac70000]
 total_blobs=1920 nmethods=1328 adapters=497
 compilation: enabled
              stopped_count=0, restarted_count=0
 full_count=0

Compilation events (20 events):
Event: 8.336 Thread 0x000001fd759a4590 nmethod 1287 0x000001fd633be390 code [0x000001fd633be540, 0x000001fd633be6d8]
Event: 8.336 Thread 0x000001fd759a4590 1288       3       java.util.HashMap$EntryIterator::next (5 bytes)
Event: 8.336 Thread 0x000001fd759a4590 nmethod 1288 0x000001fd633be790 code [0x000001fd633be940, 0x000001fd633bea78]
Event: 8.336 Thread 0x000001fd759a4590 1285       1       java.security.Provider$Service::getAlgorithm (5 bytes)
Event: 8.336 Thread 0x000001fd759a4590 nmethod 1285 0x000001fd6acf1590 code [0x000001fd6acf1720, 0x000001fd6acf17e8]
Event: 8.336 Thread 0x000001fd759a4590 1286       1       java.security.Provider$Service::getAliases (5 bytes)
Event: 8.336 Thread 0x000001fd759a4590 nmethod 1286 0x000001fd6acf1890 code [0x000001fd6acf1a20, 0x000001fd6acf1ae8]
Event: 8.338 Thread 0x000001fd7b6bb800 nmethod 1278 0x000001fd6acf1b90 code [0x000001fd6acf1d80, 0x000001fd6acf24f8]
Event: 8.339 Thread 0x000001fd759a4590 1289       3       java.lang.invoke.MethodHandles$Lookup::getDirectConstructorCommon (69 bytes)
Event: 8.339 Thread 0x000001fd759a4590 nmethod 1289 0x000001fd633beb10 code [0x000001fd633bed20, 0x000001fd633bf250]
Event: 8.340 Thread 0x000001fd7aabfbb0 1291   !   4       java.nio.DirectByteBuffer::get (34 bytes)
Event: 8.340 Thread 0x000001fd759a4590 1290       3       java.lang.invoke.MemberName::asConstructor (58 bytes)
Event: 8.340 Thread 0x000001fd759a4590 nmethod 1290 0x000001fd633bf490 code [0x000001fd633bf6c0, 0x000001fd633bfcd0]
Event: 8.341 Thread 0x000001fd759a4590 1292       3       java.util.Arrays::copyOf (10 bytes)
Event: 8.341 Thread 0x000001fd759a4590 nmethod 1292 0x000001fd633bff10 code [0x000001fd633c00c0, 0x000001fd633c0210]
Event: 8.342 Thread 0x000001fd7aabfbb0 nmethod 1291 0x000001fd6acf2910 code [0x000001fd6acf2ac0, 0x000001fd6acf2c28]
Event: 8.343 Thread 0x000001fd759a4590 1293       1       java.lang.reflect.Constructor::getModifiers (5 bytes)
Event: 8.343 Thread 0x000001fd759a4590 nmethod 1293 0x000001fd6acf2d90 code [0x000001fd6acf2f20, 0x000001fd6acf2fe8]
Event: 8.344 Thread 0x000001fd759a4590 1294       3       java.security.Provider$ServiceKey::<init> (39 bytes)
Event: 8.344 Thread 0x000001fd759a4590 nmethod 1294 0x000001fd633c0310 code [0x000001fd633c0520, 0x000001fd633c0a38]

GC Heap History (2 events):
Event: 1.023 GC heap before
{Heap before GC invocations=0 (full 0):
 garbage-first heap   total 262144K, used 24576K [0x00000000e0000000, 0x0000000100000000)
  region size 1024K, 23 young (23552K), 0 survivors (0K)
 Metaspace       used 4048K, committed 4160K, reserved 491520K
  class space    used 409K, committed 448K, reserved 425984K
}
Event: 1.028 GC heap after
{Heap after GC invocations=1 (full 0):
 garbage-first heap   total 262144K, used 5422K [0x00000000e0000000, 0x0000000100000000)
  region size 1024K, 3 young (3072K), 3 survivors (3072K)
 Metaspace       used 4048K, committed 4160K, reserved 491520K
  class space    used 409K, committed 448K, reserved 425984K
}

Dll operation events (20 events):
Event: 0.752 Loaded shared library C:\Users\prabh\.openjfx\cache\21+31\amd64\api-ms-win-crt-locale-l1-1-0.dll
Event: 0.755 Loaded shared library C:\Users\prabh\.openjfx\cache\21+31\amd64\api-ms-win-crt-math-l1-1-0.dll
Event: 0.759 Loaded shared library C:\Users\prabh\.openjfx\cache\21+31\amd64\api-ms-win-crt-multibyte-l1-1-0.dll
Event: 0.763 Loaded shared library C:\Users\prabh\.openjfx\cache\21+31\amd64\api-ms-win-crt-private-l1-1-0.dll
Event: 0.767 Loaded shared library C:\Users\prabh\.openjfx\cache\21+31\amd64\api-ms-win-crt-process-l1-1-0.dll
Event: 0.771 Loaded shared library C:\Users\prabh\.openjfx\cache\21+31\amd64\api-ms-win-crt-runtime-l1-1-0.dll
Event: 0.775 Loaded shared library C:\Users\prabh\.openjfx\cache\21+31\amd64\api-ms-win-crt-stdio-l1-1-0.dll
Event: 0.778 Loaded shared library C:\Users\prabh\.openjfx\cache\21+31\amd64\api-ms-win-crt-string-l1-1-0.dll
Event: 0.783 Loaded shared library C:\Users\prabh\.openjfx\cache\21+31\amd64\api-ms-win-crt-time-l1-1-0.dll
Event: 0.787 Loaded shared library C:\Users\prabh\.openjfx\cache\21+31\amd64\api-ms-win-crt-utility-l1-1-0.dll
Event: 0.810 Loaded shared library C:\Users\prabh\.openjfx\cache\21+31\amd64\ucrtbase.dll
Event: 0.815 Loaded shared library C:\Users\prabh\.openjfx\cache\21+31\amd64\vcruntime140.dll
Event: 0.819 Loaded shared library C:\Users\prabh\.openjfx\cache\21+31\amd64\vcruntime140_1.dll
Event: 0.832 Loaded shared library C:\Users\prabh\.openjfx\cache\21+31\amd64\msvcp140.dll
Event: 0.836 Loaded shared library C:\Users\prabh\.openjfx\cache\21+31\amd64\msvcp140_1.dll
Event: 0.843 Loaded shared library C:\Users\prabh\.openjfx\cache\21+31\amd64\msvcp140_2.dll
Event: 0.904 Loaded shared library C:\Users\prabh\.openjfx\cache\21+31\amd64\prism_d3d.dll
Event: 0.953 Loaded shared library C:\Users\prabh\.openjfx\cache\21+31\amd64\glass.dll
Event: 1.084 Loaded shared library C:\Program Files\Java\jdk-21.0.2\bin\jimage.dll
Event: 8.338 Loaded shared library C:\Program Files\Java\jdk-21.0.2\bin\sunmscapi.dll

Deoptimization events (20 events):
Event: 8.190 Thread 0x000001fd75aa84f0 Uncommon trap: trap_request=0xffffffc6 fr.pc=0x000001fd6acc1f34 relative=0x0000000000005c94
Event: 8.190 Thread 0x000001fd75aa84f0 Uncommon trap: reason=bimorphic_or_optimized_type_check action=maybe_recompile pc=0x000001fd6acc1f34 method=java.util.stream.ReferencePipeline$3$1.accept(Ljava/lang/Object;)V @ 12 c2
Event: 8.190 Thread 0x000001fd75aa84f0 DEOPT PACKING pc=0x000001fd6acc1f34 sp=0x0000009ac043d940
Event: 8.190 Thread 0x000001fd75aa84f0 DEOPT UNPACKING pc=0x000001fd6a7246a2 sp=0x0000009ac043d960 mode 2
Event: 8.190 Thread 0x000001fd75aa84f0 Uncommon trap: trap_request=0xffffffc6 fr.pc=0x000001fd6acc1f34 relative=0x0000000000005c94
Event: 8.190 Thread 0x000001fd75aa84f0 Uncommon trap: reason=bimorphic_or_optimized_type_check action=maybe_recompile pc=0x000001fd6acc1f34 method=java.util.stream.ReferencePipeline$3$1.accept(Ljava/lang/Object;)V @ 12 c2
Event: 8.190 Thread 0x000001fd75aa84f0 DEOPT PACKING pc=0x000001fd6acc1f34 sp=0x0000009ac043d940
Event: 8.190 Thread 0x000001fd75aa84f0 DEOPT UNPACKING pc=0x000001fd6a7246a2 sp=0x0000009ac043d960 mode 2
Event: 8.214 Thread 0x000001fd75aa84f0 Uncommon trap: trap_request=0xffffffc6 fr.pc=0x000001fd6acc1f34 relative=0x0000000000005c94
Event: 8.214 Thread 0x000001fd75aa84f0 Uncommon trap: reason=bimorphic_or_optimized_type_check action=maybe_recompile pc=0x000001fd6acc1f34 method=java.util.stream.ReferencePipeline$3$1.accept(Ljava/lang/Object;)V @ 12 c2
Event: 8.214 Thread 0x000001fd75aa84f0 DEOPT PACKING pc=0x000001fd6acc1f34 sp=0x0000009ac043d2b0
Event: 8.214 Thread 0x000001fd75aa84f0 DEOPT UNPACKING pc=0x000001fd6a7246a2 sp=0x0000009ac043d2d0 mode 2
Event: 8.300 Thread 0x000001fd75aa84f0 Uncommon trap: trap_request=0xffffff45 fr.pc=0x000001fd6acb5a90 relative=0x00000000000000d0
Event: 8.300 Thread 0x000001fd75aa84f0 Uncommon trap: reason=unstable_if action=reinterpret pc=0x000001fd6acb5a90 method=jdk.internal.misc.Unsafe.convEndian(ZI)I @ 4 c2
Event: 8.300 Thread 0x000001fd75aa84f0 DEOPT PACKING pc=0x000001fd6acb5a90 sp=0x0000009ac043d470
Event: 8.300 Thread 0x000001fd75aa84f0 DEOPT UNPACKING pc=0x000001fd6a7246a2 sp=0x0000009ac043d308 mode 2
Event: 8.315 Thread 0x000001fd75aa84f0 Uncommon trap: trap_request=0xffffff45 fr.pc=0x000001fd6acd0d10 relative=0x00000000000005b0
Event: 8.315 Thread 0x000001fd75aa84f0 Uncommon trap: reason=unstable_if action=reinterpret pc=0x000001fd6acd0d10 method=java.lang.AbstractStringBuilder.inflateIfNeededFor(Ljava/lang/String;)V @ 14 c2
Event: 8.315 Thread 0x000001fd75aa84f0 DEOPT PACKING pc=0x000001fd6acd0d10 sp=0x0000009ac043c120
Event: 8.315 Thread 0x000001fd75aa84f0 DEOPT UNPACKING pc=0x000001fd6a7246a2 sp=0x0000009ac043c018 mode 2

Classes loaded (20 events):
Event: 8.329 Loading class javax/net/ssl/SSLSocket
Event: 8.329 Loading class javax/net/ssl/SSLSocket done
Event: 8.334 Loading class javax/net/ssl/TrustManagerFactory
Event: 8.334 Loading class javax/net/ssl/TrustManagerFactory done
Event: 8.335 Loading class javax/net/ssl/TrustManagerFactorySpi
Event: 8.335 Loading class javax/net/ssl/TrustManagerFactorySpi done
Event: 8.335 Loading class sun/security/rsa/SunRsaSign
Event: 8.335 Loading class sun/security/rsa/SunRsaSign done
Event: 8.335 Loading class sun/security/rsa/SunRsaSignEntries
Event: 8.335 Loading class sun/security/rsa/SunRsaSignEntries done
Event: 8.336 Loading class sun/security/jca/ProviderConfig$3
Event: 8.336 Loading class sun/security/jca/ProviderConfig$3 done
Event: 8.336 Loading class sun/security/jca/ProviderConfig$ProviderLoader
Event: 8.336 Loading class sun/security/jca/ProviderConfig$ProviderLoader done
Event: 8.340 Loading class java/security/InvalidParameterException
Event: 8.340 Loading class java/security/InvalidParameterException done
Event: 8.340 Loading class java/security/ProviderException
Event: 8.340 Loading class java/security/ProviderException done
Event: 8.344 Loading class java/lang/invoke/MethodHandle$1
Event: 8.344 Loading class java/lang/invoke/MethodHandle$1 done

Classes unloaded (0 events):
No events

Classes redefined (0 events):
No events

Internal exceptions (20 events):
Event: 0.432 Thread 0x000001fd58ace940 Exception <a 'java/lang/NoSuchMethodError'{0x00000000ef583d48}: 'void java.lang.invoke.DirectMethodHandle$Holder.invokeStatic(java.lang.Object, java.lang.Object, java.lang.Object)'> (0x00000000ef583d48) 
thrown [s\open\src\hotspot\share\interpreter\linkResolver.cpp, line 773]
Event: 0.439 Thread 0x000001fd58ace940 Exception <a 'java/lang/NoSuchMethodError'{0x00000000ef599970}: 'java.lang.Object java.lang.invoke.Invokers$Holder.invokeExact_MT(java.lang.Object, java.lang.Object, java.lang.Object, java.lang.Object, java.lang.Object)'> (0x00000000ef599970) 
thrown [s\open\src\hotspot\share\interpreter\linkResolver.cpp, line 773]
Event: 0.454 Thread 0x000001fd75aa77d0 Exception <a 'java/lang/ClassNotFoundException'{0x00000000ef5f61e8}: jdk/net/ExtendedSocketOptions> (0x00000000ef5f61e8) 
thrown [s\open\src\hotspot\share\classfile\systemDictionary.cpp, line 312]
Event: 0.456 Thread 0x000001fd75aa77d0 Exception <a 'java/lang/NoSuchMethodError'{0x00000000ef5f7898}: 'void java.lang.invoke.DirectMethodHandle$Holder.invokeStatic(java.lang.Object, java.lang.Object)'> (0x00000000ef5f7898) 
thrown [s\open\src\hotspot\share\interpreter\linkResolver.cpp, line 773]
Event: 0.464 Thread 0x000001fd58ace940 Exception <a 'java/lang/NoSuchMethodError'{0x00000000ef4d06b8}: 'java.lang.Object java.lang.invoke.Invokers$Holder.invokeExact_MT(java.lang.Object, java.lang.Object, java.lang.Object, java.lang.Object, java.lang.Object, java.lang.Object)'> (0x00000000ef4d06b8) 
thrown [s\open\src\hotspot\share\interpreter\linkResolver.cpp, line 773]
Event: 0.927 Thread 0x000001fd58ace940 Exception <a 'java/lang/NoSuchMethodError'{0x00000000eedcac70}: 'int java.lang.invoke.DirectMethodHandle$Holder.invokeStaticInit(java.lang.Object, java.lang.Object, java.lang.Object)'> (0x00000000eedcac70) 
thrown [s\open\src\hotspot\share\interpreter\linkResolver.cpp, line 773]
Event: 0.958 Thread 0x000001fd58ace940 Exception <a 'java/lang/NoSuchMethodError'{0x00000000eeb305c0}: 'java.lang.Object java.lang.invoke.DirectMethodHandle$Holder.newInvokeSpecial(java.lang.Object, java.lang.Object, int, java.lang.Object)'> (0x00000000eeb305c0) 
thrown [s\open\src\hotspot\share\interpreter\linkResolver.cpp, line 773]
Event: 0.959 Thread 0x000001fd58ace940 Exception <a 'java/lang/NoSuchMethodError'{0x00000000eeb34718}: 'java.lang.Object java.lang.invoke.DirectMethodHandle$Holder.invokeSpecial(java.lang.Object, java.lang.Object, java.lang.Object, int, java.lang.Object)'> (0x00000000eeb34718) 
thrown [s\open\src\hotspot\share\interpreter\linkResolver.cpp, line 773]
Event: 1.042 Thread 0x000001fd75aa84f0 Exception <a 'java/lang/NoSuchMethodError'{0x00000000efe362b8}: 'void java.lang.invoke.DirectMethodHandle$Holder.invokeStaticInit(java.lang.Object)'> (0x00000000efe362b8) 
thrown [s\open\src\hotspot\share\interpreter\linkResolver.cpp, line 773]
Event: 1.049 Thread 0x000001fd58ace940 Exception <a 'java/lang/NoSuchMethodError'{0x00000000efe79f00}: 'java.lang.Object java.lang.invoke.DirectMethodHandle$Holder.newInvokeSpecial(java.lang.Object, java.lang.Object, java.lang.Object, java.lang.Object, java.lang.Object, java.lang.Object)'> (0x00000000efe79f00) 
thrown [s\open\src\hotspot\share\interpreter\linkResolver.cpp, line 773]
Event: 1.077 Thread 0x000001fd58ace940 Exception <a 'java/lang/NoSuchMethodError'{0x00000000efeb6b00}: 'java.lang.Object java.lang.invoke.DirectMethodHandle$Holder.newInvokeSpecial(java.lang.Object, java.lang.Object, java.lang.Object, java.lang.Object, java.lang.Object)'> (0x00000000efeb6b00) 
thrown [s\open\src\hotspot\share\interpreter\linkResolver.cpp, line 773]
Event: 1.140 Thread 0x000001fd75aa84f0 Exception <a 'java/lang/NoSuchMethodError'{0x00000000efb9f8d0}: 'void java.lang.invoke.DirectMethodHandle$Holder.invokeStatic(java.lang.Object, long)'> (0x00000000efb9f8d0) 
thrown [s\open\src\hotspot\share\interpreter\linkResolver.cpp, line 773]
Event: 1.141 Thread 0x000001fd75aa84f0 Exception <a 'java/lang/NoSuchMethodError'{0x00000000efba44a0}: 'java.lang.Object java.lang.invoke.DirectMethodHandle$Holder.newInvokeSpecial(java.lang.Object, long)'> (0x00000000efba44a0) 
thrown [s\open\src\hotspot\share\interpreter\linkResolver.cpp, line 773]
Event: 1.144 Thread 0x000001fd75aa84f0 Exception <a 'java/lang/NoSuchMethodError'{0x00000000efbabbf0}: 'java.lang.Object java.lang.invoke.DirectMethodHandle$Holder.invokeStatic(java.lang.Object, long, java.lang.Object)'> (0x00000000efbabbf0) 
thrown [s\open\src\hotspot\share\interpreter\linkResolver.cpp, line 773]
Event: 1.144 Thread 0x000001fd75aa84f0 Exception <a 'java/lang/NoSuchMethodError'{0x00000000efbaf378}: 'java.lang.Object java.lang.invoke.DirectMethodHandle$Holder.invokeStaticInit(java.lang.Object, long, java.lang.Object)'> (0x00000000efbaf378) 
thrown [s\open\src\hotspot\share\interpreter\linkResolver.cpp, line 773]
Event: 1.153 Thread 0x000001fd75aa84f0 Exception <a 'sun/nio/fs/WindowsException'{0x00000000efbdd040}> (0x00000000efbdd040) 
thrown [s\open\src\hotspot\share\prims\jni.cpp, line 520]
Event: 8.173 Thread 0x000001fd75aa84f0 Exception <a 'sun/nio/fs/WindowsException'{0x00000000efaa0248}> (0x00000000efaa0248) 
thrown [s\open\src\hotspot\share\prims\jni.cpp, line 520]
Event: 8.212 Thread 0x000001fd75aa84f0 Exception <a 'java/lang/NoSuchMethodError'{0x00000000ef815be0}: 'java.lang.Object java.lang.invoke.DirectMethodHandle$Holder.invokeVirtual(java.lang.Object, java.lang.Object, java.lang.Object)'> (0x00000000ef815be0) 
thrown [s\open\src\hotspot\share\interpreter\linkResolver.cpp, line 773]
Event: 8.265 Thread 0x000001fd75aa84f0 Exception <a 'sun/nio/fs/WindowsException'{0x00000000ef425190}> (0x00000000ef425190) 
thrown [s\open\src\hotspot\share\prims\jni.cpp, line 520]
Event: 8.329 Thread 0x000001fd75aa84f0 Exception <a 'java/lang/NoSuchMethodError'{0x00000000ef1a4250}: 'void java.lang.invoke.DirectMethodHandle$Holder.invokeStaticInit(java.lang.Object, java.lang.Object)'> (0x00000000ef1a4250) 
thrown [s\open\src\hotspot\share\interpreter\linkResolver.cpp, line 773]

ZGC Phase Switch (0 events):
No events

VM Operations (20 events):
Event: 0.351 Executing VM operation: HandshakeAllThreads (Deoptimize)
Event: 0.351 Executing VM operation: HandshakeAllThreads (Deoptimize) done
Event: 0.943 Executing VM operation: HandshakeAllThreads (Deoptimize)
Event: 0.943 Executing VM operation: HandshakeAllThreads (Deoptimize) done
Event: 1.023 Executing VM operation: G1CollectForAllocation (G1 Evacuation Pause)
Event: 1.028 Executing VM operation: G1CollectForAllocation (G1 Evacuation Pause) done
Event: 1.147 Executing VM operation: HandshakeAllThreads (Deoptimize)
Event: 1.147 Executing VM operation: HandshakeAllThreads (Deoptimize) done
Event: 2.148 Executing VM operation: Cleanup
Event: 2.148 Executing VM operation: Cleanup done
Event: 8.174 Executing VM operation: HandshakeAllThreads (Deoptimize)
Event: 8.174 Executing VM operation: HandshakeAllThreads (Deoptimize) done
Event: 8.174 Executing VM operation: Cleanup
Event: 8.174 Executing VM operation: Cleanup done
Event: 8.177 Executing VM operation: HandshakeAllThreads (Deoptimize)
Event: 8.177 Executing VM operation: HandshakeAllThreads (Deoptimize) done
Event: 8.207 Executing VM operation: HandshakeAllThreads (Deoptimize)
Event: 8.207 Executing VM operation: HandshakeAllThreads (Deoptimize) done
Event: 8.270 Executing VM operation: HandshakeAllThreads (Deoptimize)
Event: 8.270 Executing VM operation: HandshakeAllThreads (Deoptimize) done

Events (20 events):
Event: 0.061 Thread 0x000001fd75973a80 Thread added: 0x000001fd75973a80
Event: 0.061 Thread 0x000001fd75974740 Thread added: 0x000001fd75974740
Event: 0.062 Thread 0x000001fd7597ba30 Thread added: 0x000001fd7597ba30
Event: 0.062 Thread 0x000001fd7599d910 Thread added: 0x000001fd7599d910
Event: 0.062 Thread 0x000001fd759a4590 Thread added: 0x000001fd759a4590
Event: 0.124 Thread 0x000001fd75aa8b80 Thread added: 0x000001fd75aa8b80
Event: 0.212 Thread 0x000001fd75b89de0 Thread added: 0x000001fd75b89de0
Event: 0.220 Thread 0x000001fd75af00f0 Thread added: 0x000001fd75af00f0
Event: 0.446 Thread 0x000001fd75aa77d0 Thread added: 0x000001fd75aa77d0
Event: 0.446 Thread 0x000001fd75aa7e60 Thread added: 0x000001fd75aa7e60
Event: 0.887 Thread 0x000001fd75aa7140 Thread added: 0x000001fd75aa7140
Event: 0.924 Thread 0x000001fd75af00f0 Thread exited: 0x000001fd75af00f0
Event: 0.924 Thread 0x000001fd75b89de0 Thread exited: 0x000001fd75b89de0
Event: 0.956 Thread 0x000001fd75aa5d90 Thread added: 0x000001fd75aa5d90
Event: 0.961 Thread 0x000001fd75aa84f0 Thread added: 0x000001fd75aa84f0
Event: 1.068 Thread 0x000001fd75aa6ab0 Thread added: 0x000001fd75aa6ab0
Event: 1.078 Thread 0x000001fd75aa9210 Thread added: 0x000001fd75aa9210
Event: 8.168 Thread 0x000001fd75aa6420 Thread added: 0x000001fd75aa6420
Event: 8.200 Thread 0x000001fd7b6bb800 Thread added: 0x000001fd7b6bb800
Event: 8.204 Thread 0x000001fd7aabfbb0 Thread added: 0x000001fd7aabfbb0


Dynamic libraries:
0x00007ff7cf190000 - 0x00007ff7cf1a0000 	C:\Program Files\Java\jdk-21.0.2\bin\java.exe
0x00007ffc71930000 - 0x00007ffc71b47000 	C:\WINDOWS\SYSTEM32\ntdll.dll
0x00007ffc708f0000 - 0x00007ffc709b4000 	C:\WINDOWS\System32\KERNEL32.DLL
0x00007ffc6eeb0000 - 0x00007ffc6f269000 	C:\WINDOWS\System32\KERNELBASE.dll
0x00007ffc6ed90000 - 0x00007ffc6eea1000 	C:\WINDOWS\System32\ucrtbase.dll
0x00007ffc63a00000 - 0x00007ffc63a19000 	C:\Program Files\Java\jdk-21.0.2\bin\jli.dll
0x00007ffc6f650000 - 0x00007ffc6f702000 	C:\WINDOWS\System32\ADVAPI32.dll
0x00007ffc6fb90000 - 0x00007ffc6fc37000 	C:\WINDOWS\System32\msvcrt.dll
0x00007ffc70dd0000 - 0x00007ffc70e77000 	C:\WINDOWS\System32\sechost.dll
0x00007ffc6f620000 - 0x00007ffc6f648000 	C:\WINDOWS\System32\bcrypt.dll
0x00007ffc707d0000 - 0x00007ffc708e4000 	C:\WINDOWS\System32\RPCRT4.dll
0x00007ffc716f0000 - 0x00007ffc7189e000 	C:\WINDOWS\System32\USER32.dll
0x00007ffc6f5f0000 - 0x00007ffc6f616000 	C:\WINDOWS\System32\win32u.dll
0x00007ffc6fc50000 - 0x00007ffc6fc79000 	C:\WINDOWS\System32\GDI32.dll
0x00007ffc6f450000 - 0x00007ffc6f56b000 	C:\WINDOWS\System32\gdi32full.dll
0x00007ffc6ecf0000 - 0x00007ffc6ed8a000 	C:\WINDOWS\System32\msvcp_win.dll
0x00007ffc5b4a0000 - 0x00007ffc5b4bb000 	C:\Program Files\Java\jdk-21.0.2\bin\VCRUNTIME140.dll
0x00007ffc58b00000 - 0x00007ffc58d92000 	C:\WINDOWS\WinSxS\amd64_microsoft.windows.common-controls_6595b64144ccf1df_6.0.22621.4391_none_2715d37f73803e96\COMCTL32.dll
0x00007ffc683a0000 - 0x00007ffc683aa000 	C:\WINDOWS\SYSTEM32\VERSION.dll
0x00007ffc6fe60000 - 0x00007ffc6fe91000 	C:\WINDOWS\System32\IMM32.DLL
0x00007ffc54610000 - 0x00007ffc54771000 	C:\Program Files (x86)\Citrix\ICA Client\ctxapclient64.dll
0x00007ffc70e80000 - 0x00007ffc7120f000 	C:\WINDOWS\System32\combase.dll
0x00007ffc6de70000 - 0x00007ffc6dea4000 	C:\WINDOWS\SYSTEM32\ntmarta.dll
0x00007ffc6f570000 - 0x00007ffc6f5eb000 	C:\WINDOWS\System32\bcryptprimitives.dll
0x00007ffc544d0000 - 0x00007ffc5450a000 	C:\Program Files (x86)\Citrix\ICA Client\Receiver\FeatureFlagHelper64.dll
0x00007ffc6afd0000 - 0x00007ffc6afdc000 	C:\Program Files\Java\jdk-21.0.2\bin\vcruntime140_1.dll
0x00007ffc52ef0000 - 0x00007ffc52f7e000 	C:\Program Files\Java\jdk-21.0.2\bin\msvcp140.dll
0x00007ffc0ffe0000 - 0x00007ffc10cf7000 	C:\Program Files\Java\jdk-21.0.2\bin\server\jvm.dll
0x00007ffc70b80000 - 0x00007ffc70bf1000 	C:\WINDOWS\System32\WS2_32.dll
0x00007ffc6dac0000 - 0x00007ffc6db0d000 	C:\WINDOWS\SYSTEM32\POWRPROF.dll
0x00007ffc6a360000 - 0x00007ffc6a394000 	C:\WINDOWS\SYSTEM32\WINMM.dll
0x00007ffc6daa0000 - 0x00007ffc6dab3000 	C:\WINDOWS\SYSTEM32\UMPDC.dll
0x00007ffc6dd60000 - 0x00007ffc6dd78000 	C:\WINDOWS\SYSTEM32\kernel.appcore.dll
0x00007ffc650f0000 - 0x00007ffc650fa000 	C:\Program Files\Java\jdk-21.0.2\bin\jimage.dll
0x00007ffc54fd0000 - 0x00007ffc55202000 	C:\WINDOWS\SYSTEM32\DBGHELP.DLL
0x00007ffc71470000 - 0x00007ffc71547000 	C:\WINDOWS\System32\OLEAUT32.dll
0x00007ffc58a20000 - 0x00007ffc58a52000 	C:\WINDOWS\SYSTEM32\dbgcore.DLL
0x00007ffc650c0000 - 0x00007ffc650cf000 	C:\Program Files\Java\jdk-21.0.2\bin\instrument.dll
0x00007ffc59b40000 - 0x00007ffc59b5f000 	C:\Program Files\Java\jdk-21.0.2\bin\java.dll
0x000001fd7a000000 - 0x000001fd7a876000 	C:\WINDOWS\System32\SHELL32.dll
0x00007ffc6cb80000 - 0x00007ffc6d483000 	C:\WINDOWS\SYSTEM32\windows.storage.dll
0x00007ffc6ca40000 - 0x00007ffc6cb7f000 	C:\WINDOWS\SYSTEM32\wintypes.dll
0x00007ffc6fca0000 - 0x00007ffc6fd99000 	C:\WINDOWS\System32\SHCORE.dll
0x00007ffc6fe00000 - 0x00007ffc6fe5e000 	C:\WINDOWS\System32\shlwapi.dll
0x00007ffc6eb60000 - 0x00007ffc6eb8b000 	C:\WINDOWS\SYSTEM32\profapi.dll
0x00007ffc28140000 - 0x00007ffc28217000 	C:\Program Files\Java\jdk-21.0.2\bin\jsvml.dll
0x00007ffc639f0000 - 0x00007ffc63a00000 	C:\Program Files\Java\jdk-21.0.2\bin\net.dll
0x00007ffc679a0000 - 0x00007ffc67ad6000 	C:\WINDOWS\SYSTEM32\WINHTTP.dll
0x00007ffc6e1e0000 - 0x00007ffc6e249000 	C:\WINDOWS\system32\mswsock.dll
0x00007ffc59b20000 - 0x00007ffc59b36000 	C:\Program Files\Java\jdk-21.0.2\bin\nio.dll
0x00007ffc59920000 - 0x00007ffc59938000 	C:\Program Files\Java\jdk-21.0.2\bin\zip.dll
0x00007ffc59900000 - 0x00007ffc5991a000 	D:\IntelliJ IDEA 2024.2.4\bin\breakgen64.dll
0x000001fd5ac60000 - 0x000001fd5ac63000 	C:\Users\prabh\.openjfx\cache\21+31\amd64\api-ms-win-core-console-l1-1-0.dll
0x000001fd5ac70000 - 0x000001fd5ac73000 	C:\Users\prabh\.openjfx\cache\21+31\amd64\api-ms-win-core-console-l1-2-0.dll
0x000001fd5ac80000 - 0x000001fd5ac83000 	C:\Users\prabh\.openjfx\cache\21+31\amd64\api-ms-win-core-datetime-l1-1-0.dll
0x000001fd5ac90000 - 0x000001fd5ac93000 	C:\Users\prabh\.openjfx\cache\21+31\amd64\api-ms-win-core-debug-l1-1-0.dll
0x000001fd5aca0000 - 0x000001fd5aca3000 	C:\Users\prabh\.openjfx\cache\21+31\amd64\api-ms-win-core-errorhandling-l1-1-0.dll
0x000001fd5acb0000 - 0x000001fd5acb4000 	C:\Users\prabh\.openjfx\cache\21+31\amd64\api-ms-win-core-file-l1-1-0.dll
0x000001fd5acc0000 - 0x000001fd5acc3000 	C:\Users\prabh\.openjfx\cache\21+31\amd64\api-ms-win-core-file-l1-2-0.dll
0x000001fd5acd0000 - 0x000001fd5acd3000 	C:\Users\prabh\.openjfx\cache\21+31\amd64\api-ms-win-core-file-l2-1-0.dll
0x000001fd5ace0000 - 0x000001fd5ace3000 	C:\Users\prabh\.openjfx\cache\21+31\amd64\api-ms-win-core-handle-l1-1-0.dll
0x000001fd5acf0000 - 0x000001fd5acf3000 	C:\Users\prabh\.openjfx\cache\21+31\amd64\api-ms-win-core-heap-l1-1-0.dll
0x000001fd75e60000 - 0x000001fd75e63000 	C:\Users\prabh\.openjfx\cache\21+31\amd64\api-ms-win-core-interlocked-l1-1-0.dll
0x000001fd75e70000 - 0x000001fd75e73000 	C:\Users\prabh\.openjfx\cache\21+31\amd64\api-ms-win-core-libraryloader-l1-1-0.dll
0x000001fd75d50000 - 0x000001fd75d53000 	C:\Users\prabh\.openjfx\cache\21+31\amd64\api-ms-win-core-localization-l1-2-0.dll
0x000001fd75d60000 - 0x000001fd75d63000 	C:\Users\prabh\.openjfx\cache\21+31\amd64\api-ms-win-core-memory-l1-1-0.dll
0x000001fd75d70000 - 0x000001fd75d73000 	C:\Users\prabh\.openjfx\cache\21+31\amd64\api-ms-win-core-namedpipe-l1-1-0.dll
0x000001fd75d80000 - 0x000001fd75d83000 	C:\Users\prabh\.openjfx\cache\21+31\amd64\api-ms-win-core-processenvironment-l1-1-0.dll
0x000001fd75d90000 - 0x000001fd75d93000 	C:\Users\prabh\.openjfx\cache\21+31\amd64\api-ms-win-core-processthreads-l1-1-0.dll
0x000001fd75da0000 - 0x000001fd75da3000 	C:\Users\prabh\.openjfx\cache\21+31\amd64\api-ms-win-core-processthreads-l1-1-1.dll
0x000001fd75db0000 - 0x000001fd75db3000 	C:\Users\prabh\.openjfx\cache\21+31\amd64\api-ms-win-core-profile-l1-1-0.dll
0x000001fd75dc0000 - 0x000001fd75dc3000 	C:\Users\prabh\.openjfx\cache\21+31\amd64\api-ms-win-core-rtlsupport-l1-1-0.dll
0x000001fd75dd0000 - 0x000001fd75dd3000 	C:\Users\prabh\.openjfx\cache\21+31\amd64\api-ms-win-core-string-l1-1-0.dll
0x000001fd75de0000 - 0x000001fd75de3000 	C:\Users\prabh\.openjfx\cache\21+31\amd64\api-ms-win-core-synch-l1-1-0.dll
0x000001fd75df0000 - 0x000001fd75df3000 	C:\Users\prabh\.openjfx\cache\21+31\amd64\api-ms-win-core-synch-l1-2-0.dll
0x000001fd75e00000 - 0x000001fd75e03000 	C:\Users\prabh\.openjfx\cache\21+31\amd64\api-ms-win-core-sysinfo-l1-1-0.dll
0x000001fd75e10000 - 0x000001fd75e13000 	C:\Users\prabh\.openjfx\cache\21+31\amd64\api-ms-win-core-timezone-l1-1-0.dll
0x000001fd75e20000 - 0x000001fd75e23000 	C:\Users\prabh\.openjfx\cache\21+31\amd64\api-ms-win-core-util-l1-1-0.dll
0x000001fd75e30000 - 0x000001fd75e33000 	C:\Users\prabh\.openjfx\cache\21+31\amd64\api-ms-win-crt-conio-l1-1-0.dll
0x000001fd75e40000 - 0x000001fd75e44000 	C:\Users\prabh\.openjfx\cache\21+31\amd64\api-ms-win-crt-convert-l1-1-0.dll
0x000001fd75e50000 - 0x000001fd75e53000 	C:\Users\prabh\.openjfx\cache\21+31\amd64\api-ms-win-crt-environment-l1-1-0.dll
0x000001fd75f90000 - 0x000001fd75f93000 	C:\Users\prabh\.openjfx\cache\21+31\amd64\api-ms-win-crt-filesystem-l1-1-0.dll
0x000001fd75fa0000 - 0x000001fd75fa3000 	C:\Users\prabh\.openjfx\cache\21+31\amd64\api-ms-win-crt-heap-l1-1-0.dll
0x000001fd75e80000 - 0x000001fd75e83000 	C:\Users\prabh\.openjfx\cache\21+31\amd64\api-ms-win-crt-locale-l1-1-0.dll
0x000001fd75e90000 - 0x000001fd75e95000 	C:\Users\prabh\.openjfx\cache\21+31\amd64\api-ms-win-crt-math-l1-1-0.dll
0x000001fd75ea0000 - 0x000001fd75ea5000 	C:\Users\prabh\.openjfx\cache\21+31\amd64\api-ms-win-crt-multibyte-l1-1-0.dll
0x000001fd75eb0000 - 0x000001fd75ec0000 	C:\Users\prabh\.openjfx\cache\21+31\amd64\api-ms-win-crt-private-l1-1-0.dll
0x000001fd75ec0000 - 0x000001fd75ec3000 	C:\Users\prabh\.openjfx\cache\21+31\amd64\api-ms-win-crt-process-l1-1-0.dll
0x000001fd75ed0000 - 0x000001fd75ed4000 	C:\Users\prabh\.openjfx\cache\21+31\amd64\api-ms-win-crt-runtime-l1-1-0.dll
0x000001fd75ee0000 - 0x000001fd75ee4000 	C:\Users\prabh\.openjfx\cache\21+31\amd64\api-ms-win-crt-stdio-l1-1-0.dll
0x000001fd75ef0000 - 0x000001fd75ef4000 	C:\Users\prabh\.openjfx\cache\21+31\amd64\api-ms-win-crt-string-l1-1-0.dll
0x000001fd75f00000 - 0x000001fd75f03000 	C:\Users\prabh\.openjfx\cache\21+31\amd64\api-ms-win-crt-time-l1-1-0.dll
0x000001fd75f10000 - 0x000001fd75f13000 	C:\Users\prabh\.openjfx\cache\21+31\amd64\api-ms-win-crt-utility-l1-1-0.dll
0x00007ffc23cd0000 - 0x00007ffc23dcc000 	C:\Users\prabh\.openjfx\cache\21+31\amd64\ucrtbase.dll
0x00007ffc598c0000 - 0x00007ffc598db000 	C:\Users\prabh\.openjfx\cache\21+31\amd64\vcruntime140.dll
0x00007ffc598b0000 - 0x00007ffc598bc000 	C:\Users\prabh\.openjfx\cache\21+31\amd64\vcruntime140_1.dll
0x00007ffc4c9d0000 - 0x00007ffc4ca5e000 	C:\Users\prabh\.openjfx\cache\21+31\amd64\msvcp140.dll
0x00007ffc712c0000 - 0x00007ffc71465000 	C:\WINDOWS\System32\ole32.dll
0x00007ffc55f90000 - 0x00007ffc55f99000 	C:\Users\prabh\.openjfx\cache\21+31\amd64\msvcp140_1.dll
0x00007ffc55ee0000 - 0x00007ffc55f0f000 	C:\Users\prabh\.openjfx\cache\21+31\amd64\msvcp140_2.dll
0x00007ffc55710000 - 0x00007ffc5573f000 	C:\Users\prabh\.openjfx\cache\21+31\amd64\prism_d3d.dll
0x00007ffc33570000 - 0x00007ffc33718000 	C:\WINDOWS\system32\d3d9.dll
0x00007ffc6c310000 - 0x00007ffc6c33b000 	C:\WINDOWS\SYSTEM32\dwmapi.dll
0x00007ffc6c380000 - 0x00007ffc6c3b7000 	C:\WINDOWS\SYSTEM32\dxcore.dll
0x00007ffc6c0c0000 - 0x00007ffc6c171000 	C:\WINDOWS\system32\uxtheme.dll
0x00007ffc1e170000 - 0x00007ffc1e31d000 	C:\WINDOWS\System32\DriverStore\FileRepository\iigd_dch.inf_amd64_306090fd1d6bb4fa\igdumdim64.dll
0x00007ffbcfb00000 - 0x00007ffbd2ba4000 	C:\WINDOWS\System32\DriverStore\FileRepository\iigd_dch.inf_amd64_306090fd1d6bb4fa\igd9dxva64.dll
0x000001fd7c220000 - 0x000001fd7c694000 	C:\WINDOWS\System32\SETUPAPI.dll
0x00007ffc6e920000 - 0x00007ffc6e96e000 	C:\WINDOWS\SYSTEM32\cfgmgr32.dll
0x00007ffc61da0000 - 0x00007ffc621a9000 	C:\WINDOWS\System32\DriverStore\FileRepository\iigd_dch.inf_amd64_306090fd1d6bb4fa\igdgmm64.dll
0x00007ffc66af0000 - 0x00007ffc66b39000 	C:\WINDOWS\SYSTEM32\directxdatabasehelper.dll
0x00007ffc35c20000 - 0x00007ffc35c62000 	C:\Users\prabh\.openjfx\cache\21+31\amd64\glass.dll
0x00007ffc715f0000 - 0x00007ffc716ef000 	C:\WINDOWS\System32\COMDLG32.dll
0x00007ffc70c10000 - 0x00007ffc70d70000 	C:\WINDOWS\System32\MSCTF.dll
0x00007ffc65000000 - 0x00007ffc65027000 	C:\WINDOWS\System32\DriverStore\FileRepository\iigd_dch.inf_amd64_306090fd1d6bb4fa\igdinfo64.dll
0x00007ffc6e430000 - 0x00007ffc6e44b000 	C:\WINDOWS\SYSTEM32\CRYPTSP.dll
0x00007ffc6dcc0000 - 0x00007ffc6dcf5000 	C:\WINDOWS\system32\rsaenh.dll
0x00007ffc6e450000 - 0x00007ffc6e45c000 	C:\WINDOWS\SYSTEM32\CRYPTBASE.dll
0x00007ffc5e600000 - 0x00007ffc61d96000 	C:\WINDOWS\System32\DriverStore\FileRepository\iigd_dch.inf_amd64_306090fd1d6bb4fa\igc64.dll
0x00007ffc6d7d0000 - 0x00007ffc6d8d2000 	C:\WINDOWS\SYSTEM32\DNSAPI.dll
0x00007ffc6d760000 - 0x00007ffc6d78d000 	C:\WINDOWS\SYSTEM32\IPHLPAPI.DLL
0x00007ffc707c0000 - 0x00007ffc707c9000 	C:\WINDOWS\System32\NSI.dll
0x00007ffc650b0000 - 0x00007ffc650ba000 	C:\Windows\System32\rasadhlp.dll
0x00007ffc67070000 - 0x00007ffc670f3000 	C:\WINDOWS\System32\fwpuclnt.dll
0x00007ffc59b10000 - 0x00007ffc59b1e000 	C:\Program Files\Java\jdk-21.0.2\bin\sunmscapi.dll
0x00007ffc6f2e0000 - 0x00007ffc6f446000 	C:\WINDOWS\System32\CRYPT32.dll
0x00007ffc6e5f0000 - 0x00007ffc6e61d000 	C:\WINDOWS\SYSTEM32\ncrypt.dll
0x00007ffc6e5b0000 - 0x00007ffc6e5e7000 	C:\WINDOWS\SYSTEM32\NTASN1.dll

dbghelp: loaded successfully - version: 4.0.5 - missing functions: none
symbol engine: initialized successfully - sym options: 0x614 - pdb path: .;C:\Program Files\Java\jdk-21.0.2\bin;C:\WINDOWS\SYSTEM32;C:\WINDOWS\WinSxS\amd64_microsoft.windows.common-controls_6595b64144ccf1df_6.0.22621.4391_none_2715d37f73803e96;C:\Program Files (x86)\Citrix\ICA Client;C:\Program Files (x86)\Citrix\ICA Client\Receiver;C:\Program Files\Java\jdk-21.0.2\bin\server;D:\IntelliJ IDEA 2024.2.4\bin;C:\Users\prabh\.openjfx\cache\21+31\amd64;C:\WINDOWS\System32\DriverStore\FileRepository\iigd_dch.inf_amd64_306090fd1d6bb4fa

VM Arguments:
jvm_args: -XX:MetaspaceSize=128m -XX:MaxMetaspaceSize=512m -Xms256m -Xmx512m -Xss256k -javaagent:D:\IntelliJ IDEA 2024.2.4\lib\idea_rt.jar=62195:D:\IntelliJ IDEA 2024.2.4\bin -Dfile.encoding=UTF-8 -Dsun.stdout.encoding=UTF-8 -Dsun.stderr.encoding=UTF-8 --module-path=C:\Users\prabh\.m2\repository\org\openjfx\javafx-base\21\javafx-base-21-win.jar;C:\Users\prabh\.m2\repository\org\openjfx\javafx-fxml\21\javafx-fxml-21-win.jar;C:\Users\prabh\.m2\repository\org\openjfx\javafx-controls\21\javafx-controls-21-win.jar;C:\Users\prabh\.m2\repository\org\openjfx\javafx-graphics\21\javafx-graphics-21-win.jar;C:\Users\prabh\.m2\repository\org\apache\commons\commons-math3\3.6.1\commons-math3-3.6.1.jar;C:\Users\prabh\.m2\repository\com\google\code\gson\gson\2.8.9\gson-2.8.9.jar;C:\Users\prabh\IdeaProjects\OOD5\lib\librec-core-3.0.0-1.jar;C:\Users\prabh\IdeaProjects\OOD5\target\classes;C:\Users\prabh\.m2\repository\com\mysql\mysql-connector-j\8.0.33\mysql-connector-j-8.0.33.jar -Djdk.module.main=org.example.ood5 
java_command: org.example.ood5/Main.Main
java_class_path (initial): C:\Users\prabh\.m2\repository\org\openjfx\javafx-controls\21\javafx-controls-21.jar;C:\Users\prabh\.m2\repository\org\openjfx\javafx-graphics\21\javafx-graphics-21.jar;C:\Users\prabh\.m2\repository\org\openjfx\javafx-base\21\javafx-base-21.jar;C:\Users\prabh\.m2\repository\org\openjfx\javafx-fxml\21\javafx-fxml-21.jar;C:\Users\prabh\.m2\repository\com\google\protobuf\protobuf-java\3.21.9\protobuf-java-3.21.9.jar;C:\Users\prabh\.m2\repository\commons-logging\commons-logging\1.2\commons-logging-1.2.jar;C:\Users\prabh\.m2\repository\commons-lang\commons-lang\2.6\commons-lang-2.6.jar;C:\Users\prabh\.m2\repository\com\google\guava\guava\31.1-jre\guava-31.1-jre.jar;C:\Users\prabh\.m2\repository\com\google\guava\failureaccess\1.0.1\failureaccess-1.0.1.jar;C:\Users\prabh\.m2\repository\com\google\guava\listenablefuture\9999.0-empty-to-avoid-conflict-with-guava\listenablefuture-9999.0-empty-to-avoid-conflict-with-guava.jar;C:\Users\prabh\.m2\repository\com\google\code\findbugs\jsr305\3.0.2\jsr305-3.0.2.jar;C:\Users\prabh\.m2\repository\org\checkerframework\checker-qual\3.12.0\checker-qual-3.12.0.jar;C:\Users\prabh\.m2\repository\com\google\errorprone\error_prone_annotations\2.11.0\error_prone_annotations-2.11.0.jar;C:\Users\prabh\.m2\repository\com\google\j2objc\j2objc-annotations\1.3\j2objc-annotations-1.3.jar;C:\Users\prabh\.m2\repository\com\squareup\okio\okio\3.4.0\okio-3.4.0.jar;C:\Users\prabh\.m2\repository\com\squareup\okio\okio-jvm\3.4.0\okio-jvm-3.4.0.jar;C:\Users\prabh\.m2\repository\org\jetbrains\kotlin\kotlin-stdlib-jdk8\1.8.0\kotlin-stdlib-jdk8-1.8.0.jar;C:\Users\prabh\.m2\repository\org\jetbrains\kotlin\kotlin-stdlib\1.8.0\kotlin-stdlib-1.8.0.jar;C:\Users\prabh\.m2\repository\org\jetbrains\annotations\13.0\annotations-13.0.jar;C:\Users\prabh\.m2\repository\org\jetbrains\kotlin\kotlin-stdlib-jdk7\1.8.0\kotlin-stdlib-jdk7-1.8.0.jar;C:\Users\prabh\.m2\repository\org\jetbrains\kotlin\kotlin-stdlib-common\1.8.0\kotlin-stdlib-common-1.8.0.jar;C:\Users\prabh\.m2\repository\it\unimi\dsi\fastutil\8.5.6\fastutil-8.5.6.jar
Launcher Type: SUN_STANDARD

[Global flags]
     intx CICompilerCount                          = 4                                         {product} {ergonomic}
   size_t CompressedClassSpaceSize                 = 436207616                                 {product} {ergonomic}
     uint ConcGCThreads                            = 2                                         {product} {ergonomic}
     uint G1ConcRefinementThreads                  = 8                                         {product} {ergonomic}
   size_t G1HeapRegionSize                         = 1048576                                   {product} {ergonomic}
    uintx GCDrainStackTargetSize                   = 64                                        {product} {ergonomic}
   size_t InitialHeapSize                          = 268435456                                 {product} {command line}
   size_t MarkStackSize                            = 4194304                                   {product} {ergonomic}
   size_t MaxHeapSize                              = 536870912                                 {product} {command line}
   size_t MaxMetaspaceSize                         = 536870912                                 {product} {command line}
   size_t MaxNewSize                               = 321912832                                 {product} {ergonomic}
   size_t MetaspaceSize                            = 134217728                                 {product} {command line}
   size_t MinHeapDeltaBytes                        = 1048576                                   {product} {ergonomic}
   size_t MinHeapSize                              = 268435456                                 {product} {command line}
    uintx NonNMethodCodeHeapSize                   = 5839372                                {pd product} {ergonomic}
    uintx NonProfiledCodeHeapSize                  = 122909434                              {pd product} {ergonomic}
    uintx ProfiledCodeHeapSize                     = 122909434                              {pd product} {ergonomic}
    uintx ReservedCodeCacheSize                    = 251658240                              {pd product} {ergonomic}
     bool SegmentedCodeCache                       = true                                      {product} {ergonomic}
   size_t SoftMaxHeapSize                          = 536870912                              {manageable} {ergonomic}
     intx ThreadStackSize                          = 256                                    {pd product} {command line}
     bool UseCompressedOops                        = true                           {product lp64_product} {ergonomic}
     bool UseG1GC                                  = true                                      {product} {ergonomic}
     bool UseLargePagesIndividualAllocation        = false                                  {pd product} {ergonomic}

Logging:
Log output configuration:
 #0: stdout all=warning uptime,level,tags foldmultilines=false
 #1: stderr all=off uptime,level,tags foldmultilines=false

Environment Variables:
JAVA_HOME=C:\Program Files\Java\jdk-21.0.2
PATH=C:\WINDOWS\system32;C:\WINDOWS;C:\WINDOWS\System32\Wbem;C:\WINDOWS\System32\WindowsPowerShell\v1.0\;C:\WINDOWS\System32\OpenSSH\;C:\Program Files\Java\jdk-21.0.2\bin;C:\Users\prabh\AppData\Local\Programs\MiKTeX\miktex\bin\x64\;C:\Users\prabh\.m2\wrapper\dists\apache-maven-3.8.5-bin\5i5jha092a3i37g0paqnfr15e0\apache-maven-3.8.5\bin;C:\Program Files\Git\cmd;C:\Users\prabh\AppData\Local\Programs\Python\Python311\Scripts\;C:\Users\prabh\AppData\Local\Programs\Python\Python311\;C:\Users\prabh\AppData\Local\Microsoft\WindowsApps;C:\Users\prabh\AppData\Local\Programs\Microsoft VS Code\bin;C:\Users\prabh\AppData\Local\JetBrains\Toolbox\scripts;C:\Users\prabh\AppData\Local\Programs\MiKTeX\miktex\bin\x64\;C:\Program Files\JetBrains\IntelliJ IDEA 2023.3.3\bin;
USERNAME=prabh
OS=Windows_NT
PROCESSOR_IDENTIFIER=Intel64 Family 6 Model 142 Stepping 12, GenuineIntel
TMP=C:\Users\prabh\AppData\Local\Temp
TEMP=C:\Users\prabh\AppData\Local\Temp




Periodic native trim disabled

---------------  S Y S T E M  ---------------

OS:
 Windows 11 , 64 bit Build 22621 (10.0.22621.4391)
OS uptime: 1 days 11:15 hours

CPU: total 8 (initial active 8) (4 cores per cpu, 2 threads per core) family 6 model 142 stepping 12 microcode 0xfa, cx8, cmov, fxsr, ht, mmx, 3dnowpref, sse, sse2, sse3, ssse3, sse4.1, sse4.2, popcnt, lzcnt, tsc, tscinvbit, avx, avx2, aes, erms, clmul, bmi1, bmi2, adx, fma, vzeroupper, clflush, clflushopt, rdtscp, f16c
Processor Information for all 8 processors :
  Max Mhz: 1896, Current Mhz: 798, Mhz Limit: 796

Memory: 4k page, system-wide physical 16099M (6542M free)
TotalPageFile size 35093M (AvailPageFile size 5M)
current process WorkingSet (physical memory assigned to process): 120M, peak: 120M
current process commit charge ("private bytes"): 389M, peak: 392M

vm_info: Java HotSpot(TM) 64-Bit Server VM (21.0.2+13-LTS-58) for windows-amd64 JRE (21.0.2+13-LTS-58), built on 2024-01-05T18:32:24Z by "mach5one" with MS VC++ 17.1 (VS2022)

END.
