#
# There is insufficient memory for the Java Runtime Environment to continue.
# Native memory allocation (mmap) failed to map 65536 bytes for Failed to commit metaspace.
# Possible reasons:
#   The system is out of physical RAM or swap space
#   The process is running with CompressedOops enabled, and the Java Heap may be blocking the growth of the native heap
# Possible solutions:
#   Reduce memory load on the system
#   Increase physical memory or swap space
#   Check if swap backing store is full
#   Decrease Java heap size (-Xmx/-Xms)
#   Decrease number of Java threads
#   Decrease Java thread stack sizes (-Xss)
#   Set larger code cache with -XX:ReservedCodeCacheSize=
#   JVM is running with Zero Based Compressed Oops mode in which the Java heap is
#     placed in the first 32GB address space. The Java Heap base address is the
#     maximum limit for the native heap growth. Please use -XX:HeapBaseMinAddress
#     to set the Java Heap base and to place the Java Heap above 32GB virtual address.
# This output file may be truncated or incomplete.
#
#  Out of Memory Error (virtualSpaceNode.cpp:112), pid=12816, tid=13980
#
# JRE version: Java(TM) SE Runtime Environment (21.0.2+13) (build 21.0.2+13-LTS-58)
# Java VM: Java HotSpot(TM) 64-Bit Server VM (21.0.2+13-LTS-58, mixed mode, sharing, tiered, compressed oops, compressed class ptrs, g1 gc, windows-amd64)
# No core dump will be written. Minidumps are not enabled by default on client versions of Windows
#

---------------  S U M M A R Y ------------

Command Line: -javaagent:D:\IntelliJ IDEA 2024.2.4\lib\idea_rt.jar=56208:D:\IntelliJ IDEA 2024.2.4\bin -Dfile.encoding=UTF-8 -Dsun.stdout.encoding=UTF-8 -Dsun.stderr.encoding=UTF-8 --module-path=C:\Users\prabh\.m2\repository\org\openjfx\javafx-controls\21\javafx-controls-21-win.jar;C:\Users\prabh\.m2\repository\com\google\code\gson\gson\2.8.9\gson-2.8.9.jar;C:\Users\prabh\.m2\repository\org\openjfx\javafx-fxml\21\javafx-fxml-21-win.jar;C:\Users\prabh\IdeaProjects\OOD5\target\classes;C:\Users\prabh\.m2\repository\org\openjfx\javafx-graphics\21\javafx-graphics-21-win.jar;C:\Users\prabh\.m2\repository\com\mysql\mysql-connector-j\8.0.33\mysql-connector-j-8.0.33.jar;C:\Users\prabh\.m2\repository\org\openjfx\javafx-base\21\javafx-base-21-win.jar -Djdk.module.main=org.example.ood5 org.example.ood5/Main.Main

Host: Intel(R) Core(TM) i5-8365U CPU @ 1.60GHz, 8 cores, 15G,  Windows 11 , 64 bit Build 22621 (10.0.22621.4391)
Time: Wed Nov 27 14:36:58 2024 Sri Lanka Standard Time elapsed time: 8.066672 seconds (0d 0h 0m 8s)

---------------  T H R E A D  ---------------

Current thread (0x00000256c23d9ec0):  JavaThread "C1 CompilerThread0" daemon [_thread_in_vm, id=13980, stack(0x000000e57ab00000,0x000000e57ac00000) (1024K)]


Current CompileTask:
C1:   8066 1079       3       jdk.internal.org.objectweb.asm.MethodWriter::visitFieldInsn (258 bytes)

Stack: [0x000000e57ab00000,0x000000e57ac00000]
Native frames: (J=compiled Java code, j=interpreted, Vv=VM code, C=native code)
V  [jvm.dll+0x6cade9]
V  [jvm.dll+0x8569c1]
V  [jvm.dll+0x858d2e]
V  [jvm.dll+0x859413]
V  [jvm.dll+0x280e56]
V  [jvm.dll+0x8526ee]
V  [jvm.dll+0x66e705]
V  [jvm.dll+0x66e76a]
V  [jvm.dll+0x670f96]
V  [jvm.dll+0x670e62]
V  [jvm.dll+0x66f0de]
V  [jvm.dll+0x68038a]
V  [jvm.dll+0x679622]
V  [jvm.dll+0x1f44e0]
V  [jvm.dll+0x1f46c8]
V  [jvm.dll+0x15410e]
V  [jvm.dll+0x154444]
V  [jvm.dll+0x153886]
V  [jvm.dll+0x1555ed]
V  [jvm.dll+0x258859]
V  [jvm.dll+0x256e3a]
V  [jvm.dll+0x3ef6c6]
V  [jvm.dll+0x7ff568]
V  [jvm.dll+0x6c953d]
C  [ucrtbase.dll+0x29333]
C  [KERNEL32.DLL+0x1259d]
C  [ntdll.dll+0x5af38]


---------------  P R O C E S S  ---------------

Threads class SMR info:
_java_thread_list=0x00000257087bd350, length=18, elements={
0x00000256a0f583e0, 0x00000256c1e6e9e0, 0x00000256c1e6f930, 0x00000256c1e72a30,
0x00000256c1e73820, 0x00000256c1e79940, 0x00000256c1e7acf0, 0x00000256c23d5b10,
0x00000256c23d9ec0, 0x00000256c1e78590, 0x00000256c1e78c20, 0x00000256c1e7a660,
0x00000256c1e79fd0, 0x00000256c1e77f00, 0x00000256c1e7b380, 0x00000256c1e792b0,
0x00000257084b9c90, 0x00000257084bca80
}

Java Threads: ( => current thread )
  0x00000256a0f583e0 JavaThread "main"                              [_thread_blocked, id=19128, stack(0x000000e579b00000,0x000000e579c00000) (1024K)]
  0x00000256c1e6e9e0 JavaThread "Reference Handler"          daemon [_thread_blocked, id=4628, stack(0x000000e57a400000,0x000000e57a500000) (1024K)]
  0x00000256c1e6f930 JavaThread "Finalizer"                  daemon [_thread_blocked, id=15196, stack(0x000000e57a500000,0x000000e57a600000) (1024K)]
  0x00000256c1e72a30 JavaThread "Signal Dispatcher"          daemon [_thread_blocked, id=19428, stack(0x000000e57a600000,0x000000e57a700000) (1024K)]
  0x00000256c1e73820 JavaThread "Attach Listener"            daemon [_thread_blocked, id=16784, stack(0x000000e57a700000,0x000000e57a800000) (1024K)]
  0x00000256c1e79940 JavaThread "Service Thread"             daemon [_thread_blocked, id=8948, stack(0x000000e57a800000,0x000000e57a900000) (1024K)]
  0x00000256c1e7acf0 JavaThread "Monitor Deflation Thread"   daemon [_thread_blocked, id=3264, stack(0x000000e57a900000,0x000000e57aa00000) (1024K)]
  0x00000256c23d5b10 JavaThread "C2 CompilerThread0"         daemon [_thread_blocked, id=19420, stack(0x000000e57aa00000,0x000000e57ab00000) (1024K)]
=>0x00000256c23d9ec0 JavaThread "C1 CompilerThread0"         daemon [_thread_in_vm, id=13980, stack(0x000000e57ab00000,0x000000e57ac00000) (1024K)]
  0x00000256c1e78590 JavaThread "Common-Cleaner"             daemon [_thread_blocked, id=10272, stack(0x000000e57ac00000,0x000000e57ad00000) (1024K)]
  0x00000256c1e78c20 JavaThread "Monitor Ctrl-Break"         daemon [_thread_in_native, id=14744, stack(0x000000e57af00000,0x000000e57b000000) (1024K)]
  0x00000256c1e7a660 JavaThread "Notification Thread"        daemon [_thread_blocked, id=11756, stack(0x000000e57b000000,0x000000e57b100000) (1024K)]
  0x00000256c1e79fd0 JavaThread "QuantumRenderer-0"          daemon [_thread_blocked, id=5180, stack(0x000000e57b100000,0x000000e57b200000) (1024K)]
  0x00000256c1e77f00 JavaThread "InvokeLaterDispatcher"      daemon [_thread_blocked, id=8780, stack(0x000000e57b200000,0x000000e57b300000) (1024K)]
  0x00000256c1e7b380 JavaThread "JavaFX Application Thread"         [_thread_in_vm, id=9836, stack(0x000000e57b300000,0x000000e57b400000) (1024K)]
  0x00000256c1e792b0 JavaThread "Thread-1"                   daemon [_thread_in_native, id=17444, stack(0x000000e57b700000,0x000000e57b800000) (1024K)]
  0x00000257084b9c90 JavaThread "JavaFX-Launcher"                   [_thread_blocked, id=18296, stack(0x000000e57bd00000,0x000000e57be00000) (1024K)]
  0x00000257084bca80 JavaThread "mysql-cj-abandoned-connection-cleanup" daemon [_thread_blocked, id=14856, stack(0x000000e57ad00000,0x000000e57ae00000) (1024K)]
Total: 18

Other Threads:
  0x00000256c1e49ce0 VMThread "VM Thread"                           [id=9136, stack(0x000000e57a300000,0x000000e57a400000) (1024K)]
  0x00000256c1e34420 WatcherThread "VM Periodic Task Thread"        [id=10328, stack(0x000000e57a200000,0x000000e57a300000) (1024K)]
  0x00000256a33990f0 WorkerThread "GC Thread#0"                     [id=9684, stack(0x000000e579d00000,0x000000e579e00000) (1024K)]
  0x000002570843c5e0 WorkerThread "GC Thread#1"                     [id=5928, stack(0x000000e57b800000,0x000000e57b900000) (1024K)]
  0x00000257083ca550 WorkerThread "GC Thread#2"                     [id=18856, stack(0x000000e57b900000,0x000000e57ba00000) (1024K)]
  0x00000257083ca8f0 WorkerThread "GC Thread#3"                     [id=14416, stack(0x000000e57ba00000,0x000000e57bb00000) (1024K)]
  0x000002570840d140 WorkerThread "GC Thread#4"                     [id=15932, stack(0x000000e57bb00000,0x000000e57bc00000) (1024K)]
  0x00000257083e73d0 WorkerThread "GC Thread#5"                     [id=13148, stack(0x000000e57bc00000,0x000000e57bd00000) (1024K)]
  0x00000256a33a9e00 ConcurrentGCThread "G1 Main Marker"            [id=18812, stack(0x000000e579e00000,0x000000e579f00000) (1024K)]
  0x00000256a33ac6d0 WorkerThread "G1 Conc#0"                       [id=16680, stack(0x000000e579f00000,0x000000e57a000000) (1024K)]
  0x00000256c1d09230 ConcurrentGCThread "G1 Refine#0"               [id=17740, stack(0x000000e57a000000,0x000000e57a100000) (1024K)]
  0x00000256c1d09a50 ConcurrentGCThread "G1 Service"                [id=16216, stack(0x000000e57a100000,0x000000e57a200000) (1024K)]
Total: 12

Threads with active compile tasks:
C1 CompilerThread0     8134 1079       3       jdk.internal.org.objectweb.asm.MethodWriter::visitFieldInsn (258 bytes)
Total: 1

VM state: not at safepoint (normal execution)

VM Mutex/Monitor currently owned by a thread:  ([mutex/lock_event])
[0x00007ff94fa4ace8] Metaspace_lock - owner thread: 0x00000256c23d9ec0

Heap address: 0x0000000704600000, size: 4026 MB, Compressed Oops mode: Zero based, Oop shift amount: 3

CDS archive(s) mapped at: [0x00000256c3000000-0x00000256c3c90000-0x00000256c3c90000), size 13172736, SharedBaseAddress: 0x00000256c3000000, ArchiveRelocationMode: 1.
Compressed class space mapped at: 0x00000256c4000000-0x0000025704000000, reserved size: 1073741824
Narrow klass base: 0x00000256c3000000, Narrow klass shift: 0, Narrow klass range: 0x100000000

GC Precious Log:
 CardTable entry size: 512
 Card Set container configuration: InlinePtr #cards 4 size 8 Array Of Cards #cards 16 size 48 Howl #buckets 8 coarsen threshold 3686 Howl Bitmap #cards 512 size 80 coarsen threshold 460 Card regions per heap region 1 cards per card region 4096
 CPUs: 8 total, 8 available
 Memory: 16099M
 Large Page Support: Disabled
 NUMA Support: Disabled
 Compressed Oops: Enabled (Zero based)
 Heap Region Size: 2M
 Heap Min Capacity: 8M
 Heap Initial Capacity: 252M
 Heap Max Capacity: 4026M
 Pre-touch: Disabled
 Parallel Workers: 8
 Concurrent Workers: 2
 Concurrent Refinement Workers: 8
 Periodic GC: Disabled

Heap:
 garbage-first heap   total 258048K, used 6823K [0x0000000704600000, 0x0000000800000000)
  region size 2048K, 5 young (10240K), 2 survivors (4096K)
 Metaspace       used 5909K, committed 6144K, reserved 1114112K
  class space    used 681K, committed 832K, reserved 1048576K

Heap Regions: E=young(eden), S=young(survivor), O=old, HS=humongous(starts), HC=humongous(continues), CS=collection set, F=free, TAMS=top-at-mark-start, PB=parsable bottom
|   0|0x0000000704600000, 0x0000000704600000, 0x0000000704800000|  0%| F|  |TAMS 0x0000000704600000| PB 0x0000000704600000| Untracked 
|   1|0x0000000704800000, 0x0000000704800000, 0x0000000704a00000|  0%| F|  |TAMS 0x0000000704800000| PB 0x0000000704800000| Untracked 
|   2|0x0000000704a00000, 0x0000000704a00000, 0x0000000704c00000|  0%| F|  |TAMS 0x0000000704a00000| PB 0x0000000704a00000| Untracked 
|   3|0x0000000704c00000, 0x0000000704c00000, 0x0000000704e00000|  0%| F|  |TAMS 0x0000000704c00000| PB 0x0000000704c00000| Untracked 
|   4|0x0000000704e00000, 0x0000000704e00000, 0x0000000705000000|  0%| F|  |TAMS 0x0000000704e00000| PB 0x0000000704e00000| Untracked 
|   5|0x0000000705000000, 0x0000000705000000, 0x0000000705200000|  0%| F|  |TAMS 0x0000000705000000| PB 0x0000000705000000| Untracked 
|   6|0x0000000705200000, 0x0000000705200000, 0x0000000705400000|  0%| F|  |TAMS 0x0000000705200000| PB 0x0000000705200000| Untracked 
|   7|0x0000000705400000, 0x0000000705400000, 0x0000000705600000|  0%| F|  |TAMS 0x0000000705400000| PB 0x0000000705400000| Untracked 
|   8|0x0000000705600000, 0x0000000705600000, 0x0000000705800000|  0%| F|  |TAMS 0x0000000705600000| PB 0x0000000705600000| Untracked 
|   9|0x0000000705800000, 0x0000000705800000, 0x0000000705a00000|  0%| F|  |TAMS 0x0000000705800000| PB 0x0000000705800000| Untracked 
|  10|0x0000000705a00000, 0x0000000705a00000, 0x0000000705c00000|  0%| F|  |TAMS 0x0000000705a00000| PB 0x0000000705a00000| Untracked 
|  11|0x0000000705c00000, 0x0000000705c00000, 0x0000000705e00000|  0%| F|  |TAMS 0x0000000705c00000| PB 0x0000000705c00000| Untracked 
|  12|0x0000000705e00000, 0x0000000705e00000, 0x0000000706000000|  0%| F|  |TAMS 0x0000000705e00000| PB 0x0000000705e00000| Untracked 
|  13|0x0000000706000000, 0x0000000706000000, 0x0000000706200000|  0%| F|  |TAMS 0x0000000706000000| PB 0x0000000706000000| Untracked 
|  14|0x0000000706200000, 0x0000000706200000, 0x0000000706400000|  0%| F|  |TAMS 0x0000000706200000| PB 0x0000000706200000| Untracked 
|  15|0x0000000706400000, 0x0000000706400000, 0x0000000706600000|  0%| F|  |TAMS 0x0000000706400000| PB 0x0000000706400000| Untracked 
|  16|0x0000000706600000, 0x0000000706600000, 0x0000000706800000|  0%| F|  |TAMS 0x0000000706600000| PB 0x0000000706600000| Untracked 
|  17|0x0000000706800000, 0x0000000706800000, 0x0000000706a00000|  0%| F|  |TAMS 0x0000000706800000| PB 0x0000000706800000| Untracked 
|  18|0x0000000706a00000, 0x0000000706a00000, 0x0000000706c00000|  0%| F|  |TAMS 0x0000000706a00000| PB 0x0000000706a00000| Untracked 
|  19|0x0000000706c00000, 0x0000000706c00000, 0x0000000706e00000|  0%| F|  |TAMS 0x0000000706c00000| PB 0x0000000706c00000| Untracked 
|  20|0x0000000706e00000, 0x0000000706e00000, 0x0000000707000000|  0%| F|  |TAMS 0x0000000706e00000| PB 0x0000000706e00000| Untracked 
|  21|0x0000000707000000, 0x0000000707000000, 0x0000000707200000|  0%| F|  |TAMS 0x0000000707000000| PB 0x0000000707000000| Untracked 
|  22|0x0000000707200000, 0x0000000707200000, 0x0000000707400000|  0%| F|  |TAMS 0x0000000707200000| PB 0x0000000707200000| Untracked 
|  23|0x0000000707400000, 0x0000000707400000, 0x0000000707600000|  0%| F|  |TAMS 0x0000000707400000| PB 0x0000000707400000| Untracked 
|  24|0x0000000707600000, 0x0000000707600000, 0x0000000707800000|  0%| F|  |TAMS 0x0000000707600000| PB 0x0000000707600000| Untracked 
|  25|0x0000000707800000, 0x0000000707800000, 0x0000000707a00000|  0%| F|  |TAMS 0x0000000707800000| PB 0x0000000707800000| Untracked 
|  26|0x0000000707a00000, 0x0000000707a00000, 0x0000000707c00000|  0%| F|  |TAMS 0x0000000707a00000| PB 0x0000000707a00000| Untracked 
|  27|0x0000000707c00000, 0x0000000707c00000, 0x0000000707e00000|  0%| F|  |TAMS 0x0000000707c00000| PB 0x0000000707c00000| Untracked 
|  28|0x0000000707e00000, 0x0000000707e00000, 0x0000000708000000|  0%| F|  |TAMS 0x0000000707e00000| PB 0x0000000707e00000| Untracked 
|  29|0x0000000708000000, 0x0000000708000000, 0x0000000708200000|  0%| F|  |TAMS 0x0000000708000000| PB 0x0000000708000000| Untracked 
|  30|0x0000000708200000, 0x0000000708200000, 0x0000000708400000|  0%| F|  |TAMS 0x0000000708200000| PB 0x0000000708200000| Untracked 
|  31|0x0000000708400000, 0x0000000708400000, 0x0000000708600000|  0%| F|  |TAMS 0x0000000708400000| PB 0x0000000708400000| Untracked 
|  32|0x0000000708600000, 0x0000000708600000, 0x0000000708800000|  0%| F|  |TAMS 0x0000000708600000| PB 0x0000000708600000| Untracked 
|  33|0x0000000708800000, 0x0000000708800000, 0x0000000708a00000|  0%| F|  |TAMS 0x0000000708800000| PB 0x0000000708800000| Untracked 
|  34|0x0000000708a00000, 0x0000000708a00000, 0x0000000708c00000|  0%| F|  |TAMS 0x0000000708a00000| PB 0x0000000708a00000| Untracked 
|  35|0x0000000708c00000, 0x0000000708c00000, 0x0000000708e00000|  0%| F|  |TAMS 0x0000000708c00000| PB 0x0000000708c00000| Untracked 
|  36|0x0000000708e00000, 0x0000000708e00000, 0x0000000709000000|  0%| F|  |TAMS 0x0000000708e00000| PB 0x0000000708e00000| Untracked 
|  37|0x0000000709000000, 0x0000000709000000, 0x0000000709200000|  0%| F|  |TAMS 0x0000000709000000| PB 0x0000000709000000| Untracked 
|  38|0x0000000709200000, 0x0000000709200000, 0x0000000709400000|  0%| F|  |TAMS 0x0000000709200000| PB 0x0000000709200000| Untracked 
|  39|0x0000000709400000, 0x0000000709400000, 0x0000000709600000|  0%| F|  |TAMS 0x0000000709400000| PB 0x0000000709400000| Untracked 
|  40|0x0000000709600000, 0x0000000709600000, 0x0000000709800000|  0%| F|  |TAMS 0x0000000709600000| PB 0x0000000709600000| Untracked 
|  41|0x0000000709800000, 0x0000000709800000, 0x0000000709a00000|  0%| F|  |TAMS 0x0000000709800000| PB 0x0000000709800000| Untracked 
|  42|0x0000000709a00000, 0x0000000709a00000, 0x0000000709c00000|  0%| F|  |TAMS 0x0000000709a00000| PB 0x0000000709a00000| Untracked 
|  43|0x0000000709c00000, 0x0000000709c00000, 0x0000000709e00000|  0%| F|  |TAMS 0x0000000709c00000| PB 0x0000000709c00000| Untracked 
|  44|0x0000000709e00000, 0x0000000709e00000, 0x000000070a000000|  0%| F|  |TAMS 0x0000000709e00000| PB 0x0000000709e00000| Untracked 
|  45|0x000000070a000000, 0x000000070a000000, 0x000000070a200000|  0%| F|  |TAMS 0x000000070a000000| PB 0x000000070a000000| Untracked 
|  46|0x000000070a200000, 0x000000070a200000, 0x000000070a400000|  0%| F|  |TAMS 0x000000070a200000| PB 0x000000070a200000| Untracked 
|  47|0x000000070a400000, 0x000000070a400000, 0x000000070a600000|  0%| F|  |TAMS 0x000000070a400000| PB 0x000000070a400000| Untracked 
|  48|0x000000070a600000, 0x000000070a600000, 0x000000070a800000|  0%| F|  |TAMS 0x000000070a600000| PB 0x000000070a600000| Untracked 
|  49|0x000000070a800000, 0x000000070a800000, 0x000000070aa00000|  0%| F|  |TAMS 0x000000070a800000| PB 0x000000070a800000| Untracked 
|  50|0x000000070aa00000, 0x000000070aa00000, 0x000000070ac00000|  0%| F|  |TAMS 0x000000070aa00000| PB 0x000000070aa00000| Untracked 
|  51|0x000000070ac00000, 0x000000070ac00000, 0x000000070ae00000|  0%| F|  |TAMS 0x000000070ac00000| PB 0x000000070ac00000| Untracked 
|  52|0x000000070ae00000, 0x000000070ae00000, 0x000000070b000000|  0%| F|  |TAMS 0x000000070ae00000| PB 0x000000070ae00000| Untracked 
|  53|0x000000070b000000, 0x000000070b000000, 0x000000070b200000|  0%| F|  |TAMS 0x000000070b000000| PB 0x000000070b000000| Untracked 
|  54|0x000000070b200000, 0x000000070b200000, 0x000000070b400000|  0%| F|  |TAMS 0x000000070b200000| PB 0x000000070b200000| Untracked 
|  55|0x000000070b400000, 0x000000070b400000, 0x000000070b600000|  0%| F|  |TAMS 0x000000070b400000| PB 0x000000070b400000| Untracked 
|  56|0x000000070b600000, 0x000000070b600000, 0x000000070b800000|  0%| F|  |TAMS 0x000000070b600000| PB 0x000000070b600000| Untracked 
|  57|0x000000070b800000, 0x000000070b800000, 0x000000070ba00000|  0%| F|  |TAMS 0x000000070b800000| PB 0x000000070b800000| Untracked 
|  58|0x000000070ba00000, 0x000000070ba00000, 0x000000070bc00000|  0%| F|  |TAMS 0x000000070ba00000| PB 0x000000070ba00000| Untracked 
|  59|0x000000070bc00000, 0x000000070bc00000, 0x000000070be00000|  0%| F|  |TAMS 0x000000070bc00000| PB 0x000000070bc00000| Untracked 
|  60|0x000000070be00000, 0x000000070be00000, 0x000000070c000000|  0%| F|  |TAMS 0x000000070be00000| PB 0x000000070be00000| Untracked 
|  61|0x000000070c000000, 0x000000070c000000, 0x000000070c200000|  0%| F|  |TAMS 0x000000070c000000| PB 0x000000070c000000| Untracked 
|  62|0x000000070c200000, 0x000000070c200000, 0x000000070c400000|  0%| F|  |TAMS 0x000000070c200000| PB 0x000000070c200000| Untracked 
|  63|0x000000070c400000, 0x000000070c400000, 0x000000070c600000|  0%| F|  |TAMS 0x000000070c400000| PB 0x000000070c400000| Untracked 
|  64|0x000000070c600000, 0x000000070c600000, 0x000000070c800000|  0%| F|  |TAMS 0x000000070c600000| PB 0x000000070c600000| Untracked 
|  65|0x000000070c800000, 0x000000070c800000, 0x000000070ca00000|  0%| F|  |TAMS 0x000000070c800000| PB 0x000000070c800000| Untracked 
|  66|0x000000070ca00000, 0x000000070ca00000, 0x000000070cc00000|  0%| F|  |TAMS 0x000000070ca00000| PB 0x000000070ca00000| Untracked 
|  67|0x000000070cc00000, 0x000000070cc00000, 0x000000070ce00000|  0%| F|  |TAMS 0x000000070cc00000| PB 0x000000070cc00000| Untracked 
|  68|0x000000070ce00000, 0x000000070ce00000, 0x000000070d000000|  0%| F|  |TAMS 0x000000070ce00000| PB 0x000000070ce00000| Untracked 
|  69|0x000000070d000000, 0x000000070d000000, 0x000000070d200000|  0%| F|  |TAMS 0x000000070d000000| PB 0x000000070d000000| Untracked 
|  70|0x000000070d200000, 0x000000070d200000, 0x000000070d400000|  0%| F|  |TAMS 0x000000070d200000| PB 0x000000070d200000| Untracked 
|  71|0x000000070d400000, 0x000000070d400000, 0x000000070d600000|  0%| F|  |TAMS 0x000000070d400000| PB 0x000000070d400000| Untracked 
|  72|0x000000070d600000, 0x000000070d600000, 0x000000070d800000|  0%| F|  |TAMS 0x000000070d600000| PB 0x000000070d600000| Untracked 
|  73|0x000000070d800000, 0x000000070d800000, 0x000000070da00000|  0%| F|  |TAMS 0x000000070d800000| PB 0x000000070d800000| Untracked 
|  74|0x000000070da00000, 0x000000070da00000, 0x000000070dc00000|  0%| F|  |TAMS 0x000000070da00000| PB 0x000000070da00000| Untracked 
|  75|0x000000070dc00000, 0x000000070dc00000, 0x000000070de00000|  0%| F|  |TAMS 0x000000070dc00000| PB 0x000000070dc00000| Untracked 
|  76|0x000000070de00000, 0x000000070de00000, 0x000000070e000000|  0%| F|  |TAMS 0x000000070de00000| PB 0x000000070de00000| Untracked 
|  77|0x000000070e000000, 0x000000070e000000, 0x000000070e200000|  0%| F|  |TAMS 0x000000070e000000| PB 0x000000070e000000| Untracked 
|  78|0x000000070e200000, 0x000000070e200000, 0x000000070e400000|  0%| F|  |TAMS 0x000000070e200000| PB 0x000000070e200000| Untracked 
|  79|0x000000070e400000, 0x000000070e400000, 0x000000070e600000|  0%| F|  |TAMS 0x000000070e400000| PB 0x000000070e400000| Untracked 
|  80|0x000000070e600000, 0x000000070e600000, 0x000000070e800000|  0%| F|  |TAMS 0x000000070e600000| PB 0x000000070e600000| Untracked 
|  81|0x000000070e800000, 0x000000070e800000, 0x000000070ea00000|  0%| F|  |TAMS 0x000000070e800000| PB 0x000000070e800000| Untracked 
|  82|0x000000070ea00000, 0x000000070ea00000, 0x000000070ec00000|  0%| F|  |TAMS 0x000000070ea00000| PB 0x000000070ea00000| Untracked 
|  83|0x000000070ec00000, 0x000000070ec00000, 0x000000070ee00000|  0%| F|  |TAMS 0x000000070ec00000| PB 0x000000070ec00000| Untracked 
|  84|0x000000070ee00000, 0x000000070ee00000, 0x000000070f000000|  0%| F|  |TAMS 0x000000070ee00000| PB 0x000000070ee00000| Untracked 
|  85|0x000000070f000000, 0x000000070f000000, 0x000000070f200000|  0%| F|  |TAMS 0x000000070f000000| PB 0x000000070f000000| Untracked 
|  86|0x000000070f200000, 0x000000070f200000, 0x000000070f400000|  0%| F|  |TAMS 0x000000070f200000| PB 0x000000070f200000| Untracked 
|  87|0x000000070f400000, 0x000000070f400000, 0x000000070f600000|  0%| F|  |TAMS 0x000000070f400000| PB 0x000000070f400000| Untracked 
|  88|0x000000070f600000, 0x000000070f600000, 0x000000070f800000|  0%| F|  |TAMS 0x000000070f600000| PB 0x000000070f600000| Untracked 
|  89|0x000000070f800000, 0x000000070f800000, 0x000000070fa00000|  0%| F|  |TAMS 0x000000070f800000| PB 0x000000070f800000| Untracked 
|  90|0x000000070fa00000, 0x000000070fa00000, 0x000000070fc00000|  0%| F|  |TAMS 0x000000070fa00000| PB 0x000000070fa00000| Untracked 
|  91|0x000000070fc00000, 0x000000070fc00000, 0x000000070fe00000|  0%| F|  |TAMS 0x000000070fc00000| PB 0x000000070fc00000| Untracked 
|  92|0x000000070fe00000, 0x000000070fe00000, 0x0000000710000000|  0%| F|  |TAMS 0x000000070fe00000| PB 0x000000070fe00000| Untracked 
|  93|0x0000000710000000, 0x0000000710000000, 0x0000000710200000|  0%| F|  |TAMS 0x0000000710000000| PB 0x0000000710000000| Untracked 
|  94|0x0000000710200000, 0x0000000710200000, 0x0000000710400000|  0%| F|  |TAMS 0x0000000710200000| PB 0x0000000710200000| Untracked 
|  95|0x0000000710400000, 0x0000000710400000, 0x0000000710600000|  0%| F|  |TAMS 0x0000000710400000| PB 0x0000000710400000| Untracked 
|  96|0x0000000710600000, 0x0000000710600000, 0x0000000710800000|  0%| F|  |TAMS 0x0000000710600000| PB 0x0000000710600000| Untracked 
|  97|0x0000000710800000, 0x0000000710800000, 0x0000000710a00000|  0%| F|  |TAMS 0x0000000710800000| PB 0x0000000710800000| Untracked 
|  98|0x0000000710a00000, 0x0000000710a00000, 0x0000000710c00000|  0%| F|  |TAMS 0x0000000710a00000| PB 0x0000000710a00000| Untracked 
|  99|0x0000000710c00000, 0x0000000710c00000, 0x0000000710e00000|  0%| F|  |TAMS 0x0000000710c00000| PB 0x0000000710c00000| Untracked 
| 100|0x0000000710e00000, 0x0000000710e00000, 0x0000000711000000|  0%| F|  |TAMS 0x0000000710e00000| PB 0x0000000710e00000| Untracked 
| 101|0x0000000711000000, 0x0000000711000000, 0x0000000711200000|  0%| F|  |TAMS 0x0000000711000000| PB 0x0000000711000000| Untracked 
| 102|0x0000000711200000, 0x0000000711200000, 0x0000000711400000|  0%| F|  |TAMS 0x0000000711200000| PB 0x0000000711200000| Untracked 
| 103|0x0000000711400000, 0x0000000711400000, 0x0000000711600000|  0%| F|  |TAMS 0x0000000711400000| PB 0x0000000711400000| Untracked 
| 104|0x0000000711600000, 0x0000000711600000, 0x0000000711800000|  0%| F|  |TAMS 0x0000000711600000| PB 0x0000000711600000| Untracked 
| 105|0x0000000711800000, 0x0000000711800000, 0x0000000711a00000|  0%| F|  |TAMS 0x0000000711800000| PB 0x0000000711800000| Untracked 
| 106|0x0000000711a00000, 0x0000000711a00000, 0x0000000711c00000|  0%| F|  |TAMS 0x0000000711a00000| PB 0x0000000711a00000| Untracked 
| 107|0x0000000711c00000, 0x0000000711c00000, 0x0000000711e00000|  0%| F|  |TAMS 0x0000000711c00000| PB 0x0000000711c00000| Untracked 
| 108|0x0000000711e00000, 0x0000000711e00000, 0x0000000712000000|  0%| F|  |TAMS 0x0000000711e00000| PB 0x0000000711e00000| Untracked 
| 109|0x0000000712000000, 0x0000000712000000, 0x0000000712200000|  0%| F|  |TAMS 0x0000000712000000| PB 0x0000000712000000| Untracked 
| 110|0x0000000712200000, 0x0000000712200000, 0x0000000712400000|  0%| F|  |TAMS 0x0000000712200000| PB 0x0000000712200000| Untracked 
| 111|0x0000000712400000, 0x0000000712400000, 0x0000000712600000|  0%| F|  |TAMS 0x0000000712400000| PB 0x0000000712400000| Untracked 
| 112|0x0000000712600000, 0x0000000712600000, 0x0000000712800000|  0%| F|  |TAMS 0x0000000712600000| PB 0x0000000712600000| Untracked 
| 113|0x0000000712800000, 0x00000007128a9ca0, 0x0000000712a00000| 33%| S|CS|TAMS 0x0000000712800000| PB 0x0000000712800000| Complete 
| 114|0x0000000712a00000, 0x0000000712c00000, 0x0000000712c00000|100%| S|CS|TAMS 0x0000000712a00000| PB 0x0000000712a00000| Complete 
| 115|0x0000000712c00000, 0x0000000712c00000, 0x0000000712e00000|  0%| F|  |TAMS 0x0000000712c00000| PB 0x0000000712c00000| Untracked 
| 116|0x0000000712e00000, 0x0000000712e00000, 0x0000000713000000|  0%| F|  |TAMS 0x0000000712e00000| PB 0x0000000712e00000| Untracked 
| 117|0x0000000713000000, 0x0000000713000000, 0x0000000713200000|  0%| F|  |TAMS 0x0000000713000000| PB 0x0000000713000000| Untracked 
| 118|0x0000000713200000, 0x0000000713200000, 0x0000000713400000|  0%| F|  |TAMS 0x0000000713200000| PB 0x0000000713200000| Untracked 
| 119|0x0000000713400000, 0x0000000713400000, 0x0000000713600000|  0%| F|  |TAMS 0x0000000713400000| PB 0x0000000713400000| Untracked 
| 120|0x0000000713600000, 0x0000000713600000, 0x0000000713800000|  0%| F|  |TAMS 0x0000000713600000| PB 0x0000000713600000| Untracked 
| 121|0x0000000713800000, 0x0000000713800000, 0x0000000713a00000|  0%| F|  |TAMS 0x0000000713800000| PB 0x0000000713800000| Untracked 
| 122|0x0000000713a00000, 0x0000000713a00000, 0x0000000713c00000|  0%| F|  |TAMS 0x0000000713a00000| PB 0x0000000713a00000| Untracked 
| 123|0x0000000713c00000, 0x0000000713d78eb0, 0x0000000713e00000| 73%| E|  |TAMS 0x0000000713c00000| PB 0x0000000713c00000| Complete 
| 124|0x0000000713e00000, 0x0000000714000000, 0x0000000714000000|100%| E|CS|TAMS 0x0000000713e00000| PB 0x0000000713e00000| Complete 
| 125|0x0000000714000000, 0x0000000714200000, 0x0000000714200000|100%| E|CS|TAMS 0x0000000714000000| PB 0x0000000714000000| Complete 

Card table byte_map: [0x00000256bb280000,0x00000256bba60000] _byte_map_base: 0x00000256b7a5d000

Marking Bits: (CMBitMap*) 0x00000256a3399600
 Bits: [0x00000256bba60000, 0x00000256bf948000)

Polling page: 0x00000256a2ac0000

Metaspace:

Usage:
  Non-class:      5.11 MB used.
      Class:    681.15 KB used.
       Both:      5.77 MB used.

Virtual space:
  Non-class space:       64.00 MB reserved,       5.19 MB (  8%) committed,  1 nodes.
      Class space:        1.00 GB reserved,     832.00 KB ( <1%) committed,  1 nodes.
             Both:        1.06 GB reserved,       6.00 MB ( <1%) committed. 

Chunk freelists:
   Non-Class:  9.45 MB
       Class:  15.04 MB
        Both:  24.50 MB

MaxMetaspaceSize: unlimited
CompressedClassSpaceSize: 1.00 GB
Initial GC threshold: 21.00 MB
Current GC threshold: 21.00 MB
CDS: on
 - commit_granule_bytes: 65536.
 - commit_granule_words: 8192.
 - virtual_space_node_default_size: 8388608.
 - enlarge_chunks_in_place: 1.
 - use_allocation_guard: 0.


Internal statistics:

num_allocs_failed_limit: 0.
num_arena_births: 170.
num_arena_deaths: 0.
num_vsnodes_births: 2.
num_vsnodes_deaths: 0.
num_space_committed: 96.
num_space_uncommitted: 0.
num_chunks_returned_to_freelist: 0.
num_chunks_taken_from_freelist: 313.
num_chunk_merges: 0.
num_chunk_splits: 214.
num_chunks_enlarged: 146.
num_inconsistent_stats: 0.

CodeHeap 'non-profiled nmethods': size=120000Kb used=385Kb max_used=385Kb free=119614Kb
 bounds [0x00000256b3230000, 0x00000256b34a0000, 0x00000256ba760000]
CodeHeap 'profiled nmethods': size=120000Kb used=1672Kb max_used=1672Kb free=118327Kb
 bounds [0x00000256ab760000, 0x00000256ab9d0000, 0x00000256b2c90000]
CodeHeap 'non-nmethods': size=5760Kb used=1452Kb max_used=1484Kb free=4308Kb
 bounds [0x00000256b2c90000, 0x00000256b2f00000, 0x00000256b3230000]
 total_blobs=1616 nmethods=1077 adapters=444
 compilation: enabled
              stopped_count=0, restarted_count=0
 full_count=0

Compilation events (20 events):
Event: 8.055 Thread 0x00000256c23d9ec0 nmethod 1069 0x00000256ab8fc590 code [0x00000256ab8fc780, 0x00000256ab8fce18]
Event: 8.055 Thread 0x00000256c23d9ec0 1070       3       java.security.SecureClassLoader$CodeSourceKey::<init> (10 bytes)
Event: 8.055 Thread 0x00000256c23d9ec0 nmethod 1070 0x00000256ab8fd010 code [0x00000256ab8fd1c0, 0x00000256ab8fd3e8]
Event: 8.055 Thread 0x00000256c23d9ec0 1071       3       java.security.SecureClassLoader$1::<init> (10 bytes)
Event: 8.055 Thread 0x00000256c23d9ec0 nmethod 1071 0x00000256ab8fd510 code [0x00000256ab8fd6c0, 0x00000256ab8fd890]
Event: 8.055 Thread 0x00000256c23d9ec0 1072       3       java.security.SecureClassLoader$CodeSourceKey::hashCode (21 bytes)
Event: 8.055 Thread 0x00000256c23d9ec0 nmethod 1072 0x00000256ab8fd990 code [0x00000256ab8fdb40, 0x00000256ab8fdd30]
Event: 8.056 Thread 0x00000256c23d9ec0 1073       3       java.lang.ClassLoader::preDefineClass (118 bytes)
Event: 8.057 Thread 0x00000256c23d5b10 1075       4       java.util.zip.ZipUtils::CENVEM_FA (8 bytes)
Event: 8.057 Thread 0x00000256c23d9ec0 nmethod 1073 0x00000256ab8fde10 code [0x00000256ab8fe180, 0x00000256ab8ff360]
Event: 8.058 Thread 0x00000256c23d9ec0 1074   !   3       java.lang.ClassLoader::addClass (27 bytes)
Event: 8.059 Thread 0x00000256c23d5b10 nmethod 1075 0x00000256b328ff90 code [0x00000256b3290120, 0x00000256b32901d0]
Event: 8.059 Thread 0x00000256c23d5b10 1076       4       java.util.zip.ZipUtils::CH (8 bytes)
Event: 8.059 Thread 0x00000256c23d9ec0 nmethod 1074 0x00000256ab8ffa90 code [0x00000256ab8ffc80, 0x00000256ab900258]
Event: 8.059 Thread 0x00000256c23d9ec0 1077       3       java.nio.HeapByteBuffer::<init> (23 bytes)
Event: 8.060 Thread 0x00000256c23d9ec0 nmethod 1077 0x00000256ab900590 code [0x00000256ab900740, 0x00000256ab9008c0]
Event: 8.060 Thread 0x00000256c23d9ec0 1078       3       java.lang.ClassLoader::defineClass (108 bytes)
Event: 8.060 Thread 0x00000256c23d5b10 nmethod 1076 0x00000256b3290290 code [0x00000256b3290420, 0x00000256b32904d0]
Event: 8.061 Thread 0x00000256c23d9ec0 nmethod 1078 0x00000256ab900990 code [0x00000256ab900ca0, 0x00000256ab901cd0]
Event: 8.063 Thread 0x00000256c23d9ec0 1079       3       jdk.internal.org.objectweb.asm.MethodWriter::visitFieldInsn (258 bytes)

GC Heap History (2 events):
Event: 0.880 GC heap before
{Heap before GC invocations=0 (full 0):
 garbage-first heap   total 258048K, used 22528K [0x0000000704600000, 0x0000000800000000)
  region size 2048K, 11 young (22528K), 0 survivors (0K)
 Metaspace       used 4388K, committed 4608K, reserved 1114112K
  class space    used 468K, committed 576K, reserved 1048576K
}
Event: 0.885 GC heap after
{Heap after GC invocations=1 (full 0):
 garbage-first heap   total 258048K, used 2727K [0x0000000704600000, 0x0000000800000000)
  region size 2048K, 2 young (4096K), 2 survivors (4096K)
 Metaspace       used 4388K, committed 4608K, reserved 1114112K
  class space    used 468K, committed 576K, reserved 1048576K
}

Dll operation events (20 events):
Event: 0.585 Loaded shared library C:\Users\prabh\.openjfx\cache\21+31\amd64\api-ms-win-crt-heap-l1-1-0.dll
Event: 0.588 Loaded shared library C:\Users\prabh\.openjfx\cache\21+31\amd64\api-ms-win-crt-locale-l1-1-0.dll
Event: 0.591 Loaded shared library C:\Users\prabh\.openjfx\cache\21+31\amd64\api-ms-win-crt-math-l1-1-0.dll
Event: 0.594 Loaded shared library C:\Users\prabh\.openjfx\cache\21+31\amd64\api-ms-win-crt-multibyte-l1-1-0.dll
Event: 0.597 Loaded shared library C:\Users\prabh\.openjfx\cache\21+31\amd64\api-ms-win-crt-private-l1-1-0.dll
Event: 0.600 Loaded shared library C:\Users\prabh\.openjfx\cache\21+31\amd64\api-ms-win-crt-process-l1-1-0.dll
Event: 0.603 Loaded shared library C:\Users\prabh\.openjfx\cache\21+31\amd64\api-ms-win-crt-runtime-l1-1-0.dll
Event: 0.606 Loaded shared library C:\Users\prabh\.openjfx\cache\21+31\amd64\api-ms-win-crt-stdio-l1-1-0.dll
Event: 0.609 Loaded shared library C:\Users\prabh\.openjfx\cache\21+31\amd64\api-ms-win-crt-string-l1-1-0.dll
Event: 0.612 Loaded shared library C:\Users\prabh\.openjfx\cache\21+31\amd64\api-ms-win-crt-time-l1-1-0.dll
Event: 0.615 Loaded shared library C:\Users\prabh\.openjfx\cache\21+31\amd64\api-ms-win-crt-utility-l1-1-0.dll
Event: 0.635 Loaded shared library C:\Users\prabh\.openjfx\cache\21+31\amd64\ucrtbase.dll
Event: 0.640 Loaded shared library C:\Users\prabh\.openjfx\cache\21+31\amd64\vcruntime140.dll
Event: 0.643 Loaded shared library C:\Users\prabh\.openjfx\cache\21+31\amd64\vcruntime140_1.dll
Event: 0.655 Loaded shared library C:\Users\prabh\.openjfx\cache\21+31\amd64\msvcp140.dll
Event: 0.659 Loaded shared library C:\Users\prabh\.openjfx\cache\21+31\amd64\msvcp140_1.dll
Event: 0.665 Loaded shared library C:\Users\prabh\.openjfx\cache\21+31\amd64\msvcp140_2.dll
Event: 0.724 Loaded shared library C:\Users\prabh\.openjfx\cache\21+31\amd64\prism_d3d.dll
Event: 0.778 Loaded shared library C:\Users\prabh\.openjfx\cache\21+31\amd64\glass.dll
Event: 0.916 Loaded shared library C:\Program Files\Java\jdk-21.0.2\bin\jimage.dll

Deoptimization events (20 events):
Event: 0.802 Thread 0x00000256c1e79fd0 Uncommon trap: trap_request=0xffffffde fr.pc=0x00000256b32802dc relative=0x000000000000013c
Event: 0.802 Thread 0x00000256c1e79fd0 Uncommon trap: reason=class_check action=maybe_recompile pc=0x00000256b32802dc method=jdk.internal.misc.Unsafe.allocateUninitializedArray(Ljava/lang/Class;I)Ljava/lang/Object; @ 51 c2
Event: 0.802 Thread 0x00000256c1e79fd0 DEOPT PACKING pc=0x00000256b32802dc sp=0x000000e57b1f8650
Event: 0.803 Thread 0x00000256c1e79fd0 DEOPT UNPACKING pc=0x00000256b2ce46a2 sp=0x000000e57b1f85c8 mode 2
Event: 0.803 Thread 0x00000256c1e79fd0 Uncommon trap: trap_request=0xffffffde fr.pc=0x00000256b32802dc relative=0x000000000000013c
Event: 0.803 Thread 0x00000256c1e79fd0 Uncommon trap: reason=class_check action=maybe_recompile pc=0x00000256b32802dc method=jdk.internal.misc.Unsafe.allocateUninitializedArray(Ljava/lang/Class;I)Ljava/lang/Object; @ 51 c2
Event: 0.803 Thread 0x00000256c1e79fd0 DEOPT PACKING pc=0x00000256b32802dc sp=0x000000e57b1fa150
Event: 0.803 Thread 0x00000256c1e79fd0 DEOPT UNPACKING pc=0x00000256b2ce46a2 sp=0x000000e57b1fa0c8 mode 2
Event: 0.803 Thread 0x00000256c1e79fd0 Uncommon trap: trap_request=0xffffffde fr.pc=0x00000256b32802dc relative=0x000000000000013c
Event: 0.803 Thread 0x00000256c1e79fd0 Uncommon trap: reason=class_check action=maybe_recompile pc=0x00000256b32802dc method=jdk.internal.misc.Unsafe.allocateUninitializedArray(Ljava/lang/Class;I)Ljava/lang/Object; @ 51 c2
Event: 0.803 Thread 0x00000256c1e79fd0 DEOPT PACKING pc=0x00000256b32802dc sp=0x000000e57b1f8650
Event: 0.803 Thread 0x00000256c1e79fd0 DEOPT UNPACKING pc=0x00000256b2ce46a2 sp=0x000000e57b1f85c8 mode 2
Event: 0.803 Thread 0x00000256c1e79fd0 Uncommon trap: trap_request=0xffffffde fr.pc=0x00000256b32802dc relative=0x000000000000013c
Event: 0.803 Thread 0x00000256c1e79fd0 Uncommon trap: reason=class_check action=maybe_recompile pc=0x00000256b32802dc method=jdk.internal.misc.Unsafe.allocateUninitializedArray(Ljava/lang/Class;I)Ljava/lang/Object; @ 51 c2
Event: 0.803 Thread 0x00000256c1e79fd0 DEOPT PACKING pc=0x00000256b32802dc sp=0x000000e57b1fa150
Event: 0.803 Thread 0x00000256c1e79fd0 DEOPT UNPACKING pc=0x00000256b2ce46a2 sp=0x000000e57b1fa0c8 mode 2
Event: 0.896 Thread 0x00000256c1e7b380 Uncommon trap: trap_request=0xffffff45 fr.pc=0x00000256b32706b0 relative=0x0000000000000090
Event: 0.896 Thread 0x00000256c1e7b380 Uncommon trap: reason=unstable_if action=reinterpret pc=0x00000256b32706b0 method=jdk.internal.misc.Unsafe.convEndian(ZI)I @ 4 c2
Event: 0.896 Thread 0x00000256c1e7b380 DEOPT PACKING pc=0x00000256b32706b0 sp=0x000000e57b3fd790
Event: 0.897 Thread 0x00000256c1e7b380 DEOPT UNPACKING pc=0x00000256b2ce46a2 sp=0x000000e57b3fd6c0 mode 2

Classes loaded (20 events):
Event: 8.029 Loading class java/io/UnsupportedEncodingException
Event: 8.029 Loading class java/io/UnsupportedEncodingException done
Event: 8.030 Loading class java/util/regex/Pattern$Neg
Event: 8.030 Loading class java/util/regex/Pattern$Neg done
Event: 8.033 Loading class java/nio/charset/UnsupportedCharsetException
Event: 8.033 Loading class java/nio/charset/UnsupportedCharsetException done
Event: 8.035 Loading class java/net/URLDecoder
Event: 8.035 Loading class java/net/URLDecoder done
Event: 8.056 Loading class java/io/StringWriter
Event: 8.056 Loading class java/io/StringWriter done
Event: 8.059 Loading class java/util/MissingResourceException
Event: 8.059 Loading class java/util/MissingResourceException done
Event: 8.060 Loading class java/util/ResourceBundle$CacheKey
Event: 8.060 Loading class java/util/ResourceBundle$CacheKey done
Event: 8.061 Loading class java/util/ResourceBundle$KeyElementReference
Event: 8.061 Loading class java/util/ResourceBundle$CacheKeyReference
Event: 8.061 Loading class java/util/ResourceBundle$CacheKeyReference done
Event: 8.061 Loading class java/util/ResourceBundle$KeyElementReference done
Event: 8.061 Loading class java/util/ResourceBundle$3
Event: 8.061 Loading class java/util/ResourceBundle$3 done

Classes unloaded (0 events):
No events

Classes redefined (0 events):
No events

Internal exceptions (20 events):
Event: 0.275 Thread 0x00000256a0f583e0 Exception <a 'java/lang/NoSuchMethodError'{0x0000000713be06a0}: 'java.lang.Object java.lang.invoke.DirectMethodHandle$Holder.invokeInterface(java.lang.Object, java.lang.Object)'> (0x0000000713be06a0) 
thrown [s\open\src\hotspot\share\interpreter\linkResolver.cpp, line 773]
Event: 0.276 Thread 0x00000256a0f583e0 Exception <a 'java/lang/IncompatibleClassChangeError'{0x0000000713be3908}: Found class java.lang.Object, but interface was expected> (0x0000000713be3908) 
thrown [s\open\src\hotspot\share\interpreter\linkResolver.cpp, line 840]
Event: 0.277 Thread 0x00000256a0f583e0 Exception <a 'java/lang/NoSuchMethodError'{0x0000000713be61a8}: 'void java.lang.invoke.DirectMethodHandle$Holder.invokeStatic(java.lang.Object, java.lang.Object, java.lang.Object, java.lang.Object)'> (0x0000000713be61a8) 
thrown [s\open\src\hotspot\share\interpreter\linkResolver.cpp, line 773]
Event: 0.313 Thread 0x00000256a0f583e0 Exception <a 'java/lang/NoSuchMethodError'{0x000000071389fa38}: 'void java.lang.invoke.DirectMethodHandle$Holder.invokeStatic(java.lang.Object, java.lang.Object, java.lang.Object)'> (0x000000071389fa38) 
thrown [s\open\src\hotspot\share\interpreter\linkResolver.cpp, line 773]
Event: 0.320 Thread 0x00000256a0f583e0 Exception <a 'java/lang/NoSuchMethodError'{0x00000007138b5660}: 'java.lang.Object java.lang.invoke.Invokers$Holder.invokeExact_MT(java.lang.Object, java.lang.Object, java.lang.Object, java.lang.Object, java.lang.Object)'> (0x00000007138b5660) 
thrown [s\open\src\hotspot\share\interpreter\linkResolver.cpp, line 773]
Event: 0.334 Thread 0x00000256c1e78c20 Exception <a 'java/lang/ClassNotFoundException'{0x00000007138e6190}: jdk/net/ExtendedSocketOptions> (0x00000007138e6190) 
thrown [s\open\src\hotspot\share\classfile\systemDictionary.cpp, line 312]
Event: 0.335 Thread 0x00000256c1e78c20 Exception <a 'java/lang/NoSuchMethodError'{0x00000007138e78c8}: 'void java.lang.invoke.DirectMethodHandle$Holder.invokeStatic(java.lang.Object, java.lang.Object)'> (0x00000007138e78c8) 
thrown [s\open\src\hotspot\share\interpreter\linkResolver.cpp, line 773]
Event: 0.344 Thread 0x00000256a0f583e0 Exception <a 'java/lang/NoSuchMethodError'{0x00000007139d9528}: 'java.lang.Object java.lang.invoke.Invokers$Holder.invokeExact_MT(java.lang.Object, java.lang.Object, java.lang.Object, java.lang.Object, java.lang.Object, java.lang.Object)'> (0x00000007139d9528) 
thrown [s\open\src\hotspot\share\interpreter\linkResolver.cpp, line 773]
Event: 0.752 Thread 0x00000256a0f583e0 Exception <a 'java/lang/NoSuchMethodError'{0x00000007130cfbc8}: 'int java.lang.invoke.DirectMethodHandle$Holder.invokeStaticInit(java.lang.Object, java.lang.Object, java.lang.Object)'> (0x00000007130cfbc8) 
thrown [s\open\src\hotspot\share\interpreter\linkResolver.cpp, line 773]
Event: 0.784 Thread 0x00000256a0f583e0 Exception <a 'java/lang/NoSuchMethodError'{0x0000000712e91e68}: 'java.lang.Object java.lang.invoke.DirectMethodHandle$Holder.newInvokeSpecial(java.lang.Object, java.lang.Object, int, java.lang.Object)'> (0x0000000712e91e68) 
thrown [s\open\src\hotspot\share\interpreter\linkResolver.cpp, line 773]
Event: 0.785 Thread 0x00000256a0f583e0 Exception <a 'java/lang/NoSuchMethodError'{0x0000000712e95fc0}: 'java.lang.Object java.lang.invoke.DirectMethodHandle$Holder.invokeSpecial(java.lang.Object, java.lang.Object, java.lang.Object, int, java.lang.Object)'> (0x0000000712e95fc0) 
thrown [s\open\src\hotspot\share\interpreter\linkResolver.cpp, line 773]
Event: 0.866 Thread 0x00000256c1e7b380 Exception <a 'java/lang/NoSuchMethodError'{0x0000000712db10f8}: 'void java.lang.invoke.DirectMethodHandle$Holder.invokeStaticInit(java.lang.Object)'> (0x0000000712db10f8) 
thrown [s\open\src\hotspot\share\interpreter\linkResolver.cpp, line 773]
Event: 0.873 Thread 0x00000256a0f583e0 Exception <a 'java/lang/NoSuchMethodError'{0x0000000712ea9240}: 'java.lang.Object java.lang.invoke.DirectMethodHandle$Holder.newInvokeSpecial(java.lang.Object, java.lang.Object, java.lang.Object, java.lang.Object, java.lang.Object, java.lang.Object)'> (0x0000000712ea9240) 
thrown [s\open\src\hotspot\share\interpreter\linkResolver.cpp, line 773]
Event: 0.909 Thread 0x00000256a0f583e0 Exception <a 'java/lang/NoSuchMethodError'{0x00000007141448a0}: 'java.lang.Object java.lang.invoke.DirectMethodHandle$Holder.newInvokeSpecial(java.lang.Object, java.lang.Object, java.lang.Object, java.lang.Object, java.lang.Object)'> (0x00000007141448a0) 
thrown [s\open\src\hotspot\share\interpreter\linkResolver.cpp, line 773]
Event: 0.979 Thread 0x00000256c1e7b380 Exception <a 'java/lang/NoSuchMethodError'{0x0000000713f8f858}: 'void java.lang.invoke.DirectMethodHandle$Holder.invokeStatic(java.lang.Object, long)'> (0x0000000713f8f858) 
thrown [s\open\src\hotspot\share\interpreter\linkResolver.cpp, line 773]
Event: 0.981 Thread 0x00000256c1e7b380 Exception <a 'java/lang/NoSuchMethodError'{0x0000000713f94428}: 'java.lang.Object java.lang.invoke.DirectMethodHandle$Holder.newInvokeSpecial(java.lang.Object, long)'> (0x0000000713f94428) 
thrown [s\open\src\hotspot\share\interpreter\linkResolver.cpp, line 773]
Event: 0.984 Thread 0x00000256c1e7b380 Exception <a 'java/lang/NoSuchMethodError'{0x0000000713f9b918}: 'java.lang.Object java.lang.invoke.DirectMethodHandle$Holder.invokeStatic(java.lang.Object, long, java.lang.Object)'> (0x0000000713f9b918) 
thrown [s\open\src\hotspot\share\interpreter\linkResolver.cpp, line 773]
Event: 0.985 Thread 0x00000256c1e7b380 Exception <a 'java/lang/NoSuchMethodError'{0x0000000713f9f0a0}: 'java.lang.Object java.lang.invoke.DirectMethodHandle$Holder.invokeStaticInit(java.lang.Object, long, java.lang.Object)'> (0x0000000713f9f0a0) 
thrown [s\open\src\hotspot\share\interpreter\linkResolver.cpp, line 773]
Event: 0.993 Thread 0x00000256c1e7b380 Exception <a 'sun/nio/fs/WindowsException'{0x0000000713fb2b78}> (0x0000000713fb2b78) 
thrown [s\open\src\hotspot\share\prims\jni.cpp, line 520]
Event: 8.018 Thread 0x00000256c1e7b380 Exception <a 'sun/nio/fs/WindowsException'{0x0000000713c53d58}> (0x0000000713c53d58) 
thrown [s\open\src\hotspot\share\prims\jni.cpp, line 520]

ZGC Phase Switch (0 events):
No events

VM Operations (18 events):
Event: 0.235 Executing VM operation: HandshakeAllThreads (Deoptimize)
Event: 0.235 Executing VM operation: HandshakeAllThreads (Deoptimize) done
Event: 0.272 Executing VM operation: HandshakeAllThreads (Deoptimize)
Event: 0.272 Executing VM operation: HandshakeAllThreads (Deoptimize) done
Event: 0.768 Executing VM operation: HandshakeAllThreads (Deoptimize)
Event: 0.768 Executing VM operation: HandshakeAllThreads (Deoptimize) done
Event: 0.880 Executing VM operation: G1CollectForAllocation (G1 Evacuation Pause)
Event: 0.885 Executing VM operation: G1CollectForAllocation (G1 Evacuation Pause) done
Event: 0.988 Executing VM operation: HandshakeAllThreads (Deoptimize)
Event: 0.988 Executing VM operation: HandshakeAllThreads (Deoptimize) done
Event: 1.988 Executing VM operation: Cleanup
Event: 1.988 Executing VM operation: Cleanup done
Event: 8.021 Executing VM operation: HandshakeAllThreads (Deoptimize)
Event: 8.021 Executing VM operation: HandshakeAllThreads (Deoptimize) done
Event: 8.021 Executing VM operation: Cleanup
Event: 8.021 Executing VM operation: Cleanup done
Event: 8.027 Executing VM operation: HandshakeAllThreads (Deoptimize)
Event: 8.028 Executing VM operation: HandshakeAllThreads (Deoptimize) done

Events (20 events):
Event: 0.059 Thread 0x00000256c1e6f930 Thread added: 0x00000256c1e6f930
Event: 0.059 Thread 0x00000256c1e72a30 Thread added: 0x00000256c1e72a30
Event: 0.059 Thread 0x00000256c1e73820 Thread added: 0x00000256c1e73820
Event: 0.059 Thread 0x00000256c1e79940 Thread added: 0x00000256c1e79940
Event: 0.059 Thread 0x00000256c1e7acf0 Thread added: 0x00000256c1e7acf0
Event: 0.059 Thread 0x00000256c23d5b10 Thread added: 0x00000256c23d5b10
Event: 0.060 Thread 0x00000256c23d9ec0 Thread added: 0x00000256c23d9ec0
Event: 0.098 Thread 0x00000256c1e78590 Thread added: 0x00000256c1e78590
Event: 0.163 Thread 0x00000256c25e36e0 Thread added: 0x00000256c25e36e0
Event: 0.222 Thread 0x00000256c253bd20 Thread added: 0x00000256c253bd20
Event: 0.326 Thread 0x00000256c1e78c20 Thread added: 0x00000256c1e78c20
Event: 0.326 Thread 0x00000256c1e7a660 Thread added: 0x00000256c1e7a660
Event: 0.707 Thread 0x00000256c1e79fd0 Thread added: 0x00000256c1e79fd0
Event: 0.781 Thread 0x00000256c1e77f00 Thread added: 0x00000256c1e77f00
Event: 0.788 Thread 0x00000256c1e7b380 Thread added: 0x00000256c1e7b380
Event: 0.892 Thread 0x00000256c1e792b0 Thread added: 0x00000256c1e792b0
Event: 0.910 Thread 0x00000257084b9c90 Thread added: 0x00000257084b9c90
Event: 1.387 Thread 0x00000256c253bd20 Thread exited: 0x00000256c253bd20
Event: 2.747 Thread 0x00000256c25e36e0 Thread exited: 0x00000256c25e36e0
Event: 8.008 Thread 0x00000257084bca80 Thread added: 0x00000257084bca80


Dynamic libraries:
0x00007ff6ecd00000 - 0x00007ff6ecd10000 	C:\Program Files\Java\jdk-21.0.2\bin\java.exe
0x00007ff9ab0f0000 - 0x00007ff9ab307000 	C:\WINDOWS\SYSTEM32\ntdll.dll
0x00007ff9a9ac0000 - 0x00007ff9a9b84000 	C:\WINDOWS\System32\KERNEL32.DLL
0x00007ff9a86d0000 - 0x00007ff9a8a89000 	C:\WINDOWS\System32\KERNELBASE.dll
0x00007ff9a8c70000 - 0x00007ff9a8d81000 	C:\WINDOWS\System32\ucrtbase.dll
0x00007ff995760000 - 0x00007ff995779000 	C:\Program Files\Java\jdk-21.0.2\bin\jli.dll
0x00007ff9aaff0000 - 0x00007ff9ab0a2000 	C:\WINDOWS\System32\ADVAPI32.dll
0x00007ff9a8e10000 - 0x00007ff9a8eb7000 	C:\WINDOWS\System32\msvcrt.dll
0x00007ff9a95f0000 - 0x00007ff9a9697000 	C:\WINDOWS\System32\sechost.dll
0x00007ff9a8580000 - 0x00007ff9a85a8000 	C:\WINDOWS\System32\bcrypt.dll
0x00007ff9a8f20000 - 0x00007ff9a9034000 	C:\WINDOWS\System32\RPCRT4.dll
0x00007ff9aadc0000 - 0x00007ff9aaf6e000 	C:\WINDOWS\System32\USER32.dll
0x00007ff9a83f0000 - 0x00007ff9a8416000 	C:\WINDOWS\System32\win32u.dll
0x00007ff9a9c90000 - 0x00007ff9a9cb9000 	C:\WINDOWS\System32\GDI32.dll
0x00007ff9a85b0000 - 0x00007ff9a86cb000 	C:\WINDOWS\System32\gdi32full.dll
0x00007ff9a84e0000 - 0x00007ff9a857a000 	C:\WINDOWS\System32\msvcp_win.dll
0x00007ff992710000 - 0x00007ff99272b000 	C:\Program Files\Java\jdk-21.0.2\bin\VCRUNTIME140.dll
0x00007ff9957d0000 - 0x00007ff995a62000 	C:\WINDOWS\WinSxS\amd64_microsoft.windows.common-controls_6595b64144ccf1df_6.0.22621.4391_none_2715d37f73803e96\COMCTL32.dll
0x00007ff99f9c0000 - 0x00007ff99f9ca000 	C:\WINDOWS\SYSTEM32\VERSION.dll
0x00007ff9a8ec0000 - 0x00007ff9a8ef1000 	C:\WINDOWS\System32\IMM32.DLL
0x00007ff9897b0000 - 0x00007ff989911000 	C:\Program Files (x86)\Citrix\ICA Client\ctxapclient64.dll
0x00007ff9a96a0000 - 0x00007ff9a9a2f000 	C:\WINDOWS\System32\combase.dll
0x00007ff9a7630000 - 0x00007ff9a7664000 	C:\WINDOWS\SYSTEM32\ntmarta.dll
0x00007ff9a8d90000 - 0x00007ff9a8e0b000 	C:\WINDOWS\System32\bcryptprimitives.dll
0x00007ff989a30000 - 0x00007ff989a6a000 	C:\Program Files (x86)\Citrix\ICA Client\Receiver\FeatureFlagHelper64.dll
0x00007ff99aea0000 - 0x00007ff99aeac000 	C:\Program Files\Java\jdk-21.0.2\bin\vcruntime140_1.dll
0x00007ff97b560000 - 0x00007ff97b5ee000 	C:\Program Files\Java\jdk-21.0.2\bin\msvcp140.dll
0x00007ff94ee10000 - 0x00007ff94fb27000 	C:\Program Files\Java\jdk-21.0.2\bin\server\jvm.dll
0x00000256a2a40000 - 0x00000256a2ab1000 	C:\WINDOWS\System32\WS2_32.dll
0x00007ff9a7280000 - 0x00007ff9a72cd000 	C:\WINDOWS\SYSTEM32\POWRPROF.dll
0x00007ff99f320000 - 0x00007ff99f354000 	C:\WINDOWS\SYSTEM32\WINMM.dll
0x00007ff9a7260000 - 0x00007ff9a7273000 	C:\WINDOWS\SYSTEM32\UMPDC.dll
0x00007ff9a7520000 - 0x00007ff9a7538000 	C:\WINDOWS\SYSTEM32\kernel.appcore.dll
0x00007ff995750000 - 0x00007ff99575a000 	C:\Program Files\Java\jdk-21.0.2\bin\jimage.dll
0x00007ff9a1f30000 - 0x00007ff9a2162000 	C:\WINDOWS\SYSTEM32\DBGHELP.DLL
0x00007ff9aa730000 - 0x00007ff9aa807000 	C:\WINDOWS\System32\OLEAUT32.dll
0x00007ff98b950000 - 0x00007ff98b982000 	C:\WINDOWS\SYSTEM32\dbgcore.DLL
0x00007ff992590000 - 0x00007ff99259f000 	C:\Program Files\Java\jdk-21.0.2\bin\instrument.dll
0x00007ff9925a0000 - 0x00007ff9925bf000 	C:\Program Files\Java\jdk-21.0.2\bin\java.dll
0x00007ff9a9cd0000 - 0x00007ff9aa546000 	C:\WINDOWS\System32\SHELL32.dll
0x00007ff9a6340000 - 0x00007ff9a6c43000 	C:\WINDOWS\SYSTEM32\windows.storage.dll
0x00007ff9a6200000 - 0x00007ff9a633f000 	C:\WINDOWS\SYSTEM32\wintypes.dll
0x00007ff9a91a0000 - 0x00007ff9a9299000 	C:\WINDOWS\System32\SHCORE.dll
0x00007ff9aa8e0000 - 0x00007ff9aa93e000 	C:\WINDOWS\System32\shlwapi.dll
0x00007ff9a8320000 - 0x00007ff9a834b000 	C:\WINDOWS\SYSTEM32\profapi.dll
0x00007ff964250000 - 0x00007ff964327000 	C:\Program Files\Java\jdk-21.0.2\bin\jsvml.dll
0x00007ff992530000 - 0x00007ff992540000 	C:\Program Files\Java\jdk-21.0.2\bin\net.dll
0x00007ff99f6a0000 - 0x00007ff99f7d6000 	C:\WINDOWS\SYSTEM32\WINHTTP.dll
0x00007ff9a79a0000 - 0x00007ff9a7a09000 	C:\WINDOWS\system32\mswsock.dll
0x00007ff991f40000 - 0x00007ff991f56000 	C:\Program Files\Java\jdk-21.0.2\bin\nio.dll
0x00007ff98f840000 - 0x00007ff98f858000 	C:\Program Files\Java\jdk-21.0.2\bin\zip.dll
0x00007ff98f770000 - 0x00007ff98f78a000 	D:\IntelliJ IDEA 2024.2.4\bin\breakgen64.dll
0x00000256c2fe0000 - 0x00000256c2fe3000 	C:\Users\prabh\.openjfx\cache\21+31\amd64\api-ms-win-core-console-l1-1-0.dll
0x00000256c2ff0000 - 0x00000256c2ff3000 	C:\Users\prabh\.openjfx\cache\21+31\amd64\api-ms-win-core-console-l1-2-0.dll
0x0000025708fd0000 - 0x0000025708fd3000 	C:\Users\prabh\.openjfx\cache\21+31\amd64\api-ms-win-core-datetime-l1-1-0.dll
0x0000025708fe0000 - 0x0000025708fe3000 	C:\Users\prabh\.openjfx\cache\21+31\amd64\api-ms-win-core-debug-l1-1-0.dll
0x0000025708ff0000 - 0x0000025708ff3000 	C:\Users\prabh\.openjfx\cache\21+31\amd64\api-ms-win-core-errorhandling-l1-1-0.dll
0x0000025709000000 - 0x0000025709004000 	C:\Users\prabh\.openjfx\cache\21+31\amd64\api-ms-win-core-file-l1-1-0.dll
0x0000025709010000 - 0x0000025709013000 	C:\Users\prabh\.openjfx\cache\21+31\amd64\api-ms-win-core-file-l1-2-0.dll
0x0000025709020000 - 0x0000025709023000 	C:\Users\prabh\.openjfx\cache\21+31\amd64\api-ms-win-core-file-l2-1-0.dll
0x0000025709030000 - 0x0000025709033000 	C:\Users\prabh\.openjfx\cache\21+31\amd64\api-ms-win-core-handle-l1-1-0.dll
0x0000025709040000 - 0x0000025709043000 	C:\Users\prabh\.openjfx\cache\21+31\amd64\api-ms-win-core-heap-l1-1-0.dll
0x0000025709050000 - 0x0000025709053000 	C:\Users\prabh\.openjfx\cache\21+31\amd64\api-ms-win-core-interlocked-l1-1-0.dll
0x0000025709060000 - 0x0000025709063000 	C:\Users\prabh\.openjfx\cache\21+31\amd64\api-ms-win-core-libraryloader-l1-1-0.dll
0x0000025709070000 - 0x0000025709073000 	C:\Users\prabh\.openjfx\cache\21+31\amd64\api-ms-win-core-localization-l1-2-0.dll
0x0000025709080000 - 0x0000025709083000 	C:\Users\prabh\.openjfx\cache\21+31\amd64\api-ms-win-core-memory-l1-1-0.dll
0x0000025709090000 - 0x0000025709093000 	C:\Users\prabh\.openjfx\cache\21+31\amd64\api-ms-win-core-namedpipe-l1-1-0.dll
0x00000257090a0000 - 0x00000257090a3000 	C:\Users\prabh\.openjfx\cache\21+31\amd64\api-ms-win-core-processenvironment-l1-1-0.dll
0x00000257090b0000 - 0x00000257090b3000 	C:\Users\prabh\.openjfx\cache\21+31\amd64\api-ms-win-core-processthreads-l1-1-0.dll
0x00000257090c0000 - 0x00000257090c3000 	C:\Users\prabh\.openjfx\cache\21+31\amd64\api-ms-win-core-processthreads-l1-1-1.dll
0x00000257090d0000 - 0x00000257090d3000 	C:\Users\prabh\.openjfx\cache\21+31\amd64\api-ms-win-core-profile-l1-1-0.dll
0x00000257090e0000 - 0x00000257090e3000 	C:\Users\prabh\.openjfx\cache\21+31\amd64\api-ms-win-core-rtlsupport-l1-1-0.dll
0x00000257090f0000 - 0x00000257090f3000 	C:\Users\prabh\.openjfx\cache\21+31\amd64\api-ms-win-core-string-l1-1-0.dll
0x0000025709100000 - 0x0000025709103000 	C:\Users\prabh\.openjfx\cache\21+31\amd64\api-ms-win-core-synch-l1-1-0.dll
0x0000025709110000 - 0x0000025709113000 	C:\Users\prabh\.openjfx\cache\21+31\amd64\api-ms-win-core-synch-l1-2-0.dll
0x0000025709120000 - 0x0000025709123000 	C:\Users\prabh\.openjfx\cache\21+31\amd64\api-ms-win-core-sysinfo-l1-1-0.dll
0x0000025709130000 - 0x0000025709133000 	C:\Users\prabh\.openjfx\cache\21+31\amd64\api-ms-win-core-timezone-l1-1-0.dll
0x0000025709140000 - 0x0000025709143000 	C:\Users\prabh\.openjfx\cache\21+31\amd64\api-ms-win-core-util-l1-1-0.dll
0x0000025709150000 - 0x0000025709153000 	C:\Users\prabh\.openjfx\cache\21+31\amd64\api-ms-win-crt-conio-l1-1-0.dll
0x0000025709160000 - 0x0000025709164000 	C:\Users\prabh\.openjfx\cache\21+31\amd64\api-ms-win-crt-convert-l1-1-0.dll
0x0000025709170000 - 0x0000025709173000 	C:\Users\prabh\.openjfx\cache\21+31\amd64\api-ms-win-crt-environment-l1-1-0.dll
0x0000025709180000 - 0x0000025709183000 	C:\Users\prabh\.openjfx\cache\21+31\amd64\api-ms-win-crt-filesystem-l1-1-0.dll
0x0000025709190000 - 0x0000025709193000 	C:\Users\prabh\.openjfx\cache\21+31\amd64\api-ms-win-crt-heap-l1-1-0.dll
0x00000257091a0000 - 0x00000257091a3000 	C:\Users\prabh\.openjfx\cache\21+31\amd64\api-ms-win-crt-locale-l1-1-0.dll
0x00000257091b0000 - 0x00000257091b5000 	C:\Users\prabh\.openjfx\cache\21+31\amd64\api-ms-win-crt-math-l1-1-0.dll
0x00000257091c0000 - 0x00000257091c5000 	C:\Users\prabh\.openjfx\cache\21+31\amd64\api-ms-win-crt-multibyte-l1-1-0.dll
0x00000257091d0000 - 0x00000257091e0000 	C:\Users\prabh\.openjfx\cache\21+31\amd64\api-ms-win-crt-private-l1-1-0.dll
0x00000257091e0000 - 0x00000257091e3000 	C:\Users\prabh\.openjfx\cache\21+31\amd64\api-ms-win-crt-process-l1-1-0.dll
0x00000257091f0000 - 0x00000257091f4000 	C:\Users\prabh\.openjfx\cache\21+31\amd64\api-ms-win-crt-runtime-l1-1-0.dll
0x0000025709200000 - 0x0000025709204000 	C:\Users\prabh\.openjfx\cache\21+31\amd64\api-ms-win-crt-stdio-l1-1-0.dll
0x0000025709210000 - 0x0000025709214000 	C:\Users\prabh\.openjfx\cache\21+31\amd64\api-ms-win-crt-string-l1-1-0.dll
0x0000025709220000 - 0x0000025709223000 	C:\Users\prabh\.openjfx\cache\21+31\amd64\api-ms-win-crt-time-l1-1-0.dll
0x0000025709230000 - 0x0000025709233000 	C:\Users\prabh\.openjfx\cache\21+31\amd64\api-ms-win-crt-utility-l1-1-0.dll
0x00007ff961590000 - 0x00007ff96168c000 	C:\Users\prabh\.openjfx\cache\21+31\amd64\ucrtbase.dll
0x00007ff9890f0000 - 0x00007ff98910b000 	C:\Users\prabh\.openjfx\cache\21+31\amd64\vcruntime140.dll
0x00007ff98fc20000 - 0x00007ff98fc2c000 	C:\Users\prabh\.openjfx\cache\21+31\amd64\vcruntime140_1.dll
0x00007ff96ded0000 - 0x00007ff96df5e000 	C:\Users\prabh\.openjfx\cache\21+31\amd64\msvcp140.dll
0x00007ff9a9370000 - 0x00007ff9a9515000 	C:\WINDOWS\System32\ole32.dll
0x00007ff98f830000 - 0x00007ff98f839000 	C:\Users\prabh\.openjfx\cache\21+31\amd64\msvcp140_1.dll
0x00007ff9881e0000 - 0x00007ff98820f000 	C:\Users\prabh\.openjfx\cache\21+31\amd64\msvcp140_2.dll
0x00007ff97d0d0000 - 0x00007ff97d0ff000 	C:\Users\prabh\.openjfx\cache\21+31\amd64\prism_d3d.dll
0x00007ff961980000 - 0x00007ff961b28000 	C:\WINDOWS\system32\d3d9.dll
0x00007ff9a1e50000 - 0x00007ff9a1e7b000 	C:\WINDOWS\SYSTEM32\dwmapi.dll
0x00007ff9a5b40000 - 0x00007ff9a5b77000 	C:\WINDOWS\SYSTEM32\dxcore.dll
0x00007ff9a1bc0000 - 0x00007ff9a1c71000 	C:\WINDOWS\system32\uxtheme.dll
0x00007ff95e010000 - 0x00007ff95e1bd000 	C:\WINDOWS\System32\DriverStore\FileRepository\iigd_dch.inf_amd64_306090fd1d6bb4fa\igdumdim64.dll
0x00007ff910990000 - 0x00007ff913a34000 	C:\WINDOWS\System32\DriverStore\FileRepository\iigd_dch.inf_amd64_306090fd1d6bb4fa\igd9dxva64.dll
0x00007ff9aa940000 - 0x00007ff9aadb4000 	C:\WINDOWS\System32\SETUPAPI.dll
0x00007ff9a80e0000 - 0x00007ff9a812e000 	C:\WINDOWS\SYSTEM32\cfgmgr32.dll
0x00007ff9862b0000 - 0x00007ff9866b9000 	C:\WINDOWS\System32\DriverStore\FileRepository\iigd_dch.inf_amd64_306090fd1d6bb4fa\igdgmm64.dll
0x00007ff98fa30000 - 0x00007ff98fa79000 	C:\WINDOWS\SYSTEM32\directxdatabasehelper.dll
0x00007ff97b0c0000 - 0x00007ff97b102000 	C:\Users\prabh\.openjfx\cache\21+31\amd64\glass.dll
0x00007ff9a9b90000 - 0x00007ff9a9c8f000 	C:\WINDOWS\System32\COMDLG32.dll
0x00000257092b0000 - 0x0000025709410000 	C:\WINDOWS\System32\MSCTF.dll
0x00007ff954d00000 - 0x00007ff954d27000 	C:\WINDOWS\System32\DriverStore\FileRepository\iigd_dch.inf_amd64_306090fd1d6bb4fa\igdinfo64.dll
0x00007ff9a7bf0000 - 0x00007ff9a7c0b000 	C:\WINDOWS\SYSTEM32\CRYPTSP.dll
0x00007ff9a7480000 - 0x00007ff9a74b5000 	C:\WINDOWS\system32\rsaenh.dll
0x00007ff9a7c10000 - 0x00007ff9a7c1c000 	C:\WINDOWS\SYSTEM32\CRYPTBASE.dll
0x00007ff982810000 - 0x00007ff985fa6000 	C:\WINDOWS\System32\DriverStore\FileRepository\iigd_dch.inf_amd64_306090fd1d6bb4fa\igc64.dll

dbghelp: loaded successfully - version: 4.0.5 - missing functions: none
symbol engine: initialized successfully - sym options: 0x614 - pdb path: .;C:\Program Files\Java\jdk-21.0.2\bin;C:\WINDOWS\SYSTEM32;C:\WINDOWS\WinSxS\amd64_microsoft.windows.common-controls_6595b64144ccf1df_6.0.22621.4391_none_2715d37f73803e96;C:\Program Files (x86)\Citrix\ICA Client;C:\Program Files (x86)\Citrix\ICA Client\Receiver;C:\Program Files\Java\jdk-21.0.2\bin\server;D:\IntelliJ IDEA 2024.2.4\bin;C:\Users\prabh\.openjfx\cache\21+31\amd64;C:\WINDOWS\System32\DriverStore\FileRepository\iigd_dch.inf_amd64_306090fd1d6bb4fa

VM Arguments:
jvm_args: -javaagent:D:\IntelliJ IDEA 2024.2.4\lib\idea_rt.jar=56208:D:\IntelliJ IDEA 2024.2.4\bin -Dfile.encoding=UTF-8 -Dsun.stdout.encoding=UTF-8 -Dsun.stderr.encoding=UTF-8 --module-path=C:\Users\prabh\.m2\repository\org\openjfx\javafx-controls\21\javafx-controls-21-win.jar;C:\Users\prabh\.m2\repository\com\google\code\gson\gson\2.8.9\gson-2.8.9.jar;C:\Users\prabh\.m2\repository\org\openjfx\javafx-fxml\21\javafx-fxml-21-win.jar;C:\Users\prabh\IdeaProjects\OOD5\target\classes;C:\Users\prabh\.m2\repository\org\openjfx\javafx-graphics\21\javafx-graphics-21-win.jar;C:\Users\prabh\.m2\repository\com\mysql\mysql-connector-j\8.0.33\mysql-connector-j-8.0.33.jar;C:\Users\prabh\.m2\repository\org\openjfx\javafx-base\21\javafx-base-21-win.jar -Djdk.module.main=org.example.ood5 
java_command: org.example.ood5/Main.Main
java_class_path (initial): C:\Users\prabh\.m2\repository\org\openjfx\javafx-controls\21\javafx-controls-21.jar;C:\Users\prabh\.m2\repository\org\openjfx\javafx-graphics\21\javafx-graphics-21.jar;C:\Users\prabh\.m2\repository\org\openjfx\javafx-base\21\javafx-base-21.jar;C:\Users\prabh\.m2\repository\org\openjfx\javafx-fxml\21\javafx-fxml-21.jar;C:\Users\prabh\.m2\repository\com\google\protobuf\protobuf-java\3.21.9\protobuf-java-3.21.9.jar
Launcher Type: SUN_STANDARD

[Global flags]
     intx CICompilerCount                          = 4                                         {product} {ergonomic}
     uint ConcGCThreads                            = 2                                         {product} {ergonomic}
     uint G1ConcRefinementThreads                  = 8                                         {product} {ergonomic}
   size_t G1HeapRegionSize                         = 2097152                                   {product} {ergonomic}
    uintx GCDrainStackTargetSize                   = 64                                        {product} {ergonomic}
   size_t InitialHeapSize                          = 264241152                                 {product} {ergonomic}
   size_t MarkStackSize                            = 4194304                                   {product} {ergonomic}
   size_t MaxHeapSize                              = 4221566976                                {product} {ergonomic}
   size_t MaxNewSize                               = 2531262464                                {product} {ergonomic}
   size_t MinHeapDeltaBytes                        = 2097152                                   {product} {ergonomic}
   size_t MinHeapSize                              = 8388608                                   {product} {ergonomic}
    uintx NonNMethodCodeHeapSize                   = 5839372                                {pd product} {ergonomic}
    uintx NonProfiledCodeHeapSize                  = 122909434                              {pd product} {ergonomic}
    uintx ProfiledCodeHeapSize                     = 122909434                              {pd product} {ergonomic}
    uintx ReservedCodeCacheSize                    = 251658240                              {pd product} {ergonomic}
     bool SegmentedCodeCache                       = true                                      {product} {ergonomic}
   size_t SoftMaxHeapSize                          = 4221566976                             {manageable} {ergonomic}
     bool UseCompressedOops                        = true                           {product lp64_product} {ergonomic}
     bool UseG1GC                                  = true                                      {product} {ergonomic}
     bool UseLargePagesIndividualAllocation        = false                                  {pd product} {ergonomic}

Logging:
Log output configuration:
 #0: stdout all=warning uptime,level,tags foldmultilines=false
 #1: stderr all=off uptime,level,tags foldmultilines=false

Environment Variables:
JAVA_HOME=C:\Program Files\Java\jdk-21.0.2
PATH=C:\WINDOWS\system32;C:\WINDOWS;C:\WINDOWS\System32\Wbem;C:\WINDOWS\System32\WindowsPowerShell\v1.0\;C:\WINDOWS\System32\OpenSSH\;C:\Program Files\Java\jdk-21.0.2\bin;C:\Users\prabh\AppData\Local\Programs\MiKTeX\miktex\bin\x64\;C:\Users\prabh\.m2\wrapper\dists\apache-maven-3.8.5-bin\5i5jha092a3i37g0paqnfr15e0\apache-maven-3.8.5\bin;C:\Program Files\Git\cmd;C:\Users\prabh\AppData\Local\Programs\Python\Python311\Scripts\;C:\Users\prabh\AppData\Local\Programs\Python\Python311\;C:\Users\prabh\AppData\Local\Microsoft\WindowsApps;C:\Users\prabh\AppData\Local\Programs\Microsoft VS Code\bin;C:\Users\prabh\AppData\Local\JetBrains\Toolbox\scripts;C:\Users\prabh\AppData\Local\Programs\MiKTeX\miktex\bin\x64\;C:\Program Files\JetBrains\IntelliJ IDEA 2023.3.3\bin;
USERNAME=prabh
OS=Windows_NT
PROCESSOR_IDENTIFIER=Intel64 Family 6 Model 142 Stepping 12, GenuineIntel
TMP=C:\Users\prabh\AppData\Local\Temp
TEMP=C:\Users\prabh\AppData\Local\Temp




Periodic native trim disabled

---------------  S Y S T E M  ---------------

OS:
 Windows 11 , 64 bit Build 22621 (10.0.22621.4391)
OS uptime: 0 days 14:53 hours

CPU: total 8 (initial active 8) (4 cores per cpu, 2 threads per core) family 6 model 142 stepping 12 microcode 0xfa, cx8, cmov, fxsr, ht, mmx, 3dnowpref, sse, sse2, sse3, ssse3, sse4.1, sse4.2, popcnt, lzcnt, tsc, tscinvbit, avx, avx2, aes, erms, clmul, bmi1, bmi2, adx, fma, vzeroupper, clflush, clflushopt, rdtscp, f16c
Processor Information for all 8 processors :
  Max Mhz: 1896, Current Mhz: 798, Mhz Limit: 796

Memory: 4k page, system-wide physical 16099M (6040M free)
TotalPageFile size 23839M (AvailPageFile size 17M)
current process WorkingSet (physical memory assigned to process): 104M, peak: 112M
current process commit charge ("private bytes"): 377M, peak: 383M

vm_info: Java HotSpot(TM) 64-Bit Server VM (21.0.2+13-LTS-58) for windows-amd64 JRE (21.0.2+13-LTS-58), built on 2024-01-05T18:32:24Z by "mach5one" with MS VC++ 17.1 (VS2022)

END.
