#
# There is insufficient memory for the Java Runtime Environment to continue.
# Native memory allocation (malloc) failed to allocate 1054960 bytes for Chunk::new
# Possible reasons:
#   The system is out of physical RAM or swap space
#   The process is running with CompressedOops enabled, and the Java Heap may be blocking the growth of the native heap
# Possible solutions:
#   Reduce memory load on the system
#   Increase physical memory or swap space
#   Check if swap backing store is full
#   Decrease Java heap size (-Xmx/-Xms)
#   Decrease number of Java threads
#   Decrease Java thread stack sizes (-Xss)
#   Set larger code cache with -XX:ReservedCodeCacheSize=
#   JVM is running with Zero Based Compressed Oops mode in which the Java heap is
#     placed in the first 32GB address space. The Java Heap base address is the
#     maximum limit for the native heap growth. Please use -XX:HeapBaseMinAddress
#     to set the Java Heap base and to place the Java Heap above 32GB virtual address.
# This output file may be truncated or incomplete.
#
#  Out of Memory Error (arena.cpp:168), pid=804, tid=2608
#
# JRE version: Java(TM) SE Runtime Environment (21.0.2+13) (build 21.0.2+13-LTS-58)
# Java VM: Java HotSpot(TM) 64-Bit Server VM (21.0.2+13-LTS-58, mixed mode, sharing, tiered, compressed oops, compressed class ptrs, g1 gc, windows-amd64)
# No core dump will be written. Minidumps are not enabled by default on client versions of Windows
#

---------------  S U M M A R Y ------------

Command Line: -javaagent:D:\IntelliJ IDEA 2024.2.4\lib\idea_rt.jar=56055:D:\IntelliJ IDEA 2024.2.4\bin -Dfile.encoding=UTF-8 -Dsun.stdout.encoding=UTF-8 -Dsun.stderr.encoding=UTF-8 --module-path=C:\Users\prabh\.m2\repository\org\openjfx\javafx-controls\21\javafx-controls-21-win.jar;C:\Users\prabh\.m2\repository\com\google\code\gson\gson\2.8.9\gson-2.8.9.jar;C:\Users\prabh\.m2\repository\org\openjfx\javafx-fxml\21\javafx-fxml-21-win.jar;C:\Users\prabh\IdeaProjects\OOD5\target\classes;C:\Users\prabh\.m2\repository\org\openjfx\javafx-graphics\21\javafx-graphics-21-win.jar;C:\Users\prabh\.m2\repository\com\mysql\mysql-connector-j\8.0.33\mysql-connector-j-8.0.33.jar;C:\Users\prabh\.m2\repository\org\openjfx\javafx-base\21\javafx-base-21-win.jar -Djdk.module.main=org.example.ood5 org.example.ood5/Main.Main

Host: Intel(R) Core(TM) i5-8365U CPU @ 1.60GHz, 8 cores, 15G,  Windows 11 , 64 bit Build 22621 (10.0.22621.4391)
Time: Wed Nov 27 14:29:01 2024 Sri Lanka Standard Time elapsed time: 9.010209 seconds (0d 0h 0m 9s)

---------------  T H R E A D  ---------------

Current thread (0x0000025b66006cc0):  JavaThread "C2 CompilerThread0" daemon [_thread_in_native, id=2608, stack(0x00000098ff800000,0x00000098ff900000) (1024K)]


Current CompileTask:
C2:   9010 2166       4       sun.security.ec.ECOperations::setDouble (463 bytes)

Stack: [0x00000098ff800000,0x00000098ff900000]
Native frames: (J=compiled Java code, j=interpreted, Vv=VM code, C=native code)
V  [jvm.dll+0x6cade9]
V  [jvm.dll+0x8569c1]
V  [jvm.dll+0x858d2e]
V  [jvm.dll+0x859413]
V  [jvm.dll+0x280e56]
V  [jvm.dll+0xc3f3d]
V  [jvm.dll+0xc4473]
V  [jvm.dll+0x3b5c2c]
V  [jvm.dll+0x1e2013]
V  [jvm.dll+0x249d22]
V  [jvm.dll+0x2491b1]
V  [jvm.dll+0x1c9634]
V  [jvm.dll+0x258859]
V  [jvm.dll+0x256e3a]
V  [jvm.dll+0x3ef6c6]
V  [jvm.dll+0x7ff568]
V  [jvm.dll+0x6c953d]
C  [ucrtbase.dll+0x29333]
C  [KERNEL32.DLL+0x1259d]
C  [ntdll.dll+0x5af38]


---------------  P R O C E S S  ---------------

Threads class SMR info:
_java_thread_list=0x0000025b678ebf30, length=25, elements={
0x0000025b7ede20f0, 0x0000025b2094a8a0, 0x0000025b2094b6c0, 0x0000025b2095c410,
0x0000025b2095d1d0, 0x0000025b2095dc30, 0x0000025b2095e690, 0x0000025b66006cc0,
0x0000025b6600bb80, 0x0000025b20910950, 0x0000025b666f60c0, 0x0000025b666f6730,
0x0000025b66c2ce50, 0x0000025b66c37b10, 0x0000025b66b30870, 0x0000025b6717a370,
0x0000025b66e56df0, 0x0000025b671b9240, 0x0000025b67083a20, 0x0000025b671d1870,
0x0000025b671cf110, 0x0000025b671d0b50, 0x0000025b673233f0, 0x0000025b679c3800,
0x0000025b671d11e0
}

Java Threads: ( => current thread )
  0x0000025b7ede20f0 JavaThread "main"                              [_thread_blocked, id=2484, stack(0x00000098fe900000,0x00000098fea00000) (1024K)]
  0x0000025b2094a8a0 JavaThread "Reference Handler"          daemon [_thread_blocked, id=16252, stack(0x00000098ff200000,0x00000098ff300000) (1024K)]
  0x0000025b2094b6c0 JavaThread "Finalizer"                  daemon [_thread_blocked, id=7116, stack(0x00000098ff300000,0x00000098ff400000) (1024K)]
  0x0000025b2095c410 JavaThread "Signal Dispatcher"          daemon [_thread_blocked, id=14544, stack(0x00000098ff400000,0x00000098ff500000) (1024K)]
  0x0000025b2095d1d0 JavaThread "Attach Listener"            daemon [_thread_blocked, id=15108, stack(0x00000098ff500000,0x00000098ff600000) (1024K)]
  0x0000025b2095dc30 JavaThread "Service Thread"             daemon [_thread_blocked, id=1952, stack(0x00000098ff600000,0x00000098ff700000) (1024K)]
  0x0000025b2095e690 JavaThread "Monitor Deflation Thread"   daemon [_thread_blocked, id=9600, stack(0x00000098ff700000,0x00000098ff800000) (1024K)]
=>0x0000025b66006cc0 JavaThread "C2 CompilerThread0"         daemon [_thread_in_native, id=2608, stack(0x00000098ff800000,0x00000098ff900000) (1024K)]
  0x0000025b6600bb80 JavaThread "C1 CompilerThread0"         daemon [_thread_blocked, id=4248, stack(0x00000098ff900000,0x00000098ffa00000) (1024K)]
  0x0000025b20910950 JavaThread "Common-Cleaner"             daemon [_thread_blocked, id=16944, stack(0x00000098ffa00000,0x00000098ffb00000) (1024K)]
  0x0000025b666f60c0 JavaThread "Monitor Ctrl-Break"         daemon [_thread_in_native, id=15752, stack(0x00000098ffd00000,0x00000098ffe00000) (1024K)]
  0x0000025b666f6730 JavaThread "Notification Thread"        daemon [_thread_blocked, id=16448, stack(0x00000098ffe00000,0x00000098fff00000) (1024K)]
  0x0000025b66c2ce50 JavaThread "QuantumRenderer-0"          daemon [_thread_blocked, id=15420, stack(0x0000009880600000,0x0000009880700000) (1024K)]
  0x0000025b66c37b10 JavaThread "InvokeLaterDispatcher"      daemon [_thread_blocked, id=18400, stack(0x0000009880700000,0x0000009880800000) (1024K)]
  0x0000025b66b30870 JavaThread "JavaFX Application Thread"         [_thread_in_vm, id=10156, stack(0x0000009880800000,0x0000009880900000) (1024K)]
  0x0000025b6717a370 JavaThread "RMI TCP Accept-0"           daemon [_thread_in_native, id=18864, stack(0x0000009880900000,0x0000009880a00000) (1024K)]
  0x0000025b66e56df0 JavaThread "RMI TCP Connection(1)-192.168.56.1" daemon [_thread_in_native, id=11712, stack(0x0000009880e00000,0x0000009880f00000) (1024K)]
  0x0000025b671b9240 JavaThread "JavaFX-Launcher"                   [_thread_blocked, id=14768, stack(0x0000009880f00000,0x0000009881000000) (1024K)]
  0x0000025b67083a20 JavaThread "Thread-2"                   daemon [_thread_in_native, id=13080, stack(0x0000009880d00000,0x0000009880e00000) (1024K)]
  0x0000025b671d1870 JavaThread "RMI Scheduler(0)"           daemon [_thread_blocked, id=17924, stack(0x0000009881000000,0x0000009881100000) (1024K)]
  0x0000025b671cf110 JavaThread "JMX server connection timeout 39" daemon [_thread_blocked, id=5604, stack(0x0000009881100000,0x0000009881200000) (1024K)]
  0x0000025b671d0b50 JavaThread "mysql-cj-abandoned-connection-cleanup" daemon [_thread_blocked, id=7664, stack(0x0000009881200000,0x0000009881300000) (1024K)]
  0x0000025b673233f0 JavaThread "C2 CompilerThread1"         daemon [_thread_blocked, id=17452, stack(0x0000009881300000,0x0000009881400000) (1024K)]
  0x0000025b679c3800 JavaThread "C2 CompilerThread2"         daemon [_thread_blocked, id=18592, stack(0x0000009881400000,0x0000009881500000) (1024K)]
  0x0000025b671d11e0 JavaThread "pool-2-thread-1"                   [_thread_blocked, id=18884, stack(0x0000009881500000,0x0000009881600000) (1024K)]
Total: 25

Other Threads:
  0x0000025b209274a0 VMThread "VM Thread"                           [id=9632, stack(0x00000098ff100000,0x00000098ff200000) (1024K)]
  0x0000025b2090f7b0 WatcherThread "VM Periodic Task Thread"        [id=10380, stack(0x00000098ff000000,0x00000098ff100000) (1024K)]
  0x0000025b01d74930 WorkerThread "GC Thread#0"                     [id=13048, stack(0x00000098feb00000,0x00000098fec00000) (1024K)]
  0x0000025b66c08ec0 WorkerThread "GC Thread#1"                     [id=5064, stack(0x00000098fff00000,0x0000009900000000) (1024K)]
  0x0000025b66c37770 WorkerThread "GC Thread#2"                     [id=12524, stack(0x0000009880000000,0x0000009880100000) (1024K)]
  0x0000025b66c09260 WorkerThread "GC Thread#3"                     [id=18552, stack(0x0000009880100000,0x0000009880200000) (1024K)]
  0x0000025b66ae2190 WorkerThread "GC Thread#4"                     [id=18636, stack(0x0000009880200000,0x0000009880300000) (1024K)]
  0x0000025b66ae2530 WorkerThread "GC Thread#5"                     [id=18584, stack(0x0000009880300000,0x0000009880400000) (1024K)]
  0x0000025b66f317d0 WorkerThread "GC Thread#6"                     [id=7828, stack(0x0000009880400000,0x0000009880500000) (1024K)]
  0x0000025b66c07d50 WorkerThread "GC Thread#7"                     [id=18704, stack(0x0000009880500000,0x0000009880600000) (1024K)]
  0x0000025b01d85830 ConcurrentGCThread "G1 Main Marker"            [id=18448, stack(0x00000098fec00000,0x00000098fed00000) (1024K)]
  0x0000025b01d87f20 WorkerThread "G1 Conc#0"                       [id=6576, stack(0x00000098fed00000,0x00000098fee00000) (1024K)]
  0x0000025b207e4620 ConcurrentGCThread "G1 Refine#0"               [id=19184, stack(0x00000098fee00000,0x00000098fef00000) (1024K)]
  0x0000025b207e4fa0 ConcurrentGCThread "G1 Service"                [id=988, stack(0x00000098fef00000,0x00000098ff000000) (1024K)]
Total: 14

Threads with active compile tasks:
C2 CompilerThread0     9059 2166       4       sun.security.ec.ECOperations::setDouble (463 bytes)
Total: 1

VM state: not at safepoint (normal execution)

VM Mutex/Monitor currently owned by a thread: None

Heap address: 0x0000000704600000, size: 4026 MB, Compressed Oops mode: Zero based, Oop shift amount: 3

CDS archive(s) mapped at: [0x0000025b21000000-0x0000025b21c90000-0x0000025b21c90000), size 13172736, SharedBaseAddress: 0x0000025b21000000, ArchiveRelocationMode: 1.
Compressed class space mapped at: 0x0000025b22000000-0x0000025b62000000, reserved size: 1073741824
Narrow klass base: 0x0000025b21000000, Narrow klass shift: 0, Narrow klass range: 0x100000000

GC Precious Log:
 CardTable entry size: 512
 Card Set container configuration: InlinePtr #cards 4 size 8 Array Of Cards #cards 16 size 48 Howl #buckets 8 coarsen threshold 3686 Howl Bitmap #cards 512 size 80 coarsen threshold 460 Card regions per heap region 1 cards per card region 4096
 CPUs: 8 total, 8 available
 Memory: 16099M
 Large Page Support: Disabled
 NUMA Support: Disabled
 Compressed Oops: Enabled (Zero based)
 Heap Region Size: 2M
 Heap Min Capacity: 8M
 Heap Initial Capacity: 252M
 Heap Max Capacity: 4026M
 Pre-touch: Disabled
 Parallel Workers: 8
 Concurrent Workers: 2
 Concurrent Refinement Workers: 8
 Periodic GC: Disabled

Heap:
 garbage-first heap   total 258048K, used 10263K [0x0000000704600000, 0x0000000800000000)
  region size 2048K, 5 young (10240K), 3 survivors (6144K)
 Metaspace       used 19831K, committed 20224K, reserved 1114112K
  class space    used 2285K, committed 2432K, reserved 1048576K

Heap Regions: E=young(eden), S=young(survivor), O=old, HS=humongous(starts), HC=humongous(continues), CS=collection set, F=free, TAMS=top-at-mark-start, PB=parsable bottom
|   0|0x0000000704600000, 0x0000000704800000, 0x0000000704800000|100%| O|  |TAMS 0x0000000704600000| PB 0x0000000704600000| Untracked 
|   1|0x0000000704800000, 0x00000007049897d8, 0x0000000704a00000| 76%| O|  |TAMS 0x0000000704800000| PB 0x0000000704800000| Untracked 
|   2|0x0000000704a00000, 0x0000000704a00000, 0x0000000704c00000|  0%| F|  |TAMS 0x0000000704a00000| PB 0x0000000704a00000| Untracked 
|   3|0x0000000704c00000, 0x0000000704c00000, 0x0000000704e00000|  0%| F|  |TAMS 0x0000000704c00000| PB 0x0000000704c00000| Untracked 
|   4|0x0000000704e00000, 0x0000000704e00000, 0x0000000705000000|  0%| F|  |TAMS 0x0000000704e00000| PB 0x0000000704e00000| Untracked 
|   5|0x0000000705000000, 0x0000000705000000, 0x0000000705200000|  0%| F|  |TAMS 0x0000000705000000| PB 0x0000000705000000| Untracked 
|   6|0x0000000705200000, 0x0000000705200000, 0x0000000705400000|  0%| F|  |TAMS 0x0000000705200000| PB 0x0000000705200000| Untracked 
|   7|0x0000000705400000, 0x0000000705400000, 0x0000000705600000|  0%| F|  |TAMS 0x0000000705400000| PB 0x0000000705400000| Untracked 
|   8|0x0000000705600000, 0x0000000705600000, 0x0000000705800000|  0%| F|  |TAMS 0x0000000705600000| PB 0x0000000705600000| Untracked 
|   9|0x0000000705800000, 0x0000000705800000, 0x0000000705a00000|  0%| F|  |TAMS 0x0000000705800000| PB 0x0000000705800000| Untracked 
|  10|0x0000000705a00000, 0x0000000705a00000, 0x0000000705c00000|  0%| F|  |TAMS 0x0000000705a00000| PB 0x0000000705a00000| Untracked 
|  11|0x0000000705c00000, 0x0000000705c00000, 0x0000000705e00000|  0%| F|  |TAMS 0x0000000705c00000| PB 0x0000000705c00000| Untracked 
|  12|0x0000000705e00000, 0x0000000705e00000, 0x0000000706000000|  0%| F|  |TAMS 0x0000000705e00000| PB 0x0000000705e00000| Untracked 
|  13|0x0000000706000000, 0x0000000706000000, 0x0000000706200000|  0%| F|  |TAMS 0x0000000706000000| PB 0x0000000706000000| Untracked 
|  14|0x0000000706200000, 0x0000000706200000, 0x0000000706400000|  0%| F|  |TAMS 0x0000000706200000| PB 0x0000000706200000| Untracked 
|  15|0x0000000706400000, 0x0000000706400000, 0x0000000706600000|  0%| F|  |TAMS 0x0000000706400000| PB 0x0000000706400000| Untracked 
|  16|0x0000000706600000, 0x0000000706600000, 0x0000000706800000|  0%| F|  |TAMS 0x0000000706600000| PB 0x0000000706600000| Untracked 
|  17|0x0000000706800000, 0x0000000706800000, 0x0000000706a00000|  0%| F|  |TAMS 0x0000000706800000| PB 0x0000000706800000| Untracked 
|  18|0x0000000706a00000, 0x0000000706a00000, 0x0000000706c00000|  0%| F|  |TAMS 0x0000000706a00000| PB 0x0000000706a00000| Untracked 
|  19|0x0000000706c00000, 0x0000000706c00000, 0x0000000706e00000|  0%| F|  |TAMS 0x0000000706c00000| PB 0x0000000706c00000| Untracked 
|  20|0x0000000706e00000, 0x0000000706e00000, 0x0000000707000000|  0%| F|  |TAMS 0x0000000706e00000| PB 0x0000000706e00000| Untracked 
|  21|0x0000000707000000, 0x0000000707000000, 0x0000000707200000|  0%| F|  |TAMS 0x0000000707000000| PB 0x0000000707000000| Untracked 
|  22|0x0000000707200000, 0x0000000707200000, 0x0000000707400000|  0%| F|  |TAMS 0x0000000707200000| PB 0x0000000707200000| Untracked 
|  23|0x0000000707400000, 0x0000000707400000, 0x0000000707600000|  0%| F|  |TAMS 0x0000000707400000| PB 0x0000000707400000| Untracked 
|  24|0x0000000707600000, 0x0000000707600000, 0x0000000707800000|  0%| F|  |TAMS 0x0000000707600000| PB 0x0000000707600000| Untracked 
|  25|0x0000000707800000, 0x0000000707800000, 0x0000000707a00000|  0%| F|  |TAMS 0x0000000707800000| PB 0x0000000707800000| Untracked 
|  26|0x0000000707a00000, 0x0000000707a00000, 0x0000000707c00000|  0%| F|  |TAMS 0x0000000707a00000| PB 0x0000000707a00000| Untracked 
|  27|0x0000000707c00000, 0x0000000707c00000, 0x0000000707e00000|  0%| F|  |TAMS 0x0000000707c00000| PB 0x0000000707c00000| Untracked 
|  28|0x0000000707e00000, 0x0000000707e00000, 0x0000000708000000|  0%| F|  |TAMS 0x0000000707e00000| PB 0x0000000707e00000| Untracked 
|  29|0x0000000708000000, 0x0000000708000000, 0x0000000708200000|  0%| F|  |TAMS 0x0000000708000000| PB 0x0000000708000000| Untracked 
|  30|0x0000000708200000, 0x0000000708200000, 0x0000000708400000|  0%| F|  |TAMS 0x0000000708200000| PB 0x0000000708200000| Untracked 
|  31|0x0000000708400000, 0x0000000708400000, 0x0000000708600000|  0%| F|  |TAMS 0x0000000708400000| PB 0x0000000708400000| Untracked 
|  32|0x0000000708600000, 0x0000000708600000, 0x0000000708800000|  0%| F|  |TAMS 0x0000000708600000| PB 0x0000000708600000| Untracked 
|  33|0x0000000708800000, 0x0000000708800000, 0x0000000708a00000|  0%| F|  |TAMS 0x0000000708800000| PB 0x0000000708800000| Untracked 
|  34|0x0000000708a00000, 0x0000000708a00000, 0x0000000708c00000|  0%| F|  |TAMS 0x0000000708a00000| PB 0x0000000708a00000| Untracked 
|  35|0x0000000708c00000, 0x0000000708c00000, 0x0000000708e00000|  0%| F|  |TAMS 0x0000000708c00000| PB 0x0000000708c00000| Untracked 
|  36|0x0000000708e00000, 0x0000000708e00000, 0x0000000709000000|  0%| F|  |TAMS 0x0000000708e00000| PB 0x0000000708e00000| Untracked 
|  37|0x0000000709000000, 0x0000000709000000, 0x0000000709200000|  0%| F|  |TAMS 0x0000000709000000| PB 0x0000000709000000| Untracked 
|  38|0x0000000709200000, 0x0000000709200000, 0x0000000709400000|  0%| F|  |TAMS 0x0000000709200000| PB 0x0000000709200000| Untracked 
|  39|0x0000000709400000, 0x0000000709400000, 0x0000000709600000|  0%| F|  |TAMS 0x0000000709400000| PB 0x0000000709400000| Untracked 
|  40|0x0000000709600000, 0x0000000709600000, 0x0000000709800000|  0%| F|  |TAMS 0x0000000709600000| PB 0x0000000709600000| Untracked 
|  41|0x0000000709800000, 0x0000000709800000, 0x0000000709a00000|  0%| F|  |TAMS 0x0000000709800000| PB 0x0000000709800000| Untracked 
|  42|0x0000000709a00000, 0x0000000709a00000, 0x0000000709c00000|  0%| F|  |TAMS 0x0000000709a00000| PB 0x0000000709a00000| Untracked 
|  43|0x0000000709c00000, 0x0000000709c00000, 0x0000000709e00000|  0%| F|  |TAMS 0x0000000709c00000| PB 0x0000000709c00000| Untracked 
|  44|0x0000000709e00000, 0x0000000709e00000, 0x000000070a000000|  0%| F|  |TAMS 0x0000000709e00000| PB 0x0000000709e00000| Untracked 
|  45|0x000000070a000000, 0x000000070a000000, 0x000000070a200000|  0%| F|  |TAMS 0x000000070a000000| PB 0x000000070a000000| Untracked 
|  46|0x000000070a200000, 0x000000070a200000, 0x000000070a400000|  0%| F|  |TAMS 0x000000070a200000| PB 0x000000070a200000| Untracked 
|  47|0x000000070a400000, 0x000000070a400000, 0x000000070a600000|  0%| F|  |TAMS 0x000000070a400000| PB 0x000000070a400000| Untracked 
|  48|0x000000070a600000, 0x000000070a600000, 0x000000070a800000|  0%| F|  |TAMS 0x000000070a600000| PB 0x000000070a600000| Untracked 
|  49|0x000000070a800000, 0x000000070a800000, 0x000000070aa00000|  0%| F|  |TAMS 0x000000070a800000| PB 0x000000070a800000| Untracked 
|  50|0x000000070aa00000, 0x000000070aa00000, 0x000000070ac00000|  0%| F|  |TAMS 0x000000070aa00000| PB 0x000000070aa00000| Untracked 
|  51|0x000000070ac00000, 0x000000070ac00000, 0x000000070ae00000|  0%| F|  |TAMS 0x000000070ac00000| PB 0x000000070ac00000| Untracked 
|  52|0x000000070ae00000, 0x000000070ae00000, 0x000000070b000000|  0%| F|  |TAMS 0x000000070ae00000| PB 0x000000070ae00000| Untracked 
|  53|0x000000070b000000, 0x000000070b000000, 0x000000070b200000|  0%| F|  |TAMS 0x000000070b000000| PB 0x000000070b000000| Untracked 
|  54|0x000000070b200000, 0x000000070b200000, 0x000000070b400000|  0%| F|  |TAMS 0x000000070b200000| PB 0x000000070b200000| Untracked 
|  55|0x000000070b400000, 0x000000070b400000, 0x000000070b600000|  0%| F|  |TAMS 0x000000070b400000| PB 0x000000070b400000| Untracked 
|  56|0x000000070b600000, 0x000000070b600000, 0x000000070b800000|  0%| F|  |TAMS 0x000000070b600000| PB 0x000000070b600000| Untracked 
|  57|0x000000070b800000, 0x000000070b800000, 0x000000070ba00000|  0%| F|  |TAMS 0x000000070b800000| PB 0x000000070b800000| Untracked 
|  58|0x000000070ba00000, 0x000000070ba00000, 0x000000070bc00000|  0%| F|  |TAMS 0x000000070ba00000| PB 0x000000070ba00000| Untracked 
|  59|0x000000070bc00000, 0x000000070bc00000, 0x000000070be00000|  0%| F|  |TAMS 0x000000070bc00000| PB 0x000000070bc00000| Untracked 
|  60|0x000000070be00000, 0x000000070be00000, 0x000000070c000000|  0%| F|  |TAMS 0x000000070be00000| PB 0x000000070be00000| Untracked 
|  61|0x000000070c000000, 0x000000070c000000, 0x000000070c200000|  0%| F|  |TAMS 0x000000070c000000| PB 0x000000070c000000| Untracked 
|  62|0x000000070c200000, 0x000000070c200000, 0x000000070c400000|  0%| F|  |TAMS 0x000000070c200000| PB 0x000000070c200000| Untracked 
|  63|0x000000070c400000, 0x000000070c400000, 0x000000070c600000|  0%| F|  |TAMS 0x000000070c400000| PB 0x000000070c400000| Untracked 
|  64|0x000000070c600000, 0x000000070c600000, 0x000000070c800000|  0%| F|  |TAMS 0x000000070c600000| PB 0x000000070c600000| Untracked 
|  65|0x000000070c800000, 0x000000070c800000, 0x000000070ca00000|  0%| F|  |TAMS 0x000000070c800000| PB 0x000000070c800000| Untracked 
|  66|0x000000070ca00000, 0x000000070ca00000, 0x000000070cc00000|  0%| F|  |TAMS 0x000000070ca00000| PB 0x000000070ca00000| Untracked 
|  67|0x000000070cc00000, 0x000000070cc00000, 0x000000070ce00000|  0%| F|  |TAMS 0x000000070cc00000| PB 0x000000070cc00000| Untracked 
|  68|0x000000070ce00000, 0x000000070ce00000, 0x000000070d000000|  0%| F|  |TAMS 0x000000070ce00000| PB 0x000000070ce00000| Untracked 
|  69|0x000000070d000000, 0x000000070d000000, 0x000000070d200000|  0%| F|  |TAMS 0x000000070d000000| PB 0x000000070d000000| Untracked 
|  70|0x000000070d200000, 0x000000070d200000, 0x000000070d400000|  0%| F|  |TAMS 0x000000070d200000| PB 0x000000070d200000| Untracked 
|  71|0x000000070d400000, 0x000000070d400000, 0x000000070d600000|  0%| F|  |TAMS 0x000000070d400000| PB 0x000000070d400000| Untracked 
|  72|0x000000070d600000, 0x000000070d600000, 0x000000070d800000|  0%| F|  |TAMS 0x000000070d600000| PB 0x000000070d600000| Untracked 
|  73|0x000000070d800000, 0x000000070d800000, 0x000000070da00000|  0%| F|  |TAMS 0x000000070d800000| PB 0x000000070d800000| Untracked 
|  74|0x000000070da00000, 0x000000070da00000, 0x000000070dc00000|  0%| F|  |TAMS 0x000000070da00000| PB 0x000000070da00000| Untracked 
|  75|0x000000070dc00000, 0x000000070dc00000, 0x000000070de00000|  0%| F|  |TAMS 0x000000070dc00000| PB 0x000000070dc00000| Untracked 
|  76|0x000000070de00000, 0x000000070de00000, 0x000000070e000000|  0%| F|  |TAMS 0x000000070de00000| PB 0x000000070de00000| Untracked 
|  77|0x000000070e000000, 0x000000070e000000, 0x000000070e200000|  0%| F|  |TAMS 0x000000070e000000| PB 0x000000070e000000| Untracked 
|  78|0x000000070e200000, 0x000000070e200000, 0x000000070e400000|  0%| F|  |TAMS 0x000000070e200000| PB 0x000000070e200000| Untracked 
|  79|0x000000070e400000, 0x000000070e400000, 0x000000070e600000|  0%| F|  |TAMS 0x000000070e400000| PB 0x000000070e400000| Untracked 
|  80|0x000000070e600000, 0x000000070e600000, 0x000000070e800000|  0%| F|  |TAMS 0x000000070e600000| PB 0x000000070e600000| Untracked 
|  81|0x000000070e800000, 0x000000070e800000, 0x000000070ea00000|  0%| F|  |TAMS 0x000000070e800000| PB 0x000000070e800000| Untracked 
|  82|0x000000070ea00000, 0x000000070ea00000, 0x000000070ec00000|  0%| F|  |TAMS 0x000000070ea00000| PB 0x000000070ea00000| Untracked 
|  83|0x000000070ec00000, 0x000000070ec00000, 0x000000070ee00000|  0%| F|  |TAMS 0x000000070ec00000| PB 0x000000070ec00000| Untracked 
|  84|0x000000070ee00000, 0x000000070ee00000, 0x000000070f000000|  0%| F|  |TAMS 0x000000070ee00000| PB 0x000000070ee00000| Untracked 
|  85|0x000000070f000000, 0x000000070f000000, 0x000000070f200000|  0%| F|  |TAMS 0x000000070f000000| PB 0x000000070f000000| Untracked 
|  86|0x000000070f200000, 0x000000070f200000, 0x000000070f400000|  0%| F|  |TAMS 0x000000070f200000| PB 0x000000070f200000| Untracked 
|  87|0x000000070f400000, 0x000000070f400000, 0x000000070f600000|  0%| F|  |TAMS 0x000000070f400000| PB 0x000000070f400000| Untracked 
|  88|0x000000070f600000, 0x000000070f600000, 0x000000070f800000|  0%| F|  |TAMS 0x000000070f600000| PB 0x000000070f600000| Untracked 
|  89|0x000000070f800000, 0x000000070f800000, 0x000000070fa00000|  0%| F|  |TAMS 0x000000070f800000| PB 0x000000070f800000| Untracked 
|  90|0x000000070fa00000, 0x000000070fa00000, 0x000000070fc00000|  0%| F|  |TAMS 0x000000070fa00000| PB 0x000000070fa00000| Untracked 
|  91|0x000000070fc00000, 0x000000070fc00000, 0x000000070fe00000|  0%| F|  |TAMS 0x000000070fc00000| PB 0x000000070fc00000| Untracked 
|  92|0x000000070fe00000, 0x000000070fe00000, 0x0000000710000000|  0%| F|  |TAMS 0x000000070fe00000| PB 0x000000070fe00000| Untracked 
|  93|0x0000000710000000, 0x0000000710000000, 0x0000000710200000|  0%| F|  |TAMS 0x0000000710000000| PB 0x0000000710000000| Untracked 
|  94|0x0000000710200000, 0x0000000710200000, 0x0000000710400000|  0%| F|  |TAMS 0x0000000710200000| PB 0x0000000710200000| Untracked 
|  95|0x0000000710400000, 0x0000000710400000, 0x0000000710600000|  0%| F|  |TAMS 0x0000000710400000| PB 0x0000000710400000| Untracked 
|  96|0x0000000710600000, 0x0000000710600000, 0x0000000710800000|  0%| F|  |TAMS 0x0000000710600000| PB 0x0000000710600000| Untracked 
|  97|0x0000000710800000, 0x0000000710800000, 0x0000000710a00000|  0%| F|  |TAMS 0x0000000710800000| PB 0x0000000710800000| Untracked 
|  98|0x0000000710a00000, 0x0000000710a00000, 0x0000000710c00000|  0%| F|  |TAMS 0x0000000710a00000| PB 0x0000000710a00000| Untracked 
|  99|0x0000000710c00000, 0x0000000710c00000, 0x0000000710e00000|  0%| F|  |TAMS 0x0000000710c00000| PB 0x0000000710c00000| Untracked 
| 100|0x0000000710e00000, 0x0000000710e00000, 0x0000000711000000|  0%| F|  |TAMS 0x0000000710e00000| PB 0x0000000710e00000| Untracked 
| 101|0x0000000711000000, 0x0000000711000000, 0x0000000711200000|  0%| F|  |TAMS 0x0000000711000000| PB 0x0000000711000000| Untracked 
| 102|0x0000000711200000, 0x0000000711200000, 0x0000000711400000|  0%| F|  |TAMS 0x0000000711200000| PB 0x0000000711200000| Untracked 
| 103|0x0000000711400000, 0x0000000711400000, 0x0000000711600000|  0%| F|  |TAMS 0x0000000711400000| PB 0x0000000711400000| Untracked 
| 104|0x0000000711600000, 0x0000000711600000, 0x0000000711800000|  0%| F|  |TAMS 0x0000000711600000| PB 0x0000000711600000| Untracked 
| 105|0x0000000711800000, 0x000000071187c630, 0x0000000711a00000| 24%| S|CS|TAMS 0x0000000711800000| PB 0x0000000711800000| Complete 
| 106|0x0000000711a00000, 0x0000000711c00000, 0x0000000711c00000|100%| S|CS|TAMS 0x0000000711a00000| PB 0x0000000711a00000| Complete 
| 107|0x0000000711c00000, 0x0000000711e00000, 0x0000000711e00000|100%| S|CS|TAMS 0x0000000711c00000| PB 0x0000000711c00000| Complete 
| 108|0x0000000711e00000, 0x0000000711e00000, 0x0000000712000000|  0%| F|  |TAMS 0x0000000711e00000| PB 0x0000000711e00000| Untracked 
| 109|0x0000000712000000, 0x0000000712000000, 0x0000000712200000|  0%| F|  |TAMS 0x0000000712000000| PB 0x0000000712000000| Untracked 
| 110|0x0000000712200000, 0x0000000712200000, 0x0000000712400000|  0%| F|  |TAMS 0x0000000712200000| PB 0x0000000712200000| Untracked 
| 111|0x0000000712400000, 0x0000000712400000, 0x0000000712600000|  0%| F|  |TAMS 0x0000000712400000| PB 0x0000000712400000| Untracked 
| 112|0x0000000712600000, 0x0000000712600000, 0x0000000712800000|  0%| F|  |TAMS 0x0000000712600000| PB 0x0000000712600000| Untracked 
| 113|0x0000000712800000, 0x0000000712800000, 0x0000000712a00000|  0%| F|  |TAMS 0x0000000712800000| PB 0x0000000712800000| Untracked 
| 114|0x0000000712a00000, 0x0000000712a00000, 0x0000000712c00000|  0%| F|  |TAMS 0x0000000712a00000| PB 0x0000000712a00000| Untracked 
| 115|0x0000000712c00000, 0x0000000712c00000, 0x0000000712e00000|  0%| F|  |TAMS 0x0000000712c00000| PB 0x0000000712c00000| Untracked 
| 116|0x0000000712e00000, 0x0000000712e00000, 0x0000000713000000|  0%| F|  |TAMS 0x0000000712e00000| PB 0x0000000712e00000| Untracked 
| 117|0x0000000713000000, 0x0000000713000000, 0x0000000713200000|  0%| F|  |TAMS 0x0000000713000000| PB 0x0000000713000000| Untracked 
| 118|0x0000000713200000, 0x0000000713200000, 0x0000000713400000|  0%| F|  |TAMS 0x0000000713200000| PB 0x0000000713200000| Untracked 
| 119|0x0000000713400000, 0x0000000713400000, 0x0000000713600000|  0%| F|  |TAMS 0x0000000713400000| PB 0x0000000713400000| Untracked 
| 120|0x0000000713600000, 0x0000000713600000, 0x0000000713800000|  0%| F|  |TAMS 0x0000000713600000| PB 0x0000000713600000| Untracked 
| 121|0x0000000713800000, 0x0000000713800000, 0x0000000713a00000|  0%| F|  |TAMS 0x0000000713800000| PB 0x0000000713800000| Untracked 
| 122|0x0000000713a00000, 0x0000000713a00000, 0x0000000713c00000|  0%| F|  |TAMS 0x0000000713a00000| PB 0x0000000713a00000| Untracked 
| 123|0x0000000713c00000, 0x0000000713c00000, 0x0000000713e00000|  0%| F|  |TAMS 0x0000000713c00000| PB 0x0000000713c00000| Untracked 
| 124|0x0000000713e00000, 0x0000000713ef1600, 0x0000000714000000| 47%| E|  |TAMS 0x0000000713e00000| PB 0x0000000713e00000| Complete 
| 125|0x0000000714000000, 0x0000000714200000, 0x0000000714200000|100%| E|CS|TAMS 0x0000000714000000| PB 0x0000000714000000| Complete 

Card table byte_map: [0x0000025b19c50000,0x0000025b1a430000] _byte_map_base: 0x0000025b1642d000

Marking Bits: (CMBitMap*) 0x0000025b01d75030
 Bits: [0x0000025b1a430000, 0x0000025b1e318000)

Polling page: 0x0000025b014a0000

Metaspace:

Usage:
  Non-class:     17.17 MB used.
      Class:      2.25 MB used.
       Both:     19.41 MB used.

Virtual space:
  Non-class space:       64.00 MB reserved,      17.38 MB ( 27%) committed,  1 nodes.
      Class space:        1.00 GB reserved,       2.38 MB ( <1%) committed,  1 nodes.
             Both:        1.06 GB reserved,      19.75 MB (  2%) committed. 

Chunk freelists:
   Non-Class:  14.08 MB
       Class:  13.51 MB
        Both:  27.58 MB

MaxMetaspaceSize: unlimited
CompressedClassSpaceSize: 1.00 GB
Initial GC threshold: 21.00 MB
Current GC threshold: 21.00 MB
CDS: on
 - commit_granule_bytes: 65536.
 - commit_granule_words: 8192.
 - virtual_space_node_default_size: 8388608.
 - enlarge_chunks_in_place: 1.
 - use_allocation_guard: 0.


Internal statistics:

num_allocs_failed_limit: 0.
num_arena_births: 374.
num_arena_deaths: 0.
num_vsnodes_births: 2.
num_vsnodes_deaths: 0.
num_space_committed: 316.
num_space_uncommitted: 0.
num_chunks_returned_to_freelist: 0.
num_chunks_taken_from_freelist: 784.
num_chunk_merges: 0.
num_chunk_splits: 488.
num_chunks_enlarged: 285.
num_inconsistent_stats: 0.

CodeHeap 'non-profiled nmethods': size=120000Kb used=919Kb max_used=919Kb free=119080Kb
 bounds [0x0000025b11c10000, 0x0000025b11e80000, 0x0000025b19140000]
CodeHeap 'profiled nmethods': size=120000Kb used=4096Kb max_used=4096Kb free=115904Kb
 bounds [0x0000025b0a140000, 0x0000025b0a540000, 0x0000025b11670000]
CodeHeap 'non-nmethods': size=5760Kb used=1669Kb max_used=1669Kb free=4090Kb
 bounds [0x0000025b11670000, 0x0000025b118e0000, 0x0000025b11c10000]
 total_blobs=3051 nmethods=2345 adapters=610
 compilation: enabled
              stopped_count=0, restarted_count=0
 full_count=0

Compilation events (20 events):
Event: 8.956 Thread 0x0000025b6600bb80 2326       1       java.lang.Class::getClassLoader0 (5 bytes)
Event: 8.956 Thread 0x0000025b6600bb80 nmethod 2326 0x0000025b11cf1910 code [0x0000025b11cf1aa0, 0x0000025b11cf1b70]
Event: 8.956 Thread 0x0000025b6600bb80 2325       1       java.nio.HeapByteBuffer::isReadOnly (2 bytes)
Event: 8.956 Thread 0x0000025b6600bb80 nmethod 2325 0x0000025b11cf1c10 code [0x0000025b11cf1da0, 0x0000025b11cf1e68]
Event: 8.960 Thread 0x0000025b6600bb80 2329       3       java.lang.invoke.SimpleMethodHandle::speciesData (4 bytes)
Event: 8.960 Thread 0x0000025b6600bb80 nmethod 2329 0x0000025b0a53ab10 code [0x0000025b0a53aca0, 0x0000025b0a53adb8]
Event: 8.962 Thread 0x0000025b679c3800 2330       4       java.lang.String::startsWith (123 bytes)
Event: 8.965 Thread 0x0000025b673233f0 2331       4       jdk.internal.ref.CleanerFactory::cleaner (4 bytes)
Event: 8.965 Thread 0x0000025b673233f0 nmethod 2331 0x0000025b11cf1f10 code [0x0000025b11cf20a0, 0x0000025b11cf2110]
Event: 8.967 Thread 0x0000025b6600bb80 2332       1       java.lang.reflect.Constructor::getConstructorAccessor (5 bytes)
Event: 8.967 Thread 0x0000025b6600bb80 nmethod 2332 0x0000025b11cf2210 code [0x0000025b11cf23a0, 0x0000025b11cf2470]
Event: 8.968 Thread 0x0000025b679c3800 nmethod 2330 0x0000025b11cf2510 code [0x0000025b11cf26c0, 0x0000025b11cf2a00]
Event: 8.983 Thread 0x0000025b6600bb80 2333       3       com.sun.org.apache.xerces.internal.utils.XMLSecurityManager$Limit::is (35 bytes)
Event: 8.984 Thread 0x0000025b6600bb80 nmethod 2333 0x0000025b0a53ae90 code [0x0000025b0a53b060, 0x0000025b0a53b2c0]
Event: 8.985 Thread 0x0000025b6600bb80 2334       3       java.util.Arrays::fill (28 bytes)
Event: 8.985 Thread 0x0000025b6600bb80 nmethod 2334 0x0000025b0a53b410 code [0x0000025b0a53b5c0, 0x0000025b0a53b7d8]
Event: 8.985 Thread 0x0000025b679c3800 2335 %     4       java.util.Arrays::fill @ 10 (28 bytes)
Event: 8.991 Thread 0x0000025b679c3800 nmethod 2335% 0x0000025b11cf2c90 code [0x0000025b11cf2e20, 0x0000025b11cf3028]
Event: 8.998 Thread 0x0000025b6600bb80 2336       3       java.lang.reflect.Constructor::getParameterCount (6 bytes)
Event: 8.999 Thread 0x0000025b6600bb80 nmethod 2336 0x0000025b0a53b910 code [0x0000025b0a53baa0, 0x0000025b0a53bbb8]

GC Heap History (2 events):
Event: 0.887 GC heap before
{Heap before GC invocations=0 (full 0):
 garbage-first heap   total 258048K, used 22528K [0x0000000704600000, 0x0000000800000000)
  region size 2048K, 11 young (22528K), 0 survivors (0K)
 Metaspace       used 5652K, committed 5824K, reserved 1114112K
  class space    used 622K, committed 704K, reserved 1048576K
}
Event: 0.895 GC heap after
{Heap after GC invocations=1 (full 0):
 garbage-first heap   total 258048K, used 3882K [0x0000000704600000, 0x0000000800000000)
  region size 2048K, 2 young (4096K), 2 survivors (4096K)
 Metaspace       used 5652K, committed 5824K, reserved 1114112K
  class space    used 622K, committed 704K, reserved 1048576K
}

Dll operation events (20 events):
Event: 0.713 Loaded shared library C:\Users\prabh\.openjfx\cache\21+31\amd64\api-ms-win-crt-heap-l1-1-0.dll
Event: 0.718 Loaded shared library C:\Users\prabh\.openjfx\cache\21+31\amd64\api-ms-win-crt-locale-l1-1-0.dll
Event: 0.723 Loaded shared library C:\Users\prabh\.openjfx\cache\21+31\amd64\api-ms-win-crt-math-l1-1-0.dll
Event: 0.727 Loaded shared library C:\Users\prabh\.openjfx\cache\21+31\amd64\api-ms-win-crt-multibyte-l1-1-0.dll
Event: 0.733 Loaded shared library C:\Users\prabh\.openjfx\cache\21+31\amd64\api-ms-win-crt-private-l1-1-0.dll
Event: 0.737 Loaded shared library C:\Users\prabh\.openjfx\cache\21+31\amd64\api-ms-win-crt-process-l1-1-0.dll
Event: 0.742 Loaded shared library C:\Users\prabh\.openjfx\cache\21+31\amd64\api-ms-win-crt-runtime-l1-1-0.dll
Event: 0.747 Loaded shared library C:\Users\prabh\.openjfx\cache\21+31\amd64\api-ms-win-crt-stdio-l1-1-0.dll
Event: 0.751 Loaded shared library C:\Users\prabh\.openjfx\cache\21+31\amd64\api-ms-win-crt-string-l1-1-0.dll
Event: 0.757 Loaded shared library C:\Users\prabh\.openjfx\cache\21+31\amd64\api-ms-win-crt-time-l1-1-0.dll
Event: 0.762 Loaded shared library C:\Users\prabh\.openjfx\cache\21+31\amd64\api-ms-win-crt-utility-l1-1-0.dll
Event: 0.792 Loaded shared library C:\Users\prabh\.openjfx\cache\21+31\amd64\ucrtbase.dll
Event: 0.801 Loaded shared library C:\Users\prabh\.openjfx\cache\21+31\amd64\vcruntime140.dll
Event: 0.809 Loaded shared library C:\Users\prabh\.openjfx\cache\21+31\amd64\vcruntime140_1.dll
Event: 0.828 Loaded shared library C:\Users\prabh\.openjfx\cache\21+31\amd64\msvcp140.dll
Event: 0.834 Loaded shared library C:\Users\prabh\.openjfx\cache\21+31\amd64\msvcp140_1.dll
Event: 0.847 Loaded shared library C:\Users\prabh\.openjfx\cache\21+31\amd64\msvcp140_2.dll
Event: 0.940 Loaded shared library C:\Users\prabh\.openjfx\cache\21+31\amd64\prism_d3d.dll
Event: 1.008 Loaded shared library C:\Users\prabh\.openjfx\cache\21+31\amd64\glass.dll
Event: 8.491 Loaded shared library C:\Program Files\Java\jdk-21.0.2\bin\sunmscapi.dll

Deoptimization events (20 events):
Event: 8.482 Thread 0x0000025b66b30870 Uncommon trap: trap_request=0xffffffde fr.pc=0x0000025b11ca3bf0 relative=0x0000000000000370
Event: 8.482 Thread 0x0000025b66b30870 Uncommon trap: reason=class_check action=maybe_recompile pc=0x0000025b11ca3bf0 method=java.util.HashSet.add(Ljava/lang/Object;)Z @ 8 c2
Event: 8.482 Thread 0x0000025b66b30870 DEOPT PACKING pc=0x0000025b11ca3bf0 sp=0x00000098808fd4d0
Event: 8.482 Thread 0x0000025b66b30870 DEOPT UNPACKING pc=0x0000025b116c46a2 sp=0x00000098808fd470 mode 2
Event: 8.482 Thread 0x0000025b66b30870 Uncommon trap: trap_request=0xffffffde fr.pc=0x0000025b11ca3bf0 relative=0x0000000000000370
Event: 8.482 Thread 0x0000025b66b30870 Uncommon trap: reason=class_check action=maybe_recompile pc=0x0000025b11ca3bf0 method=java.util.HashSet.add(Ljava/lang/Object;)Z @ 8 c2
Event: 8.482 Thread 0x0000025b66b30870 DEOPT PACKING pc=0x0000025b11ca3bf0 sp=0x00000098808fd4d0
Event: 8.482 Thread 0x0000025b66b30870 DEOPT UNPACKING pc=0x0000025b116c46a2 sp=0x00000098808fd470 mode 2
Event: 8.482 Thread 0x0000025b66b30870 Uncommon trap: trap_request=0xffffffde fr.pc=0x0000025b11ca3bf0 relative=0x0000000000000370
Event: 8.482 Thread 0x0000025b66b30870 Uncommon trap: reason=class_check action=maybe_recompile pc=0x0000025b11ca3bf0 method=java.util.HashSet.add(Ljava/lang/Object;)Z @ 8 c2
Event: 8.482 Thread 0x0000025b66b30870 DEOPT PACKING pc=0x0000025b11ca3bf0 sp=0x00000098808fd4d0
Event: 8.482 Thread 0x0000025b66b30870 DEOPT UNPACKING pc=0x0000025b116c46a2 sp=0x00000098808fd470 mode 2
Event: 8.520 Thread 0x0000025b66b30870 Uncommon trap: trap_request=0xffffff45 fr.pc=0x0000025b11cb22f4 relative=0x00000000000000d4
Event: 8.520 Thread 0x0000025b66b30870 Uncommon trap: reason=unstable_if action=reinterpret pc=0x0000025b11cb22f4 method=java.lang.ref.SoftReference.get()Ljava/lang/Object; @ 6 c2
Event: 8.520 Thread 0x0000025b66b30870 DEOPT PACKING pc=0x0000025b11cb22f4 sp=0x00000098808fb7a0
Event: 8.520 Thread 0x0000025b66b30870 DEOPT UNPACKING pc=0x0000025b116c46a2 sp=0x00000098808fb758 mode 2
Event: 8.636 Thread 0x0000025b66b30870 Uncommon trap: trap_request=0xffffff45 fr.pc=0x0000025b11c25ab4 relative=0x0000000000000194
Event: 8.636 Thread 0x0000025b66b30870 Uncommon trap: reason=unstable_if action=reinterpret pc=0x0000025b11c25ab4 method=jdk.internal.util.ArraysSupport.vectorizedHashCode(Ljava/lang/Object;IIII)I @ 2 c2
Event: 8.636 Thread 0x0000025b66b30870 DEOPT PACKING pc=0x0000025b11c25ab4 sp=0x00000098808faee0
Event: 8.636 Thread 0x0000025b66b30870 DEOPT UNPACKING pc=0x0000025b116c46a2 sp=0x00000098808fae90 mode 2

Classes loaded (20 events):
Event: 8.983 Loading class com/sun/org/apache/xerces/internal/impl/msg/XMLMessageFormatter
Event: 8.983 Loading class com/sun/org/apache/xerces/internal/util/MessageFormatter
Event: 8.983 Loading class com/sun/org/apache/xerces/internal/util/MessageFormatter done
Event: 8.983 Loading class com/sun/org/apache/xerces/internal/impl/msg/XMLMessageFormatter done
Event: 8.983 Loading class com/sun/org/apache/xerces/internal/utils/XMLLimitAnalyzer
Event: 8.983 Loading class com/sun/org/apache/xerces/internal/utils/XMLLimitAnalyzer done
Event: 8.983 Loading class com/sun/org/apache/xerces/internal/util/XMLSymbols
Event: 8.984 Loading class com/sun/org/apache/xerces/internal/util/XMLSymbols done
Event: 8.984 Loading class com/sun/xml/internal/stream/Entity$ScannedEntity
Event: 8.984 Loading class com/sun/xml/internal/stream/Entity
Event: 8.984 Loading class com/sun/xml/internal/stream/Entity done
Event: 8.984 Loading class com/sun/xml/internal/stream/Entity$ScannedEntity done
Event: 8.984 Loading class com/sun/xml/internal/stream/util/ThreadLocalBufferAllocator
Event: 8.984 Loading class com/sun/xml/internal/stream/util/ThreadLocalBufferAllocator done
Event: 8.984 Loading class com/sun/xml/internal/stream/util/BufferAllocator
Event: 8.984 Loading class com/sun/xml/internal/stream/util/BufferAllocator done
Event: 8.984 Loading class com/sun/org/apache/xerces/internal/util/XMLChar
Event: 8.985 Loading class com/sun/org/apache/xerces/internal/util/XMLChar done
Event: 8.985 Loading class com/sun/org/apache/xerces/internal/impl/XMLScanner$NameType
Event: 8.986 Loading class com/sun/org/apache/xerces/internal/impl/XMLScanner$NameType done

Classes unloaded (0 events):
No events

Classes redefined (0 events):
No events

Internal exceptions (20 events):
Event: 1.197 Thread 0x0000025b66e56df0 Exception <a 'java/lang/NoSuchMethodError'{0x00000007137930d0}: static [B.<clinit>()V> (0x00000007137930d0) 
thrown [s\open\src\hotspot\share\prims\jni.cpp, line 1106]
Event: 1.212 Thread 0x0000025b66b30870 Exception <a 'java/lang/NoSuchMethodError'{0x00000007137b16d0}: 'void java.lang.invoke.DirectMethodHandle$Holder.invokeStatic(java.lang.Object, long)'> (0x00000007137b16d0) 
thrown [s\open\src\hotspot\share\interpreter\linkResolver.cpp, line 773]
Event: 1.213 Thread 0x0000025b66b30870 Exception <a 'java/lang/NoSuchMethodError'{0x00000007137b62a0}: 'java.lang.Object java.lang.invoke.DirectMethodHandle$Holder.newInvokeSpecial(java.lang.Object, long)'> (0x00000007137b62a0) 
thrown [s\open\src\hotspot\share\interpreter\linkResolver.cpp, line 773]
Event: 1.215 Thread 0x0000025b66b30870 Exception <a 'java/lang/NoSuchMethodError'{0x00000007137bc468}: 'java.lang.Object java.lang.invoke.DirectMethodHandle$Holder.invokeStatic(java.lang.Object, long, java.lang.Object)'> (0x00000007137bc468) 
thrown [s\open\src\hotspot\share\interpreter\linkResolver.cpp, line 773]
Event: 1.216 Thread 0x0000025b66b30870 Exception <a 'java/lang/NoSuchMethodError'{0x00000007137bfac0}: 'java.lang.Object java.lang.invoke.DirectMethodHandle$Holder.invokeStaticInit(java.lang.Object, long, java.lang.Object)'> (0x00000007137bfac0) 
thrown [s\open\src\hotspot\share\interpreter\linkResolver.cpp, line 773]
Event: 1.217 Thread 0x0000025b66e56df0 Exception <a 'java/lang/ClassNotFoundException'{0x000000071340bd78}: javax/management/remote/rmi/RMIConnectionImpl_Skel> (0x000000071340bd78) 
thrown [s\open\src\hotspot\share\classfile\systemDictionary.cpp, line 312]
Event: 1.225 Thread 0x0000025b671cf110 Exception <a 'java/lang/NoSuchMethodError'{0x0000000713454f70}: 'java.lang.Object java.lang.invoke.Invokers$Holder.linkToTargetMethod(java.lang.Object, long, java.lang.Object)'> (0x0000000713454f70) 
thrown [s\open\src\hotspot\share\interpreter\linkResolver.cpp, line 773]
Event: 1.258 Thread 0x0000025b66e56df0 Exception <a 'java/lang/NoSuchMethodError'{0x00000007134a5f50}: 'int java.lang.invoke.DelegatingMethodHandle$Holder.reinvoke_L(java.lang.Object, java.lang.Object, java.lang.Object, java.lang.Object, java.lang.Object)'> (0x00000007134a5f50) 
thrown [s\open\src\hotspot\share\interpreter\linkResolver.cpp, line 773]
Event: 1.283 Thread 0x0000025b66e56df0 Exception <a 'java/lang/NoSuchMethodError'{0x00000007134c14f0}: 'java.lang.Object java.lang.invoke.DirectMethodHandle$Holder.invokeInterface(java.lang.Object, java.lang.Object, java.lang.Object, java.lang.Object, java.lang.Object)'> (0x00000007134c14f0) 
thrown [s\open\src\hotspot\share\interpreter\linkResolver.cpp, line 773]
Event: 1.290 Thread 0x0000025b66e56df0 Exception <a 'java/lang/NoSuchMethodError'{0x00000007134e1228}: 'double java.lang.invoke.DirectMethodHandle$Holder.invokeInterface(java.lang.Object, java.lang.Object)'> (0x00000007134e1228) 
thrown [s\open\src\hotspot\share\interpreter\linkResolver.cpp, line 773]
Event: 1.291 Thread 0x0000025b66e56df0 Exception <a 'java/lang/NoSuchMethodError'{0x00000007134e8998}: 'double java.lang.invoke.DelegatingMethodHandle$Holder.reinvoke_L(java.lang.Object, java.lang.Object)'> (0x00000007134e8998) 
thrown [s\open\src\hotspot\share\interpreter\linkResolver.cpp, line 773]
Event: 1.838 Thread 0x0000025b66e56df0 Exception <a 'java/lang/NoSuchMethodError'{0x00000007135064c8}: 'long java.lang.invoke.DirectMethodHandle$Holder.invokeVirtual(java.lang.Object, java.lang.Object)'> (0x00000007135064c8) 
thrown [s\open\src\hotspot\share\interpreter\linkResolver.cpp, line 773]
Event: 1.838 Thread 0x0000025b66e56df0 Exception <a 'java/lang/NoSuchMethodError'{0x0000000713509a48}: 'long java.lang.invoke.DelegatingMethodHandle$Holder.reinvoke_L(java.lang.Object, java.lang.Object)'> (0x0000000713509a48) 
thrown [s\open\src\hotspot\share\interpreter\linkResolver.cpp, line 773]
Event: 8.233 Thread 0x0000025b66b30870 Exception <a 'sun/nio/fs/WindowsException'{0x00000007135c8408}> (0x00000007135c8408) 
thrown [s\open\src\hotspot\share\prims\jni.cpp, line 520]
Event: 8.294 Thread 0x0000025b66b30870 Exception <a 'java/lang/NoSuchMethodError'{0x0000000713338f68}: 'java.lang.Object java.lang.invoke.DirectMethodHandle$Holder.invokeVirtual(java.lang.Object, java.lang.Object, java.lang.Object)'> (0x0000000713338f68) 
thrown [s\open\src\hotspot\share\interpreter\linkResolver.cpp, line 773]
Event: 8.537 Thread 0x0000025b66b30870 Exception <a 'sun/nio/fs/WindowsException'{0x000000071279a860}> (0x000000071279a860) 
thrown [s\open\src\hotspot\share\prims\jni.cpp, line 520]
Event: 8.543 Thread 0x0000025b66b30870 Exception <a 'sun/nio/fs/WindowsException'{0x00000007127a6fe8}> (0x00000007127a6fe8) 
thrown [s\open\src\hotspot\share\prims\jni.cpp, line 520]
Event: 8.948 Thread 0x0000025b66b30870 Exception <a 'java/io/IOException'{0x000000071213ab38}> (0x000000071213ab38) 
thrown [s\open\src\hotspot\share\prims\jni.cpp, line 520]
Event: 8.948 Thread 0x0000025b66b30870 Exception <a 'java/lang/NoSuchMethodError'{0x000000071213cac8}: 'void java.lang.invoke.DirectMethodHandle$Holder.invokeInterface(java.lang.Object, java.lang.Object)'> (0x000000071213cac8) 
thrown [s\open\src\hotspot\share\interpreter\linkResolver.cpp, line 773]
Event: 8.966 Thread 0x0000025b66b30870 Exception <a 'sun/nio/fs/WindowsException'{0x0000000711e5d9d8}> (0x0000000711e5d9d8) 
thrown [s\open\src\hotspot\share\prims\jni.cpp, line 520]

ZGC Phase Switch (0 events):
No events

VM Operations (20 events):
Event: 1.217 Executing VM operation: HandshakeAllThreads (Deoptimize)
Event: 1.218 Executing VM operation: HandshakeAllThreads (Deoptimize) done
Event: 2.218 Executing VM operation: Cleanup
Event: 2.219 Executing VM operation: Cleanup done
Event: 6.221 Executing VM operation: Cleanup
Event: 6.221 Executing VM operation: Cleanup done
Event: 8.222 Executing VM operation: Cleanup
Event: 8.222 Executing VM operation: Cleanup done
Event: 8.236 Executing VM operation: HandshakeAllThreads (Deoptimize)
Event: 8.236 Executing VM operation: HandshakeAllThreads (Deoptimize) done
Event: 8.244 Executing VM operation: HandshakeAllThreads (Deoptimize)
Event: 8.244 Executing VM operation: HandshakeAllThreads (Deoptimize) done
Event: 8.244 Executing VM operation: HandshakeAllThreads (Deoptimize)
Event: 8.244 Executing VM operation: HandshakeAllThreads (Deoptimize) done
Event: 8.290 Executing VM operation: HandshakeAllThreads (Deoptimize)
Event: 8.290 Executing VM operation: HandshakeAllThreads (Deoptimize) done
Event: 8.544 Executing VM operation: HandshakeAllThreads (Deoptimize)
Event: 8.544 Executing VM operation: HandshakeAllThreads (Deoptimize) done
Event: 8.820 Executing VM operation: HandshakeAllThreads (Deoptimize)
Event: 8.820 Executing VM operation: HandshakeAllThreads (Deoptimize) done

Events (20 events):
Event: 0.108 Thread 0x0000025b20910950 Thread added: 0x0000025b20910950
Event: 0.146 Thread 0x0000025b66196070 Thread added: 0x0000025b66196070
Event: 0.282 Thread 0x0000025b663cbae0 Thread added: 0x0000025b663cbae0
Event: 0.325 Thread 0x0000025b666f60c0 Thread added: 0x0000025b666f60c0
Event: 0.325 Thread 0x0000025b666f6730 Thread added: 0x0000025b666f6730
Event: 0.919 Thread 0x0000025b66c2ce50 Thread added: 0x0000025b66c2ce50
Event: 1.012 Thread 0x0000025b66c37b10 Thread added: 0x0000025b66c37b10
Event: 1.018 Thread 0x0000025b66b30870 Thread added: 0x0000025b66b30870
Event: 1.063 Thread 0x0000025b6717a370 Thread added: 0x0000025b6717a370
Event: 1.141 Thread 0x0000025b66e56df0 Thread added: 0x0000025b66e56df0
Event: 1.142 Thread 0x0000025b671b9240 Thread added: 0x0000025b671b9240
Event: 1.145 Thread 0x0000025b67083a20 Thread added: 0x0000025b67083a20
Event: 1.195 Thread 0x0000025b671d1870 Thread added: 0x0000025b671d1870
Event: 1.213 Thread 0x0000025b671cf110 Thread added: 0x0000025b671cf110
Event: 1.641 Thread 0x0000025b66196070 Thread exited: 0x0000025b66196070
Event: 1.641 Thread 0x0000025b663cbae0 Thread exited: 0x0000025b663cbae0
Event: 8.228 Thread 0x0000025b671d0b50 Thread added: 0x0000025b671d0b50
Event: 8.296 Thread 0x0000025b673233f0 Thread added: 0x0000025b673233f0
Event: 8.714 Thread 0x0000025b679c3800 Thread added: 0x0000025b679c3800
Event: 8.951 Thread 0x0000025b671d11e0 Thread added: 0x0000025b671d11e0


Dynamic libraries:
0x00007ff6ecd00000 - 0x00007ff6ecd10000 	C:\Program Files\Java\jdk-21.0.2\bin\java.exe
0x00007ff9ab0f0000 - 0x00007ff9ab307000 	C:\WINDOWS\SYSTEM32\ntdll.dll
0x00007ff9a9ac0000 - 0x00007ff9a9b84000 	C:\WINDOWS\System32\KERNEL32.DLL
0x00007ff9a86d0000 - 0x00007ff9a8a89000 	C:\WINDOWS\System32\KERNELBASE.dll
0x00007ff9a8c70000 - 0x00007ff9a8d81000 	C:\WINDOWS\System32\ucrtbase.dll
0x00007ff992710000 - 0x00007ff992729000 	C:\Program Files\Java\jdk-21.0.2\bin\jli.dll
0x00007ff9aaff0000 - 0x00007ff9ab0a2000 	C:\WINDOWS\System32\ADVAPI32.dll
0x00007ff9a8e10000 - 0x00007ff9a8eb7000 	C:\WINDOWS\System32\msvcrt.dll
0x00007ff9a95f0000 - 0x00007ff9a9697000 	C:\WINDOWS\System32\sechost.dll
0x00007ff9a8580000 - 0x00007ff9a85a8000 	C:\WINDOWS\System32\bcrypt.dll
0x00007ff9a8f20000 - 0x00007ff9a9034000 	C:\WINDOWS\System32\RPCRT4.dll
0x00007ff9aadc0000 - 0x00007ff9aaf6e000 	C:\WINDOWS\System32\USER32.dll
0x00007ff9a83f0000 - 0x00007ff9a8416000 	C:\WINDOWS\System32\win32u.dll
0x00007ff9a9c90000 - 0x00007ff9a9cb9000 	C:\WINDOWS\System32\GDI32.dll
0x00007ff9a85b0000 - 0x00007ff9a86cb000 	C:\WINDOWS\System32\gdi32full.dll
0x00007ff9a84e0000 - 0x00007ff9a857a000 	C:\WINDOWS\System32\msvcp_win.dll
0x00007ff9925a0000 - 0x00007ff9925bb000 	C:\Program Files\Java\jdk-21.0.2\bin\VCRUNTIME140.dll
0x00007ff9957d0000 - 0x00007ff995a62000 	C:\WINDOWS\WinSxS\amd64_microsoft.windows.common-controls_6595b64144ccf1df_6.0.22621.4391_none_2715d37f73803e96\COMCTL32.dll
0x00007ff99f9c0000 - 0x00007ff99f9ca000 	C:\WINDOWS\SYSTEM32\VERSION.dll
0x00007ff9a8ec0000 - 0x00007ff9a8ef1000 	C:\WINDOWS\System32\IMM32.DLL
0x00007ff9897b0000 - 0x00007ff989911000 	C:\Program Files (x86)\Citrix\ICA Client\ctxapclient64.dll
0x00007ff9a96a0000 - 0x00007ff9a9a2f000 	C:\WINDOWS\System32\combase.dll
0x00007ff9a7630000 - 0x00007ff9a7664000 	C:\WINDOWS\SYSTEM32\ntmarta.dll
0x00007ff9a8d90000 - 0x00007ff9a8e0b000 	C:\WINDOWS\System32\bcryptprimitives.dll
0x00007ff989a30000 - 0x00007ff989a6a000 	C:\Program Files (x86)\Citrix\ICA Client\Receiver\FeatureFlagHelper64.dll
0x00007ff992590000 - 0x00007ff99259c000 	C:\Program Files\Java\jdk-21.0.2\bin\vcruntime140_1.dll
0x00007ff97b560000 - 0x00007ff97b5ee000 	C:\Program Files\Java\jdk-21.0.2\bin\msvcp140.dll
0x00007ff94ee10000 - 0x00007ff94fb27000 	C:\Program Files\Java\jdk-21.0.2\bin\server\jvm.dll
0x0000025b01420000 - 0x0000025b01491000 	C:\WINDOWS\System32\WS2_32.dll
0x00007ff9a7280000 - 0x00007ff9a72cd000 	C:\WINDOWS\SYSTEM32\POWRPROF.dll
0x00007ff99f320000 - 0x00007ff99f354000 	C:\WINDOWS\SYSTEM32\WINMM.dll
0x00007ff9a7260000 - 0x00007ff9a7273000 	C:\WINDOWS\SYSTEM32\UMPDC.dll
0x00007ff9a7520000 - 0x00007ff9a7538000 	C:\WINDOWS\SYSTEM32\kernel.appcore.dll
0x00007ff992530000 - 0x00007ff99253a000 	C:\Program Files\Java\jdk-21.0.2\bin\jimage.dll
0x00007ff9a1f30000 - 0x00007ff9a2162000 	C:\WINDOWS\SYSTEM32\DBGHELP.DLL
0x00007ff9aa730000 - 0x00007ff9aa807000 	C:\WINDOWS\System32\OLEAUT32.dll
0x00007ff98b950000 - 0x00007ff98b982000 	C:\WINDOWS\SYSTEM32\dbgcore.DLL
0x00007ff991ec0000 - 0x00007ff991ecf000 	C:\Program Files\Java\jdk-21.0.2\bin\instrument.dll
0x00007ff991f40000 - 0x00007ff991f5f000 	C:\Program Files\Java\jdk-21.0.2\bin\java.dll
0x00007ff9a9cd0000 - 0x00007ff9aa546000 	C:\WINDOWS\System32\SHELL32.dll
0x00007ff9a6340000 - 0x00007ff9a6c43000 	C:\WINDOWS\SYSTEM32\windows.storage.dll
0x00007ff9a6200000 - 0x00007ff9a633f000 	C:\WINDOWS\SYSTEM32\wintypes.dll
0x00007ff9a91a0000 - 0x00007ff9a9299000 	C:\WINDOWS\System32\SHCORE.dll
0x00007ff9aa8e0000 - 0x00007ff9aa93e000 	C:\WINDOWS\System32\shlwapi.dll
0x00007ff9a8320000 - 0x00007ff9a834b000 	C:\WINDOWS\SYSTEM32\profapi.dll
0x00007ff964250000 - 0x00007ff964327000 	C:\Program Files\Java\jdk-21.0.2\bin\jsvml.dll
0x00007ff992390000 - 0x00007ff9923a0000 	C:\Program Files\Java\jdk-21.0.2\bin\net.dll
0x00007ff99f6a0000 - 0x00007ff99f7d6000 	C:\WINDOWS\SYSTEM32\WINHTTP.dll
0x00007ff9a79a0000 - 0x00007ff9a7a09000 	C:\WINDOWS\system32\mswsock.dll
0x00007ff98f840000 - 0x00007ff98f856000 	C:\Program Files\Java\jdk-21.0.2\bin\nio.dll
0x00007ff98f770000 - 0x00007ff98f788000 	C:\Program Files\Java\jdk-21.0.2\bin\zip.dll
0x00007ff98f6a0000 - 0x00007ff98f6ba000 	D:\IntelliJ IDEA 2024.2.4\bin\breakgen64.dll
0x0000025b20db0000 - 0x0000025b20db3000 	C:\Users\prabh\.openjfx\cache\21+31\amd64\api-ms-win-core-console-l1-1-0.dll
0x0000025b20dc0000 - 0x0000025b20dc3000 	C:\Users\prabh\.openjfx\cache\21+31\amd64\api-ms-win-core-console-l1-2-0.dll
0x00007ff9a6fe0000 - 0x00007ff9a70e2000 	C:\WINDOWS\SYSTEM32\DNSAPI.dll
0x00007ff9a6f60000 - 0x00007ff9a6f8d000 	C:\WINDOWS\SYSTEM32\IPHLPAPI.DLL
0x00007ff9a9cc0000 - 0x00007ff9a9cc9000 	C:\WINDOWS\System32\NSI.dll
0x0000025b20dd0000 - 0x0000025b20dd3000 	C:\Users\prabh\.openjfx\cache\21+31\amd64\api-ms-win-core-datetime-l1-1-0.dll
0x00007ff99cb20000 - 0x00007ff99cb2a000 	C:\Windows\System32\rasadhlp.dll
0x00007ff99cda0000 - 0x00007ff99ce23000 	C:\WINDOWS\System32\fwpuclnt.dll
0x0000025b20de0000 - 0x0000025b20de3000 	C:\Users\prabh\.openjfx\cache\21+31\amd64\api-ms-win-core-debug-l1-1-0.dll
0x0000025b20df0000 - 0x0000025b20df3000 	C:\Users\prabh\.openjfx\cache\21+31\amd64\api-ms-win-core-errorhandling-l1-1-0.dll
0x00007ff990400000 - 0x00007ff99040a000 	C:\Program Files\Java\jdk-21.0.2\bin\management.dll
0x0000025b20e00000 - 0x0000025b20e04000 	C:\Users\prabh\.openjfx\cache\21+31\amd64\api-ms-win-core-file-l1-1-0.dll
0x0000025b20e10000 - 0x0000025b20e13000 	C:\Users\prabh\.openjfx\cache\21+31\amd64\api-ms-win-core-file-l1-2-0.dll
0x0000025b20e20000 - 0x0000025b20e23000 	C:\Users\prabh\.openjfx\cache\21+31\amd64\api-ms-win-core-file-l2-1-0.dll
0x00007ff98fcf0000 - 0x00007ff98fcfb000 	C:\Program Files\Java\jdk-21.0.2\bin\management_ext.dll
0x00007ff9aa8d0000 - 0x00007ff9aa8d8000 	C:\WINDOWS\System32\PSAPI.DLL
0x0000025b20e30000 - 0x0000025b20e33000 	C:\Users\prabh\.openjfx\cache\21+31\amd64\api-ms-win-core-handle-l1-1-0.dll
0x0000025b20e40000 - 0x0000025b20e43000 	C:\Users\prabh\.openjfx\cache\21+31\amd64\api-ms-win-core-heap-l1-1-0.dll
0x0000025b20e50000 - 0x0000025b20e53000 	C:\Users\prabh\.openjfx\cache\21+31\amd64\api-ms-win-core-interlocked-l1-1-0.dll
0x0000025b20e60000 - 0x0000025b20e63000 	C:\Users\prabh\.openjfx\cache\21+31\amd64\api-ms-win-core-libraryloader-l1-1-0.dll
0x0000025b20e70000 - 0x0000025b20e73000 	C:\Users\prabh\.openjfx\cache\21+31\amd64\api-ms-win-core-localization-l1-2-0.dll
0x0000025b20e80000 - 0x0000025b20e83000 	C:\Users\prabh\.openjfx\cache\21+31\amd64\api-ms-win-core-memory-l1-1-0.dll
0x0000025b20e90000 - 0x0000025b20e93000 	C:\Users\prabh\.openjfx\cache\21+31\amd64\api-ms-win-core-namedpipe-l1-1-0.dll
0x0000025b20ea0000 - 0x0000025b20ea3000 	C:\Users\prabh\.openjfx\cache\21+31\amd64\api-ms-win-core-processenvironment-l1-1-0.dll
0x0000025b20eb0000 - 0x0000025b20eb3000 	C:\Users\prabh\.openjfx\cache\21+31\amd64\api-ms-win-core-processthreads-l1-1-0.dll
0x0000025b20ec0000 - 0x0000025b20ec3000 	C:\Users\prabh\.openjfx\cache\21+31\amd64\api-ms-win-core-processthreads-l1-1-1.dll
0x0000025b20ed0000 - 0x0000025b20ed3000 	C:\Users\prabh\.openjfx\cache\21+31\amd64\api-ms-win-core-profile-l1-1-0.dll
0x0000025b20ee0000 - 0x0000025b20ee3000 	C:\Users\prabh\.openjfx\cache\21+31\amd64\api-ms-win-core-rtlsupport-l1-1-0.dll
0x0000025b20ef0000 - 0x0000025b20ef3000 	C:\Users\prabh\.openjfx\cache\21+31\amd64\api-ms-win-core-string-l1-1-0.dll
0x0000025b20f00000 - 0x0000025b20f03000 	C:\Users\prabh\.openjfx\cache\21+31\amd64\api-ms-win-core-synch-l1-1-0.dll
0x0000025b20f10000 - 0x0000025b20f13000 	C:\Users\prabh\.openjfx\cache\21+31\amd64\api-ms-win-core-synch-l1-2-0.dll
0x0000025b20f20000 - 0x0000025b20f23000 	C:\Users\prabh\.openjfx\cache\21+31\amd64\api-ms-win-core-sysinfo-l1-1-0.dll
0x0000025b20f30000 - 0x0000025b20f33000 	C:\Users\prabh\.openjfx\cache\21+31\amd64\api-ms-win-core-timezone-l1-1-0.dll
0x0000025b20f40000 - 0x0000025b20f43000 	C:\Users\prabh\.openjfx\cache\21+31\amd64\api-ms-win-core-util-l1-1-0.dll
0x0000025b20f50000 - 0x0000025b20f53000 	C:\Users\prabh\.openjfx\cache\21+31\amd64\api-ms-win-crt-conio-l1-1-0.dll
0x0000025b20f60000 - 0x0000025b20f64000 	C:\Users\prabh\.openjfx\cache\21+31\amd64\api-ms-win-crt-convert-l1-1-0.dll
0x0000025b20f70000 - 0x0000025b20f73000 	C:\Users\prabh\.openjfx\cache\21+31\amd64\api-ms-win-crt-environment-l1-1-0.dll
0x0000025b20f80000 - 0x0000025b20f83000 	C:\Users\prabh\.openjfx\cache\21+31\amd64\api-ms-win-crt-filesystem-l1-1-0.dll
0x0000025b20f90000 - 0x0000025b20f93000 	C:\Users\prabh\.openjfx\cache\21+31\amd64\api-ms-win-crt-heap-l1-1-0.dll
0x0000025b20fa0000 - 0x0000025b20fa3000 	C:\Users\prabh\.openjfx\cache\21+31\amd64\api-ms-win-crt-locale-l1-1-0.dll
0x0000025b20fb0000 - 0x0000025b20fb5000 	C:\Users\prabh\.openjfx\cache\21+31\amd64\api-ms-win-crt-math-l1-1-0.dll
0x0000025b20fc0000 - 0x0000025b20fc5000 	C:\Users\prabh\.openjfx\cache\21+31\amd64\api-ms-win-crt-multibyte-l1-1-0.dll
0x0000025b20fd0000 - 0x0000025b20fe0000 	C:\Users\prabh\.openjfx\cache\21+31\amd64\api-ms-win-crt-private-l1-1-0.dll
0x0000025b20fe0000 - 0x0000025b20fe3000 	C:\Users\prabh\.openjfx\cache\21+31\amd64\api-ms-win-crt-process-l1-1-0.dll
0x0000025b20ff0000 - 0x0000025b20ff4000 	C:\Users\prabh\.openjfx\cache\21+31\amd64\api-ms-win-crt-runtime-l1-1-0.dll
0x0000025b67f10000 - 0x0000025b67f14000 	C:\Users\prabh\.openjfx\cache\21+31\amd64\api-ms-win-crt-stdio-l1-1-0.dll
0x0000025b67f20000 - 0x0000025b67f24000 	C:\Users\prabh\.openjfx\cache\21+31\amd64\api-ms-win-crt-string-l1-1-0.dll
0x0000025b67f30000 - 0x0000025b67f33000 	C:\Users\prabh\.openjfx\cache\21+31\amd64\api-ms-win-crt-time-l1-1-0.dll
0x0000025b67f40000 - 0x0000025b67f43000 	C:\Users\prabh\.openjfx\cache\21+31\amd64\api-ms-win-crt-utility-l1-1-0.dll
0x00007ff961590000 - 0x00007ff96168c000 	C:\Users\prabh\.openjfx\cache\21+31\amd64\ucrtbase.dll
0x00007ff98f680000 - 0x00007ff98f69b000 	C:\Users\prabh\.openjfx\cache\21+31\amd64\vcruntime140.dll
0x00007ff98d680000 - 0x00007ff98d68c000 	C:\Users\prabh\.openjfx\cache\21+31\amd64\vcruntime140_1.dll
0x00007ff96ded0000 - 0x00007ff96df5e000 	C:\Users\prabh\.openjfx\cache\21+31\amd64\msvcp140.dll
0x00007ff9a9370000 - 0x00007ff9a9515000 	C:\WINDOWS\System32\ole32.dll
0x00007ff98a6b0000 - 0x00007ff98a6b9000 	C:\Users\prabh\.openjfx\cache\21+31\amd64\msvcp140_1.dll
0x00007ff9890e0000 - 0x00007ff98910f000 	C:\Users\prabh\.openjfx\cache\21+31\amd64\msvcp140_2.dll
0x00007ff988190000 - 0x00007ff9881bf000 	C:\Users\prabh\.openjfx\cache\21+31\amd64\prism_d3d.dll
0x00007ff961980000 - 0x00007ff961b28000 	C:\WINDOWS\system32\d3d9.dll
0x00007ff9a1e50000 - 0x00007ff9a1e7b000 	C:\WINDOWS\SYSTEM32\dwmapi.dll
0x00007ff9a5b40000 - 0x00007ff9a5b77000 	C:\WINDOWS\SYSTEM32\dxcore.dll
0x00007ff9a1bc0000 - 0x00007ff9a1c71000 	C:\WINDOWS\system32\uxtheme.dll
0x00007ff95e1f0000 - 0x00007ff95e39d000 	C:\WINDOWS\System32\DriverStore\FileRepository\iigd_dch.inf_amd64_306090fd1d6bb4fa\igdumdim64.dll
0x00007ff910990000 - 0x00007ff913a34000 	C:\WINDOWS\System32\DriverStore\FileRepository\iigd_dch.inf_amd64_306090fd1d6bb4fa\igd9dxva64.dll
0x00007ff9aa940000 - 0x00007ff9aadb4000 	C:\WINDOWS\System32\SETUPAPI.dll
0x00007ff9a80e0000 - 0x00007ff9a812e000 	C:\WINDOWS\SYSTEM32\cfgmgr32.dll
0x00007ff9862b0000 - 0x00007ff9866b9000 	C:\WINDOWS\System32\DriverStore\FileRepository\iigd_dch.inf_amd64_306090fd1d6bb4fa\igdgmm64.dll
0x00007ff98fa30000 - 0x00007ff98fa79000 	C:\WINDOWS\SYSTEM32\directxdatabasehelper.dll
0x00007ff9a7bf0000 - 0x00007ff9a7c0b000 	C:\WINDOWS\SYSTEM32\CRYPTSP.dll
0x00007ff9a7480000 - 0x00007ff9a74b5000 	C:\WINDOWS\system32\rsaenh.dll
0x00007ff9a7a90000 - 0x00007ff9a7ab8000 	C:\WINDOWS\SYSTEM32\USERENV.dll
0x00007ff9a7c10000 - 0x00007ff9a7c1c000 	C:\WINDOWS\SYSTEM32\CRYPTBASE.dll
0x00007ff97d0b0000 - 0x00007ff97d0f2000 	C:\Users\prabh\.openjfx\cache\21+31\amd64\glass.dll
0x00007ff9a9b90000 - 0x00007ff9a9c8f000 	C:\WINDOWS\System32\COMDLG32.dll
0x0000025b68ad0000 - 0x0000025b68c30000 	C:\WINDOWS\System32\MSCTF.dll
0x00007ff987ed0000 - 0x00007ff987ee7000 	C:\WINDOWS\system32\napinsp.dll
0x00007ff987eb0000 - 0x00007ff987ecb000 	C:\WINDOWS\system32\pnrpnsp.dll

dbghelp: loaded successfully - version: 4.0.5 - missing functions: none
symbol engine: initialized successfully - sym options: 0x614 - pdb path: .;C:\Program Files\Java\jdk-21.0.2\bin;C:\WINDOWS\SYSTEM32;C:\WINDOWS\WinSxS\amd64_microsoft.windows.common-controls_6595b64144ccf1df_6.0.22621.4391_none_2715d37f73803e96;C:\Program Files (x86)\Citrix\ICA Client;C:\Program Files (x86)\Citrix\ICA Client\Receiver;C:\Program Files\Java\jdk-21.0.2\bin\server;D:\IntelliJ IDEA 2024.2.4\bin;C:\Users\prabh\.openjfx\cache\21+31\amd64;C:\WINDOWS\System32\DriverStore\FileRepository\iigd_dch.inf_amd64_306090fd1d6bb4fa

VM Arguments:
jvm_args: -javaagent:D:\IntelliJ IDEA 2024.2.4\lib\idea_rt.jar=56055:D:\IntelliJ IDEA 2024.2.4\bin -Dfile.encoding=UTF-8 -Dsun.stdout.encoding=UTF-8 -Dsun.stderr.encoding=UTF-8 --module-path=C:\Users\prabh\.m2\repository\org\openjfx\javafx-controls\21\javafx-controls-21-win.jar;C:\Users\prabh\.m2\repository\com\google\code\gson\gson\2.8.9\gson-2.8.9.jar;C:\Users\prabh\.m2\repository\org\openjfx\javafx-fxml\21\javafx-fxml-21-win.jar;C:\Users\prabh\IdeaProjects\OOD5\target\classes;C:\Users\prabh\.m2\repository\org\openjfx\javafx-graphics\21\javafx-graphics-21-win.jar;C:\Users\prabh\.m2\repository\com\mysql\mysql-connector-j\8.0.33\mysql-connector-j-8.0.33.jar;C:\Users\prabh\.m2\repository\org\openjfx\javafx-base\21\javafx-base-21-win.jar -Djdk.module.main=org.example.ood5 
java_command: org.example.ood5/Main.Main
java_class_path (initial): C:\Users\prabh\.m2\repository\org\openjfx\javafx-controls\21\javafx-controls-21.jar;C:\Users\prabh\.m2\repository\org\openjfx\javafx-graphics\21\javafx-graphics-21.jar;C:\Users\prabh\.m2\repository\org\openjfx\javafx-base\21\javafx-base-21.jar;C:\Users\prabh\.m2\repository\org\openjfx\javafx-fxml\21\javafx-fxml-21.jar;C:\Users\prabh\.m2\repository\com\google\protobuf\protobuf-java\3.21.9\protobuf-java-3.21.9.jar
Launcher Type: SUN_STANDARD

[Global flags]
     intx CICompilerCount                          = 4                                         {product} {ergonomic}
     uint ConcGCThreads                            = 2                                         {product} {ergonomic}
     uint G1ConcRefinementThreads                  = 8                                         {product} {ergonomic}
   size_t G1HeapRegionSize                         = 2097152                                   {product} {ergonomic}
    uintx GCDrainStackTargetSize                   = 64                                        {product} {ergonomic}
   size_t InitialHeapSize                          = 264241152                                 {product} {ergonomic}
   size_t MarkStackSize                            = 4194304                                   {product} {ergonomic}
   size_t MaxHeapSize                              = 4221566976                                {product} {ergonomic}
   size_t MaxNewSize                               = 2531262464                                {product} {ergonomic}
   size_t MinHeapDeltaBytes                        = 2097152                                   {product} {ergonomic}
   size_t MinHeapSize                              = 8388608                                   {product} {ergonomic}
    uintx NonNMethodCodeHeapSize                   = 5839372                                {pd product} {ergonomic}
    uintx NonProfiledCodeHeapSize                  = 122909434                              {pd product} {ergonomic}
    uintx ProfiledCodeHeapSize                     = 122909434                              {pd product} {ergonomic}
    uintx ReservedCodeCacheSize                    = 251658240                              {pd product} {ergonomic}
     bool SegmentedCodeCache                       = true                                      {product} {ergonomic}
   size_t SoftMaxHeapSize                          = 4221566976                             {manageable} {ergonomic}
     bool UseCompressedOops                        = true                           {product lp64_product} {ergonomic}
     bool UseG1GC                                  = true                                      {product} {ergonomic}
     bool UseLargePagesIndividualAllocation        = false                                  {pd product} {ergonomic}

Logging:
Log output configuration:
 #0: stdout all=warning uptime,level,tags foldmultilines=false
 #1: stderr all=off uptime,level,tags foldmultilines=false

Environment Variables:
JAVA_HOME=C:\Program Files\Java\jdk-21.0.2
PATH=C:\WINDOWS\system32;C:\WINDOWS;C:\WINDOWS\System32\Wbem;C:\WINDOWS\System32\WindowsPowerShell\v1.0\;C:\WINDOWS\System32\OpenSSH\;C:\Program Files\Java\jdk-21.0.2\bin;C:\Users\prabh\AppData\Local\Programs\MiKTeX\miktex\bin\x64\;C:\Users\prabh\.m2\wrapper\dists\apache-maven-3.8.5-bin\5i5jha092a3i37g0paqnfr15e0\apache-maven-3.8.5\bin;C:\Program Files\Git\cmd;C:\Users\prabh\AppData\Local\Programs\Python\Python311\Scripts\;C:\Users\prabh\AppData\Local\Programs\Python\Python311\;C:\Users\prabh\AppData\Local\Microsoft\WindowsApps;C:\Users\prabh\AppData\Local\Programs\Microsoft VS Code\bin;C:\Users\prabh\AppData\Local\JetBrains\Toolbox\scripts;C:\Users\prabh\AppData\Local\Programs\MiKTeX\miktex\bin\x64\;C:\Program Files\JetBrains\IntelliJ IDEA 2023.3.3\bin;
USERNAME=prabh
OS=Windows_NT
PROCESSOR_IDENTIFIER=Intel64 Family 6 Model 142 Stepping 12, GenuineIntel
TMP=C:\Users\prabh\AppData\Local\Temp
TEMP=C:\Users\prabh\AppData\Local\Temp




Periodic native trim disabled

---------------  S Y S T E M  ---------------

OS:
 Windows 11 , 64 bit Build 22621 (10.0.22621.4391)
OS uptime: 0 days 14:45 hours

CPU: total 8 (initial active 8) (4 cores per cpu, 2 threads per core) family 6 model 142 stepping 12 microcode 0xfa, cx8, cmov, fxsr, ht, mmx, 3dnowpref, sse, sse2, sse3, ssse3, sse4.1, sse4.2, popcnt, lzcnt, tsc, tscinvbit, avx, avx2, aes, erms, clmul, bmi1, bmi2, adx, fma, vzeroupper, clflush, clflushopt, rdtscp, f16c
Processor Information for all 8 processors :
  Max Mhz: 1896, Current Mhz: 798, Mhz Limit: 796

Memory: 4k page, system-wide physical 16099M (5921M free)
TotalPageFile size 23839M (AvailPageFile size 4M)
current process WorkingSet (physical memory assigned to process): 168M, peak: 168M
current process commit charge ("private bytes"): 416M, peak: 416M

vm_info: Java HotSpot(TM) 64-Bit Server VM (21.0.2+13-LTS-58) for windows-amd64 JRE (21.0.2+13-LTS-58), built on 2024-01-05T18:32:24Z by "mach5one" with MS VC++ 17.1 (VS2022)

END.
