#
# There is insufficient memory for the Java Runtime Environment to continue.
# Native memory allocation (malloc) failed to allocate 203456 bytes for Chunk::new
# Possible reasons:
#   The system is out of physical RAM or swap space
#   The process is running with CompressedOops enabled, and the Java Heap may be blocking the growth of the native heap
# Possible solutions:
#   Reduce memory load on the system
#   Increase physical memory or swap space
#   Check if swap backing store is full
#   Decrease Java heap size (-Xmx/-Xms)
#   Decrease number of Java threads
#   Decrease Java thread stack sizes (-Xss)
#   Set larger code cache with -XX:ReservedCodeCacheSize=
#   JVM is running with Zero Based Compressed Oops mode in which the Java heap is
#     placed in the first 32GB address space. The Java Heap base address is the
#     maximum limit for the native heap growth. Please use -XX:HeapBaseMinAddress
#     to set the Java Heap base and to place the Java Heap above 32GB virtual address.
# This output file may be truncated or incomplete.
#
#  Out of Memory Error (arena.cpp:168), pid=11720, tid=9224
#
# JRE version: Java(TM) SE Runtime Environment (21.0.2+13) (build 21.0.2+13-LTS-58)
# Java VM: Java HotSpot(TM) 64-Bit Server VM (21.0.2+13-LTS-58, mixed mode, sharing, tiered, compressed oops, compressed class ptrs, g1 gc, windows-amd64)
# No core dump will be written. Minidumps are not enabled by default on client versions of Windows
#

---------------  S U M M A R Y ------------

Command Line: -javaagent:D:\IntelliJ IDEA 2024.2.4\lib\idea_rt.jar=52017:D:\IntelliJ IDEA 2024.2.4\bin -Dfile.encoding=UTF-8 -Dsun.stdout.encoding=UTF-8 -Dsun.stderr.encoding=UTF-8 --module-path=C:\Users\prabh\.m2\repository\com\google\code\gson\gson\2.8.9\gson-2.8.9.jar;C:\Users\prabh\.m2\repository\org\openjfx\javafx-controls\21\javafx-controls-21-win.jar;C:\Users\prabh\.m2\repository\org\openjfx\javafx-fxml\21\javafx-fxml-21-win.jar;C:\Users\prabh\.m2\repository\org\openjfx\javafx-base\21\javafx-base-21-win.jar;C:\Users\prabh\IdeaProjects\OOD5\target\classes;C:\Users\prabh\.m2\repository\org\openjfx\javafx-graphics\21\javafx-graphics-21-win.jar;C:\Users\prabh\IdeaProjects\OOD5\lib\librec-core-3.0.0-1.jar;C:\Users\prabh\.m2\repository\com\mysql\mysql-connector-j\8.0.33\mysql-connector-j-8.0.33.jar -Djdk.module.main=org.example.ood5 org.example.ood5/Main.Main

Host: Intel(R) Core(TM) i5-8365U CPU @ 1.60GHz, 8 cores, 15G,  Windows 11 , 64 bit Build 22621 (10.0.22621.4391)
Time: Wed Dec  4 22:00:04 2024 Sri Lanka Standard Time elapsed time: 8.745020 seconds (0d 0h 0m 8s)

---------------  T H R E A D  ---------------

Current thread (0x000001d9bc601450):  JavaThread "C2 CompilerThread0" daemon [_thread_in_native, id=9224, stack(0x000000cfada00000,0x000000cfadb00000) (1024K)]


Current CompileTask:
C2:   8745 1774       4       java.util.Properties::loadConvert (540 bytes)

Stack: [0x000000cfada00000,0x000000cfadb00000]
Native frames: (J=compiled Java code, j=interpreted, Vv=VM code, C=native code)
V  [jvm.dll+0x6cade9]
V  [jvm.dll+0x8569c1]
V  [jvm.dll+0x858d2e]
V  [jvm.dll+0x859413]
V  [jvm.dll+0x280e56]
V  [jvm.dll+0xc3f3d]
V  [jvm.dll+0xc4473]
V  [jvm.dll+0x2f437f]
V  [jvm.dll+0x5f5056]
V  [jvm.dll+0x252d7f]
V  [jvm.dll+0x24b25c]
V  [jvm.dll+0x2490a3]
V  [jvm.dll+0x1c9634]
V  [jvm.dll+0x258859]
V  [jvm.dll+0x256e3a]
V  [jvm.dll+0x3ef6c6]
V  [jvm.dll+0x7ff568]
V  [jvm.dll+0x6c953d]
C  [ucrtbase.dll+0x29333]
C  [KERNEL32.DLL+0x1259d]
C  [ntdll.dll+0x5af38]


---------------  P R O C E S S  ---------------

Threads class SMR info:
_java_thread_list=0x000001d9fe941640, length=23, elements={
0x000001d99d53fc00, 0x000001d9bc5f17a0, 0x000001d9bc5f25c0, 0x000001d9bc5f7630,
0x000001d9bc5fa0a0, 0x000001d9bc5fab00, 0x000001d9bc5fd570, 0x000001d9bc601450,
0x000001d9bc60a030, 0x000001d9bc6d8650, 0x000001d9fe893080, 0x000001d9fed55390,
0x000001d98415eaa0, 0x000001d9840a14e0, 0x000001d9840a4ff0, 0x000001d9844f51d0,
0x000001d9845d7060, 0x000001d9846303d0, 0x000001d9841bea70, 0x000001d9841b0a80,
0x000001d9841b17a0, 0x000001d9841afd60, 0x000001d9feb7cb40
}

Java Threads: ( => current thread )
  0x000001d99d53fc00 JavaThread "main"                              [_thread_blocked, id=10992, stack(0x000000cfacb00000,0x000000cfacc00000) (1024K)]
  0x000001d9bc5f17a0 JavaThread "Reference Handler"          daemon [_thread_blocked, id=14564, stack(0x000000cfad400000,0x000000cfad500000) (1024K)]
  0x000001d9bc5f25c0 JavaThread "Finalizer"                  daemon [_thread_blocked, id=11328, stack(0x000000cfad500000,0x000000cfad600000) (1024K)]
  0x000001d9bc5f7630 JavaThread "Signal Dispatcher"          daemon [_thread_blocked, id=10264, stack(0x000000cfad600000,0x000000cfad700000) (1024K)]
  0x000001d9bc5fa0a0 JavaThread "Attach Listener"            daemon [_thread_blocked, id=1304, stack(0x000000cfad700000,0x000000cfad800000) (1024K)]
  0x000001d9bc5fab00 JavaThread "Service Thread"             daemon [_thread_blocked, id=16276, stack(0x000000cfad800000,0x000000cfad900000) (1024K)]
  0x000001d9bc5fd570 JavaThread "Monitor Deflation Thread"   daemon [_thread_blocked, id=4456, stack(0x000000cfad900000,0x000000cfada00000) (1024K)]
=>0x000001d9bc601450 JavaThread "C2 CompilerThread0"         daemon [_thread_in_native, id=9224, stack(0x000000cfada00000,0x000000cfadb00000) (1024K)]
  0x000001d9bc60a030 JavaThread "C1 CompilerThread0"         daemon [_thread_in_native, id=14776, stack(0x000000cfadb00000,0x000000cfadc00000) (1024K)]
  0x000001d9bc6d8650 JavaThread "Common-Cleaner"             daemon [_thread_blocked, id=3240, stack(0x000000cfadc00000,0x000000cfadd00000) (1024K)]
  0x000001d9fe893080 JavaThread "Monitor Ctrl-Break"         daemon [_thread_in_native, id=17236, stack(0x000000cfadf00000,0x000000cfae000000) (1024K)]
  0x000001d9fed55390 JavaThread "Notification Thread"        daemon [_thread_blocked, id=4928, stack(0x000000cfae000000,0x000000cfae100000) (1024K)]
  0x000001d98415eaa0 JavaThread "QuantumRenderer-0"          daemon [_thread_blocked, id=15700, stack(0x000000cfae800000,0x000000cfae900000) (1024K)]
  0x000001d9840a14e0 JavaThread "InvokeLaterDispatcher"      daemon [_thread_blocked, id=10032, stack(0x000000cfae900000,0x000000cfaea00000) (1024K)]
  0x000001d9840a4ff0 JavaThread "JavaFX Application Thread"         [_thread_in_Java, id=7040, stack(0x000000cfaea00000,0x000000cfaeb00000) (1024K)]
  0x000001d9844f51d0 JavaThread "RMI TCP Accept-0"           daemon [_thread_in_native, id=18848, stack(0x000000cfaec00000,0x000000cfaed00000) (1024K)]
  0x000001d9845d7060 JavaThread "Thread-1"                   daemon [_thread_in_native, id=18564, stack(0x000000cfaef00000,0x000000cfaf000000) (1024K)]
  0x000001d9846303d0 JavaThread "JavaFX-Launcher"                   [_thread_blocked, id=7496, stack(0x000000cfaf000000,0x000000cfaf100000) (1024K)]
  0x000001d9841bea70 JavaThread "RMI TCP Connection(1)-192.168.56.1" daemon [_thread_in_native, id=18080, stack(0x000000cfade00000,0x000000cfadf00000) (1024K)]
  0x000001d9841b0a80 JavaThread "RMI Scheduler(0)"           daemon [_thread_blocked, id=8864, stack(0x000000cfaf100000,0x000000cfaf200000) (1024K)]
  0x000001d9841b17a0 JavaThread "JMX server connection timeout 39" daemon [_thread_blocked, id=10948, stack(0x000000cfaf200000,0x000000cfaf300000) (1024K)]
  0x000001d9841afd60 JavaThread "mysql-cj-abandoned-connection-cleanup" daemon [_thread_blocked, id=16860, stack(0x000000cfadd00000,0x000000cfade00000) (1024K)]
  0x000001d9feb7cb40 JavaThread "C2 CompilerThread1"         daemon [_thread_in_native, id=1212, stack(0x000000cfaf300000,0x000000cfaf400000) (1024K)]
Total: 23

Other Threads:
  0x000001d9bc07ea30 VMThread "VM Thread"                           [id=15084, stack(0x000000cfad300000,0x000000cfad400000) (1024K)]
  0x000001d9bc066150 WatcherThread "VM Periodic Task Thread"        [id=8568, stack(0x000000cfad200000,0x000000cfad300000) (1024K)]
  0x000001d99d5a74d0 WorkerThread "GC Thread#0"                     [id=18580, stack(0x000000cfacd00000,0x000000cface00000) (1024K)]
  0x000001d9843863b0 WorkerThread "GC Thread#1"                     [id=17084, stack(0x000000cfae100000,0x000000cfae200000) (1024K)]
  0x000001d9840d9dc0 WorkerThread "GC Thread#2"                     [id=16784, stack(0x000000cfae200000,0x000000cfae300000) (1024K)]
  0x000001d9840da160 WorkerThread "GC Thread#3"                     [id=12044, stack(0x000000cfae300000,0x000000cfae400000) (1024K)]
  0x000001d9840dbb10 WorkerThread "GC Thread#4"                     [id=6328, stack(0x000000cfae400000,0x000000cfae500000) (1024K)]
  0x000001d9840dbeb0 WorkerThread "GC Thread#5"                     [id=15584, stack(0x000000cfae500000,0x000000cfae600000) (1024K)]
  0x000001d984155720 WorkerThread "GC Thread#6"                     [id=2448, stack(0x000000cfae600000,0x000000cfae700000) (1024K)]
  0x000001d984155ac0 WorkerThread "GC Thread#7"                     [id=7504, stack(0x000000cfae700000,0x000000cfae800000) (1024K)]
  0x000001d99d5b83d0 ConcurrentGCThread "G1 Main Marker"            [id=13360, stack(0x000000cface00000,0x000000cfacf00000) (1024K)]
  0x000001d99d5bae90 WorkerThread "G1 Conc#0"                       [id=11980, stack(0x000000cfacf00000,0x000000cfad000000) (1024K)]
  0x000001d9bbf33a20 ConcurrentGCThread "G1 Refine#0"               [id=17528, stack(0x000000cfad000000,0x000000cfad100000) (1024K)]
  0x000001d9bbf343a0 ConcurrentGCThread "G1 Service"                [id=11008, stack(0x000000cfad100000,0x000000cfad200000) (1024K)]
Total: 14

Threads with active compile tasks:
C2 CompilerThread0     8783 1774       4       java.util.Properties::loadConvert (540 bytes)
C1 CompilerThread0     8783 1817       1       com.mysql.cj.conf.AbstractPropertyDefinition::setDescription (6 bytes)
C2 CompilerThread1     8783 1775 %     4       java.util.Properties$LineReader::readLine @ 53 (584 bytes)
Total: 3

VM state: not at safepoint (normal execution)

VM Mutex/Monitor currently owned by a thread: None

Heap address: 0x0000000704600000, size: 4026 MB, Compressed Oops mode: Zero based, Oop shift amount: 3

CDS archive(s) mapped at: [0x000001d9bd000000-0x000001d9bdc90000-0x000001d9bdc90000), size 13172736, SharedBaseAddress: 0x000001d9bd000000, ArchiveRelocationMode: 1.
Compressed class space mapped at: 0x000001d9be000000-0x000001d9fe000000, reserved size: 1073741824
Narrow klass base: 0x000001d9bd000000, Narrow klass shift: 0, Narrow klass range: 0x100000000

GC Precious Log:
 CardTable entry size: 512
 Card Set container configuration: InlinePtr #cards 4 size 8 Array Of Cards #cards 16 size 48 Howl #buckets 8 coarsen threshold 3686 Howl Bitmap #cards 512 size 80 coarsen threshold 460 Card regions per heap region 1 cards per card region 4096
 CPUs: 8 total, 8 available
 Memory: 16099M
 Large Page Support: Disabled
 NUMA Support: Disabled
 Compressed Oops: Enabled (Zero based)
 Heap Region Size: 2M
 Heap Min Capacity: 8M
 Heap Initial Capacity: 252M
 Heap Max Capacity: 4026M
 Pre-touch: Disabled
 Parallel Workers: 8
 Concurrent Workers: 2
 Concurrent Refinement Workers: 8
 Periodic GC: Disabled

Heap:
 garbage-first heap   total 258048K, used 20843K [0x0000000704600000, 0x0000000800000000)
  region size 2048K, 11 young (22528K), 2 survivors (4096K)
 Metaspace       used 11308K, committed 11648K, reserved 1114112K
  class space    used 1287K, committed 1472K, reserved 1048576K

Heap Regions: E=young(eden), S=young(survivor), O=old, HS=humongous(starts), HC=humongous(continues), CS=collection set, F=free, TAMS=top-at-mark-start, PB=parsable bottom
|   0|0x0000000704600000, 0x0000000704800000, 0x0000000704800000|100%|HS|  |TAMS 0x0000000704600000| PB 0x0000000704600000| Complete 
|   1|0x0000000704800000, 0x000000070485af18, 0x0000000704a00000| 17%| O|  |TAMS 0x0000000704800000| PB 0x0000000704800000| Untracked 
|   2|0x0000000704a00000, 0x0000000704a00000, 0x0000000704c00000|  0%| F|  |TAMS 0x0000000704a00000| PB 0x0000000704a00000| Untracked 
|   3|0x0000000704c00000, 0x0000000704c00000, 0x0000000704e00000|  0%| F|  |TAMS 0x0000000704c00000| PB 0x0000000704c00000| Untracked 
|   4|0x0000000704e00000, 0x0000000704e00000, 0x0000000705000000|  0%| F|  |TAMS 0x0000000704e00000| PB 0x0000000704e00000| Untracked 
|   5|0x0000000705000000, 0x0000000705000000, 0x0000000705200000|  0%| F|  |TAMS 0x0000000705000000| PB 0x0000000705000000| Untracked 
|   6|0x0000000705200000, 0x0000000705200000, 0x0000000705400000|  0%| F|  |TAMS 0x0000000705200000| PB 0x0000000705200000| Untracked 
|   7|0x0000000705400000, 0x0000000705400000, 0x0000000705600000|  0%| F|  |TAMS 0x0000000705400000| PB 0x0000000705400000| Untracked 
|   8|0x0000000705600000, 0x0000000705600000, 0x0000000705800000|  0%| F|  |TAMS 0x0000000705600000| PB 0x0000000705600000| Untracked 
|   9|0x0000000705800000, 0x0000000705800000, 0x0000000705a00000|  0%| F|  |TAMS 0x0000000705800000| PB 0x0000000705800000| Untracked 
|  10|0x0000000705a00000, 0x0000000705a00000, 0x0000000705c00000|  0%| F|  |TAMS 0x0000000705a00000| PB 0x0000000705a00000| Untracked 
|  11|0x0000000705c00000, 0x0000000705c00000, 0x0000000705e00000|  0%| F|  |TAMS 0x0000000705c00000| PB 0x0000000705c00000| Untracked 
|  12|0x0000000705e00000, 0x0000000705e00000, 0x0000000706000000|  0%| F|  |TAMS 0x0000000705e00000| PB 0x0000000705e00000| Untracked 
|  13|0x0000000706000000, 0x0000000706000000, 0x0000000706200000|  0%| F|  |TAMS 0x0000000706000000| PB 0x0000000706000000| Untracked 
|  14|0x0000000706200000, 0x0000000706200000, 0x0000000706400000|  0%| F|  |TAMS 0x0000000706200000| PB 0x0000000706200000| Untracked 
|  15|0x0000000706400000, 0x0000000706400000, 0x0000000706600000|  0%| F|  |TAMS 0x0000000706400000| PB 0x0000000706400000| Untracked 
|  16|0x0000000706600000, 0x0000000706600000, 0x0000000706800000|  0%| F|  |TAMS 0x0000000706600000| PB 0x0000000706600000| Untracked 
|  17|0x0000000706800000, 0x0000000706800000, 0x0000000706a00000|  0%| F|  |TAMS 0x0000000706800000| PB 0x0000000706800000| Untracked 
|  18|0x0000000706a00000, 0x0000000706a00000, 0x0000000706c00000|  0%| F|  |TAMS 0x0000000706a00000| PB 0x0000000706a00000| Untracked 
|  19|0x0000000706c00000, 0x0000000706c00000, 0x0000000706e00000|  0%| F|  |TAMS 0x0000000706c00000| PB 0x0000000706c00000| Untracked 
|  20|0x0000000706e00000, 0x0000000706e00000, 0x0000000707000000|  0%| F|  |TAMS 0x0000000706e00000| PB 0x0000000706e00000| Untracked 
|  21|0x0000000707000000, 0x0000000707000000, 0x0000000707200000|  0%| F|  |TAMS 0x0000000707000000| PB 0x0000000707000000| Untracked 
|  22|0x0000000707200000, 0x0000000707200000, 0x0000000707400000|  0%| F|  |TAMS 0x0000000707200000| PB 0x0000000707200000| Untracked 
|  23|0x0000000707400000, 0x0000000707400000, 0x0000000707600000|  0%| F|  |TAMS 0x0000000707400000| PB 0x0000000707400000| Untracked 
|  24|0x0000000707600000, 0x0000000707600000, 0x0000000707800000|  0%| F|  |TAMS 0x0000000707600000| PB 0x0000000707600000| Untracked 
|  25|0x0000000707800000, 0x0000000707800000, 0x0000000707a00000|  0%| F|  |TAMS 0x0000000707800000| PB 0x0000000707800000| Untracked 
|  26|0x0000000707a00000, 0x0000000707a00000, 0x0000000707c00000|  0%| F|  |TAMS 0x0000000707a00000| PB 0x0000000707a00000| Untracked 
|  27|0x0000000707c00000, 0x0000000707c00000, 0x0000000707e00000|  0%| F|  |TAMS 0x0000000707c00000| PB 0x0000000707c00000| Untracked 
|  28|0x0000000707e00000, 0x0000000707e00000, 0x0000000708000000|  0%| F|  |TAMS 0x0000000707e00000| PB 0x0000000707e00000| Untracked 
|  29|0x0000000708000000, 0x0000000708000000, 0x0000000708200000|  0%| F|  |TAMS 0x0000000708000000| PB 0x0000000708000000| Untracked 
|  30|0x0000000708200000, 0x0000000708200000, 0x0000000708400000|  0%| F|  |TAMS 0x0000000708200000| PB 0x0000000708200000| Untracked 
|  31|0x0000000708400000, 0x0000000708400000, 0x0000000708600000|  0%| F|  |TAMS 0x0000000708400000| PB 0x0000000708400000| Untracked 
|  32|0x0000000708600000, 0x0000000708600000, 0x0000000708800000|  0%| F|  |TAMS 0x0000000708600000| PB 0x0000000708600000| Untracked 
|  33|0x0000000708800000, 0x0000000708800000, 0x0000000708a00000|  0%| F|  |TAMS 0x0000000708800000| PB 0x0000000708800000| Untracked 
|  34|0x0000000708a00000, 0x0000000708a00000, 0x0000000708c00000|  0%| F|  |TAMS 0x0000000708a00000| PB 0x0000000708a00000| Untracked 
|  35|0x0000000708c00000, 0x0000000708c00000, 0x0000000708e00000|  0%| F|  |TAMS 0x0000000708c00000| PB 0x0000000708c00000| Untracked 
|  36|0x0000000708e00000, 0x0000000708e00000, 0x0000000709000000|  0%| F|  |TAMS 0x0000000708e00000| PB 0x0000000708e00000| Untracked 
|  37|0x0000000709000000, 0x0000000709000000, 0x0000000709200000|  0%| F|  |TAMS 0x0000000709000000| PB 0x0000000709000000| Untracked 
|  38|0x0000000709200000, 0x0000000709200000, 0x0000000709400000|  0%| F|  |TAMS 0x0000000709200000| PB 0x0000000709200000| Untracked 
|  39|0x0000000709400000, 0x0000000709400000, 0x0000000709600000|  0%| F|  |TAMS 0x0000000709400000| PB 0x0000000709400000| Untracked 
|  40|0x0000000709600000, 0x0000000709600000, 0x0000000709800000|  0%| F|  |TAMS 0x0000000709600000| PB 0x0000000709600000| Untracked 
|  41|0x0000000709800000, 0x0000000709800000, 0x0000000709a00000|  0%| F|  |TAMS 0x0000000709800000| PB 0x0000000709800000| Untracked 
|  42|0x0000000709a00000, 0x0000000709a00000, 0x0000000709c00000|  0%| F|  |TAMS 0x0000000709a00000| PB 0x0000000709a00000| Untracked 
|  43|0x0000000709c00000, 0x0000000709c00000, 0x0000000709e00000|  0%| F|  |TAMS 0x0000000709c00000| PB 0x0000000709c00000| Untracked 
|  44|0x0000000709e00000, 0x0000000709e00000, 0x000000070a000000|  0%| F|  |TAMS 0x0000000709e00000| PB 0x0000000709e00000| Untracked 
|  45|0x000000070a000000, 0x000000070a000000, 0x000000070a200000|  0%| F|  |TAMS 0x000000070a000000| PB 0x000000070a000000| Untracked 
|  46|0x000000070a200000, 0x000000070a200000, 0x000000070a400000|  0%| F|  |TAMS 0x000000070a200000| PB 0x000000070a200000| Untracked 
|  47|0x000000070a400000, 0x000000070a400000, 0x000000070a600000|  0%| F|  |TAMS 0x000000070a400000| PB 0x000000070a400000| Untracked 
|  48|0x000000070a600000, 0x000000070a600000, 0x000000070a800000|  0%| F|  |TAMS 0x000000070a600000| PB 0x000000070a600000| Untracked 
|  49|0x000000070a800000, 0x000000070a800000, 0x000000070aa00000|  0%| F|  |TAMS 0x000000070a800000| PB 0x000000070a800000| Untracked 
|  50|0x000000070aa00000, 0x000000070aa00000, 0x000000070ac00000|  0%| F|  |TAMS 0x000000070aa00000| PB 0x000000070aa00000| Untracked 
|  51|0x000000070ac00000, 0x000000070ac00000, 0x000000070ae00000|  0%| F|  |TAMS 0x000000070ac00000| PB 0x000000070ac00000| Untracked 
|  52|0x000000070ae00000, 0x000000070ae00000, 0x000000070b000000|  0%| F|  |TAMS 0x000000070ae00000| PB 0x000000070ae00000| Untracked 
|  53|0x000000070b000000, 0x000000070b000000, 0x000000070b200000|  0%| F|  |TAMS 0x000000070b000000| PB 0x000000070b000000| Untracked 
|  54|0x000000070b200000, 0x000000070b200000, 0x000000070b400000|  0%| F|  |TAMS 0x000000070b200000| PB 0x000000070b200000| Untracked 
|  55|0x000000070b400000, 0x000000070b400000, 0x000000070b600000|  0%| F|  |TAMS 0x000000070b400000| PB 0x000000070b400000| Untracked 
|  56|0x000000070b600000, 0x000000070b600000, 0x000000070b800000|  0%| F|  |TAMS 0x000000070b600000| PB 0x000000070b600000| Untracked 
|  57|0x000000070b800000, 0x000000070b800000, 0x000000070ba00000|  0%| F|  |TAMS 0x000000070b800000| PB 0x000000070b800000| Untracked 
|  58|0x000000070ba00000, 0x000000070ba00000, 0x000000070bc00000|  0%| F|  |TAMS 0x000000070ba00000| PB 0x000000070ba00000| Untracked 
|  59|0x000000070bc00000, 0x000000070bc00000, 0x000000070be00000|  0%| F|  |TAMS 0x000000070bc00000| PB 0x000000070bc00000| Untracked 
|  60|0x000000070be00000, 0x000000070be00000, 0x000000070c000000|  0%| F|  |TAMS 0x000000070be00000| PB 0x000000070be00000| Untracked 
|  61|0x000000070c000000, 0x000000070c000000, 0x000000070c200000|  0%| F|  |TAMS 0x000000070c000000| PB 0x000000070c000000| Untracked 
|  62|0x000000070c200000, 0x000000070c200000, 0x000000070c400000|  0%| F|  |TAMS 0x000000070c200000| PB 0x000000070c200000| Untracked 
|  63|0x000000070c400000, 0x000000070c400000, 0x000000070c600000|  0%| F|  |TAMS 0x000000070c400000| PB 0x000000070c400000| Untracked 
|  64|0x000000070c600000, 0x000000070c600000, 0x000000070c800000|  0%| F|  |TAMS 0x000000070c600000| PB 0x000000070c600000| Untracked 
|  65|0x000000070c800000, 0x000000070c800000, 0x000000070ca00000|  0%| F|  |TAMS 0x000000070c800000| PB 0x000000070c800000| Untracked 
|  66|0x000000070ca00000, 0x000000070ca00000, 0x000000070cc00000|  0%| F|  |TAMS 0x000000070ca00000| PB 0x000000070ca00000| Untracked 
|  67|0x000000070cc00000, 0x000000070cc00000, 0x000000070ce00000|  0%| F|  |TAMS 0x000000070cc00000| PB 0x000000070cc00000| Untracked 
|  68|0x000000070ce00000, 0x000000070ce00000, 0x000000070d000000|  0%| F|  |TAMS 0x000000070ce00000| PB 0x000000070ce00000| Untracked 
|  69|0x000000070d000000, 0x000000070d000000, 0x000000070d200000|  0%| F|  |TAMS 0x000000070d000000| PB 0x000000070d000000| Untracked 
|  70|0x000000070d200000, 0x000000070d200000, 0x000000070d400000|  0%| F|  |TAMS 0x000000070d200000| PB 0x000000070d200000| Untracked 
|  71|0x000000070d400000, 0x000000070d400000, 0x000000070d600000|  0%| F|  |TAMS 0x000000070d400000| PB 0x000000070d400000| Untracked 
|  72|0x000000070d600000, 0x000000070d600000, 0x000000070d800000|  0%| F|  |TAMS 0x000000070d600000| PB 0x000000070d600000| Untracked 
|  73|0x000000070d800000, 0x000000070d800000, 0x000000070da00000|  0%| F|  |TAMS 0x000000070d800000| PB 0x000000070d800000| Untracked 
|  74|0x000000070da00000, 0x000000070da00000, 0x000000070dc00000|  0%| F|  |TAMS 0x000000070da00000| PB 0x000000070da00000| Untracked 
|  75|0x000000070dc00000, 0x000000070dc00000, 0x000000070de00000|  0%| F|  |TAMS 0x000000070dc00000| PB 0x000000070dc00000| Untracked 
|  76|0x000000070de00000, 0x000000070de00000, 0x000000070e000000|  0%| F|  |TAMS 0x000000070de00000| PB 0x000000070de00000| Untracked 
|  77|0x000000070e000000, 0x000000070e000000, 0x000000070e200000|  0%| F|  |TAMS 0x000000070e000000| PB 0x000000070e000000| Untracked 
|  78|0x000000070e200000, 0x000000070e200000, 0x000000070e400000|  0%| F|  |TAMS 0x000000070e200000| PB 0x000000070e200000| Untracked 
|  79|0x000000070e400000, 0x000000070e400000, 0x000000070e600000|  0%| F|  |TAMS 0x000000070e400000| PB 0x000000070e400000| Untracked 
|  80|0x000000070e600000, 0x000000070e600000, 0x000000070e800000|  0%| F|  |TAMS 0x000000070e600000| PB 0x000000070e600000| Untracked 
|  81|0x000000070e800000, 0x000000070e800000, 0x000000070ea00000|  0%| F|  |TAMS 0x000000070e800000| PB 0x000000070e800000| Untracked 
|  82|0x000000070ea00000, 0x000000070ea00000, 0x000000070ec00000|  0%| F|  |TAMS 0x000000070ea00000| PB 0x000000070ea00000| Untracked 
|  83|0x000000070ec00000, 0x000000070ec00000, 0x000000070ee00000|  0%| F|  |TAMS 0x000000070ec00000| PB 0x000000070ec00000| Untracked 
|  84|0x000000070ee00000, 0x000000070ee00000, 0x000000070f000000|  0%| F|  |TAMS 0x000000070ee00000| PB 0x000000070ee00000| Untracked 
|  85|0x000000070f000000, 0x000000070f000000, 0x000000070f200000|  0%| F|  |TAMS 0x000000070f000000| PB 0x000000070f000000| Untracked 
|  86|0x000000070f200000, 0x000000070f200000, 0x000000070f400000|  0%| F|  |TAMS 0x000000070f200000| PB 0x000000070f200000| Untracked 
|  87|0x000000070f400000, 0x000000070f400000, 0x000000070f600000|  0%| F|  |TAMS 0x000000070f400000| PB 0x000000070f400000| Untracked 
|  88|0x000000070f600000, 0x000000070f600000, 0x000000070f800000|  0%| F|  |TAMS 0x000000070f600000| PB 0x000000070f600000| Untracked 
|  89|0x000000070f800000, 0x000000070f800000, 0x000000070fa00000|  0%| F|  |TAMS 0x000000070f800000| PB 0x000000070f800000| Untracked 
|  90|0x000000070fa00000, 0x000000070fa00000, 0x000000070fc00000|  0%| F|  |TAMS 0x000000070fa00000| PB 0x000000070fa00000| Untracked 
|  91|0x000000070fc00000, 0x000000070fc00000, 0x000000070fe00000|  0%| F|  |TAMS 0x000000070fc00000| PB 0x000000070fc00000| Untracked 
|  92|0x000000070fe00000, 0x000000070fe00000, 0x0000000710000000|  0%| F|  |TAMS 0x000000070fe00000| PB 0x000000070fe00000| Untracked 
|  93|0x0000000710000000, 0x0000000710000000, 0x0000000710200000|  0%| F|  |TAMS 0x0000000710000000| PB 0x0000000710000000| Untracked 
|  94|0x0000000710200000, 0x0000000710200000, 0x0000000710400000|  0%| F|  |TAMS 0x0000000710200000| PB 0x0000000710200000| Untracked 
|  95|0x0000000710400000, 0x0000000710400000, 0x0000000710600000|  0%| F|  |TAMS 0x0000000710400000| PB 0x0000000710400000| Untracked 
|  96|0x0000000710600000, 0x0000000710600000, 0x0000000710800000|  0%| F|  |TAMS 0x0000000710600000| PB 0x0000000710600000| Untracked 
|  97|0x0000000710800000, 0x0000000710800000, 0x0000000710a00000|  0%| F|  |TAMS 0x0000000710800000| PB 0x0000000710800000| Untracked 
|  98|0x0000000710a00000, 0x0000000710a00000, 0x0000000710c00000|  0%| F|  |TAMS 0x0000000710a00000| PB 0x0000000710a00000| Untracked 
|  99|0x0000000710c00000, 0x0000000710c00000, 0x0000000710e00000|  0%| F|  |TAMS 0x0000000710c00000| PB 0x0000000710c00000| Untracked 
| 100|0x0000000710e00000, 0x0000000710e00000, 0x0000000711000000|  0%| F|  |TAMS 0x0000000710e00000| PB 0x0000000710e00000| Untracked 
| 101|0x0000000711000000, 0x0000000711000000, 0x0000000711200000|  0%| F|  |TAMS 0x0000000711000000| PB 0x0000000711000000| Untracked 
| 102|0x0000000711200000, 0x0000000711200000, 0x0000000711400000|  0%| F|  |TAMS 0x0000000711200000| PB 0x0000000711200000| Untracked 
| 103|0x0000000711400000, 0x0000000711400000, 0x0000000711600000|  0%| F|  |TAMS 0x0000000711400000| PB 0x0000000711400000| Untracked 
| 104|0x0000000711600000, 0x0000000711600000, 0x0000000711800000|  0%| F|  |TAMS 0x0000000711600000| PB 0x0000000711600000| Untracked 
| 105|0x0000000711800000, 0x0000000711800000, 0x0000000711a00000|  0%| F|  |TAMS 0x0000000711800000| PB 0x0000000711800000| Untracked 
| 106|0x0000000711a00000, 0x0000000711a00000, 0x0000000711c00000|  0%| F|  |TAMS 0x0000000711a00000| PB 0x0000000711a00000| Untracked 
| 107|0x0000000711c00000, 0x0000000711c00000, 0x0000000711e00000|  0%| F|  |TAMS 0x0000000711c00000| PB 0x0000000711c00000| Untracked 
| 108|0x0000000711e00000, 0x0000000711e00000, 0x0000000712000000|  0%| F|  |TAMS 0x0000000711e00000| PB 0x0000000711e00000| Untracked 
| 109|0x0000000712000000, 0x0000000712000000, 0x0000000712200000|  0%| F|  |TAMS 0x0000000712000000| PB 0x0000000712000000| Untracked 
| 110|0x0000000712200000, 0x0000000712200000, 0x0000000712400000|  0%| F|  |TAMS 0x0000000712200000| PB 0x0000000712200000| Untracked 
| 111|0x0000000712400000, 0x0000000712400000, 0x0000000712600000|  0%| F|  |TAMS 0x0000000712400000| PB 0x0000000712400000| Untracked 
| 112|0x0000000712600000, 0x0000000712600000, 0x0000000712800000|  0%| F|  |TAMS 0x0000000712600000| PB 0x0000000712600000| Untracked 
| 113|0x0000000712800000, 0x0000000712a00000, 0x0000000712a00000|100%| S|CS|TAMS 0x0000000712800000| PB 0x0000000712800000| Complete 
| 114|0x0000000712a00000, 0x0000000712c00000, 0x0000000712c00000|100%| S|CS|TAMS 0x0000000712a00000| PB 0x0000000712a00000| Complete 
| 115|0x0000000712c00000, 0x0000000712c00000, 0x0000000712e00000|  0%| F|  |TAMS 0x0000000712c00000| PB 0x0000000712c00000| Untracked 
| 116|0x0000000712e00000, 0x0000000712e00000, 0x0000000713000000|  0%| F|  |TAMS 0x0000000712e00000| PB 0x0000000712e00000| Untracked 
| 117|0x0000000713000000, 0x0000000713200000, 0x0000000713200000|100%| E|  |TAMS 0x0000000713000000| PB 0x0000000713000000| Complete 
| 118|0x0000000713200000, 0x0000000713400000, 0x0000000713400000|100%| E|CS|TAMS 0x0000000713200000| PB 0x0000000713200000| Complete 
| 119|0x0000000713400000, 0x0000000713600000, 0x0000000713600000|100%| E|CS|TAMS 0x0000000713400000| PB 0x0000000713400000| Complete 
| 120|0x0000000713600000, 0x0000000713800000, 0x0000000713800000|100%| E|CS|TAMS 0x0000000713600000| PB 0x0000000713600000| Complete 
| 121|0x0000000713800000, 0x0000000713a00000, 0x0000000713a00000|100%| E|CS|TAMS 0x0000000713800000| PB 0x0000000713800000| Complete 
| 122|0x0000000713a00000, 0x0000000713c00000, 0x0000000713c00000|100%| E|  |TAMS 0x0000000713a00000| PB 0x0000000713a00000| Complete 
| 123|0x0000000713c00000, 0x0000000713e00000, 0x0000000713e00000|100%| E|CS|TAMS 0x0000000713c00000| PB 0x0000000713c00000| Complete 
| 124|0x0000000713e00000, 0x0000000714000000, 0x0000000714000000|100%| E|CS|TAMS 0x0000000713e00000| PB 0x0000000713e00000| Complete 
| 125|0x0000000714000000, 0x0000000714200000, 0x0000000714200000|100%| E|CS|TAMS 0x0000000714000000| PB 0x0000000714000000| Complete 

Card table byte_map: [0x000001d9b5480000,0x000001d9b5c60000] _byte_map_base: 0x000001d9b1c5d000

Marking Bits: (CMBitMap*) 0x000001d99d5a7bd0
 Bits: [0x000001d9b5c60000, 0x000001d9b9b48000)

Polling page: 0x000001d99b3b0000

Metaspace:

Usage:
  Non-class:      9.80 MB used.
      Class:      1.26 MB used.
       Both:     11.06 MB used.

Virtual space:
  Non-class space:       64.00 MB reserved,      10.00 MB ( 16%) committed,  1 nodes.
      Class space:        1.00 GB reserved,       1.44 MB ( <1%) committed,  1 nodes.
             Both:        1.06 GB reserved,      11.44 MB (  1%) committed. 

Chunk freelists:
   Non-Class:  5.67 MB
       Class:  14.52 MB
        Both:  20.19 MB

MaxMetaspaceSize: unlimited
CompressedClassSpaceSize: 1.00 GB
Initial GC threshold: 21.00 MB
Current GC threshold: 21.00 MB
CDS: on
 - commit_granule_bytes: 65536.
 - commit_granule_words: 8192.
 - virtual_space_node_default_size: 8388608.
 - enlarge_chunks_in_place: 1.
 - use_allocation_guard: 0.


Internal statistics:

num_allocs_failed_limit: 0.
num_arena_births: 374.
num_arena_deaths: 0.
num_vsnodes_births: 2.
num_vsnodes_deaths: 0.
num_space_committed: 183.
num_space_uncommitted: 0.
num_chunks_returned_to_freelist: 0.
num_chunks_taken_from_freelist: 667.
num_chunk_merges: 0.
num_chunk_splits: 383.
num_chunks_enlarged: 162.
num_inconsistent_stats: 0.

CodeHeap 'non-profiled nmethods': size=120000Kb used=670Kb max_used=670Kb free=119329Kb
 bounds [0x000001d9ad440000, 0x000001d9ad6b0000, 0x000001d9b4970000]
CodeHeap 'profiled nmethods': size=120000Kb used=3026Kb max_used=3026Kb free=116974Kb
 bounds [0x000001d9a5970000, 0x000001d9a5c70000, 0x000001d9acea0000]
CodeHeap 'non-nmethods': size=5760Kb used=1544Kb max_used=1549Kb free=4215Kb
 bounds [0x000001d9acea0000, 0x000001d9ad110000, 0x000001d9ad440000]
 total_blobs=2417 nmethods=1807 adapters=514
 compilation: enabled
              stopped_count=0, restarted_count=0
 full_count=0

Compilation events (20 events):
Event: 8.735 Thread 0x000001d9bc60a030 1768       3       jdk.internal.module.ModuleReferences$JarModuleReader::getEntry (15 bytes)
Event: 8.735 Thread 0x000001d9bc60a030 nmethod 1768 0x000001d9a5c33e10 code [0x000001d9a5c34000, 0x000001d9a5c34510]
Event: 8.735 Thread 0x000001d9bc60a030 1769   !   3       java.util.jar.JarFile::checkForSpecialAttributes (163 bytes)
Event: 8.736 Thread 0x000001d9bc60a030 nmethod 1769 0x000001d9a5c34690 code [0x000001d9a5c34980, 0x000001d9a5c35ad0]
Event: 8.736 Thread 0x000001d9bc60a030 1771       3       java.util.Properties::loadConvert (540 bytes)
Event: 8.737 Thread 0x000001d9bc60a030 nmethod 1771 0x000001d9a5c36190 code [0x000001d9a5c36480, 0x000001d9a5c37818]
Event: 8.737 Thread 0x000001d9bc60a030 1772       3       java.util.Properties$LineReader::readLine (584 bytes)
Event: 8.739 Thread 0x000001d9bc601450 1774       4       java.util.Properties::loadConvert (540 bytes)
Event: 8.740 Thread 0x000001d9bc60a030 nmethod 1772 0x000001d9a5c37e90 code [0x000001d9a5c38280, 0x000001d9a5c3acd0]
Event: 8.740 Thread 0x000001d9bc60a030 1773  s    3       java.util.Properties::put (10 bytes)
Event: 8.740 Thread 0x000001d9bc60a030 nmethod 1773 0x000001d9a5c3b990 code [0x000001d9a5c3bb40, 0x000001d9a5c3bdb0]
Event: 8.740 Thread 0x000001d9bc60a030 1770       3       java.util.zip.ZipFile$ZipFileInflaterInputStream::<init> (41 bytes)
Event: 8.740 Thread 0x000001d9bc60a030 nmethod 1770 0x000001d9a5c3be90 code [0x000001d9a5c3c080, 0x000001d9a5c3c550]
Event: 8.740 Thread 0x000001d9bc60a030 1767       3       java.lang.invoke.MethodHandle::asType (32 bytes)
Event: 8.741 Thread 0x000001d9bc60a030 nmethod 1767 0x000001d9a5c3c710 code [0x000001d9a5c3c940, 0x000001d9a5c3d070]
Event: 8.741 Thread 0x000001d9bc60a030 1762       3       java.security.SecureClassLoader::getProtectionDomain (37 bytes)
Event: 8.741 Thread 0x000001d9bc60a030 nmethod 1762 0x000001d9a5c3d290 code [0x000001d9a5c3d480, 0x000001d9a5c3db18]
Event: 8.741 Thread 0x000001d9bc60a030 1766       3       java.util.ImmutableCollections$Set12::<init> (53 bytes)
Event: 8.742 Thread 0x000001d9bc60a030 nmethod 1766 0x000001d9a5c3dd10 code [0x000001d9a5c3dfc0, 0x000001d9a5c3ec18]
Event: 8.742 Thread 0x000001d9bc60a030 1776       3       java.util.Objects::nonNull (10 bytes)

GC Heap History (2 events):
Event: 1.232 GC heap before
{Heap before GC invocations=0 (full 0):
 garbage-first heap   total 258048K, used 24576K [0x0000000704600000, 0x0000000800000000)
  region size 2048K, 11 young (22528K), 0 survivors (0K)
 Metaspace       used 5443K, committed 5632K, reserved 1114112K
  class space    used 608K, committed 704K, reserved 1048576K
}
Event: 1.248 GC heap after
{Heap after GC invocations=1 (full 0):
 garbage-first heap   total 258048K, used 6507K [0x0000000704600000, 0x0000000800000000)
  region size 2048K, 2 young (4096K), 2 survivors (4096K)
 Metaspace       used 5443K, committed 5632K, reserved 1114112K
  class space    used 608K, committed 704K, reserved 1048576K
}

Dll operation events (20 events):
Event: 1.033 Loaded shared library C:\Users\prabh\.openjfx\cache\21+31\amd64\api-ms-win-crt-filesystem-l1-1-0.dll
Event: 1.039 Loaded shared library C:\Users\prabh\.openjfx\cache\21+31\amd64\api-ms-win-crt-heap-l1-1-0.dll
Event: 1.044 Loaded shared library C:\Users\prabh\.openjfx\cache\21+31\amd64\api-ms-win-crt-locale-l1-1-0.dll
Event: 1.052 Loaded shared library C:\Users\prabh\.openjfx\cache\21+31\amd64\api-ms-win-crt-math-l1-1-0.dll
Event: 1.060 Loaded shared library C:\Users\prabh\.openjfx\cache\21+31\amd64\api-ms-win-crt-multibyte-l1-1-0.dll
Event: 1.067 Loaded shared library C:\Users\prabh\.openjfx\cache\21+31\amd64\api-ms-win-crt-private-l1-1-0.dll
Event: 1.072 Loaded shared library C:\Users\prabh\.openjfx\cache\21+31\amd64\api-ms-win-crt-process-l1-1-0.dll
Event: 1.078 Loaded shared library C:\Users\prabh\.openjfx\cache\21+31\amd64\api-ms-win-crt-runtime-l1-1-0.dll
Event: 1.084 Loaded shared library C:\Users\prabh\.openjfx\cache\21+31\amd64\api-ms-win-crt-stdio-l1-1-0.dll
Event: 1.089 Loaded shared library C:\Users\prabh\.openjfx\cache\21+31\amd64\api-ms-win-crt-string-l1-1-0.dll
Event: 1.094 Loaded shared library C:\Users\prabh\.openjfx\cache\21+31\amd64\api-ms-win-crt-time-l1-1-0.dll
Event: 1.099 Loaded shared library C:\Users\prabh\.openjfx\cache\21+31\amd64\api-ms-win-crt-utility-l1-1-0.dll
Event: 1.136 Loaded shared library C:\Users\prabh\.openjfx\cache\21+31\amd64\ucrtbase.dll
Event: 1.145 Loaded shared library C:\Users\prabh\.openjfx\cache\21+31\amd64\vcruntime140.dll
Event: 1.151 Loaded shared library C:\Users\prabh\.openjfx\cache\21+31\amd64\vcruntime140_1.dll
Event: 1.176 Loaded shared library C:\Users\prabh\.openjfx\cache\21+31\amd64\msvcp140.dll
Event: 1.183 Loaded shared library C:\Users\prabh\.openjfx\cache\21+31\amd64\msvcp140_1.dll
Event: 1.193 Loaded shared library C:\Users\prabh\.openjfx\cache\21+31\amd64\msvcp140_2.dll
Event: 1.359 Loaded shared library C:\Users\prabh\.openjfx\cache\21+31\amd64\prism_d3d.dll
Event: 1.438 Loaded shared library C:\Users\prabh\.openjfx\cache\21+31\amd64\glass.dll

Deoptimization events (20 events):
Event: 8.713 Thread 0x000001d9840a4ff0 Uncommon trap: trap_request=0xffffffde fr.pc=0x000001d9ad4d0610 relative=0x0000000000000a10
Event: 8.713 Thread 0x000001d9840a4ff0 Uncommon trap: reason=class_check action=maybe_recompile pc=0x000001d9ad4d0610 method=java.util.HashSet.add(Ljava/lang/Object;)Z @ 8 c2
Event: 8.713 Thread 0x000001d9840a4ff0 DEOPT PACKING pc=0x000001d9ad4d0610 sp=0x000000cfaeafdde0
Event: 8.713 Thread 0x000001d9840a4ff0 DEOPT UNPACKING pc=0x000001d9acef46a2 sp=0x000000cfaeafddd0 mode 2
Event: 8.717 Thread 0x000001d9840a4ff0 Uncommon trap: trap_request=0xffffffde fr.pc=0x000001d9ad480ee4 relative=0x0000000000000304
Event: 8.717 Thread 0x000001d9840a4ff0 Uncommon trap: reason=class_check action=maybe_recompile pc=0x000001d9ad480ee4 method=java.util.regex.Pattern$BmpCharPropertyGreedy.match(Ljava/util/regex/Matcher;ILjava/lang/CharSequence;)Z @ 26 c2
Event: 8.717 Thread 0x000001d9840a4ff0 DEOPT PACKING pc=0x000001d9ad480ee4 sp=0x000000cfaeafe0d0
Event: 8.718 Thread 0x000001d9840a4ff0 DEOPT UNPACKING pc=0x000001d9acef46a2 sp=0x000000cfaeafe088 mode 2
Event: 8.728 Thread 0x000001d9840a4ff0 Uncommon trap: trap_request=0xffffffde fr.pc=0x000001d9ad480ee4 relative=0x0000000000000304
Event: 8.728 Thread 0x000001d9840a4ff0 Uncommon trap: reason=class_check action=maybe_recompile pc=0x000001d9ad480ee4 method=java.util.regex.Pattern$BmpCharPropertyGreedy.match(Ljava/util/regex/Matcher;ILjava/lang/CharSequence;)Z @ 26 c2
Event: 8.728 Thread 0x000001d9840a4ff0 DEOPT PACKING pc=0x000001d9ad480ee4 sp=0x000000cfaeafdfd0
Event: 8.728 Thread 0x000001d9840a4ff0 DEOPT UNPACKING pc=0x000001d9acef46a2 sp=0x000000cfaeafdf88 mode 2
Event: 8.728 Thread 0x000001d9840a4ff0 Uncommon trap: trap_request=0xffffffde fr.pc=0x000001d9ad480ee4 relative=0x0000000000000304
Event: 8.728 Thread 0x000001d9840a4ff0 Uncommon trap: reason=class_check action=maybe_recompile pc=0x000001d9ad480ee4 method=java.util.regex.Pattern$BmpCharPropertyGreedy.match(Ljava/util/regex/Matcher;ILjava/lang/CharSequence;)Z @ 26 c2
Event: 8.728 Thread 0x000001d9840a4ff0 DEOPT PACKING pc=0x000001d9ad480ee4 sp=0x000000cfaeafdfd0
Event: 8.728 Thread 0x000001d9840a4ff0 DEOPT UNPACKING pc=0x000001d9acef46a2 sp=0x000000cfaeafdf88 mode 2
Event: 8.728 Thread 0x000001d9840a4ff0 Uncommon trap: trap_request=0xffffffde fr.pc=0x000001d9ad480ee4 relative=0x0000000000000304
Event: 8.728 Thread 0x000001d9840a4ff0 Uncommon trap: reason=class_check action=maybe_recompile pc=0x000001d9ad480ee4 method=java.util.regex.Pattern$BmpCharPropertyGreedy.match(Ljava/util/regex/Matcher;ILjava/lang/CharSequence;)Z @ 26 c2
Event: 8.728 Thread 0x000001d9840a4ff0 DEOPT PACKING pc=0x000001d9ad480ee4 sp=0x000000cfaeafdeb0
Event: 8.728 Thread 0x000001d9840a4ff0 DEOPT UNPACKING pc=0x000001d9acef46a2 sp=0x000000cfaeafde68 mode 2

Classes loaded (20 events):
Event: 8.720 Loading class java/net/URLDecoder
Event: 8.720 Loading class java/net/URLDecoder done
Event: 8.732 Loading class java/io/StringWriter
Event: 8.732 Loading class java/io/StringWriter done
Event: 8.732 Loading class java/util/MissingResourceException
Event: 8.732 Loading class java/util/MissingResourceException done
Event: 8.733 Loading class java/util/ResourceBundle$CacheKey
Event: 8.733 Loading class java/util/ResourceBundle$CacheKey done
Event: 8.733 Loading class java/util/ResourceBundle$KeyElementReference
Event: 8.733 Loading class java/util/ResourceBundle$CacheKeyReference
Event: 8.733 Loading class java/util/ResourceBundle$CacheKeyReference done
Event: 8.733 Loading class java/util/ResourceBundle$KeyElementReference done
Event: 8.733 Loading class java/util/ResourceBundle$3
Event: 8.733 Loading class java/util/ResourceBundle$3 done
Event: 8.735 Loading class java/util/PropertyResourceBundle
Event: 8.735 Loading class java/util/PropertyResourceBundle done
Event: 8.735 Loading class sun/util/PropertyResourceBundleCharset
Event: 8.735 Loading class sun/util/PropertyResourceBundleCharset done
Event: 8.735 Loading class sun/util/PropertyResourceBundleCharset$PropertiesFileDecoder
Event: 8.735 Loading class sun/util/PropertyResourceBundleCharset$PropertiesFileDecoder done

Classes unloaded (0 events):
No events

Classes redefined (0 events):
No events

Internal exceptions (20 events):
Event: 1.511 Thread 0x000001d9bc5fa0a0 Exception <a 'java/lang/NoSuchMethodError'{0x0000000713a6edd8}: 'long java.lang.invoke.DirectMethodHandle$Holder.invokeSpecial(java.lang.Object, java.lang.Object)'> (0x0000000713a6edd8) 
thrown [s\open\src\hotspot\share\interpreter\linkResolver.cpp, line 773]
Event: 1.512 Thread 0x000001d9bc5fa0a0 Exception <a 'java/lang/NoSuchMethodError'{0x0000000713a724a0}: 'long java.lang.invoke.Invokers$Holder.invokeExact_MT(java.lang.Object, java.lang.Object)'> (0x0000000713a724a0) 
thrown [s\open\src\hotspot\share\interpreter\linkResolver.cpp, line 773]
Event: 1.572 Thread 0x000001d9840a4ff0 Exception <a 'java/lang/NoSuchMethodError'{0x00000007138fd320}: 'void java.lang.invoke.DirectMethodHandle$Holder.invokeStaticInit(java.lang.Object)'> (0x00000007138fd320) 
thrown [s\open\src\hotspot\share\interpreter\linkResolver.cpp, line 773]
Event: 1.579 Thread 0x000001d99d53fc00 Exception <a 'java/lang/NoSuchMethodError'{0x0000000713d704e8}: 'java.lang.Object java.lang.invoke.DirectMethodHandle$Holder.newInvokeSpecial(java.lang.Object, java.lang.Object, java.lang.Object, java.lang.Object, java.lang.Object, java.lang.Object)'> (0x0000000713d704e8) 
thrown [s\open\src\hotspot\share\interpreter\linkResolver.cpp, line 773]
Event: 1.616 Thread 0x000001d99d53fc00 Exception <a 'java/lang/NoSuchMethodError'{0x00000007139856d0}: 'java.lang.Object java.lang.invoke.DirectMethodHandle$Holder.newInvokeSpecial(java.lang.Object, java.lang.Object, java.lang.Object, java.lang.Object, java.lang.Object)'> (0x00000007139856d0) 
thrown [s\open\src\hotspot\share\interpreter\linkResolver.cpp, line 773]
Event: 1.694 Thread 0x000001d9840a4ff0 Exception <a 'java/lang/NoSuchMethodError'{0x00000007137e0fb0}: 'void java.lang.invoke.DirectMethodHandle$Holder.invokeStatic(java.lang.Object, long)'> (0x00000007137e0fb0) 
thrown [s\open\src\hotspot\share\interpreter\linkResolver.cpp, line 773]
Event: 1.695 Thread 0x000001d9840a4ff0 Exception <a 'java/lang/NoSuchMethodError'{0x00000007137e5b80}: 'java.lang.Object java.lang.invoke.DirectMethodHandle$Holder.newInvokeSpecial(java.lang.Object, long)'> (0x00000007137e5b80) 
thrown [s\open\src\hotspot\share\interpreter\linkResolver.cpp, line 773]
Event: 1.698 Thread 0x000001d9840a4ff0 Exception <a 'java/lang/NoSuchMethodError'{0x0000000713403540}: 'java.lang.Object java.lang.invoke.DirectMethodHandle$Holder.invokeStatic(java.lang.Object, long, java.lang.Object)'> (0x0000000713403540) 
thrown [s\open\src\hotspot\share\interpreter\linkResolver.cpp, line 773]
Event: 1.699 Thread 0x000001d9840a4ff0 Exception <a 'java/lang/NoSuchMethodError'{0x0000000713406b98}: 'java.lang.Object java.lang.invoke.DirectMethodHandle$Holder.invokeStaticInit(java.lang.Object, long, java.lang.Object)'> (0x0000000713406b98) 
thrown [s\open\src\hotspot\share\interpreter\linkResolver.cpp, line 773]
Event: 1.732 Thread 0x000001d9841bea70 Exception <a 'sun/nio/fs/WindowsException'{0x000000071344f170}> (0x000000071344f170) 
thrown [s\open\src\hotspot\share\prims\jni.cpp, line 520]
Event: 1.747 Thread 0x000001d9841bea70 Exception <a 'java/lang/NoSuchMethodError'{0x00000007134758e8}: static [B.<clinit>()V> (0x00000007134758e8) 
thrown [s\open\src\hotspot\share\prims\jni.cpp, line 1106]
Event: 1.770 Thread 0x000001d9841bea70 Exception <a 'java/lang/ClassNotFoundException'{0x00000007134bbdd0}: javax/management/remote/rmi/RMIConnectionImpl_Skel> (0x00000007134bbdd0) 
thrown [s\open\src\hotspot\share\classfile\systemDictionary.cpp, line 312]
Event: 1.773 Thread 0x000001d9841b17a0 Exception <a 'java/lang/NoSuchMethodError'{0x0000000713503518}: 'java.lang.Object java.lang.invoke.Invokers$Holder.linkToTargetMethod(java.lang.Object, long, java.lang.Object)'> (0x0000000713503518) 
thrown [s\open\src\hotspot\share\interpreter\linkResolver.cpp, line 773]
Event: 1.810 Thread 0x000001d9841bea70 Exception <a 'java/lang/NoSuchMethodError'{0x000000071354ba28}: 'int java.lang.invoke.DelegatingMethodHandle$Holder.reinvoke_L(java.lang.Object, java.lang.Object, java.lang.Object, java.lang.Object, java.lang.Object)'> (0x000000071354ba28) 
thrown [s\open\src\hotspot\share\interpreter\linkResolver.cpp, line 773]
Event: 1.836 Thread 0x000001d9841bea70 Exception <a 'java/lang/NoSuchMethodError'{0x0000000713566fc8}: 'java.lang.Object java.lang.invoke.DirectMethodHandle$Holder.invokeInterface(java.lang.Object, java.lang.Object, java.lang.Object, java.lang.Object, java.lang.Object)'> (0x0000000713566fc8) 
thrown [s\open\src\hotspot\share\interpreter\linkResolver.cpp, line 773]
Event: 1.842 Thread 0x000001d9841bea70 Exception <a 'java/lang/NoSuchMethodError'{0x0000000713586dc0}: 'double java.lang.invoke.DirectMethodHandle$Holder.invokeInterface(java.lang.Object, java.lang.Object)'> (0x0000000713586dc0) 
thrown [s\open\src\hotspot\share\interpreter\linkResolver.cpp, line 773]
Event: 1.843 Thread 0x000001d9841bea70 Exception <a 'java/lang/NoSuchMethodError'{0x000000071358e798}: 'double java.lang.invoke.DelegatingMethodHandle$Holder.reinvoke_L(java.lang.Object, java.lang.Object)'> (0x000000071358e798) 
thrown [s\open\src\hotspot\share\interpreter\linkResolver.cpp, line 773]
Event: 2.456 Thread 0x000001d9841bea70 Exception <a 'java/lang/NoSuchMethodError'{0x00000007135ac070}: 'long java.lang.invoke.DirectMethodHandle$Holder.invokeVirtual(java.lang.Object, java.lang.Object)'> (0x00000007135ac070) 
thrown [s\open\src\hotspot\share\interpreter\linkResolver.cpp, line 773]
Event: 2.456 Thread 0x000001d9841bea70 Exception <a 'java/lang/NoSuchMethodError'{0x00000007135af830}: 'long java.lang.invoke.DelegatingMethodHandle$Holder.reinvoke_L(java.lang.Object, java.lang.Object)'> (0x00000007135af830) 
thrown [s\open\src\hotspot\share\interpreter\linkResolver.cpp, line 773]
Event: 8.710 Thread 0x000001d9840a4ff0 Exception <a 'sun/nio/fs/WindowsException'{0x0000000713248d88}> (0x0000000713248d88) 
thrown [s\open\src\hotspot\share\prims\jni.cpp, line 520]

ZGC Phase Switch (0 events):
No events

VM Operations (20 events):
Event: 1.423 Executing VM operation: HandshakeAllThreads (Deoptimize)
Event: 1.423 Executing VM operation: HandshakeAllThreads (Deoptimize) done
Event: 1.431 Executing VM operation: HandshakeAllThreads (Deoptimize)
Event: 1.431 Executing VM operation: HandshakeAllThreads (Deoptimize) done
Event: 1.701 Executing VM operation: HandshakeAllThreads (Deoptimize)
Event: 1.701 Executing VM operation: HandshakeAllThreads (Deoptimize) done
Event: 1.768 Executing VM operation: HandshakeAllThreads (Deoptimize)
Event: 1.768 Executing VM operation: HandshakeAllThreads (Deoptimize) done
Event: 2.768 Executing VM operation: Cleanup
Event: 2.768 Executing VM operation: Cleanup done
Event: 5.769 Executing VM operation: Cleanup
Event: 5.769 Executing VM operation: Cleanup done
Event: 8.712 Executing VM operation: HandshakeAllThreads (Deoptimize)
Event: 8.712 Executing VM operation: HandshakeAllThreads (Deoptimize) done
Event: 8.712 Executing VM operation: Cleanup
Event: 8.712 Executing VM operation: Cleanup done
Event: 8.715 Executing VM operation: HandshakeAllThreads (Deoptimize)
Event: 8.715 Executing VM operation: HandshakeAllThreads (Deoptimize) done
Event: 8.715 Executing VM operation: HandshakeAllThreads (Deoptimize)
Event: 8.715 Executing VM operation: HandshakeAllThreads (Deoptimize) done

Events (20 events):
Event: 0.081 Thread 0x000001d9bc60a030 Thread added: 0x000001d9bc60a030
Event: 0.143 Thread 0x000001d9bc6d8650 Thread added: 0x000001d9bc6d8650
Event: 0.220 Thread 0x000001d9bc7ba2b0 Thread added: 0x000001d9bc7ba2b0
Event: 0.232 Thread 0x000001d9bc7bcee0 Thread added: 0x000001d9bc7bcee0
Event: 0.450 Thread 0x000001d9fe893080 Thread added: 0x000001d9fe893080
Event: 0.450 Thread 0x000001d9fed55390 Thread added: 0x000001d9fed55390
Event: 0.543 Thread 0x000001d9bc7bcee0 Thread exited: 0x000001d9bc7bcee0
Event: 0.658 Thread 0x000001d9fe9859a0 Thread added: 0x000001d9fe9859a0
Event: 1.297 Thread 0x000001d98415eaa0 Thread added: 0x000001d98415eaa0
Event: 1.443 Thread 0x000001d9840a14e0 Thread added: 0x000001d9840a14e0
Event: 1.449 Thread 0x000001d9840a4ff0 Thread added: 0x000001d9840a4ff0
Event: 1.504 Thread 0x000001d9844f51d0 Thread added: 0x000001d9844f51d0
Event: 1.613 Thread 0x000001d9845d7060 Thread added: 0x000001d9845d7060
Event: 1.616 Thread 0x000001d9846303d0 Thread added: 0x000001d9846303d0
Event: 1.673 Thread 0x000001d9fe9859a0 Thread exited: 0x000001d9fe9859a0
Event: 1.692 Thread 0x000001d9841bea70 Thread added: 0x000001d9841bea70
Event: 1.745 Thread 0x000001d9841b0a80 Thread added: 0x000001d9841b0a80
Event: 1.765 Thread 0x000001d9841b17a0 Thread added: 0x000001d9841b17a0
Event: 2.110 Thread 0x000001d9bc7ba2b0 Thread exited: 0x000001d9bc7ba2b0
Event: 8.707 Thread 0x000001d9841afd60 Thread added: 0x000001d9841afd60


Dynamic libraries:
0x00007ff79a720000 - 0x00007ff79a730000 	C:\Program Files\Java\jdk-21.0.2\bin\java.exe
0x00007ffc71930000 - 0x00007ffc71b47000 	C:\WINDOWS\SYSTEM32\ntdll.dll
0x00007ffc708f0000 - 0x00007ffc709b4000 	C:\WINDOWS\System32\KERNEL32.DLL
0x00007ffc6eeb0000 - 0x00007ffc6f269000 	C:\WINDOWS\System32\KERNELBASE.dll
0x00007ffc6ed90000 - 0x00007ffc6eea1000 	C:\WINDOWS\System32\ucrtbase.dll
0x00007ffc67e90000 - 0x00007ffc67ea9000 	C:\Program Files\Java\jdk-21.0.2\bin\jli.dll
0x00007ffc6f650000 - 0x00007ffc6f702000 	C:\WINDOWS\System32\ADVAPI32.dll
0x00007ffc6fb90000 - 0x00007ffc6fc37000 	C:\WINDOWS\System32\msvcrt.dll
0x00007ffc70dd0000 - 0x00007ffc70e77000 	C:\WINDOWS\System32\sechost.dll
0x00007ffc6f620000 - 0x00007ffc6f648000 	C:\WINDOWS\System32\bcrypt.dll
0x00007ffc707d0000 - 0x00007ffc708e4000 	C:\WINDOWS\System32\RPCRT4.dll
0x00007ffc716f0000 - 0x00007ffc7189e000 	C:\WINDOWS\System32\USER32.dll
0x00007ffc6f5f0000 - 0x00007ffc6f616000 	C:\WINDOWS\System32\win32u.dll
0x00007ffc6fc50000 - 0x00007ffc6fc79000 	C:\WINDOWS\System32\GDI32.dll
0x00007ffc6f450000 - 0x00007ffc6f56b000 	C:\WINDOWS\System32\gdi32full.dll
0x00007ffc6ecf0000 - 0x00007ffc6ed8a000 	C:\WINDOWS\System32\msvcp_win.dll
0x00007ffc64a20000 - 0x00007ffc64a3b000 	C:\Program Files\Java\jdk-21.0.2\bin\VCRUNTIME140.dll
0x00007ffc58b00000 - 0x00007ffc58d92000 	C:\WINDOWS\WinSxS\amd64_microsoft.windows.common-controls_6595b64144ccf1df_6.0.22621.4391_none_2715d37f73803e96\COMCTL32.dll
0x00007ffc683a0000 - 0x00007ffc683aa000 	C:\WINDOWS\SYSTEM32\VERSION.dll
0x00007ffc6fe60000 - 0x00007ffc6fe91000 	C:\WINDOWS\System32\IMM32.DLL
0x00007ffc54610000 - 0x00007ffc54771000 	C:\Program Files (x86)\Citrix\ICA Client\ctxapclient64.dll
0x00007ffc70e80000 - 0x00007ffc7120f000 	C:\WINDOWS\System32\combase.dll
0x00007ffc6de70000 - 0x00007ffc6dea4000 	C:\WINDOWS\SYSTEM32\ntmarta.dll
0x00007ffc6f570000 - 0x00007ffc6f5eb000 	C:\WINDOWS\System32\bcryptprimitives.dll
0x00007ffc544d0000 - 0x00007ffc5450a000 	C:\Program Files (x86)\Citrix\ICA Client\Receiver\FeatureFlagHelper64.dll
0x00007ffc66370000 - 0x00007ffc6637c000 	C:\Program Files\Java\jdk-21.0.2\bin\vcruntime140_1.dll
0x00007ffc44bb0000 - 0x00007ffc44c3e000 	C:\Program Files\Java\jdk-21.0.2\bin\msvcp140.dll
0x00007ffc0f9f0000 - 0x00007ffc10707000 	C:\Program Files\Java\jdk-21.0.2\bin\server\jvm.dll
0x00007ffc70b80000 - 0x00007ffc70bf1000 	C:\WINDOWS\System32\WS2_32.dll
0x00007ffc6dac0000 - 0x00007ffc6db0d000 	C:\WINDOWS\SYSTEM32\POWRPROF.dll
0x00007ffc6a360000 - 0x00007ffc6a394000 	C:\WINDOWS\SYSTEM32\WINMM.dll
0x00007ffc6daa0000 - 0x00007ffc6dab3000 	C:\WINDOWS\SYSTEM32\UMPDC.dll
0x00007ffc6dd60000 - 0x00007ffc6dd78000 	C:\WINDOWS\SYSTEM32\kernel.appcore.dll
0x00007ffc66340000 - 0x00007ffc6634a000 	C:\Program Files\Java\jdk-21.0.2\bin\jimage.dll
0x00007ffc54fd0000 - 0x00007ffc55202000 	C:\WINDOWS\SYSTEM32\DBGHELP.DLL
0x00007ffc71470000 - 0x00007ffc71547000 	C:\WINDOWS\System32\OLEAUT32.dll
0x00007ffc58a20000 - 0x00007ffc58a52000 	C:\WINDOWS\SYSTEM32\dbgcore.DLL
0x00007ffc64f30000 - 0x00007ffc64f3f000 	C:\Program Files\Java\jdk-21.0.2\bin\instrument.dll
0x00007ffc63a50000 - 0x00007ffc63a6f000 	C:\Program Files\Java\jdk-21.0.2\bin\java.dll
0x000001d9fe000000 - 0x000001d9fe876000 	C:\WINDOWS\System32\SHELL32.dll
0x00007ffc6cb80000 - 0x00007ffc6d483000 	C:\WINDOWS\SYSTEM32\windows.storage.dll
0x00007ffc6ca40000 - 0x00007ffc6cb7f000 	C:\WINDOWS\SYSTEM32\wintypes.dll
0x00007ffc6fca0000 - 0x00007ffc6fd99000 	C:\WINDOWS\System32\SHCORE.dll
0x00007ffc6fe00000 - 0x00007ffc6fe5e000 	C:\WINDOWS\System32\shlwapi.dll
0x00007ffc6eb60000 - 0x00007ffc6eb8b000 	C:\WINDOWS\SYSTEM32\profapi.dll
0x00007ffc413a0000 - 0x00007ffc41477000 	C:\Program Files\Java\jdk-21.0.2\bin\jsvml.dll
0x00007ffc650c0000 - 0x00007ffc650d0000 	C:\Program Files\Java\jdk-21.0.2\bin\net.dll
0x00007ffc679a0000 - 0x00007ffc67ad6000 	C:\WINDOWS\SYSTEM32\WINHTTP.dll
0x00007ffc6e1e0000 - 0x00007ffc6e249000 	C:\WINDOWS\system32\mswsock.dll
0x00007ffc63a10000 - 0x00007ffc63a26000 	C:\Program Files\Java\jdk-21.0.2\bin\nio.dll
0x00007ffc62790000 - 0x00007ffc627a8000 	C:\Program Files\Java\jdk-21.0.2\bin\zip.dll
0x00007ffc55710000 - 0x00007ffc5572a000 	D:\IntelliJ IDEA 2024.2.4\bin\breakgen64.dll
0x00007ffc6d7d0000 - 0x00007ffc6d8d2000 	C:\WINDOWS\SYSTEM32\DNSAPI.dll
0x00007ffc6d760000 - 0x00007ffc6d78d000 	C:\WINDOWS\SYSTEM32\IPHLPAPI.DLL
0x00007ffc707c0000 - 0x00007ffc707c9000 	C:\WINDOWS\System32\NSI.dll
0x00007ffc650b0000 - 0x00007ffc650ba000 	C:\Windows\System32\rasadhlp.dll
0x00007ffc67070000 - 0x00007ffc670f3000 	C:\WINDOWS\System32\fwpuclnt.dll
0x00007ffc5cb30000 - 0x00007ffc5cb3a000 	C:\Program Files\Java\jdk-21.0.2\bin\management.dll
0x000001d99b400000 - 0x000001d99b403000 	C:\Users\prabh\.openjfx\cache\21+31\amd64\api-ms-win-core-console-l1-1-0.dll
0x000001d99b410000 - 0x000001d99b413000 	C:\Users\prabh\.openjfx\cache\21+31\amd64\api-ms-win-core-console-l1-2-0.dll
0x000001d99d490000 - 0x000001d99d493000 	C:\Users\prabh\.openjfx\cache\21+31\amd64\api-ms-win-core-datetime-l1-1-0.dll
0x00007ffc59bd0000 - 0x00007ffc59bdb000 	C:\Program Files\Java\jdk-21.0.2\bin\management_ext.dll
0x00007ffc70c00000 - 0x00007ffc70c08000 	C:\WINDOWS\System32\PSAPI.DLL
0x000001d99d4a0000 - 0x000001d99d4a3000 	C:\Users\prabh\.openjfx\cache\21+31\amd64\api-ms-win-core-debug-l1-1-0.dll
0x000001d99d4b0000 - 0x000001d99d4b3000 	C:\Users\prabh\.openjfx\cache\21+31\amd64\api-ms-win-core-errorhandling-l1-1-0.dll
0x000001d99d4c0000 - 0x000001d99d4c4000 	C:\Users\prabh\.openjfx\cache\21+31\amd64\api-ms-win-core-file-l1-1-0.dll
0x000001d9bcd10000 - 0x000001d9bcd13000 	C:\Users\prabh\.openjfx\cache\21+31\amd64\api-ms-win-core-file-l1-2-0.dll
0x000001d9bcd20000 - 0x000001d9bcd23000 	C:\Users\prabh\.openjfx\cache\21+31\amd64\api-ms-win-core-file-l2-1-0.dll
0x000001d9bcd30000 - 0x000001d9bcd33000 	C:\Users\prabh\.openjfx\cache\21+31\amd64\api-ms-win-core-handle-l1-1-0.dll
0x000001d9bcd40000 - 0x000001d9bcd43000 	C:\Users\prabh\.openjfx\cache\21+31\amd64\api-ms-win-core-heap-l1-1-0.dll
0x000001d9bcd50000 - 0x000001d9bcd53000 	C:\Users\prabh\.openjfx\cache\21+31\amd64\api-ms-win-core-interlocked-l1-1-0.dll
0x000001d9bcd60000 - 0x000001d9bcd63000 	C:\Users\prabh\.openjfx\cache\21+31\amd64\api-ms-win-core-libraryloader-l1-1-0.dll
0x000001d9bcd70000 - 0x000001d9bcd73000 	C:\Users\prabh\.openjfx\cache\21+31\amd64\api-ms-win-core-localization-l1-2-0.dll
0x000001d9bcd80000 - 0x000001d9bcd83000 	C:\Users\prabh\.openjfx\cache\21+31\amd64\api-ms-win-core-memory-l1-1-0.dll
0x000001d9bcd90000 - 0x000001d9bcd93000 	C:\Users\prabh\.openjfx\cache\21+31\amd64\api-ms-win-core-namedpipe-l1-1-0.dll
0x000001d9bcda0000 - 0x000001d9bcda3000 	C:\Users\prabh\.openjfx\cache\21+31\amd64\api-ms-win-core-processenvironment-l1-1-0.dll
0x000001d9bcdb0000 - 0x000001d9bcdb3000 	C:\Users\prabh\.openjfx\cache\21+31\amd64\api-ms-win-core-processthreads-l1-1-0.dll
0x000001d9bcdc0000 - 0x000001d9bcdc3000 	C:\Users\prabh\.openjfx\cache\21+31\amd64\api-ms-win-core-processthreads-l1-1-1.dll
0x000001d9bcdd0000 - 0x000001d9bcdd3000 	C:\Users\prabh\.openjfx\cache\21+31\amd64\api-ms-win-core-profile-l1-1-0.dll
0x000001d9bcde0000 - 0x000001d9bcde3000 	C:\Users\prabh\.openjfx\cache\21+31\amd64\api-ms-win-core-rtlsupport-l1-1-0.dll
0x000001d9bcdf0000 - 0x000001d9bcdf3000 	C:\Users\prabh\.openjfx\cache\21+31\amd64\api-ms-win-core-string-l1-1-0.dll
0x000001d9bce00000 - 0x000001d9bce03000 	C:\Users\prabh\.openjfx\cache\21+31\amd64\api-ms-win-core-synch-l1-1-0.dll
0x000001d9bce10000 - 0x000001d9bce13000 	C:\Users\prabh\.openjfx\cache\21+31\amd64\api-ms-win-core-synch-l1-2-0.dll
0x000001d9bce20000 - 0x000001d9bce23000 	C:\Users\prabh\.openjfx\cache\21+31\amd64\api-ms-win-core-sysinfo-l1-1-0.dll
0x000001d9bce30000 - 0x000001d9bce33000 	C:\Users\prabh\.openjfx\cache\21+31\amd64\api-ms-win-core-timezone-l1-1-0.dll
0x000001d9bce40000 - 0x000001d9bce43000 	C:\Users\prabh\.openjfx\cache\21+31\amd64\api-ms-win-core-util-l1-1-0.dll
0x000001d9bce50000 - 0x000001d9bce53000 	C:\Users\prabh\.openjfx\cache\21+31\amd64\api-ms-win-crt-conio-l1-1-0.dll
0x000001d9bce60000 - 0x000001d9bce64000 	C:\Users\prabh\.openjfx\cache\21+31\amd64\api-ms-win-crt-convert-l1-1-0.dll
0x000001d9bce70000 - 0x000001d9bce73000 	C:\Users\prabh\.openjfx\cache\21+31\amd64\api-ms-win-crt-environment-l1-1-0.dll
0x000001d9bce80000 - 0x000001d9bce83000 	C:\Users\prabh\.openjfx\cache\21+31\amd64\api-ms-win-crt-filesystem-l1-1-0.dll
0x000001d9bce90000 - 0x000001d9bce93000 	C:\Users\prabh\.openjfx\cache\21+31\amd64\api-ms-win-crt-heap-l1-1-0.dll
0x000001d9bcea0000 - 0x000001d9bcea3000 	C:\Users\prabh\.openjfx\cache\21+31\amd64\api-ms-win-crt-locale-l1-1-0.dll
0x000001d9bceb0000 - 0x000001d9bceb5000 	C:\Users\prabh\.openjfx\cache\21+31\amd64\api-ms-win-crt-math-l1-1-0.dll
0x000001d9bcec0000 - 0x000001d9bcec5000 	C:\Users\prabh\.openjfx\cache\21+31\amd64\api-ms-win-crt-multibyte-l1-1-0.dll
0x000001d9bced0000 - 0x000001d9bcee0000 	C:\Users\prabh\.openjfx\cache\21+31\amd64\api-ms-win-crt-private-l1-1-0.dll
0x000001d9bcee0000 - 0x000001d9bcee3000 	C:\Users\prabh\.openjfx\cache\21+31\amd64\api-ms-win-crt-process-l1-1-0.dll
0x000001d9bcef0000 - 0x000001d9bcef4000 	C:\Users\prabh\.openjfx\cache\21+31\amd64\api-ms-win-crt-runtime-l1-1-0.dll
0x000001d9bcf00000 - 0x000001d9bcf04000 	C:\Users\prabh\.openjfx\cache\21+31\amd64\api-ms-win-crt-stdio-l1-1-0.dll
0x000001d9bcf10000 - 0x000001d9bcf14000 	C:\Users\prabh\.openjfx\cache\21+31\amd64\api-ms-win-crt-string-l1-1-0.dll
0x000001d9bcf20000 - 0x000001d9bcf23000 	C:\Users\prabh\.openjfx\cache\21+31\amd64\api-ms-win-crt-time-l1-1-0.dll
0x000001d9bcf30000 - 0x000001d9bcf33000 	C:\Users\prabh\.openjfx\cache\21+31\amd64\api-ms-win-crt-utility-l1-1-0.dll
0x00007ffc3a200000 - 0x00007ffc3a2fc000 	C:\Users\prabh\.openjfx\cache\21+31\amd64\ucrtbase.dll
0x00007ffc556d0000 - 0x00007ffc556eb000 	C:\Users\prabh\.openjfx\cache\21+31\amd64\vcruntime140.dll
0x00007ffc55800000 - 0x00007ffc5580c000 	C:\Users\prabh\.openjfx\cache\21+31\amd64\vcruntime140_1.dll
0x00007ffc3cae0000 - 0x00007ffc3cb6e000 	C:\Users\prabh\.openjfx\cache\21+31\amd64\msvcp140.dll
0x00007ffc712c0000 - 0x00007ffc71465000 	C:\WINDOWS\System32\ole32.dll
0x00007ffc557c0000 - 0x00007ffc557c9000 	C:\Users\prabh\.openjfx\cache\21+31\amd64\msvcp140_1.dll
0x00007ffc45dd0000 - 0x00007ffc45dff000 	C:\Users\prabh\.openjfx\cache\21+31\amd64\msvcp140_2.dll
0x00007ffc45da0000 - 0x00007ffc45dcf000 	C:\Users\prabh\.openjfx\cache\21+31\amd64\prism_d3d.dll
0x00007ffc32330000 - 0x00007ffc324d8000 	C:\WINDOWS\system32\d3d9.dll
0x00007ffc6c310000 - 0x00007ffc6c33b000 	C:\WINDOWS\SYSTEM32\dwmapi.dll
0x00007ffc6c380000 - 0x00007ffc6c3b7000 	C:\WINDOWS\SYSTEM32\dxcore.dll
0x00007ffc6c0c0000 - 0x00007ffc6c171000 	C:\WINDOWS\system32\uxtheme.dll
0x00007ffc299c0000 - 0x00007ffc29b6d000 	C:\WINDOWS\System32\DriverStore\FileRepository\iigd_dch.inf_amd64_306090fd1d6bb4fa\igdumdim64.dll
0x00007ffbbbc40000 - 0x00007ffbbece4000 	C:\WINDOWS\System32\DriverStore\FileRepository\iigd_dch.inf_amd64_306090fd1d6bb4fa\igd9dxva64.dll
0x000001d984fe0000 - 0x000001d985454000 	C:\WINDOWS\System32\SETUPAPI.dll
0x00007ffc6e920000 - 0x00007ffc6e96e000 	C:\WINDOWS\SYSTEM32\cfgmgr32.dll
0x00007ffc61da0000 - 0x00007ffc621a9000 	C:\WINDOWS\System32\DriverStore\FileRepository\iigd_dch.inf_amd64_306090fd1d6bb4fa\igdgmm64.dll
0x00007ffc66af0000 - 0x00007ffc66b39000 	C:\WINDOWS\SYSTEM32\directxdatabasehelper.dll
0x00007ffc6e430000 - 0x00007ffc6e44b000 	C:\WINDOWS\SYSTEM32\CRYPTSP.dll
0x00007ffc6dcc0000 - 0x00007ffc6dcf5000 	C:\WINDOWS\system32\rsaenh.dll
0x00007ffc6e2d0000 - 0x00007ffc6e2f8000 	C:\WINDOWS\SYSTEM32\USERENV.dll
0x00007ffc6e450000 - 0x00007ffc6e45c000 	C:\WINDOWS\SYSTEM32\CRYPTBASE.dll
0x00007ffc458c0000 - 0x00007ffc45902000 	C:\Users\prabh\.openjfx\cache\21+31\amd64\glass.dll
0x00007ffc715f0000 - 0x00007ffc716ef000 	C:\WINDOWS\System32\COMDLG32.dll
0x00007ffc70c10000 - 0x00007ffc70d70000 	C:\WINDOWS\System32\MSCTF.dll
0x00007ffc28870000 - 0x00007ffc28887000 	C:\WINDOWS\system32\napinsp.dll
0x00007ffc28890000 - 0x00007ffc288ab000 	C:\WINDOWS\system32\pnrpnsp.dll

dbghelp: loaded successfully - version: 4.0.5 - missing functions: none
symbol engine: initialized successfully - sym options: 0x614 - pdb path: .;C:\Program Files\Java\jdk-21.0.2\bin;C:\WINDOWS\SYSTEM32;C:\WINDOWS\WinSxS\amd64_microsoft.windows.common-controls_6595b64144ccf1df_6.0.22621.4391_none_2715d37f73803e96;C:\Program Files (x86)\Citrix\ICA Client;C:\Program Files (x86)\Citrix\ICA Client\Receiver;C:\Program Files\Java\jdk-21.0.2\bin\server;D:\IntelliJ IDEA 2024.2.4\bin;C:\Users\prabh\.openjfx\cache\21+31\amd64;C:\WINDOWS\System32\DriverStore\FileRepository\iigd_dch.inf_amd64_306090fd1d6bb4fa

VM Arguments:
jvm_args: -javaagent:D:\IntelliJ IDEA 2024.2.4\lib\idea_rt.jar=52017:D:\IntelliJ IDEA 2024.2.4\bin -Dfile.encoding=UTF-8 -Dsun.stdout.encoding=UTF-8 -Dsun.stderr.encoding=UTF-8 --module-path=C:\Users\prabh\.m2\repository\com\google\code\gson\gson\2.8.9\gson-2.8.9.jar;C:\Users\prabh\.m2\repository\org\openjfx\javafx-controls\21\javafx-controls-21-win.jar;C:\Users\prabh\.m2\repository\org\openjfx\javafx-fxml\21\javafx-fxml-21-win.jar;C:\Users\prabh\.m2\repository\org\openjfx\javafx-base\21\javafx-base-21-win.jar;C:\Users\prabh\IdeaProjects\OOD5\target\classes;C:\Users\prabh\.m2\repository\org\openjfx\javafx-graphics\21\javafx-graphics-21-win.jar;C:\Users\prabh\IdeaProjects\OOD5\lib\librec-core-3.0.0-1.jar;C:\Users\prabh\.m2\repository\com\mysql\mysql-connector-j\8.0.33\mysql-connector-j-8.0.33.jar -Djdk.module.main=org.example.ood5 
java_command: org.example.ood5/Main.Main
java_class_path (initial): C:\Users\prabh\.m2\repository\org\openjfx\javafx-controls\21\javafx-controls-21.jar;C:\Users\prabh\.m2\repository\org\openjfx\javafx-graphics\21\javafx-graphics-21.jar;C:\Users\prabh\.m2\repository\org\openjfx\javafx-base\21\javafx-base-21.jar;C:\Users\prabh\.m2\repository\org\openjfx\javafx-fxml\21\javafx-fxml-21.jar;C:\Users\prabh\.m2\repository\com\google\protobuf\protobuf-java\3.21.9\protobuf-java-3.21.9.jar;C:\Users\prabh\.m2\repository\commons-logging\commons-logging\1.2\commons-logging-1.2.jar;C:\Users\prabh\.m2\repository\commons-lang\commons-lang\2.6\commons-lang-2.6.jar;C:\Users\prabh\.m2\repository\com\google\guava\guava\31.1-jre\guava-31.1-jre.jar;C:\Users\prabh\.m2\repository\com\google\guava\failureaccess\1.0.1\failureaccess-1.0.1.jar;C:\Users\prabh\.m2\repository\com\google\guava\listenablefuture\9999.0-empty-to-avoid-conflict-with-guava\listenablefuture-9999.0-empty-to-avoid-conflict-with-guava.jar;C:\Users\prabh\.m2\repository\com\google\code\findbugs\jsr305\3.0.2\jsr305-3.0.2.jar;C:\Users\prabh\.m2\repository\org\checkerframework\checker-qual\3.12.0\checker-qual-3.12.0.jar;C:\Users\prabh\.m2\repository\com\google\errorprone\error_prone_annotations\2.11.0\error_prone_annotations-2.11.0.jar;C:\Users\prabh\.m2\repository\com\google\j2objc\j2objc-annotations\1.3\j2objc-annotations-1.3.jar;C:\Users\prabh\.m2\repository\com\squareup\okio\okio\3.4.0\okio-3.4.0.jar;C:\Users\prabh\.m2\repository\com\squareup\okio\okio-jvm\3.4.0\okio-jvm-3.4.0.jar;C:\Users\prabh\.m2\repository\org\jetbrains\kotlin\kotlin-stdlib-jdk8\1.8.0\kotlin-stdlib-jdk8-1.8.0.jar;C:\Users\prabh\.m2\repository\org\jetbrains\kotlin\kotlin-stdlib\1.8.0\kotlin-stdlib-1.8.0.jar;C:\Users\prabh\.m2\repository\org\jetbrains\annotations\13.0\annotations-13.0.jar;C:\Users\prabh\.m2\repository\org\jetbrains\kotlin\kotlin-stdlib-jdk7\1.8.0\kotlin-stdlib-jdk7-1.8.0.jar;C:\Users\prabh\.m2\repository\org\jetbrains\kotlin\kotlin-stdlib-common\1.8.0\kotlin-stdlib-common-1.8.0.jar;C:\Users\prabh\.m2\repository\it\unimi\dsi\fastutil\8.5.6\fastutil-8.5.6.jar
Launcher Type: SUN_STANDARD

[Global flags]
     intx CICompilerCount                          = 4                                         {product} {ergonomic}
     uint ConcGCThreads                            = 2                                         {product} {ergonomic}
     uint G1ConcRefinementThreads                  = 8                                         {product} {ergonomic}
   size_t G1HeapRegionSize                         = 2097152                                   {product} {ergonomic}
    uintx GCDrainStackTargetSize                   = 64                                        {product} {ergonomic}
   size_t InitialHeapSize                          = 264241152                                 {product} {ergonomic}
   size_t MarkStackSize                            = 4194304                                   {product} {ergonomic}
   size_t MaxHeapSize                              = 4221566976                                {product} {ergonomic}
   size_t MaxNewSize                               = 2531262464                                {product} {ergonomic}
   size_t MinHeapDeltaBytes                        = 2097152                                   {product} {ergonomic}
   size_t MinHeapSize                              = 8388608                                   {product} {ergonomic}
    uintx NonNMethodCodeHeapSize                   = 5839372                                {pd product} {ergonomic}
    uintx NonProfiledCodeHeapSize                  = 122909434                              {pd product} {ergonomic}
    uintx ProfiledCodeHeapSize                     = 122909434                              {pd product} {ergonomic}
    uintx ReservedCodeCacheSize                    = 251658240                              {pd product} {ergonomic}
     bool SegmentedCodeCache                       = true                                      {product} {ergonomic}
   size_t SoftMaxHeapSize                          = 4221566976                             {manageable} {ergonomic}
     bool UseCompressedOops                        = true                           {product lp64_product} {ergonomic}
     bool UseG1GC                                  = true                                      {product} {ergonomic}
     bool UseLargePagesIndividualAllocation        = false                                  {pd product} {ergonomic}

Logging:
Log output configuration:
 #0: stdout all=warning uptime,level,tags foldmultilines=false
 #1: stderr all=off uptime,level,tags foldmultilines=false

Environment Variables:
JAVA_HOME=C:\Program Files\Java\jdk-21.0.2
PATH=C:\WINDOWS\system32;C:\WINDOWS;C:\WINDOWS\System32\Wbem;C:\WINDOWS\System32\WindowsPowerShell\v1.0\;C:\WINDOWS\System32\OpenSSH\;C:\Program Files\Java\jdk-21.0.2\bin;C:\Users\prabh\AppData\Local\Programs\MiKTeX\miktex\bin\x64\;C:\Users\prabh\.m2\wrapper\dists\apache-maven-3.8.5-bin\5i5jha092a3i37g0paqnfr15e0\apache-maven-3.8.5\bin;C:\Program Files\Git\cmd;C:\Users\prabh\AppData\Local\Programs\Python\Python311\Scripts\;C:\Users\prabh\AppData\Local\Programs\Python\Python311\;C:\Users\prabh\AppData\Local\Microsoft\WindowsApps;C:\Users\prabh\AppData\Local\Programs\Microsoft VS Code\bin;C:\Users\prabh\AppData\Local\JetBrains\Toolbox\scripts;C:\Users\prabh\AppData\Local\Programs\MiKTeX\miktex\bin\x64\;C:\Program Files\JetBrains\IntelliJ IDEA 2023.3.3\bin;
USERNAME=prabh
OS=Windows_NT
PROCESSOR_IDENTIFIER=Intel64 Family 6 Model 142 Stepping 12, GenuineIntel
TMP=C:\Users\prabh\AppData\Local\Temp
TEMP=C:\Users\prabh\AppData\Local\Temp




Periodic native trim disabled

---------------  S Y S T E M  ---------------

OS:
 Windows 11 , 64 bit Build 22621 (10.0.22621.4391)
OS uptime: 0 days 23:36 hours

CPU: total 8 (initial active 8) (4 cores per cpu, 2 threads per core) family 6 model 142 stepping 12 microcode 0xfa, cx8, cmov, fxsr, ht, mmx, 3dnowpref, sse, sse2, sse3, ssse3, sse4.1, sse4.2, popcnt, lzcnt, tsc, tscinvbit, avx, avx2, aes, erms, clmul, bmi1, bmi2, adx, fma, vzeroupper, clflush, clflushopt, rdtscp, f16c
Processor Information for all 8 processors :
  Max Mhz: 1896, Current Mhz: 798, Mhz Limit: 796

Memory: 4k page, system-wide physical 16099M (4033M free)
TotalPageFile size 35093M (AvailPageFile size 2M)
current process WorkingSet (physical memory assigned to process): 127M, peak: 127M
current process commit charge ("private bytes"): 393M, peak: 393M

vm_info: Java HotSpot(TM) 64-Bit Server VM (21.0.2+13-LTS-58) for windows-amd64 JRE (21.0.2+13-LTS-58), built on 2024-01-05T18:32:24Z by "mach5one" with MS VC++ 17.1 (VS2022)

END.
