#
# There is insufficient memory for the Java Runtime Environment to continue.
# Native memory allocation (malloc) failed to allocate 678896 bytes for Chunk::new
# Possible reasons:
#   The system is out of physical RAM or swap space
#   The process is running with CompressedOops enabled, and the Java Heap may be blocking the growth of the native heap
# Possible solutions:
#   Reduce memory load on the system
#   Increase physical memory or swap space
#   Check if swap backing store is full
#   Decrease Java heap size (-Xmx/-Xms)
#   Decrease number of Java threads
#   Decrease Java thread stack sizes (-Xss)
#   Set larger code cache with -XX:ReservedCodeCacheSize=
#   JVM is running with Zero Based Compressed Oops mode in which the Java heap is
#     placed in the first 32GB address space. The Java Heap base address is the
#     maximum limit for the native heap growth. Please use -XX:HeapBaseMinAddress
#     to set the Java Heap base and to place the Java Heap above 32GB virtual address.
# This output file may be truncated or incomplete.
#
#  Out of Memory Error (arena.cpp:168), pid=19056, tid=8124
#
# JRE version: Java(TM) SE Runtime Environment (21.0.2+13) (build 21.0.2+13-LTS-58)
# Java VM: Java HotSpot(TM) 64-Bit Server VM (21.0.2+13-LTS-58, mixed mode, sharing, tiered, compressed oops, compressed class ptrs, g1 gc, windows-amd64)
# No core dump will be written. Minidumps are not enabled by default on client versions of Windows
#

---------------  S U M M A R Y ------------

Command Line: -javaagent:D:\IntelliJ IDEA 2024.2.4\lib\idea_rt.jar=57375:D:\IntelliJ IDEA 2024.2.4\bin -Dfile.encoding=UTF-8 -Dsun.stdout.encoding=UTF-8 -Dsun.stderr.encoding=UTF-8 --module-path=C:\Users\prabh\.m2\repository\org\openjfx\javafx-controls\21\javafx-controls-21-win.jar;C:\Users\prabh\.m2\repository\com\google\code\gson\gson\2.8.9\gson-2.8.9.jar;C:\Users\prabh\.m2\repository\org\openjfx\javafx-fxml\21\javafx-fxml-21-win.jar;C:\Users\prabh\IdeaProjects\OOD5\target\classes;C:\Users\prabh\.m2\repository\org\openjfx\javafx-graphics\21\javafx-graphics-21-win.jar;C:\Users\prabh\.m2\repository\com\mysql\mysql-connector-j\8.0.33\mysql-connector-j-8.0.33.jar;C:\Users\prabh\.m2\repository\org\openjfx\javafx-base\21\javafx-base-21-win.jar -Djdk.module.main=org.example.ood5 org.example.ood5/Main.Main

Host: Intel(R) Core(TM) i5-8365U CPU @ 1.60GHz, 8 cores, 15G,  Windows 11 , 64 bit Build 22621 (10.0.22621.4391)
Time: Wed Nov 27 15:52:25 2024 Sri Lanka Standard Time elapsed time: 8.291561 seconds (0d 0h 0m 8s)

---------------  T H R E A D  ---------------

Current thread (0x000001c2cb371110):  JavaThread "C2 CompilerThread0" daemon [_thread_in_native, id=8124, stack(0x000000a8c2900000,0x000000a8c2a00000) (1024K)]


Current CompileTask:
C2:   8291 1246       4       java.util.HashSet::add (20 bytes)

Stack: [0x000000a8c2900000,0x000000a8c2a00000]
Native frames: (J=compiled Java code, j=interpreted, Vv=VM code, C=native code)
V  [jvm.dll+0x6cade9]
V  [jvm.dll+0x8569c1]
V  [jvm.dll+0x858d2e]
V  [jvm.dll+0x859413]
V  [jvm.dll+0x280e56]
V  [jvm.dll+0xc3f3d]
V  [jvm.dll+0xc4473]
V  [jvm.dll+0x3b5bf2]
V  [jvm.dll+0x382855]
V  [jvm.dll+0x381cca]
V  [jvm.dll+0x249bd0]
V  [jvm.dll+0x2491b1]
V  [jvm.dll+0x1c9634]
V  [jvm.dll+0x258859]
V  [jvm.dll+0x256e3a]
V  [jvm.dll+0x3ef6c6]
V  [jvm.dll+0x7ff568]
V  [jvm.dll+0x6c953d]
C  [ucrtbase.dll+0x29333]
C  [KERNEL32.DLL+0x1259d]
C  [ntdll.dll+0x5af38]


---------------  P R O C E S S  ---------------

Threads class SMR info:
_java_thread_list=0x000001c2cb400f00, length=19, elements={
0x000001c2ac2cbc70, 0x000001c2caf0b1a0, 0x000001c2caf0be60, 0x000001c2caf0e220,
0x000001c2caf0f310, 0x000001c2caf13e90, 0x000001c2caf17040, 0x000001c2cb371110,
0x000001c2cb392fe0, 0x000001c2cb478660, 0x000001c2cb478cf0, 0x000001c2cb477fd0,
0x000001c2cb479380, 0x000001c2cb479a10, 0x000001c2cb47a730, 0x000001c2cb47a0a0,
0x000001c2cb47adc0, 0x000001c2cb47b450, 0x000001c2cb4010f0
}

Java Threads: ( => current thread )
  0x000001c2ac2cbc70 JavaThread "main"                              [_thread_blocked, id=18156, stack(0x000000a8c1a00000,0x000000a8c1b00000) (1024K)]
  0x000001c2caf0b1a0 JavaThread "Reference Handler"          daemon [_thread_blocked, id=15632, stack(0x000000a8c2300000,0x000000a8c2400000) (1024K)]
  0x000001c2caf0be60 JavaThread "Finalizer"                  daemon [_thread_blocked, id=7316, stack(0x000000a8c2400000,0x000000a8c2500000) (1024K)]
  0x000001c2caf0e220 JavaThread "Signal Dispatcher"          daemon [_thread_blocked, id=17348, stack(0x000000a8c2500000,0x000000a8c2600000) (1024K)]
  0x000001c2caf0f310 JavaThread "Attach Listener"            daemon [_thread_blocked, id=6704, stack(0x000000a8c2600000,0x000000a8c2700000) (1024K)]
  0x000001c2caf13e90 JavaThread "Service Thread"             daemon [_thread_blocked, id=5356, stack(0x000000a8c2700000,0x000000a8c2800000) (1024K)]
  0x000001c2caf17040 JavaThread "Monitor Deflation Thread"   daemon [_thread_blocked, id=13604, stack(0x000000a8c2800000,0x000000a8c2900000) (1024K)]
=>0x000001c2cb371110 JavaThread "C2 CompilerThread0"         daemon [_thread_in_native, id=8124, stack(0x000000a8c2900000,0x000000a8c2a00000) (1024K)]
  0x000001c2cb392fe0 JavaThread "C1 CompilerThread0"         daemon [_thread_in_vm, id=10700, stack(0x000000a8c2a00000,0x000000a8c2b00000) (1024K)]
  0x000001c2cb478660 JavaThread "Common-Cleaner"             daemon [_thread_blocked, id=18948, stack(0x000000a8c2b00000,0x000000a8c2c00000) (1024K)]
  0x000001c2cb478cf0 JavaThread "Monitor Ctrl-Break"         daemon [_thread_in_native, id=19156, stack(0x000000a8c2e00000,0x000000a8c2f00000) (1024K)]
  0x000001c2cb477fd0 JavaThread "Notification Thread"        daemon [_thread_blocked, id=17420, stack(0x000000a8c2f00000,0x000000a8c3000000) (1024K)]
  0x000001c2cb479380 JavaThread "QuantumRenderer-0"          daemon [_thread_blocked, id=18540, stack(0x000000a8c3000000,0x000000a8c3100000) (1024K)]
  0x000001c2cb479a10 JavaThread "InvokeLaterDispatcher"      daemon [_thread_blocked, id=9936, stack(0x000000a8c3100000,0x000000a8c3200000) (1024K)]
  0x000001c2cb47a730 JavaThread "JavaFX Application Thread"         [_thread_in_vm, id=15772, stack(0x000000a8c3200000,0x000000a8c3300000) (1024K)]
  0x000001c2cb47a0a0 JavaThread "Thread-1"                   daemon [_thread_in_native, id=14056, stack(0x000000a8c2d00000,0x000000a8c2e00000) (1024K)]
  0x000001c2cb47adc0 JavaThread "JavaFX-Launcher"                   [_thread_blocked, id=17300, stack(0x000000a8c3b00000,0x000000a8c3c00000) (1024K)]
  0x000001c2cb47b450 JavaThread "mysql-cj-abandoned-connection-cleanup" daemon [_thread_blocked, id=16568, stack(0x000000a8c2c00000,0x000000a8c2d00000) (1024K)]
  0x000001c2cb4010f0 JavaThread "C2 CompilerThread1"         daemon [_thread_in_native, id=18616, stack(0x000000a8c3c00000,0x000000a8c3d00000) (1024K)]
Total: 19

Other Threads:
  0x000001c2caeecd50 VMThread "VM Thread"                           [id=11812, stack(0x000000a8c2200000,0x000000a8c2300000) (1024K)]
  0x000001c2caed9920 WatcherThread "VM Periodic Task Thread"        [id=17720, stack(0x000000a8c2100000,0x000000a8c2200000) (1024K)]
  0x000001c2ac3320f0 WorkerThread "GC Thread#0"                     [id=6120, stack(0x000000a8c1c00000,0x000000a8c1d00000) (1024K)]
  0x000001c3163af7b0 WorkerThread "GC Thread#1"                     [id=18284, stack(0x000000a8c3600000,0x000000a8c3700000) (1024K)]
  0x000001c3163be570 WorkerThread "GC Thread#2"                     [id=19324, stack(0x000000a8c3700000,0x000000a8c3800000) (1024K)]
  0x000001c3163fd7c0 WorkerThread "GC Thread#3"                     [id=16916, stack(0x000000a8c3800000,0x000000a8c3900000) (1024K)]
  0x000001c3163fdb60 WorkerThread "GC Thread#4"                     [id=1088, stack(0x000000a8c3900000,0x000000a8c3a00000) (1024K)]
  0x000001c3163fb0b0 WorkerThread "GC Thread#5"                     [id=18116, stack(0x000000a8c3a00000,0x000000a8c3b00000) (1024K)]
  0x000001c2ac342c00 ConcurrentGCThread "G1 Main Marker"            [id=18400, stack(0x000000a8c1d00000,0x000000a8c1e00000) (1024K)]
  0x000001c2ac3456c0 WorkerThread "G1 Conc#0"                       [id=12296, stack(0x000000a8c1e00000,0x000000a8c1f00000) (1024K)]
  0x000001c2cada1600 ConcurrentGCThread "G1 Refine#0"               [id=10152, stack(0x000000a8c1f00000,0x000000a8c2000000) (1024K)]
  0x000001c2cada2080 ConcurrentGCThread "G1 Service"                [id=18348, stack(0x000000a8c2000000,0x000000a8c2100000) (1024K)]
Total: 12

Threads with active compile tasks:
C2 CompilerThread0     8331 1246       4       java.util.HashSet::add (20 bytes)
C2 CompilerThread1     8331 1329 % !   4       java.util.concurrent.ConcurrentHashMap::transfer @ 96 (849 bytes)
Total: 2

VM state: not at safepoint (normal execution)

VM Mutex/Monitor currently owned by a thread: None

Heap address: 0x0000000704600000, size: 4026 MB, Compressed Oops mode: Zero based, Oop shift amount: 3

CDS archive(s) mapped at: [0x000001c2cc000000-0x000001c2ccc90000-0x000001c2ccc90000), size 13172736, SharedBaseAddress: 0x000001c2cc000000, ArchiveRelocationMode: 1.
Compressed class space mapped at: 0x000001c2cd000000-0x000001c30d000000, reserved size: 1073741824
Narrow klass base: 0x000001c2cc000000, Narrow klass shift: 0, Narrow klass range: 0x100000000

GC Precious Log:
 CardTable entry size: 512
 Card Set container configuration: InlinePtr #cards 4 size 8 Array Of Cards #cards 16 size 48 Howl #buckets 8 coarsen threshold 3686 Howl Bitmap #cards 512 size 80 coarsen threshold 460 Card regions per heap region 1 cards per card region 4096
 CPUs: 8 total, 8 available
 Memory: 16099M
 Large Page Support: Disabled
 NUMA Support: Disabled
 Compressed Oops: Enabled (Zero based)
 Heap Region Size: 2M
 Heap Min Capacity: 8M
 Heap Initial Capacity: 252M
 Heap Max Capacity: 4026M
 Pre-touch: Disabled
 Parallel Workers: 8
 Concurrent Workers: 2
 Concurrent Refinement Workers: 8
 Periodic GC: Disabled

Heap:
 garbage-first heap   total 258048K, used 15018K [0x0000000704600000, 0x0000000800000000)
  region size 2048K, 10 young (20480K), 2 survivors (4096K)
 Metaspace       used 9266K, committed 9536K, reserved 1114112K
  class space    used 1037K, committed 1152K, reserved 1048576K

Heap Regions: E=young(eden), S=young(survivor), O=old, HS=humongous(starts), HC=humongous(continues), CS=collection set, F=free, TAMS=top-at-mark-start, PB=parsable bottom
|   0|0x0000000704600000, 0x0000000704600000, 0x0000000704800000|  0%| F|  |TAMS 0x0000000704600000| PB 0x0000000704600000| Untracked 
|   1|0x0000000704800000, 0x0000000704800000, 0x0000000704a00000|  0%| F|  |TAMS 0x0000000704800000| PB 0x0000000704800000| Untracked 
|   2|0x0000000704a00000, 0x0000000704a00000, 0x0000000704c00000|  0%| F|  |TAMS 0x0000000704a00000| PB 0x0000000704a00000| Untracked 
|   3|0x0000000704c00000, 0x0000000704c00000, 0x0000000704e00000|  0%| F|  |TAMS 0x0000000704c00000| PB 0x0000000704c00000| Untracked 
|   4|0x0000000704e00000, 0x0000000704e00000, 0x0000000705000000|  0%| F|  |TAMS 0x0000000704e00000| PB 0x0000000704e00000| Untracked 
|   5|0x0000000705000000, 0x0000000705000000, 0x0000000705200000|  0%| F|  |TAMS 0x0000000705000000| PB 0x0000000705000000| Untracked 
|   6|0x0000000705200000, 0x0000000705200000, 0x0000000705400000|  0%| F|  |TAMS 0x0000000705200000| PB 0x0000000705200000| Untracked 
|   7|0x0000000705400000, 0x0000000705400000, 0x0000000705600000|  0%| F|  |TAMS 0x0000000705400000| PB 0x0000000705400000| Untracked 
|   8|0x0000000705600000, 0x0000000705600000, 0x0000000705800000|  0%| F|  |TAMS 0x0000000705600000| PB 0x0000000705600000| Untracked 
|   9|0x0000000705800000, 0x0000000705800000, 0x0000000705a00000|  0%| F|  |TAMS 0x0000000705800000| PB 0x0000000705800000| Untracked 
|  10|0x0000000705a00000, 0x0000000705a00000, 0x0000000705c00000|  0%| F|  |TAMS 0x0000000705a00000| PB 0x0000000705a00000| Untracked 
|  11|0x0000000705c00000, 0x0000000705c00000, 0x0000000705e00000|  0%| F|  |TAMS 0x0000000705c00000| PB 0x0000000705c00000| Untracked 
|  12|0x0000000705e00000, 0x0000000705e00000, 0x0000000706000000|  0%| F|  |TAMS 0x0000000705e00000| PB 0x0000000705e00000| Untracked 
|  13|0x0000000706000000, 0x0000000706000000, 0x0000000706200000|  0%| F|  |TAMS 0x0000000706000000| PB 0x0000000706000000| Untracked 
|  14|0x0000000706200000, 0x0000000706200000, 0x0000000706400000|  0%| F|  |TAMS 0x0000000706200000| PB 0x0000000706200000| Untracked 
|  15|0x0000000706400000, 0x0000000706400000, 0x0000000706600000|  0%| F|  |TAMS 0x0000000706400000| PB 0x0000000706400000| Untracked 
|  16|0x0000000706600000, 0x0000000706600000, 0x0000000706800000|  0%| F|  |TAMS 0x0000000706600000| PB 0x0000000706600000| Untracked 
|  17|0x0000000706800000, 0x0000000706800000, 0x0000000706a00000|  0%| F|  |TAMS 0x0000000706800000| PB 0x0000000706800000| Untracked 
|  18|0x0000000706a00000, 0x0000000706a00000, 0x0000000706c00000|  0%| F|  |TAMS 0x0000000706a00000| PB 0x0000000706a00000| Untracked 
|  19|0x0000000706c00000, 0x0000000706c00000, 0x0000000706e00000|  0%| F|  |TAMS 0x0000000706c00000| PB 0x0000000706c00000| Untracked 
|  20|0x0000000706e00000, 0x0000000706e00000, 0x0000000707000000|  0%| F|  |TAMS 0x0000000706e00000| PB 0x0000000706e00000| Untracked 
|  21|0x0000000707000000, 0x0000000707000000, 0x0000000707200000|  0%| F|  |TAMS 0x0000000707000000| PB 0x0000000707000000| Untracked 
|  22|0x0000000707200000, 0x0000000707200000, 0x0000000707400000|  0%| F|  |TAMS 0x0000000707200000| PB 0x0000000707200000| Untracked 
|  23|0x0000000707400000, 0x0000000707400000, 0x0000000707600000|  0%| F|  |TAMS 0x0000000707400000| PB 0x0000000707400000| Untracked 
|  24|0x0000000707600000, 0x0000000707600000, 0x0000000707800000|  0%| F|  |TAMS 0x0000000707600000| PB 0x0000000707600000| Untracked 
|  25|0x0000000707800000, 0x0000000707800000, 0x0000000707a00000|  0%| F|  |TAMS 0x0000000707800000| PB 0x0000000707800000| Untracked 
|  26|0x0000000707a00000, 0x0000000707a00000, 0x0000000707c00000|  0%| F|  |TAMS 0x0000000707a00000| PB 0x0000000707a00000| Untracked 
|  27|0x0000000707c00000, 0x0000000707c00000, 0x0000000707e00000|  0%| F|  |TAMS 0x0000000707c00000| PB 0x0000000707c00000| Untracked 
|  28|0x0000000707e00000, 0x0000000707e00000, 0x0000000708000000|  0%| F|  |TAMS 0x0000000707e00000| PB 0x0000000707e00000| Untracked 
|  29|0x0000000708000000, 0x0000000708000000, 0x0000000708200000|  0%| F|  |TAMS 0x0000000708000000| PB 0x0000000708000000| Untracked 
|  30|0x0000000708200000, 0x0000000708200000, 0x0000000708400000|  0%| F|  |TAMS 0x0000000708200000| PB 0x0000000708200000| Untracked 
|  31|0x0000000708400000, 0x0000000708400000, 0x0000000708600000|  0%| F|  |TAMS 0x0000000708400000| PB 0x0000000708400000| Untracked 
|  32|0x0000000708600000, 0x0000000708600000, 0x0000000708800000|  0%| F|  |TAMS 0x0000000708600000| PB 0x0000000708600000| Untracked 
|  33|0x0000000708800000, 0x0000000708800000, 0x0000000708a00000|  0%| F|  |TAMS 0x0000000708800000| PB 0x0000000708800000| Untracked 
|  34|0x0000000708a00000, 0x0000000708a00000, 0x0000000708c00000|  0%| F|  |TAMS 0x0000000708a00000| PB 0x0000000708a00000| Untracked 
|  35|0x0000000708c00000, 0x0000000708c00000, 0x0000000708e00000|  0%| F|  |TAMS 0x0000000708c00000| PB 0x0000000708c00000| Untracked 
|  36|0x0000000708e00000, 0x0000000708e00000, 0x0000000709000000|  0%| F|  |TAMS 0x0000000708e00000| PB 0x0000000708e00000| Untracked 
|  37|0x0000000709000000, 0x0000000709000000, 0x0000000709200000|  0%| F|  |TAMS 0x0000000709000000| PB 0x0000000709000000| Untracked 
|  38|0x0000000709200000, 0x0000000709200000, 0x0000000709400000|  0%| F|  |TAMS 0x0000000709200000| PB 0x0000000709200000| Untracked 
|  39|0x0000000709400000, 0x0000000709400000, 0x0000000709600000|  0%| F|  |TAMS 0x0000000709400000| PB 0x0000000709400000| Untracked 
|  40|0x0000000709600000, 0x0000000709600000, 0x0000000709800000|  0%| F|  |TAMS 0x0000000709600000| PB 0x0000000709600000| Untracked 
|  41|0x0000000709800000, 0x0000000709800000, 0x0000000709a00000|  0%| F|  |TAMS 0x0000000709800000| PB 0x0000000709800000| Untracked 
|  42|0x0000000709a00000, 0x0000000709a00000, 0x0000000709c00000|  0%| F|  |TAMS 0x0000000709a00000| PB 0x0000000709a00000| Untracked 
|  43|0x0000000709c00000, 0x0000000709c00000, 0x0000000709e00000|  0%| F|  |TAMS 0x0000000709c00000| PB 0x0000000709c00000| Untracked 
|  44|0x0000000709e00000, 0x0000000709e00000, 0x000000070a000000|  0%| F|  |TAMS 0x0000000709e00000| PB 0x0000000709e00000| Untracked 
|  45|0x000000070a000000, 0x000000070a000000, 0x000000070a200000|  0%| F|  |TAMS 0x000000070a000000| PB 0x000000070a000000| Untracked 
|  46|0x000000070a200000, 0x000000070a200000, 0x000000070a400000|  0%| F|  |TAMS 0x000000070a200000| PB 0x000000070a200000| Untracked 
|  47|0x000000070a400000, 0x000000070a400000, 0x000000070a600000|  0%| F|  |TAMS 0x000000070a400000| PB 0x000000070a400000| Untracked 
|  48|0x000000070a600000, 0x000000070a600000, 0x000000070a800000|  0%| F|  |TAMS 0x000000070a600000| PB 0x000000070a600000| Untracked 
|  49|0x000000070a800000, 0x000000070a800000, 0x000000070aa00000|  0%| F|  |TAMS 0x000000070a800000| PB 0x000000070a800000| Untracked 
|  50|0x000000070aa00000, 0x000000070aa00000, 0x000000070ac00000|  0%| F|  |TAMS 0x000000070aa00000| PB 0x000000070aa00000| Untracked 
|  51|0x000000070ac00000, 0x000000070ac00000, 0x000000070ae00000|  0%| F|  |TAMS 0x000000070ac00000| PB 0x000000070ac00000| Untracked 
|  52|0x000000070ae00000, 0x000000070ae00000, 0x000000070b000000|  0%| F|  |TAMS 0x000000070ae00000| PB 0x000000070ae00000| Untracked 
|  53|0x000000070b000000, 0x000000070b000000, 0x000000070b200000|  0%| F|  |TAMS 0x000000070b000000| PB 0x000000070b000000| Untracked 
|  54|0x000000070b200000, 0x000000070b200000, 0x000000070b400000|  0%| F|  |TAMS 0x000000070b200000| PB 0x000000070b200000| Untracked 
|  55|0x000000070b400000, 0x000000070b400000, 0x000000070b600000|  0%| F|  |TAMS 0x000000070b400000| PB 0x000000070b400000| Untracked 
|  56|0x000000070b600000, 0x000000070b600000, 0x000000070b800000|  0%| F|  |TAMS 0x000000070b600000| PB 0x000000070b600000| Untracked 
|  57|0x000000070b800000, 0x000000070b800000, 0x000000070ba00000|  0%| F|  |TAMS 0x000000070b800000| PB 0x000000070b800000| Untracked 
|  58|0x000000070ba00000, 0x000000070ba00000, 0x000000070bc00000|  0%| F|  |TAMS 0x000000070ba00000| PB 0x000000070ba00000| Untracked 
|  59|0x000000070bc00000, 0x000000070bc00000, 0x000000070be00000|  0%| F|  |TAMS 0x000000070bc00000| PB 0x000000070bc00000| Untracked 
|  60|0x000000070be00000, 0x000000070be00000, 0x000000070c000000|  0%| F|  |TAMS 0x000000070be00000| PB 0x000000070be00000| Untracked 
|  61|0x000000070c000000, 0x000000070c000000, 0x000000070c200000|  0%| F|  |TAMS 0x000000070c000000| PB 0x000000070c000000| Untracked 
|  62|0x000000070c200000, 0x000000070c200000, 0x000000070c400000|  0%| F|  |TAMS 0x000000070c200000| PB 0x000000070c200000| Untracked 
|  63|0x000000070c400000, 0x000000070c400000, 0x000000070c600000|  0%| F|  |TAMS 0x000000070c400000| PB 0x000000070c400000| Untracked 
|  64|0x000000070c600000, 0x000000070c600000, 0x000000070c800000|  0%| F|  |TAMS 0x000000070c600000| PB 0x000000070c600000| Untracked 
|  65|0x000000070c800000, 0x000000070c800000, 0x000000070ca00000|  0%| F|  |TAMS 0x000000070c800000| PB 0x000000070c800000| Untracked 
|  66|0x000000070ca00000, 0x000000070ca00000, 0x000000070cc00000|  0%| F|  |TAMS 0x000000070ca00000| PB 0x000000070ca00000| Untracked 
|  67|0x000000070cc00000, 0x000000070cc00000, 0x000000070ce00000|  0%| F|  |TAMS 0x000000070cc00000| PB 0x000000070cc00000| Untracked 
|  68|0x000000070ce00000, 0x000000070ce00000, 0x000000070d000000|  0%| F|  |TAMS 0x000000070ce00000| PB 0x000000070ce00000| Untracked 
|  69|0x000000070d000000, 0x000000070d000000, 0x000000070d200000|  0%| F|  |TAMS 0x000000070d000000| PB 0x000000070d000000| Untracked 
|  70|0x000000070d200000, 0x000000070d200000, 0x000000070d400000|  0%| F|  |TAMS 0x000000070d200000| PB 0x000000070d200000| Untracked 
|  71|0x000000070d400000, 0x000000070d400000, 0x000000070d600000|  0%| F|  |TAMS 0x000000070d400000| PB 0x000000070d400000| Untracked 
|  72|0x000000070d600000, 0x000000070d600000, 0x000000070d800000|  0%| F|  |TAMS 0x000000070d600000| PB 0x000000070d600000| Untracked 
|  73|0x000000070d800000, 0x000000070d800000, 0x000000070da00000|  0%| F|  |TAMS 0x000000070d800000| PB 0x000000070d800000| Untracked 
|  74|0x000000070da00000, 0x000000070da00000, 0x000000070dc00000|  0%| F|  |TAMS 0x000000070da00000| PB 0x000000070da00000| Untracked 
|  75|0x000000070dc00000, 0x000000070dc00000, 0x000000070de00000|  0%| F|  |TAMS 0x000000070dc00000| PB 0x000000070dc00000| Untracked 
|  76|0x000000070de00000, 0x000000070de00000, 0x000000070e000000|  0%| F|  |TAMS 0x000000070de00000| PB 0x000000070de00000| Untracked 
|  77|0x000000070e000000, 0x000000070e000000, 0x000000070e200000|  0%| F|  |TAMS 0x000000070e000000| PB 0x000000070e000000| Untracked 
|  78|0x000000070e200000, 0x000000070e200000, 0x000000070e400000|  0%| F|  |TAMS 0x000000070e200000| PB 0x000000070e200000| Untracked 
|  79|0x000000070e400000, 0x000000070e400000, 0x000000070e600000|  0%| F|  |TAMS 0x000000070e400000| PB 0x000000070e400000| Untracked 
|  80|0x000000070e600000, 0x000000070e600000, 0x000000070e800000|  0%| F|  |TAMS 0x000000070e600000| PB 0x000000070e600000| Untracked 
|  81|0x000000070e800000, 0x000000070e800000, 0x000000070ea00000|  0%| F|  |TAMS 0x000000070e800000| PB 0x000000070e800000| Untracked 
|  82|0x000000070ea00000, 0x000000070ea00000, 0x000000070ec00000|  0%| F|  |TAMS 0x000000070ea00000| PB 0x000000070ea00000| Untracked 
|  83|0x000000070ec00000, 0x000000070ec00000, 0x000000070ee00000|  0%| F|  |TAMS 0x000000070ec00000| PB 0x000000070ec00000| Untracked 
|  84|0x000000070ee00000, 0x000000070ee00000, 0x000000070f000000|  0%| F|  |TAMS 0x000000070ee00000| PB 0x000000070ee00000| Untracked 
|  85|0x000000070f000000, 0x000000070f000000, 0x000000070f200000|  0%| F|  |TAMS 0x000000070f000000| PB 0x000000070f000000| Untracked 
|  86|0x000000070f200000, 0x000000070f200000, 0x000000070f400000|  0%| F|  |TAMS 0x000000070f200000| PB 0x000000070f200000| Untracked 
|  87|0x000000070f400000, 0x000000070f400000, 0x000000070f600000|  0%| F|  |TAMS 0x000000070f400000| PB 0x000000070f400000| Untracked 
|  88|0x000000070f600000, 0x000000070f600000, 0x000000070f800000|  0%| F|  |TAMS 0x000000070f600000| PB 0x000000070f600000| Untracked 
|  89|0x000000070f800000, 0x000000070f800000, 0x000000070fa00000|  0%| F|  |TAMS 0x000000070f800000| PB 0x000000070f800000| Untracked 
|  90|0x000000070fa00000, 0x000000070fa00000, 0x000000070fc00000|  0%| F|  |TAMS 0x000000070fa00000| PB 0x000000070fa00000| Untracked 
|  91|0x000000070fc00000, 0x000000070fc00000, 0x000000070fe00000|  0%| F|  |TAMS 0x000000070fc00000| PB 0x000000070fc00000| Untracked 
|  92|0x000000070fe00000, 0x000000070fe00000, 0x0000000710000000|  0%| F|  |TAMS 0x000000070fe00000| PB 0x000000070fe00000| Untracked 
|  93|0x0000000710000000, 0x0000000710000000, 0x0000000710200000|  0%| F|  |TAMS 0x0000000710000000| PB 0x0000000710000000| Untracked 
|  94|0x0000000710200000, 0x0000000710200000, 0x0000000710400000|  0%| F|  |TAMS 0x0000000710200000| PB 0x0000000710200000| Untracked 
|  95|0x0000000710400000, 0x0000000710400000, 0x0000000710600000|  0%| F|  |TAMS 0x0000000710400000| PB 0x0000000710400000| Untracked 
|  96|0x0000000710600000, 0x0000000710600000, 0x0000000710800000|  0%| F|  |TAMS 0x0000000710600000| PB 0x0000000710600000| Untracked 
|  97|0x0000000710800000, 0x0000000710800000, 0x0000000710a00000|  0%| F|  |TAMS 0x0000000710800000| PB 0x0000000710800000| Untracked 
|  98|0x0000000710a00000, 0x0000000710a00000, 0x0000000710c00000|  0%| F|  |TAMS 0x0000000710a00000| PB 0x0000000710a00000| Untracked 
|  99|0x0000000710c00000, 0x0000000710c00000, 0x0000000710e00000|  0%| F|  |TAMS 0x0000000710c00000| PB 0x0000000710c00000| Untracked 
| 100|0x0000000710e00000, 0x0000000710e00000, 0x0000000711000000|  0%| F|  |TAMS 0x0000000710e00000| PB 0x0000000710e00000| Untracked 
| 101|0x0000000711000000, 0x0000000711000000, 0x0000000711200000|  0%| F|  |TAMS 0x0000000711000000| PB 0x0000000711000000| Untracked 
| 102|0x0000000711200000, 0x0000000711200000, 0x0000000711400000|  0%| F|  |TAMS 0x0000000711200000| PB 0x0000000711200000| Untracked 
| 103|0x0000000711400000, 0x0000000711400000, 0x0000000711600000|  0%| F|  |TAMS 0x0000000711400000| PB 0x0000000711400000| Untracked 
| 104|0x0000000711600000, 0x0000000711600000, 0x0000000711800000|  0%| F|  |TAMS 0x0000000711600000| PB 0x0000000711600000| Untracked 
| 105|0x0000000711800000, 0x0000000711800000, 0x0000000711a00000|  0%| F|  |TAMS 0x0000000711800000| PB 0x0000000711800000| Untracked 
| 106|0x0000000711a00000, 0x0000000711a00000, 0x0000000711c00000|  0%| F|  |TAMS 0x0000000711a00000| PB 0x0000000711a00000| Untracked 
| 107|0x0000000711c00000, 0x0000000711c00000, 0x0000000711e00000|  0%| F|  |TAMS 0x0000000711c00000| PB 0x0000000711c00000| Untracked 
| 108|0x0000000711e00000, 0x0000000711e00000, 0x0000000712000000|  0%| F|  |TAMS 0x0000000711e00000| PB 0x0000000711e00000| Untracked 
| 109|0x0000000712000000, 0x0000000712000000, 0x0000000712200000|  0%| F|  |TAMS 0x0000000712000000| PB 0x0000000712000000| Untracked 
| 110|0x0000000712200000, 0x0000000712200000, 0x0000000712400000|  0%| F|  |TAMS 0x0000000712200000| PB 0x0000000712200000| Untracked 
| 111|0x0000000712400000, 0x0000000712400000, 0x0000000712600000|  0%| F|  |TAMS 0x0000000712400000| PB 0x0000000712400000| Untracked 
| 112|0x0000000712600000, 0x0000000712600000, 0x0000000712800000|  0%| F|  |TAMS 0x0000000712600000| PB 0x0000000712600000| Untracked 
| 113|0x0000000712800000, 0x00000007128aaa80, 0x0000000712a00000| 33%| S|CS|TAMS 0x0000000712800000| PB 0x0000000712800000| Complete 
| 114|0x0000000712a00000, 0x0000000712c00000, 0x0000000712c00000|100%| S|CS|TAMS 0x0000000712a00000| PB 0x0000000712a00000| Complete 
| 115|0x0000000712c00000, 0x0000000712c00000, 0x0000000712e00000|  0%| F|  |TAMS 0x0000000712c00000| PB 0x0000000712c00000| Untracked 
| 116|0x0000000712e00000, 0x0000000712e00000, 0x0000000713000000|  0%| F|  |TAMS 0x0000000712e00000| PB 0x0000000712e00000| Untracked 
| 117|0x0000000713000000, 0x0000000713000000, 0x0000000713200000|  0%| F|  |TAMS 0x0000000713000000| PB 0x0000000713000000| Untracked 
| 118|0x0000000713200000, 0x00000007132919f8, 0x0000000713400000| 28%| E|  |TAMS 0x0000000713200000| PB 0x0000000713200000| Complete 
| 119|0x0000000713400000, 0x0000000713600000, 0x0000000713600000|100%| E|CS|TAMS 0x0000000713400000| PB 0x0000000713400000| Complete 
| 120|0x0000000713600000, 0x0000000713800000, 0x0000000713800000|100%| E|CS|TAMS 0x0000000713600000| PB 0x0000000713600000| Complete 
| 121|0x0000000713800000, 0x0000000713a00000, 0x0000000713a00000|100%| E|  |TAMS 0x0000000713800000| PB 0x0000000713800000| Complete 
| 122|0x0000000713a00000, 0x0000000713c00000, 0x0000000713c00000|100%| E|CS|TAMS 0x0000000713a00000| PB 0x0000000713a00000| Complete 
| 123|0x0000000713c00000, 0x0000000713e00000, 0x0000000713e00000|100%| E|CS|TAMS 0x0000000713c00000| PB 0x0000000713c00000| Complete 
| 124|0x0000000713e00000, 0x0000000714000000, 0x0000000714000000|100%| E|CS|TAMS 0x0000000713e00000| PB 0x0000000713e00000| Complete 
| 125|0x0000000714000000, 0x0000000714200000, 0x0000000714200000|100%| E|CS|TAMS 0x0000000714000000| PB 0x0000000714000000| Complete 

Card table byte_map: [0x000001c2c4210000,0x000001c2c49f0000] _byte_map_base: 0x000001c2c09ed000

Marking Bits: (CMBitMap*) 0x000001c2ac3327f0
 Bits: [0x000001c2c49f0000, 0x000001c2c88d8000)

Polling page: 0x000001c2aa220000

Metaspace:

Usage:
  Non-class:      8.14 MB used.
      Class:      1.02 MB used.
       Both:      9.16 MB used.

Virtual space:
  Non-class space:       64.00 MB reserved,       8.25 MB ( 13%) committed,  1 nodes.
      Class space:        1.00 GB reserved,       1.12 MB ( <1%) committed,  1 nodes.
             Both:        1.06 GB reserved,       9.38 MB ( <1%) committed. 

Chunk freelists:
   Non-Class:  7.72 MB
       Class:  14.85 MB
        Both:  22.57 MB

MaxMetaspaceSize: unlimited
CompressedClassSpaceSize: 1.00 GB
Initial GC threshold: 21.00 MB
Current GC threshold: 21.00 MB
CDS: on
 - commit_granule_bytes: 65536.
 - commit_granule_words: 8192.
 - virtual_space_node_default_size: 8388608.
 - enlarge_chunks_in_place: 1.
 - use_allocation_guard: 0.


Internal statistics:

num_allocs_failed_limit: 0.
num_arena_births: 176.
num_arena_deaths: 0.
num_vsnodes_births: 2.
num_vsnodes_deaths: 0.
num_space_committed: 151.
num_space_uncommitted: 0.
num_chunks_returned_to_freelist: 0.
num_chunks_taken_from_freelist: 397.
num_chunk_merges: 0.
num_chunk_splits: 276.
num_chunks_enlarged: 197.
num_inconsistent_stats: 0.

CodeHeap 'non-profiled nmethods': size=120000Kb used=468Kb max_used=468Kb free=119531Kb
 bounds [0x000001c2bc1d0000, 0x000001c2bc440000, 0x000001c2c3700000]
CodeHeap 'profiled nmethods': size=120000Kb used=2248Kb max_used=2248Kb free=117751Kb
 bounds [0x000001c2b4700000, 0x000001c2b4970000, 0x000001c2bbc30000]
CodeHeap 'non-nmethods': size=5760Kb used=1518Kb max_used=1527Kb free=4241Kb
 bounds [0x000001c2bbc30000, 0x000001c2bbea0000, 0x000001c2bc1d0000]
 total_blobs=1940 nmethods=1347 adapters=498
 compilation: enabled
              stopped_count=0, restarted_count=0
 full_count=0

Compilation events (20 events):
Event: 8.279 Thread 0x000001c2cb392fe0 1289       1       java.lang.reflect.Constructor::getModifiers (5 bytes)
Event: 8.279 Thread 0x000001c2cb392fe0 nmethod 1289 0x000001c2bc241110 code [0x000001c2bc2412a0, 0x000001c2bc241368]
Event: 8.279 Thread 0x000001c2cb392fe0 1290       3       java.util.Arrays::copyOf (10 bytes)
Event: 8.279 Thread 0x000001c2cb392fe0 nmethod 1290 0x000001c2b4914110 code [0x000001c2b49142c0, 0x000001c2b4914410]
Event: 8.280 Thread 0x000001c2cb392fe0 1291       3       java.lang.Character::digit (6 bytes)
Event: 8.280 Thread 0x000001c2cb392fe0 nmethod 1291 0x000001c2b4914510 code [0x000001c2b49146e0, 0x000001c2b4914940]
Event: 8.280 Thread 0x000001c2cb392fe0 1292       3       java.lang.Character::digit (10 bytes)
Event: 8.281 Thread 0x000001c2cb392fe0 nmethod 1292 0x000001c2b4914a90 code [0x000001c2b4914c40, 0x000001c2b4914e48]
Event: 8.281 Thread 0x000001c2cb392fe0 1293       3       java.lang.CharacterDataLatin1::digit (32 bytes)
Event: 8.281 Thread 0x000001c2cb392fe0 nmethod 1293 0x000001c2b4914f10 code [0x000001c2b49150c0, 0x000001c2b4915318]
Event: 8.283 Thread 0x000001c2cb392fe0 1294       3       java.lang.Integer::parseInt (264 bytes)
Event: 8.285 Thread 0x000001c2cb392fe0 nmethod 1294 0x000001c2b4915410 code [0x000001c2b4915860, 0x000001c2b4917588]
Event: 8.285 Thread 0x000001c2cb4010f0 1297       4       java.lang.CharacterDataLatin1::digit (32 bytes)
Event: 8.285 Thread 0x000001c2cb392fe0 1295       3       java.math.BigInteger::destructiveMulAdd (150 bytes)
Event: 8.285 Thread 0x000001c2cb392fe0 nmethod 1295 0x000001c2b4918190 code [0x000001c2b4918340, 0x000001c2b4918688]
Event: 8.285 Thread 0x000001c2cb392fe0 1296       1       sun.security.util.KnownOIDs::value (5 bytes)
Event: 8.286 Thread 0x000001c2cb392fe0 nmethod 1296 0x000001c2bc241410 code [0x000001c2bc2415a0, 0x000001c2bc241670]
Event: 8.286 Thread 0x000001c2cb4010f0 nmethod 1297 0x000001c2bc241710 code [0x000001c2bc2418a0, 0x000001c2bc2419c8]
Event: 8.287 Thread 0x000001c2cb4010f0 1298       4       java.lang.String::substring (58 bytes)
Event: 8.288 Thread 0x000001c2cb392fe0 1300       3       java.math.BigInteger::<init> (404 bytes)

GC Heap History (2 events):
Event: 0.837 GC heap before
{Heap before GC invocations=0 (full 0):
 garbage-first heap   total 258048K, used 22528K [0x0000000704600000, 0x0000000800000000)
  region size 2048K, 11 young (22528K), 0 survivors (0K)
 Metaspace       used 4395K, committed 4608K, reserved 1114112K
  class space    used 469K, committed 576K, reserved 1048576K
}
Event: 0.842 GC heap after
{Heap after GC invocations=1 (full 0):
 garbage-first heap   total 258048K, used 2730K [0x0000000704600000, 0x0000000800000000)
  region size 2048K, 2 young (4096K), 2 survivors (4096K)
 Metaspace       used 4395K, committed 4608K, reserved 1114112K
  class space    used 469K, committed 576K, reserved 1048576K
}

Dll operation events (20 events):
Event: 0.558 Loaded shared library C:\Users\prabh\.openjfx\cache\21+31\amd64\api-ms-win-crt-locale-l1-1-0.dll
Event: 0.562 Loaded shared library C:\Users\prabh\.openjfx\cache\21+31\amd64\api-ms-win-crt-math-l1-1-0.dll
Event: 0.564 Loaded shared library C:\Users\prabh\.openjfx\cache\21+31\amd64\api-ms-win-crt-multibyte-l1-1-0.dll
Event: 0.568 Loaded shared library C:\Users\prabh\.openjfx\cache\21+31\amd64\api-ms-win-crt-private-l1-1-0.dll
Event: 0.571 Loaded shared library C:\Users\prabh\.openjfx\cache\21+31\amd64\api-ms-win-crt-process-l1-1-0.dll
Event: 0.574 Loaded shared library C:\Users\prabh\.openjfx\cache\21+31\amd64\api-ms-win-crt-runtime-l1-1-0.dll
Event: 0.577 Loaded shared library C:\Users\prabh\.openjfx\cache\21+31\amd64\api-ms-win-crt-stdio-l1-1-0.dll
Event: 0.580 Loaded shared library C:\Users\prabh\.openjfx\cache\21+31\amd64\api-ms-win-crt-string-l1-1-0.dll
Event: 0.583 Loaded shared library C:\Users\prabh\.openjfx\cache\21+31\amd64\api-ms-win-crt-time-l1-1-0.dll
Event: 0.586 Loaded shared library C:\Users\prabh\.openjfx\cache\21+31\amd64\api-ms-win-crt-utility-l1-1-0.dll
Event: 0.607 Loaded shared library C:\Users\prabh\.openjfx\cache\21+31\amd64\ucrtbase.dll
Event: 0.612 Loaded shared library C:\Users\prabh\.openjfx\cache\21+31\amd64\vcruntime140.dll
Event: 0.616 Loaded shared library C:\Users\prabh\.openjfx\cache\21+31\amd64\vcruntime140_1.dll
Event: 0.629 Loaded shared library C:\Users\prabh\.openjfx\cache\21+31\amd64\msvcp140.dll
Event: 0.632 Loaded shared library C:\Users\prabh\.openjfx\cache\21+31\amd64\msvcp140_1.dll
Event: 0.639 Loaded shared library C:\Users\prabh\.openjfx\cache\21+31\amd64\msvcp140_2.dll
Event: 0.695 Loaded shared library C:\Users\prabh\.openjfx\cache\21+31\amd64\prism_d3d.dll
Event: 0.741 Loaded shared library C:\Users\prabh\.openjfx\cache\21+31\amd64\glass.dll
Event: 0.870 Loaded shared library C:\Program Files\Java\jdk-21.0.2\bin\jimage.dll
Event: 8.273 Loaded shared library C:\Program Files\Java\jdk-21.0.2\bin\sunmscapi.dll

Deoptimization events (20 events):
Event: 8.154 Thread 0x000001c2cb47a730 Uncommon trap: trap_request=0xffffffc6 fr.pc=0x000001c2bc235814 relative=0x0000000000000334
Event: 8.154 Thread 0x000001c2cb47a730 Uncommon trap: reason=bimorphic_or_optimized_type_check action=maybe_recompile pc=0x000001c2bc235814 method=java.util.concurrent.ConcurrentHashMap.get(Ljava/lang/Object;)Ljava/lang/Object; @ 149 c2
Event: 8.154 Thread 0x000001c2cb47a730 DEOPT PACKING pc=0x000001c2bc235814 sp=0x000000a8c32fcdf0
Event: 8.154 Thread 0x000001c2cb47a730 DEOPT UNPACKING pc=0x000001c2bbc846a2 sp=0x000000a8c32fcd70 mode 2
Event: 8.219 Thread 0x000001c2cb47a730 Uncommon trap: trap_request=0xffffff45 fr.pc=0x000001c2bc212590 relative=0x00000000000000d0
Event: 8.219 Thread 0x000001c2cb47a730 Uncommon trap: reason=unstable_if action=reinterpret pc=0x000001c2bc212590 method=jdk.internal.misc.Unsafe.convEndian(ZI)I @ 4 c2
Event: 8.219 Thread 0x000001c2cb47a730 DEOPT PACKING pc=0x000001c2bc212590 sp=0x000000a8c32fd6b0
Event: 8.219 Thread 0x000001c2cb47a730 DEOPT UNPACKING pc=0x000001c2bbc846a2 sp=0x000000a8c32fd548 mode 2
Event: 8.219 Thread 0x000001c2cb47a730 Uncommon trap: trap_request=0xffffff45 fr.pc=0x000001c2bc213f64 relative=0x0000000000000044
Event: 8.219 Thread 0x000001c2cb47a730 Uncommon trap: reason=unstable_if action=reinterpret pc=0x000001c2bc213f64 method=jdk.internal.misc.Unsafe.convEndian(ZI)I @ 4 c2
Event: 8.219 Thread 0x000001c2cb47a730 DEOPT PACKING pc=0x000001c2bc213f64 sp=0x000000a8c32fd530
Event: 8.219 Thread 0x000001c2cb47a730 DEOPT UNPACKING pc=0x000001c2bbc846a2 sp=0x000000a8c32fd4c8 mode 2
Event: 8.240 Thread 0x000001c2cb47a730 Uncommon trap: trap_request=0xffffff45 fr.pc=0x000001c2bc222b20 relative=0x00000000000004c0
Event: 8.240 Thread 0x000001c2cb47a730 Uncommon trap: reason=unstable_if action=reinterpret pc=0x000001c2bc222b20 method=java.lang.AbstractStringBuilder.inflateIfNeededFor(Ljava/lang/String;)V @ 14 c2
Event: 8.240 Thread 0x000001c2cb47a730 DEOPT PACKING pc=0x000001c2bc222b20 sp=0x000000a8c32fc3a0
Event: 8.240 Thread 0x000001c2cb47a730 DEOPT UNPACKING pc=0x000001c2bbc846a2 sp=0x000000a8c32fc240 mode 2
Event: 8.240 Thread 0x000001c2cb47a730 Uncommon trap: trap_request=0xffffff45 fr.pc=0x000001c2bc238a98 relative=0x00000000000004b8
Event: 8.240 Thread 0x000001c2cb47a730 Uncommon trap: reason=unstable_if action=reinterpret pc=0x000001c2bc238a98 method=java.lang.AbstractStringBuilder.inflateIfNeededFor(Ljava/lang/String;)V @ 14 c2
Event: 8.240 Thread 0x000001c2cb47a730 DEOPT PACKING pc=0x000001c2bc238a98 sp=0x000000a8c32fc330
Event: 8.240 Thread 0x000001c2cb47a730 DEOPT UNPACKING pc=0x000001c2bbc846a2 sp=0x000000a8c32fc238 mode 2

Classes loaded (20 events):
Event: 8.280 Loading class java/security/spec/ECPoint
Event: 8.280 Loading class java/security/spec/ECPoint done
Event: 8.280 Loading class sun/security/util/NamedCurve
Event: 8.280 Loading class java/security/spec/ECParameterSpec
Event: 8.280 Loading class java/security/spec/AlgorithmParameterSpec
Event: 8.280 Loading class java/security/spec/AlgorithmParameterSpec done
Event: 8.280 Loading class java/security/spec/ECParameterSpec done
Event: 8.280 Loading class sun/security/util/NamedCurve done
Event: 8.281 Loading class sun/security/util/DerOutputStream
Event: 8.281 Loading class sun/security/util/DerEncoder
Event: 8.281 Loading class sun/security/util/DerEncoder done
Event: 8.281 Loading class sun/security/util/DerOutputStream done
Event: 8.281 Loading class sun/security/util/ByteArrayLexOrder
Event: 8.281 Loading class sun/security/util/ByteArrayLexOrder done
Event: 8.281 Loading class sun/security/util/ByteArrayTagOrder
Event: 8.282 Loading class sun/security/util/ByteArrayTagOrder done
Event: 8.282 Loading class sun/security/util/ObjectIdentifier
Event: 8.282 Loading class sun/security/util/ObjectIdentifier done
Event: 8.286 Loading class java/security/spec/ECFieldF2m
Event: 8.286 Loading class java/security/spec/ECFieldF2m done

Classes unloaded (0 events):
No events

Classes redefined (0 events):
No events

Internal exceptions (20 events):
Event: 0.302 Thread 0x000001c2ac2cbc70 Exception <a 'java/lang/NoSuchMethodError'{0x000000071389fc70}: 'void java.lang.invoke.DirectMethodHandle$Holder.invokeStatic(java.lang.Object, java.lang.Object, java.lang.Object)'> (0x000000071389fc70) 
thrown [s\open\src\hotspot\share\interpreter\linkResolver.cpp, line 773]
Event: 0.309 Thread 0x000001c2ac2cbc70 Exception <a 'java/lang/NoSuchMethodError'{0x00000007138b58c8}: 'java.lang.Object java.lang.invoke.Invokers$Holder.invokeExact_MT(java.lang.Object, java.lang.Object, java.lang.Object, java.lang.Object, java.lang.Object)'> (0x00000007138b58c8) 
thrown [s\open\src\hotspot\share\interpreter\linkResolver.cpp, line 773]
Event: 0.321 Thread 0x000001c2cb478cf0 Exception <a 'java/lang/ClassNotFoundException'{0x00000007138e6090}: jdk/net/ExtendedSocketOptions> (0x00000007138e6090) 
thrown [s\open\src\hotspot\share\classfile\systemDictionary.cpp, line 312]
Event: 0.322 Thread 0x000001c2cb478cf0 Exception <a 'java/lang/NoSuchMethodError'{0x00000007138e7740}: 'void java.lang.invoke.DirectMethodHandle$Holder.invokeStatic(java.lang.Object, java.lang.Object)'> (0x00000007138e7740) 
thrown [s\open\src\hotspot\share\interpreter\linkResolver.cpp, line 773]
Event: 0.332 Thread 0x000001c2ac2cbc70 Exception <a 'java/lang/NoSuchMethodError'{0x00000007139d94b0}: 'java.lang.Object java.lang.invoke.Invokers$Holder.invokeExact_MT(java.lang.Object, java.lang.Object, java.lang.Object, java.lang.Object, java.lang.Object, java.lang.Object)'> (0x00000007139d94b0) 
thrown [s\open\src\hotspot\share\interpreter\linkResolver.cpp, line 773]
Event: 0.719 Thread 0x000001c2ac2cbc70 Exception <a 'java/lang/NoSuchMethodError'{0x00000007130cf638}: 'int java.lang.invoke.DirectMethodHandle$Holder.invokeStaticInit(java.lang.Object, java.lang.Object, java.lang.Object)'> (0x00000007130cf638) 
thrown [s\open\src\hotspot\share\interpreter\linkResolver.cpp, line 773]
Event: 0.747 Thread 0x000001c2ac2cbc70 Exception <a 'java/lang/NoSuchMethodError'{0x0000000712e90298}: 'java.lang.Object java.lang.invoke.DirectMethodHandle$Holder.newInvokeSpecial(java.lang.Object, java.lang.Object, int, java.lang.Object)'> (0x0000000712e90298) 
thrown [s\open\src\hotspot\share\interpreter\linkResolver.cpp, line 773]
Event: 0.748 Thread 0x000001c2ac2cbc70 Exception <a 'java/lang/NoSuchMethodError'{0x0000000712e943f0}: 'java.lang.Object java.lang.invoke.DirectMethodHandle$Holder.invokeSpecial(java.lang.Object, java.lang.Object, java.lang.Object, int, java.lang.Object)'> (0x0000000712e943f0) 
thrown [s\open\src\hotspot\share\interpreter\linkResolver.cpp, line 773]
Event: 0.824 Thread 0x000001c2cb47a730 Exception <a 'java/lang/NoSuchMethodError'{0x0000000712db10f8}: 'void java.lang.invoke.DirectMethodHandle$Holder.invokeStaticInit(java.lang.Object)'> (0x0000000712db10f8) 
thrown [s\open\src\hotspot\share\interpreter\linkResolver.cpp, line 773]
Event: 0.829 Thread 0x000001c2ac2cbc70 Exception <a 'java/lang/NoSuchMethodError'{0x0000000712ea7670}: 'java.lang.Object java.lang.invoke.DirectMethodHandle$Holder.newInvokeSpecial(java.lang.Object, java.lang.Object, java.lang.Object, java.lang.Object, java.lang.Object, java.lang.Object)'> (0x0000000712ea7670) 
thrown [s\open\src\hotspot\share\interpreter\linkResolver.cpp, line 773]
Event: 0.863 Thread 0x000001c2ac2cbc70 Exception <a 'java/lang/NoSuchMethodError'{0x00000007141448a0}: 'java.lang.Object java.lang.invoke.DirectMethodHandle$Holder.newInvokeSpecial(java.lang.Object, java.lang.Object, java.lang.Object, java.lang.Object, java.lang.Object)'> (0x00000007141448a0) 
thrown [s\open\src\hotspot\share\interpreter\linkResolver.cpp, line 773]
Event: 0.915 Thread 0x000001c2cb47a730 Exception <a 'java/lang/NoSuchMethodError'{0x0000000713f8fa88}: 'void java.lang.invoke.DirectMethodHandle$Holder.invokeStatic(java.lang.Object, long)'> (0x0000000713f8fa88) 
thrown [s\open\src\hotspot\share\interpreter\linkResolver.cpp, line 773]
Event: 0.916 Thread 0x000001c2cb47a730 Exception <a 'java/lang/NoSuchMethodError'{0x0000000713f94658}: 'java.lang.Object java.lang.invoke.DirectMethodHandle$Holder.newInvokeSpecial(java.lang.Object, long)'> (0x0000000713f94658) 
thrown [s\open\src\hotspot\share\interpreter\linkResolver.cpp, line 773]
Event: 0.919 Thread 0x000001c2cb47a730 Exception <a 'java/lang/NoSuchMethodError'{0x0000000713f9bd98}: 'java.lang.Object java.lang.invoke.DirectMethodHandle$Holder.invokeStatic(java.lang.Object, long, java.lang.Object)'> (0x0000000713f9bd98) 
thrown [s\open\src\hotspot\share\interpreter\linkResolver.cpp, line 773]
Event: 0.919 Thread 0x000001c2cb47a730 Exception <a 'java/lang/NoSuchMethodError'{0x0000000713f9f520}: 'java.lang.Object java.lang.invoke.DirectMethodHandle$Holder.invokeStaticInit(java.lang.Object, long, java.lang.Object)'> (0x0000000713f9f520) 
thrown [s\open\src\hotspot\share\interpreter\linkResolver.cpp, line 773]
Event: 0.927 Thread 0x000001c2cb47a730 Exception <a 'sun/nio/fs/WindowsException'{0x0000000713fb2ff8}> (0x0000000713fb2ff8) 
thrown [s\open\src\hotspot\share\prims\jni.cpp, line 520]
Event: 7.956 Thread 0x000001c2cb47a730 Exception <a 'sun/nio/fs/WindowsException'{0x0000000713c53f80}> (0x0000000713c53f80) 
thrown [s\open\src\hotspot\share\prims\jni.cpp, line 520]
Event: 8.063 Thread 0x000001c2cb47a730 Exception <a 'java/lang/NoSuchMethodError'{0x0000000713dcbed0}: 'java.lang.Object java.lang.invoke.DirectMethodHandle$Holder.invokeVirtual(java.lang.Object, java.lang.Object, java.lang.Object)'> (0x0000000713dcbed0) 
thrown [s\open\src\hotspot\share\interpreter\linkResolver.cpp, line 773]
Event: 8.158 Thread 0x000001c2cb47a730 Exception <a 'sun/nio/fs/WindowsException'{0x00000007139db008}> (0x00000007139db008) 
thrown [s\open\src\hotspot\share\prims\jni.cpp, line 520]
Event: 8.261 Thread 0x000001c2cb47a730 Exception <a 'java/lang/NoSuchMethodError'{0x000000071355b550}: 'void java.lang.invoke.DirectMethodHandle$Holder.invokeStaticInit(java.lang.Object, java.lang.Object)'> (0x000000071355b550) 
thrown [s\open\src\hotspot\share\interpreter\linkResolver.cpp, line 773]

ZGC Phase Switch (0 events):
No events

VM Operations (20 events):
Event: 0.232 Executing VM operation: HandshakeAllThreads (Deoptimize)
Event: 0.232 Executing VM operation: HandshakeAllThreads (Deoptimize) done
Event: 0.262 Executing VM operation: HandshakeAllThreads (Deoptimize)
Event: 0.262 Executing VM operation: HandshakeAllThreads (Deoptimize) done
Event: 0.732 Executing VM operation: HandshakeAllThreads (Deoptimize)
Event: 0.732 Executing VM operation: HandshakeAllThreads (Deoptimize) done
Event: 0.837 Executing VM operation: G1CollectForAllocation (G1 Evacuation Pause)
Event: 0.842 Executing VM operation: G1CollectForAllocation (G1 Evacuation Pause) done
Event: 0.922 Executing VM operation: HandshakeAllThreads (Deoptimize)
Event: 0.922 Executing VM operation: HandshakeAllThreads (Deoptimize) done
Event: 1.923 Executing VM operation: Cleanup
Event: 1.923 Executing VM operation: Cleanup done
Event: 7.960 Executing VM operation: HandshakeAllThreads (Deoptimize)
Event: 7.960 Executing VM operation: HandshakeAllThreads (Deoptimize) done
Event: 7.960 Executing VM operation: Cleanup
Event: 7.960 Executing VM operation: Cleanup done
Event: 8.054 Executing VM operation: HandshakeAllThreads (Deoptimize)
Event: 8.054 Executing VM operation: HandshakeAllThreads (Deoptimize) done
Event: 8.165 Executing VM operation: HandshakeAllThreads (Deoptimize)
Event: 8.165 Executing VM operation: HandshakeAllThreads (Deoptimize) done

Events (20 events):
Event: 0.061 Thread 0x000001c2caf0e220 Thread added: 0x000001c2caf0e220
Event: 0.061 Thread 0x000001c2caf0f310 Thread added: 0x000001c2caf0f310
Event: 0.061 Thread 0x000001c2caf13e90 Thread added: 0x000001c2caf13e90
Event: 0.061 Thread 0x000001c2caf17040 Thread added: 0x000001c2caf17040
Event: 0.061 Thread 0x000001c2cb371110 Thread added: 0x000001c2cb371110
Event: 0.062 Thread 0x000001c2cb392fe0 Thread added: 0x000001c2cb392fe0
Event: 0.104 Thread 0x000001c2cb478660 Thread added: 0x000001c2cb478660
Event: 0.162 Thread 0x000001c2cb5abbf0 Thread added: 0x000001c2cb5abbf0
Event: 0.251 Thread 0x000001c2cb682900 Thread added: 0x000001c2cb682900
Event: 0.314 Thread 0x000001c2cb478cf0 Thread added: 0x000001c2cb478cf0
Event: 0.314 Thread 0x000001c2cb477fd0 Thread added: 0x000001c2cb477fd0
Event: 0.678 Thread 0x000001c2cb479380 Thread added: 0x000001c2cb479380
Event: 0.745 Thread 0x000001c2cb479a10 Thread added: 0x000001c2cb479a10
Event: 0.751 Thread 0x000001c2cb47a730 Thread added: 0x000001c2cb47a730
Event: 0.792 Thread 0x000001c2cb682900 Thread exited: 0x000001c2cb682900
Event: 0.846 Thread 0x000001c2cb47a0a0 Thread added: 0x000001c2cb47a0a0
Event: 0.863 Thread 0x000001c2cb47adc0 Thread added: 0x000001c2cb47adc0
Event: 1.342 Thread 0x000001c2cb5abbf0 Thread exited: 0x000001c2cb5abbf0
Event: 7.942 Thread 0x000001c2cb47b450 Thread added: 0x000001c2cb47b450
Event: 8.039 Thread 0x000001c2cb4010f0 Thread added: 0x000001c2cb4010f0


Dynamic libraries:
0x00007ff6ecd00000 - 0x00007ff6ecd10000 	C:\Program Files\Java\jdk-21.0.2\bin\java.exe
0x00007ff9ab0f0000 - 0x00007ff9ab307000 	C:\WINDOWS\SYSTEM32\ntdll.dll
0x00007ff9a9ac0000 - 0x00007ff9a9b84000 	C:\WINDOWS\System32\KERNEL32.DLL
0x00007ff9a86d0000 - 0x00007ff9a8a89000 	C:\WINDOWS\System32\KERNELBASE.dll
0x00007ff9a8c70000 - 0x00007ff9a8d81000 	C:\WINDOWS\System32\ucrtbase.dll
0x00007ff995760000 - 0x00007ff995779000 	C:\Program Files\Java\jdk-21.0.2\bin\jli.dll
0x00007ff9aaff0000 - 0x00007ff9ab0a2000 	C:\WINDOWS\System32\ADVAPI32.dll
0x00007ff9a8e10000 - 0x00007ff9a8eb7000 	C:\WINDOWS\System32\msvcrt.dll
0x00007ff9a95f0000 - 0x00007ff9a9697000 	C:\WINDOWS\System32\sechost.dll
0x00007ff9a8580000 - 0x00007ff9a85a8000 	C:\WINDOWS\System32\bcrypt.dll
0x00007ff9a8f20000 - 0x00007ff9a9034000 	C:\WINDOWS\System32\RPCRT4.dll
0x00007ff9aadc0000 - 0x00007ff9aaf6e000 	C:\WINDOWS\System32\USER32.dll
0x00007ff9a83f0000 - 0x00007ff9a8416000 	C:\WINDOWS\System32\win32u.dll
0x00007ff9a9c90000 - 0x00007ff9a9cb9000 	C:\WINDOWS\System32\GDI32.dll
0x00007ff9a85b0000 - 0x00007ff9a86cb000 	C:\WINDOWS\System32\gdi32full.dll
0x00007ff9a84e0000 - 0x00007ff9a857a000 	C:\WINDOWS\System32\msvcp_win.dll
0x00007ff992710000 - 0x00007ff99272b000 	C:\Program Files\Java\jdk-21.0.2\bin\VCRUNTIME140.dll
0x00007ff9957d0000 - 0x00007ff995a62000 	C:\WINDOWS\WinSxS\amd64_microsoft.windows.common-controls_6595b64144ccf1df_6.0.22621.4391_none_2715d37f73803e96\COMCTL32.dll
0x00007ff99f9c0000 - 0x00007ff99f9ca000 	C:\WINDOWS\SYSTEM32\VERSION.dll
0x00007ff9a8ec0000 - 0x00007ff9a8ef1000 	C:\WINDOWS\System32\IMM32.DLL
0x00007ff9897b0000 - 0x00007ff989911000 	C:\Program Files (x86)\Citrix\ICA Client\ctxapclient64.dll
0x00007ff9a96a0000 - 0x00007ff9a9a2f000 	C:\WINDOWS\System32\combase.dll
0x00007ff9a7630000 - 0x00007ff9a7664000 	C:\WINDOWS\SYSTEM32\ntmarta.dll
0x00007ff9a8d90000 - 0x00007ff9a8e0b000 	C:\WINDOWS\System32\bcryptprimitives.dll
0x00007ff989a30000 - 0x00007ff989a6a000 	C:\Program Files (x86)\Citrix\ICA Client\Receiver\FeatureFlagHelper64.dll
0x00007ff99aea0000 - 0x00007ff99aeac000 	C:\Program Files\Java\jdk-21.0.2\bin\vcruntime140_1.dll
0x00007ff97b560000 - 0x00007ff97b5ee000 	C:\Program Files\Java\jdk-21.0.2\bin\msvcp140.dll
0x00007ff94ee10000 - 0x00007ff94fb27000 	C:\Program Files\Java\jdk-21.0.2\bin\server\jvm.dll
0x000001c2ab9e0000 - 0x000001c2aba51000 	C:\WINDOWS\System32\WS2_32.dll
0x00007ff9a7280000 - 0x00007ff9a72cd000 	C:\WINDOWS\SYSTEM32\POWRPROF.dll
0x00007ff99f320000 - 0x00007ff99f354000 	C:\WINDOWS\SYSTEM32\WINMM.dll
0x00007ff9a7260000 - 0x00007ff9a7273000 	C:\WINDOWS\SYSTEM32\UMPDC.dll
0x00007ff9a7520000 - 0x00007ff9a7538000 	C:\WINDOWS\SYSTEM32\kernel.appcore.dll
0x00007ff995750000 - 0x00007ff99575a000 	C:\Program Files\Java\jdk-21.0.2\bin\jimage.dll
0x00007ff9a1f30000 - 0x00007ff9a2162000 	C:\WINDOWS\SYSTEM32\DBGHELP.DLL
0x00007ff9aa730000 - 0x00007ff9aa807000 	C:\WINDOWS\System32\OLEAUT32.dll
0x00007ff98b950000 - 0x00007ff98b982000 	C:\WINDOWS\SYSTEM32\dbgcore.DLL
0x00007ff992530000 - 0x00007ff99253f000 	C:\Program Files\Java\jdk-21.0.2\bin\instrument.dll
0x00007ff9925a0000 - 0x00007ff9925bf000 	C:\Program Files\Java\jdk-21.0.2\bin\java.dll
0x00007ff9a9cd0000 - 0x00007ff9aa546000 	C:\WINDOWS\System32\SHELL32.dll
0x00007ff9a6340000 - 0x00007ff9a6c43000 	C:\WINDOWS\SYSTEM32\windows.storage.dll
0x00007ff9a6200000 - 0x00007ff9a633f000 	C:\WINDOWS\SYSTEM32\wintypes.dll
0x00007ff9a91a0000 - 0x00007ff9a9299000 	C:\WINDOWS\System32\SHCORE.dll
0x00007ff9aa8e0000 - 0x00007ff9aa93e000 	C:\WINDOWS\System32\shlwapi.dll
0x00007ff9a8320000 - 0x00007ff9a834b000 	C:\WINDOWS\SYSTEM32\profapi.dll
0x00007ff964250000 - 0x00007ff964327000 	C:\Program Files\Java\jdk-21.0.2\bin\jsvml.dll
0x00007ff9923f0000 - 0x00007ff992400000 	C:\Program Files\Java\jdk-21.0.2\bin\net.dll
0x00007ff99f6a0000 - 0x00007ff99f7d6000 	C:\WINDOWS\SYSTEM32\WINHTTP.dll
0x00007ff9a79a0000 - 0x00007ff9a7a09000 	C:\WINDOWS\system32\mswsock.dll
0x00007ff991f40000 - 0x00007ff991f56000 	C:\Program Files\Java\jdk-21.0.2\bin\nio.dll
0x00007ff98f840000 - 0x00007ff98f858000 	C:\Program Files\Java\jdk-21.0.2\bin\zip.dll
0x00007ff98f770000 - 0x00007ff98f78a000 	D:\IntelliJ IDEA 2024.2.4\bin\breakgen64.dll
0x000001c2cbf60000 - 0x000001c2cbf63000 	C:\Users\prabh\.openjfx\cache\21+31\amd64\api-ms-win-core-console-l1-1-0.dll
0x000001c2cbf70000 - 0x000001c2cbf73000 	C:\Users\prabh\.openjfx\cache\21+31\amd64\api-ms-win-core-console-l1-2-0.dll
0x000001c2cbf80000 - 0x000001c2cbf83000 	C:\Users\prabh\.openjfx\cache\21+31\amd64\api-ms-win-core-datetime-l1-1-0.dll
0x000001c2cbf90000 - 0x000001c2cbf93000 	C:\Users\prabh\.openjfx\cache\21+31\amd64\api-ms-win-core-debug-l1-1-0.dll
0x000001c2cbfa0000 - 0x000001c2cbfa3000 	C:\Users\prabh\.openjfx\cache\21+31\amd64\api-ms-win-core-errorhandling-l1-1-0.dll
0x000001c2cbfb0000 - 0x000001c2cbfb4000 	C:\Users\prabh\.openjfx\cache\21+31\amd64\api-ms-win-core-file-l1-1-0.dll
0x000001c2cbfc0000 - 0x000001c2cbfc3000 	C:\Users\prabh\.openjfx\cache\21+31\amd64\api-ms-win-core-file-l1-2-0.dll
0x000001c2cbfd0000 - 0x000001c2cbfd3000 	C:\Users\prabh\.openjfx\cache\21+31\amd64\api-ms-win-core-file-l2-1-0.dll
0x000001c2cbfe0000 - 0x000001c2cbfe3000 	C:\Users\prabh\.openjfx\cache\21+31\amd64\api-ms-win-core-handle-l1-1-0.dll
0x000001c2cbff0000 - 0x000001c2cbff3000 	C:\Users\prabh\.openjfx\cache\21+31\amd64\api-ms-win-core-heap-l1-1-0.dll
0x000001c311000000 - 0x000001c311003000 	C:\Users\prabh\.openjfx\cache\21+31\amd64\api-ms-win-core-interlocked-l1-1-0.dll
0x000001c311010000 - 0x000001c311013000 	C:\Users\prabh\.openjfx\cache\21+31\amd64\api-ms-win-core-libraryloader-l1-1-0.dll
0x000001c311020000 - 0x000001c311023000 	C:\Users\prabh\.openjfx\cache\21+31\amd64\api-ms-win-core-localization-l1-2-0.dll
0x000001c311030000 - 0x000001c311033000 	C:\Users\prabh\.openjfx\cache\21+31\amd64\api-ms-win-core-memory-l1-1-0.dll
0x000001c311040000 - 0x000001c311043000 	C:\Users\prabh\.openjfx\cache\21+31\amd64\api-ms-win-core-namedpipe-l1-1-0.dll
0x000001c311050000 - 0x000001c311053000 	C:\Users\prabh\.openjfx\cache\21+31\amd64\api-ms-win-core-processenvironment-l1-1-0.dll
0x000001c311060000 - 0x000001c311063000 	C:\Users\prabh\.openjfx\cache\21+31\amd64\api-ms-win-core-processthreads-l1-1-0.dll
0x000001c311070000 - 0x000001c311073000 	C:\Users\prabh\.openjfx\cache\21+31\amd64\api-ms-win-core-processthreads-l1-1-1.dll
0x000001c311080000 - 0x000001c311083000 	C:\Users\prabh\.openjfx\cache\21+31\amd64\api-ms-win-core-profile-l1-1-0.dll
0x000001c311090000 - 0x000001c311093000 	C:\Users\prabh\.openjfx\cache\21+31\amd64\api-ms-win-core-rtlsupport-l1-1-0.dll
0x000001c3110a0000 - 0x000001c3110a3000 	C:\Users\prabh\.openjfx\cache\21+31\amd64\api-ms-win-core-string-l1-1-0.dll
0x000001c3110b0000 - 0x000001c3110b3000 	C:\Users\prabh\.openjfx\cache\21+31\amd64\api-ms-win-core-synch-l1-1-0.dll
0x000001c3110c0000 - 0x000001c3110c3000 	C:\Users\prabh\.openjfx\cache\21+31\amd64\api-ms-win-core-synch-l1-2-0.dll
0x000001c3110d0000 - 0x000001c3110d3000 	C:\Users\prabh\.openjfx\cache\21+31\amd64\api-ms-win-core-sysinfo-l1-1-0.dll
0x000001c3110e0000 - 0x000001c3110e3000 	C:\Users\prabh\.openjfx\cache\21+31\amd64\api-ms-win-core-timezone-l1-1-0.dll
0x000001c3110f0000 - 0x000001c3110f3000 	C:\Users\prabh\.openjfx\cache\21+31\amd64\api-ms-win-core-util-l1-1-0.dll
0x000001c311100000 - 0x000001c311103000 	C:\Users\prabh\.openjfx\cache\21+31\amd64\api-ms-win-crt-conio-l1-1-0.dll
0x000001c311110000 - 0x000001c311114000 	C:\Users\prabh\.openjfx\cache\21+31\amd64\api-ms-win-crt-convert-l1-1-0.dll
0x000001c311120000 - 0x000001c311123000 	C:\Users\prabh\.openjfx\cache\21+31\amd64\api-ms-win-crt-environment-l1-1-0.dll
0x000001c311130000 - 0x000001c311133000 	C:\Users\prabh\.openjfx\cache\21+31\amd64\api-ms-win-crt-filesystem-l1-1-0.dll
0x000001c311140000 - 0x000001c311143000 	C:\Users\prabh\.openjfx\cache\21+31\amd64\api-ms-win-crt-heap-l1-1-0.dll
0x000001c311150000 - 0x000001c311153000 	C:\Users\prabh\.openjfx\cache\21+31\amd64\api-ms-win-crt-locale-l1-1-0.dll
0x000001c311160000 - 0x000001c311165000 	C:\Users\prabh\.openjfx\cache\21+31\amd64\api-ms-win-crt-math-l1-1-0.dll
0x000001c311170000 - 0x000001c311175000 	C:\Users\prabh\.openjfx\cache\21+31\amd64\api-ms-win-crt-multibyte-l1-1-0.dll
0x000001c311180000 - 0x000001c311190000 	C:\Users\prabh\.openjfx\cache\21+31\amd64\api-ms-win-crt-private-l1-1-0.dll
0x000001c311190000 - 0x000001c311193000 	C:\Users\prabh\.openjfx\cache\21+31\amd64\api-ms-win-crt-process-l1-1-0.dll
0x000001c3111a0000 - 0x000001c3111a4000 	C:\Users\prabh\.openjfx\cache\21+31\amd64\api-ms-win-crt-runtime-l1-1-0.dll
0x000001c3111b0000 - 0x000001c3111b4000 	C:\Users\prabh\.openjfx\cache\21+31\amd64\api-ms-win-crt-stdio-l1-1-0.dll
0x000001c3111c0000 - 0x000001c3111c4000 	C:\Users\prabh\.openjfx\cache\21+31\amd64\api-ms-win-crt-string-l1-1-0.dll
0x000001c3111d0000 - 0x000001c3111d3000 	C:\Users\prabh\.openjfx\cache\21+31\amd64\api-ms-win-crt-time-l1-1-0.dll
0x000001c3111e0000 - 0x000001c3111e3000 	C:\Users\prabh\.openjfx\cache\21+31\amd64\api-ms-win-crt-utility-l1-1-0.dll
0x00007ff961590000 - 0x00007ff96168c000 	C:\Users\prabh\.openjfx\cache\21+31\amd64\ucrtbase.dll
0x00007ff98f6a0000 - 0x00007ff98f6bb000 	C:\Users\prabh\.openjfx\cache\21+31\amd64\vcruntime140.dll
0x00007ff98fc20000 - 0x00007ff98fc2c000 	C:\Users\prabh\.openjfx\cache\21+31\amd64\vcruntime140_1.dll
0x00007ff96ded0000 - 0x00007ff96df5e000 	C:\Users\prabh\.openjfx\cache\21+31\amd64\msvcp140.dll
0x00007ff9a9370000 - 0x00007ff9a9515000 	C:\WINDOWS\System32\ole32.dll
0x00007ff98f830000 - 0x00007ff98f839000 	C:\Users\prabh\.openjfx\cache\21+31\amd64\msvcp140_1.dll
0x00007ff97d0d0000 - 0x00007ff97d0ff000 	C:\Users\prabh\.openjfx\cache\21+31\amd64\msvcp140_2.dll
0x00007ff97c730000 - 0x00007ff97c75f000 	C:\Users\prabh\.openjfx\cache\21+31\amd64\prism_d3d.dll
0x00007ff961980000 - 0x00007ff961b28000 	C:\WINDOWS\system32\d3d9.dll
0x00007ff9a1e50000 - 0x00007ff9a1e7b000 	C:\WINDOWS\SYSTEM32\dwmapi.dll
0x00007ff9a5b40000 - 0x00007ff9a5b77000 	C:\WINDOWS\SYSTEM32\dxcore.dll
0x00007ff9a1bc0000 - 0x00007ff9a1c71000 	C:\WINDOWS\system32\uxtheme.dll
0x00007ff95e1f0000 - 0x00007ff95e39d000 	C:\WINDOWS\System32\DriverStore\FileRepository\iigd_dch.inf_amd64_306090fd1d6bb4fa\igdumdim64.dll
0x00007ff910990000 - 0x00007ff913a34000 	C:\WINDOWS\System32\DriverStore\FileRepository\iigd_dch.inf_amd64_306090fd1d6bb4fa\igd9dxva64.dll
0x00007ff9aa940000 - 0x00007ff9aadb4000 	C:\WINDOWS\System32\SETUPAPI.dll
0x00007ff9a80e0000 - 0x00007ff9a812e000 	C:\WINDOWS\SYSTEM32\cfgmgr32.dll
0x00007ff9862b0000 - 0x00007ff9866b9000 	C:\WINDOWS\System32\DriverStore\FileRepository\iigd_dch.inf_amd64_306090fd1d6bb4fa\igdgmm64.dll
0x00007ff98fa30000 - 0x00007ff98fa79000 	C:\WINDOWS\SYSTEM32\directxdatabasehelper.dll
0x00007ff97b0c0000 - 0x00007ff97b102000 	C:\Users\prabh\.openjfx\cache\21+31\amd64\glass.dll
0x00007ff9a9b90000 - 0x00007ff9a9c8f000 	C:\WINDOWS\System32\COMDLG32.dll
0x000001c311d20000 - 0x000001c311e80000 	C:\WINDOWS\System32\MSCTF.dll
0x00007ff954d00000 - 0x00007ff954d27000 	C:\WINDOWS\System32\DriverStore\FileRepository\iigd_dch.inf_amd64_306090fd1d6bb4fa\igdinfo64.dll
0x00007ff9a7bf0000 - 0x00007ff9a7c0b000 	C:\WINDOWS\SYSTEM32\CRYPTSP.dll
0x00007ff9a7480000 - 0x00007ff9a74b5000 	C:\WINDOWS\system32\rsaenh.dll
0x00007ff9a7c10000 - 0x00007ff9a7c1c000 	C:\WINDOWS\SYSTEM32\CRYPTBASE.dll
0x00007ff982810000 - 0x00007ff985fa6000 	C:\WINDOWS\System32\DriverStore\FileRepository\iigd_dch.inf_amd64_306090fd1d6bb4fa\igc64.dll
0x00007ff9a6fe0000 - 0x00007ff9a70e2000 	C:\WINDOWS\SYSTEM32\DNSAPI.dll
0x00007ff9a6f60000 - 0x00007ff9a6f8d000 	C:\WINDOWS\SYSTEM32\IPHLPAPI.DLL
0x00007ff9a9cc0000 - 0x00007ff9a9cc9000 	C:\WINDOWS\System32\NSI.dll
0x00007ff99cb20000 - 0x00007ff99cb2a000 	C:\Windows\System32\rasadhlp.dll
0x00007ff99cda0000 - 0x00007ff99ce23000 	C:\WINDOWS\System32\fwpuclnt.dll
0x00007ff990400000 - 0x00007ff99040e000 	C:\Program Files\Java\jdk-21.0.2\bin\sunmscapi.dll
0x00007ff9a8b00000 - 0x00007ff9a8c66000 	C:\WINDOWS\System32\CRYPT32.dll
0x00007ff9a7db0000 - 0x00007ff9a7ddd000 	C:\WINDOWS\SYSTEM32\ncrypt.dll
0x00007ff9a7d70000 - 0x00007ff9a7da7000 	C:\WINDOWS\SYSTEM32\NTASN1.dll

dbghelp: loaded successfully - version: 4.0.5 - missing functions: none
symbol engine: initialized successfully - sym options: 0x614 - pdb path: .;C:\Program Files\Java\jdk-21.0.2\bin;C:\WINDOWS\SYSTEM32;C:\WINDOWS\WinSxS\amd64_microsoft.windows.common-controls_6595b64144ccf1df_6.0.22621.4391_none_2715d37f73803e96;C:\Program Files (x86)\Citrix\ICA Client;C:\Program Files (x86)\Citrix\ICA Client\Receiver;C:\Program Files\Java\jdk-21.0.2\bin\server;D:\IntelliJ IDEA 2024.2.4\bin;C:\Users\prabh\.openjfx\cache\21+31\amd64;C:\WINDOWS\System32\DriverStore\FileRepository\iigd_dch.inf_amd64_306090fd1d6bb4fa

VM Arguments:
jvm_args: -javaagent:D:\IntelliJ IDEA 2024.2.4\lib\idea_rt.jar=57375:D:\IntelliJ IDEA 2024.2.4\bin -Dfile.encoding=UTF-8 -Dsun.stdout.encoding=UTF-8 -Dsun.stderr.encoding=UTF-8 --module-path=C:\Users\prabh\.m2\repository\org\openjfx\javafx-controls\21\javafx-controls-21-win.jar;C:\Users\prabh\.m2\repository\com\google\code\gson\gson\2.8.9\gson-2.8.9.jar;C:\Users\prabh\.m2\repository\org\openjfx\javafx-fxml\21\javafx-fxml-21-win.jar;C:\Users\prabh\IdeaProjects\OOD5\target\classes;C:\Users\prabh\.m2\repository\org\openjfx\javafx-graphics\21\javafx-graphics-21-win.jar;C:\Users\prabh\.m2\repository\com\mysql\mysql-connector-j\8.0.33\mysql-connector-j-8.0.33.jar;C:\Users\prabh\.m2\repository\org\openjfx\javafx-base\21\javafx-base-21-win.jar -Djdk.module.main=org.example.ood5 
java_command: org.example.ood5/Main.Main
java_class_path (initial): C:\Users\prabh\.m2\repository\org\openjfx\javafx-controls\21\javafx-controls-21.jar;C:\Users\prabh\.m2\repository\org\openjfx\javafx-graphics\21\javafx-graphics-21.jar;C:\Users\prabh\.m2\repository\org\openjfx\javafx-base\21\javafx-base-21.jar;C:\Users\prabh\.m2\repository\org\openjfx\javafx-fxml\21\javafx-fxml-21.jar;C:\Users\prabh\.m2\repository\com\google\protobuf\protobuf-java\3.21.9\protobuf-java-3.21.9.jar
Launcher Type: SUN_STANDARD

[Global flags]
     intx CICompilerCount                          = 4                                         {product} {ergonomic}
     uint ConcGCThreads                            = 2                                         {product} {ergonomic}
     uint G1ConcRefinementThreads                  = 8                                         {product} {ergonomic}
   size_t G1HeapRegionSize                         = 2097152                                   {product} {ergonomic}
    uintx GCDrainStackTargetSize                   = 64                                        {product} {ergonomic}
   size_t InitialHeapSize                          = 264241152                                 {product} {ergonomic}
   size_t MarkStackSize                            = 4194304                                   {product} {ergonomic}
   size_t MaxHeapSize                              = 4221566976                                {product} {ergonomic}
   size_t MaxNewSize                               = 2531262464                                {product} {ergonomic}
   size_t MinHeapDeltaBytes                        = 2097152                                   {product} {ergonomic}
   size_t MinHeapSize                              = 8388608                                   {product} {ergonomic}
    uintx NonNMethodCodeHeapSize                   = 5839372                                {pd product} {ergonomic}
    uintx NonProfiledCodeHeapSize                  = 122909434                              {pd product} {ergonomic}
    uintx ProfiledCodeHeapSize                     = 122909434                              {pd product} {ergonomic}
    uintx ReservedCodeCacheSize                    = 251658240                              {pd product} {ergonomic}
     bool SegmentedCodeCache                       = true                                      {product} {ergonomic}
   size_t SoftMaxHeapSize                          = 4221566976                             {manageable} {ergonomic}
     bool UseCompressedOops                        = true                           {product lp64_product} {ergonomic}
     bool UseG1GC                                  = true                                      {product} {ergonomic}
     bool UseLargePagesIndividualAllocation        = false                                  {pd product} {ergonomic}

Logging:
Log output configuration:
 #0: stdout all=warning uptime,level,tags foldmultilines=false
 #1: stderr all=off uptime,level,tags foldmultilines=false

Environment Variables:
JAVA_HOME=C:\Program Files\Java\jdk-21.0.2
PATH=C:\WINDOWS\system32;C:\WINDOWS;C:\WINDOWS\System32\Wbem;C:\WINDOWS\System32\WindowsPowerShell\v1.0\;C:\WINDOWS\System32\OpenSSH\;C:\Program Files\Java\jdk-21.0.2\bin;C:\Users\prabh\AppData\Local\Programs\MiKTeX\miktex\bin\x64\;C:\Users\prabh\.m2\wrapper\dists\apache-maven-3.8.5-bin\5i5jha092a3i37g0paqnfr15e0\apache-maven-3.8.5\bin;C:\Program Files\Git\cmd;C:\Users\prabh\AppData\Local\Programs\Python\Python311\Scripts\;C:\Users\prabh\AppData\Local\Programs\Python\Python311\;C:\Users\prabh\AppData\Local\Microsoft\WindowsApps;C:\Users\prabh\AppData\Local\Programs\Microsoft VS Code\bin;C:\Users\prabh\AppData\Local\JetBrains\Toolbox\scripts;C:\Users\prabh\AppData\Local\Programs\MiKTeX\miktex\bin\x64\;C:\Program Files\JetBrains\IntelliJ IDEA 2023.3.3\bin;
USERNAME=prabh
OS=Windows_NT
PROCESSOR_IDENTIFIER=Intel64 Family 6 Model 142 Stepping 12, GenuineIntel
TMP=C:\Users\prabh\AppData\Local\Temp
TEMP=C:\Users\prabh\AppData\Local\Temp




Periodic native trim disabled

---------------  S Y S T E M  ---------------

OS:
 Windows 11 , 64 bit Build 22621 (10.0.22621.4391)
OS uptime: 0 days 16:08 hours

CPU: total 8 (initial active 8) (4 cores per cpu, 2 threads per core) family 6 model 142 stepping 12 microcode 0xfa, cx8, cmov, fxsr, ht, mmx, 3dnowpref, sse, sse2, sse3, ssse3, sse4.1, sse4.2, popcnt, lzcnt, tsc, tscinvbit, avx, avx2, aes, erms, clmul, bmi1, bmi2, adx, fma, vzeroupper, clflush, clflushopt, rdtscp, f16c
Processor Information for all 8 processors :
  Max Mhz: 1896, Current Mhz: 798, Mhz Limit: 796

Memory: 4k page, system-wide physical 16099M (5764M free)
TotalPageFile size 23839M (AvailPageFile size 5M)
current process WorkingSet (physical memory assigned to process): 116M, peak: 116M
current process commit charge ("private bytes"): 385M, peak: 385M

vm_info: Java HotSpot(TM) 64-Bit Server VM (21.0.2+13-LTS-58) for windows-amd64 JRE (21.0.2+13-LTS-58), built on 2024-01-05T18:32:24Z by "mach5one" with MS VC++ 17.1 (VS2022)

END.
