#
# There is insufficient memory for the Java Runtime Environment to continue.
# Native memory allocation (mmap) failed to map 65536 bytes for Failed to commit metaspace.
# Possible reasons:
#   The system is out of physical RAM or swap space
#   The process is running with CompressedOops enabled, and the Java Heap may be blocking the growth of the native heap
# Possible solutions:
#   Reduce memory load on the system
#   Increase physical memory or swap space
#   Check if swap backing store is full
#   Decrease Java heap size (-Xmx/-Xms)
#   Decrease number of Java threads
#   Decrease Java thread stack sizes (-Xss)
#   Set larger code cache with -XX:ReservedCodeCacheSize=
#   JVM is running with Zero Based Compressed Oops mode in which the Java heap is
#     placed in the first 32GB address space. The Java Heap base address is the
#     maximum limit for the native heap growth. Please use -XX:HeapBaseMinAddress
#     to set the Java Heap base and to place the Java Heap above 32GB virtual address.
# This output file may be truncated or incomplete.
#
#  Out of Memory Error (virtualSpaceNode.cpp:112), pid=11032, tid=21900
#
# JRE version: Java(TM) SE Runtime Environment (21.0.2+13) (build 21.0.2+13-LTS-58)
# Java VM: Java HotSpot(TM) 64-Bit Server VM (21.0.2+13-LTS-58, mixed mode, sharing, tiered, compressed oops, compressed class ptrs, g1 gc, windows-amd64)
# No core dump will be written. Minidumps are not enabled by default on client versions of Windows
#

---------------  S U M M A R Y ------------

Command Line: -javaagent:D:\IntelliJ IDEA 2024.2.4\lib\idea_rt.jar=62077:D:\IntelliJ IDEA 2024.2.4\bin -Dfile.encoding=UTF-8 -Dsun.stdout.encoding=UTF-8 -Dsun.stderr.encoding=UTF-8 --module-path=C:\Users\prabh\.m2\repository\org\openjfx\javafx-controls\21\javafx-controls-21-win.jar;C:\Users\prabh\.m2\repository\org\openjfx\javafx-fxml\21\javafx-fxml-21-win.jar;C:\Users\prabh\.m2\repository\com\google\code\gson\gson\2.8.9\gson-2.8.9.jar;C:\Users\prabh\.m2\repository\org\openjfx\javafx-graphics\21\javafx-graphics-21-win.jar;C:\Users\prabh\IdeaProjects\OOD5\lib\librec-core-3.0.0-1.jar;C:\Users\prabh\IdeaProjects\OOD5\target\classes;C:\Users\prabh\.m2\repository\org\openjfx\javafx-base\21\javafx-base-21-win.jar;C:\Users\prabh\.m2\repository\com\mysql\mysql-connector-j\8.0.33\mysql-connector-j-8.0.33.jar -Djdk.module.main=org.example.ood5 org.example.ood5/Main.Main

Host: Intel(R) Core(TM) i5-8365U CPU @ 1.60GHz, 8 cores, 15G,  Windows 11 , 64 bit Build 22621 (10.0.22621.4391)
Time: Tue Dec  3 17:19:35 2024 Sri Lanka Standard Time elapsed time: 7.677014 seconds (0d 0h 0m 7s)

---------------  T H R E A D  ---------------

Current thread (0x00000238f95676e0):  JavaThread "JavaFX Application Thread"        [_thread_in_vm, id=21900, stack(0x000000a7f0c00000,0x000000a7f0d00000) (1024K)]

Stack: [0x000000a7f0c00000,0x000000a7f0d00000]
Native frames: (J=compiled Java code, j=interpreted, Vv=VM code, C=native code)
V  [jvm.dll+0x6cade9]
V  [jvm.dll+0x8569c1]
V  [jvm.dll+0x858d2e]
V  [jvm.dll+0x859413]
V  [jvm.dll+0x280e56]
V  [jvm.dll+0x8526ee]
V  [jvm.dll+0x66e705]
V  [jvm.dll+0x1e68cc]
V  [jvm.dll+0x1e669e]
V  [jvm.dll+0x67104c]
V  [jvm.dll+0x670e62]
V  [jvm.dll+0x66f0de]
V  [jvm.dll+0x3be1bf]
V  [jvm.dll+0x20fbdb]
V  [jvm.dll+0x5ad406]
V  [jvm.dll+0x21f76a]
V  [jvm.dll+0x7cec21]
V  [jvm.dll+0x7cfc85]
V  [jvm.dll+0x7d022f]
V  [jvm.dll+0x7cfed8]
V  [jvm.dll+0x26ed7b]
V  [jvm.dll+0x3d3c0e]
C  0x00000238e9e2a83f

The last pc belongs to new (printed below).
Java frames: (J=compiled Java code, j=interpreted, Vv=VM code)
j  java.util.concurrent.Executors.newSingleThreadExecutor(Ljava/util/concurrent/ThreadFactory;)Ljava/util/concurrent/ExecutorService;+0 java.base@21.0.2
j  com.mysql.cj.jdbc.AbandonedConnectionCleanupThread.<clinit>()V+56 mysql.connector.j@8.0.33
v  ~StubRoutines::call_stub 0x00000238e9e1100d
j  java.lang.Class.forName0(Ljava/lang/String;ZLjava/lang/ClassLoader;Ljava/lang/Class;)Ljava/lang/Class;+0 java.base@21.0.2
j  java.lang.Class.forName(Ljava/lang/String;Ljava/lang/Class;)Ljava/lang/Class;+19 java.base@21.0.2
j  java.lang.Class.forName(Ljava/lang/String;)Ljava/lang/Class;+6 java.base@21.0.2
j  com.mysql.cj.jdbc.NonRegisteringDriver.<clinit>()V+5 mysql.connector.j@8.0.33
v  ~StubRoutines::call_stub 0x00000238e9e1100d
j  java.lang.Class.forName0(Ljava/lang/String;ZLjava/lang/ClassLoader;Ljava/lang/Class;)Ljava/lang/Class;+0 java.base@21.0.2
j  java.lang.Class.forName(Ljava/lang/String;Ljava/lang/Class;)Ljava/lang/Class;+19 java.base@21.0.2
j  java.lang.Class.forName(Ljava/lang/String;)Ljava/lang/Class;+6 java.base@21.0.2
j  Database.DatabaseConnection.getConnection()Ljava/sql/Connection;+15 org.example.ood5@1.0-SNAPSHOT
j  Database.DatabaseHandler.getLastFetchTime()Ljava/time/LocalDateTime;+7 org.example.ood5@1.0-SNAPSHOT
j  Main.Main.start(Ljavafx/stage/Stage;)V+12 org.example.ood5@1.0-SNAPSHOT
j  com.sun.javafx.application.LauncherImpl.lambda$launchApplication1$9(Ljava/util/concurrent/atomic/AtomicBoolean;Ljavafx/application/Application;)V+20 javafx.graphics@21
j  com.sun.javafx.application.LauncherImpl$$Lambda+0x000002388108d778.run()V+8 javafx.graphics@21
j  com.sun.javafx.application.PlatformImpl.lambda$runAndWait$12(Ljava/lang/Runnable;Ljava/util/concurrent/CountDownLatch;)V+1 javafx.graphics@21
j  com.sun.javafx.application.PlatformImpl$$Lambda+0x0000023881086610.run()V+8 javafx.graphics@21
j  com.sun.javafx.application.PlatformImpl.lambda$runLater$10(Ljava/lang/Runnable;)Ljava/lang/Void;+1 javafx.graphics@21
j  com.sun.javafx.application.PlatformImpl$$Lambda+0x0000023881087a80.run()Ljava/lang/Object;+4 javafx.graphics@21
j  java.security.AccessController.executePrivileged(Ljava/security/PrivilegedAction;Ljava/security/AccessControlContext;Ljava/lang/Class;)Ljava/lang/Object;+29 java.base@21.0.2
j  java.security.AccessController.doPrivileged(Ljava/security/PrivilegedAction;Ljava/security/AccessControlContext;)Ljava/lang/Object;+13 java.base@21.0.2
j  com.sun.javafx.application.PlatformImpl.lambda$runLater$11(Ljava/lang/Runnable;Ljava/security/AccessControlContext;)V+7 javafx.graphics@21
j  com.sun.javafx.application.PlatformImpl$$Lambda+0x0000023881086e18.run()V+8 javafx.graphics@21
j  com.sun.glass.ui.InvokeLaterDispatcher$Future.run()V+4 javafx.graphics@21
v  ~StubRoutines::call_stub 0x00000238e9e1100d
j  com.sun.glass.ui.win.WinApplication._runLoop(Ljava/lang/Runnable;)V+0 javafx.graphics@21
j  com.sun.glass.ui.win.WinApplication.lambda$runLoop$3(ILjava/lang/Runnable;)V+8 javafx.graphics@21
j  com.sun.glass.ui.win.WinApplication$$Lambda+0x00000238810340b0.run()V+12 javafx.graphics@21
j  java.lang.Thread.runWith(Ljava/lang/Object;Ljava/lang/Runnable;)V+5 java.base@21.0.2
j  java.lang.Thread.run()V+19 java.base@21.0.2
v  ~StubRoutines::call_stub 0x00000238e9e1100d
new  187 new  [0x00000238e9e2a6c0, 0x00000238e9e2a8c8]  520 bytes
[MachCode]
  0x00000238e9e2a6c0: 4883 ec08 | c5fa 1104 | 24eb 1f48 | 83ec 10c5 | fb11 0424 | eb14 4883 | ec10 4889 | 0424 48c7 
  0x00000238e9e2a6e0: 4424 0800 | 0000 00eb | 0150 410f | b755 010f | cac1 ea10 | 488b 4de8 | 488b 4908 | 488b 4908 
  0x00000238e9e2a700: 488b 4108 | 807c 1004 | 070f 85d3 | 0000 0066 | 8b54 d148 | 488b 4928 | 488b 4cd1 | 0851 80b9 
  0x00000238e9e2a720: 2001 0000 | 050f 85b6 | 0000 008b | 5108 f6c2 | 010f 85aa | 0000 0049 | 8b87 b801 | 0000 488d 
  0x00000238e9e2a740: 1c10 493b | 9fc8 0100 | 000f 8792 | 0000 0049 | 899f b801 | 0000 4883 | ea10 0f84 | 0f00 0000 
  0x00000238e9e2a760: 33c9 c1ea | 0348 894c | d008 48ff | ca75 f648 | c700 0100 | 0000 5933 | f689 700c | 49ba 0000 
  0x00000238e9e2a780: 0080 3802 | 0000 492b | ca89 4808 | 49ba fa45 | 5905 f97f | 0000 4180 | 3a00 0f84 | 3c00 0000 
  0x00000238e9e2a7a0: 5048 8bc8 | 4883 ec20 | 40f6 c40f | 0f84 1900 | 0000 4883 | ec08 48b8 | 8009 0a05 | f97f 0000 
  0x00000238e9e2a7c0: ffd0 4883 | c408 e90c | 0000 0048 | b880 090a | 05f9 7f00 | 00ff d048 | 83c4 2058 | e9cb 0000 
  0x00000238e9e2a7e0: 0059 488b | 55e8 488b | 5208 488b | 5208 450f | b745 0141 | 0fc8 41c1 | e810 e805 | 0000 00e9 
  0x00000238e9e2a800: a800 0000 | 488d 4424 | 084c 896d | c049 8bcf | c5f8 7749 | 89af a803 | 0000 4989 | 8798 0300 
  0x00000238e9e2a820: 0048 83ec | 2040 f6c4 | 0f0f 8419 | 0000 0048 | 83ec 0848 | b8c0 3bd4 | 04f9 7f00 | 00ff d048 
  0x00000238e9e2a840: 83c4 08e9 | 0c00 0000 | 48b8 c03b | d404 f97f | 0000 ffd0 | 4883 c420 | 49c7 8798 | 0300 0000 
  0x00000238e9e2a860: 0000 0049 | c787 a803 | 0000 0000 | 0000 49c7 | 87a0 0300 | 0000 0000 | 00c5 f877 | 4983 7f08 
  0x00000238e9e2a880: 000f 8405 | 0000 00e9 | 7466 feff | 498b 87f0 | 0300 0049 | c787 f003 | 0000 0000 | 0000 4c8b 
  0x00000238e9e2a8a0: 6dc0 4c8b | 75c8 4e8d | 74f5 00c3 | 410f b65d | 0349 83c5 | 0349 ba00 | 075c 05f9 | 7f00 0041 
  0x00000238e9e2a8c0: ff24 da0f | 1f44 0000 
[/MachCode]

---------------  P R O C E S S  ---------------

Threads class SMR info:
_java_thread_list=0x00000238fe4a0120, length=17, elements={
0x00000238da4ac3a0, 0x00000238f8fda520, 0x00000238f8fdb080, 0x00000238f8fe13b0,
0x00000238f8fe2090, 0x00000238f8fe6f10, 0x00000238f956a0b0, 0x00000238f956d7a0,
0x00000238f956e670, 0x00000238f9633cb0, 0x00000238fed76950, 0x00000238feb78390,
0x00000238fee8d6d0, 0x00000238f95663e0, 0x00000238f95676e0, 0x00000238fefadf20,
0x00000238feff4cc0
}

Java Threads: ( => current thread )
  0x00000238da4ac3a0 JavaThread "main"                              [_thread_blocked, id=7076, stack(0x000000a7ef400000,0x000000a7ef500000) (1024K)]
  0x00000238f8fda520 JavaThread "Reference Handler"          daemon [_thread_blocked, id=10716, stack(0x000000a7efd00000,0x000000a7efe00000) (1024K)]
  0x00000238f8fdb080 JavaThread "Finalizer"                  daemon [_thread_blocked, id=13760, stack(0x000000a7efe00000,0x000000a7eff00000) (1024K)]
  0x00000238f8fe13b0 JavaThread "Signal Dispatcher"          daemon [_thread_blocked, id=1860, stack(0x000000a7eff00000,0x000000a7f0000000) (1024K)]
  0x00000238f8fe2090 JavaThread "Attach Listener"            daemon [_thread_blocked, id=21772, stack(0x000000a7f0000000,0x000000a7f0100000) (1024K)]
  0x00000238f8fe6f10 JavaThread "Service Thread"             daemon [_thread_blocked, id=17800, stack(0x000000a7f0100000,0x000000a7f0200000) (1024K)]
  0x00000238f956a0b0 JavaThread "Monitor Deflation Thread"   daemon [_thread_blocked, id=22088, stack(0x000000a7f0200000,0x000000a7f0300000) (1024K)]
  0x00000238f956d7a0 JavaThread "C2 CompilerThread0"         daemon [_thread_blocked, id=15004, stack(0x000000a7f0300000,0x000000a7f0400000) (1024K)]
  0x00000238f956e670 JavaThread "C1 CompilerThread0"         daemon [_thread_blocked, id=19504, stack(0x000000a7f0400000,0x000000a7f0500000) (1024K)]
  0x00000238f9633cb0 JavaThread "Common-Cleaner"             daemon [_thread_blocked, id=22964, stack(0x000000a7f0500000,0x000000a7f0600000) (1024K)]
  0x00000238fed76950 JavaThread "Monitor Ctrl-Break"         daemon [_thread_in_native, id=20024, stack(0x000000a7f0800000,0x000000a7f0900000) (1024K)]
  0x00000238feb78390 JavaThread "Notification Thread"        daemon [_thread_blocked, id=21112, stack(0x000000a7f0900000,0x000000a7f0a00000) (1024K)]
  0x00000238fee8d6d0 JavaThread "QuantumRenderer-0"          daemon [_thread_blocked, id=10308, stack(0x000000a7f0a00000,0x000000a7f0b00000) (1024K)]
  0x00000238f95663e0 JavaThread "InvokeLaterDispatcher"      daemon [_thread_blocked, id=19600, stack(0x000000a7f0b00000,0x000000a7f0c00000) (1024K)]
=>0x00000238f95676e0 JavaThread "JavaFX Application Thread"         [_thread_in_vm, id=21900, stack(0x000000a7f0c00000,0x000000a7f0d00000) (1024K)]
  0x00000238fefadf20 JavaThread "Thread-1"                   daemon [_thread_in_native, id=13868, stack(0x000000a7f1000000,0x000000a7f1100000) (1024K)]
  0x00000238feff4cc0 JavaThread "JavaFX-Launcher"                   [_thread_blocked, id=14776, stack(0x000000a7f1600000,0x000000a7f1700000) (1024K)]
Total: 17

Other Threads:
  0x00000238f8fb5a50 VMThread "VM Thread"                           [id=19444, stack(0x000000a7efc00000,0x000000a7efd00000) (1024K)]
  0x00000238f8f9e8f0 WatcherThread "VM Periodic Task Thread"        [id=12648, stack(0x000000a7efb00000,0x000000a7efc00000) (1024K)]
  0x00000238da515920 WorkerThread "GC Thread#0"                     [id=2216, stack(0x000000a7ef600000,0x000000a7ef700000) (1024K)]
  0x00000238fefc64b0 WorkerThread "GC Thread#1"                     [id=20180, stack(0x000000a7f1100000,0x000000a7f1200000) (1024K)]
  0x00000238fefd0a10 WorkerThread "GC Thread#2"                     [id=19792, stack(0x000000a7f1200000,0x000000a7f1300000) (1024K)]
  0x00000238fe4a5bc0 WorkerThread "GC Thread#3"                     [id=12856, stack(0x000000a7f1300000,0x000000a7f1400000) (1024K)]
  0x00000238fefc7c90 WorkerThread "GC Thread#4"                     [id=22008, stack(0x000000a7f1400000,0x000000a7f1500000) (1024K)]
  0x00000238fefa0480 WorkerThread "GC Thread#5"                     [id=15892, stack(0x000000a7f1500000,0x000000a7f1600000) (1024K)]
  0x00000238da527830 ConcurrentGCThread "G1 Main Marker"            [id=17392, stack(0x000000a7ef700000,0x000000a7ef800000) (1024K)]
  0x00000238da52a2f0 WorkerThread "G1 Conc#0"                       [id=14740, stack(0x000000a7ef800000,0x000000a7ef900000) (1024K)]
  0x00000238da53ea20 ConcurrentGCThread "G1 Refine#0"               [id=3540, stack(0x000000a7ef900000,0x000000a7efa00000) (1024K)]
  0x00000238f8e712a0 ConcurrentGCThread "G1 Service"                [id=10668, stack(0x000000a7efa00000,0x000000a7efb00000) (1024K)]
Total: 12

Threads with active compile tasks:
Total: 0

VM state: not at safepoint (normal execution)

VM Mutex/Monitor currently owned by a thread:  ([mutex/lock_event])
[0x00007ff9055aace8] Metaspace_lock - owner thread: 0x00000238f95676e0

Heap address: 0x0000000704600000, size: 4026 MB, Compressed Oops mode: Zero based, Oop shift amount: 3

CDS archive(s) mapped at: [0x0000023880000000-0x0000023880c90000-0x0000023880c90000), size 13172736, SharedBaseAddress: 0x0000023880000000, ArchiveRelocationMode: 1.
Compressed class space mapped at: 0x0000023881000000-0x00000238c1000000, reserved size: 1073741824
Narrow klass base: 0x0000023880000000, Narrow klass shift: 0, Narrow klass range: 0x100000000

GC Precious Log:
 CardTable entry size: 512
 Card Set container configuration: InlinePtr #cards 4 size 8 Array Of Cards #cards 16 size 48 Howl #buckets 8 coarsen threshold 3686 Howl Bitmap #cards 512 size 80 coarsen threshold 460 Card regions per heap region 1 cards per card region 4096
 CPUs: 8 total, 8 available
 Memory: 16099M
 Large Page Support: Disabled
 NUMA Support: Disabled
 Compressed Oops: Enabled (Zero based)
 Heap Region Size: 2M
 Heap Min Capacity: 8M
 Heap Initial Capacity: 252M
 Heap Max Capacity: 4026M
 Pre-touch: Disabled
 Parallel Workers: 8
 Concurrent Workers: 2
 Concurrent Refinement Workers: 8
 Periodic GC: Disabled

Heap:
 garbage-first heap   total 258048K, used 4839K [0x0000000704600000, 0x0000000800000000)
  region size 2048K, 5 young (10240K), 2 survivors (4096K)
 Metaspace       used 5517K, committed 5696K, reserved 1114112K
  class space    used 641K, committed 704K, reserved 1048576K

Heap Regions: E=young(eden), S=young(survivor), O=old, HS=humongous(starts), HC=humongous(continues), CS=collection set, F=free, TAMS=top-at-mark-start, PB=parsable bottom
|   0|0x0000000704600000, 0x0000000704600000, 0x0000000704800000|  0%| F|  |TAMS 0x0000000704600000| PB 0x0000000704600000| Untracked 
|   1|0x0000000704800000, 0x0000000704800000, 0x0000000704a00000|  0%| F|  |TAMS 0x0000000704800000| PB 0x0000000704800000| Untracked 
|   2|0x0000000704a00000, 0x0000000704a00000, 0x0000000704c00000|  0%| F|  |TAMS 0x0000000704a00000| PB 0x0000000704a00000| Untracked 
|   3|0x0000000704c00000, 0x0000000704c00000, 0x0000000704e00000|  0%| F|  |TAMS 0x0000000704c00000| PB 0x0000000704c00000| Untracked 
|   4|0x0000000704e00000, 0x0000000704e00000, 0x0000000705000000|  0%| F|  |TAMS 0x0000000704e00000| PB 0x0000000704e00000| Untracked 
|   5|0x0000000705000000, 0x0000000705000000, 0x0000000705200000|  0%| F|  |TAMS 0x0000000705000000| PB 0x0000000705000000| Untracked 
|   6|0x0000000705200000, 0x0000000705200000, 0x0000000705400000|  0%| F|  |TAMS 0x0000000705200000| PB 0x0000000705200000| Untracked 
|   7|0x0000000705400000, 0x0000000705400000, 0x0000000705600000|  0%| F|  |TAMS 0x0000000705400000| PB 0x0000000705400000| Untracked 
|   8|0x0000000705600000, 0x0000000705600000, 0x0000000705800000|  0%| F|  |TAMS 0x0000000705600000| PB 0x0000000705600000| Untracked 
|   9|0x0000000705800000, 0x0000000705800000, 0x0000000705a00000|  0%| F|  |TAMS 0x0000000705800000| PB 0x0000000705800000| Untracked 
|  10|0x0000000705a00000, 0x0000000705a00000, 0x0000000705c00000|  0%| F|  |TAMS 0x0000000705a00000| PB 0x0000000705a00000| Untracked 
|  11|0x0000000705c00000, 0x0000000705c00000, 0x0000000705e00000|  0%| F|  |TAMS 0x0000000705c00000| PB 0x0000000705c00000| Untracked 
|  12|0x0000000705e00000, 0x0000000705e00000, 0x0000000706000000|  0%| F|  |TAMS 0x0000000705e00000| PB 0x0000000705e00000| Untracked 
|  13|0x0000000706000000, 0x0000000706000000, 0x0000000706200000|  0%| F|  |TAMS 0x0000000706000000| PB 0x0000000706000000| Untracked 
|  14|0x0000000706200000, 0x0000000706200000, 0x0000000706400000|  0%| F|  |TAMS 0x0000000706200000| PB 0x0000000706200000| Untracked 
|  15|0x0000000706400000, 0x0000000706400000, 0x0000000706600000|  0%| F|  |TAMS 0x0000000706400000| PB 0x0000000706400000| Untracked 
|  16|0x0000000706600000, 0x0000000706600000, 0x0000000706800000|  0%| F|  |TAMS 0x0000000706600000| PB 0x0000000706600000| Untracked 
|  17|0x0000000706800000, 0x0000000706800000, 0x0000000706a00000|  0%| F|  |TAMS 0x0000000706800000| PB 0x0000000706800000| Untracked 
|  18|0x0000000706a00000, 0x0000000706a00000, 0x0000000706c00000|  0%| F|  |TAMS 0x0000000706a00000| PB 0x0000000706a00000| Untracked 
|  19|0x0000000706c00000, 0x0000000706c00000, 0x0000000706e00000|  0%| F|  |TAMS 0x0000000706c00000| PB 0x0000000706c00000| Untracked 
|  20|0x0000000706e00000, 0x0000000706e00000, 0x0000000707000000|  0%| F|  |TAMS 0x0000000706e00000| PB 0x0000000706e00000| Untracked 
|  21|0x0000000707000000, 0x0000000707000000, 0x0000000707200000|  0%| F|  |TAMS 0x0000000707000000| PB 0x0000000707000000| Untracked 
|  22|0x0000000707200000, 0x0000000707200000, 0x0000000707400000|  0%| F|  |TAMS 0x0000000707200000| PB 0x0000000707200000| Untracked 
|  23|0x0000000707400000, 0x0000000707400000, 0x0000000707600000|  0%| F|  |TAMS 0x0000000707400000| PB 0x0000000707400000| Untracked 
|  24|0x0000000707600000, 0x0000000707600000, 0x0000000707800000|  0%| F|  |TAMS 0x0000000707600000| PB 0x0000000707600000| Untracked 
|  25|0x0000000707800000, 0x0000000707800000, 0x0000000707a00000|  0%| F|  |TAMS 0x0000000707800000| PB 0x0000000707800000| Untracked 
|  26|0x0000000707a00000, 0x0000000707a00000, 0x0000000707c00000|  0%| F|  |TAMS 0x0000000707a00000| PB 0x0000000707a00000| Untracked 
|  27|0x0000000707c00000, 0x0000000707c00000, 0x0000000707e00000|  0%| F|  |TAMS 0x0000000707c00000| PB 0x0000000707c00000| Untracked 
|  28|0x0000000707e00000, 0x0000000707e00000, 0x0000000708000000|  0%| F|  |TAMS 0x0000000707e00000| PB 0x0000000707e00000| Untracked 
|  29|0x0000000708000000, 0x0000000708000000, 0x0000000708200000|  0%| F|  |TAMS 0x0000000708000000| PB 0x0000000708000000| Untracked 
|  30|0x0000000708200000, 0x0000000708200000, 0x0000000708400000|  0%| F|  |TAMS 0x0000000708200000| PB 0x0000000708200000| Untracked 
|  31|0x0000000708400000, 0x0000000708400000, 0x0000000708600000|  0%| F|  |TAMS 0x0000000708400000| PB 0x0000000708400000| Untracked 
|  32|0x0000000708600000, 0x0000000708600000, 0x0000000708800000|  0%| F|  |TAMS 0x0000000708600000| PB 0x0000000708600000| Untracked 
|  33|0x0000000708800000, 0x0000000708800000, 0x0000000708a00000|  0%| F|  |TAMS 0x0000000708800000| PB 0x0000000708800000| Untracked 
|  34|0x0000000708a00000, 0x0000000708a00000, 0x0000000708c00000|  0%| F|  |TAMS 0x0000000708a00000| PB 0x0000000708a00000| Untracked 
|  35|0x0000000708c00000, 0x0000000708c00000, 0x0000000708e00000|  0%| F|  |TAMS 0x0000000708c00000| PB 0x0000000708c00000| Untracked 
|  36|0x0000000708e00000, 0x0000000708e00000, 0x0000000709000000|  0%| F|  |TAMS 0x0000000708e00000| PB 0x0000000708e00000| Untracked 
|  37|0x0000000709000000, 0x0000000709000000, 0x0000000709200000|  0%| F|  |TAMS 0x0000000709000000| PB 0x0000000709000000| Untracked 
|  38|0x0000000709200000, 0x0000000709200000, 0x0000000709400000|  0%| F|  |TAMS 0x0000000709200000| PB 0x0000000709200000| Untracked 
|  39|0x0000000709400000, 0x0000000709400000, 0x0000000709600000|  0%| F|  |TAMS 0x0000000709400000| PB 0x0000000709400000| Untracked 
|  40|0x0000000709600000, 0x0000000709600000, 0x0000000709800000|  0%| F|  |TAMS 0x0000000709600000| PB 0x0000000709600000| Untracked 
|  41|0x0000000709800000, 0x0000000709800000, 0x0000000709a00000|  0%| F|  |TAMS 0x0000000709800000| PB 0x0000000709800000| Untracked 
|  42|0x0000000709a00000, 0x0000000709a00000, 0x0000000709c00000|  0%| F|  |TAMS 0x0000000709a00000| PB 0x0000000709a00000| Untracked 
|  43|0x0000000709c00000, 0x0000000709c00000, 0x0000000709e00000|  0%| F|  |TAMS 0x0000000709c00000| PB 0x0000000709c00000| Untracked 
|  44|0x0000000709e00000, 0x0000000709e00000, 0x000000070a000000|  0%| F|  |TAMS 0x0000000709e00000| PB 0x0000000709e00000| Untracked 
|  45|0x000000070a000000, 0x000000070a000000, 0x000000070a200000|  0%| F|  |TAMS 0x000000070a000000| PB 0x000000070a000000| Untracked 
|  46|0x000000070a200000, 0x000000070a200000, 0x000000070a400000|  0%| F|  |TAMS 0x000000070a200000| PB 0x000000070a200000| Untracked 
|  47|0x000000070a400000, 0x000000070a400000, 0x000000070a600000|  0%| F|  |TAMS 0x000000070a400000| PB 0x000000070a400000| Untracked 
|  48|0x000000070a600000, 0x000000070a600000, 0x000000070a800000|  0%| F|  |TAMS 0x000000070a600000| PB 0x000000070a600000| Untracked 
|  49|0x000000070a800000, 0x000000070a800000, 0x000000070aa00000|  0%| F|  |TAMS 0x000000070a800000| PB 0x000000070a800000| Untracked 
|  50|0x000000070aa00000, 0x000000070aa00000, 0x000000070ac00000|  0%| F|  |TAMS 0x000000070aa00000| PB 0x000000070aa00000| Untracked 
|  51|0x000000070ac00000, 0x000000070ac00000, 0x000000070ae00000|  0%| F|  |TAMS 0x000000070ac00000| PB 0x000000070ac00000| Untracked 
|  52|0x000000070ae00000, 0x000000070ae00000, 0x000000070b000000|  0%| F|  |TAMS 0x000000070ae00000| PB 0x000000070ae00000| Untracked 
|  53|0x000000070b000000, 0x000000070b000000, 0x000000070b200000|  0%| F|  |TAMS 0x000000070b000000| PB 0x000000070b000000| Untracked 
|  54|0x000000070b200000, 0x000000070b200000, 0x000000070b400000|  0%| F|  |TAMS 0x000000070b200000| PB 0x000000070b200000| Untracked 
|  55|0x000000070b400000, 0x000000070b400000, 0x000000070b600000|  0%| F|  |TAMS 0x000000070b400000| PB 0x000000070b400000| Untracked 
|  56|0x000000070b600000, 0x000000070b600000, 0x000000070b800000|  0%| F|  |TAMS 0x000000070b600000| PB 0x000000070b600000| Untracked 
|  57|0x000000070b800000, 0x000000070b800000, 0x000000070ba00000|  0%| F|  |TAMS 0x000000070b800000| PB 0x000000070b800000| Untracked 
|  58|0x000000070ba00000, 0x000000070ba00000, 0x000000070bc00000|  0%| F|  |TAMS 0x000000070ba00000| PB 0x000000070ba00000| Untracked 
|  59|0x000000070bc00000, 0x000000070bc00000, 0x000000070be00000|  0%| F|  |TAMS 0x000000070bc00000| PB 0x000000070bc00000| Untracked 
|  60|0x000000070be00000, 0x000000070be00000, 0x000000070c000000|  0%| F|  |TAMS 0x000000070be00000| PB 0x000000070be00000| Untracked 
|  61|0x000000070c000000, 0x000000070c000000, 0x000000070c200000|  0%| F|  |TAMS 0x000000070c000000| PB 0x000000070c000000| Untracked 
|  62|0x000000070c200000, 0x000000070c200000, 0x000000070c400000|  0%| F|  |TAMS 0x000000070c200000| PB 0x000000070c200000| Untracked 
|  63|0x000000070c400000, 0x000000070c400000, 0x000000070c600000|  0%| F|  |TAMS 0x000000070c400000| PB 0x000000070c400000| Untracked 
|  64|0x000000070c600000, 0x000000070c600000, 0x000000070c800000|  0%| F|  |TAMS 0x000000070c600000| PB 0x000000070c600000| Untracked 
|  65|0x000000070c800000, 0x000000070c800000, 0x000000070ca00000|  0%| F|  |TAMS 0x000000070c800000| PB 0x000000070c800000| Untracked 
|  66|0x000000070ca00000, 0x000000070ca00000, 0x000000070cc00000|  0%| F|  |TAMS 0x000000070ca00000| PB 0x000000070ca00000| Untracked 
|  67|0x000000070cc00000, 0x000000070cc00000, 0x000000070ce00000|  0%| F|  |TAMS 0x000000070cc00000| PB 0x000000070cc00000| Untracked 
|  68|0x000000070ce00000, 0x000000070ce00000, 0x000000070d000000|  0%| F|  |TAMS 0x000000070ce00000| PB 0x000000070ce00000| Untracked 
|  69|0x000000070d000000, 0x000000070d000000, 0x000000070d200000|  0%| F|  |TAMS 0x000000070d000000| PB 0x000000070d000000| Untracked 
|  70|0x000000070d200000, 0x000000070d200000, 0x000000070d400000|  0%| F|  |TAMS 0x000000070d200000| PB 0x000000070d200000| Untracked 
|  71|0x000000070d400000, 0x000000070d400000, 0x000000070d600000|  0%| F|  |TAMS 0x000000070d400000| PB 0x000000070d400000| Untracked 
|  72|0x000000070d600000, 0x000000070d600000, 0x000000070d800000|  0%| F|  |TAMS 0x000000070d600000| PB 0x000000070d600000| Untracked 
|  73|0x000000070d800000, 0x000000070d800000, 0x000000070da00000|  0%| F|  |TAMS 0x000000070d800000| PB 0x000000070d800000| Untracked 
|  74|0x000000070da00000, 0x000000070da00000, 0x000000070dc00000|  0%| F|  |TAMS 0x000000070da00000| PB 0x000000070da00000| Untracked 
|  75|0x000000070dc00000, 0x000000070dc00000, 0x000000070de00000|  0%| F|  |TAMS 0x000000070dc00000| PB 0x000000070dc00000| Untracked 
|  76|0x000000070de00000, 0x000000070de00000, 0x000000070e000000|  0%| F|  |TAMS 0x000000070de00000| PB 0x000000070de00000| Untracked 
|  77|0x000000070e000000, 0x000000070e000000, 0x000000070e200000|  0%| F|  |TAMS 0x000000070e000000| PB 0x000000070e000000| Untracked 
|  78|0x000000070e200000, 0x000000070e200000, 0x000000070e400000|  0%| F|  |TAMS 0x000000070e200000| PB 0x000000070e200000| Untracked 
|  79|0x000000070e400000, 0x000000070e400000, 0x000000070e600000|  0%| F|  |TAMS 0x000000070e400000| PB 0x000000070e400000| Untracked 
|  80|0x000000070e600000, 0x000000070e600000, 0x000000070e800000|  0%| F|  |TAMS 0x000000070e600000| PB 0x000000070e600000| Untracked 
|  81|0x000000070e800000, 0x000000070e800000, 0x000000070ea00000|  0%| F|  |TAMS 0x000000070e800000| PB 0x000000070e800000| Untracked 
|  82|0x000000070ea00000, 0x000000070ea00000, 0x000000070ec00000|  0%| F|  |TAMS 0x000000070ea00000| PB 0x000000070ea00000| Untracked 
|  83|0x000000070ec00000, 0x000000070ec00000, 0x000000070ee00000|  0%| F|  |TAMS 0x000000070ec00000| PB 0x000000070ec00000| Untracked 
|  84|0x000000070ee00000, 0x000000070ee00000, 0x000000070f000000|  0%| F|  |TAMS 0x000000070ee00000| PB 0x000000070ee00000| Untracked 
|  85|0x000000070f000000, 0x000000070f000000, 0x000000070f200000|  0%| F|  |TAMS 0x000000070f000000| PB 0x000000070f000000| Untracked 
|  86|0x000000070f200000, 0x000000070f200000, 0x000000070f400000|  0%| F|  |TAMS 0x000000070f200000| PB 0x000000070f200000| Untracked 
|  87|0x000000070f400000, 0x000000070f400000, 0x000000070f600000|  0%| F|  |TAMS 0x000000070f400000| PB 0x000000070f400000| Untracked 
|  88|0x000000070f600000, 0x000000070f600000, 0x000000070f800000|  0%| F|  |TAMS 0x000000070f600000| PB 0x000000070f600000| Untracked 
|  89|0x000000070f800000, 0x000000070f800000, 0x000000070fa00000|  0%| F|  |TAMS 0x000000070f800000| PB 0x000000070f800000| Untracked 
|  90|0x000000070fa00000, 0x000000070fa00000, 0x000000070fc00000|  0%| F|  |TAMS 0x000000070fa00000| PB 0x000000070fa00000| Untracked 
|  91|0x000000070fc00000, 0x000000070fc00000, 0x000000070fe00000|  0%| F|  |TAMS 0x000000070fc00000| PB 0x000000070fc00000| Untracked 
|  92|0x000000070fe00000, 0x000000070fe00000, 0x0000000710000000|  0%| F|  |TAMS 0x000000070fe00000| PB 0x000000070fe00000| Untracked 
|  93|0x0000000710000000, 0x0000000710000000, 0x0000000710200000|  0%| F|  |TAMS 0x0000000710000000| PB 0x0000000710000000| Untracked 
|  94|0x0000000710200000, 0x0000000710200000, 0x0000000710400000|  0%| F|  |TAMS 0x0000000710200000| PB 0x0000000710200000| Untracked 
|  95|0x0000000710400000, 0x0000000710400000, 0x0000000710600000|  0%| F|  |TAMS 0x0000000710400000| PB 0x0000000710400000| Untracked 
|  96|0x0000000710600000, 0x0000000710600000, 0x0000000710800000|  0%| F|  |TAMS 0x0000000710600000| PB 0x0000000710600000| Untracked 
|  97|0x0000000710800000, 0x0000000710800000, 0x0000000710a00000|  0%| F|  |TAMS 0x0000000710800000| PB 0x0000000710800000| Untracked 
|  98|0x0000000710a00000, 0x0000000710a00000, 0x0000000710c00000|  0%| F|  |TAMS 0x0000000710a00000| PB 0x0000000710a00000| Untracked 
|  99|0x0000000710c00000, 0x0000000710c00000, 0x0000000710e00000|  0%| F|  |TAMS 0x0000000710c00000| PB 0x0000000710c00000| Untracked 
| 100|0x0000000710e00000, 0x0000000710e00000, 0x0000000711000000|  0%| F|  |TAMS 0x0000000710e00000| PB 0x0000000710e00000| Untracked 
| 101|0x0000000711000000, 0x0000000711000000, 0x0000000711200000|  0%| F|  |TAMS 0x0000000711000000| PB 0x0000000711000000| Untracked 
| 102|0x0000000711200000, 0x0000000711200000, 0x0000000711400000|  0%| F|  |TAMS 0x0000000711200000| PB 0x0000000711200000| Untracked 
| 103|0x0000000711400000, 0x0000000711400000, 0x0000000711600000|  0%| F|  |TAMS 0x0000000711400000| PB 0x0000000711400000| Untracked 
| 104|0x0000000711600000, 0x0000000711600000, 0x0000000711800000|  0%| F|  |TAMS 0x0000000711600000| PB 0x0000000711600000| Untracked 
| 105|0x0000000711800000, 0x0000000711800000, 0x0000000711a00000|  0%| F|  |TAMS 0x0000000711800000| PB 0x0000000711800000| Untracked 
| 106|0x0000000711a00000, 0x0000000711a00000, 0x0000000711c00000|  0%| F|  |TAMS 0x0000000711a00000| PB 0x0000000711a00000| Untracked 
| 107|0x0000000711c00000, 0x0000000711c00000, 0x0000000711e00000|  0%| F|  |TAMS 0x0000000711c00000| PB 0x0000000711c00000| Untracked 
| 108|0x0000000711e00000, 0x0000000711e00000, 0x0000000712000000|  0%| F|  |TAMS 0x0000000711e00000| PB 0x0000000711e00000| Untracked 
| 109|0x0000000712000000, 0x0000000712000000, 0x0000000712200000|  0%| F|  |TAMS 0x0000000712000000| PB 0x0000000712000000| Untracked 
| 110|0x0000000712200000, 0x0000000712200000, 0x0000000712400000|  0%| F|  |TAMS 0x0000000712200000| PB 0x0000000712200000| Untracked 
| 111|0x0000000712400000, 0x0000000712400000, 0x0000000712600000|  0%| F|  |TAMS 0x0000000712400000| PB 0x0000000712400000| Untracked 
| 112|0x0000000712600000, 0x0000000712600000, 0x0000000712800000|  0%| F|  |TAMS 0x0000000712600000| PB 0x0000000712600000| Untracked 
| 113|0x0000000712800000, 0x00000007128b9cc0, 0x0000000712a00000| 36%| S|CS|TAMS 0x0000000712800000| PB 0x0000000712800000| Complete 
| 114|0x0000000712a00000, 0x0000000712c00000, 0x0000000712c00000|100%| S|CS|TAMS 0x0000000712a00000| PB 0x0000000712a00000| Complete 
| 115|0x0000000712c00000, 0x0000000712c00000, 0x0000000712e00000|  0%| F|  |TAMS 0x0000000712c00000| PB 0x0000000712c00000| Untracked 
| 116|0x0000000712e00000, 0x0000000712e00000, 0x0000000713000000|  0%| F|  |TAMS 0x0000000712e00000| PB 0x0000000712e00000| Untracked 
| 117|0x0000000713000000, 0x0000000713000000, 0x0000000713200000|  0%| F|  |TAMS 0x0000000713000000| PB 0x0000000713000000| Untracked 
| 118|0x0000000713200000, 0x0000000713200000, 0x0000000713400000|  0%| F|  |TAMS 0x0000000713200000| PB 0x0000000713200000| Untracked 
| 119|0x0000000713400000, 0x0000000713400000, 0x0000000713600000|  0%| F|  |TAMS 0x0000000713400000| PB 0x0000000713400000| Untracked 
| 120|0x0000000713600000, 0x0000000713600000, 0x0000000713800000|  0%| F|  |TAMS 0x0000000713600000| PB 0x0000000713600000| Untracked 
| 121|0x0000000713800000, 0x0000000713800000, 0x0000000713a00000|  0%| F|  |TAMS 0x0000000713800000| PB 0x0000000713800000| Untracked 
| 122|0x0000000713a00000, 0x0000000713a00000, 0x0000000713c00000|  0%| F|  |TAMS 0x0000000713a00000| PB 0x0000000713a00000| Untracked 
| 123|0x0000000713c00000, 0x0000000713c5ab18, 0x0000000713e00000| 17%| E|  |TAMS 0x0000000713c00000| PB 0x0000000713c00000| Complete 
| 124|0x0000000713e00000, 0x0000000714000000, 0x0000000714000000|100%| E|  |TAMS 0x0000000713e00000| PB 0x0000000713e00000| Complete 
| 125|0x0000000714000000, 0x0000000714200000, 0x0000000714200000|100%| E|CS|TAMS 0x0000000714000000| PB 0x0000000714000000| Complete 

Card table byte_map: [0x00000238f23f0000,0x00000238f2bd0000] _byte_map_base: 0x00000238eebcd000

Marking Bits: (CMBitMap*) 0x00000238da516020
 Bits: [0x00000238f2bd0000, 0x00000238f6ab8000)

Polling page: 0x00000238d8480000

Metaspace:

Usage:
  Non-class:      4.76 MB used.
      Class:    641.70 KB used.
       Both:      5.39 MB used.

Virtual space:
  Non-class space:       64.00 MB reserved,       4.88 MB (  8%) committed,  1 nodes.
      Class space:        1.00 GB reserved,     704.00 KB ( <1%) committed,  1 nodes.
             Both:        1.06 GB reserved,       5.56 MB ( <1%) committed. 

Chunk freelists:
   Non-Class:  9.66 MB
       Class:  15.07 MB
        Both:  24.73 MB

MaxMetaspaceSize: unlimited
CompressedClassSpaceSize: 1.00 GB
Initial GC threshold: 21.00 MB
Current GC threshold: 21.00 MB
CDS: on
 - commit_granule_bytes: 65536.
 - commit_granule_words: 8192.
 - virtual_space_node_default_size: 8388608.
 - enlarge_chunks_in_place: 1.
 - use_allocation_guard: 0.


Internal statistics:

num_allocs_failed_limit: 0.
num_arena_births: 158.
num_arena_deaths: 0.
num_vsnodes_births: 2.
num_vsnodes_deaths: 0.
num_space_committed: 89.
num_space_uncommitted: 0.
num_chunks_returned_to_freelist: 0.
num_chunks_taken_from_freelist: 290.
num_chunk_merges: 0.
num_chunk_splits: 194.
num_chunks_enlarged: 134.
num_inconsistent_stats: 0.

CodeHeap 'non-profiled nmethods': size=120000Kb used=421Kb max_used=421Kb free=119578Kb
 bounds [0x00000238ea3b0000, 0x00000238ea620000, 0x00000238f18e0000]
CodeHeap 'profiled nmethods': size=120000Kb used=1651Kb max_used=1651Kb free=118348Kb
 bounds [0x00000238e28e0000, 0x00000238e2b50000, 0x00000238e9e10000]
CodeHeap 'non-nmethods': size=5760Kb used=1448Kb max_used=1461Kb free=4311Kb
 bounds [0x00000238e9e10000, 0x00000238ea080000, 0x00000238ea3b0000]
 total_blobs=1596 nmethods=1061 adapters=440
 compilation: enabled
              stopped_count=0, restarted_count=0
 full_count=0

Compilation events (20 events):
Event: 0.668 Thread 0x00000238f956e670 1051       3       jdk.internal.jimage.ImageStringsReader::unmaskedHashCode (166 bytes)
Event: 0.668 Thread 0x00000238f956e670 nmethod 1051 0x00000238e2a76d10 code [0x00000238e2a76f60, 0x00000238e2a77a88]
Event: 0.670 Thread 0x00000238f956e670 1052       3       java.lang.PublicMethods$Key::matches (31 bytes)
Event: 0.670 Thread 0x00000238f956e670 nmethod 1052 0x00000238e2a77f90 code [0x00000238e2a78160, 0x00000238e2a78480]
Event: 1.114 Thread 0x00000238f956e670 1053       1       com.sun.javafx.tk.quantum.QuantumToolkit$PulseTask::get (5 bytes)
Event: 1.115 Thread 0x00000238f956e670 nmethod 1053 0x00000238ea419090 code [0x00000238ea419220, 0x00000238ea4192f0]
Event: 2.474 Thread 0x00000238f956e670 1054       3       java.util.concurrent.atomic.AtomicBoolean::get (13 bytes)
Event: 2.474 Thread 0x00000238f956e670 nmethod 1054 0x00000238e2a78610 code [0x00000238e2a787a0, 0x00000238e2a78908]
Event: 4.698 Thread 0x00000238f956e670 1056       3       com.sun.javafx.tk.quantum.QuantumToolkit$$Lambda/0x000002388103b430::run (8 bytes)
Event: 4.698 Thread 0x00000238f956e670 nmethod 1056 0x00000238e2a78990 code [0x00000238e2a78b80, 0x00000238e2a78f28]
Event: 4.698 Thread 0x00000238f956e670 1057   !   3       com.sun.javafx.tk.quantum.QuantumToolkit::lambda$runToolkit$12 (16 bytes)
Event: 4.698 Thread 0x00000238f956e670 nmethod 1057 0x00000238e2a79110 code [0x00000238e2a79300, 0x00000238e2a79640]
Event: 4.953 Thread 0x00000238f956e670 1058  s    3       com.sun.glass.ui.Timer::pause (18 bytes)
Event: 4.953 Thread 0x00000238f956e670 nmethod 1058 0x00000238e2a79790 code [0x00000238e2a79940, 0x00000238e2a79ba0]
Event: 4.954 Thread 0x00000238f956e670 1059       3       com.sun.glass.ui.win.WinTimer::_pause (1 bytes)
Event: 4.954 Thread 0x00000238f956e670 nmethod 1059 0x00000238e2a79c90 code [0x00000238e2a79e20, 0x00000238e2a79f28]
Event: 6.746 Thread 0x00000238f956e670 1060       3       com.sun.javafx.tk.quantum.QuantumToolkit::postPulse (133 bytes)
Event: 6.748 Thread 0x00000238f956e670 nmethod 1060 0x00000238e2a79f90 code [0x00000238e2a7a340, 0x00000238e2a7b8d8]
Event: 6.748 Thread 0x00000238f956e670 1061  s    3       com.sun.javafx.tk.quantum.QuantumToolkit::pauseTimer (93 bytes)
Event: 6.748 Thread 0x00000238f956e670 nmethod 1061 0x00000238e2a7c090 code [0x00000238e2a7c2e0, 0x00000238e2a7cb38]

GC Heap History (2 events):
Event: 0.604 GC heap before
{Heap before GC invocations=0 (full 0):
 garbage-first heap   total 258048K, used 20480K [0x0000000704600000, 0x0000000800000000)
  region size 2048K, 11 young (22528K), 0 survivors (0K)
 Metaspace       used 4367K, committed 4608K, reserved 1114112K
  class space    used 463K, committed 576K, reserved 1048576K
}
Event: 0.607 GC heap after
{Heap after GC invocations=1 (full 0):
 garbage-first heap   total 258048K, used 2791K [0x0000000704600000, 0x0000000800000000)
  region size 2048K, 2 young (4096K), 2 survivors (4096K)
 Metaspace       used 4367K, committed 4608K, reserved 1114112K
  class space    used 463K, committed 576K, reserved 1048576K
}

Dll operation events (20 events):
Event: 0.417 Loaded shared library C:\Users\prabh\.openjfx\cache\21+31\amd64\api-ms-win-crt-heap-l1-1-0.dll
Event: 0.420 Loaded shared library C:\Users\prabh\.openjfx\cache\21+31\amd64\api-ms-win-crt-locale-l1-1-0.dll
Event: 0.422 Loaded shared library C:\Users\prabh\.openjfx\cache\21+31\amd64\api-ms-win-crt-math-l1-1-0.dll
Event: 0.424 Loaded shared library C:\Users\prabh\.openjfx\cache\21+31\amd64\api-ms-win-crt-multibyte-l1-1-0.dll
Event: 0.427 Loaded shared library C:\Users\prabh\.openjfx\cache\21+31\amd64\api-ms-win-crt-private-l1-1-0.dll
Event: 0.430 Loaded shared library C:\Users\prabh\.openjfx\cache\21+31\amd64\api-ms-win-crt-process-l1-1-0.dll
Event: 0.432 Loaded shared library C:\Users\prabh\.openjfx\cache\21+31\amd64\api-ms-win-crt-runtime-l1-1-0.dll
Event: 0.436 Loaded shared library C:\Users\prabh\.openjfx\cache\21+31\amd64\api-ms-win-crt-stdio-l1-1-0.dll
Event: 0.438 Loaded shared library C:\Users\prabh\.openjfx\cache\21+31\amd64\api-ms-win-crt-string-l1-1-0.dll
Event: 0.441 Loaded shared library C:\Users\prabh\.openjfx\cache\21+31\amd64\api-ms-win-crt-time-l1-1-0.dll
Event: 0.444 Loaded shared library C:\Users\prabh\.openjfx\cache\21+31\amd64\api-ms-win-crt-utility-l1-1-0.dll
Event: 0.457 Loaded shared library C:\Users\prabh\.openjfx\cache\21+31\amd64\ucrtbase.dll
Event: 0.461 Loaded shared library C:\Users\prabh\.openjfx\cache\21+31\amd64\vcruntime140.dll
Event: 0.465 Loaded shared library C:\Users\prabh\.openjfx\cache\21+31\amd64\vcruntime140_1.dll
Event: 0.472 Loaded shared library C:\Users\prabh\.openjfx\cache\21+31\amd64\msvcp140.dll
Event: 0.474 Loaded shared library C:\Users\prabh\.openjfx\cache\21+31\amd64\msvcp140_1.dll
Event: 0.478 Loaded shared library C:\Users\prabh\.openjfx\cache\21+31\amd64\msvcp140_2.dll
Event: 0.515 Loaded shared library C:\Users\prabh\.openjfx\cache\21+31\amd64\prism_d3d.dll
Event: 0.548 Loaded shared library C:\Users\prabh\.openjfx\cache\21+31\amd64\glass.dll
Event: 0.628 Loaded shared library C:\Program Files\Java\jdk-21.0.2\bin\jimage.dll

Deoptimization events (20 events):
Event: 0.352 Thread 0x00000238da4ac3a0 DEOPT PACKING pc=0x00000238ea3f87dc sp=0x000000a7ef4fec40
Event: 0.352 Thread 0x00000238da4ac3a0 DEOPT UNPACKING pc=0x00000238e9e646a2 sp=0x000000a7ef4febb8 mode 2
Event: 0.353 Thread 0x00000238da4ac3a0 Uncommon trap: trap_request=0xffffffde fr.pc=0x00000238ea3f87dc relative=0x000000000000013c
Event: 0.353 Thread 0x00000238da4ac3a0 Uncommon trap: reason=class_check action=maybe_recompile pc=0x00000238ea3f87dc method=jdk.internal.misc.Unsafe.allocateUninitializedArray(Ljava/lang/Class;I)Ljava/lang/Object; @ 51 c2
Event: 0.353 Thread 0x00000238da4ac3a0 DEOPT PACKING pc=0x00000238ea3f87dc sp=0x000000a7ef4febc0
Event: 0.353 Thread 0x00000238da4ac3a0 DEOPT UNPACKING pc=0x00000238e9e646a2 sp=0x000000a7ef4feb38 mode 2
Event: 0.353 Thread 0x00000238da4ac3a0 Uncommon trap: trap_request=0xffffffde fr.pc=0x00000238ea3f87dc relative=0x000000000000013c
Event: 0.353 Thread 0x00000238da4ac3a0 Uncommon trap: reason=class_check action=maybe_recompile pc=0x00000238ea3f87dc method=jdk.internal.misc.Unsafe.allocateUninitializedArray(Ljava/lang/Class;I)Ljava/lang/Object; @ 51 c2
Event: 0.353 Thread 0x00000238da4ac3a0 DEOPT PACKING pc=0x00000238ea3f87dc sp=0x000000a7ef4feb10
Event: 0.353 Thread 0x00000238da4ac3a0 DEOPT UNPACKING pc=0x00000238e9e646a2 sp=0x000000a7ef4fea88 mode 2
Event: 0.354 Thread 0x00000238da4ac3a0 Uncommon trap: trap_request=0xffffffde fr.pc=0x00000238ea3f87dc relative=0x000000000000013c
Event: 0.354 Thread 0x00000238da4ac3a0 Uncommon trap: reason=class_check action=maybe_recompile pc=0x00000238ea3f87dc method=jdk.internal.misc.Unsafe.allocateUninitializedArray(Ljava/lang/Class;I)Ljava/lang/Object; @ 51 c2
Event: 0.354 Thread 0x00000238da4ac3a0 DEOPT PACKING pc=0x00000238ea3f87dc sp=0x000000a7ef4fec40
Event: 0.354 Thread 0x00000238da4ac3a0 DEOPT UNPACKING pc=0x00000238e9e646a2 sp=0x000000a7ef4febb8 mode 2
Event: 0.460 Thread 0x00000238da4ac3a0 DEOPT PACKING pc=0x00000238e29fd52f sp=0x000000a7ef4feae0
Event: 0.460 Thread 0x00000238da4ac3a0 DEOPT UNPACKING pc=0x00000238e9e64e42 sp=0x000000a7ef4fdf00 mode 0
Event: 0.615 Thread 0x00000238f95676e0 Uncommon trap: trap_request=0xffffff45 fr.pc=0x00000238ea3f6bb0 relative=0x0000000000000090
Event: 0.615 Thread 0x00000238f95676e0 Uncommon trap: reason=unstable_if action=reinterpret pc=0x00000238ea3f6bb0 method=jdk.internal.misc.Unsafe.convEndian(ZI)I @ 4 c2
Event: 0.615 Thread 0x00000238f95676e0 DEOPT PACKING pc=0x00000238ea3f6bb0 sp=0x000000a7f0cfd1c0
Event: 0.615 Thread 0x00000238f95676e0 DEOPT UNPACKING pc=0x00000238e9e646a2 sp=0x000000a7f0cfd0f0 mode 2

Classes loaded (20 events):
Event: 0.669 Loading class jdk/internal/logger/LazyLoggers$LoggerAccessor
Event: 0.669 Loading class jdk/internal/logger/LazyLoggers$LoggerAccessor done
Event: 0.669 Loading class jdk/internal/logger/LazyLoggers$LazyLoggerAccessor done
Event: 0.669 Loading class java/lang/System$Logger$Level
Event: 0.669 Loading class java/lang/System$Logger$Level done
Event: 0.669 Loading class jdk/internal/logger/SurrogateLogger
Event: 0.669 Loading class jdk/internal/logger/SimpleConsoleLogger
Event: 0.669 Loading class sun/util/logging/PlatformLogger$ConfigurableBridge$LoggerConfiguration
Event: 0.670 Loading class sun/util/logging/PlatformLogger$ConfigurableBridge$LoggerConfiguration done
Event: 0.670 Loading class jdk/internal/logger/SimpleConsoleLogger done
Event: 0.670 Loading class jdk/internal/logger/SurrogateLogger done
Event: 0.670 Loading class sun/util/logging/PlatformLogger
Event: 0.670 Loading class sun/util/logging/PlatformLogger done
Event: 0.670 Loading class sun/util/logging/PlatformLogger$Level
Event: 0.670 Loading class sun/util/logging/PlatformLogger$Level done
Event: 0.670 Loading class jdk/internal/event/ThreadSleepEvent
Event: 0.671 Loading class jdk/internal/event/ThreadSleepEvent done
Event: 7.674 Loading class java/util/concurrent/Executors$AutoShutdownDelegatedExecutorService
Event: 7.674 Loading class java/util/concurrent/Executors$DelegatedExecutorService
Event: 7.674 Loading class java/util/concurrent/Executors$DelegatedExecutorService done

Classes unloaded (0 events):
No events

Classes redefined (0 events):
No events

Internal exceptions (20 events):
Event: 0.180 Thread 0x00000238da4ac3a0 Exception <a 'java/lang/NoSuchMethodError'{0x000000071382cc78}: 'void java.lang.invoke.DirectMethodHandle$Holder.invokeSpecial(java.lang.Object, java.lang.Object, java.lang.Object, java.lang.Object, java.lang.Object)'> (0x000000071382cc78) 
thrown [s\open\src\hotspot\share\interpreter\linkResolver.cpp, line 773]
Event: 0.183 Thread 0x00000238da4ac3a0 Exception <a 'java/lang/NoSuchMethodError'{0x00000007138414a8}: 'java.lang.Object java.lang.invoke.DirectMethodHandle$Holder.invokeInterface(java.lang.Object, java.lang.Object)'> (0x00000007138414a8) 
thrown [s\open\src\hotspot\share\interpreter\linkResolver.cpp, line 773]
Event: 0.184 Thread 0x00000238da4ac3a0 Exception <a 'java/lang/IncompatibleClassChangeError'{0x0000000713844710}: Found class java.lang.Object, but interface was expected> (0x0000000713844710) 
thrown [s\open\src\hotspot\share\interpreter\linkResolver.cpp, line 840]
Event: 0.185 Thread 0x00000238da4ac3a0 Exception <a 'java/lang/NoSuchMethodError'{0x0000000713846fb0}: 'void java.lang.invoke.DirectMethodHandle$Holder.invokeStatic(java.lang.Object, java.lang.Object, java.lang.Object, java.lang.Object)'> (0x0000000713846fb0) 
thrown [s\open\src\hotspot\share\interpreter\linkResolver.cpp, line 773]
Event: 0.219 Thread 0x00000238da4ac3a0 Exception <a 'java/lang/NoSuchMethodError'{0x000000071392de70}: 'void java.lang.invoke.DirectMethodHandle$Holder.invokeStatic(java.lang.Object, java.lang.Object, java.lang.Object)'> (0x000000071392de70) 
thrown [s\open\src\hotspot\share\interpreter\linkResolver.cpp, line 773]
Event: 0.224 Thread 0x00000238da4ac3a0 Exception <a 'java/lang/NoSuchMethodError'{0x0000000713943a98}: 'java.lang.Object java.lang.invoke.Invokers$Holder.invokeExact_MT(java.lang.Object, java.lang.Object, java.lang.Object, java.lang.Object, java.lang.Object)'> (0x0000000713943a98) 
thrown [s\open\src\hotspot\share\interpreter\linkResolver.cpp, line 773]
Event: 0.241 Thread 0x00000238fed76950 Exception <a 'java/lang/ClassNotFoundException'{0x00000007139c9210}: jdk/net/ExtendedSocketOptions> (0x00000007139c9210) 
thrown [s\open\src\hotspot\share\classfile\systemDictionary.cpp, line 312]
Event: 0.243 Thread 0x00000238fed76950 Exception <a 'java/lang/NoSuchMethodError'{0x00000007139ca8c0}: 'void java.lang.invoke.DirectMethodHandle$Holder.invokeStatic(java.lang.Object, java.lang.Object)'> (0x00000007139ca8c0) 
thrown [s\open\src\hotspot\share\interpreter\linkResolver.cpp, line 773]
Event: 0.249 Thread 0x00000238da4ac3a0 Exception <a 'java/lang/NoSuchMethodError'{0x00000007136332f8}: 'java.lang.Object java.lang.invoke.Invokers$Holder.invokeExact_MT(java.lang.Object, java.lang.Object, java.lang.Object, java.lang.Object, java.lang.Object, java.lang.Object)'> (0x00000007136332f8) 
thrown [s\open\src\hotspot\share\interpreter\linkResolver.cpp, line 773]
Event: 0.530 Thread 0x00000238da4ac3a0 Exception <a 'java/lang/NoSuchMethodError'{0x000000071312ac78}: 'int java.lang.invoke.DirectMethodHandle$Holder.invokeStaticInit(java.lang.Object, java.lang.Object, java.lang.Object)'> (0x000000071312ac78) 
thrown [s\open\src\hotspot\share\interpreter\linkResolver.cpp, line 773]
Event: 0.551 Thread 0x00000238da4ac3a0 Exception <a 'java/lang/NoSuchMethodError'{0x0000000712eb2000}: 'java.lang.Object java.lang.invoke.DirectMethodHandle$Holder.newInvokeSpecial(java.lang.Object, java.lang.Object, int, java.lang.Object)'> (0x0000000712eb2000) 
thrown [s\open\src\hotspot\share\interpreter\linkResolver.cpp, line 773]
Event: 0.552 Thread 0x00000238da4ac3a0 Exception <a 'java/lang/NoSuchMethodError'{0x0000000712eb6158}: 'java.lang.Object java.lang.invoke.DirectMethodHandle$Holder.invokeSpecial(java.lang.Object, java.lang.Object, java.lang.Object, int, java.lang.Object)'> (0x0000000712eb6158) 
thrown [s\open\src\hotspot\share\interpreter\linkResolver.cpp, line 773]
Event: 0.596 Thread 0x00000238f95676e0 Exception <a 'java/lang/NoSuchMethodError'{0x0000000712db4cc8}: 'void java.lang.invoke.DirectMethodHandle$Holder.invokeStaticInit(java.lang.Object)'> (0x0000000712db4cc8) 
thrown [s\open\src\hotspot\share\interpreter\linkResolver.cpp, line 773]
Event: 0.600 Thread 0x00000238da4ac3a0 Exception <a 'java/lang/NoSuchMethodError'{0x0000000712ec93d8}: 'java.lang.Object java.lang.invoke.DirectMethodHandle$Holder.newInvokeSpecial(java.lang.Object, java.lang.Object, java.lang.Object, java.lang.Object, java.lang.Object, java.lang.Object)'> (0x0000000712ec93d8) 
thrown [s\open\src\hotspot\share\interpreter\linkResolver.cpp, line 773]
Event: 0.622 Thread 0x00000238da4ac3a0 Exception <a 'java/lang/NoSuchMethodError'{0x00000007140f1b50}: 'java.lang.Object java.lang.invoke.DirectMethodHandle$Holder.newInvokeSpecial(java.lang.Object, java.lang.Object, java.lang.Object, java.lang.Object, java.lang.Object)'> (0x00000007140f1b50) 
thrown [s\open\src\hotspot\share\interpreter\linkResolver.cpp, line 773]
Event: 0.658 Thread 0x00000238f95676e0 Exception <a 'java/lang/NoSuchMethodError'{0x0000000713f95068}: 'void java.lang.invoke.DirectMethodHandle$Holder.invokeStatic(java.lang.Object, long)'> (0x0000000713f95068) 
thrown [s\open\src\hotspot\share\interpreter\linkResolver.cpp, line 773]
Event: 0.659 Thread 0x00000238f95676e0 Exception <a 'java/lang/NoSuchMethodError'{0x0000000713f99c38}: 'java.lang.Object java.lang.invoke.DirectMethodHandle$Holder.newInvokeSpecial(java.lang.Object, long)'> (0x0000000713f99c38) 
thrown [s\open\src\hotspot\share\interpreter\linkResolver.cpp, line 773]
Event: 0.662 Thread 0x00000238f95676e0 Exception <a 'java/lang/NoSuchMethodError'{0x0000000713fa1128}: 'java.lang.Object java.lang.invoke.DirectMethodHandle$Holder.invokeStatic(java.lang.Object, long, java.lang.Object)'> (0x0000000713fa1128) 
thrown [s\open\src\hotspot\share\interpreter\linkResolver.cpp, line 773]
Event: 0.662 Thread 0x00000238f95676e0 Exception <a 'java/lang/NoSuchMethodError'{0x0000000713fa48b0}: 'java.lang.Object java.lang.invoke.DirectMethodHandle$Holder.invokeStaticInit(java.lang.Object, long, java.lang.Object)'> (0x0000000713fa48b0) 
thrown [s\open\src\hotspot\share\interpreter\linkResolver.cpp, line 773]
Event: 0.666 Thread 0x00000238f95676e0 Exception <a 'sun/nio/fs/WindowsException'{0x0000000713fb8380}> (0x0000000713fb8380) 
thrown [s\open\src\hotspot\share\prims\jni.cpp, line 520]

ZGC Phase Switch (0 events):
No events

VM Operations (12 events):
Event: 0.123 Executing VM operation: HandshakeAllThreads (Deoptimize)
Event: 0.123 Executing VM operation: HandshakeAllThreads (Deoptimize) done
Event: 0.181 Executing VM operation: HandshakeAllThreads (Deoptimize)
Event: 0.181 Executing VM operation: HandshakeAllThreads (Deoptimize) done
Event: 0.542 Executing VM operation: HandshakeAllThreads (Deoptimize)
Event: 0.542 Executing VM operation: HandshakeAllThreads (Deoptimize) done
Event: 0.604 Executing VM operation: G1CollectForAllocation (G1 Evacuation Pause)
Event: 0.607 Executing VM operation: G1CollectForAllocation (G1 Evacuation Pause) done
Event: 0.664 Executing VM operation: HandshakeAllThreads (Deoptimize)
Event: 0.664 Executing VM operation: HandshakeAllThreads (Deoptimize) done
Event: 1.664 Executing VM operation: Cleanup
Event: 1.664 Executing VM operation: Cleanup done

Events (20 events):
Event: 0.037 Thread 0x00000238f8fda520 Thread added: 0x00000238f8fda520
Event: 0.037 Thread 0x00000238f8fdb080 Thread added: 0x00000238f8fdb080
Event: 0.037 Thread 0x00000238f8fe13b0 Thread added: 0x00000238f8fe13b0
Event: 0.037 Thread 0x00000238f8fe2090 Thread added: 0x00000238f8fe2090
Event: 0.037 Thread 0x00000238f8fe6f10 Thread added: 0x00000238f8fe6f10
Event: 0.037 Thread 0x00000238f956a0b0 Thread added: 0x00000238f956a0b0
Event: 0.038 Thread 0x00000238f956d7a0 Thread added: 0x00000238f956d7a0
Event: 0.038 Thread 0x00000238f956e670 Thread added: 0x00000238f956e670
Event: 0.063 Thread 0x00000238f9633cb0 Thread added: 0x00000238f9633cb0
Event: 0.098 Thread 0x00000238f977f210 Thread added: 0x00000238f977f210
Event: 0.103 Thread 0x00000238f98c27d0 Thread added: 0x00000238f98c27d0
Event: 0.231 Thread 0x00000238fed76950 Thread added: 0x00000238fed76950
Event: 0.231 Thread 0x00000238feb78390 Thread added: 0x00000238feb78390
Event: 0.505 Thread 0x00000238fee8d6d0 Thread added: 0x00000238fee8d6d0
Event: 0.549 Thread 0x00000238f95663e0 Thread added: 0x00000238f95663e0
Event: 0.553 Thread 0x00000238f95676e0 Thread added: 0x00000238f95676e0
Event: 0.618 Thread 0x00000238fefadf20 Thread added: 0x00000238fefadf20
Event: 0.623 Thread 0x00000238feff4cc0 Thread added: 0x00000238feff4cc0
Event: 1.115 Thread 0x00000238f98c27d0 Thread exited: 0x00000238f98c27d0
Event: 2.474 Thread 0x00000238f977f210 Thread exited: 0x00000238f977f210


Dynamic libraries:
0x00007ff6695a0000 - 0x00007ff6695b0000 	C:\Program Files\Java\jdk-21.0.2\bin\java.exe
0x00007ff985310000 - 0x00007ff985527000 	C:\WINDOWS\SYSTEM32\ntdll.dll
0x00007ff983ab0000 - 0x00007ff983b74000 	C:\WINDOWS\System32\KERNEL32.DLL
0x00007ff982730000 - 0x00007ff982ae9000 	C:\WINDOWS\System32\KERNELBASE.dll
0x00007ff982610000 - 0x00007ff982721000 	C:\WINDOWS\System32\ucrtbase.dll
0x00007ff979a70000 - 0x00007ff979a89000 	C:\Program Files\Java\jdk-21.0.2\bin\jli.dll
0x00007ff983560000 - 0x00007ff983612000 	C:\WINDOWS\System32\ADVAPI32.dll
0x00007ff984300000 - 0x00007ff9843a7000 	C:\WINDOWS\System32\msvcrt.dll
0x00007ff9843b0000 - 0x00007ff984457000 	C:\WINDOWS\System32\sechost.dll
0x00007ff982c60000 - 0x00007ff982c88000 	C:\WINDOWS\System32\bcrypt.dll
0x00007ff983620000 - 0x00007ff983734000 	C:\WINDOWS\System32\RPCRT4.dll
0x00007ff9831a0000 - 0x00007ff98334e000 	C:\WINDOWS\System32\USER32.dll
0x00007ff982c30000 - 0x00007ff982c56000 	C:\WINDOWS\System32\win32u.dll
0x00007ff983ba0000 - 0x00007ff983bc9000 	C:\WINDOWS\System32\GDI32.dll
0x00007ff982c90000 - 0x00007ff982dab000 	C:\WINDOWS\System32\gdi32full.dll
0x00007ff982f20000 - 0x00007ff982fba000 	C:\WINDOWS\System32\msvcp_win.dll
0x00007ff979a50000 - 0x00007ff979a6b000 	C:\Program Files\Java\jdk-21.0.2\bin\VCRUNTIME140.dll
0x00007ff96ca90000 - 0x00007ff96cd22000 	C:\WINDOWS\WinSxS\amd64_microsoft.windows.common-controls_6595b64144ccf1df_6.0.22621.4391_none_2715d37f73803e96\COMCTL32.dll
0x00007ff97cbf0000 - 0x00007ff97cbfa000 	C:\WINDOWS\SYSTEM32\VERSION.dll
0x00007ff983130000 - 0x00007ff983161000 	C:\WINDOWS\System32\IMM32.DLL
0x00007ff96e150000 - 0x00007ff96e2b1000 	C:\Program Files (x86)\Citrix\ICA Client\ctxapclient64.dll
0x00007ff9844c0000 - 0x00007ff98484f000 	C:\WINDOWS\System32\combase.dll
0x00007ff981850000 - 0x00007ff981884000 	C:\WINDOWS\SYSTEM32\ntmarta.dll
0x00007ff982bb0000 - 0x00007ff982c2b000 	C:\WINDOWS\System32\bcryptprimitives.dll
0x00007ff96dc00000 - 0x00007ff96dc3a000 	C:\Program Files (x86)\Citrix\ICA Client\Receiver\FeatureFlagHelper64.dll
0x00007ff97a350000 - 0x00007ff97a35c000 	C:\Program Files\Java\jdk-21.0.2\bin\vcruntime140_1.dll
0x00007ff96ce80000 - 0x00007ff96cf0e000 	C:\Program Files\Java\jdk-21.0.2\bin\msvcp140.dll
0x00007ff904970000 - 0x00007ff905687000 	C:\Program Files\Java\jdk-21.0.2\bin\server\jvm.dll
0x00007ff984280000 - 0x00007ff9842f1000 	C:\WINDOWS\System32\WS2_32.dll
0x00007ff9814a0000 - 0x00007ff9814ed000 	C:\WINDOWS\SYSTEM32\POWRPROF.dll
0x00007ff97d570000 - 0x00007ff97d5a4000 	C:\WINDOWS\SYSTEM32\WINMM.dll
0x00007ff981480000 - 0x00007ff981493000 	C:\WINDOWS\SYSTEM32\UMPDC.dll
0x00007ff9816e0000 - 0x00007ff9816f8000 	C:\WINDOWS\SYSTEM32\kernel.appcore.dll
0x00007ff979a40000 - 0x00007ff979a4a000 	C:\Program Files\Java\jdk-21.0.2\bin\jimage.dll
0x00007ff966570000 - 0x00007ff9667a2000 	C:\WINDOWS\SYSTEM32\DBGHELP.DLL
0x00007ff9851f0000 - 0x00007ff9852c7000 	C:\WINDOWS\System32\OLEAUT32.dll
0x00007ff964230000 - 0x00007ff964262000 	C:\WINDOWS\SYSTEM32\dbgcore.DLL
0x00007ff979a30000 - 0x00007ff979a3f000 	C:\Program Files\Java\jdk-21.0.2\bin\instrument.dll
0x00007ff977850000 - 0x00007ff97786f000 	C:\Program Files\Java\jdk-21.0.2\bin\java.dll
0x00007ff9848b0000 - 0x00007ff985126000 	C:\WINDOWS\System32\SHELL32.dll
0x00007ff980560000 - 0x00007ff980e63000 	C:\WINDOWS\SYSTEM32\windows.storage.dll
0x00007ff980420000 - 0x00007ff98055f000 	C:\WINDOWS\SYSTEM32\wintypes.dll
0x00007ff983030000 - 0x00007ff983129000 	C:\WINDOWS\System32\SHCORE.dll
0x00007ff984460000 - 0x00007ff9844be000 	C:\WINDOWS\System32\shlwapi.dll
0x00007ff982540000 - 0x00007ff98256b000 	C:\WINDOWS\SYSTEM32\profapi.dll
0x00007ff947ea0000 - 0x00007ff947f77000 	C:\Program Files\Java\jdk-21.0.2\bin\jsvml.dll
0x00007ff977840000 - 0x00007ff977850000 	C:\Program Files\Java\jdk-21.0.2\bin\net.dll
0x00007ff97b530000 - 0x00007ff97b666000 	C:\WINDOWS\SYSTEM32\WINHTTP.dll
0x00007ff981bc0000 - 0x00007ff981c29000 	C:\WINDOWS\system32\mswsock.dll
0x00007ff96ca70000 - 0x00007ff96ca86000 	C:\Program Files\Java\jdk-21.0.2\bin\nio.dll
0x00007ff96c320000 - 0x00007ff96c338000 	C:\Program Files\Java\jdk-21.0.2\bin\zip.dll
0x00007ff96c300000 - 0x00007ff96c31a000 	D:\IntelliJ IDEA 2024.2.4\bin\breakgen64.dll
0x00000238f9940000 - 0x00000238f9943000 	C:\Users\prabh\.openjfx\cache\21+31\amd64\api-ms-win-core-console-l1-1-0.dll
0x00000238f9950000 - 0x00000238f9953000 	C:\Users\prabh\.openjfx\cache\21+31\amd64\api-ms-win-core-console-l1-2-0.dll
0x00000238f9960000 - 0x00000238f9963000 	C:\Users\prabh\.openjfx\cache\21+31\amd64\api-ms-win-core-datetime-l1-1-0.dll
0x00000238f9970000 - 0x00000238f9973000 	C:\Users\prabh\.openjfx\cache\21+31\amd64\api-ms-win-core-debug-l1-1-0.dll
0x00000238f9980000 - 0x00000238f9983000 	C:\Users\prabh\.openjfx\cache\21+31\amd64\api-ms-win-core-errorhandling-l1-1-0.dll
0x00000238f9990000 - 0x00000238f9994000 	C:\Users\prabh\.openjfx\cache\21+31\amd64\api-ms-win-core-file-l1-1-0.dll
0x00000238f99a0000 - 0x00000238f99a3000 	C:\Users\prabh\.openjfx\cache\21+31\amd64\api-ms-win-core-file-l1-2-0.dll
0x00000238f99b0000 - 0x00000238f99b3000 	C:\Users\prabh\.openjfx\cache\21+31\amd64\api-ms-win-core-file-l2-1-0.dll
0x00000238f99c0000 - 0x00000238f99c3000 	C:\Users\prabh\.openjfx\cache\21+31\amd64\api-ms-win-core-handle-l1-1-0.dll
0x00000238f99d0000 - 0x00000238f99d3000 	C:\Users\prabh\.openjfx\cache\21+31\amd64\api-ms-win-core-heap-l1-1-0.dll
0x00000238f99e0000 - 0x00000238f99e3000 	C:\Users\prabh\.openjfx\cache\21+31\amd64\api-ms-win-core-interlocked-l1-1-0.dll
0x00000238f99f0000 - 0x00000238f99f3000 	C:\Users\prabh\.openjfx\cache\21+31\amd64\api-ms-win-core-libraryloader-l1-1-0.dll
0x00000238f9a00000 - 0x00000238f9a03000 	C:\Users\prabh\.openjfx\cache\21+31\amd64\api-ms-win-core-localization-l1-2-0.dll
0x00000238f9a10000 - 0x00000238f9a13000 	C:\Users\prabh\.openjfx\cache\21+31\amd64\api-ms-win-core-memory-l1-1-0.dll
0x00000238f9a20000 - 0x00000238f9a23000 	C:\Users\prabh\.openjfx\cache\21+31\amd64\api-ms-win-core-namedpipe-l1-1-0.dll
0x00000238f9a30000 - 0x00000238f9a33000 	C:\Users\prabh\.openjfx\cache\21+31\amd64\api-ms-win-core-processenvironment-l1-1-0.dll
0x00000238f9b50000 - 0x00000238f9b53000 	C:\Users\prabh\.openjfx\cache\21+31\amd64\api-ms-win-core-processthreads-l1-1-0.dll
0x00000238f9b60000 - 0x00000238f9b63000 	C:\Users\prabh\.openjfx\cache\21+31\amd64\api-ms-win-core-processthreads-l1-1-1.dll
0x00000238f9b70000 - 0x00000238f9b73000 	C:\Users\prabh\.openjfx\cache\21+31\amd64\api-ms-win-core-profile-l1-1-0.dll
0x00000238f9b80000 - 0x00000238f9b83000 	C:\Users\prabh\.openjfx\cache\21+31\amd64\api-ms-win-core-rtlsupport-l1-1-0.dll
0x00000238f9b90000 - 0x00000238f9b93000 	C:\Users\prabh\.openjfx\cache\21+31\amd64\api-ms-win-core-string-l1-1-0.dll
0x00000238f9ba0000 - 0x00000238f9ba3000 	C:\Users\prabh\.openjfx\cache\21+31\amd64\api-ms-win-core-synch-l1-1-0.dll
0x00000238f9bb0000 - 0x00000238f9bb3000 	C:\Users\prabh\.openjfx\cache\21+31\amd64\api-ms-win-core-synch-l1-2-0.dll
0x00000238f9bc0000 - 0x00000238f9bc3000 	C:\Users\prabh\.openjfx\cache\21+31\amd64\api-ms-win-core-sysinfo-l1-1-0.dll
0x00000238f9a40000 - 0x00000238f9a43000 	C:\Users\prabh\.openjfx\cache\21+31\amd64\api-ms-win-core-timezone-l1-1-0.dll
0x00000238f9a50000 - 0x00000238f9a53000 	C:\Users\prabh\.openjfx\cache\21+31\amd64\api-ms-win-core-util-l1-1-0.dll
0x00000238f9a60000 - 0x00000238f9a63000 	C:\Users\prabh\.openjfx\cache\21+31\amd64\api-ms-win-crt-conio-l1-1-0.dll
0x00000238f9a70000 - 0x00000238f9a74000 	C:\Users\prabh\.openjfx\cache\21+31\amd64\api-ms-win-crt-convert-l1-1-0.dll
0x00000238f9a80000 - 0x00000238f9a83000 	C:\Users\prabh\.openjfx\cache\21+31\amd64\api-ms-win-crt-environment-l1-1-0.dll
0x00000238f9a90000 - 0x00000238f9a93000 	C:\Users\prabh\.openjfx\cache\21+31\amd64\api-ms-win-crt-filesystem-l1-1-0.dll
0x00000238f9aa0000 - 0x00000238f9aa3000 	C:\Users\prabh\.openjfx\cache\21+31\amd64\api-ms-win-crt-heap-l1-1-0.dll
0x00000238f9ab0000 - 0x00000238f9ab3000 	C:\Users\prabh\.openjfx\cache\21+31\amd64\api-ms-win-crt-locale-l1-1-0.dll
0x00000238f9ac0000 - 0x00000238f9ac5000 	C:\Users\prabh\.openjfx\cache\21+31\amd64\api-ms-win-crt-math-l1-1-0.dll
0x00000238f9ad0000 - 0x00000238f9ad5000 	C:\Users\prabh\.openjfx\cache\21+31\amd64\api-ms-win-crt-multibyte-l1-1-0.dll
0x00000238f9ae0000 - 0x00000238f9af0000 	C:\Users\prabh\.openjfx\cache\21+31\amd64\api-ms-win-crt-private-l1-1-0.dll
0x00000238f9af0000 - 0x00000238f9af3000 	C:\Users\prabh\.openjfx\cache\21+31\amd64\api-ms-win-crt-process-l1-1-0.dll
0x00000238f9b00000 - 0x00000238f9b04000 	C:\Users\prabh\.openjfx\cache\21+31\amd64\api-ms-win-crt-runtime-l1-1-0.dll
0x00000238f9b10000 - 0x00000238f9b14000 	C:\Users\prabh\.openjfx\cache\21+31\amd64\api-ms-win-crt-stdio-l1-1-0.dll
0x00000238f9b20000 - 0x00000238f9b24000 	C:\Users\prabh\.openjfx\cache\21+31\amd64\api-ms-win-crt-string-l1-1-0.dll
0x00000238f9b30000 - 0x00000238f9b33000 	C:\Users\prabh\.openjfx\cache\21+31\amd64\api-ms-win-crt-time-l1-1-0.dll
0x00000238f9b40000 - 0x00000238f9b43000 	C:\Users\prabh\.openjfx\cache\21+31\amd64\api-ms-win-crt-utility-l1-1-0.dll
0x00007ff942470000 - 0x00007ff94256c000 	C:\Users\prabh\.openjfx\cache\21+31\amd64\ucrtbase.dll
0x00007ff96c2e0000 - 0x00007ff96c2fb000 	C:\Users\prabh\.openjfx\cache\21+31\amd64\vcruntime140.dll
0x00007ff96f520000 - 0x00007ff96f52c000 	C:\Users\prabh\.openjfx\cache\21+31\amd64\vcruntime140_1.dll
0x00007ff9600d0000 - 0x00007ff96015e000 	C:\Users\prabh\.openjfx\cache\21+31\amd64\msvcp140.dll
0x00007ff984050000 - 0x00007ff9841f5000 	C:\WINDOWS\System32\ole32.dll
0x00007ff96ce70000 - 0x00007ff96ce79000 	C:\Users\prabh\.openjfx\cache\21+31\amd64\msvcp140_1.dll
0x00007ff9660b0000 - 0x00007ff9660df000 	C:\Users\prabh\.openjfx\cache\21+31\amd64\msvcp140_2.dll
0x00007ff9601a0000 - 0x00007ff9601cf000 	C:\Users\prabh\.openjfx\cache\21+31\amd64\prism_d3d.dll
0x00007ff946140000 - 0x00007ff9462e8000 	C:\WINDOWS\system32\d3d9.dll
0x00007ff97fcf0000 - 0x00007ff97fd1b000 	C:\WINDOWS\SYSTEM32\dwmapi.dll
0x00007ff97fd60000 - 0x00007ff97fd97000 	C:\WINDOWS\SYSTEM32\dxcore.dll
0x00007ff97faa0000 - 0x00007ff97fb51000 	C:\WINDOWS\system32\uxtheme.dll
0x00007ff9422c0000 - 0x00007ff94246d000 	C:\WINDOWS\System32\DriverStore\FileRepository\iigd_dch.inf_amd64_306090fd1d6bb4fa\igdumdim64.dll
0x00007ff8d6160000 - 0x00007ff8d9204000 	C:\WINDOWS\System32\DriverStore\FileRepository\iigd_dch.inf_amd64_306090fd1d6bb4fa\igd9dxva64.dll
0x00007ff983bd0000 - 0x00007ff984044000 	C:\WINDOWS\System32\SETUPAPI.dll
0x00007ff9822d0000 - 0x00007ff98231e000 	C:\WINDOWS\SYSTEM32\cfgmgr32.dll
0x00007ff975ff0000 - 0x00007ff9763f9000 	C:\WINDOWS\System32\DriverStore\FileRepository\iigd_dch.inf_amd64_306090fd1d6bb4fa\igdgmm64.dll
0x00007ff979fc0000 - 0x00007ff97a009000 	C:\WINDOWS\SYSTEM32\directxdatabasehelper.dll
0x00007ff947e50000 - 0x00007ff947e92000 	C:\Users\prabh\.openjfx\cache\21+31\amd64\glass.dll
0x00000238c1010000 - 0x00000238c110f000 	C:\WINDOWS\System32\COMDLG32.dll
0x00007ff983950000 - 0x00007ff983ab0000 	C:\WINDOWS\System32\MSCTF.dll
0x00007ff965900000 - 0x00007ff965927000 	C:\WINDOWS\System32\DriverStore\FileRepository\iigd_dch.inf_amd64_306090fd1d6bb4fa\igdinfo64.dll
0x00007ff981e10000 - 0x00007ff981e2b000 	C:\WINDOWS\SYSTEM32\CRYPTSP.dll
0x00007ff9816a0000 - 0x00007ff9816d5000 	C:\WINDOWS\system32\rsaenh.dll
0x00007ff981e30000 - 0x00007ff981e3c000 	C:\WINDOWS\SYSTEM32\CRYPTBASE.dll
0x00007ff972370000 - 0x00007ff975b06000 	C:\WINDOWS\System32\DriverStore\FileRepository\iigd_dch.inf_amd64_306090fd1d6bb4fa\igc64.dll

dbghelp: loaded successfully - version: 4.0.5 - missing functions: none
symbol engine: initialized successfully - sym options: 0x614 - pdb path: .;C:\Program Files\Java\jdk-21.0.2\bin;C:\WINDOWS\SYSTEM32;C:\WINDOWS\WinSxS\amd64_microsoft.windows.common-controls_6595b64144ccf1df_6.0.22621.4391_none_2715d37f73803e96;C:\Program Files (x86)\Citrix\ICA Client;C:\Program Files (x86)\Citrix\ICA Client\Receiver;C:\Program Files\Java\jdk-21.0.2\bin\server;D:\IntelliJ IDEA 2024.2.4\bin;C:\Users\prabh\.openjfx\cache\21+31\amd64;C:\WINDOWS\System32\DriverStore\FileRepository\iigd_dch.inf_amd64_306090fd1d6bb4fa

VM Arguments:
jvm_args: -javaagent:D:\IntelliJ IDEA 2024.2.4\lib\idea_rt.jar=62077:D:\IntelliJ IDEA 2024.2.4\bin -Dfile.encoding=UTF-8 -Dsun.stdout.encoding=UTF-8 -Dsun.stderr.encoding=UTF-8 --module-path=C:\Users\prabh\.m2\repository\org\openjfx\javafx-controls\21\javafx-controls-21-win.jar;C:\Users\prabh\.m2\repository\org\openjfx\javafx-fxml\21\javafx-fxml-21-win.jar;C:\Users\prabh\.m2\repository\com\google\code\gson\gson\2.8.9\gson-2.8.9.jar;C:\Users\prabh\.m2\repository\org\openjfx\javafx-graphics\21\javafx-graphics-21-win.jar;C:\Users\prabh\IdeaProjects\OOD5\lib\librec-core-3.0.0-1.jar;C:\Users\prabh\IdeaProjects\OOD5\target\classes;C:\Users\prabh\.m2\repository\org\openjfx\javafx-base\21\javafx-base-21-win.jar;C:\Users\prabh\.m2\repository\com\mysql\mysql-connector-j\8.0.33\mysql-connector-j-8.0.33.jar -Djdk.module.main=org.example.ood5 
java_command: org.example.ood5/Main.Main
java_class_path (initial): C:\Users\prabh\.m2\repository\org\openjfx\javafx-controls\21\javafx-controls-21.jar;C:\Users\prabh\.m2\repository\org\openjfx\javafx-graphics\21\javafx-graphics-21.jar;C:\Users\prabh\.m2\repository\org\openjfx\javafx-base\21\javafx-base-21.jar;C:\Users\prabh\.m2\repository\org\openjfx\javafx-fxml\21\javafx-fxml-21.jar;C:\Users\prabh\.m2\repository\com\google\protobuf\protobuf-java\3.21.9\protobuf-java-3.21.9.jar;C:\Users\prabh\.m2\repository\commons-logging\commons-logging\1.2\commons-logging-1.2.jar;C:\Users\prabh\.m2\repository\commons-lang\commons-lang\2.6\commons-lang-2.6.jar;C:\Users\prabh\.m2\repository\com\google\guava\failureaccess\1.0.1\failureaccess-1.0.1.jar;C:\Users\prabh\.m2\repository\com\google\guava\listenablefuture\9999.0-empty-to-avoid-conflict-with-guava\listenablefuture-9999.0-empty-to-avoid-conflict-with-guava.jar;C:\Users\prabh\.m2\repository\com\google\code\findbugs\jsr305\3.0.2\jsr305-3.0.2.jar;C:\Users\prabh\.m2\repository\org\checkerframework\checker-qual\3.33.0\checker-qual-3.33.0.jar;C:\Users\prabh\.m2\repository\com\google\errorprone\error_prone_annotations\2.18.0\error_prone_annotations-2.18.0.jar;C:\Users\prabh\.m2\repository\com\google\j2objc\j2objc-annotations\2.8\j2objc-annotations-2.8.jar
Launcher Type: SUN_STANDARD

[Global flags]
     intx CICompilerCount                          = 4                                         {product} {ergonomic}
     uint ConcGCThreads                            = 2                                         {product} {ergonomic}
     uint G1ConcRefinementThreads                  = 8                                         {product} {ergonomic}
   size_t G1HeapRegionSize                         = 2097152                                   {product} {ergonomic}
    uintx GCDrainStackTargetSize                   = 64                                        {product} {ergonomic}
   size_t InitialHeapSize                          = 264241152                                 {product} {ergonomic}
   size_t MarkStackSize                            = 4194304                                   {product} {ergonomic}
   size_t MaxHeapSize                              = 4221566976                                {product} {ergonomic}
   size_t MaxNewSize                               = 2531262464                                {product} {ergonomic}
   size_t MinHeapDeltaBytes                        = 2097152                                   {product} {ergonomic}
   size_t MinHeapSize                              = 8388608                                   {product} {ergonomic}
    uintx NonNMethodCodeHeapSize                   = 5839372                                {pd product} {ergonomic}
    uintx NonProfiledCodeHeapSize                  = 122909434                              {pd product} {ergonomic}
    uintx ProfiledCodeHeapSize                     = 122909434                              {pd product} {ergonomic}
    uintx ReservedCodeCacheSize                    = 251658240                              {pd product} {ergonomic}
     bool SegmentedCodeCache                       = true                                      {product} {ergonomic}
   size_t SoftMaxHeapSize                          = 4221566976                             {manageable} {ergonomic}
     bool UseCompressedOops                        = true                           {product lp64_product} {ergonomic}
     bool UseG1GC                                  = true                                      {product} {ergonomic}
     bool UseLargePagesIndividualAllocation        = false                                  {pd product} {ergonomic}

Logging:
Log output configuration:
 #0: stdout all=warning uptime,level,tags foldmultilines=false
 #1: stderr all=off uptime,level,tags foldmultilines=false

Environment Variables:
JAVA_HOME=C:\Program Files\Java\jdk-21.0.2
PATH=C:\WINDOWS\system32;C:\WINDOWS;C:\WINDOWS\System32\Wbem;C:\WINDOWS\System32\WindowsPowerShell\v1.0\;C:\WINDOWS\System32\OpenSSH\;C:\Program Files\Java\jdk-21.0.2\bin;C:\Users\prabh\AppData\Local\Programs\MiKTeX\miktex\bin\x64\;C:\Users\prabh\.m2\wrapper\dists\apache-maven-3.8.5-bin\5i5jha092a3i37g0paqnfr15e0\apache-maven-3.8.5\bin;C:\Program Files\Git\cmd;C:\Users\prabh\AppData\Local\Programs\Python\Python311\Scripts\;C:\Users\prabh\AppData\Local\Programs\Python\Python311\;C:\Users\prabh\AppData\Local\Microsoft\WindowsApps;C:\Users\prabh\AppData\Local\Programs\Microsoft VS Code\bin;C:\Users\prabh\AppData\Local\JetBrains\Toolbox\scripts;C:\Users\prabh\AppData\Local\Programs\MiKTeX\miktex\bin\x64\;C:\Program Files\JetBrains\IntelliJ IDEA 2023.3.3\bin;
USERNAME=prabh
OS=Windows_NT
PROCESSOR_IDENTIFIER=Intel64 Family 6 Model 142 Stepping 12, GenuineIntel
TMP=C:\Users\prabh\AppData\Local\Temp
TEMP=C:\Users\prabh\AppData\Local\Temp




Periodic native trim disabled

---------------  S Y S T E M  ---------------

OS:
 Windows 11 , 64 bit Build 22621 (10.0.22621.4391)
OS uptime: 2 days 23:03 hours

CPU: total 8 (initial active 8) (4 cores per cpu, 2 threads per core) family 6 model 142 stepping 12 microcode 0xfa, cx8, cmov, fxsr, ht, mmx, 3dnowpref, sse, sse2, sse3, ssse3, sse4.1, sse4.2, popcnt, lzcnt, tsc, tscinvbit, avx, avx2, aes, erms, clmul, bmi1, bmi2, adx, fma, vzeroupper, clflush, clflushopt, rdtscp, f16c
Processor Information for all 8 processors :
  Max Mhz: 1896, Current Mhz: 798, Mhz Limit: 796

Memory: 4k page, system-wide physical 16099M (4146M free)
TotalPageFile size 35093M (AvailPageFile size 3M)
current process WorkingSet (physical memory assigned to process): 104M, peak: 115M
current process commit charge ("private bytes"): 377M, peak: 385M

vm_info: Java HotSpot(TM) 64-Bit Server VM (21.0.2+13-LTS-58) for windows-amd64 JRE (21.0.2+13-LTS-58), built on 2024-01-05T18:32:24Z by "mach5one" with MS VC++ 17.1 (VS2022)

END.
