#
# There is insufficient memory for the Java Runtime Environment to continue.
# Native memory allocation (malloc) failed to allocate 32744 bytes for Chunk::new
# Possible reasons:
#   The system is out of physical RAM or swap space
#   The process is running with CompressedOops enabled, and the Java Heap may be blocking the growth of the native heap
# Possible solutions:
#   Reduce memory load on the system
#   Increase physical memory or swap space
#   Check if swap backing store is full
#   Decrease Java heap size (-Xmx/-Xms)
#   Decrease number of Java threads
#   Decrease Java thread stack sizes (-Xss)
#   Set larger code cache with -XX:ReservedCodeCacheSize=
#   JVM is running with Zero Based Compressed Oops mode in which the Java heap is
#     placed in the first 32GB address space. The Java Heap base address is the
#     maximum limit for the native heap growth. Please use -XX:HeapBaseMinAddress
#     to set the Java Heap base and to place the Java Heap above 32GB virtual address.
# This output file may be truncated or incomplete.
#
#  Out of Memory Error (arena.cpp:168), pid=14436, tid=23780
#
# JRE version: Java(TM) SE Runtime Environment (21.0.2+13) (build 21.0.2+13-LTS-58)
# Java VM: Java HotSpot(TM) 64-Bit Server VM (21.0.2+13-LTS-58, mixed mode, sharing, tiered, compressed oops, compressed class ptrs, g1 gc, windows-amd64)
# No core dump will be written. Minidumps are not enabled by default on client versions of Windows
#

---------------  S U M M A R Y ------------

Command Line: -javaagent:D:\IntelliJ IDEA 2024.2.4\lib\idea_rt.jar=50528:D:\IntelliJ IDEA 2024.2.4\bin -Dfile.encoding=UTF-8 -Dsun.stdout.encoding=UTF-8 -Dsun.stderr.encoding=UTF-8 --module-path=C:\Users\prabh\.m2\repository\com\google\code\gson\gson\2.8.9\gson-2.8.9.jar;C:\Users\prabh\.m2\repository\org\openjfx\javafx-controls\21\javafx-controls-21-win.jar;C:\Users\prabh\.m2\repository\org\openjfx\javafx-fxml\21\javafx-fxml-21-win.jar;C:\Users\prabh\.m2\repository\com\mysql\mysql-connector-j\8.0.33\mysql-connector-j-8.0.33.jar;C:\Users\prabh\IdeaProjects\OOD5\target\classes;C:\Users\prabh\.m2\repository\org\openjfx\javafx-base\21\javafx-base-21-win.jar;C:\Users\prabh\.m2\repository\org\openjfx\javafx-graphics\21\javafx-graphics-21-win.jar -Djdk.module.main=org.example.ood5 org.example.ood5/Main.Main

Host: Intel(R) Core(TM) i5-8365U CPU @ 1.60GHz, 8 cores, 15G,  Windows 11 , 64 bit Build 22621 (10.0.22621.4391)
Time: Mon Nov 25 21:18:38 2024 Sri Lanka Standard Time elapsed time: 11.026697 seconds (0d 0h 0m 11s)

---------------  T H R E A D  ---------------

Current thread (0x0000025c2db3ebd0):  JavaThread "C2 CompilerThread1" daemon [_thread_in_native, id=23780, stack(0x000000788d100000,0x000000788d200000) (1024K)]


Current CompileTask:
C2:  11026 2471       4       java.util.Properties$LineReader::readLine (584 bytes)

Stack: [0x000000788d100000,0x000000788d200000]
Native frames: (J=compiled Java code, j=interpreted, Vv=VM code, C=native code)
V  [jvm.dll+0x6cade9]
V  [jvm.dll+0x8569c1]
V  [jvm.dll+0x858d2e]
V  [jvm.dll+0x859413]
V  [jvm.dll+0x280e56]
V  [jvm.dll+0xc3f3d]
V  [jvm.dll+0xc4473]
V  [jvm.dll+0xc4065]
V  [jvm.dll+0x6a7a5c]
V  [jvm.dll+0x5e4da3]
V  [jvm.dll+0x6079f5]
V  [jvm.dll+0x6034d3]
V  [jvm.dll+0x5ea9bc]
V  [jvm.dll+0x5eee1e]
V  [jvm.dll+0x5ee549]
V  [jvm.dll+0x5ee430]
V  [jvm.dll+0x5ee5ac]
V  [jvm.dll+0x5ee430]
V  [jvm.dll+0x5ee430]
V  [jvm.dll+0x5ee5ac]
V  [jvm.dll+0x5ee430]
V  [jvm.dll+0x5f5814]
V  [jvm.dll+0x252d7f]
V  [jvm.dll+0x25315f]
V  [jvm.dll+0x24b8e0]
V  [jvm.dll+0x2490a3]
V  [jvm.dll+0x1c9634]
V  [jvm.dll+0x258859]
V  [jvm.dll+0x256e3a]
V  [jvm.dll+0x3ef6c6]
V  [jvm.dll+0x7ff568]
V  [jvm.dll+0x6c953d]
C  [ucrtbase.dll+0x29333]
C  [KERNEL32.DLL+0x1259d]
C  [ntdll.dll+0x5af38]


---------------  P R O C E S S  ---------------

Threads class SMR info:
_java_thread_list=0x0000025c79c3ca50, length=24, elements={
0x0000025c0e2de040, 0x0000025c2cf1ec40, 0x0000025c2cf1f850, 0x0000025c2cf207f0,
0x0000025c2cf23610, 0x0000025c2d381480, 0x0000025c2d382ec0, 0x0000025c2cf2d590,
0x0000025c2d390ab0, 0x0000025c2d3800d0, 0x0000025c2d383550, 0x0000025c2d382830,
0x0000025c2d380760, 0x0000025c2d380df0, 0x0000025c2d381b10, 0x0000025c2d3821a0,
0x0000025c78b289a0, 0x0000025c78b296c0, 0x0000025c78b2a3e0, 0x0000025c78b268d0,
0x0000025c78b29030, 0x0000025c78b28310, 0x0000025c2db3ebd0, 0x0000025c7991b3f0
}

Java Threads: ( => current thread )
  0x0000025c0e2de040 JavaThread "main"                              [_thread_blocked, id=9544, stack(0x000000788a500000,0x000000788a600000) (1024K)]
  0x0000025c2cf1ec40 JavaThread "Reference Handler"          daemon [_thread_blocked, id=9612, stack(0x000000788ae00000,0x000000788af00000) (1024K)]
  0x0000025c2cf1f850 JavaThread "Finalizer"                  daemon [_thread_blocked, id=13696, stack(0x000000788af00000,0x000000788b000000) (1024K)]
  0x0000025c2cf207f0 JavaThread "Signal Dispatcher"          daemon [_thread_blocked, id=12836, stack(0x000000788b000000,0x000000788b100000) (1024K)]
  0x0000025c2cf23610 JavaThread "Attach Listener"            daemon [_thread_blocked, id=24520, stack(0x000000788b100000,0x000000788b200000) (1024K)]
  0x0000025c2d381480 JavaThread "Service Thread"             daemon [_thread_blocked, id=16940, stack(0x000000788b200000,0x000000788b300000) (1024K)]
  0x0000025c2d382ec0 JavaThread "Monitor Deflation Thread"   daemon [_thread_blocked, id=3896, stack(0x000000788b300000,0x000000788b400000) (1024K)]
  0x0000025c2cf2d590 JavaThread "C2 CompilerThread0"         daemon [_thread_in_native, id=9368, stack(0x000000788b400000,0x000000788b500000) (1024K)]
  0x0000025c2d390ab0 JavaThread "C1 CompilerThread0"         daemon [_thread_blocked, id=19792, stack(0x000000788b500000,0x000000788b600000) (1024K)]
  0x0000025c2d3800d0 JavaThread "Common-Cleaner"             daemon [_thread_blocked, id=10464, stack(0x000000788b600000,0x000000788b700000) (1024K)]
  0x0000025c2d383550 JavaThread "Monitor Ctrl-Break"         daemon [_thread_in_native, id=3248, stack(0x000000788b900000,0x000000788ba00000) (1024K)]
  0x0000025c2d382830 JavaThread "Notification Thread"        daemon [_thread_blocked, id=10620, stack(0x000000788ba00000,0x000000788bb00000) (1024K)]
  0x0000025c2d380760 JavaThread "QuantumRenderer-0"          daemon [_thread_blocked, id=1164, stack(0x000000788bb00000,0x000000788bc00000) (1024K)]
  0x0000025c2d380df0 JavaThread "InvokeLaterDispatcher"      daemon [_thread_blocked, id=20208, stack(0x000000788b700000,0x000000788b800000) (1024K)]
  0x0000025c2d381b10 JavaThread "JavaFX Application Thread"         [_thread_in_native, id=24660, stack(0x000000788b800000,0x000000788b900000) (1024K)]
  0x0000025c2d3821a0 JavaThread "Thread-1"                   daemon [_thread_in_native, id=21352, stack(0x000000788bf00000,0x000000788c000000) (1024K)]
  0x0000025c78b289a0 JavaThread "JavaFX-Launcher"                   [_thread_blocked, id=14488, stack(0x000000788c500000,0x000000788c600000) (1024K)]
  0x0000025c78b296c0 JavaThread "mysql-cj-abandoned-connection-cleanup" daemon [_thread_blocked, id=24892, stack(0x000000788c600000,0x000000788c700000) (1024K)]
  0x0000025c78b2a3e0 JavaThread "Thread-3"                          [_thread_in_native, id=20056, stack(0x000000788c900000,0x000000788ca00000) (1024K)]
  0x0000025c78b268d0 JavaThread "pool-2-thread-1"                   [_thread_blocked, id=7892, stack(0x000000788ca00000,0x000000788cb00000) (1024K)]
  0x0000025c78b29030 JavaThread "Prism Font Disposer"        daemon [_thread_blocked, id=15568, stack(0x000000788d000000,0x000000788d100000) (1024K)]
  0x0000025c78b28310 JavaThread "Cleaner-0"                  daemon [_thread_blocked, id=16640, stack(0x000000788c700000,0x000000788c800000) (1024K)]
=>0x0000025c2db3ebd0 JavaThread "C2 CompilerThread1"         daemon [_thread_in_native, id=23780, stack(0x000000788d100000,0x000000788d200000) (1024K)]
  0x0000025c7991b3f0 JavaThread "C2 CompilerThread2"         daemon [_thread_in_native, id=21740, stack(0x000000788d200000,0x000000788d300000) (1024K)]
Total: 24

Other Threads:
  0x0000025c2cefb9d0 VMThread "VM Thread"                           [id=5272, stack(0x000000788ad00000,0x000000788ae00000) (1024K)]
  0x0000025c2cee5e40 WatcherThread "VM Periodic Task Thread"        [id=23204, stack(0x000000788ac00000,0x000000788ad00000) (1024K)]
  0x0000025c0e345290 WorkerThread "GC Thread#0"                     [id=12872, stack(0x000000788a700000,0x000000788a800000) (1024K)]
  0x0000025c789cf450 WorkerThread "GC Thread#1"                     [id=22012, stack(0x000000788c000000,0x000000788c100000) (1024K)]
  0x0000025c789cf7f0 WorkerThread "GC Thread#2"                     [id=7288, stack(0x000000788c100000,0x000000788c200000) (1024K)]
  0x0000025c789cffa0 WorkerThread "GC Thread#3"                     [id=22952, stack(0x000000788c200000,0x000000788c300000) (1024K)]
  0x0000025c789e9300 WorkerThread "GC Thread#4"                     [id=6612, stack(0x000000788c300000,0x000000788c400000) (1024K)]
  0x0000025c789e9ec0 WorkerThread "GC Thread#5"                     [id=14232, stack(0x000000788c400000,0x000000788c500000) (1024K)]
  0x0000025c79eedf70 WorkerThread "GC Thread#6"                     [id=23444, stack(0x000000788cb00000,0x000000788cc00000) (1024K)]
  0x0000025c79374a00 WorkerThread "GC Thread#7"                     [id=17968, stack(0x000000788cc00000,0x000000788cd00000) (1024K)]
  0x0000025c0e355fa0 ConcurrentGCThread "G1 Main Marker"            [id=3568, stack(0x000000788a800000,0x000000788a900000) (1024K)]
  0x0000025c0e35a110 WorkerThread "G1 Conc#0"                       [id=22168, stack(0x000000788a900000,0x000000788aa00000) (1024K)]
  0x0000025c792301e0 WorkerThread "G1 Conc#1"                       [id=13080, stack(0x000000788c800000,0x000000788c900000) (1024K)]
  0x0000025c2cdb6f60 ConcurrentGCThread "G1 Refine#0"               [id=14480, stack(0x000000788aa00000,0x000000788ab00000) (1024K)]
  0x0000025c2cdb7780 ConcurrentGCThread "G1 Service"                [id=14596, stack(0x000000788ab00000,0x000000788ac00000) (1024K)]
Total: 15

Threads with active compile tasks:
C2 CompilerThread0    11122 2489       4       sun.security.ec.ECOperations::setDouble (463 bytes)
C2 CompilerThread1    11122 2471       4       java.util.Properties$LineReader::readLine (584 bytes)
C2 CompilerThread2    11122 2527 %     4       sun.security.provider.SHA2::implCompress0 @ 204 (448 bytes)
Total: 3

VM state: not at safepoint (normal execution)

VM Mutex/Monitor currently owned by a thread: None

Heap address: 0x0000000704600000, size: 4026 MB, Compressed Oops mode: Zero based, Oop shift amount: 3

CDS archive(s) mapped at: [0x0000025c2e000000-0x0000025c2ec90000-0x0000025c2ec90000), size 13172736, SharedBaseAddress: 0x0000025c2e000000, ArchiveRelocationMode: 1.
Compressed class space mapped at: 0x0000025c2f000000-0x0000025c6f000000, reserved size: 1073741824
Narrow klass base: 0x0000025c2e000000, Narrow klass shift: 0, Narrow klass range: 0x100000000

GC Precious Log:
 CardTable entry size: 512
 Card Set container configuration: InlinePtr #cards 4 size 8 Array Of Cards #cards 16 size 48 Howl #buckets 8 coarsen threshold 3686 Howl Bitmap #cards 512 size 80 coarsen threshold 460 Card regions per heap region 1 cards per card region 4096
 CPUs: 8 total, 8 available
 Memory: 16099M
 Large Page Support: Disabled
 NUMA Support: Disabled
 Compressed Oops: Enabled (Zero based)
 Heap Region Size: 2M
 Heap Min Capacity: 8M
 Heap Initial Capacity: 252M
 Heap Max Capacity: 4026M
 Pre-touch: Disabled
 Parallel Workers: 8
 Concurrent Workers: 2
 Concurrent Refinement Workers: 8
 Periodic GC: Disabled

Heap:
 garbage-first heap   total 55296K, used 24375K [0x0000000704600000, 0x0000000800000000)
  region size 2048K, 11 young (22528K), 4 survivors (8192K)
 Metaspace       used 22720K, committed 23104K, reserved 1114112K
  class space    used 2843K, committed 3008K, reserved 1048576K

Heap Regions: E=young(eden), S=young(survivor), O=old, HS=humongous(starts), HC=humongous(continues), CS=collection set, F=free, TAMS=top-at-mark-start, PB=parsable bottom
|   0|0x0000000704600000, 0x0000000704800000, 0x0000000704800000|100%| O|  |TAMS 0x0000000704600000| PB 0x0000000704600000| Untracked 
|   1|0x0000000704800000, 0x0000000704832090, 0x0000000704a00000|  9%| O|Cm|TAMS 0x0000000704800000| PB 0x0000000704800000| Complete 
|   2|0x0000000704a00000, 0x0000000704c00000, 0x0000000704c00000|100%|HS|  |TAMS 0x0000000704a00000| PB 0x0000000704a00000| Complete 
|   3|0x0000000704c00000, 0x0000000704c00000, 0x0000000704e00000|  0%| F|  |TAMS 0x0000000704c00000| PB 0x0000000704c00000| Untracked 
|   4|0x0000000704e00000, 0x0000000704e00000, 0x0000000705000000|  0%| F|  |TAMS 0x0000000704e00000| PB 0x0000000704e00000| Untracked 
|   5|0x0000000705000000, 0x0000000705000000, 0x0000000705200000|  0%| F|  |TAMS 0x0000000705000000| PB 0x0000000705000000| Untracked 
|   6|0x0000000705200000, 0x0000000705200000, 0x0000000705400000|  0%| F|  |TAMS 0x0000000705200000| PB 0x0000000705200000| Untracked 
|   7|0x0000000705400000, 0x0000000705400000, 0x0000000705600000|  0%| F|  |TAMS 0x0000000705400000| PB 0x0000000705400000| Untracked 
|   8|0x0000000705600000, 0x0000000705600000, 0x0000000705800000|  0%| F|  |TAMS 0x0000000705600000| PB 0x0000000705600000| Untracked 
|   9|0x0000000705800000, 0x0000000705800000, 0x0000000705a00000|  0%| F|  |TAMS 0x0000000705800000| PB 0x0000000705800000| Untracked 
|  10|0x0000000705a00000, 0x0000000705a00000, 0x0000000705c00000|  0%| F|  |TAMS 0x0000000705a00000| PB 0x0000000705a00000| Untracked 
|  11|0x0000000705c00000, 0x0000000705c00000, 0x0000000705e00000|  0%| F|  |TAMS 0x0000000705c00000| PB 0x0000000705c00000| Untracked 
|  12|0x0000000705e00000, 0x0000000705e00000, 0x0000000706000000|  0%| F|  |TAMS 0x0000000705e00000| PB 0x0000000705e00000| Untracked 
|  13|0x0000000706000000, 0x0000000706000000, 0x0000000706200000|  0%| F|  |TAMS 0x0000000706000000| PB 0x0000000706000000| Untracked 
|  14|0x0000000706200000, 0x0000000706200000, 0x0000000706400000|  0%| F|  |TAMS 0x0000000706200000| PB 0x0000000706200000| Untracked 
|  15|0x0000000706400000, 0x0000000706400000, 0x0000000706600000|  0%| F|  |TAMS 0x0000000706400000| PB 0x0000000706400000| Untracked 
|  16|0x0000000706600000, 0x0000000706778e78, 0x0000000706800000| 73%| E|  |TAMS 0x0000000706600000| PB 0x0000000706600000| Complete 
|  17|0x0000000706800000, 0x0000000706a00000, 0x0000000706a00000|100%| E|CS|TAMS 0x0000000706800000| PB 0x0000000706800000| Complete 
|  18|0x0000000706a00000, 0x0000000706c00000, 0x0000000706c00000|100%| E|CS|TAMS 0x0000000706a00000| PB 0x0000000706a00000| Complete 
|  19|0x0000000706c00000, 0x0000000706e00000, 0x0000000706e00000|100%| E|CS|TAMS 0x0000000706c00000| PB 0x0000000706c00000| Complete 
|  20|0x0000000706e00000, 0x0000000707000000, 0x0000000707000000|100%| E|CS|TAMS 0x0000000706e00000| PB 0x0000000706e00000| Complete 
| 112|0x0000000712600000, 0x000000071279bd78, 0x0000000712800000| 80%| S|CS|TAMS 0x0000000712600000| PB 0x0000000712600000| Complete 
| 113|0x0000000712800000, 0x0000000712a00000, 0x0000000712a00000|100%| S|CS|TAMS 0x0000000712800000| PB 0x0000000712800000| Complete 
| 114|0x0000000712a00000, 0x0000000712c00000, 0x0000000712c00000|100%| S|CS|TAMS 0x0000000712a00000| PB 0x0000000712a00000| Complete 
| 115|0x0000000712c00000, 0x0000000712e00000, 0x0000000712e00000|100%| S|CS|TAMS 0x0000000712c00000| PB 0x0000000712c00000| Complete 
| 124|0x0000000713e00000, 0x0000000714000000, 0x0000000714000000|100%| E|CS|TAMS 0x0000000713e00000| PB 0x0000000713e00000| Complete 
| 125|0x0000000714000000, 0x0000000714200000, 0x0000000714200000|100%| E|CS|TAMS 0x0000000714000000| PB 0x0000000714000000| Complete 

Card table byte_map: [0x0000025c26220000,0x0000025c26a00000] _byte_map_base: 0x0000025c229fd000

Marking Bits: (CMBitMap*) 0x0000025c0e3457a0
 Bits: [0x0000025c26a00000, 0x0000025c2a8e8000)

Polling page: 0x0000025c0da70000

Metaspace:

Usage:
  Non-class:     19.41 MB used.
      Class:      2.78 MB used.
       Both:     22.19 MB used.

Virtual space:
  Non-class space:       64.00 MB reserved,      19.62 MB ( 31%) committed,  1 nodes.
      Class space:        1.00 GB reserved,       2.94 MB ( <1%) committed,  1 nodes.
             Both:        1.06 GB reserved,      22.56 MB (  2%) committed. 

Chunk freelists:
   Non-Class:  12.24 MB
       Class:  13.01 MB
        Both:  25.26 MB

MaxMetaspaceSize: unlimited
CompressedClassSpaceSize: 1.00 GB
Initial GC threshold: 21.00 MB
Current GC threshold: 35.25 MB
CDS: on
 - commit_granule_bytes: 65536.
 - commit_granule_words: 8192.
 - virtual_space_node_default_size: 8388608.
 - enlarge_chunks_in_place: 1.
 - use_allocation_guard: 0.


Internal statistics:

num_allocs_failed_limit: 3.
num_arena_births: 370.
num_arena_deaths: 0.
num_vsnodes_births: 2.
num_vsnodes_deaths: 0.
num_space_committed: 361.
num_space_uncommitted: 0.
num_chunks_returned_to_freelist: 3.
num_chunks_taken_from_freelist: 910.
num_chunk_merges: 3.
num_chunk_splits: 630.
num_chunks_enlarged: 446.
num_inconsistent_stats: 0.

CodeHeap 'non-profiled nmethods': size=120000Kb used=1075Kb max_used=1075Kb free=118924Kb
 bounds [0x0000025c1e1e0000, 0x0000025c1e450000, 0x0000025c25710000]
CodeHeap 'profiled nmethods': size=120000Kb used=4808Kb max_used=4808Kb free=115191Kb
 bounds [0x0000025c16710000, 0x0000025c16bd0000, 0x0000025c1dc40000]
CodeHeap 'non-nmethods': size=5760Kb used=1885Kb max_used=1943Kb free=3874Kb
 bounds [0x0000025c1dc40000, 0x0000025c1deb0000, 0x0000025c1e1e0000]
 total_blobs=3425 nmethods=2544 adapters=785
 compilation: enabled
              stopped_count=0, restarted_count=0
 full_count=0

Compilation events (20 events):
Event: 10.984 Thread 0x0000025c2d390ab0 nmethod 2486 0x0000025c16b9be10 code [0x0000025c16b9bfe0, 0x0000025c16b9c5e8]
Event: 10.985 Thread 0x0000025c2cf2d590 2487       4       sun.security.util.math.intpoly.IntegerPolynomialP384::carryReduce0 (588 bytes)
Event: 10.985 Thread 0x0000025c2d390ab0 2488       3       sun.security.util.math.intpoly.IntegerPolynomialP384::square (1145 bytes)
Event: 10.987 Thread 0x0000025c2d390ab0 nmethod 2488 0x0000025c16b9c890 code [0x0000025c16b9ca80, 0x0000025c16b9d8b0]
Event: 10.990 Thread 0x0000025c2cf2d590 nmethod 2487 0x0000025c1e2eb390 code [0x0000025c1e2eb520, 0x0000025c1e2eb8e8]
Event: 10.990 Thread 0x0000025c2cf2d590 2490       4       sun.security.util.math.intpoly.IntegerPolynomial::multByInt (30 bytes)
Event: 10.998 Thread 0x0000025c2cf2d590 nmethod 2490 0x0000025c1e2eba90 code [0x0000025c1e2ebc20, 0x0000025c1e2ebea0]
Event: 10.998 Thread 0x0000025c2cf2d590 2489       4       sun.security.ec.ECOperations::setDouble (463 bytes)
Event: 11.005 Thread 0x0000025c2d390ab0 2494       3       java.lang.invoke.DirectMethodHandle$Holder::newInvokeSpecial (24 bytes)
Event: 11.006 Thread 0x0000025c2d390ab0 nmethod 2494 0x0000025c16b9db90 code [0x0000025c16b9dd80, 0x0000025c16b9e400]
Event: 11.006 Thread 0x0000025c2d390ab0 2495       3       sun.security.provider.SHA2::implCompress0 (448 bytes)
Event: 11.008 Thread 0x0000025c2d390ab0 nmethod 2495 0x0000025c16b9e610 code [0x0000025c16b9e860, 0x0000025c16b9f488]
Event: 11.008 Thread 0x0000025c2d390ab0 2496       3       java.util.regex.Matcher::<init> (95 bytes)
Event: 11.009 Thread 0x0000025c2d390ab0 nmethod 2496 0x0000025c16b9fb90 code [0x0000025c16b9fd80, 0x0000025c16ba03c8]
Event: 11.013 Thread 0x0000025c2d390ab0 2497       3       sun.security.util.math.intpoly.P256OrderField::carryReduce (577 bytes)
Event: 11.014 Thread 0x0000025c2d390ab0 nmethod 2497 0x0000025c16ba0590 code [0x0000025c16ba0740, 0x0000025c16ba0c98]
Event: 11.014 Thread 0x0000025c2d390ab0 2498       3       sun.security.util.math.intpoly.P256OrderField::carryReduce0 (2216 bytes)
Event: 11.017 Thread 0x0000025c2d390ab0 nmethod 2498 0x0000025c16ba0e10 code [0x0000025c16ba0fe0, 0x0000025c16ba2250]
Event: 11.017 Thread 0x0000025c2d390ab0 2499       3       sun.security.util.math.intpoly.P256OrderField::carryReduce2 (518 bytes)
Event: 11.018 Thread 0x0000025c2d390ab0 nmethod 2499 0x0000025c16ba2390 code [0x0000025c16ba2540, 0x0000025c16ba2a90]

GC Heap History (6 events):
Event: 1.091 GC heap before
{Heap before GC invocations=0 (full 0):
 garbage-first heap   total 258048K, used 20480K [0x0000000704600000, 0x0000000800000000)
  region size 2048K, 11 young (22528K), 0 survivors (0K)
 Metaspace       used 4255K, committed 4480K, reserved 1114112K
  class space    used 450K, committed 576K, reserved 1048576K
}
Event: 1.096 GC heap after
{Heap after GC invocations=1 (full 0):
 garbage-first heap   total 258048K, used 2730K [0x0000000704600000, 0x0000000800000000)
  region size 2048K, 2 young (4096K), 2 survivors (4096K)
 Metaspace       used 4255K, committed 4480K, reserved 1114112K
  class space    used 450K, committed 576K, reserved 1048576K
}
Event: 9.260 GC heap before
{Heap before GC invocations=1 (full 0):
 garbage-first heap   total 258048K, used 39594K [0x0000000704600000, 0x0000000800000000)
  region size 2048K, 21 young (43008K), 2 survivors (4096K)
 Metaspace       used 17719K, committed 18112K, reserved 1114112K
  class space    used 2074K, committed 2240K, reserved 1048576K
}
Event: 9.270 GC heap after
{Heap after GC invocations=2 (full 0):
 garbage-first heap   total 258048K, used 8392K [0x0000000704600000, 0x0000000800000000)
  region size 2048K, 3 young (6144K), 3 survivors (6144K)
 Metaspace       used 17719K, committed 18112K, reserved 1114112K
  class space    used 2074K, committed 2240K, reserved 1048576K
}
Event: 9.735 GC heap before
{Heap before GC invocations=2 (full 0):
 garbage-first heap   total 258048K, used 26824K [0x0000000704600000, 0x0000000800000000)
  region size 2048K, 13 young (26624K), 3 survivors (6144K)
 Metaspace       used 21147K, committed 21504K, reserved 1114112K
  class space    used 2667K, committed 2816K, reserved 1048576K
}
Event: 9.746 GC heap after
{Heap after GC invocations=3 (full 0):
 garbage-first heap   total 258048K, used 10039K [0x0000000704600000, 0x0000000800000000)
  region size 2048K, 4 young (8192K), 4 survivors (8192K)
 Metaspace       used 21147K, committed 21504K, reserved 1114112K
  class space    used 2667K, committed 2816K, reserved 1048576K
}

Dll operation events (20 events):
Event: 0.731 Loaded shared library C:\Users\prabh\.openjfx\cache\21+31\amd64\api-ms-win-crt-math-l1-1-0.dll
Event: 0.735 Loaded shared library C:\Users\prabh\.openjfx\cache\21+31\amd64\api-ms-win-crt-multibyte-l1-1-0.dll
Event: 0.741 Loaded shared library C:\Users\prabh\.openjfx\cache\21+31\amd64\api-ms-win-crt-private-l1-1-0.dll
Event: 0.745 Loaded shared library C:\Users\prabh\.openjfx\cache\21+31\amd64\api-ms-win-crt-process-l1-1-0.dll
Event: 0.750 Loaded shared library C:\Users\prabh\.openjfx\cache\21+31\amd64\api-ms-win-crt-runtime-l1-1-0.dll
Event: 0.754 Loaded shared library C:\Users\prabh\.openjfx\cache\21+31\amd64\api-ms-win-crt-stdio-l1-1-0.dll
Event: 0.758 Loaded shared library C:\Users\prabh\.openjfx\cache\21+31\amd64\api-ms-win-crt-string-l1-1-0.dll
Event: 0.763 Loaded shared library C:\Users\prabh\.openjfx\cache\21+31\amd64\api-ms-win-crt-time-l1-1-0.dll
Event: 0.767 Loaded shared library C:\Users\prabh\.openjfx\cache\21+31\amd64\api-ms-win-crt-utility-l1-1-0.dll
Event: 0.794 Loaded shared library C:\Users\prabh\.openjfx\cache\21+31\amd64\ucrtbase.dll
Event: 0.800 Loaded shared library C:\Users\prabh\.openjfx\cache\21+31\amd64\vcruntime140.dll
Event: 0.805 Loaded shared library C:\Users\prabh\.openjfx\cache\21+31\amd64\vcruntime140_1.dll
Event: 0.822 Loaded shared library C:\Users\prabh\.openjfx\cache\21+31\amd64\msvcp140.dll
Event: 0.827 Loaded shared library C:\Users\prabh\.openjfx\cache\21+31\amd64\msvcp140_1.dll
Event: 0.835 Loaded shared library C:\Users\prabh\.openjfx\cache\21+31\amd64\msvcp140_2.dll
Event: 0.915 Loaded shared library C:\Users\prabh\.openjfx\cache\21+31\amd64\prism_d3d.dll
Event: 0.973 Loaded shared library C:\Users\prabh\.openjfx\cache\21+31\amd64\glass.dll
Event: 1.136 Loaded shared library C:\Program Files\Java\jdk-21.0.2\bin\jimage.dll
Event: 8.646 Loaded shared library C:\Program Files\Java\jdk-21.0.2\bin\sunmscapi.dll
Event: 9.230 Loaded shared library C:\Users\prabh\.openjfx\cache\21+31\amd64\javafx_font.dll

Deoptimization events (20 events):
Event: 10.976 Thread 0x0000025c78b2a3e0 DEOPT PACKING pc=0x0000025c1e2e51a0 sp=0x000000788c9fd8a0
Event: 10.976 Thread 0x0000025c78b2a3e0 DEOPT UNPACKING pc=0x0000025c1dc946a2 sp=0x000000788c9fd788 mode 2
Event: 10.976 Thread 0x0000025c78b2a3e0 Uncommon trap: trap_request=0xffffff66 fr.pc=0x0000025c1e298fe4 relative=0x0000000000003544
Event: 10.976 Thread 0x0000025c78b2a3e0 Uncommon trap: reason=speculate_class_check action=maybe_recompile pc=0x0000025c1e298fe4 method=sun.security.util.math.intpoly.IntegerPolynomial.multByInt([JJ)V @ 26 c2
Event: 10.976 Thread 0x0000025c78b2a3e0 DEOPT PACKING pc=0x0000025c1e298fe4 sp=0x000000788c9fd900
Event: 10.976 Thread 0x0000025c78b2a3e0 DEOPT UNPACKING pc=0x0000025c1dc946a2 sp=0x000000788c9fd788 mode 2
Event: 10.978 Thread 0x0000025c78b2a3e0 DEOPT PACKING pc=0x0000025c16b94c44 sp=0x000000788c9fd830
Event: 10.978 Thread 0x0000025c78b2a3e0 DEOPT UNPACKING pc=0x0000025c1dc94e42 sp=0x000000788c9fccc0 mode 0
Event: 10.985 Thread 0x0000025c78b2a3e0 DEOPT PACKING pc=0x0000025c16b94c44 sp=0x000000788c9fd830
Event: 10.986 Thread 0x0000025c78b2a3e0 DEOPT UNPACKING pc=0x0000025c1dc94e42 sp=0x000000788c9fccc0 mode 0
Event: 10.988 Thread 0x0000025c78b2a3e0 DEOPT PACKING pc=0x0000025c16b94c44 sp=0x000000788c9fd830
Event: 10.988 Thread 0x0000025c78b2a3e0 DEOPT UNPACKING pc=0x0000025c1dc94e42 sp=0x000000788c9fccc0 mode 0
Event: 10.990 Thread 0x0000025c78b2a3e0 DEOPT PACKING pc=0x0000025c16b94c44 sp=0x000000788c9fd910
Event: 10.991 Thread 0x0000025c78b2a3e0 DEOPT UNPACKING pc=0x0000025c1dc94e42 sp=0x000000788c9fcda0 mode 0
Event: 10.992 Thread 0x0000025c78b2a3e0 DEOPT PACKING pc=0x0000025c16b94c44 sp=0x000000788c9fd910
Event: 10.993 Thread 0x0000025c78b2a3e0 DEOPT UNPACKING pc=0x0000025c1dc94e42 sp=0x000000788c9fcda0 mode 0
Event: 10.995 Thread 0x0000025c78b2a3e0 DEOPT PACKING pc=0x0000025c16b94c44 sp=0x000000788c9fd830
Event: 10.995 Thread 0x0000025c78b2a3e0 DEOPT UNPACKING pc=0x0000025c1dc94e42 sp=0x000000788c9fccc0 mode 0
Event: 10.996 Thread 0x0000025c78b2a3e0 DEOPT PACKING pc=0x0000025c16b94c44 sp=0x000000788c9fd830
Event: 10.996 Thread 0x0000025c78b2a3e0 DEOPT UNPACKING pc=0x0000025c1dc94e42 sp=0x000000788c9fccc0 mode 0

Classes loaded (20 events):
Event: 10.954 Loading class sun/security/provider/certpath/KeyChecker
Event: 10.954 Loading class sun/security/provider/certpath/KeyChecker done
Event: 10.955 Loading class sun/security/provider/certpath/ConstraintsChecker
Event: 10.955 Loading class sun/security/provider/certpath/ConstraintsChecker done
Event: 10.955 Loading class sun/security/provider/certpath/PolicyNodeImpl
Event: 10.955 Loading class java/security/cert/PolicyNode
Event: 10.955 Loading class java/security/cert/PolicyNode done
Event: 10.955 Loading class sun/security/provider/certpath/PolicyNodeImpl done
Event: 10.955 Loading class sun/security/provider/certpath/PolicyChecker
Event: 10.956 Loading class sun/security/provider/certpath/PolicyChecker done
Event: 10.956 Loading class sun/security/provider/certpath/BasicChecker
Event: 10.956 Loading class sun/security/provider/certpath/BasicChecker done
Event: 10.956 Loading class sun/security/provider/certpath/PKIXMasterCertPathValidator
Event: 10.956 Loading class sun/security/provider/certpath/PKIXMasterCertPathValidator done
Event: 10.957 Loading class sun/security/provider/certpath/CertPathConstraintsParameters
Event: 10.957 Loading class sun/security/util/ConstraintsParameters
Event: 10.957 Loading class sun/security/util/ConstraintsParameters done
Event: 10.957 Loading class sun/security/provider/certpath/CertPathConstraintsParameters done
Event: 11.009 Loading class sun/security/util/math/IntegerModuloP$MultiplicativeInverser$Secp256R1Field
Event: 11.009 Loading class sun/security/util/math/IntegerModuloP$MultiplicativeInverser$Secp256R1Field done

Classes unloaded (0 events):
No events

Classes redefined (0 events):
No events

Internal exceptions (20 events):
Event: 9.167 Thread 0x0000025c2d381b10 Exception <a 'java/lang/NoSuchMethodError'{0x0000000711da86c8}: 'double java.lang.invoke.DelegatingMethodHandle$Holder.reinvoke_L(java.lang.Object, java.lang.Object, int)'> (0x0000000711da86c8) 
thrown [s\open\src\hotspot\share\interpreter\linkResolver.cpp, line 773]
Event: 9.169 Thread 0x0000025c2d381b10 Exception <a 'java/lang/NoSuchMethodError'{0x0000000711dba108}: 'java.lang.Object java.lang.invoke.DirectMethodHandle$Holder.invokeStatic(java.lang.Object, java.lang.Object, java.lang.Object, java.lang.Object, int)'> (0x0000000711dba108) 
thrown [s\open\src\hotspot\share\interpreter\linkResolver.cpp, line 773]
Event: 9.170 Thread 0x0000025c2d381b10 Exception <a 'java/lang/NoSuchMethodError'{0x0000000711dc52b8}: 'java.lang.Object java.lang.invoke.DelegatingMethodHandle$Holder.reinvoke_L(java.lang.Object, double, double, double, double)'> (0x0000000711dc52b8) 
thrown [s\open\src\hotspot\share\interpreter\linkResolver.cpp, line 773]
Event: 9.172 Thread 0x0000025c2d381b10 Exception <a 'java/lang/NoSuchMethodError'{0x0000000711dd39a8}: 'java.lang.Object java.lang.invoke.DirectMethodHandle$Holder.invokeStatic(java.lang.Object, java.lang.Object, int)'> (0x0000000711dd39a8) 
thrown [s\open\src\hotspot\share\interpreter\linkResolver.cpp, line 773]
Event: 9.173 Thread 0x0000025c2d381b10 Exception <a 'java/lang/NoSuchMethodError'{0x0000000711dd7db0}: 'void java.lang.invoke.DirectMethodHandle$Holder.invokeStatic(java.lang.Object, java.lang.Object, int, java.lang.Object)'> (0x0000000711dd7db0) 
thrown [s\open\src\hotspot\share\interpreter\linkResolver.cpp, line 773]
Event: 9.173 Thread 0x0000025c2d381b10 Exception <a 'java/lang/NoSuchMethodError'{0x0000000711dde820}: 'void java.lang.invoke.DelegatingMethodHandle$Holder.delegate(java.lang.Object, java.lang.Object, int, java.lang.Object)'> (0x0000000711dde820) 
thrown [s\open\src\hotspot\share\interpreter\linkResolver.cpp, line 773]
Event: 9.174 Thread 0x0000025c2d381b10 Exception <a 'java/lang/NoSuchMethodError'{0x0000000711de2588}: 'int java.lang.invoke.DirectMethodHandle$Holder.invokeSpecial(java.lang.Object, java.lang.Object, java.lang.Object)'> (0x0000000711de2588) 
thrown [s\open\src\hotspot\share\interpreter\linkResolver.cpp, line 773]
Event: 9.204 Thread 0x0000025c2d381b10 Exception <a 'java/lang/ClassNotFoundException'{0x0000000711af29d0}: com/sun/glass/ui/win/themes> (0x0000000711af29d0) 
thrown [s\open\src\hotspot\share\prims\jni.cpp, line 539]
Event: 9.204 Thread 0x0000025c2d381b10 Exception <a 'java/lang/ClassNotFoundException'{0x0000000711afa738}: com/sun/glass/ui/win/themes_en> (0x0000000711afa738) 
thrown [s\open\src\hotspot\share\prims\jni.cpp, line 539]
Event: 9.205 Thread 0x0000025c2d381b10 Exception <a 'java/lang/ClassNotFoundException'{0x0000000711b02560}: com/sun/glass/ui/win/themes_en_GB> (0x0000000711b02560) 
thrown [s\open\src\hotspot\share\prims\jni.cpp, line 539]
Event: 9.370 Thread 0x0000025c2d381b10 Exception <a 'java/lang/NoSuchMethodError'{0x0000000713d26c10}: 'void java.lang.invoke.DirectMethodHandle$Holder.invokeSpecial(java.lang.Object, java.lang.Object, double)'> (0x0000000713d26c10) 
thrown [s\open\src\hotspot\share\interpreter\linkResolver.cpp, line 773]
Event: 9.371 Thread 0x0000025c2d381b10 Exception <a 'java/lang/NoSuchMethodError'{0x0000000713d2db28}: 'void java.lang.invoke.DelegatingMethodHandle$Holder.reinvoke_L(java.lang.Object, java.lang.Object, double)'> (0x0000000713d2db28) 
thrown [s\open\src\hotspot\share\interpreter\linkResolver.cpp, line 773]
Event: 9.448 Thread 0x0000025c2d381b10 Implicit null exception at 0x0000025c1e2b2f20 to 0x0000025c1e2b3180
Event: 9.531 Thread 0x0000025c2d381b10 Implicit null exception at 0x0000025c1e2b1420 to 0x0000025c1e2b167c
Event: 9.533 Thread 0x0000025c2d381b10 Implicit null exception at 0x0000025c1e206e40 to 0x0000025c1e206ec5
Event: 9.582 Thread 0x0000025c2d381b10 Exception <a 'java/lang/IncompatibleClassChangeError'{0x0000000713362160}: Found class java.lang.Object, but interface was expected> (0x0000000713362160) 
thrown [s\open\src\hotspot\share\interpreter\linkResolver.cpp, line 840]
Event: 9.626 Thread 0x0000025c2d381b10 Exception <a 'java/lang/NoSuchMethodError'{0x00000007130fda40}: 'int java.lang.invoke.DirectMethodHandle$Holder.invokeSpecial(java.lang.Object, java.lang.Object, int)'> (0x00000007130fda40) 
thrown [s\open\src\hotspot\share\interpreter\linkResolver.cpp, line 773]
Event: 9.627 Thread 0x0000025c2d381b10 Exception <a 'java/lang/NoSuchMethodError'{0x00000007131049d0}: 'int java.lang.invoke.DirectMethodHandle$Holder.invokeSpecial(java.lang.Object, java.lang.Object, java.lang.Object, int)'> (0x00000007131049d0) 
thrown [s\open\src\hotspot\share\interpreter\linkResolver.cpp, line 773]
Event: 9.645 Thread 0x0000025c2d381b10 Exception <a 'java/lang/NoSuchMethodError'{0x00000007131756f8}: 'java.lang.Object java.lang.invoke.DirectMethodHandle$Holder.newInvokeSpecial(java.lang.Object, java.lang.Object, int)'> (0x00000007131756f8) 
thrown [s\open\src\hotspot\share\interpreter\linkResolver.cpp, line 773]
Event: 9.723 Thread 0x0000025c2d380760 Exception <a 'java/lang/NoSuchMethodError'{0x0000000712e20a68}: 'int java.lang.invoke.DirectMethodHandle$Holder.invokeStaticInit(java.lang.Object, java.lang.Object)'> (0x0000000712e20a68) 
thrown [s\open\src\hotspot\share\interpreter\linkResolver.cpp, line 773]

ZGC Phase Switch (0 events):
No events

VM Operations (20 events):
Event: 8.579 Executing VM operation: HandshakeAllThreads (Deoptimize)
Event: 8.579 Executing VM operation: HandshakeAllThreads (Deoptimize) done
Event: 8.830 Executing VM operation: HandshakeAllThreads (Deoptimize)
Event: 8.830 Executing VM operation: HandshakeAllThreads (Deoptimize) done
Event: 8.985 Executing VM operation: ICBufferFull
Event: 8.986 Executing VM operation: ICBufferFull done
Event: 9.165 Executing VM operation: HandshakeAllThreads (Deoptimize)
Event: 9.165 Executing VM operation: HandshakeAllThreads (Deoptimize) done
Event: 9.172 Executing VM operation: HandshakeAllThreads (Deoptimize)
Event: 9.172 Executing VM operation: HandshakeAllThreads (Deoptimize) done
Event: 9.260 Executing VM operation: G1CollectForAllocation (G1 Evacuation Pause)
Event: 9.270 Executing VM operation: G1CollectForAllocation (G1 Evacuation Pause) done
Event: 9.735 Executing VM operation: CollectForMetadataAllocation (Metadata GC Threshold)
Event: 9.746 Executing VM operation: CollectForMetadataAllocation (Metadata GC Threshold) done
Event: 9.759 Executing VM operation: G1PauseRemark
Event: 9.761 Executing VM operation: G1PauseRemark done
Event: 9.765 Executing VM operation: G1PauseCleanup
Event: 9.765 Executing VM operation: G1PauseCleanup done
Event: 10.766 Executing VM operation: Cleanup
Event: 10.766 Executing VM operation: Cleanup done

Events (20 events):
Event: 0.350 Thread 0x0000025c2d648ac0 Thread added: 0x0000025c2d648ac0
Event: 0.418 Thread 0x0000025c2d383550 Thread added: 0x0000025c2d383550
Event: 0.418 Thread 0x0000025c2d382830 Thread added: 0x0000025c2d382830
Event: 0.892 Thread 0x0000025c2d380760 Thread added: 0x0000025c2d380760
Event: 0.974 Thread 0x0000025c2d648ac0 Thread exited: 0x0000025c2d648ac0
Event: 0.974 Thread 0x0000025c2d533a10 Thread exited: 0x0000025c2d533a10
Event: 0.976 Thread 0x0000025c2d380df0 Thread added: 0x0000025c2d380df0
Event: 0.983 Thread 0x0000025c2d381b10 Thread added: 0x0000025c2d381b10
Event: 1.106 Thread 0x0000025c2d3821a0 Thread added: 0x0000025c2d3821a0
Event: 1.130 Thread 0x0000025c78b289a0 Thread added: 0x0000025c78b289a0
Event: 8.224 Thread 0x0000025c78b296c0 Thread added: 0x0000025c78b296c0
Event: 8.276 Thread 0x0000025c2db3ebd0 Thread added: 0x0000025c2db3ebd0
Event: 8.729 Thread 0x0000025c2d89c060 Thread added: 0x0000025c2d89c060
Event: 8.982 Thread 0x0000025c78b2a3e0 Thread added: 0x0000025c78b2a3e0
Event: 8.986 Thread 0x0000025c78b268d0 Thread added: 0x0000025c78b268d0
Event: 9.576 Thread 0x0000025c78b29030 Thread added: 0x0000025c78b29030
Event: 9.724 Thread 0x0000025c2d89c060 Thread exited: 0x0000025c2d89c060
Event: 9.746 Thread 0x0000025c2db3ebd0 Thread exited: 0x0000025c2db3ebd0
Event: 9.789 Thread 0x0000025c78b28310 Thread added: 0x0000025c78b28310
Event: 10.953 Thread 0x0000025c2db3ebd0 Thread added: 0x0000025c2db3ebd0


Dynamic libraries:
0x00007ff6ebc70000 - 0x00007ff6ebc80000 	C:\Program Files\Java\jdk-21.0.2\bin\java.exe
0x00007ff8475f0000 - 0x00007ff847807000 	C:\WINDOWS\SYSTEM32\ntdll.dll
0x00007ff846210000 - 0x00007ff8462d4000 	C:\WINDOWS\System32\KERNEL32.DLL
0x00007ff844a60000 - 0x00007ff844e19000 	C:\WINDOWS\System32\KERNELBASE.dll
0x00007ff8451f0000 - 0x00007ff845301000 	C:\WINDOWS\System32\ucrtbase.dll
0x00007ff83a120000 - 0x00007ff83a139000 	C:\Program Files\Java\jdk-21.0.2\bin\jli.dll
0x00007ff845310000 - 0x00007ff8453c2000 	C:\WINDOWS\System32\ADVAPI32.dll
0x00007ff846070000 - 0x00007ff846117000 	C:\WINDOWS\System32\msvcrt.dll
0x00007ff846970000 - 0x00007ff846a17000 	C:\WINDOWS\System32\sechost.dll
0x00007ff844ee0000 - 0x00007ff844f08000 	C:\WINDOWS\System32\bcrypt.dll
0x00007ff846370000 - 0x00007ff846484000 	C:\WINDOWS\System32\RPCRT4.dll
0x00007ff845a20000 - 0x00007ff845bce000 	C:\WINDOWS\System32\USER32.dll
0x00007ff8450a0000 - 0x00007ff8450c6000 	C:\WINDOWS\System32\win32u.dll
0x00007ff8459d0000 - 0x00007ff8459f9000 	C:\WINDOWS\System32\GDI32.dll
0x00007ff844f80000 - 0x00007ff84509b000 	C:\WINDOWS\System32\gdi32full.dll
0x00007ff8450d0000 - 0x00007ff84516a000 	C:\WINDOWS\System32\msvcp_win.dll
0x00007ff8386b0000 - 0x00007ff8386cb000 	C:\Program Files\Java\jdk-21.0.2\bin\VCRUNTIME140.dll
0x00007ff825490000 - 0x00007ff825722000 	C:\WINDOWS\WinSxS\amd64_microsoft.windows.common-controls_6595b64144ccf1df_6.0.22621.4391_none_2715d37f73803e96\COMCTL32.dll
0x00007ff837ad0000 - 0x00007ff837ada000 	C:\WINDOWS\SYSTEM32\VERSION.dll
0x00007ff846510000 - 0x00007ff846541000 	C:\WINDOWS\System32\IMM32.DLL
0x00007ff82a920000 - 0x00007ff82aa81000 	C:\Program Files (x86)\Citrix\ICA Client\ctxapclient64.dll
0x00007ff845630000 - 0x00007ff8459bf000 	C:\WINDOWS\System32\combase.dll
0x00007ff843a40000 - 0x00007ff843a74000 	C:\WINDOWS\SYSTEM32\ntmarta.dll
0x0000025c0d9e0000 - 0x0000025c0da5b000 	C:\WINDOWS\System32\bcryptprimitives.dll
0x00007ff82a820000 - 0x00007ff82a85a000 	C:\Program Files (x86)\Citrix\ICA Client\Receiver\FeatureFlagHelper64.dll
0x00007ff83b0c0000 - 0x00007ff83b0cc000 	C:\Program Files\Java\jdk-21.0.2\bin\vcruntime140_1.dll
0x00007ff813280000 - 0x00007ff81330e000 	C:\Program Files\Java\jdk-21.0.2\bin\msvcp140.dll
0x00007fffd8ee0000 - 0x00007fffd9bf7000 	C:\Program Files\Java\jdk-21.0.2\bin\server\jvm.dll
0x00007ff8462f0000 - 0x00007ff846361000 	C:\WINDOWS\System32\WS2_32.dll
0x00007ff8447c0000 - 0x00007ff84480d000 	C:\WINDOWS\SYSTEM32\POWRPROF.dll
0x00007ff83b530000 - 0x00007ff83b564000 	C:\WINDOWS\SYSTEM32\WINMM.dll
0x00007ff8447a0000 - 0x00007ff8447b3000 	C:\WINDOWS\SYSTEM32\UMPDC.dll
0x00007ff8438d0000 - 0x00007ff8438e8000 	C:\WINDOWS\SYSTEM32\kernel.appcore.dll
0x00007ff83a070000 - 0x00007ff83a07a000 	C:\Program Files\Java\jdk-21.0.2\bin\jimage.dll
0x00007ff83e320000 - 0x00007ff83e552000 	C:\WINDOWS\SYSTEM32\DBGHELP.DLL
0x00007ff8474d0000 - 0x00007ff8475a7000 	C:\WINDOWS\System32\OLEAUT32.dll
0x00007ff838650000 - 0x00007ff838682000 	C:\WINDOWS\SYSTEM32\dbgcore.DLL
0x00007ff82f210000 - 0x00007ff82f21f000 	C:\Program Files\Java\jdk-21.0.2\bin\instrument.dll
0x00007ff836980000 - 0x00007ff83699f000 	C:\Program Files\Java\jdk-21.0.2\bin\java.dll
0x00007ff846c50000 - 0x00007ff8474c6000 	C:\WINDOWS\System32\SHELL32.dll
0x00007ff842830000 - 0x00007ff843133000 	C:\WINDOWS\SYSTEM32\windows.storage.dll
0x00007ff8426f0000 - 0x00007ff84282f000 	C:\WINDOWS\SYSTEM32\wintypes.dll
0x00007ff8466b0000 - 0x00007ff8467a9000 	C:\WINDOWS\System32\SHCORE.dll
0x00007ff846120000 - 0x00007ff84617e000 	C:\WINDOWS\System32\shlwapi.dll
0x00007ff844820000 - 0x00007ff84484b000 	C:\WINDOWS\SYSTEM32\profapi.dll
0x00007ff810870000 - 0x00007ff810947000 	C:\Program Files\Java\jdk-21.0.2\bin\jsvml.dll
0x00007ff836890000 - 0x00007ff8368a0000 	C:\Program Files\Java\jdk-21.0.2\bin\net.dll
0x00007ff839ac0000 - 0x00007ff839bf6000 	C:\WINDOWS\SYSTEM32\WINHTTP.dll
0x00007ff843db0000 - 0x00007ff843e19000 	C:\WINDOWS\system32\mswsock.dll
0x00007ff8359c0000 - 0x00007ff8359d6000 	C:\Program Files\Java\jdk-21.0.2\bin\nio.dll
0x00007ff82f220000 - 0x00007ff82f238000 	C:\Program Files\Java\jdk-21.0.2\bin\zip.dll
0x00007ff82b270000 - 0x00007ff82b28a000 	D:\IntelliJ IDEA 2024.2.4\bin\breakgen64.dll
0x0000025c2df90000 - 0x0000025c2df93000 	C:\Users\prabh\.openjfx\cache\21+31\amd64\api-ms-win-core-console-l1-1-0.dll
0x0000025c2dfa0000 - 0x0000025c2dfa3000 	C:\Users\prabh\.openjfx\cache\21+31\amd64\api-ms-win-core-console-l1-2-0.dll
0x0000025c2dfb0000 - 0x0000025c2dfb3000 	C:\Users\prabh\.openjfx\cache\21+31\amd64\api-ms-win-core-datetime-l1-1-0.dll
0x0000025c2dfc0000 - 0x0000025c2dfc3000 	C:\Users\prabh\.openjfx\cache\21+31\amd64\api-ms-win-core-debug-l1-1-0.dll
0x0000025c2dfd0000 - 0x0000025c2dfd3000 	C:\Users\prabh\.openjfx\cache\21+31\amd64\api-ms-win-core-errorhandling-l1-1-0.dll
0x0000025c2dfe0000 - 0x0000025c2dfe4000 	C:\Users\prabh\.openjfx\cache\21+31\amd64\api-ms-win-core-file-l1-1-0.dll
0x0000025c2dff0000 - 0x0000025c2dff3000 	C:\Users\prabh\.openjfx\cache\21+31\amd64\api-ms-win-core-file-l1-2-0.dll
0x0000025c73000000 - 0x0000025c73003000 	C:\Users\prabh\.openjfx\cache\21+31\amd64\api-ms-win-core-file-l2-1-0.dll
0x0000025c73010000 - 0x0000025c73013000 	C:\Users\prabh\.openjfx\cache\21+31\amd64\api-ms-win-core-handle-l1-1-0.dll
0x0000025c73020000 - 0x0000025c73023000 	C:\Users\prabh\.openjfx\cache\21+31\amd64\api-ms-win-core-heap-l1-1-0.dll
0x0000025c73030000 - 0x0000025c73033000 	C:\Users\prabh\.openjfx\cache\21+31\amd64\api-ms-win-core-interlocked-l1-1-0.dll
0x0000025c73040000 - 0x0000025c73043000 	C:\Users\prabh\.openjfx\cache\21+31\amd64\api-ms-win-core-libraryloader-l1-1-0.dll
0x0000025c73050000 - 0x0000025c73053000 	C:\Users\prabh\.openjfx\cache\21+31\amd64\api-ms-win-core-localization-l1-2-0.dll
0x0000025c73060000 - 0x0000025c73063000 	C:\Users\prabh\.openjfx\cache\21+31\amd64\api-ms-win-core-memory-l1-1-0.dll
0x0000025c73070000 - 0x0000025c73073000 	C:\Users\prabh\.openjfx\cache\21+31\amd64\api-ms-win-core-namedpipe-l1-1-0.dll
0x0000025c73080000 - 0x0000025c73083000 	C:\Users\prabh\.openjfx\cache\21+31\amd64\api-ms-win-core-processenvironment-l1-1-0.dll
0x0000025c73090000 - 0x0000025c73093000 	C:\Users\prabh\.openjfx\cache\21+31\amd64\api-ms-win-core-processthreads-l1-1-0.dll
0x0000025c730a0000 - 0x0000025c730a3000 	C:\Users\prabh\.openjfx\cache\21+31\amd64\api-ms-win-core-processthreads-l1-1-1.dll
0x0000025c730b0000 - 0x0000025c730b3000 	C:\Users\prabh\.openjfx\cache\21+31\amd64\api-ms-win-core-profile-l1-1-0.dll
0x0000025c730c0000 - 0x0000025c730c3000 	C:\Users\prabh\.openjfx\cache\21+31\amd64\api-ms-win-core-rtlsupport-l1-1-0.dll
0x0000025c730d0000 - 0x0000025c730d3000 	C:\Users\prabh\.openjfx\cache\21+31\amd64\api-ms-win-core-string-l1-1-0.dll
0x0000025c730e0000 - 0x0000025c730e3000 	C:\Users\prabh\.openjfx\cache\21+31\amd64\api-ms-win-core-synch-l1-1-0.dll
0x0000025c730f0000 - 0x0000025c730f3000 	C:\Users\prabh\.openjfx\cache\21+31\amd64\api-ms-win-core-synch-l1-2-0.dll
0x0000025c73100000 - 0x0000025c73103000 	C:\Users\prabh\.openjfx\cache\21+31\amd64\api-ms-win-core-sysinfo-l1-1-0.dll
0x0000025c73110000 - 0x0000025c73113000 	C:\Users\prabh\.openjfx\cache\21+31\amd64\api-ms-win-core-timezone-l1-1-0.dll
0x0000025c73120000 - 0x0000025c73123000 	C:\Users\prabh\.openjfx\cache\21+31\amd64\api-ms-win-core-util-l1-1-0.dll
0x0000025c73130000 - 0x0000025c73133000 	C:\Users\prabh\.openjfx\cache\21+31\amd64\api-ms-win-crt-conio-l1-1-0.dll
0x0000025c73140000 - 0x0000025c73144000 	C:\Users\prabh\.openjfx\cache\21+31\amd64\api-ms-win-crt-convert-l1-1-0.dll
0x0000025c73150000 - 0x0000025c73153000 	C:\Users\prabh\.openjfx\cache\21+31\amd64\api-ms-win-crt-environment-l1-1-0.dll
0x0000025c73160000 - 0x0000025c73163000 	C:\Users\prabh\.openjfx\cache\21+31\amd64\api-ms-win-crt-filesystem-l1-1-0.dll
0x0000025c73170000 - 0x0000025c73173000 	C:\Users\prabh\.openjfx\cache\21+31\amd64\api-ms-win-crt-heap-l1-1-0.dll
0x0000025c73180000 - 0x0000025c73183000 	C:\Users\prabh\.openjfx\cache\21+31\amd64\api-ms-win-crt-locale-l1-1-0.dll
0x0000025c73190000 - 0x0000025c73195000 	C:\Users\prabh\.openjfx\cache\21+31\amd64\api-ms-win-crt-math-l1-1-0.dll
0x0000025c731a0000 - 0x0000025c731a5000 	C:\Users\prabh\.openjfx\cache\21+31\amd64\api-ms-win-crt-multibyte-l1-1-0.dll
0x0000025c731b0000 - 0x0000025c731c0000 	C:\Users\prabh\.openjfx\cache\21+31\amd64\api-ms-win-crt-private-l1-1-0.dll
0x0000025c731c0000 - 0x0000025c731c3000 	C:\Users\prabh\.openjfx\cache\21+31\amd64\api-ms-win-crt-process-l1-1-0.dll
0x0000025c731d0000 - 0x0000025c731d4000 	C:\Users\prabh\.openjfx\cache\21+31\amd64\api-ms-win-crt-runtime-l1-1-0.dll
0x0000025c731e0000 - 0x0000025c731e4000 	C:\Users\prabh\.openjfx\cache\21+31\amd64\api-ms-win-crt-stdio-l1-1-0.dll
0x0000025c731f0000 - 0x0000025c731f4000 	C:\Users\prabh\.openjfx\cache\21+31\amd64\api-ms-win-crt-string-l1-1-0.dll
0x0000025c73200000 - 0x0000025c73203000 	C:\Users\prabh\.openjfx\cache\21+31\amd64\api-ms-win-crt-time-l1-1-0.dll
0x0000025c73210000 - 0x0000025c73213000 	C:\Users\prabh\.openjfx\cache\21+31\amd64\api-ms-win-crt-utility-l1-1-0.dll
0x00007ff80e800000 - 0x00007ff80e8fc000 	C:\Users\prabh\.openjfx\cache\21+31\amd64\ucrtbase.dll
0x00007ff82a5b0000 - 0x00007ff82a5cb000 	C:\Users\prabh\.openjfx\cache\21+31\amd64\vcruntime140.dll
0x00007ff82b260000 - 0x00007ff82b26c000 	C:\Users\prabh\.openjfx\cache\21+31\amd64\vcruntime140_1.dll
0x00007ff8118a0000 - 0x00007ff81192e000 	C:\Users\prabh\.openjfx\cache\21+31\amd64\msvcp140.dll
0x0000025c73220000 - 0x0000025c733c5000 	C:\WINDOWS\System32\ole32.dll
0x00007ff829d70000 - 0x00007ff829d79000 	C:\Users\prabh\.openjfx\cache\21+31\amd64\msvcp140_1.dll
0x00007ff829d40000 - 0x00007ff829d6f000 	C:\Users\prabh\.openjfx\cache\21+31\amd64\msvcp140_2.dll
0x00007ff828f80000 - 0x00007ff828faf000 	C:\Users\prabh\.openjfx\cache\21+31\amd64\prism_d3d.dll
0x00007ff80ff20000 - 0x00007ff8100c8000 	C:\WINDOWS\system32\d3d9.dll
0x00007ff83e7e0000 - 0x00007ff83e80b000 	C:\WINDOWS\SYSTEM32\dwmapi.dll
0x00007ff83e590000 - 0x00007ff83e5c7000 	C:\WINDOWS\SYSTEM32\dxcore.dll
0x00007ff83e140000 - 0x00007ff83e1f1000 	C:\WINDOWS\system32\uxtheme.dll
0x00007ff800f30000 - 0x00007ff8010dd000 	C:\WINDOWS\System32\DriverStore\FileRepository\iigd_dch.inf_amd64_306090fd1d6bb4fa\igdumdim64.dll
0x00007fffd5e30000 - 0x00007fffd8ed4000 	C:\WINDOWS\System32\DriverStore\FileRepository\iigd_dch.inf_amd64_306090fd1d6bb4fa\igd9dxva64.dll
0x0000025c734c0000 - 0x0000025c73934000 	C:\WINDOWS\System32\SETUPAPI.dll
0x00007ff8444f0000 - 0x00007ff84453e000 	C:\WINDOWS\SYSTEM32\cfgmgr32.dll
0x00007ff831ad0000 - 0x00007ff831ed9000 	C:\WINDOWS\System32\DriverStore\FileRepository\iigd_dch.inf_amd64_306090fd1d6bb4fa\igdgmm64.dll
0x00007ff8390b0000 - 0x00007ff8390f9000 	C:\WINDOWS\SYSTEM32\directxdatabasehelper.dll
0x00007ff827720000 - 0x00007ff827762000 	C:\Users\prabh\.openjfx\cache\21+31\amd64\glass.dll
0x00007ff846870000 - 0x00007ff84696f000 	C:\WINDOWS\System32\COMDLG32.dll
0x0000025c74340000 - 0x0000025c744a0000 	C:\WINDOWS\System32\MSCTF.dll
0x00007ff83b690000 - 0x00007ff83b6b7000 	C:\WINDOWS\System32\DriverStore\FileRepository\iigd_dch.inf_amd64_306090fd1d6bb4fa\igdinfo64.dll
0x00007ff844000000 - 0x00007ff84401b000 	C:\WINDOWS\SYSTEM32\CRYPTSP.dll
0x00007ff843890000 - 0x00007ff8438c5000 	C:\WINDOWS\system32\rsaenh.dll
0x00007ff844020000 - 0x00007ff84402c000 	C:\WINDOWS\SYSTEM32\CRYPTBASE.dll
0x00007ffff3a00000 - 0x00007ffff7196000 	C:\WINDOWS\System32\DriverStore\FileRepository\iigd_dch.inf_amd64_306090fd1d6bb4fa\igc64.dll
0x00007ff843410000 - 0x00007ff843512000 	C:\WINDOWS\SYSTEM32\DNSAPI.dll
0x00007ff8433a0000 - 0x00007ff8433cd000 	C:\WINDOWS\SYSTEM32\IPHLPAPI.DLL
0x00007ff8467b0000 - 0x00007ff8467b9000 	C:\WINDOWS\System32\NSI.dll
0x00007ff837e20000 - 0x00007ff837e2a000 	C:\Windows\System32\rasadhlp.dll
0x00007ff8393d0000 - 0x00007ff839453000 	C:\WINDOWS\System32\fwpuclnt.dll
0x00007ff843ea0000 - 0x00007ff843ec8000 	C:\WINDOWS\SYSTEM32\USERENV.dll
0x00007ff82d790000 - 0x00007ff82d79e000 	C:\Program Files\Java\jdk-21.0.2\bin\sunmscapi.dll
0x00007ff8448f0000 - 0x00007ff844a56000 	C:\WINDOWS\System32\CRYPT32.dll
0x00007ff8441c0000 - 0x00007ff8441ed000 	C:\WINDOWS\SYSTEM32\ncrypt.dll

dbghelp: loaded successfully - version: 4.0.5 - missing functions: none
symbol engine: initialized successfully - sym options: 0x614 - pdb path: .;C:\Program Files\Java\jdk-21.0.2\bin;C:\WINDOWS\SYSTEM32;C:\WINDOWS\WinSxS\amd64_microsoft.windows.common-controls_6595b64144ccf1df_6.0.22621.4391_none_2715d37f73803e96;C:\Program Files (x86)\Citrix\ICA Client;C:\Program Files (x86)\Citrix\ICA Client\Receiver;C:\Program Files\Java\jdk-21.0.2\bin\server;D:\IntelliJ IDEA 2024.2.4\bin;C:\Users\prabh\.openjfx\cache\21+31\amd64;C:\WINDOWS\System32\DriverStore\FileRepository\iigd_dch.inf_amd64_306090fd1d6bb4fa;C:\Program Files\Common Files\Microsoft Shared\Ink

VM Arguments:
jvm_args: -javaagent:D:\IntelliJ IDEA 2024.2.4\lib\idea_rt.jar=50528:D:\IntelliJ IDEA 2024.2.4\bin -Dfile.encoding=UTF-8 -Dsun.stdout.encoding=UTF-8 -Dsun.stderr.encoding=UTF-8 --module-path=C:\Users\prabh\.m2\repository\com\google\code\gson\gson\2.8.9\gson-2.8.9.jar;C:\Users\prabh\.m2\repository\org\openjfx\javafx-controls\21\javafx-controls-21-win.jar;C:\Users\prabh\.m2\repository\org\openjfx\javafx-fxml\21\javafx-fxml-21-win.jar;C:\Users\prabh\.m2\repository\com\mysql\mysql-connector-j\8.0.33\mysql-connector-j-8.0.33.jar;C:\Users\prabh\IdeaProjects\OOD5\target\classes;C:\Users\prabh\.m2\repository\org\openjfx\javafx-base\21\javafx-base-21-win.jar;C:\Users\prabh\.m2\repository\org\openjfx\javafx-graphics\21\javafx-graphics-21-win.jar -Djdk.module.main=org.example.ood5 
java_command: org.example.ood5/Main.Main
java_class_path (initial): C:\Users\prabh\.m2\repository\org\openjfx\javafx-controls\21\javafx-controls-21.jar;C:\Users\prabh\.m2\repository\org\openjfx\javafx-graphics\21\javafx-graphics-21.jar;C:\Users\prabh\.m2\repository\org\openjfx\javafx-base\21\javafx-base-21.jar;C:\Users\prabh\.m2\repository\org\openjfx\javafx-fxml\21\javafx-fxml-21.jar;C:\Users\prabh\.m2\repository\com\google\protobuf\protobuf-java\3.21.9\protobuf-java-3.21.9.jar
Launcher Type: SUN_STANDARD

[Global flags]
     intx CICompilerCount                          = 4                                         {product} {ergonomic}
     uint ConcGCThreads                            = 2                                         {product} {ergonomic}
     uint G1ConcRefinementThreads                  = 8                                         {product} {ergonomic}
   size_t G1HeapRegionSize                         = 2097152                                   {product} {ergonomic}
    uintx GCDrainStackTargetSize                   = 64                                        {product} {ergonomic}
   size_t InitialHeapSize                          = 264241152                                 {product} {ergonomic}
   size_t MarkStackSize                            = 4194304                                   {product} {ergonomic}
   size_t MaxHeapSize                              = 4221566976                                {product} {ergonomic}
   size_t MaxNewSize                               = 2531262464                                {product} {ergonomic}
   size_t MinHeapDeltaBytes                        = 2097152                                   {product} {ergonomic}
   size_t MinHeapSize                              = 8388608                                   {product} {ergonomic}
    uintx NonNMethodCodeHeapSize                   = 5839372                                {pd product} {ergonomic}
    uintx NonProfiledCodeHeapSize                  = 122909434                              {pd product} {ergonomic}
    uintx ProfiledCodeHeapSize                     = 122909434                              {pd product} {ergonomic}
    uintx ReservedCodeCacheSize                    = 251658240                              {pd product} {ergonomic}
     bool SegmentedCodeCache                       = true                                      {product} {ergonomic}
   size_t SoftMaxHeapSize                          = 4221566976                             {manageable} {ergonomic}
     bool UseCompressedOops                        = true                           {product lp64_product} {ergonomic}
     bool UseG1GC                                  = true                                      {product} {ergonomic}
     bool UseLargePagesIndividualAllocation        = false                                  {pd product} {ergonomic}

Logging:
Log output configuration:
 #0: stdout all=warning uptime,level,tags foldmultilines=false
 #1: stderr all=off uptime,level,tags foldmultilines=false

Environment Variables:
JAVA_HOME=C:\Program Files\Java\jdk-21.0.2
PATH=C:\WINDOWS\system32;C:\WINDOWS;C:\WINDOWS\System32\Wbem;C:\WINDOWS\System32\WindowsPowerShell\v1.0\;C:\WINDOWS\System32\OpenSSH\;C:\Program Files\Java\jdk-21.0.2\bin;C:\Users\prabh\AppData\Local\Programs\MiKTeX\miktex\bin\x64\;C:\Users\prabh\.m2\wrapper\dists\apache-maven-3.8.5-bin\5i5jha092a3i37g0paqnfr15e0\apache-maven-3.8.5\bin;C:\Program Files\Git\cmd;C:\Users\prabh\AppData\Local\Programs\Python\Python311\Scripts\;C:\Users\prabh\AppData\Local\Programs\Python\Python311\;C:\Users\prabh\AppData\Local\Microsoft\WindowsApps;C:\Users\prabh\AppData\Local\Programs\Microsoft VS Code\bin;C:\Users\prabh\AppData\Local\JetBrains\Toolbox\scripts;C:\Users\prabh\AppData\Local\Programs\MiKTeX\miktex\bin\x64\;C:\Program Files\JetBrains\IntelliJ IDEA 2023.3.3\bin;
USERNAME=prabh
OS=Windows_NT
PROCESSOR_IDENTIFIER=Intel64 Family 6 Model 142 Stepping 12, GenuineIntel
TMP=C:\Users\prabh\AppData\Local\Temp
TEMP=C:\Users\prabh\AppData\Local\Temp




Periodic native trim disabled

---------------  S Y S T E M  ---------------

OS:
 Windows 11 , 64 bit Build 22621 (10.0.22621.4391)
OS uptime: 10 days 15:25 hours

CPU: total 8 (initial active 8) (4 cores per cpu, 2 threads per core) family 6 model 142 stepping 12 microcode 0xfa, cx8, cmov, fxsr, ht, mmx, 3dnowpref, sse, sse2, sse3, ssse3, sse4.1, sse4.2, popcnt, lzcnt, tsc, tscinvbit, avx, avx2, aes, erms, clmul, bmi1, bmi2, adx, fma, vzeroupper, clflush, clflushopt, rdtscp, f16c
Processor Information for all 8 processors :
  Max Mhz: 1896, Current Mhz: 798, Mhz Limit: 796

Memory: 4k page, system-wide physical 16099M (3808M free)
TotalPageFile size 33712M (AvailPageFile size 3M)
current process WorkingSet (physical memory assigned to process): 155M, peak: 178M
current process commit charge ("private bytes"): 218M, peak: 418M

vm_info: Java HotSpot(TM) 64-Bit Server VM (21.0.2+13-LTS-58) for windows-amd64 JRE (21.0.2+13-LTS-58), built on 2024-01-05T18:32:24Z by "mach5one" with MS VC++ 17.1 (VS2022)

END.
