#
# There is insufficient memory for the Java Runtime Environment to continue.
# Native memory allocation (malloc) failed to allocate 192176 bytes for Chunk::new
# Possible reasons:
#   The system is out of physical RAM or swap space
#   The process is running with CompressedOops enabled, and the Java Heap may be blocking the growth of the native heap
# Possible solutions:
#   Reduce memory load on the system
#   Increase physical memory or swap space
#   Check if swap backing store is full
#   Decrease Java heap size (-Xmx/-Xms)
#   Decrease number of Java threads
#   Decrease Java thread stack sizes (-Xss)
#   Set larger code cache with -XX:ReservedCodeCacheSize=
#   JVM is running with Zero Based Compressed Oops mode in which the Java heap is
#     placed in the first 32GB address space. The Java Heap base address is the
#     maximum limit for the native heap growth. Please use -XX:HeapBaseMinAddress
#     to set the Java Heap base and to place the Java Heap above 32GB virtual address.
# This output file may be truncated or incomplete.
#
#  Out of Memory Error (arena.cpp:168), pid=21184, tid=11680
#
# JRE version: Java(TM) SE Runtime Environment (21.0.2+13) (build 21.0.2+13-LTS-58)
# Java VM: Java HotSpot(TM) 64-Bit Server VM (21.0.2+13-LTS-58, mixed mode, sharing, tiered, compressed oops, compressed class ptrs, g1 gc, windows-amd64)
# No core dump will be written. Minidumps are not enabled by default on client versions of Windows
#

---------------  S U M M A R Y ------------

Command Line: -javaagent:D:\IntelliJ IDEA 2024.2.4\lib\idea_rt.jar=53553:D:\IntelliJ IDEA 2024.2.4\bin -Dfile.encoding=UTF-8 -Dsun.stdout.encoding=UTF-8 -Dsun.stderr.encoding=UTF-8 --module-path=C:\Users\prabh\.m2\repository\com\mysql\mysql-connector-j\8.0.33\mysql-connector-j-8.0.33.jar;C:\Users\prabh\.m2\repository\org\openjfx\javafx-fxml\21\javafx-fxml-21-win.jar;C:\Users\prabh\.m2\repository\com\google\code\gson\gson\2.8.9\gson-2.8.9.jar;C:\Users\prabh\.m2\repository\org\openjfx\javafx-graphics\21\javafx-graphics-21-win.jar;C:\Users\prabh\.m2\repository\org\openjfx\javafx-controls\21\javafx-controls-21-win.jar;C:\Users\prabh\.m2\repository\org\openjfx\javafx-base\21\javafx-base-21-win.jar;C:\Users\prabh\IdeaProjects\OOD5\target\classes -Djdk.module.main=org.example.ood5 org.example.ood5/Main.Main

Host: Intel(R) Core(TM) i5-8365U CPU @ 1.60GHz, 8 cores, 15G,  Windows 11 , 64 bit Build 22621 (10.0.22621.4391)
Time: Tue Nov 26 09:23:33 2024 Sri Lanka Standard Time elapsed time: 8.199983 seconds (0d 0h 0m 8s)

---------------  T H R E A D  ---------------

Current thread (0x000002748c220ee0):  JavaThread "C2 CompilerThread1" daemon [_thread_in_native, id=11680, stack(0x000000785f000000,0x000000785f100000) (1024K)]


Current CompileTask:
C2:   8200 1088       4       java.util.Properties::loadConvert (540 bytes)

Stack: [0x000000785f000000,0x000000785f100000]
Native frames: (J=compiled Java code, j=interpreted, Vv=VM code, C=native code)
V  [jvm.dll+0x6cade9]
V  [jvm.dll+0x8569c1]
V  [jvm.dll+0x858d2e]
V  [jvm.dll+0x859413]
V  [jvm.dll+0x280e56]
V  [jvm.dll+0xc3f3d]
V  [jvm.dll+0xc4473]
V  [jvm.dll+0x2f437f]
V  [jvm.dll+0x5f5056]
V  [jvm.dll+0x252d7f]
V  [jvm.dll+0x24b589]
V  [jvm.dll+0x2490a3]
V  [jvm.dll+0x1c9634]
V  [jvm.dll+0x258859]
V  [jvm.dll+0x256e3a]
V  [jvm.dll+0x3ef6c6]
V  [jvm.dll+0x7ff568]
V  [jvm.dll+0x6c953d]
C  [ucrtbase.dll+0x29333]
C  [KERNEL32.DLL+0x1259d]
C  [ntdll.dll+0x5af38]


---------------  P R O C E S S  ---------------

Threads class SMR info:
_java_thread_list=0x0000027492625fd0, length=19, elements={
0x0000027425a43520, 0x0000027446a8ebd0, 0x0000027446a8fba0, 0x0000027446a963c0,
0x0000027446a96fd0, 0x0000027446a97a30, 0x0000027446a98770, 0x0000027446a9d540,
0x0000027446a9e650, 0x000002748c0fe4d0, 0x000002748c841730, 0x000002748c6b6150,
0x000002748c9bed00, 0x000002748ca464e0, 0x000002748ca46fd0, 0x00000274926b97f0,
0x000002748c030980, 0x00000274927196e0, 0x000002748c220ee0
}

Java Threads: ( => current thread )
  0x0000027425a43520 JavaThread "main"                              [_thread_blocked, id=19820, stack(0x000000785ce00000,0x000000785cf00000) (1024K)]
  0x0000027446a8ebd0 JavaThread "Reference Handler"          daemon [_thread_blocked, id=4016, stack(0x000000785d700000,0x000000785d800000) (1024K)]
  0x0000027446a8fba0 JavaThread "Finalizer"                  daemon [_thread_blocked, id=23304, stack(0x000000785d800000,0x000000785d900000) (1024K)]
  0x0000027446a963c0 JavaThread "Signal Dispatcher"          daemon [_thread_blocked, id=25484, stack(0x000000785d900000,0x000000785da00000) (1024K)]
  0x0000027446a96fd0 JavaThread "Attach Listener"            daemon [_thread_blocked, id=24992, stack(0x000000785da00000,0x000000785db00000) (1024K)]
  0x0000027446a97a30 JavaThread "Service Thread"             daemon [_thread_blocked, id=18592, stack(0x000000785db00000,0x000000785dc00000) (1024K)]
  0x0000027446a98770 JavaThread "Monitor Deflation Thread"   daemon [_thread_blocked, id=23352, stack(0x000000785dc00000,0x000000785dd00000) (1024K)]
  0x0000027446a9d540 JavaThread "C2 CompilerThread0"         daemon [_thread_in_native, id=8056, stack(0x000000785dd00000,0x000000785de00000) (1024K)]
  0x0000027446a9e650 JavaThread "C1 CompilerThread0"         daemon [_thread_in_vm, id=22432, stack(0x000000785de00000,0x000000785df00000) (1024K)]
  0x000002748c0fe4d0 JavaThread "Common-Cleaner"             daemon [_thread_blocked, id=7856, stack(0x000000785df00000,0x000000785e000000) (1024K)]
  0x000002748c841730 JavaThread "Monitor Ctrl-Break"         daemon [_thread_in_native, id=16060, stack(0x000000785e200000,0x000000785e300000) (1024K)]
  0x000002748c6b6150 JavaThread "Notification Thread"        daemon [_thread_blocked, id=10960, stack(0x000000785e300000,0x000000785e400000) (1024K)]
  0x000002748c9bed00 JavaThread "QuantumRenderer-0"          daemon [_thread_blocked, id=14716, stack(0x000000785e000000,0x000000785e100000) (1024K)]
  0x000002748ca464e0 JavaThread "InvokeLaterDispatcher"      daemon [_thread_blocked, id=3316, stack(0x000000785e100000,0x000000785e200000) (1024K)]
  0x000002748ca46fd0 JavaThread "JavaFX Application Thread"         [_thread_in_vm, id=18168, stack(0x000000785e400000,0x000000785e500000) (1024K)]
  0x00000274926b97f0 JavaThread "Thread-1"                   daemon [_thread_in_native, id=18712, stack(0x000000785e800000,0x000000785e900000) (1024K)]
  0x000002748c030980 JavaThread "JavaFX-Launcher"                   [_thread_blocked, id=8220, stack(0x000000785ee00000,0x000000785ef00000) (1024K)]
  0x00000274927196e0 JavaThread "mysql-cj-abandoned-connection-cleanup" daemon [_thread_blocked, id=20440, stack(0x000000785ef00000,0x000000785f000000) (1024K)]
=>0x000002748c220ee0 JavaThread "C2 CompilerThread1"         daemon [_thread_in_native, id=11680, stack(0x000000785f000000,0x000000785f100000) (1024K)]
Total: 19

Other Threads:
  0x0000027446a67610 VMThread "VM Thread"                           [id=25224, stack(0x000000785d600000,0x000000785d700000) (1024K)]
  0x0000027446a53960 WatcherThread "VM Periodic Task Thread"        [id=10824, stack(0x000000785d500000,0x000000785d600000) (1024K)]
  0x0000027427eb2580 WorkerThread "GC Thread#0"                     [id=1972, stack(0x000000785d000000,0x000000785d100000) (1024K)]
  0x000002749263abb0 WorkerThread "GC Thread#1"                     [id=14664, stack(0x000000785e900000,0x000000785ea00000) (1024K)]
  0x00000274926ee1c0 WorkerThread "GC Thread#2"                     [id=21484, stack(0x000000785ea00000,0x000000785eb00000) (1024K)]
  0x00000274926780f0 WorkerThread "GC Thread#3"                     [id=23936, stack(0x000000785eb00000,0x000000785ec00000) (1024K)]
  0x000002749267b0c0 WorkerThread "GC Thread#4"                     [id=19228, stack(0x000000785ec00000,0x000000785ed00000) (1024K)]
  0x000002749265b850 WorkerThread "GC Thread#5"                     [id=2564, stack(0x000000785ed00000,0x000000785ee00000) (1024K)]
  0x0000027427ec3480 ConcurrentGCThread "G1 Main Marker"            [id=3896, stack(0x000000785d100000,0x000000785d200000) (1024K)]
  0x0000027427ec66e0 WorkerThread "G1 Conc#0"                       [id=22816, stack(0x000000785d200000,0x000000785d300000) (1024K)]
  0x0000027446924630 ConcurrentGCThread "G1 Refine#0"               [id=19416, stack(0x000000785d300000,0x000000785d400000) (1024K)]
  0x00000274469250b0 ConcurrentGCThread "G1 Service"                [id=3776, stack(0x000000785d400000,0x000000785d500000) (1024K)]
Total: 12

Threads with active compile tasks:
C2 CompilerThread0     8279 1089 %     4       java.util.Properties$LineReader::readLine @ 53 (584 bytes)
C1 CompilerThread0     8279 1148       3       java.util.Collections$UnmodifiableCollection$1::next (10 bytes)
C2 CompilerThread1     8279 1088       4       java.util.Properties::loadConvert (540 bytes)
Total: 3

VM state: not at safepoint (normal execution)

VM Mutex/Monitor currently owned by a thread:  ([mutex/lock_event])
[0x00007fffcdc1ace8] Metaspace_lock - owner thread: 0x0000027446a9e650

Heap address: 0x0000000704600000, size: 4026 MB, Compressed Oops mode: Zero based, Oop shift amount: 3

CDS archive(s) mapped at: [0x0000027447000000-0x0000027447c90000-0x0000027447c90000), size 13172736, SharedBaseAddress: 0x0000027447000000, ArchiveRelocationMode: 1.
Compressed class space mapped at: 0x0000027448000000-0x0000027488000000, reserved size: 1073741824
Narrow klass base: 0x0000027447000000, Narrow klass shift: 0, Narrow klass range: 0x100000000

GC Precious Log:
 CardTable entry size: 512
 Card Set container configuration: InlinePtr #cards 4 size 8 Array Of Cards #cards 16 size 48 Howl #buckets 8 coarsen threshold 3686 Howl Bitmap #cards 512 size 80 coarsen threshold 460 Card regions per heap region 1 cards per card region 4096
 CPUs: 8 total, 8 available
 Memory: 16099M
 Large Page Support: Disabled
 NUMA Support: Disabled
 Compressed Oops: Enabled (Zero based)
 Heap Region Size: 2M
 Heap Min Capacity: 8M
 Heap Initial Capacity: 252M
 Heap Max Capacity: 4026M
 Pre-touch: Disabled
 Parallel Workers: 8
 Concurrent Workers: 2
 Concurrent Refinement Workers: 8
 Periodic GC: Disabled

Heap:
 garbage-first heap   total 258048K, used 8838K [0x0000000704600000, 0x0000000800000000)
  region size 2048K, 7 young (14336K), 2 survivors (4096K)
 Metaspace       used 6767K, committed 6976K, reserved 1114112K
  class space    used 763K, committed 896K, reserved 1048576K

Heap Regions: E=young(eden), S=young(survivor), O=old, HS=humongous(starts), HC=humongous(continues), CS=collection set, F=free, TAMS=top-at-mark-start, PB=parsable bottom
|   0|0x0000000704600000, 0x0000000704600000, 0x0000000704800000|  0%| F|  |TAMS 0x0000000704600000| PB 0x0000000704600000| Untracked 
|   1|0x0000000704800000, 0x0000000704800000, 0x0000000704a00000|  0%| F|  |TAMS 0x0000000704800000| PB 0x0000000704800000| Untracked 
|   2|0x0000000704a00000, 0x0000000704a00000, 0x0000000704c00000|  0%| F|  |TAMS 0x0000000704a00000| PB 0x0000000704a00000| Untracked 
|   3|0x0000000704c00000, 0x0000000704c00000, 0x0000000704e00000|  0%| F|  |TAMS 0x0000000704c00000| PB 0x0000000704c00000| Untracked 
|   4|0x0000000704e00000, 0x0000000704e00000, 0x0000000705000000|  0%| F|  |TAMS 0x0000000704e00000| PB 0x0000000704e00000| Untracked 
|   5|0x0000000705000000, 0x0000000705000000, 0x0000000705200000|  0%| F|  |TAMS 0x0000000705000000| PB 0x0000000705000000| Untracked 
|   6|0x0000000705200000, 0x0000000705200000, 0x0000000705400000|  0%| F|  |TAMS 0x0000000705200000| PB 0x0000000705200000| Untracked 
|   7|0x0000000705400000, 0x0000000705400000, 0x0000000705600000|  0%| F|  |TAMS 0x0000000705400000| PB 0x0000000705400000| Untracked 
|   8|0x0000000705600000, 0x0000000705600000, 0x0000000705800000|  0%| F|  |TAMS 0x0000000705600000| PB 0x0000000705600000| Untracked 
|   9|0x0000000705800000, 0x0000000705800000, 0x0000000705a00000|  0%| F|  |TAMS 0x0000000705800000| PB 0x0000000705800000| Untracked 
|  10|0x0000000705a00000, 0x0000000705a00000, 0x0000000705c00000|  0%| F|  |TAMS 0x0000000705a00000| PB 0x0000000705a00000| Untracked 
|  11|0x0000000705c00000, 0x0000000705c00000, 0x0000000705e00000|  0%| F|  |TAMS 0x0000000705c00000| PB 0x0000000705c00000| Untracked 
|  12|0x0000000705e00000, 0x0000000705e00000, 0x0000000706000000|  0%| F|  |TAMS 0x0000000705e00000| PB 0x0000000705e00000| Untracked 
|  13|0x0000000706000000, 0x0000000706000000, 0x0000000706200000|  0%| F|  |TAMS 0x0000000706000000| PB 0x0000000706000000| Untracked 
|  14|0x0000000706200000, 0x0000000706200000, 0x0000000706400000|  0%| F|  |TAMS 0x0000000706200000| PB 0x0000000706200000| Untracked 
|  15|0x0000000706400000, 0x0000000706400000, 0x0000000706600000|  0%| F|  |TAMS 0x0000000706400000| PB 0x0000000706400000| Untracked 
|  16|0x0000000706600000, 0x0000000706600000, 0x0000000706800000|  0%| F|  |TAMS 0x0000000706600000| PB 0x0000000706600000| Untracked 
|  17|0x0000000706800000, 0x0000000706800000, 0x0000000706a00000|  0%| F|  |TAMS 0x0000000706800000| PB 0x0000000706800000| Untracked 
|  18|0x0000000706a00000, 0x0000000706a00000, 0x0000000706c00000|  0%| F|  |TAMS 0x0000000706a00000| PB 0x0000000706a00000| Untracked 
|  19|0x0000000706c00000, 0x0000000706c00000, 0x0000000706e00000|  0%| F|  |TAMS 0x0000000706c00000| PB 0x0000000706c00000| Untracked 
|  20|0x0000000706e00000, 0x0000000706e00000, 0x0000000707000000|  0%| F|  |TAMS 0x0000000706e00000| PB 0x0000000706e00000| Untracked 
|  21|0x0000000707000000, 0x0000000707000000, 0x0000000707200000|  0%| F|  |TAMS 0x0000000707000000| PB 0x0000000707000000| Untracked 
|  22|0x0000000707200000, 0x0000000707200000, 0x0000000707400000|  0%| F|  |TAMS 0x0000000707200000| PB 0x0000000707200000| Untracked 
|  23|0x0000000707400000, 0x0000000707400000, 0x0000000707600000|  0%| F|  |TAMS 0x0000000707400000| PB 0x0000000707400000| Untracked 
|  24|0x0000000707600000, 0x0000000707600000, 0x0000000707800000|  0%| F|  |TAMS 0x0000000707600000| PB 0x0000000707600000| Untracked 
|  25|0x0000000707800000, 0x0000000707800000, 0x0000000707a00000|  0%| F|  |TAMS 0x0000000707800000| PB 0x0000000707800000| Untracked 
|  26|0x0000000707a00000, 0x0000000707a00000, 0x0000000707c00000|  0%| F|  |TAMS 0x0000000707a00000| PB 0x0000000707a00000| Untracked 
|  27|0x0000000707c00000, 0x0000000707c00000, 0x0000000707e00000|  0%| F|  |TAMS 0x0000000707c00000| PB 0x0000000707c00000| Untracked 
|  28|0x0000000707e00000, 0x0000000707e00000, 0x0000000708000000|  0%| F|  |TAMS 0x0000000707e00000| PB 0x0000000707e00000| Untracked 
|  29|0x0000000708000000, 0x0000000708000000, 0x0000000708200000|  0%| F|  |TAMS 0x0000000708000000| PB 0x0000000708000000| Untracked 
|  30|0x0000000708200000, 0x0000000708200000, 0x0000000708400000|  0%| F|  |TAMS 0x0000000708200000| PB 0x0000000708200000| Untracked 
|  31|0x0000000708400000, 0x0000000708400000, 0x0000000708600000|  0%| F|  |TAMS 0x0000000708400000| PB 0x0000000708400000| Untracked 
|  32|0x0000000708600000, 0x0000000708600000, 0x0000000708800000|  0%| F|  |TAMS 0x0000000708600000| PB 0x0000000708600000| Untracked 
|  33|0x0000000708800000, 0x0000000708800000, 0x0000000708a00000|  0%| F|  |TAMS 0x0000000708800000| PB 0x0000000708800000| Untracked 
|  34|0x0000000708a00000, 0x0000000708a00000, 0x0000000708c00000|  0%| F|  |TAMS 0x0000000708a00000| PB 0x0000000708a00000| Untracked 
|  35|0x0000000708c00000, 0x0000000708c00000, 0x0000000708e00000|  0%| F|  |TAMS 0x0000000708c00000| PB 0x0000000708c00000| Untracked 
|  36|0x0000000708e00000, 0x0000000708e00000, 0x0000000709000000|  0%| F|  |TAMS 0x0000000708e00000| PB 0x0000000708e00000| Untracked 
|  37|0x0000000709000000, 0x0000000709000000, 0x0000000709200000|  0%| F|  |TAMS 0x0000000709000000| PB 0x0000000709000000| Untracked 
|  38|0x0000000709200000, 0x0000000709200000, 0x0000000709400000|  0%| F|  |TAMS 0x0000000709200000| PB 0x0000000709200000| Untracked 
|  39|0x0000000709400000, 0x0000000709400000, 0x0000000709600000|  0%| F|  |TAMS 0x0000000709400000| PB 0x0000000709400000| Untracked 
|  40|0x0000000709600000, 0x0000000709600000, 0x0000000709800000|  0%| F|  |TAMS 0x0000000709600000| PB 0x0000000709600000| Untracked 
|  41|0x0000000709800000, 0x0000000709800000, 0x0000000709a00000|  0%| F|  |TAMS 0x0000000709800000| PB 0x0000000709800000| Untracked 
|  42|0x0000000709a00000, 0x0000000709a00000, 0x0000000709c00000|  0%| F|  |TAMS 0x0000000709a00000| PB 0x0000000709a00000| Untracked 
|  43|0x0000000709c00000, 0x0000000709c00000, 0x0000000709e00000|  0%| F|  |TAMS 0x0000000709c00000| PB 0x0000000709c00000| Untracked 
|  44|0x0000000709e00000, 0x0000000709e00000, 0x000000070a000000|  0%| F|  |TAMS 0x0000000709e00000| PB 0x0000000709e00000| Untracked 
|  45|0x000000070a000000, 0x000000070a000000, 0x000000070a200000|  0%| F|  |TAMS 0x000000070a000000| PB 0x000000070a000000| Untracked 
|  46|0x000000070a200000, 0x000000070a200000, 0x000000070a400000|  0%| F|  |TAMS 0x000000070a200000| PB 0x000000070a200000| Untracked 
|  47|0x000000070a400000, 0x000000070a400000, 0x000000070a600000|  0%| F|  |TAMS 0x000000070a400000| PB 0x000000070a400000| Untracked 
|  48|0x000000070a600000, 0x000000070a600000, 0x000000070a800000|  0%| F|  |TAMS 0x000000070a600000| PB 0x000000070a600000| Untracked 
|  49|0x000000070a800000, 0x000000070a800000, 0x000000070aa00000|  0%| F|  |TAMS 0x000000070a800000| PB 0x000000070a800000| Untracked 
|  50|0x000000070aa00000, 0x000000070aa00000, 0x000000070ac00000|  0%| F|  |TAMS 0x000000070aa00000| PB 0x000000070aa00000| Untracked 
|  51|0x000000070ac00000, 0x000000070ac00000, 0x000000070ae00000|  0%| F|  |TAMS 0x000000070ac00000| PB 0x000000070ac00000| Untracked 
|  52|0x000000070ae00000, 0x000000070ae00000, 0x000000070b000000|  0%| F|  |TAMS 0x000000070ae00000| PB 0x000000070ae00000| Untracked 
|  53|0x000000070b000000, 0x000000070b000000, 0x000000070b200000|  0%| F|  |TAMS 0x000000070b000000| PB 0x000000070b000000| Untracked 
|  54|0x000000070b200000, 0x000000070b200000, 0x000000070b400000|  0%| F|  |TAMS 0x000000070b200000| PB 0x000000070b200000| Untracked 
|  55|0x000000070b400000, 0x000000070b400000, 0x000000070b600000|  0%| F|  |TAMS 0x000000070b400000| PB 0x000000070b400000| Untracked 
|  56|0x000000070b600000, 0x000000070b600000, 0x000000070b800000|  0%| F|  |TAMS 0x000000070b600000| PB 0x000000070b600000| Untracked 
|  57|0x000000070b800000, 0x000000070b800000, 0x000000070ba00000|  0%| F|  |TAMS 0x000000070b800000| PB 0x000000070b800000| Untracked 
|  58|0x000000070ba00000, 0x000000070ba00000, 0x000000070bc00000|  0%| F|  |TAMS 0x000000070ba00000| PB 0x000000070ba00000| Untracked 
|  59|0x000000070bc00000, 0x000000070bc00000, 0x000000070be00000|  0%| F|  |TAMS 0x000000070bc00000| PB 0x000000070bc00000| Untracked 
|  60|0x000000070be00000, 0x000000070be00000, 0x000000070c000000|  0%| F|  |TAMS 0x000000070be00000| PB 0x000000070be00000| Untracked 
|  61|0x000000070c000000, 0x000000070c000000, 0x000000070c200000|  0%| F|  |TAMS 0x000000070c000000| PB 0x000000070c000000| Untracked 
|  62|0x000000070c200000, 0x000000070c200000, 0x000000070c400000|  0%| F|  |TAMS 0x000000070c200000| PB 0x000000070c200000| Untracked 
|  63|0x000000070c400000, 0x000000070c400000, 0x000000070c600000|  0%| F|  |TAMS 0x000000070c400000| PB 0x000000070c400000| Untracked 
|  64|0x000000070c600000, 0x000000070c600000, 0x000000070c800000|  0%| F|  |TAMS 0x000000070c600000| PB 0x000000070c600000| Untracked 
|  65|0x000000070c800000, 0x000000070c800000, 0x000000070ca00000|  0%| F|  |TAMS 0x000000070c800000| PB 0x000000070c800000| Untracked 
|  66|0x000000070ca00000, 0x000000070ca00000, 0x000000070cc00000|  0%| F|  |TAMS 0x000000070ca00000| PB 0x000000070ca00000| Untracked 
|  67|0x000000070cc00000, 0x000000070cc00000, 0x000000070ce00000|  0%| F|  |TAMS 0x000000070cc00000| PB 0x000000070cc00000| Untracked 
|  68|0x000000070ce00000, 0x000000070ce00000, 0x000000070d000000|  0%| F|  |TAMS 0x000000070ce00000| PB 0x000000070ce00000| Untracked 
|  69|0x000000070d000000, 0x000000070d000000, 0x000000070d200000|  0%| F|  |TAMS 0x000000070d000000| PB 0x000000070d000000| Untracked 
|  70|0x000000070d200000, 0x000000070d200000, 0x000000070d400000|  0%| F|  |TAMS 0x000000070d200000| PB 0x000000070d200000| Untracked 
|  71|0x000000070d400000, 0x000000070d400000, 0x000000070d600000|  0%| F|  |TAMS 0x000000070d400000| PB 0x000000070d400000| Untracked 
|  72|0x000000070d600000, 0x000000070d600000, 0x000000070d800000|  0%| F|  |TAMS 0x000000070d600000| PB 0x000000070d600000| Untracked 
|  73|0x000000070d800000, 0x000000070d800000, 0x000000070da00000|  0%| F|  |TAMS 0x000000070d800000| PB 0x000000070d800000| Untracked 
|  74|0x000000070da00000, 0x000000070da00000, 0x000000070dc00000|  0%| F|  |TAMS 0x000000070da00000| PB 0x000000070da00000| Untracked 
|  75|0x000000070dc00000, 0x000000070dc00000, 0x000000070de00000|  0%| F|  |TAMS 0x000000070dc00000| PB 0x000000070dc00000| Untracked 
|  76|0x000000070de00000, 0x000000070de00000, 0x000000070e000000|  0%| F|  |TAMS 0x000000070de00000| PB 0x000000070de00000| Untracked 
|  77|0x000000070e000000, 0x000000070e000000, 0x000000070e200000|  0%| F|  |TAMS 0x000000070e000000| PB 0x000000070e000000| Untracked 
|  78|0x000000070e200000, 0x000000070e200000, 0x000000070e400000|  0%| F|  |TAMS 0x000000070e200000| PB 0x000000070e200000| Untracked 
|  79|0x000000070e400000, 0x000000070e400000, 0x000000070e600000|  0%| F|  |TAMS 0x000000070e400000| PB 0x000000070e400000| Untracked 
|  80|0x000000070e600000, 0x000000070e600000, 0x000000070e800000|  0%| F|  |TAMS 0x000000070e600000| PB 0x000000070e600000| Untracked 
|  81|0x000000070e800000, 0x000000070e800000, 0x000000070ea00000|  0%| F|  |TAMS 0x000000070e800000| PB 0x000000070e800000| Untracked 
|  82|0x000000070ea00000, 0x000000070ea00000, 0x000000070ec00000|  0%| F|  |TAMS 0x000000070ea00000| PB 0x000000070ea00000| Untracked 
|  83|0x000000070ec00000, 0x000000070ec00000, 0x000000070ee00000|  0%| F|  |TAMS 0x000000070ec00000| PB 0x000000070ec00000| Untracked 
|  84|0x000000070ee00000, 0x000000070ee00000, 0x000000070f000000|  0%| F|  |TAMS 0x000000070ee00000| PB 0x000000070ee00000| Untracked 
|  85|0x000000070f000000, 0x000000070f000000, 0x000000070f200000|  0%| F|  |TAMS 0x000000070f000000| PB 0x000000070f000000| Untracked 
|  86|0x000000070f200000, 0x000000070f200000, 0x000000070f400000|  0%| F|  |TAMS 0x000000070f200000| PB 0x000000070f200000| Untracked 
|  87|0x000000070f400000, 0x000000070f400000, 0x000000070f600000|  0%| F|  |TAMS 0x000000070f400000| PB 0x000000070f400000| Untracked 
|  88|0x000000070f600000, 0x000000070f600000, 0x000000070f800000|  0%| F|  |TAMS 0x000000070f600000| PB 0x000000070f600000| Untracked 
|  89|0x000000070f800000, 0x000000070f800000, 0x000000070fa00000|  0%| F|  |TAMS 0x000000070f800000| PB 0x000000070f800000| Untracked 
|  90|0x000000070fa00000, 0x000000070fa00000, 0x000000070fc00000|  0%| F|  |TAMS 0x000000070fa00000| PB 0x000000070fa00000| Untracked 
|  91|0x000000070fc00000, 0x000000070fc00000, 0x000000070fe00000|  0%| F|  |TAMS 0x000000070fc00000| PB 0x000000070fc00000| Untracked 
|  92|0x000000070fe00000, 0x000000070fe00000, 0x0000000710000000|  0%| F|  |TAMS 0x000000070fe00000| PB 0x000000070fe00000| Untracked 
|  93|0x0000000710000000, 0x0000000710000000, 0x0000000710200000|  0%| F|  |TAMS 0x0000000710000000| PB 0x0000000710000000| Untracked 
|  94|0x0000000710200000, 0x0000000710200000, 0x0000000710400000|  0%| F|  |TAMS 0x0000000710200000| PB 0x0000000710200000| Untracked 
|  95|0x0000000710400000, 0x0000000710400000, 0x0000000710600000|  0%| F|  |TAMS 0x0000000710400000| PB 0x0000000710400000| Untracked 
|  96|0x0000000710600000, 0x0000000710600000, 0x0000000710800000|  0%| F|  |TAMS 0x0000000710600000| PB 0x0000000710600000| Untracked 
|  97|0x0000000710800000, 0x0000000710800000, 0x0000000710a00000|  0%| F|  |TAMS 0x0000000710800000| PB 0x0000000710800000| Untracked 
|  98|0x0000000710a00000, 0x0000000710a00000, 0x0000000710c00000|  0%| F|  |TAMS 0x0000000710a00000| PB 0x0000000710a00000| Untracked 
|  99|0x0000000710c00000, 0x0000000710c00000, 0x0000000710e00000|  0%| F|  |TAMS 0x0000000710c00000| PB 0x0000000710c00000| Untracked 
| 100|0x0000000710e00000, 0x0000000710e00000, 0x0000000711000000|  0%| F|  |TAMS 0x0000000710e00000| PB 0x0000000710e00000| Untracked 
| 101|0x0000000711000000, 0x0000000711000000, 0x0000000711200000|  0%| F|  |TAMS 0x0000000711000000| PB 0x0000000711000000| Untracked 
| 102|0x0000000711200000, 0x0000000711200000, 0x0000000711400000|  0%| F|  |TAMS 0x0000000711200000| PB 0x0000000711200000| Untracked 
| 103|0x0000000711400000, 0x0000000711400000, 0x0000000711600000|  0%| F|  |TAMS 0x0000000711400000| PB 0x0000000711400000| Untracked 
| 104|0x0000000711600000, 0x0000000711600000, 0x0000000711800000|  0%| F|  |TAMS 0x0000000711600000| PB 0x0000000711600000| Untracked 
| 105|0x0000000711800000, 0x0000000711800000, 0x0000000711a00000|  0%| F|  |TAMS 0x0000000711800000| PB 0x0000000711800000| Untracked 
| 106|0x0000000711a00000, 0x0000000711a00000, 0x0000000711c00000|  0%| F|  |TAMS 0x0000000711a00000| PB 0x0000000711a00000| Untracked 
| 107|0x0000000711c00000, 0x0000000711c00000, 0x0000000711e00000|  0%| F|  |TAMS 0x0000000711c00000| PB 0x0000000711c00000| Untracked 
| 108|0x0000000711e00000, 0x0000000711e00000, 0x0000000712000000|  0%| F|  |TAMS 0x0000000711e00000| PB 0x0000000711e00000| Untracked 
| 109|0x0000000712000000, 0x0000000712000000, 0x0000000712200000|  0%| F|  |TAMS 0x0000000712000000| PB 0x0000000712000000| Untracked 
| 110|0x0000000712200000, 0x0000000712200000, 0x0000000712400000|  0%| F|  |TAMS 0x0000000712200000| PB 0x0000000712200000| Untracked 
| 111|0x0000000712400000, 0x0000000712400000, 0x0000000712600000|  0%| F|  |TAMS 0x0000000712400000| PB 0x0000000712400000| Untracked 
| 112|0x0000000712600000, 0x0000000712600000, 0x0000000712800000|  0%| F|  |TAMS 0x0000000712600000| PB 0x0000000712600000| Untracked 
| 113|0x0000000712800000, 0x00000007128a1a08, 0x0000000712a00000| 31%| S|CS|TAMS 0x0000000712800000| PB 0x0000000712800000| Complete 
| 114|0x0000000712a00000, 0x0000000712c00000, 0x0000000712c00000|100%| S|CS|TAMS 0x0000000712a00000| PB 0x0000000712a00000| Complete 
| 115|0x0000000712c00000, 0x0000000712c00000, 0x0000000712e00000|  0%| F|  |TAMS 0x0000000712c00000| PB 0x0000000712c00000| Untracked 
| 116|0x0000000712e00000, 0x0000000712e00000, 0x0000000713000000|  0%| F|  |TAMS 0x0000000712e00000| PB 0x0000000712e00000| Untracked 
| 117|0x0000000713000000, 0x0000000713000000, 0x0000000713200000|  0%| F|  |TAMS 0x0000000713000000| PB 0x0000000713000000| Untracked 
| 118|0x0000000713200000, 0x0000000713200000, 0x0000000713400000|  0%| F|  |TAMS 0x0000000713200000| PB 0x0000000713200000| Untracked 
| 119|0x0000000713400000, 0x0000000713400000, 0x0000000713600000|  0%| F|  |TAMS 0x0000000713400000| PB 0x0000000713400000| Untracked 
| 120|0x0000000713600000, 0x0000000713600000, 0x0000000713800000|  0%| F|  |TAMS 0x0000000713600000| PB 0x0000000713600000| Untracked 
| 121|0x0000000713800000, 0x0000000713839250, 0x0000000713a00000| 11%| E|  |TAMS 0x0000000713800000| PB 0x0000000713800000| Complete 
| 122|0x0000000713a00000, 0x0000000713c00000, 0x0000000713c00000|100%| E|CS|TAMS 0x0000000713a00000| PB 0x0000000713a00000| Complete 
| 123|0x0000000713c00000, 0x0000000713e00000, 0x0000000713e00000|100%| E|CS|TAMS 0x0000000713c00000| PB 0x0000000713c00000| Complete 
| 124|0x0000000713e00000, 0x0000000714000000, 0x0000000714000000|100%| E|  |TAMS 0x0000000713e00000| PB 0x0000000713e00000| Complete 
| 125|0x0000000714000000, 0x0000000714200000, 0x0000000714200000|100%| E|CS|TAMS 0x0000000714000000| PB 0x0000000714000000| Complete 

Card table byte_map: [0x000002743fd90000,0x0000027440570000] _byte_map_base: 0x000002743c56d000

Marking Bits: (CMBitMap*) 0x0000027427eb2c80
 Bits: [0x0000027440570000, 0x0000027444458000)

Polling page: 0x00000274275e0000

Metaspace:

Usage:
  Non-class:      5.86 MB used.
      Class:    763.87 KB used.
       Both:      6.61 MB used.

Virtual space:
  Non-class space:       64.00 MB reserved,       5.94 MB (  9%) committed,  1 nodes.
      Class space:        1.00 GB reserved,     896.00 KB ( <1%) committed,  1 nodes.
             Both:        1.06 GB reserved,       6.81 MB ( <1%) committed. 

Chunk freelists:
   Non-Class:  8.88 MB
       Class:  14.97 MB
        Both:  23.84 MB

MaxMetaspaceSize: unlimited
CompressedClassSpaceSize: 1.00 GB
Initial GC threshold: 21.00 MB
Current GC threshold: 21.00 MB
CDS: on
 - commit_granule_bytes: 65536.
 - commit_granule_words: 8192.
 - virtual_space_node_default_size: 8388608.
 - enlarge_chunks_in_place: 1.
 - use_allocation_guard: 0.


Internal statistics:

num_allocs_failed_limit: 0.
num_arena_births: 176.
num_arena_deaths: 0.
num_vsnodes_births: 2.
num_vsnodes_deaths: 0.
num_space_committed: 109.
num_space_uncommitted: 0.
num_chunks_returned_to_freelist: 0.
num_chunks_taken_from_freelist: 347.
num_chunk_merges: 0.
num_chunk_splits: 237.
num_chunks_enlarged: 165.
num_inconsistent_stats: 0.

CodeHeap 'non-profiled nmethods': size=120000Kb used=399Kb max_used=399Kb free=119601Kb
 bounds [0x0000027437d50000, 0x0000027437fc0000, 0x000002743f280000]
CodeHeap 'profiled nmethods': size=120000Kb used=1870Kb max_used=1870Kb free=118129Kb
 bounds [0x0000027430280000, 0x00000274304f0000, 0x00000274377b0000]
CodeHeap 'non-nmethods': size=5760Kb used=1486Kb max_used=1491Kb free=4274Kb
 bounds [0x00000274377b0000, 0x0000027437a20000, 0x0000027437d50000]
 total_blobs=1708 nmethods=1141 adapters=472
 compilation: enabled
              stopped_count=0, restarted_count=0
 full_count=0

Compilation events (20 events):
Event: 8.186 Thread 0x0000027446a9e650 nmethod 1100 0x0000027430438510 code [0x0000027430438840, 0x00000274304397a0]
Event: 8.186 Thread 0x0000027446a9e650 1101       3       jdk.internal.org.objectweb.asm.MethodWriter::hasFrames (13 bytes)
Event: 8.187 Thread 0x0000027446a9e650 nmethod 1101 0x0000027430439e10 code [0x0000027430439fa0, 0x000002743043a108]
Event: 8.187 Thread 0x0000027446a9e650 1105       3       java.security.SecureClassLoader$CodeSourceKey::equals (60 bytes)
Event: 8.188 Thread 0x0000027446a9e650 nmethod 1105 0x000002743043a190 code [0x000002743043a3a0, 0x000002743043aa20]
Event: 8.188 Thread 0x0000027446a9e650 1107   !   3       java.lang.module.ModuleReader::read (75 bytes)
Event: 8.190 Thread 0x0000027446a9e650 nmethod 1107 0x000002743043ac10 code [0x000002743043aec0, 0x000002743043bbd8]
Event: 8.190 Thread 0x0000027446a9e650 1108       3       java.lang.String::getBytesNoRepl1 (89 bytes)
Event: 8.191 Thread 0x0000027446a9e650 nmethod 1108 0x000002743043c110 code [0x000002743043c3a0, 0x000002743043cd00]
Event: 8.191 Thread 0x0000027446a9e650 1109       3       java.lang.String::isASCII (16 bytes)
Event: 8.192 Thread 0x0000027446a9e650 nmethod 1109 0x000002743043d010 code [0x000002743043d1c0, 0x000002743043d400]
Event: 8.192 Thread 0x0000027446a9e650 1114       3       java.lang.String::<init> (99 bytes)
Event: 8.195 Thread 0x0000027446a9e650 nmethod 1114 0x000002743043d510 code [0x000002743043d900, 0x000002743043f440]
Event: 8.195 Thread 0x0000027446a9e650 1115       3       java.util.concurrent.locks.ReentrantReadWriteLock$NonfairSync::readerShouldBlock (5 bytes)
Event: 8.195 Thread 0x0000027446a9e650 nmethod 1115 0x000002743043fd10 code [0x000002743043fec0, 0x000002743043fff8]
Event: 8.195 Thread 0x0000027446a9e650 1116       3       java.util.concurrent.locks.AbstractQueuedSynchronizer::apparentlyFirstQueuedIsExclusive (38 bytes)
Event: 8.195 Thread 0x0000027446a9e650 nmethod 1116 0x0000027430440090 code [0x0000027430440240, 0x0000027430440558]
Event: 8.195 Thread 0x0000027446a9e650 1117       3       java.util.concurrent.locks.ReentrantReadWriteLock$ReadLock::unlock (10 bytes)
Event: 8.196 Thread 0x0000027446a9e650 nmethod 1117 0x0000027430440610 code [0x00000274304407e0, 0x0000027430440ac0]
Event: 8.196 Thread 0x0000027446a9e650 1118       3       java.util.concurrent.locks.ReentrantReadWriteLock$Sync::tryReleaseShared (146 bytes)

GC Heap History (2 events):
Event: 0.972 GC heap before
{Heap before GC invocations=0 (full 0):
 garbage-first heap   total 258048K, used 20480K [0x0000000704600000, 0x0000000800000000)
  region size 2048K, 11 young (22528K), 0 survivors (0K)
 Metaspace       used 4388K, committed 4608K, reserved 1114112K
  class space    used 469K, committed 576K, reserved 1048576K
}
Event: 0.977 GC heap after
{Heap after GC invocations=1 (full 0):
 garbage-first heap   total 258048K, used 2694K [0x0000000704600000, 0x0000000800000000)
  region size 2048K, 2 young (4096K), 2 survivors (4096K)
 Metaspace       used 4388K, committed 4608K, reserved 1114112K
  class space    used 469K, committed 576K, reserved 1048576K
}

Dll operation events (20 events):
Event: 0.651 Loaded shared library C:\Users\prabh\.openjfx\cache\21+31\amd64\api-ms-win-crt-heap-l1-1-0.dll
Event: 0.654 Loaded shared library C:\Users\prabh\.openjfx\cache\21+31\amd64\api-ms-win-crt-locale-l1-1-0.dll
Event: 0.658 Loaded shared library C:\Users\prabh\.openjfx\cache\21+31\amd64\api-ms-win-crt-math-l1-1-0.dll
Event: 0.661 Loaded shared library C:\Users\prabh\.openjfx\cache\21+31\amd64\api-ms-win-crt-multibyte-l1-1-0.dll
Event: 0.667 Loaded shared library C:\Users\prabh\.openjfx\cache\21+31\amd64\api-ms-win-crt-private-l1-1-0.dll
Event: 0.670 Loaded shared library C:\Users\prabh\.openjfx\cache\21+31\amd64\api-ms-win-crt-process-l1-1-0.dll
Event: 0.673 Loaded shared library C:\Users\prabh\.openjfx\cache\21+31\amd64\api-ms-win-crt-runtime-l1-1-0.dll
Event: 0.677 Loaded shared library C:\Users\prabh\.openjfx\cache\21+31\amd64\api-ms-win-crt-stdio-l1-1-0.dll
Event: 0.681 Loaded shared library C:\Users\prabh\.openjfx\cache\21+31\amd64\api-ms-win-crt-string-l1-1-0.dll
Event: 0.685 Loaded shared library C:\Users\prabh\.openjfx\cache\21+31\amd64\api-ms-win-crt-time-l1-1-0.dll
Event: 0.690 Loaded shared library C:\Users\prabh\.openjfx\cache\21+31\amd64\api-ms-win-crt-utility-l1-1-0.dll
Event: 0.714 Loaded shared library C:\Users\prabh\.openjfx\cache\21+31\amd64\ucrtbase.dll
Event: 0.720 Loaded shared library C:\Users\prabh\.openjfx\cache\21+31\amd64\vcruntime140.dll
Event: 0.724 Loaded shared library C:\Users\prabh\.openjfx\cache\21+31\amd64\vcruntime140_1.dll
Event: 0.737 Loaded shared library C:\Users\prabh\.openjfx\cache\21+31\amd64\msvcp140.dll
Event: 0.741 Loaded shared library C:\Users\prabh\.openjfx\cache\21+31\amd64\msvcp140_1.dll
Event: 0.748 Loaded shared library C:\Users\prabh\.openjfx\cache\21+31\amd64\msvcp140_2.dll
Event: 0.813 Loaded shared library C:\Users\prabh\.openjfx\cache\21+31\amd64\prism_d3d.dll
Event: 0.865 Loaded shared library C:\Users\prabh\.openjfx\cache\21+31\amd64\glass.dll
Event: 1.009 Loaded shared library C:\Program Files\Java\jdk-21.0.2\bin\jimage.dll

Deoptimization events (20 events):
Event: 1.038 Thread 0x000002748ca46fd0 Uncommon trap: trap_request=0xffffffde fr.pc=0x0000027437daa5dc relative=0x000000000000013c
Event: 1.038 Thread 0x000002748ca46fd0 Uncommon trap: reason=class_check action=maybe_recompile pc=0x0000027437daa5dc method=jdk.internal.misc.Unsafe.allocateUninitializedArray(Ljava/lang/Class;I)Ljava/lang/Object; @ 51 c2
Event: 1.038 Thread 0x000002748ca46fd0 DEOPT PACKING pc=0x0000027437daa5dc sp=0x000000785e4f9590
Event: 1.038 Thread 0x000002748ca46fd0 DEOPT UNPACKING pc=0x00000274378046a2 sp=0x000000785e4f9508 mode 2
Event: 1.038 Thread 0x000002748ca46fd0 Uncommon trap: trap_request=0xffffffde fr.pc=0x0000027437daa5dc relative=0x000000000000013c
Event: 1.038 Thread 0x000002748ca46fd0 Uncommon trap: reason=class_check action=maybe_recompile pc=0x0000027437daa5dc method=jdk.internal.misc.Unsafe.allocateUninitializedArray(Ljava/lang/Class;I)Ljava/lang/Object; @ 51 c2
Event: 1.038 Thread 0x000002748ca46fd0 DEOPT PACKING pc=0x0000027437daa5dc sp=0x000000785e4f7cc0
Event: 1.038 Thread 0x000002748ca46fd0 DEOPT UNPACKING pc=0x00000274378046a2 sp=0x000000785e4f7c38 mode 2
Event: 1.038 Thread 0x000002748ca46fd0 Uncommon trap: trap_request=0xffffffde fr.pc=0x0000027437daa5dc relative=0x000000000000013c
Event: 1.038 Thread 0x000002748ca46fd0 Uncommon trap: reason=class_check action=maybe_recompile pc=0x0000027437daa5dc method=jdk.internal.misc.Unsafe.allocateUninitializedArray(Ljava/lang/Class;I)Ljava/lang/Object; @ 51 c2
Event: 1.038 Thread 0x000002748ca46fd0 DEOPT PACKING pc=0x0000027437daa5dc sp=0x000000785e4f9590
Event: 1.038 Thread 0x000002748ca46fd0 DEOPT UNPACKING pc=0x00000274378046a2 sp=0x000000785e4f9508 mode 2
Event: 8.104 Thread 0x000002748ca46fd0 Uncommon trap: trap_request=0xffffffde fr.pc=0x0000027437da8634 relative=0x00000000000009b4
Event: 8.104 Thread 0x000002748ca46fd0 Uncommon trap: reason=class_check action=maybe_recompile pc=0x0000027437da8634 method=java.util.HashSet.add(Ljava/lang/Object;)Z @ 8 c2
Event: 8.104 Thread 0x000002748ca46fd0 DEOPT PACKING pc=0x0000027437da8634 sp=0x000000785e4fd7f0
Event: 8.104 Thread 0x000002748ca46fd0 DEOPT UNPACKING pc=0x00000274378046a2 sp=0x000000785e4fd7d0 mode 2
Event: 8.111 Thread 0x000002748ca46fd0 Uncommon trap: trap_request=0xffffff3d fr.pc=0x0000027437d7e868 relative=0x0000000000000c48
Event: 8.111 Thread 0x000002748ca46fd0 Uncommon trap: reason=unstable_fused_if action=reinterpret pc=0x0000027437d7e868 method=java.util.HashMap.resize()[Ljava/util/HashMap$Node; @ 31 c2
Event: 8.111 Thread 0x000002748ca46fd0 DEOPT PACKING pc=0x0000027437d7e868 sp=0x000000785e4fc9b0
Event: 8.111 Thread 0x000002748ca46fd0 DEOPT UNPACKING pc=0x00000274378046a2 sp=0x000000785e4fc938 mode 2

Classes loaded (20 events):
Event: 8.145 Loading class sun/util/PropertyResourceBundleCharset$PropertiesFileDecoder
Event: 8.145 Loading class sun/util/PropertyResourceBundleCharset$PropertiesFileDecoder done
Event: 8.165 Loading class java/util/ResourceBundle$BundleReference
Event: 8.165 Loading class java/util/ResourceBundle$BundleReference done
Event: 8.166 Loading class java/text/MessageFormat
Event: 8.166 Loading class java/text/MessageFormat done
Event: 8.168 Loading class java/math/BigDecimal
Event: 8.169 Loading class java/math/BigDecimal done
Event: 8.170 Loading class java/math/MathContext
Event: 8.170 Loading class java/math/MathContext done
Event: 8.173 Loading class java/util/Collections$UnmodifiableMap$UnmodifiableEntrySet
Event: 8.173 Loading class java/util/Collections$UnmodifiableMap$UnmodifiableEntrySet done
Event: 8.173 Loading class java/util/Collections$UnmodifiableMap$UnmodifiableEntrySet$UnmodifiableEntrySetSpliterator
Event: 8.173 Loading class java/util/Collections$UnmodifiableMap$UnmodifiableEntrySet$UnmodifiableEntrySetSpliterator done
Event: 8.173 Loading class java/util/HashMap$EntrySpliterator
Event: 8.173 Loading class java/util/HashMap$EntrySpliterator done
Event: 8.173 Loading class java/lang/invoke/DirectMethodHandle$Special
Event: 8.173 Loading class java/lang/invoke/DirectMethodHandle$Special done
Event: 8.181 Loading class java/lang/NoSuchFieldError
Event: 8.181 Loading class java/lang/NoSuchFieldError done

Classes unloaded (0 events):
No events

Classes redefined (0 events):
No events

Internal exceptions (20 events):
Event: 0.286 Thread 0x0000027425a43520 Exception <a 'java/lang/IncompatibleClassChangeError'{0x0000000713be1bf0}: Found class java.lang.Object, but interface was expected> (0x0000000713be1bf0) 
thrown [s\open\src\hotspot\share\interpreter\linkResolver.cpp, line 840]
Event: 0.286 Thread 0x0000027425a43520 Exception <a 'java/lang/NoSuchMethodError'{0x0000000713be4490}: 'void java.lang.invoke.DirectMethodHandle$Holder.invokeStatic(java.lang.Object, java.lang.Object, java.lang.Object, java.lang.Object)'> (0x0000000713be4490) 
thrown [s\open\src\hotspot\share\interpreter\linkResolver.cpp, line 773]
Event: 0.348 Thread 0x0000027425a43520 Exception <a 'java/lang/NoSuchMethodError'{0x000000071389def8}: 'void java.lang.invoke.DirectMethodHandle$Holder.invokeStatic(java.lang.Object, java.lang.Object, java.lang.Object)'> (0x000000071389def8) 
thrown [s\open\src\hotspot\share\interpreter\linkResolver.cpp, line 773]
Event: 0.355 Thread 0x0000027425a43520 Exception <a 'java/lang/NoSuchMethodError'{0x00000007138b3b50}: 'java.lang.Object java.lang.invoke.Invokers$Holder.invokeExact_MT(java.lang.Object, java.lang.Object, java.lang.Object, java.lang.Object, java.lang.Object)'> (0x00000007138b3b50) 
thrown [s\open\src\hotspot\share\interpreter\linkResolver.cpp, line 773]
Event: 0.371 Thread 0x000002748c841730 Exception <a 'java/lang/ClassNotFoundException'{0x00000007138e6170}: jdk/net/ExtendedSocketOptions> (0x00000007138e6170) 
thrown [s\open\src\hotspot\share\classfile\systemDictionary.cpp, line 312]
Event: 0.373 Thread 0x000002748c841730 Exception <a 'java/lang/NoSuchMethodError'{0x00000007138e7820}: 'void java.lang.invoke.DirectMethodHandle$Holder.invokeStatic(java.lang.Object, java.lang.Object)'> (0x00000007138e7820) 
thrown [s\open\src\hotspot\share\interpreter\linkResolver.cpp, line 773]
Event: 0.384 Thread 0x0000027425a43520 Exception <a 'java/lang/NoSuchMethodError'{0x00000007139d7430}: 'java.lang.Object java.lang.invoke.Invokers$Holder.invokeExact_MT(java.lang.Object, java.lang.Object, java.lang.Object, java.lang.Object, java.lang.Object, java.lang.Object)'> (0x00000007139d7430) 
thrown [s\open\src\hotspot\share\interpreter\linkResolver.cpp, line 773]
Event: 0.840 Thread 0x0000027425a43520 Exception <a 'java/lang/NoSuchMethodError'{0x00000007130cd000}: 'int java.lang.invoke.DirectMethodHandle$Holder.invokeStaticInit(java.lang.Object, java.lang.Object, java.lang.Object)'> (0x00000007130cd000) 
thrown [s\open\src\hotspot\share\interpreter\linkResolver.cpp, line 773]
Event: 0.871 Thread 0x0000027425a43520 Exception <a 'java/lang/NoSuchMethodError'{0x0000000712e90b60}: 'java.lang.Object java.lang.invoke.DirectMethodHandle$Holder.newInvokeSpecial(java.lang.Object, java.lang.Object, int, java.lang.Object)'> (0x0000000712e90b60) 
thrown [s\open\src\hotspot\share\interpreter\linkResolver.cpp, line 773]
Event: 0.871 Thread 0x0000027425a43520 Exception <a 'java/lang/NoSuchMethodError'{0x0000000712e94cb8}: 'java.lang.Object java.lang.invoke.DirectMethodHandle$Holder.invokeSpecial(java.lang.Object, java.lang.Object, java.lang.Object, int, java.lang.Object)'> (0x0000000712e94cb8) 
thrown [s\open\src\hotspot\share\interpreter\linkResolver.cpp, line 773]
Event: 0.956 Thread 0x000002748ca46fd0 Exception <a 'java/lang/NoSuchMethodError'{0x0000000712db1a28}: 'void java.lang.invoke.DirectMethodHandle$Holder.invokeStaticInit(java.lang.Object)'> (0x0000000712db1a28) 
thrown [s\open\src\hotspot\share\interpreter\linkResolver.cpp, line 773]
Event: 0.961 Thread 0x0000027425a43520 Exception <a 'java/lang/NoSuchMethodError'{0x0000000712ea7f38}: 'java.lang.Object java.lang.invoke.DirectMethodHandle$Holder.newInvokeSpecial(java.lang.Object, java.lang.Object, java.lang.Object, java.lang.Object, java.lang.Object, java.lang.Object)'> (0x0000000712ea7f38) 
thrown [s\open\src\hotspot\share\interpreter\linkResolver.cpp, line 773]
Event: 1.002 Thread 0x0000027425a43520 Exception <a 'java/lang/NoSuchMethodError'{0x0000000714144c48}: 'java.lang.Object java.lang.invoke.DirectMethodHandle$Holder.newInvokeSpecial(java.lang.Object, java.lang.Object, java.lang.Object, java.lang.Object, java.lang.Object)'> (0x0000000714144c48) 
thrown [s\open\src\hotspot\share\interpreter\linkResolver.cpp, line 773]
Event: 1.063 Thread 0x000002748ca46fd0 Exception <a 'java/lang/NoSuchMethodError'{0x0000000713f8ee98}: 'void java.lang.invoke.DirectMethodHandle$Holder.invokeStatic(java.lang.Object, long)'> (0x0000000713f8ee98) 
thrown [s\open\src\hotspot\share\interpreter\linkResolver.cpp, line 773]
Event: 1.064 Thread 0x000002748ca46fd0 Exception <a 'java/lang/NoSuchMethodError'{0x0000000713f93a68}: 'java.lang.Object java.lang.invoke.DirectMethodHandle$Holder.newInvokeSpecial(java.lang.Object, long)'> (0x0000000713f93a68) 
thrown [s\open\src\hotspot\share\interpreter\linkResolver.cpp, line 773]
Event: 1.066 Thread 0x000002748ca46fd0 Exception <a 'java/lang/NoSuchMethodError'{0x0000000713f9af58}: 'java.lang.Object java.lang.invoke.DirectMethodHandle$Holder.invokeStatic(java.lang.Object, long, java.lang.Object)'> (0x0000000713f9af58) 
thrown [s\open\src\hotspot\share\interpreter\linkResolver.cpp, line 773]
Event: 1.067 Thread 0x000002748ca46fd0 Exception <a 'java/lang/NoSuchMethodError'{0x0000000713f9e940}: 'java.lang.Object java.lang.invoke.DirectMethodHandle$Holder.invokeStaticInit(java.lang.Object, long, java.lang.Object)'> (0x0000000713f9e940) 
thrown [s\open\src\hotspot\share\interpreter\linkResolver.cpp, line 773]
Event: 1.074 Thread 0x000002748ca46fd0 Exception <a 'sun/nio/fs/WindowsException'{0x0000000713fccc18}> (0x0000000713fccc18) 
thrown [s\open\src\hotspot\share\prims\jni.cpp, line 520]
Event: 8.099 Thread 0x000002748ca46fd0 Exception <a 'sun/nio/fs/WindowsException'{0x0000000713c53088}> (0x0000000713c53088) 
thrown [s\open\src\hotspot\share\prims\jni.cpp, line 520]
Event: 8.176 Thread 0x000002748ca46fd0 Exception <a 'java/lang/NoSuchMethodError'{0x0000000713dd2030}: 'java.lang.Object java.lang.invoke.DirectMethodHandle$Holder.invokeVirtual(java.lang.Object, java.lang.Object, java.lang.Object)'> (0x0000000713dd2030) 
thrown [s\open\src\hotspot\share\interpreter\linkResolver.cpp, line 773]

ZGC Phase Switch (0 events):
No events

VM Operations (18 events):
Event: 0.283 Executing VM operation: HandshakeAllThreads (Deoptimize)
Event: 0.283 Executing VM operation: HandshakeAllThreads (Deoptimize) done
Event: 0.854 Executing VM operation: HandshakeAllThreads (Deoptimize)
Event: 0.854 Executing VM operation: HandshakeAllThreads (Deoptimize) done
Event: 0.972 Executing VM operation: G1CollectForAllocation (G1 Evacuation Pause)
Event: 0.978 Executing VM operation: G1CollectForAllocation (G1 Evacuation Pause) done
Event: 1.070 Executing VM operation: HandshakeAllThreads (Deoptimize)
Event: 1.070 Executing VM operation: HandshakeAllThreads (Deoptimize) done
Event: 2.070 Executing VM operation: Cleanup
Event: 2.070 Executing VM operation: Cleanup done
Event: 8.102 Executing VM operation: HandshakeAllThreads (Deoptimize)
Event: 8.102 Executing VM operation: HandshakeAllThreads (Deoptimize) done
Event: 8.103 Executing VM operation: Cleanup
Event: 8.103 Executing VM operation: Cleanup done
Event: 8.108 Executing VM operation: HandshakeAllThreads (Deoptimize)
Event: 8.108 Executing VM operation: HandshakeAllThreads (Deoptimize) done
Event: 8.167 Executing VM operation: HandshakeAllThreads (Deoptimize)
Event: 8.167 Executing VM operation: HandshakeAllThreads (Deoptimize) done

Events (20 events):
Event: 0.068 Thread 0x0000027446a963c0 Thread added: 0x0000027446a963c0
Event: 0.068 Thread 0x0000027446a96fd0 Thread added: 0x0000027446a96fd0
Event: 0.068 Thread 0x0000027446a97a30 Thread added: 0x0000027446a97a30
Event: 0.068 Thread 0x0000027446a98770 Thread added: 0x0000027446a98770
Event: 0.069 Thread 0x0000027446a9d540 Thread added: 0x0000027446a9d540
Event: 0.069 Thread 0x0000027446a9e650 Thread added: 0x0000027446a9e650
Event: 0.106 Thread 0x000002748c0fe4d0 Thread added: 0x000002748c0fe4d0
Event: 0.204 Thread 0x000002748c270740 Thread added: 0x000002748c270740
Event: 0.208 Thread 0x000002748c221ac0 Thread added: 0x000002748c221ac0
Event: 0.362 Thread 0x000002748c841730 Thread added: 0x000002748c841730
Event: 0.362 Thread 0x000002748c6b6150 Thread added: 0x000002748c6b6150
Event: 0.491 Thread 0x000002748c221ac0 Thread exited: 0x000002748c221ac0
Event: 0.771 Thread 0x000002748c270740 Thread exited: 0x000002748c270740
Event: 0.795 Thread 0x000002748c9bed00 Thread added: 0x000002748c9bed00
Event: 0.868 Thread 0x000002748ca464e0 Thread added: 0x000002748ca464e0
Event: 0.873 Thread 0x000002748ca46fd0 Thread added: 0x000002748ca46fd0
Event: 0.981 Thread 0x00000274926b97f0 Thread added: 0x00000274926b97f0
Event: 1.003 Thread 0x000002748c030980 Thread added: 0x000002748c030980
Event: 8.091 Thread 0x00000274927196e0 Thread added: 0x00000274927196e0
Event: 8.165 Thread 0x000002748c220ee0 Thread added: 0x000002748c220ee0


Dynamic libraries:
0x00007ff7e1340000 - 0x00007ff7e1350000 	C:\Program Files\Java\jdk-21.0.2\bin\java.exe
0x00007ff8475f0000 - 0x00007ff847807000 	C:\WINDOWS\SYSTEM32\ntdll.dll
0x00007ff846210000 - 0x00007ff8462d4000 	C:\WINDOWS\System32\KERNEL32.DLL
0x00007ff844a60000 - 0x00007ff844e19000 	C:\WINDOWS\System32\KERNELBASE.dll
0x00007ff8451f0000 - 0x00007ff845301000 	C:\WINDOWS\System32\ucrtbase.dll
0x00007ff83a070000 - 0x00007ff83a089000 	C:\Program Files\Java\jdk-21.0.2\bin\jli.dll
0x00007ff845310000 - 0x00007ff8453c2000 	C:\WINDOWS\System32\ADVAPI32.dll
0x00007ff846070000 - 0x00007ff846117000 	C:\WINDOWS\System32\msvcrt.dll
0x00007ff846970000 - 0x00007ff846a17000 	C:\WINDOWS\System32\sechost.dll
0x00007ff844ee0000 - 0x00007ff844f08000 	C:\WINDOWS\System32\bcrypt.dll
0x00007ff846370000 - 0x00007ff846484000 	C:\WINDOWS\System32\RPCRT4.dll
0x00007ff845a20000 - 0x00007ff845bce000 	C:\WINDOWS\System32\USER32.dll
0x00007ff8450a0000 - 0x00007ff8450c6000 	C:\WINDOWS\System32\win32u.dll
0x00007ff8459d0000 - 0x00007ff8459f9000 	C:\WINDOWS\System32\GDI32.dll
0x00007ff844f80000 - 0x00007ff84509b000 	C:\WINDOWS\System32\gdi32full.dll
0x00007ff8450d0000 - 0x00007ff84516a000 	C:\WINDOWS\System32\msvcp_win.dll
0x00007ff838c40000 - 0x00007ff838c5b000 	C:\Program Files\Java\jdk-21.0.2\bin\VCRUNTIME140.dll
0x00007ff825490000 - 0x00007ff825722000 	C:\WINDOWS\WinSxS\amd64_microsoft.windows.common-controls_6595b64144ccf1df_6.0.22621.4391_none_2715d37f73803e96\COMCTL32.dll
0x00007ff837ad0000 - 0x00007ff837ada000 	C:\WINDOWS\SYSTEM32\VERSION.dll
0x00007ff846510000 - 0x00007ff846541000 	C:\WINDOWS\System32\IMM32.DLL
0x00007ff82a920000 - 0x00007ff82aa81000 	C:\Program Files (x86)\Citrix\ICA Client\ctxapclient64.dll
0x00007ff845630000 - 0x00007ff8459bf000 	C:\WINDOWS\System32\combase.dll
0x00007ff843a40000 - 0x00007ff843a74000 	C:\WINDOWS\SYSTEM32\ntmarta.dll
0x0000027427540000 - 0x00000274275bb000 	C:\WINDOWS\System32\bcryptprimitives.dll
0x00007ff82a820000 - 0x00007ff82a85a000 	C:\Program Files (x86)\Citrix\ICA Client\Receiver\FeatureFlagHelper64.dll
0x00007ff83b690000 - 0x00007ff83b69c000 	C:\Program Files\Java\jdk-21.0.2\bin\vcruntime140_1.dll
0x00007ff80a700000 - 0x00007ff80a78e000 	C:\Program Files\Java\jdk-21.0.2\bin\msvcp140.dll
0x00007fffccfe0000 - 0x00007fffcdcf7000 	C:\Program Files\Java\jdk-21.0.2\bin\server\jvm.dll
0x00007ff8462f0000 - 0x00007ff846361000 	C:\WINDOWS\System32\WS2_32.dll
0x00007ff8447c0000 - 0x00007ff84480d000 	C:\WINDOWS\SYSTEM32\POWRPROF.dll
0x00007ff83b530000 - 0x00007ff83b564000 	C:\WINDOWS\SYSTEM32\WINMM.dll
0x00007ff8447a0000 - 0x00007ff8447b3000 	C:\WINDOWS\SYSTEM32\UMPDC.dll
0x00007ff8438d0000 - 0x00007ff8438e8000 	C:\WINDOWS\SYSTEM32\kernel.appcore.dll
0x00007ff833710000 - 0x00007ff83371a000 	C:\Program Files\Java\jdk-21.0.2\bin\jimage.dll
0x00007ff83e320000 - 0x00007ff83e552000 	C:\WINDOWS\SYSTEM32\DBGHELP.DLL
0x00007ff8474d0000 - 0x00007ff8475a7000 	C:\WINDOWS\System32\OLEAUT32.dll
0x00007ff838650000 - 0x00007ff838682000 	C:\WINDOWS\SYSTEM32\dbgcore.DLL
0x00007ff833700000 - 0x00007ff83370f000 	C:\Program Files\Java\jdk-21.0.2\bin\instrument.dll
0x00007ff82ea80000 - 0x00007ff82ea9f000 	C:\Program Files\Java\jdk-21.0.2\bin\java.dll
0x00007ff846c50000 - 0x00007ff8474c6000 	C:\WINDOWS\System32\SHELL32.dll
0x00007ff842830000 - 0x00007ff843133000 	C:\WINDOWS\SYSTEM32\windows.storage.dll
0x00007ff8426f0000 - 0x00007ff84282f000 	C:\WINDOWS\SYSTEM32\wintypes.dll
0x00007ff8466b0000 - 0x00007ff8467a9000 	C:\WINDOWS\System32\SHCORE.dll
0x00007ff846120000 - 0x00007ff84617e000 	C:\WINDOWS\System32\shlwapi.dll
0x00007ff844820000 - 0x00007ff84484b000 	C:\WINDOWS\SYSTEM32\profapi.dll
0x00007ff809dc0000 - 0x00007ff809e97000 	C:\Program Files\Java\jdk-21.0.2\bin\jsvml.dll
0x00007ff82ea70000 - 0x00007ff82ea80000 	C:\Program Files\Java\jdk-21.0.2\bin\net.dll
0x00007ff839ac0000 - 0x00007ff839bf6000 	C:\WINDOWS\SYSTEM32\WINHTTP.dll
0x00007ff843db0000 - 0x00007ff843e19000 	C:\WINDOWS\system32\mswsock.dll
0x00007ff8151e0000 - 0x00007ff8151f6000 	C:\Program Files\Java\jdk-21.0.2\bin\nio.dll
0x00007ff814de0000 - 0x00007ff814df8000 	C:\Program Files\Java\jdk-21.0.2\bin\zip.dll
0x00007ff811b80000 - 0x00007ff811b9a000 	D:\IntelliJ IDEA 2024.2.4\bin\breakgen64.dll
0x0000027446f00000 - 0x0000027446f03000 	C:\Users\prabh\.openjfx\cache\21+31\amd64\api-ms-win-core-console-l1-1-0.dll
0x0000027446f10000 - 0x0000027446f13000 	C:\Users\prabh\.openjfx\cache\21+31\amd64\api-ms-win-core-console-l1-2-0.dll
0x0000027446f20000 - 0x0000027446f23000 	C:\Users\prabh\.openjfx\cache\21+31\amd64\api-ms-win-core-datetime-l1-1-0.dll
0x0000027446f30000 - 0x0000027446f33000 	C:\Users\prabh\.openjfx\cache\21+31\amd64\api-ms-win-core-debug-l1-1-0.dll
0x0000027446f40000 - 0x0000027446f43000 	C:\Users\prabh\.openjfx\cache\21+31\amd64\api-ms-win-core-errorhandling-l1-1-0.dll
0x0000027446f50000 - 0x0000027446f54000 	C:\Users\prabh\.openjfx\cache\21+31\amd64\api-ms-win-core-file-l1-1-0.dll
0x0000027446f60000 - 0x0000027446f63000 	C:\Users\prabh\.openjfx\cache\21+31\amd64\api-ms-win-core-file-l1-2-0.dll
0x0000027446f70000 - 0x0000027446f73000 	C:\Users\prabh\.openjfx\cache\21+31\amd64\api-ms-win-core-file-l2-1-0.dll
0x0000027446f80000 - 0x0000027446f83000 	C:\Users\prabh\.openjfx\cache\21+31\amd64\api-ms-win-core-handle-l1-1-0.dll
0x0000027446f90000 - 0x0000027446f93000 	C:\Users\prabh\.openjfx\cache\21+31\amd64\api-ms-win-core-heap-l1-1-0.dll
0x0000027446fa0000 - 0x0000027446fa3000 	C:\Users\prabh\.openjfx\cache\21+31\amd64\api-ms-win-core-interlocked-l1-1-0.dll
0x0000027446fb0000 - 0x0000027446fb3000 	C:\Users\prabh\.openjfx\cache\21+31\amd64\api-ms-win-core-libraryloader-l1-1-0.dll
0x0000027446fc0000 - 0x0000027446fc3000 	C:\Users\prabh\.openjfx\cache\21+31\amd64\api-ms-win-core-localization-l1-2-0.dll
0x0000027446fd0000 - 0x0000027446fd3000 	C:\Users\prabh\.openjfx\cache\21+31\amd64\api-ms-win-core-memory-l1-1-0.dll
0x0000027446fe0000 - 0x0000027446fe3000 	C:\Users\prabh\.openjfx\cache\21+31\amd64\api-ms-win-core-namedpipe-l1-1-0.dll
0x0000027446ff0000 - 0x0000027446ff3000 	C:\Users\prabh\.openjfx\cache\21+31\amd64\api-ms-win-core-processenvironment-l1-1-0.dll
0x000002748cc00000 - 0x000002748cc03000 	C:\Users\prabh\.openjfx\cache\21+31\amd64\api-ms-win-core-processthreads-l1-1-0.dll
0x000002748cc10000 - 0x000002748cc13000 	C:\Users\prabh\.openjfx\cache\21+31\amd64\api-ms-win-core-processthreads-l1-1-1.dll
0x000002748cc20000 - 0x000002748cc23000 	C:\Users\prabh\.openjfx\cache\21+31\amd64\api-ms-win-core-profile-l1-1-0.dll
0x000002748cc30000 - 0x000002748cc33000 	C:\Users\prabh\.openjfx\cache\21+31\amd64\api-ms-win-core-rtlsupport-l1-1-0.dll
0x000002748cc40000 - 0x000002748cc43000 	C:\Users\prabh\.openjfx\cache\21+31\amd64\api-ms-win-core-string-l1-1-0.dll
0x000002748cc50000 - 0x000002748cc53000 	C:\Users\prabh\.openjfx\cache\21+31\amd64\api-ms-win-core-synch-l1-1-0.dll
0x000002748cc60000 - 0x000002748cc63000 	C:\Users\prabh\.openjfx\cache\21+31\amd64\api-ms-win-core-synch-l1-2-0.dll
0x000002748cc70000 - 0x000002748cc73000 	C:\Users\prabh\.openjfx\cache\21+31\amd64\api-ms-win-core-sysinfo-l1-1-0.dll
0x000002748cc80000 - 0x000002748cc83000 	C:\Users\prabh\.openjfx\cache\21+31\amd64\api-ms-win-core-timezone-l1-1-0.dll
0x000002748cc90000 - 0x000002748cc93000 	C:\Users\prabh\.openjfx\cache\21+31\amd64\api-ms-win-core-util-l1-1-0.dll
0x000002748cca0000 - 0x000002748cca3000 	C:\Users\prabh\.openjfx\cache\21+31\amd64\api-ms-win-crt-conio-l1-1-0.dll
0x000002748ccb0000 - 0x000002748ccb4000 	C:\Users\prabh\.openjfx\cache\21+31\amd64\api-ms-win-crt-convert-l1-1-0.dll
0x000002748ccc0000 - 0x000002748ccc3000 	C:\Users\prabh\.openjfx\cache\21+31\amd64\api-ms-win-crt-environment-l1-1-0.dll
0x000002748ccd0000 - 0x000002748ccd3000 	C:\Users\prabh\.openjfx\cache\21+31\amd64\api-ms-win-crt-filesystem-l1-1-0.dll
0x000002748cce0000 - 0x000002748cce3000 	C:\Users\prabh\.openjfx\cache\21+31\amd64\api-ms-win-crt-heap-l1-1-0.dll
0x000002748ccf0000 - 0x000002748ccf3000 	C:\Users\prabh\.openjfx\cache\21+31\amd64\api-ms-win-crt-locale-l1-1-0.dll
0x000002748cd00000 - 0x000002748cd05000 	C:\Users\prabh\.openjfx\cache\21+31\amd64\api-ms-win-crt-math-l1-1-0.dll
0x000002748cd10000 - 0x000002748cd15000 	C:\Users\prabh\.openjfx\cache\21+31\amd64\api-ms-win-crt-multibyte-l1-1-0.dll
0x000002748cd20000 - 0x000002748cd30000 	C:\Users\prabh\.openjfx\cache\21+31\amd64\api-ms-win-crt-private-l1-1-0.dll
0x000002748cd30000 - 0x000002748cd33000 	C:\Users\prabh\.openjfx\cache\21+31\amd64\api-ms-win-crt-process-l1-1-0.dll
0x000002748cd40000 - 0x000002748cd44000 	C:\Users\prabh\.openjfx\cache\21+31\amd64\api-ms-win-crt-runtime-l1-1-0.dll
0x000002748cd50000 - 0x000002748cd54000 	C:\Users\prabh\.openjfx\cache\21+31\amd64\api-ms-win-crt-stdio-l1-1-0.dll
0x000002748cd60000 - 0x000002748cd64000 	C:\Users\prabh\.openjfx\cache\21+31\amd64\api-ms-win-crt-string-l1-1-0.dll
0x000002748cd70000 - 0x000002748cd73000 	C:\Users\prabh\.openjfx\cache\21+31\amd64\api-ms-win-crt-time-l1-1-0.dll
0x000002748cd80000 - 0x000002748cd83000 	C:\Users\prabh\.openjfx\cache\21+31\amd64\api-ms-win-crt-utility-l1-1-0.dll
0x00007ffffddf0000 - 0x00007ffffdeec000 	C:\Users\prabh\.openjfx\cache\21+31\amd64\ucrtbase.dll
0x00007ff811b20000 - 0x00007ff811b3b000 	C:\Users\prabh\.openjfx\cache\21+31\amd64\vcruntime140.dll
0x00007ff826700000 - 0x00007ff82670c000 	C:\Users\prabh\.openjfx\cache\21+31\amd64\vcruntime140_1.dll
0x00007ff8055a0000 - 0x00007ff80562e000 	C:\Users\prabh\.openjfx\cache\21+31\amd64\msvcp140.dll
0x000002748cd90000 - 0x000002748cf35000 	C:\WINDOWS\System32\ole32.dll
0x00007ff825730000 - 0x00007ff825739000 	C:\Users\prabh\.openjfx\cache\21+31\amd64\msvcp140_1.dll
0x00007ff80d930000 - 0x00007ff80d95f000 	C:\Users\prabh\.openjfx\cache\21+31\amd64\msvcp140_2.dll
0x00007ff80bc80000 - 0x00007ff80bcaf000 	C:\Users\prabh\.openjfx\cache\21+31\amd64\prism_d3d.dll
0x00007ff817e70000 - 0x00007ff818018000 	C:\WINDOWS\system32\d3d9.dll
0x00007ff83e7e0000 - 0x00007ff83e80b000 	C:\WINDOWS\SYSTEM32\dwmapi.dll
0x00007ff83e590000 - 0x00007ff83e5c7000 	C:\WINDOWS\SYSTEM32\dxcore.dll
0x00007ff83e140000 - 0x00007ff83e1f1000 	C:\WINDOWS\system32\uxtheme.dll
0x00007ffffdc40000 - 0x00007ffffdded000 	C:\WINDOWS\System32\DriverStore\FileRepository\iigd_dch.inf_amd64_306090fd1d6bb4fa\igdumdim64.dll
0x00007fffc81e0000 - 0x00007fffcb284000 	C:\WINDOWS\System32\DriverStore\FileRepository\iigd_dch.inf_amd64_306090fd1d6bb4fa\igd9dxva64.dll
0x000002748cfd0000 - 0x000002748d444000 	C:\WINDOWS\System32\SETUPAPI.dll
0x00007ff8444f0000 - 0x00007ff84453e000 	C:\WINDOWS\SYSTEM32\cfgmgr32.dll
0x00007ff831ad0000 - 0x00007ff831ed9000 	C:\WINDOWS\System32\DriverStore\FileRepository\iigd_dch.inf_amd64_306090fd1d6bb4fa\igdgmm64.dll
0x00007ff8390b0000 - 0x00007ff8390f9000 	C:\WINDOWS\SYSTEM32\directxdatabasehelper.dll
0x00007ff807b20000 - 0x00007ff807b62000 	C:\Users\prabh\.openjfx\cache\21+31\amd64\glass.dll
0x00007ff846870000 - 0x00007ff84696f000 	C:\WINDOWS\System32\COMDLG32.dll
0x000002748de50000 - 0x000002748dfb0000 	C:\WINDOWS\System32\MSCTF.dll
0x00007ff81ee70000 - 0x00007ff81ee97000 	C:\WINDOWS\System32\DriverStore\FileRepository\iigd_dch.inf_amd64_306090fd1d6bb4fa\igdinfo64.dll
0x00007ff844000000 - 0x00007ff84401b000 	C:\WINDOWS\SYSTEM32\CRYPTSP.dll
0x00007ff843890000 - 0x00007ff8438c5000 	C:\WINDOWS\system32\rsaenh.dll
0x00007ff844020000 - 0x00007ff84402c000 	C:\WINDOWS\SYSTEM32\CRYPTBASE.dll
0x00007ffff3a00000 - 0x00007ffff7196000 	C:\WINDOWS\System32\DriverStore\FileRepository\iigd_dch.inf_amd64_306090fd1d6bb4fa\igc64.dll

dbghelp: loaded successfully - version: 4.0.5 - missing functions: none
symbol engine: initialized successfully - sym options: 0x614 - pdb path: .;C:\Program Files\Java\jdk-21.0.2\bin;C:\WINDOWS\SYSTEM32;C:\WINDOWS\WinSxS\amd64_microsoft.windows.common-controls_6595b64144ccf1df_6.0.22621.4391_none_2715d37f73803e96;C:\Program Files (x86)\Citrix\ICA Client;C:\Program Files (x86)\Citrix\ICA Client\Receiver;C:\Program Files\Java\jdk-21.0.2\bin\server;D:\IntelliJ IDEA 2024.2.4\bin;C:\Users\prabh\.openjfx\cache\21+31\amd64;C:\WINDOWS\System32\DriverStore\FileRepository\iigd_dch.inf_amd64_306090fd1d6bb4fa

VM Arguments:
jvm_args: -javaagent:D:\IntelliJ IDEA 2024.2.4\lib\idea_rt.jar=53553:D:\IntelliJ IDEA 2024.2.4\bin -Dfile.encoding=UTF-8 -Dsun.stdout.encoding=UTF-8 -Dsun.stderr.encoding=UTF-8 --module-path=C:\Users\prabh\.m2\repository\com\mysql\mysql-connector-j\8.0.33\mysql-connector-j-8.0.33.jar;C:\Users\prabh\.m2\repository\org\openjfx\javafx-fxml\21\javafx-fxml-21-win.jar;C:\Users\prabh\.m2\repository\com\google\code\gson\gson\2.8.9\gson-2.8.9.jar;C:\Users\prabh\.m2\repository\org\openjfx\javafx-graphics\21\javafx-graphics-21-win.jar;C:\Users\prabh\.m2\repository\org\openjfx\javafx-controls\21\javafx-controls-21-win.jar;C:\Users\prabh\.m2\repository\org\openjfx\javafx-base\21\javafx-base-21-win.jar;C:\Users\prabh\IdeaProjects\OOD5\target\classes -Djdk.module.main=org.example.ood5 
java_command: org.example.ood5/Main.Main
java_class_path (initial): C:\Users\prabh\.m2\repository\org\openjfx\javafx-controls\21\javafx-controls-21.jar;C:\Users\prabh\.m2\repository\org\openjfx\javafx-graphics\21\javafx-graphics-21.jar;C:\Users\prabh\.m2\repository\org\openjfx\javafx-base\21\javafx-base-21.jar;C:\Users\prabh\.m2\repository\org\openjfx\javafx-fxml\21\javafx-fxml-21.jar;C:\Users\prabh\.m2\repository\com\google\protobuf\protobuf-java\3.21.9\protobuf-java-3.21.9.jar
Launcher Type: SUN_STANDARD

[Global flags]
     intx CICompilerCount                          = 4                                         {product} {ergonomic}
     uint ConcGCThreads                            = 2                                         {product} {ergonomic}
     uint G1ConcRefinementThreads                  = 8                                         {product} {ergonomic}
   size_t G1HeapRegionSize                         = 2097152                                   {product} {ergonomic}
    uintx GCDrainStackTargetSize                   = 64                                        {product} {ergonomic}
   size_t InitialHeapSize                          = 264241152                                 {product} {ergonomic}
   size_t MarkStackSize                            = 4194304                                   {product} {ergonomic}
   size_t MaxHeapSize                              = 4221566976                                {product} {ergonomic}
   size_t MaxNewSize                               = 2531262464                                {product} {ergonomic}
   size_t MinHeapDeltaBytes                        = 2097152                                   {product} {ergonomic}
   size_t MinHeapSize                              = 8388608                                   {product} {ergonomic}
    uintx NonNMethodCodeHeapSize                   = 5839372                                {pd product} {ergonomic}
    uintx NonProfiledCodeHeapSize                  = 122909434                              {pd product} {ergonomic}
    uintx ProfiledCodeHeapSize                     = 122909434                              {pd product} {ergonomic}
    uintx ReservedCodeCacheSize                    = 251658240                              {pd product} {ergonomic}
     bool SegmentedCodeCache                       = true                                      {product} {ergonomic}
   size_t SoftMaxHeapSize                          = 4221566976                             {manageable} {ergonomic}
     bool UseCompressedOops                        = true                           {product lp64_product} {ergonomic}
     bool UseG1GC                                  = true                                      {product} {ergonomic}
     bool UseLargePagesIndividualAllocation        = false                                  {pd product} {ergonomic}

Logging:
Log output configuration:
 #0: stdout all=warning uptime,level,tags foldmultilines=false
 #1: stderr all=off uptime,level,tags foldmultilines=false

Environment Variables:
JAVA_HOME=C:\Program Files\Java\jdk-21.0.2
PATH=C:\WINDOWS\system32;C:\WINDOWS;C:\WINDOWS\System32\Wbem;C:\WINDOWS\System32\WindowsPowerShell\v1.0\;C:\WINDOWS\System32\OpenSSH\;C:\Program Files\Java\jdk-21.0.2\bin;C:\Users\prabh\AppData\Local\Programs\MiKTeX\miktex\bin\x64\;C:\Users\prabh\.m2\wrapper\dists\apache-maven-3.8.5-bin\5i5jha092a3i37g0paqnfr15e0\apache-maven-3.8.5\bin;C:\Program Files\Git\cmd;C:\Users\prabh\AppData\Local\Programs\Python\Python311\Scripts\;C:\Users\prabh\AppData\Local\Programs\Python\Python311\;C:\Users\prabh\AppData\Local\Microsoft\WindowsApps;C:\Users\prabh\AppData\Local\Programs\Microsoft VS Code\bin;C:\Users\prabh\AppData\Local\JetBrains\Toolbox\scripts;C:\Users\prabh\AppData\Local\Programs\MiKTeX\miktex\bin\x64\;C:\Program Files\JetBrains\IntelliJ IDEA 2023.3.3\bin;
USERNAME=prabh
OS=Windows_NT
PROCESSOR_IDENTIFIER=Intel64 Family 6 Model 142 Stepping 12, GenuineIntel
TMP=C:\Users\prabh\AppData\Local\Temp
TEMP=C:\Users\prabh\AppData\Local\Temp




Periodic native trim disabled

---------------  S Y S T E M  ---------------

OS:
 Windows 11 , 64 bit Build 22621 (10.0.22621.4391)
OS uptime: 11 days 3:30 hours

CPU: total 8 (initial active 8) (4 cores per cpu, 2 threads per core) family 6 model 142 stepping 12 microcode 0xfa, cx8, cmov, fxsr, ht, mmx, 3dnowpref, sse, sse2, sse3, ssse3, sse4.1, sse4.2, popcnt, lzcnt, tsc, tscinvbit, avx, avx2, aes, erms, clmul, bmi1, bmi2, adx, fma, vzeroupper, clflush, clflushopt, rdtscp, f16c
Processor Information for all 8 processors :
  Max Mhz: 1896, Current Mhz: 798, Mhz Limit: 796

Memory: 4k page, system-wide physical 16099M (3380M free)
TotalPageFile size 33712M (AvailPageFile size 6M)
current process WorkingSet (physical memory assigned to process): 108M, peak: 108M
current process commit charge ("private bytes"): 378M, peak: 378M

vm_info: Java HotSpot(TM) 64-Bit Server VM (21.0.2+13-LTS-58) for windows-amd64 JRE (21.0.2+13-LTS-58), built on 2024-01-05T18:32:24Z by "mach5one" with MS VC++ 17.1 (VS2022)

END.
