#
# There is insufficient memory for the Java Runtime Environment to continue.
# Native memory allocation (malloc) failed to allocate 75168 bytes for Chunk::new
# Possible reasons:
#   The system is out of physical RAM or swap space
#   The process is running with CompressedOops enabled, and the Java Heap may be blocking the growth of the native heap
# Possible solutions:
#   Reduce memory load on the system
#   Increase physical memory or swap space
#   Check if swap backing store is full
#   Decrease Java heap size (-Xmx/-Xms)
#   Decrease number of Java threads
#   Decrease Java thread stack sizes (-Xss)
#   Set larger code cache with -XX:ReservedCodeCacheSize=
#   JVM is running with Zero Based Compressed Oops mode in which the Java heap is
#     placed in the first 32GB address space. The Java Heap base address is the
#     maximum limit for the native heap growth. Please use -XX:HeapBaseMinAddress
#     to set the Java Heap base and to place the Java Heap above 32GB virtual address.
# This output file may be truncated or incomplete.
#
#  Out of Memory Error (arena.cpp:168), pid=5772, tid=1620
#
# JRE version: Java(TM) SE Runtime Environment (21.0.2+13) (build 21.0.2+13-LTS-58)
# Java VM: Java HotSpot(TM) 64-Bit Server VM (21.0.2+13-LTS-58, mixed mode, sharing, tiered, compressed oops, compressed class ptrs, g1 gc, windows-amd64)
# No core dump will be written. Minidumps are not enabled by default on client versions of Windows
#

---------------  S U M M A R Y ------------

Command Line: -javaagent:D:\IntelliJ IDEA 2024.2.4\lib\idea_rt.jar=57409:D:\IntelliJ IDEA 2024.2.4\bin -Dfile.encoding=UTF-8 -Dsun.stdout.encoding=UTF-8 -Dsun.stderr.encoding=UTF-8 --module-path=C:\Users\prabh\.m2\repository\org\openjfx\javafx-controls\21\javafx-controls-21-win.jar;C:\Users\prabh\.m2\repository\com\google\code\gson\gson\2.8.9\gson-2.8.9.jar;C:\Users\prabh\.m2\repository\org\openjfx\javafx-fxml\21\javafx-fxml-21-win.jar;C:\Users\prabh\IdeaProjects\OOD5\target\classes;C:\Users\prabh\.m2\repository\org\openjfx\javafx-graphics\21\javafx-graphics-21-win.jar;C:\Users\prabh\.m2\repository\com\mysql\mysql-connector-j\8.0.33\mysql-connector-j-8.0.33.jar;C:\Users\prabh\.m2\repository\org\openjfx\javafx-base\21\javafx-base-21-win.jar -Djdk.module.main=org.example.ood5 org.example.ood5/Main.Main

Host: Intel(R) Core(TM) i5-8365U CPU @ 1.60GHz, 8 cores, 15G,  Windows 11 , 64 bit Build 22621 (10.0.22621.4391)
Time: Wed Nov 27 15:54:25 2024 Sri Lanka Standard Time elapsed time: 8.112923 seconds (0d 0h 0m 8s)

---------------  T H R E A D  ---------------

Current thread (0x0000016212aeb0d0):  JavaThread "C2 CompilerThread1" daemon [_thread_in_native, id=1620, stack(0x0000002823c00000,0x0000002823d00000) (1024K)]


Current CompileTask:
C2:   8113 1090       4       java.lang.AbstractStringBuilder::append (77 bytes)

Stack: [0x0000002823c00000,0x0000002823d00000]
Native frames: (J=compiled Java code, j=interpreted, Vv=VM code, C=native code)
V  [jvm.dll+0x6cade9]
V  [jvm.dll+0x8569c1]
V  [jvm.dll+0x858d2e]
V  [jvm.dll+0x859413]
V  [jvm.dll+0x280e56]
V  [jvm.dll+0xc3f3d]
V  [jvm.dll+0xc4473]
V  [jvm.dll+0x3b5c2c]
V  [jvm.dll+0x382855]
V  [jvm.dll+0x381cca]
V  [jvm.dll+0x249bd0]
V  [jvm.dll+0x2491b1]
V  [jvm.dll+0x1c9634]
V  [jvm.dll+0x258859]
V  [jvm.dll+0x256e3a]
V  [jvm.dll+0x3ef6c6]
V  [jvm.dll+0x7ff568]
V  [jvm.dll+0x6c953d]
C  [ucrtbase.dll+0x29333]
C  [KERNEL32.DLL+0x1259d]
C  [ntdll.dll+0x5af38]


---------------  P R O C E S S  ---------------

Threads class SMR info:
_java_thread_list=0x00000162127c0cd0, length=16, elements={
0x00000161ad651420, 0x00000161cc1833c0, 0x00000161cc183f80, 0x00000161cc185c80,
0x00000161cc186b50, 0x00000161cc6e1b10, 0x00000161cc6e00d0, 0x00000161cc18e8d0,
0x00000161cc6e6950, 0x00000161cc6e21a0, 0x00000161cc6e2830, 0x00000161cc6e0df0,
0x00000161cc6e2ec0, 0x00000161cc6e0760, 0x0000016212b54050, 0x0000016212aeb0d0
}

Java Threads: ( => current thread )
  0x00000161ad651420 JavaThread "main"                              [_thread_blocked, id=10276, stack(0x0000002822900000,0x0000002822a00000) (1024K)]
  0x00000161cc1833c0 JavaThread "Reference Handler"          daemon [_thread_blocked, id=18088, stack(0x0000002823200000,0x0000002823300000) (1024K)]
  0x00000161cc183f80 JavaThread "Finalizer"                  daemon [_thread_blocked, id=16408, stack(0x0000002823300000,0x0000002823400000) (1024K)]
  0x00000161cc185c80 JavaThread "Signal Dispatcher"          daemon [_thread_blocked, id=10232, stack(0x0000002823400000,0x0000002823500000) (1024K)]
  0x00000161cc186b50 JavaThread "Attach Listener"            daemon [_thread_blocked, id=18972, stack(0x0000002823500000,0x0000002823600000) (1024K)]
  0x00000161cc6e1b10 JavaThread "Service Thread"             daemon [_thread_blocked, id=10036, stack(0x0000002823600000,0x0000002823700000) (1024K)]
  0x00000161cc6e00d0 JavaThread "Monitor Deflation Thread"   daemon [_thread_blocked, id=16884, stack(0x0000002823700000,0x0000002823800000) (1024K)]
  0x00000161cc18e8d0 JavaThread "C2 CompilerThread0"         daemon [_thread_blocked, id=18580, stack(0x0000002823800000,0x0000002823900000) (1024K)]
  0x00000161cc6e6950 JavaThread "C1 CompilerThread0"         daemon [_thread_blocked, id=5560, stack(0x0000002823900000,0x0000002823a00000) (1024K)]
  0x00000161cc6e21a0 JavaThread "Common-Cleaner"             daemon [_thread_blocked, id=12796, stack(0x0000002823a00000,0x0000002823b00000) (1024K)]
  0x00000161cc6e2830 JavaThread "Monitor Ctrl-Break"         daemon [_thread_in_native, id=18920, stack(0x0000002823d00000,0x0000002823e00000) (1024K)]
  0x00000161cc6e0df0 JavaThread "Notification Thread"        daemon [_thread_blocked, id=12744, stack(0x0000002823e00000,0x0000002823f00000) (1024K)]
  0x00000161cc6e2ec0 JavaThread "InvokeLaterDispatcher"      daemon [_thread_blocked, id=10160, stack(0x0000002824000000,0x0000002824100000) (1024K)]
  0x00000161cc6e0760 JavaThread "Thread-1"                   daemon [_thread_in_native, id=3008, stack(0x0000002824500000,0x0000002824600000) (1024K)]
  0x0000016212b54050 JavaThread "mysql-cj-abandoned-connection-cleanup" daemon [_thread_blocked, id=9792, stack(0x0000002823b00000,0x0000002823c00000) (1024K)]
=>0x0000016212aeb0d0 JavaThread "C2 CompilerThread1"         daemon [_thread_in_native, id=1620, stack(0x0000002823c00000,0x0000002823d00000) (1024K)]
Total: 16

Other Threads:
  0x00000161cc165890 VMThread "VM Thread"                           [id=7296, stack(0x0000002823100000,0x0000002823200000) (1024K)]
  0x00000161cc14f120 WatcherThread "VM Periodic Task Thread"        [id=4952, stack(0x0000002823000000,0x0000002823100000) (1024K)]
  0x00000161ad6b7880 WorkerThread "GC Thread#0"                     [id=19188, stack(0x0000002822b00000,0x0000002822c00000) (1024K)]
  0x0000016212aafc30 WorkerThread "GC Thread#1"                     [id=17676, stack(0x0000002824600000,0x0000002824700000) (1024K)]
  0x0000016212ad6b20 WorkerThread "GC Thread#2"                     [id=9024, stack(0x0000002824700000,0x0000002824800000) (1024K)]
  0x0000016212ad6ec0 WorkerThread "GC Thread#3"                     [id=10488, stack(0x0000002824800000,0x0000002824900000) (1024K)]
  0x0000016212ad7260 WorkerThread "GC Thread#4"                     [id=19272, stack(0x0000002824900000,0x0000002824a00000) (1024K)]
  0x0000016212a3db20 WorkerThread "GC Thread#5"                     [id=11804, stack(0x0000002824a00000,0x0000002824b00000) (1024K)]
  0x00000161ad6c83e0 ConcurrentGCThread "G1 Main Marker"            [id=8540, stack(0x0000002822c00000,0x0000002822d00000) (1024K)]
  0x00000161ad6c96b0 WorkerThread "G1 Conc#0"                       [id=17212, stack(0x0000002822d00000,0x0000002822e00000) (1024K)]
  0x00000161cc01a240 ConcurrentGCThread "G1 Refine#0"               [id=19288, stack(0x0000002822e00000,0x0000002822f00000) (1024K)]
  0x00000161cc01aa60 ConcurrentGCThread "G1 Service"                [id=3528, stack(0x0000002822f00000,0x0000002823000000) (1024K)]
Total: 12

Threads with active compile tasks:
C2 CompilerThread1     8163 1090       4       java.lang.AbstractStringBuilder::append (77 bytes)
Total: 1

VM state: not at safepoint (normal execution)

VM Mutex/Monitor currently owned by a thread: None

OutOfMemory and StackOverflow Exception counts:
OutOfMemoryError java_heap_errors=1
LinkageErrors=22

Heap address: 0x0000000704600000, size: 4026 MB, Compressed Oops mode: Zero based, Oop shift amount: 3

CDS archive(s) mapped at: [0x00000161cd000000-0x00000161cdc90000-0x00000161cdc90000), size 13172736, SharedBaseAddress: 0x00000161cd000000, ArchiveRelocationMode: 1.
Compressed class space mapped at: 0x00000161ce000000-0x000001620e000000, reserved size: 1073741824
Narrow klass base: 0x00000161cd000000, Narrow klass shift: 0, Narrow klass range: 0x100000000

GC Precious Log:
 CardTable entry size: 512
 Card Set container configuration: InlinePtr #cards 4 size 8 Array Of Cards #cards 16 size 48 Howl #buckets 8 coarsen threshold 3686 Howl Bitmap #cards 512 size 80 coarsen threshold 460 Card regions per heap region 1 cards per card region 4096
 CPUs: 8 total, 8 available
 Memory: 16099M
 Large Page Support: Disabled
 NUMA Support: Disabled
 Compressed Oops: Enabled (Zero based)
 Heap Region Size: 2M
 Heap Min Capacity: 8M
 Heap Initial Capacity: 252M
 Heap Max Capacity: 4026M
 Pre-touch: Disabled
 Parallel Workers: 8
 Concurrent Workers: 2
 Concurrent Refinement Workers: 8
 Periodic GC: Disabled

Heap:
 garbage-first heap   total 258048K, used 8917K [0x0000000704600000, 0x0000000800000000)
  region size 2048K, 7 young (14336K), 2 survivors (4096K)
 Metaspace       used 6860K, committed 7104K, reserved 1114112K
  class space    used 775K, committed 896K, reserved 1048576K

Heap Regions: E=young(eden), S=young(survivor), O=old, HS=humongous(starts), HC=humongous(continues), CS=collection set, F=free, TAMS=top-at-mark-start, PB=parsable bottom
|   0|0x0000000704600000, 0x0000000704600000, 0x0000000704800000|  0%| F|  |TAMS 0x0000000704600000| PB 0x0000000704600000| Untracked 
|   1|0x0000000704800000, 0x0000000704800000, 0x0000000704a00000|  0%| F|  |TAMS 0x0000000704800000| PB 0x0000000704800000| Untracked 
|   2|0x0000000704a00000, 0x0000000704a00000, 0x0000000704c00000|  0%| F|  |TAMS 0x0000000704a00000| PB 0x0000000704a00000| Untracked 
|   3|0x0000000704c00000, 0x0000000704c00000, 0x0000000704e00000|  0%| F|  |TAMS 0x0000000704c00000| PB 0x0000000704c00000| Untracked 
|   4|0x0000000704e00000, 0x0000000704e00000, 0x0000000705000000|  0%| F|  |TAMS 0x0000000704e00000| PB 0x0000000704e00000| Untracked 
|   5|0x0000000705000000, 0x0000000705000000, 0x0000000705200000|  0%| F|  |TAMS 0x0000000705000000| PB 0x0000000705000000| Untracked 
|   6|0x0000000705200000, 0x0000000705200000, 0x0000000705400000|  0%| F|  |TAMS 0x0000000705200000| PB 0x0000000705200000| Untracked 
|   7|0x0000000705400000, 0x0000000705400000, 0x0000000705600000|  0%| F|  |TAMS 0x0000000705400000| PB 0x0000000705400000| Untracked 
|   8|0x0000000705600000, 0x0000000705600000, 0x0000000705800000|  0%| F|  |TAMS 0x0000000705600000| PB 0x0000000705600000| Untracked 
|   9|0x0000000705800000, 0x0000000705800000, 0x0000000705a00000|  0%| F|  |TAMS 0x0000000705800000| PB 0x0000000705800000| Untracked 
|  10|0x0000000705a00000, 0x0000000705a00000, 0x0000000705c00000|  0%| F|  |TAMS 0x0000000705a00000| PB 0x0000000705a00000| Untracked 
|  11|0x0000000705c00000, 0x0000000705c00000, 0x0000000705e00000|  0%| F|  |TAMS 0x0000000705c00000| PB 0x0000000705c00000| Untracked 
|  12|0x0000000705e00000, 0x0000000705e00000, 0x0000000706000000|  0%| F|  |TAMS 0x0000000705e00000| PB 0x0000000705e00000| Untracked 
|  13|0x0000000706000000, 0x0000000706000000, 0x0000000706200000|  0%| F|  |TAMS 0x0000000706000000| PB 0x0000000706000000| Untracked 
|  14|0x0000000706200000, 0x0000000706200000, 0x0000000706400000|  0%| F|  |TAMS 0x0000000706200000| PB 0x0000000706200000| Untracked 
|  15|0x0000000706400000, 0x0000000706400000, 0x0000000706600000|  0%| F|  |TAMS 0x0000000706400000| PB 0x0000000706400000| Untracked 
|  16|0x0000000706600000, 0x0000000706600000, 0x0000000706800000|  0%| F|  |TAMS 0x0000000706600000| PB 0x0000000706600000| Untracked 
|  17|0x0000000706800000, 0x0000000706800000, 0x0000000706a00000|  0%| F|  |TAMS 0x0000000706800000| PB 0x0000000706800000| Untracked 
|  18|0x0000000706a00000, 0x0000000706a00000, 0x0000000706c00000|  0%| F|  |TAMS 0x0000000706a00000| PB 0x0000000706a00000| Untracked 
|  19|0x0000000706c00000, 0x0000000706c00000, 0x0000000706e00000|  0%| F|  |TAMS 0x0000000706c00000| PB 0x0000000706c00000| Untracked 
|  20|0x0000000706e00000, 0x0000000706e00000, 0x0000000707000000|  0%| F|  |TAMS 0x0000000706e00000| PB 0x0000000706e00000| Untracked 
|  21|0x0000000707000000, 0x0000000707000000, 0x0000000707200000|  0%| F|  |TAMS 0x0000000707000000| PB 0x0000000707000000| Untracked 
|  22|0x0000000707200000, 0x0000000707200000, 0x0000000707400000|  0%| F|  |TAMS 0x0000000707200000| PB 0x0000000707200000| Untracked 
|  23|0x0000000707400000, 0x0000000707400000, 0x0000000707600000|  0%| F|  |TAMS 0x0000000707400000| PB 0x0000000707400000| Untracked 
|  24|0x0000000707600000, 0x0000000707600000, 0x0000000707800000|  0%| F|  |TAMS 0x0000000707600000| PB 0x0000000707600000| Untracked 
|  25|0x0000000707800000, 0x0000000707800000, 0x0000000707a00000|  0%| F|  |TAMS 0x0000000707800000| PB 0x0000000707800000| Untracked 
|  26|0x0000000707a00000, 0x0000000707a00000, 0x0000000707c00000|  0%| F|  |TAMS 0x0000000707a00000| PB 0x0000000707a00000| Untracked 
|  27|0x0000000707c00000, 0x0000000707c00000, 0x0000000707e00000|  0%| F|  |TAMS 0x0000000707c00000| PB 0x0000000707c00000| Untracked 
|  28|0x0000000707e00000, 0x0000000707e00000, 0x0000000708000000|  0%| F|  |TAMS 0x0000000707e00000| PB 0x0000000707e00000| Untracked 
|  29|0x0000000708000000, 0x0000000708000000, 0x0000000708200000|  0%| F|  |TAMS 0x0000000708000000| PB 0x0000000708000000| Untracked 
|  30|0x0000000708200000, 0x0000000708200000, 0x0000000708400000|  0%| F|  |TAMS 0x0000000708200000| PB 0x0000000708200000| Untracked 
|  31|0x0000000708400000, 0x0000000708400000, 0x0000000708600000|  0%| F|  |TAMS 0x0000000708400000| PB 0x0000000708400000| Untracked 
|  32|0x0000000708600000, 0x0000000708600000, 0x0000000708800000|  0%| F|  |TAMS 0x0000000708600000| PB 0x0000000708600000| Untracked 
|  33|0x0000000708800000, 0x0000000708800000, 0x0000000708a00000|  0%| F|  |TAMS 0x0000000708800000| PB 0x0000000708800000| Untracked 
|  34|0x0000000708a00000, 0x0000000708a00000, 0x0000000708c00000|  0%| F|  |TAMS 0x0000000708a00000| PB 0x0000000708a00000| Untracked 
|  35|0x0000000708c00000, 0x0000000708c00000, 0x0000000708e00000|  0%| F|  |TAMS 0x0000000708c00000| PB 0x0000000708c00000| Untracked 
|  36|0x0000000708e00000, 0x0000000708e00000, 0x0000000709000000|  0%| F|  |TAMS 0x0000000708e00000| PB 0x0000000708e00000| Untracked 
|  37|0x0000000709000000, 0x0000000709000000, 0x0000000709200000|  0%| F|  |TAMS 0x0000000709000000| PB 0x0000000709000000| Untracked 
|  38|0x0000000709200000, 0x0000000709200000, 0x0000000709400000|  0%| F|  |TAMS 0x0000000709200000| PB 0x0000000709200000| Untracked 
|  39|0x0000000709400000, 0x0000000709400000, 0x0000000709600000|  0%| F|  |TAMS 0x0000000709400000| PB 0x0000000709400000| Untracked 
|  40|0x0000000709600000, 0x0000000709600000, 0x0000000709800000|  0%| F|  |TAMS 0x0000000709600000| PB 0x0000000709600000| Untracked 
|  41|0x0000000709800000, 0x0000000709800000, 0x0000000709a00000|  0%| F|  |TAMS 0x0000000709800000| PB 0x0000000709800000| Untracked 
|  42|0x0000000709a00000, 0x0000000709a00000, 0x0000000709c00000|  0%| F|  |TAMS 0x0000000709a00000| PB 0x0000000709a00000| Untracked 
|  43|0x0000000709c00000, 0x0000000709c00000, 0x0000000709e00000|  0%| F|  |TAMS 0x0000000709c00000| PB 0x0000000709c00000| Untracked 
|  44|0x0000000709e00000, 0x0000000709e00000, 0x000000070a000000|  0%| F|  |TAMS 0x0000000709e00000| PB 0x0000000709e00000| Untracked 
|  45|0x000000070a000000, 0x000000070a000000, 0x000000070a200000|  0%| F|  |TAMS 0x000000070a000000| PB 0x000000070a000000| Untracked 
|  46|0x000000070a200000, 0x000000070a200000, 0x000000070a400000|  0%| F|  |TAMS 0x000000070a200000| PB 0x000000070a200000| Untracked 
|  47|0x000000070a400000, 0x000000070a400000, 0x000000070a600000|  0%| F|  |TAMS 0x000000070a400000| PB 0x000000070a400000| Untracked 
|  48|0x000000070a600000, 0x000000070a600000, 0x000000070a800000|  0%| F|  |TAMS 0x000000070a600000| PB 0x000000070a600000| Untracked 
|  49|0x000000070a800000, 0x000000070a800000, 0x000000070aa00000|  0%| F|  |TAMS 0x000000070a800000| PB 0x000000070a800000| Untracked 
|  50|0x000000070aa00000, 0x000000070aa00000, 0x000000070ac00000|  0%| F|  |TAMS 0x000000070aa00000| PB 0x000000070aa00000| Untracked 
|  51|0x000000070ac00000, 0x000000070ac00000, 0x000000070ae00000|  0%| F|  |TAMS 0x000000070ac00000| PB 0x000000070ac00000| Untracked 
|  52|0x000000070ae00000, 0x000000070ae00000, 0x000000070b000000|  0%| F|  |TAMS 0x000000070ae00000| PB 0x000000070ae00000| Untracked 
|  53|0x000000070b000000, 0x000000070b000000, 0x000000070b200000|  0%| F|  |TAMS 0x000000070b000000| PB 0x000000070b000000| Untracked 
|  54|0x000000070b200000, 0x000000070b200000, 0x000000070b400000|  0%| F|  |TAMS 0x000000070b200000| PB 0x000000070b200000| Untracked 
|  55|0x000000070b400000, 0x000000070b400000, 0x000000070b600000|  0%| F|  |TAMS 0x000000070b400000| PB 0x000000070b400000| Untracked 
|  56|0x000000070b600000, 0x000000070b600000, 0x000000070b800000|  0%| F|  |TAMS 0x000000070b600000| PB 0x000000070b600000| Untracked 
|  57|0x000000070b800000, 0x000000070b800000, 0x000000070ba00000|  0%| F|  |TAMS 0x000000070b800000| PB 0x000000070b800000| Untracked 
|  58|0x000000070ba00000, 0x000000070ba00000, 0x000000070bc00000|  0%| F|  |TAMS 0x000000070ba00000| PB 0x000000070ba00000| Untracked 
|  59|0x000000070bc00000, 0x000000070bc00000, 0x000000070be00000|  0%| F|  |TAMS 0x000000070bc00000| PB 0x000000070bc00000| Untracked 
|  60|0x000000070be00000, 0x000000070be00000, 0x000000070c000000|  0%| F|  |TAMS 0x000000070be00000| PB 0x000000070be00000| Untracked 
|  61|0x000000070c000000, 0x000000070c000000, 0x000000070c200000|  0%| F|  |TAMS 0x000000070c000000| PB 0x000000070c000000| Untracked 
|  62|0x000000070c200000, 0x000000070c200000, 0x000000070c400000|  0%| F|  |TAMS 0x000000070c200000| PB 0x000000070c200000| Untracked 
|  63|0x000000070c400000, 0x000000070c400000, 0x000000070c600000|  0%| F|  |TAMS 0x000000070c400000| PB 0x000000070c400000| Untracked 
|  64|0x000000070c600000, 0x000000070c600000, 0x000000070c800000|  0%| F|  |TAMS 0x000000070c600000| PB 0x000000070c600000| Untracked 
|  65|0x000000070c800000, 0x000000070c800000, 0x000000070ca00000|  0%| F|  |TAMS 0x000000070c800000| PB 0x000000070c800000| Untracked 
|  66|0x000000070ca00000, 0x000000070ca00000, 0x000000070cc00000|  0%| F|  |TAMS 0x000000070ca00000| PB 0x000000070ca00000| Untracked 
|  67|0x000000070cc00000, 0x000000070cc00000, 0x000000070ce00000|  0%| F|  |TAMS 0x000000070cc00000| PB 0x000000070cc00000| Untracked 
|  68|0x000000070ce00000, 0x000000070ce00000, 0x000000070d000000|  0%| F|  |TAMS 0x000000070ce00000| PB 0x000000070ce00000| Untracked 
|  69|0x000000070d000000, 0x000000070d000000, 0x000000070d200000|  0%| F|  |TAMS 0x000000070d000000| PB 0x000000070d000000| Untracked 
|  70|0x000000070d200000, 0x000000070d200000, 0x000000070d400000|  0%| F|  |TAMS 0x000000070d200000| PB 0x000000070d200000| Untracked 
|  71|0x000000070d400000, 0x000000070d400000, 0x000000070d600000|  0%| F|  |TAMS 0x000000070d400000| PB 0x000000070d400000| Untracked 
|  72|0x000000070d600000, 0x000000070d600000, 0x000000070d800000|  0%| F|  |TAMS 0x000000070d600000| PB 0x000000070d600000| Untracked 
|  73|0x000000070d800000, 0x000000070d800000, 0x000000070da00000|  0%| F|  |TAMS 0x000000070d800000| PB 0x000000070d800000| Untracked 
|  74|0x000000070da00000, 0x000000070da00000, 0x000000070dc00000|  0%| F|  |TAMS 0x000000070da00000| PB 0x000000070da00000| Untracked 
|  75|0x000000070dc00000, 0x000000070dc00000, 0x000000070de00000|  0%| F|  |TAMS 0x000000070dc00000| PB 0x000000070dc00000| Untracked 
|  76|0x000000070de00000, 0x000000070de00000, 0x000000070e000000|  0%| F|  |TAMS 0x000000070de00000| PB 0x000000070de00000| Untracked 
|  77|0x000000070e000000, 0x000000070e000000, 0x000000070e200000|  0%| F|  |TAMS 0x000000070e000000| PB 0x000000070e000000| Untracked 
|  78|0x000000070e200000, 0x000000070e200000, 0x000000070e400000|  0%| F|  |TAMS 0x000000070e200000| PB 0x000000070e200000| Untracked 
|  79|0x000000070e400000, 0x000000070e400000, 0x000000070e600000|  0%| F|  |TAMS 0x000000070e400000| PB 0x000000070e400000| Untracked 
|  80|0x000000070e600000, 0x000000070e600000, 0x000000070e800000|  0%| F|  |TAMS 0x000000070e600000| PB 0x000000070e600000| Untracked 
|  81|0x000000070e800000, 0x000000070e800000, 0x000000070ea00000|  0%| F|  |TAMS 0x000000070e800000| PB 0x000000070e800000| Untracked 
|  82|0x000000070ea00000, 0x000000070ea00000, 0x000000070ec00000|  0%| F|  |TAMS 0x000000070ea00000| PB 0x000000070ea00000| Untracked 
|  83|0x000000070ec00000, 0x000000070ec00000, 0x000000070ee00000|  0%| F|  |TAMS 0x000000070ec00000| PB 0x000000070ec00000| Untracked 
|  84|0x000000070ee00000, 0x000000070ee00000, 0x000000070f000000|  0%| F|  |TAMS 0x000000070ee00000| PB 0x000000070ee00000| Untracked 
|  85|0x000000070f000000, 0x000000070f000000, 0x000000070f200000|  0%| F|  |TAMS 0x000000070f000000| PB 0x000000070f000000| Untracked 
|  86|0x000000070f200000, 0x000000070f200000, 0x000000070f400000|  0%| F|  |TAMS 0x000000070f200000| PB 0x000000070f200000| Untracked 
|  87|0x000000070f400000, 0x000000070f400000, 0x000000070f600000|  0%| F|  |TAMS 0x000000070f400000| PB 0x000000070f400000| Untracked 
|  88|0x000000070f600000, 0x000000070f600000, 0x000000070f800000|  0%| F|  |TAMS 0x000000070f600000| PB 0x000000070f600000| Untracked 
|  89|0x000000070f800000, 0x000000070f800000, 0x000000070fa00000|  0%| F|  |TAMS 0x000000070f800000| PB 0x000000070f800000| Untracked 
|  90|0x000000070fa00000, 0x000000070fa00000, 0x000000070fc00000|  0%| F|  |TAMS 0x000000070fa00000| PB 0x000000070fa00000| Untracked 
|  91|0x000000070fc00000, 0x000000070fc00000, 0x000000070fe00000|  0%| F|  |TAMS 0x000000070fc00000| PB 0x000000070fc00000| Untracked 
|  92|0x000000070fe00000, 0x000000070fe00000, 0x0000000710000000|  0%| F|  |TAMS 0x000000070fe00000| PB 0x000000070fe00000| Untracked 
|  93|0x0000000710000000, 0x0000000710000000, 0x0000000710200000|  0%| F|  |TAMS 0x0000000710000000| PB 0x0000000710000000| Untracked 
|  94|0x0000000710200000, 0x0000000710200000, 0x0000000710400000|  0%| F|  |TAMS 0x0000000710200000| PB 0x0000000710200000| Untracked 
|  95|0x0000000710400000, 0x0000000710400000, 0x0000000710600000|  0%| F|  |TAMS 0x0000000710400000| PB 0x0000000710400000| Untracked 
|  96|0x0000000710600000, 0x0000000710600000, 0x0000000710800000|  0%| F|  |TAMS 0x0000000710600000| PB 0x0000000710600000| Untracked 
|  97|0x0000000710800000, 0x0000000710800000, 0x0000000710a00000|  0%| F|  |TAMS 0x0000000710800000| PB 0x0000000710800000| Untracked 
|  98|0x0000000710a00000, 0x0000000710a00000, 0x0000000710c00000|  0%| F|  |TAMS 0x0000000710a00000| PB 0x0000000710a00000| Untracked 
|  99|0x0000000710c00000, 0x0000000710c00000, 0x0000000710e00000|  0%| F|  |TAMS 0x0000000710c00000| PB 0x0000000710c00000| Untracked 
| 100|0x0000000710e00000, 0x0000000710e00000, 0x0000000711000000|  0%| F|  |TAMS 0x0000000710e00000| PB 0x0000000710e00000| Untracked 
| 101|0x0000000711000000, 0x0000000711000000, 0x0000000711200000|  0%| F|  |TAMS 0x0000000711000000| PB 0x0000000711000000| Untracked 
| 102|0x0000000711200000, 0x0000000711200000, 0x0000000711400000|  0%| F|  |TAMS 0x0000000711200000| PB 0x0000000711200000| Untracked 
| 103|0x0000000711400000, 0x0000000711400000, 0x0000000711600000|  0%| F|  |TAMS 0x0000000711400000| PB 0x0000000711400000| Untracked 
| 104|0x0000000711600000, 0x0000000711600000, 0x0000000711800000|  0%| F|  |TAMS 0x0000000711600000| PB 0x0000000711600000| Untracked 
| 105|0x0000000711800000, 0x0000000711800000, 0x0000000711a00000|  0%| F|  |TAMS 0x0000000711800000| PB 0x0000000711800000| Untracked 
| 106|0x0000000711a00000, 0x0000000711a00000, 0x0000000711c00000|  0%| F|  |TAMS 0x0000000711a00000| PB 0x0000000711a00000| Untracked 
| 107|0x0000000711c00000, 0x0000000711c00000, 0x0000000711e00000|  0%| F|  |TAMS 0x0000000711c00000| PB 0x0000000711c00000| Untracked 
| 108|0x0000000711e00000, 0x0000000711e00000, 0x0000000712000000|  0%| F|  |TAMS 0x0000000711e00000| PB 0x0000000711e00000| Untracked 
| 109|0x0000000712000000, 0x0000000712000000, 0x0000000712200000|  0%| F|  |TAMS 0x0000000712000000| PB 0x0000000712000000| Untracked 
| 110|0x0000000712200000, 0x0000000712200000, 0x0000000712400000|  0%| F|  |TAMS 0x0000000712200000| PB 0x0000000712200000| Untracked 
| 111|0x0000000712400000, 0x0000000712400000, 0x0000000712600000|  0%| F|  |TAMS 0x0000000712400000| PB 0x0000000712400000| Untracked 
| 112|0x0000000712600000, 0x0000000712600000, 0x0000000712800000|  0%| F|  |TAMS 0x0000000712600000| PB 0x0000000712600000| Untracked 
| 113|0x0000000712800000, 0x00000007128b5528, 0x0000000712a00000| 35%| S|CS|TAMS 0x0000000712800000| PB 0x0000000712800000| Complete 
| 114|0x0000000712a00000, 0x0000000712c00000, 0x0000000712c00000|100%| S|CS|TAMS 0x0000000712a00000| PB 0x0000000712a00000| Complete 
| 115|0x0000000712c00000, 0x0000000712c00000, 0x0000000712e00000|  0%| F|  |TAMS 0x0000000712c00000| PB 0x0000000712c00000| Untracked 
| 116|0x0000000712e00000, 0x0000000712e00000, 0x0000000713000000|  0%| F|  |TAMS 0x0000000712e00000| PB 0x0000000712e00000| Untracked 
| 117|0x0000000713000000, 0x0000000713000000, 0x0000000713200000|  0%| F|  |TAMS 0x0000000713000000| PB 0x0000000713000000| Untracked 
| 118|0x0000000713200000, 0x0000000713200000, 0x0000000713400000|  0%| F|  |TAMS 0x0000000713200000| PB 0x0000000713200000| Untracked 
| 119|0x0000000713400000, 0x0000000713400000, 0x0000000713600000|  0%| F|  |TAMS 0x0000000713400000| PB 0x0000000713400000| Untracked 
| 120|0x0000000713600000, 0x0000000713600000, 0x0000000713800000|  0%| F|  |TAMS 0x0000000713600000| PB 0x0000000713600000| Untracked 
| 121|0x0000000713800000, 0x00000007138dc9d0, 0x0000000713a00000| 43%| E|  |TAMS 0x0000000713800000| PB 0x0000000713800000| Complete 
| 122|0x0000000713a00000, 0x0000000713c00000, 0x0000000713c00000|100%| E|CS|TAMS 0x0000000713a00000| PB 0x0000000713a00000| Complete 
| 123|0x0000000713c00000, 0x0000000713e00000, 0x0000000713e00000|100%| E|  |TAMS 0x0000000713c00000| PB 0x0000000713c00000| Complete 
| 124|0x0000000713e00000, 0x0000000714000000, 0x0000000714000000|100%| E|CS|TAMS 0x0000000713e00000| PB 0x0000000713e00000| Complete 
| 125|0x0000000714000000, 0x0000000714200000, 0x0000000714200000|100%| E|CS|TAMS 0x0000000714000000| PB 0x0000000714000000| Complete 

Card table byte_map: [0x00000161c5590000,0x00000161c5d70000] _byte_map_base: 0x00000161c1d6d000

Marking Bits: (CMBitMap*) 0x00000161ad6b7d90
 Bits: [0x00000161c5d70000, 0x00000161c9c58000)

Polling page: 0x00000161ab560000

Metaspace:

Usage:
  Non-class:      5.94 MB used.
      Class:    775.16 KB used.
       Both:      6.70 MB used.

Virtual space:
  Non-class space:       64.00 MB reserved,       6.06 MB (  9%) committed,  1 nodes.
      Class space:        1.00 GB reserved,     896.00 KB ( <1%) committed,  1 nodes.
             Both:        1.06 GB reserved,       6.94 MB ( <1%) committed. 

Chunk freelists:
   Non-Class:  8.83 MB
       Class:  14.98 MB
        Both:  23.81 MB

MaxMetaspaceSize: unlimited
CompressedClassSpaceSize: 1.00 GB
Initial GC threshold: 21.00 MB
Current GC threshold: 21.00 MB
CDS: on
 - commit_granule_bytes: 65536.
 - commit_granule_words: 8192.
 - virtual_space_node_default_size: 8388608.
 - enlarge_chunks_in_place: 1.
 - use_allocation_guard: 0.


Internal statistics:

num_allocs_failed_limit: 0.
num_arena_births: 172.
num_arena_deaths: 0.
num_vsnodes_births: 2.
num_vsnodes_deaths: 0.
num_space_committed: 111.
num_space_uncommitted: 0.
num_chunks_returned_to_freelist: 0.
num_chunks_taken_from_freelist: 347.
num_chunk_merges: 0.
num_chunk_splits: 237.
num_chunks_enlarged: 163.
num_inconsistent_stats: 0.

CodeHeap 'non-profiled nmethods': size=120000Kb used=422Kb max_used=422Kb free=119577Kb
 bounds [0x00000161bd550000, 0x00000161bd7c0000, 0x00000161c4a80000]
CodeHeap 'profiled nmethods': size=120000Kb used=1881Kb max_used=1881Kb free=118118Kb
 bounds [0x00000161b5a80000, 0x00000161b5cf0000, 0x00000161bcfb0000]
CodeHeap 'non-nmethods': size=5760Kb used=1496Kb max_used=1522Kb free=4263Kb
 bounds [0x00000161bcfb0000, 0x00000161bd220000, 0x00000161bd550000]
 total_blobs=1732 nmethods=1156 adapters=481
 compilation: enabled
              stopped_count=0, restarted_count=0
 full_count=0

Compilation events (20 events):
Event: 8.098 Thread 0x00000161cc6e6950 1139       1       com.mysql.cj.conf.AbstractPropertyDefinition::setOrder (6 bytes)
Event: 8.098 Thread 0x00000161cc6e6950 nmethod 1139 0x00000161bd5b0790 code [0x00000161bd5b0920, 0x00000161bd5b09e8]
Event: 8.101 Thread 0x00000161cc18e8d0 nmethod 1053 0x00000161bd5b0a90 code [0x00000161bd5b0e60, 0x00000161bd5b3f30]
Event: 8.102 Thread 0x00000161cc18e8d0 1091       4       java.util.Properties::loadConvert (540 bytes)
Event: 8.103 Thread 0x00000161cc6e6950 1142       3       java.lang.Enum::hashCode (21 bytes)
Event: 8.103 Thread 0x00000161cc6e6950 nmethod 1142 0x00000161b5c51f90 code [0x00000161b5c52140, 0x00000161b5c522c8]
Event: 8.103 Thread 0x00000161cc6e6950 1143       3       java.util.HashMap::resize (356 bytes)
Event: 8.104 Thread 0x00000161cc6e6950 nmethod 1143 0x00000161b5c52390 code [0x00000161b5c52640, 0x00000161b5c53ac8]
Event: 8.104 Thread 0x00000161cc6e6950 1141       1       com.mysql.cj.conf.AbstractPropertyDefinition::getPropertyKey (5 bytes)
Event: 8.105 Thread 0x00000161cc6e6950 nmethod 1141 0x00000161bd5b5190 code [0x00000161bd5b5320, 0x00000161bd5b53f0]
Event: 8.106 Thread 0x0000016212aeb0d0 nmethod 1089 0x00000161bd5b5490 code [0x00000161bd5b5620, 0x00000161bd5b5888]
Event: 8.106 Thread 0x0000016212aeb0d0 1090       4       java.lang.AbstractStringBuilder::append (77 bytes)
Event: 8.107 Thread 0x00000161cc6e6950 1144       1       com.mysql.cj.conf.AbstractPropertyDefinition::getDefaultValue (5 bytes)
Event: 8.107 Thread 0x00000161cc6e6950 nmethod 1144 0x00000161bd5b5990 code [0x00000161bd5b5b20, 0x00000161bd5b5bf0]
Event: 8.107 Thread 0x00000161cc6e6950 1145       1       com.mysql.cj.conf.AbstractRuntimeProperty::getPropertyDefinition (5 bytes)
Event: 8.107 Thread 0x00000161cc6e6950 nmethod 1145 0x00000161bd5b5c90 code [0x00000161bd5b5e20, 0x00000161bd5b5ef0]
Event: 8.107 Thread 0x00000161cc6e6950 1147       1       com.mysql.cj.conf.AbstractPropertyDefinition::getName (5 bytes)
Event: 8.107 Thread 0x00000161cc6e6950 nmethod 1147 0x00000161bd5b5f90 code [0x00000161bd5b6120, 0x00000161bd5b61f0]
Event: 8.107 Thread 0x00000161cc6e6950 1148       1       com.mysql.cj.conf.AbstractPropertyDefinition::getCcAlias (5 bytes)
Event: 8.107 Thread 0x00000161cc6e6950 nmethod 1148 0x00000161bd5b6290 code [0x00000161bd5b6420, 0x00000161bd5b64f0]

GC Heap History (2 events):
Event: 0.853 GC heap before
{Heap before GC invocations=0 (full 0):
 garbage-first heap   total 258048K, used 22528K [0x0000000704600000, 0x0000000800000000)
  region size 2048K, 11 young (22528K), 0 survivors (0K)
 Metaspace       used 4428K, committed 4608K, reserved 1114112K
  class space    used 473K, committed 576K, reserved 1048576K
}
Event: 0.857 GC heap after
{Heap after GC invocations=1 (full 0):
 garbage-first heap   total 258048K, used 2773K [0x0000000704600000, 0x0000000800000000)
  region size 2048K, 2 young (4096K), 2 survivors (4096K)
 Metaspace       used 4428K, committed 4608K, reserved 1114112K
  class space    used 473K, committed 576K, reserved 1048576K
}

Dll operation events (20 events):
Event: 0.572 Loaded shared library C:\Users\prabh\.openjfx\cache\21+31\amd64\api-ms-win-crt-heap-l1-1-0.dll
Event: 0.575 Loaded shared library C:\Users\prabh\.openjfx\cache\21+31\amd64\api-ms-win-crt-locale-l1-1-0.dll
Event: 0.578 Loaded shared library C:\Users\prabh\.openjfx\cache\21+31\amd64\api-ms-win-crt-math-l1-1-0.dll
Event: 0.581 Loaded shared library C:\Users\prabh\.openjfx\cache\21+31\amd64\api-ms-win-crt-multibyte-l1-1-0.dll
Event: 0.584 Loaded shared library C:\Users\prabh\.openjfx\cache\21+31\amd64\api-ms-win-crt-private-l1-1-0.dll
Event: 0.587 Loaded shared library C:\Users\prabh\.openjfx\cache\21+31\amd64\api-ms-win-crt-process-l1-1-0.dll
Event: 0.590 Loaded shared library C:\Users\prabh\.openjfx\cache\21+31\amd64\api-ms-win-crt-runtime-l1-1-0.dll
Event: 0.593 Loaded shared library C:\Users\prabh\.openjfx\cache\21+31\amd64\api-ms-win-crt-stdio-l1-1-0.dll
Event: 0.596 Loaded shared library C:\Users\prabh\.openjfx\cache\21+31\amd64\api-ms-win-crt-string-l1-1-0.dll
Event: 0.599 Loaded shared library C:\Users\prabh\.openjfx\cache\21+31\amd64\api-ms-win-crt-time-l1-1-0.dll
Event: 0.601 Loaded shared library C:\Users\prabh\.openjfx\cache\21+31\amd64\api-ms-win-crt-utility-l1-1-0.dll
Event: 0.621 Loaded shared library C:\Users\prabh\.openjfx\cache\21+31\amd64\ucrtbase.dll
Event: 0.626 Loaded shared library C:\Users\prabh\.openjfx\cache\21+31\amd64\vcruntime140.dll
Event: 0.630 Loaded shared library C:\Users\prabh\.openjfx\cache\21+31\amd64\vcruntime140_1.dll
Event: 0.641 Loaded shared library C:\Users\prabh\.openjfx\cache\21+31\amd64\msvcp140.dll
Event: 0.644 Loaded shared library C:\Users\prabh\.openjfx\cache\21+31\amd64\msvcp140_1.dll
Event: 0.650 Loaded shared library C:\Users\prabh\.openjfx\cache\21+31\amd64\msvcp140_2.dll
Event: 0.706 Loaded shared library C:\Users\prabh\.openjfx\cache\21+31\amd64\prism_d3d.dll
Event: 0.751 Loaded shared library C:\Users\prabh\.openjfx\cache\21+31\amd64\glass.dll
Event: 0.882 Loaded shared library C:\Program Files\Java\jdk-21.0.2\bin\jimage.dll

Deoptimization events (20 events):
Event: 0.723 Thread 0x00000161cc6e1480 Uncommon trap: trap_request=0xffffffde fr.pc=0x00000161bd59e85c relative=0x000000000000013c
Event: 0.723 Thread 0x00000161cc6e1480 Uncommon trap: reason=class_check action=maybe_recompile pc=0x00000161bd59e85c method=jdk.internal.misc.Unsafe.allocateUninitializedArray(Ljava/lang/Class;I)Ljava/lang/Object; @ 51 c2
Event: 0.723 Thread 0x00000161cc6e1480 DEOPT PACKING pc=0x00000161bd59e85c sp=0x0000002823ffc360
Event: 0.723 Thread 0x00000161cc6e1480 DEOPT UNPACKING pc=0x00000161bd0046a2 sp=0x0000002823ffc2d8 mode 2
Event: 0.723 Thread 0x00000161cc6e1480 Uncommon trap: trap_request=0xffffffde fr.pc=0x00000161bd59e85c relative=0x000000000000013c
Event: 0.723 Thread 0x00000161cc6e1480 Uncommon trap: reason=class_check action=maybe_recompile pc=0x00000161bd59e85c method=jdk.internal.misc.Unsafe.allocateUninitializedArray(Ljava/lang/Class;I)Ljava/lang/Object; @ 51 c2
Event: 0.723 Thread 0x00000161cc6e1480 DEOPT PACKING pc=0x00000161bd59e85c sp=0x0000002823ffa830
Event: 0.723 Thread 0x00000161cc6e1480 DEOPT UNPACKING pc=0x00000161bd0046a2 sp=0x0000002823ffa7a8 mode 2
Event: 0.723 Thread 0x00000161cc6e1480 Uncommon trap: trap_request=0xffffffde fr.pc=0x00000161bd59e85c relative=0x000000000000013c
Event: 0.723 Thread 0x00000161cc6e1480 Uncommon trap: reason=class_check action=maybe_recompile pc=0x00000161bd59e85c method=jdk.internal.misc.Unsafe.allocateUninitializedArray(Ljava/lang/Class;I)Ljava/lang/Object; @ 51 c2
Event: 0.723 Thread 0x00000161cc6e1480 DEOPT PACKING pc=0x00000161bd59e85c sp=0x0000002823ffaa80
Event: 0.723 Thread 0x00000161cc6e1480 DEOPT UNPACKING pc=0x00000161bd0046a2 sp=0x0000002823ffa9f8 mode 2
Event: 0.865 Thread 0x00000161cc6e3550 Uncommon trap: trap_request=0xffffff45 fr.pc=0x00000161bd58f4b0 relative=0x0000000000000090
Event: 0.865 Thread 0x00000161cc6e3550 Uncommon trap: reason=unstable_if action=reinterpret pc=0x00000161bd58f4b0 method=jdk.internal.misc.Unsafe.convEndian(ZI)I @ 4 c2
Event: 0.865 Thread 0x00000161cc6e3550 DEOPT PACKING pc=0x00000161bd58f4b0 sp=0x00000028241fd2d0
Event: 0.865 Thread 0x00000161cc6e3550 DEOPT UNPACKING pc=0x00000161bd0046a2 sp=0x00000028241fd200 mode 2
Event: 7.983 Thread 0x00000161cc6e3550 Uncommon trap: trap_request=0xffffff3d fr.pc=0x00000161bd57d864 relative=0x0000000000000c44
Event: 7.983 Thread 0x00000161cc6e3550 Uncommon trap: reason=unstable_fused_if action=reinterpret pc=0x00000161bd57d864 method=java.util.HashMap.resize()[Ljava/util/HashMap$Node; @ 31 c2
Event: 7.983 Thread 0x00000161cc6e3550 DEOPT PACKING pc=0x00000161bd57d864 sp=0x00000028241fca70
Event: 7.983 Thread 0x00000161cc6e3550 DEOPT UNPACKING pc=0x00000161bd0046a2 sp=0x00000028241fc9f8 mode 2

Classes loaded (20 events):
Event: 8.047 Loading class java/util/ResourceBundle$BundleReference
Event: 8.047 Loading class java/util/ResourceBundle$BundleReference done
Event: 8.049 Loading class java/text/MessageFormat
Event: 8.049 Loading class java/text/MessageFormat done
Event: 8.050 Loading class java/math/BigDecimal
Event: 8.051 Loading class java/math/BigDecimal done
Event: 8.052 Loading class java/math/MathContext
Event: 8.052 Loading class java/math/MathContext done
Event: 8.053 Loading class java/util/Collections$UnmodifiableMap$UnmodifiableEntrySet
Event: 8.054 Loading class java/util/Collections$UnmodifiableMap$UnmodifiableEntrySet done
Event: 8.054 Loading class java/util/Collections$UnmodifiableMap$UnmodifiableEntrySet$UnmodifiableEntrySetSpliterator
Event: 8.054 Loading class java/util/Collections$UnmodifiableMap$UnmodifiableEntrySet$UnmodifiableEntrySetSpliterator done
Event: 8.054 Loading class java/util/HashMap$EntrySpliterator
Event: 8.054 Loading class java/util/HashMap$EntrySpliterator done
Event: 8.054 Loading class java/lang/invoke/DirectMethodHandle$Special
Event: 8.055 Loading class java/lang/invoke/DirectMethodHandle$Special done
Event: 8.058 Loading class java/lang/NoSuchFieldError
Event: 8.058 Loading class java/lang/NoSuchFieldError done
Event: 8.095 Loading class java/text/MessageFormat$Field
Event: 8.095 Loading class java/text/MessageFormat$Field done

Classes unloaded (0 events):
No events

Classes redefined (0 events):
No events

Internal exceptions (20 events):
Event: 0.268 Thread 0x00000161ad651420 Exception <a 'java/lang/NoSuchMethodError'{0x0000000713be5af0}: 'void java.lang.invoke.DirectMethodHandle$Holder.invokeStatic(java.lang.Object, java.lang.Object, java.lang.Object, java.lang.Object)'> (0x0000000713be5af0) 
thrown [s\open\src\hotspot\share\interpreter\linkResolver.cpp, line 773]
Event: 0.302 Thread 0x00000161ad651420 Exception <a 'java/lang/NoSuchMethodError'{0x000000071389f090}: 'void java.lang.invoke.DirectMethodHandle$Holder.invokeStatic(java.lang.Object, java.lang.Object, java.lang.Object)'> (0x000000071389f090) 
thrown [s\open\src\hotspot\share\interpreter\linkResolver.cpp, line 773]
Event: 0.309 Thread 0x00000161ad651420 Exception <a 'java/lang/NoSuchMethodError'{0x00000007138b4cb8}: 'java.lang.Object java.lang.invoke.Invokers$Holder.invokeExact_MT(java.lang.Object, java.lang.Object, java.lang.Object, java.lang.Object, java.lang.Object)'> (0x00000007138b4cb8) 
thrown [s\open\src\hotspot\share\interpreter\linkResolver.cpp, line 773]
Event: 0.324 Thread 0x00000161cc6e2830 Exception <a 'java/lang/ClassNotFoundException'{0x00000007138e6060}: jdk/net/ExtendedSocketOptions> (0x00000007138e6060) 
thrown [s\open\src\hotspot\share\classfile\systemDictionary.cpp, line 312]
Event: 0.325 Thread 0x00000161cc6e2830 Exception <a 'java/lang/NoSuchMethodError'{0x00000007138e7710}: 'void java.lang.invoke.DirectMethodHandle$Holder.invokeStatic(java.lang.Object, java.lang.Object)'> (0x00000007138e7710) 
thrown [s\open\src\hotspot\share\interpreter\linkResolver.cpp, line 773]
Event: 0.338 Thread 0x00000161ad651420 Exception <a 'java/lang/NoSuchMethodError'{0x00000007139d93c0}: 'java.lang.Object java.lang.invoke.Invokers$Holder.invokeExact_MT(java.lang.Object, java.lang.Object, java.lang.Object, java.lang.Object, java.lang.Object, java.lang.Object)'> (0x00000007139d93c0) 
thrown [s\open\src\hotspot\share\interpreter\linkResolver.cpp, line 773]
Event: 0.729 Thread 0x00000161ad651420 Exception <a 'java/lang/NoSuchMethodError'{0x00000007130cf638}: 'int java.lang.invoke.DirectMethodHandle$Holder.invokeStaticInit(java.lang.Object, java.lang.Object, java.lang.Object)'> (0x00000007130cf638) 
thrown [s\open\src\hotspot\share\interpreter\linkResolver.cpp, line 773]
Event: 0.757 Thread 0x00000161ad651420 Exception <a 'java/lang/NoSuchMethodError'{0x0000000712e90298}: 'java.lang.Object java.lang.invoke.DirectMethodHandle$Holder.newInvokeSpecial(java.lang.Object, java.lang.Object, int, java.lang.Object)'> (0x0000000712e90298) 
thrown [s\open\src\hotspot\share\interpreter\linkResolver.cpp, line 773]
Event: 0.757 Thread 0x00000161ad651420 Exception <a 'java/lang/NoSuchMethodError'{0x0000000712e943f0}: 'java.lang.Object java.lang.invoke.DirectMethodHandle$Holder.invokeSpecial(java.lang.Object, java.lang.Object, java.lang.Object, int, java.lang.Object)'> (0x0000000712e943f0) 
thrown [s\open\src\hotspot\share\interpreter\linkResolver.cpp, line 773]
Event: 0.838 Thread 0x00000161cc6e3550 Exception <a 'java/lang/NoSuchMethodError'{0x0000000712daeb50}: 'void java.lang.invoke.DirectMethodHandle$Holder.invokeStaticInit(java.lang.Object)'> (0x0000000712daeb50) 
thrown [s\open\src\hotspot\share\interpreter\linkResolver.cpp, line 773]
Event: 0.843 Thread 0x00000161ad651420 Exception <a 'java/lang/NoSuchMethodError'{0x0000000712ea7670}: 'java.lang.Object java.lang.invoke.DirectMethodHandle$Holder.newInvokeSpecial(java.lang.Object, java.lang.Object, java.lang.Object, java.lang.Object, java.lang.Object, java.lang.Object)'> (0x0000000712ea7670) 
thrown [s\open\src\hotspot\share\interpreter\linkResolver.cpp, line 773]
Event: 0.876 Thread 0x00000161ad651420 Exception <a 'java/lang/NoSuchMethodError'{0x0000000714144d58}: 'java.lang.Object java.lang.invoke.DirectMethodHandle$Holder.newInvokeSpecial(java.lang.Object, java.lang.Object, java.lang.Object, java.lang.Object, java.lang.Object)'> (0x0000000714144d58) 
thrown [s\open\src\hotspot\share\interpreter\linkResolver.cpp, line 773]
Event: 0.928 Thread 0x00000161cc6e3550 Exception <a 'java/lang/NoSuchMethodError'{0x0000000713f8ce48}: 'void java.lang.invoke.DirectMethodHandle$Holder.invokeStatic(java.lang.Object, long)'> (0x0000000713f8ce48) 
thrown [s\open\src\hotspot\share\interpreter\linkResolver.cpp, line 773]
Event: 0.929 Thread 0x00000161cc6e3550 Exception <a 'java/lang/NoSuchMethodError'{0x0000000713f91a18}: 'java.lang.Object java.lang.invoke.DirectMethodHandle$Holder.newInvokeSpecial(java.lang.Object, long)'> (0x0000000713f91a18) 
thrown [s\open\src\hotspot\share\interpreter\linkResolver.cpp, line 773]
Event: 0.932 Thread 0x00000161cc6e3550 Exception <a 'java/lang/NoSuchMethodError'{0x0000000713f98f08}: 'java.lang.Object java.lang.invoke.DirectMethodHandle$Holder.invokeStatic(java.lang.Object, long, java.lang.Object)'> (0x0000000713f98f08) 
thrown [s\open\src\hotspot\share\interpreter\linkResolver.cpp, line 773]
Event: 0.932 Thread 0x00000161cc6e3550 Exception <a 'java/lang/NoSuchMethodError'{0x0000000713f9c690}: 'java.lang.Object java.lang.invoke.DirectMethodHandle$Holder.invokeStaticInit(java.lang.Object, long, java.lang.Object)'> (0x0000000713f9c690) 
thrown [s\open\src\hotspot\share\interpreter\linkResolver.cpp, line 773]
Event: 0.941 Thread 0x00000161cc6e3550 Exception <a 'sun/nio/fs/WindowsException'{0x0000000713fcac30}> (0x0000000713fcac30) 
thrown [s\open\src\hotspot\share\prims\jni.cpp, line 520]
Event: 7.968 Thread 0x00000161cc6e3550 Exception <a 'sun/nio/fs/WindowsException'{0x0000000713c51cb0}> (0x0000000713c51cb0) 
thrown [s\open\src\hotspot\share\prims\jni.cpp, line 520]
Event: 8.056 Thread 0x00000161cc6e3550 Exception <a 'java/lang/NoSuchMethodError'{0x0000000713dc9f80}: 'java.lang.Object java.lang.invoke.DirectMethodHandle$Holder.invokeVirtual(java.lang.Object, java.lang.Object, java.lang.Object)'> (0x0000000713dc9f80) 
thrown [s\open\src\hotspot\share\interpreter\linkResolver.cpp, line 773]
Event: 8.109 Thread 0x00000161cc6e3550 Exception <a 'java/lang/OutOfMemoryError'{0x0000000713856e68}> (0x0000000713856e68) 
thrown [s\open\src\hotspot\share\prims\jni.cpp, line 539]

ZGC Phase Switch (0 events):
No events

VM Operations (18 events):
Event: 0.231 Executing VM operation: HandshakeAllThreads (Deoptimize)
Event: 0.231 Executing VM operation: HandshakeAllThreads (Deoptimize) done
Event: 0.265 Executing VM operation: HandshakeAllThreads (Deoptimize)
Event: 0.265 Executing VM operation: HandshakeAllThreads (Deoptimize) done
Event: 0.742 Executing VM operation: HandshakeAllThreads (Deoptimize)
Event: 0.742 Executing VM operation: HandshakeAllThreads (Deoptimize) done
Event: 0.852 Executing VM operation: G1CollectForAllocation (G1 Evacuation Pause)
Event: 0.857 Executing VM operation: G1CollectForAllocation (G1 Evacuation Pause) done
Event: 0.935 Executing VM operation: HandshakeAllThreads (Deoptimize)
Event: 0.935 Executing VM operation: HandshakeAllThreads (Deoptimize) done
Event: 1.935 Executing VM operation: Cleanup
Event: 1.935 Executing VM operation: Cleanup done
Event: 7.972 Executing VM operation: HandshakeAllThreads (Deoptimize)
Event: 7.972 Executing VM operation: HandshakeAllThreads (Deoptimize) done
Event: 7.972 Executing VM operation: Cleanup
Event: 7.972 Executing VM operation: Cleanup done
Event: 8.049 Executing VM operation: HandshakeAllThreads (Deoptimize)
Event: 8.050 Executing VM operation: HandshakeAllThreads (Deoptimize) done

Events (20 events):
Event: 0.057 Thread 0x00000161cc185c80 Thread added: 0x00000161cc185c80
Event: 0.057 Thread 0x00000161cc186b50 Thread added: 0x00000161cc186b50
Event: 0.058 Thread 0x00000161cc6e1b10 Thread added: 0x00000161cc6e1b10
Event: 0.058 Thread 0x00000161cc6e00d0 Thread added: 0x00000161cc6e00d0
Event: 0.058 Thread 0x00000161cc18e8d0 Thread added: 0x00000161cc18e8d0
Event: 0.058 Thread 0x00000161cc6e6950 Thread added: 0x00000161cc6e6950
Event: 0.093 Thread 0x00000161cc6e21a0 Thread added: 0x00000161cc6e21a0
Event: 0.157 Thread 0x00000161cc9246b0 Thread added: 0x00000161cc9246b0
Event: 0.252 Thread 0x00000161cca065f0 Thread added: 0x00000161cca065f0
Event: 0.316 Thread 0x00000161cc6e2830 Thread added: 0x00000161cc6e2830
Event: 0.316 Thread 0x00000161cc6e0df0 Thread added: 0x00000161cc6e0df0
Event: 0.689 Thread 0x00000161cc6e1480 Thread added: 0x00000161cc6e1480
Event: 0.754 Thread 0x00000161cc6e2ec0 Thread added: 0x00000161cc6e2ec0
Event: 0.760 Thread 0x00000161cc6e3550 Thread added: 0x00000161cc6e3550
Event: 0.862 Thread 0x00000161cc6e0760 Thread added: 0x00000161cc6e0760
Event: 0.876 Thread 0x0000016212b56e40 Thread added: 0x0000016212b56e40
Event: 1.357 Thread 0x00000161cca065f0 Thread exited: 0x00000161cca065f0
Event: 2.718 Thread 0x00000161cc9246b0 Thread exited: 0x00000161cc9246b0
Event: 7.956 Thread 0x0000016212b54050 Thread added: 0x0000016212b54050
Event: 8.040 Thread 0x0000016212aeb0d0 Thread added: 0x0000016212aeb0d0


Dynamic libraries:
0x00007ff6ecd00000 - 0x00007ff6ecd10000 	C:\Program Files\Java\jdk-21.0.2\bin\java.exe
0x00007ff9ab0f0000 - 0x00007ff9ab307000 	C:\WINDOWS\SYSTEM32\ntdll.dll
0x00007ff9a9ac0000 - 0x00007ff9a9b84000 	C:\WINDOWS\System32\KERNEL32.DLL
0x00007ff9a86d0000 - 0x00007ff9a8a89000 	C:\WINDOWS\System32\KERNELBASE.dll
0x00007ff9a8c70000 - 0x00007ff9a8d81000 	C:\WINDOWS\System32\ucrtbase.dll
0x00007ff995760000 - 0x00007ff995779000 	C:\Program Files\Java\jdk-21.0.2\bin\jli.dll
0x00007ff9aaff0000 - 0x00007ff9ab0a2000 	C:\WINDOWS\System32\ADVAPI32.dll
0x00007ff9a8e10000 - 0x00007ff9a8eb7000 	C:\WINDOWS\System32\msvcrt.dll
0x00007ff9a95f0000 - 0x00007ff9a9697000 	C:\WINDOWS\System32\sechost.dll
0x00007ff9a8580000 - 0x00007ff9a85a8000 	C:\WINDOWS\System32\bcrypt.dll
0x00007ff9a8f20000 - 0x00007ff9a9034000 	C:\WINDOWS\System32\RPCRT4.dll
0x00007ff9aadc0000 - 0x00007ff9aaf6e000 	C:\WINDOWS\System32\USER32.dll
0x00007ff9a83f0000 - 0x00007ff9a8416000 	C:\WINDOWS\System32\win32u.dll
0x00007ff9a9c90000 - 0x00007ff9a9cb9000 	C:\WINDOWS\System32\GDI32.dll
0x00007ff9a85b0000 - 0x00007ff9a86cb000 	C:\WINDOWS\System32\gdi32full.dll
0x00007ff9a84e0000 - 0x00007ff9a857a000 	C:\WINDOWS\System32\msvcp_win.dll
0x00007ff992710000 - 0x00007ff99272b000 	C:\Program Files\Java\jdk-21.0.2\bin\VCRUNTIME140.dll
0x00007ff9957d0000 - 0x00007ff995a62000 	C:\WINDOWS\WinSxS\amd64_microsoft.windows.common-controls_6595b64144ccf1df_6.0.22621.4391_none_2715d37f73803e96\COMCTL32.dll
0x00007ff99f9c0000 - 0x00007ff99f9ca000 	C:\WINDOWS\SYSTEM32\VERSION.dll
0x00007ff9a8ec0000 - 0x00007ff9a8ef1000 	C:\WINDOWS\System32\IMM32.DLL
0x00007ff9897b0000 - 0x00007ff989911000 	C:\Program Files (x86)\Citrix\ICA Client\ctxapclient64.dll
0x00007ff9a96a0000 - 0x00007ff9a9a2f000 	C:\WINDOWS\System32\combase.dll
0x00007ff9a7630000 - 0x00007ff9a7664000 	C:\WINDOWS\SYSTEM32\ntmarta.dll
0x00007ff9a8d90000 - 0x00007ff9a8e0b000 	C:\WINDOWS\System32\bcryptprimitives.dll
0x00007ff989a30000 - 0x00007ff989a6a000 	C:\Program Files (x86)\Citrix\ICA Client\Receiver\FeatureFlagHelper64.dll
0x00007ff99aea0000 - 0x00007ff99aeac000 	C:\Program Files\Java\jdk-21.0.2\bin\vcruntime140_1.dll
0x00007ff97b560000 - 0x00007ff97b5ee000 	C:\Program Files\Java\jdk-21.0.2\bin\msvcp140.dll
0x00007ff94ee10000 - 0x00007ff94fb27000 	C:\Program Files\Java\jdk-21.0.2\bin\server\jvm.dll
0x00000161acd60000 - 0x00000161acdd1000 	C:\WINDOWS\System32\WS2_32.dll
0x00007ff9a7280000 - 0x00007ff9a72cd000 	C:\WINDOWS\SYSTEM32\POWRPROF.dll
0x00007ff99f320000 - 0x00007ff99f354000 	C:\WINDOWS\SYSTEM32\WINMM.dll
0x00007ff9a7260000 - 0x00007ff9a7273000 	C:\WINDOWS\SYSTEM32\UMPDC.dll
0x00007ff9a7520000 - 0x00007ff9a7538000 	C:\WINDOWS\SYSTEM32\kernel.appcore.dll
0x00007ff995750000 - 0x00007ff99575a000 	C:\Program Files\Java\jdk-21.0.2\bin\jimage.dll
0x00007ff9a1f30000 - 0x00007ff9a2162000 	C:\WINDOWS\SYSTEM32\DBGHELP.DLL
0x00007ff9aa730000 - 0x00007ff9aa807000 	C:\WINDOWS\System32\OLEAUT32.dll
0x00007ff98b950000 - 0x00007ff98b982000 	C:\WINDOWS\SYSTEM32\dbgcore.DLL
0x00007ff992530000 - 0x00007ff99253f000 	C:\Program Files\Java\jdk-21.0.2\bin\instrument.dll
0x00007ff9925a0000 - 0x00007ff9925bf000 	C:\Program Files\Java\jdk-21.0.2\bin\java.dll
0x00007ff9a9cd0000 - 0x00007ff9aa546000 	C:\WINDOWS\System32\SHELL32.dll
0x00007ff9a6340000 - 0x00007ff9a6c43000 	C:\WINDOWS\SYSTEM32\windows.storage.dll
0x00007ff9a6200000 - 0x00007ff9a633f000 	C:\WINDOWS\SYSTEM32\wintypes.dll
0x00007ff9a91a0000 - 0x00007ff9a9299000 	C:\WINDOWS\System32\SHCORE.dll
0x00007ff9aa8e0000 - 0x00007ff9aa93e000 	C:\WINDOWS\System32\shlwapi.dll
0x00007ff9a8320000 - 0x00007ff9a834b000 	C:\WINDOWS\SYSTEM32\profapi.dll
0x00007ff964250000 - 0x00007ff964327000 	C:\Program Files\Java\jdk-21.0.2\bin\jsvml.dll
0x00007ff9923f0000 - 0x00007ff992400000 	C:\Program Files\Java\jdk-21.0.2\bin\net.dll
0x00007ff99f6a0000 - 0x00007ff99f7d6000 	C:\WINDOWS\SYSTEM32\WINHTTP.dll
0x00007ff9a79a0000 - 0x00007ff9a7a09000 	C:\WINDOWS\system32\mswsock.dll
0x00007ff991f40000 - 0x00007ff991f56000 	C:\Program Files\Java\jdk-21.0.2\bin\nio.dll
0x00007ff98f840000 - 0x00007ff98f858000 	C:\Program Files\Java\jdk-21.0.2\bin\zip.dll
0x00007ff98f6a0000 - 0x00007ff98f6ba000 	D:\IntelliJ IDEA 2024.2.4\bin\breakgen64.dll
0x00000161ad5a0000 - 0x00000161ad5a3000 	C:\Users\prabh\.openjfx\cache\21+31\amd64\api-ms-win-core-console-l1-1-0.dll
0x00000161ad5b0000 - 0x00000161ad5b3000 	C:\Users\prabh\.openjfx\cache\21+31\amd64\api-ms-win-core-console-l1-2-0.dll
0x00000161ad5c0000 - 0x00000161ad5c3000 	C:\Users\prabh\.openjfx\cache\21+31\amd64\api-ms-win-core-datetime-l1-1-0.dll
0x00000161ad5d0000 - 0x00000161ad5d3000 	C:\Users\prabh\.openjfx\cache\21+31\amd64\api-ms-win-core-debug-l1-1-0.dll
0x00000161ccae0000 - 0x00000161ccae3000 	C:\Users\prabh\.openjfx\cache\21+31\amd64\api-ms-win-core-errorhandling-l1-1-0.dll
0x00000161ccaf0000 - 0x00000161ccaf4000 	C:\Users\prabh\.openjfx\cache\21+31\amd64\api-ms-win-core-file-l1-1-0.dll
0x00000161ccb00000 - 0x00000161ccb03000 	C:\Users\prabh\.openjfx\cache\21+31\amd64\api-ms-win-core-file-l1-2-0.dll
0x00000161ccb10000 - 0x00000161ccb13000 	C:\Users\prabh\.openjfx\cache\21+31\amd64\api-ms-win-core-file-l2-1-0.dll
0x00000161ccb20000 - 0x00000161ccb23000 	C:\Users\prabh\.openjfx\cache\21+31\amd64\api-ms-win-core-handle-l1-1-0.dll
0x00000161ccb30000 - 0x00000161ccb33000 	C:\Users\prabh\.openjfx\cache\21+31\amd64\api-ms-win-core-heap-l1-1-0.dll
0x00000161ccb40000 - 0x00000161ccb43000 	C:\Users\prabh\.openjfx\cache\21+31\amd64\api-ms-win-core-interlocked-l1-1-0.dll
0x00000161ccb50000 - 0x00000161ccb53000 	C:\Users\prabh\.openjfx\cache\21+31\amd64\api-ms-win-core-libraryloader-l1-1-0.dll
0x00000161ccb60000 - 0x00000161ccb63000 	C:\Users\prabh\.openjfx\cache\21+31\amd64\api-ms-win-core-localization-l1-2-0.dll
0x00000161ccb70000 - 0x00000161ccb73000 	C:\Users\prabh\.openjfx\cache\21+31\amd64\api-ms-win-core-memory-l1-1-0.dll
0x00000161ccb80000 - 0x00000161ccb83000 	C:\Users\prabh\.openjfx\cache\21+31\amd64\api-ms-win-core-namedpipe-l1-1-0.dll
0x00000161ccb90000 - 0x00000161ccb93000 	C:\Users\prabh\.openjfx\cache\21+31\amd64\api-ms-win-core-processenvironment-l1-1-0.dll
0x00000161ccba0000 - 0x00000161ccba3000 	C:\Users\prabh\.openjfx\cache\21+31\amd64\api-ms-win-core-processthreads-l1-1-0.dll
0x00000161ccbb0000 - 0x00000161ccbb3000 	C:\Users\prabh\.openjfx\cache\21+31\amd64\api-ms-win-core-processthreads-l1-1-1.dll
0x00000161ccbc0000 - 0x00000161ccbc3000 	C:\Users\prabh\.openjfx\cache\21+31\amd64\api-ms-win-core-profile-l1-1-0.dll
0x00000161ccbd0000 - 0x00000161ccbd3000 	C:\Users\prabh\.openjfx\cache\21+31\amd64\api-ms-win-core-rtlsupport-l1-1-0.dll
0x00000161ccbe0000 - 0x00000161ccbe3000 	C:\Users\prabh\.openjfx\cache\21+31\amd64\api-ms-win-core-string-l1-1-0.dll
0x00000161ccbf0000 - 0x00000161ccbf3000 	C:\Users\prabh\.openjfx\cache\21+31\amd64\api-ms-win-core-synch-l1-1-0.dll
0x00000161ccc00000 - 0x00000161ccc03000 	C:\Users\prabh\.openjfx\cache\21+31\amd64\api-ms-win-core-synch-l1-2-0.dll
0x00000161ccc10000 - 0x00000161ccc13000 	C:\Users\prabh\.openjfx\cache\21+31\amd64\api-ms-win-core-sysinfo-l1-1-0.dll
0x00000161ccc20000 - 0x00000161ccc23000 	C:\Users\prabh\.openjfx\cache\21+31\amd64\api-ms-win-core-timezone-l1-1-0.dll
0x00000161ccc30000 - 0x00000161ccc33000 	C:\Users\prabh\.openjfx\cache\21+31\amd64\api-ms-win-core-util-l1-1-0.dll
0x00000161ccc40000 - 0x00000161ccc43000 	C:\Users\prabh\.openjfx\cache\21+31\amd64\api-ms-win-crt-conio-l1-1-0.dll
0x00000161ccc50000 - 0x00000161ccc54000 	C:\Users\prabh\.openjfx\cache\21+31\amd64\api-ms-win-crt-convert-l1-1-0.dll
0x00000161ccc60000 - 0x00000161ccc63000 	C:\Users\prabh\.openjfx\cache\21+31\amd64\api-ms-win-crt-environment-l1-1-0.dll
0x00000161ccc70000 - 0x00000161ccc73000 	C:\Users\prabh\.openjfx\cache\21+31\amd64\api-ms-win-crt-filesystem-l1-1-0.dll
0x00000161ccc80000 - 0x00000161ccc83000 	C:\Users\prabh\.openjfx\cache\21+31\amd64\api-ms-win-crt-heap-l1-1-0.dll
0x00000161ccc90000 - 0x00000161ccc93000 	C:\Users\prabh\.openjfx\cache\21+31\amd64\api-ms-win-crt-locale-l1-1-0.dll
0x00000161ccca0000 - 0x00000161ccca5000 	C:\Users\prabh\.openjfx\cache\21+31\amd64\api-ms-win-crt-math-l1-1-0.dll
0x00000161cccb0000 - 0x00000161cccb5000 	C:\Users\prabh\.openjfx\cache\21+31\amd64\api-ms-win-crt-multibyte-l1-1-0.dll
0x00000161cccc0000 - 0x00000161cccd0000 	C:\Users\prabh\.openjfx\cache\21+31\amd64\api-ms-win-crt-private-l1-1-0.dll
0x00000161cccd0000 - 0x00000161cccd3000 	C:\Users\prabh\.openjfx\cache\21+31\amd64\api-ms-win-crt-process-l1-1-0.dll
0x00000161ccce0000 - 0x00000161ccce4000 	C:\Users\prabh\.openjfx\cache\21+31\amd64\api-ms-win-crt-runtime-l1-1-0.dll
0x00000161cccf0000 - 0x00000161cccf4000 	C:\Users\prabh\.openjfx\cache\21+31\amd64\api-ms-win-crt-stdio-l1-1-0.dll
0x00000161ccd00000 - 0x00000161ccd04000 	C:\Users\prabh\.openjfx\cache\21+31\amd64\api-ms-win-crt-string-l1-1-0.dll
0x00000161ccd10000 - 0x00000161ccd13000 	C:\Users\prabh\.openjfx\cache\21+31\amd64\api-ms-win-crt-time-l1-1-0.dll
0x00000161ccd20000 - 0x00000161ccd23000 	C:\Users\prabh\.openjfx\cache\21+31\amd64\api-ms-win-crt-utility-l1-1-0.dll
0x00007ff961590000 - 0x00007ff96168c000 	C:\Users\prabh\.openjfx\cache\21+31\amd64\ucrtbase.dll
0x00007ff98f680000 - 0x00007ff98f69b000 	C:\Users\prabh\.openjfx\cache\21+31\amd64\vcruntime140.dll
0x00007ff98fc20000 - 0x00007ff98fc2c000 	C:\Users\prabh\.openjfx\cache\21+31\amd64\vcruntime140_1.dll
0x00007ff968c60000 - 0x00007ff968cee000 	C:\Users\prabh\.openjfx\cache\21+31\amd64\msvcp140.dll
0x00007ff9a9370000 - 0x00007ff9a9515000 	C:\WINDOWS\System32\ole32.dll
0x00007ff98f830000 - 0x00007ff98f839000 	C:\Users\prabh\.openjfx\cache\21+31\amd64\msvcp140_1.dll
0x00007ff97d0d0000 - 0x00007ff97d0ff000 	C:\Users\prabh\.openjfx\cache\21+31\amd64\msvcp140_2.dll
0x00007ff97c730000 - 0x00007ff97c75f000 	C:\Users\prabh\.openjfx\cache\21+31\amd64\prism_d3d.dll
0x00007ff961980000 - 0x00007ff961b28000 	C:\WINDOWS\system32\d3d9.dll
0x00007ff9a1e50000 - 0x00007ff9a1e7b000 	C:\WINDOWS\SYSTEM32\dwmapi.dll
0x00007ff9a5b40000 - 0x00007ff9a5b77000 	C:\WINDOWS\SYSTEM32\dxcore.dll
0x00007ff9a1bc0000 - 0x00007ff9a1c71000 	C:\WINDOWS\system32\uxtheme.dll
0x00007ff98fa30000 - 0x00007ff98fa79000 	C:\WINDOWS\SYSTEM32\directxdatabasehelper.dll
0x00007ff97b0c0000 - 0x00007ff97b102000 	C:\Users\prabh\.openjfx\cache\21+31\amd64\glass.dll
0x00007ff9a9b90000 - 0x00007ff9a9c8f000 	C:\WINDOWS\System32\COMDLG32.dll
0x00000161ccea0000 - 0x00000161cd000000 	C:\WINDOWS\System32\MSCTF.dll
0x00007ff9a7bf0000 - 0x00007ff9a7c0b000 	C:\WINDOWS\SYSTEM32\CRYPTSP.dll
0x00007ff9a7480000 - 0x00007ff9a74b5000 	C:\WINDOWS\system32\rsaenh.dll
0x00007ff9a7c10000 - 0x00007ff9a7c1c000 	C:\WINDOWS\SYSTEM32\CRYPTBASE.dll

dbghelp: loaded successfully - version: 4.0.5 - missing functions: none
symbol engine: initialized successfully - sym options: 0x614 - pdb path: .;C:\Program Files\Java\jdk-21.0.2\bin;C:\WINDOWS\SYSTEM32;C:\WINDOWS\WinSxS\amd64_microsoft.windows.common-controls_6595b64144ccf1df_6.0.22621.4391_none_2715d37f73803e96;C:\Program Files (x86)\Citrix\ICA Client;C:\Program Files (x86)\Citrix\ICA Client\Receiver;C:\Program Files\Java\jdk-21.0.2\bin\server;D:\IntelliJ IDEA 2024.2.4\bin;C:\Users\prabh\.openjfx\cache\21+31\amd64;C:\WINDOWS\System32\DriverStore\FileRepository\iigd_dch.inf_amd64_306090fd1d6bb4fa

VM Arguments:
jvm_args: -javaagent:D:\IntelliJ IDEA 2024.2.4\lib\idea_rt.jar=57409:D:\IntelliJ IDEA 2024.2.4\bin -Dfile.encoding=UTF-8 -Dsun.stdout.encoding=UTF-8 -Dsun.stderr.encoding=UTF-8 --module-path=C:\Users\prabh\.m2\repository\org\openjfx\javafx-controls\21\javafx-controls-21-win.jar;C:\Users\prabh\.m2\repository\com\google\code\gson\gson\2.8.9\gson-2.8.9.jar;C:\Users\prabh\.m2\repository\org\openjfx\javafx-fxml\21\javafx-fxml-21-win.jar;C:\Users\prabh\IdeaProjects\OOD5\target\classes;C:\Users\prabh\.m2\repository\org\openjfx\javafx-graphics\21\javafx-graphics-21-win.jar;C:\Users\prabh\.m2\repository\com\mysql\mysql-connector-j\8.0.33\mysql-connector-j-8.0.33.jar;C:\Users\prabh\.m2\repository\org\openjfx\javafx-base\21\javafx-base-21-win.jar -Djdk.module.main=org.example.ood5 
java_command: org.example.ood5/Main.Main
java_class_path (initial): C:\Users\prabh\.m2\repository\org\openjfx\javafx-controls\21\javafx-controls-21.jar;C:\Users\prabh\.m2\repository\org\openjfx\javafx-graphics\21\javafx-graphics-21.jar;C:\Users\prabh\.m2\repository\org\openjfx\javafx-base\21\javafx-base-21.jar;C:\Users\prabh\.m2\repository\org\openjfx\javafx-fxml\21\javafx-fxml-21.jar;C:\Users\prabh\.m2\repository\com\google\protobuf\protobuf-java\3.21.9\protobuf-java-3.21.9.jar
Launcher Type: SUN_STANDARD

[Global flags]
     intx CICompilerCount                          = 4                                         {product} {ergonomic}
     uint ConcGCThreads                            = 2                                         {product} {ergonomic}
     uint G1ConcRefinementThreads                  = 8                                         {product} {ergonomic}
   size_t G1HeapRegionSize                         = 2097152                                   {product} {ergonomic}
    uintx GCDrainStackTargetSize                   = 64                                        {product} {ergonomic}
   size_t InitialHeapSize                          = 264241152                                 {product} {ergonomic}
   size_t MarkStackSize                            = 4194304                                   {product} {ergonomic}
   size_t MaxHeapSize                              = 4221566976                                {product} {ergonomic}
   size_t MaxNewSize                               = 2531262464                                {product} {ergonomic}
   size_t MinHeapDeltaBytes                        = 2097152                                   {product} {ergonomic}
   size_t MinHeapSize                              = 8388608                                   {product} {ergonomic}
    uintx NonNMethodCodeHeapSize                   = 5839372                                {pd product} {ergonomic}
    uintx NonProfiledCodeHeapSize                  = 122909434                              {pd product} {ergonomic}
    uintx ProfiledCodeHeapSize                     = 122909434                              {pd product} {ergonomic}
    uintx ReservedCodeCacheSize                    = 251658240                              {pd product} {ergonomic}
     bool SegmentedCodeCache                       = true                                      {product} {ergonomic}
   size_t SoftMaxHeapSize                          = 4221566976                             {manageable} {ergonomic}
     bool UseCompressedOops                        = true                           {product lp64_product} {ergonomic}
     bool UseG1GC                                  = true                                      {product} {ergonomic}
     bool UseLargePagesIndividualAllocation        = false                                  {pd product} {ergonomic}

Logging:
Log output configuration:
 #0: stdout all=warning uptime,level,tags foldmultilines=false
 #1: stderr all=off uptime,level,tags foldmultilines=false

Environment Variables:
JAVA_HOME=C:\Program Files\Java\jdk-21.0.2
PATH=C:\WINDOWS\system32;C:\WINDOWS;C:\WINDOWS\System32\Wbem;C:\WINDOWS\System32\WindowsPowerShell\v1.0\;C:\WINDOWS\System32\OpenSSH\;C:\Program Files\Java\jdk-21.0.2\bin;C:\Users\prabh\AppData\Local\Programs\MiKTeX\miktex\bin\x64\;C:\Users\prabh\.m2\wrapper\dists\apache-maven-3.8.5-bin\5i5jha092a3i37g0paqnfr15e0\apache-maven-3.8.5\bin;C:\Program Files\Git\cmd;C:\Users\prabh\AppData\Local\Programs\Python\Python311\Scripts\;C:\Users\prabh\AppData\Local\Programs\Python\Python311\;C:\Users\prabh\AppData\Local\Microsoft\WindowsApps;C:\Users\prabh\AppData\Local\Programs\Microsoft VS Code\bin;C:\Users\prabh\AppData\Local\JetBrains\Toolbox\scripts;C:\Users\prabh\AppData\Local\Programs\MiKTeX\miktex\bin\x64\;C:\Program Files\JetBrains\IntelliJ IDEA 2023.3.3\bin;
USERNAME=prabh
OS=Windows_NT
PROCESSOR_IDENTIFIER=Intel64 Family 6 Model 142 Stepping 12, GenuineIntel
TMP=C:\Users\prabh\AppData\Local\Temp
TEMP=C:\Users\prabh\AppData\Local\Temp




Periodic native trim disabled

---------------  S Y S T E M  ---------------

OS:
 Windows 11 , 64 bit Build 22621 (10.0.22621.4391)
OS uptime: 0 days 16:10 hours

CPU: total 8 (initial active 8) (4 cores per cpu, 2 threads per core) family 6 model 142 stepping 12 microcode 0xfa, cx8, cmov, fxsr, ht, mmx, 3dnowpref, sse, sse2, sse3, ssse3, sse4.1, sse4.2, popcnt, lzcnt, tsc, tscinvbit, avx, avx2, aes, erms, clmul, bmi1, bmi2, adx, fma, vzeroupper, clflush, clflushopt, rdtscp, f16c
Processor Information for all 8 processors :
  Max Mhz: 1896, Current Mhz: 798, Mhz Limit: 796

Memory: 4k page, system-wide physical 16099M (5986M free)
TotalPageFile size 23839M (AvailPageFile size 2055M)
current process WorkingSet (physical memory assigned to process): 97M, peak: 112M
current process commit charge ("private bytes"): 369M, peak: 383M

vm_info: Java HotSpot(TM) 64-Bit Server VM (21.0.2+13-LTS-58) for windows-amd64 JRE (21.0.2+13-LTS-58), built on 2024-01-05T18:32:24Z by "mach5one" with MS VC++ 17.1 (VS2022)

END.
