#
# There is insufficient memory for the Java Runtime Environment to continue.
# Native memory allocation (malloc) failed to allocate 33456 bytes for Chunk::new
# Possible reasons:
#   The system is out of physical RAM or swap space
#   The process is running with CompressedOops enabled, and the Java Heap may be blocking the growth of the native heap
# Possible solutions:
#   Reduce memory load on the system
#   Increase physical memory or swap space
#   Check if swap backing store is full
#   Decrease Java heap size (-Xmx/-Xms)
#   Decrease number of Java threads
#   Decrease Java thread stack sizes (-Xss)
#   Set larger code cache with -XX:ReservedCodeCacheSize=
#   JVM is running with Zero Based Compressed Oops mode in which the Java heap is
#     placed in the first 32GB address space. The Java Heap base address is the
#     maximum limit for the native heap growth. Please use -XX:HeapBaseMinAddress
#     to set the Java Heap base and to place the Java Heap above 32GB virtual address.
# This output file may be truncated or incomplete.
#
#  Out of Memory Error (arena.cpp:168), pid=9260, tid=13360
#
# JRE version: Java(TM) SE Runtime Environment (21.0.2+13) (build 21.0.2+13-LTS-58)
# Java VM: Java HotSpot(TM) 64-Bit Server VM (21.0.2+13-LTS-58, mixed mode, sharing, tiered, compressed oops, compressed class ptrs, g1 gc, windows-amd64)
# No core dump will be written. Minidumps are not enabled by default on client versions of Windows
#

---------------  S U M M A R Y ------------

Command Line: -javaagent:D:\IntelliJ IDEA 2024.2.4\lib\idea_rt.jar=62517:D:\IntelliJ IDEA 2024.2.4\bin -Dfile.encoding=UTF-8 -Dsun.stdout.encoding=UTF-8 -Dsun.stderr.encoding=UTF-8 --module-path=C:\Users\prabh\.m2\repository\org\openjfx\javafx-controls\21\javafx-controls-21-win.jar;C:\Users\prabh\.m2\repository\org\openjfx\javafx-fxml\21\javafx-fxml-21-win.jar;C:\Users\prabh\.m2\repository\com\google\code\gson\gson\2.8.9\gson-2.8.9.jar;C:\Users\prabh\.m2\repository\org\openjfx\javafx-graphics\21\javafx-graphics-21-win.jar;C:\Users\prabh\IdeaProjects\OOD5\lib\librec-core-3.0.0-1.jar;C:\Users\prabh\IdeaProjects\OOD5\target\classes;C:\Users\prabh\.m2\repository\org\openjfx\javafx-base\21\javafx-base-21-win.jar;C:\Users\prabh\.m2\repository\com\mysql\mysql-connector-j\8.0.33\mysql-connector-j-8.0.33.jar -Djdk.module.main=org.example.ood5 org.example.ood5/Main.Main

Host: Intel(R) Core(TM) i5-8365U CPU @ 1.60GHz, 8 cores, 15G,  Windows 11 , 64 bit Build 22621 (10.0.22621.4391)
Time: Tue Dec  3 17:39:13 2024 Sri Lanka Standard Time elapsed time: 7.756739 seconds (0d 0h 0m 7s)

---------------  T H R E A D  ---------------

Current thread (0x000001b7b28f92b0):  JavaThread "C2 CompilerThread0" daemon [_thread_in_native, id=13360, stack(0x0000008683400000,0x0000008683500000) (1024K)]


Current CompileTask:
C2:   7756 1105 %     4       java.util.Properties$LineReader::readLine @ 53 (584 bytes)

Stack: [0x0000008683400000,0x0000008683500000]
Native frames: (J=compiled Java code, j=interpreted, Vv=VM code, C=native code)
V  [jvm.dll+0x6cade9]
V  [jvm.dll+0x8569c1]
V  [jvm.dll+0x858d2e]
V  [jvm.dll+0x859413]
V  [jvm.dll+0x280e56]
V  [jvm.dll+0xc3f3d]
V  [jvm.dll+0xc4473]
V  [jvm.dll+0x5d5ad9]
V  [jvm.dll+0x382884]
V  [jvm.dll+0x381cca]
V  [jvm.dll+0x249bd0]
V  [jvm.dll+0x2491b1]
V  [jvm.dll+0x1c9634]
V  [jvm.dll+0x258859]
V  [jvm.dll+0x256e3a]
V  [jvm.dll+0x3ef6c6]
V  [jvm.dll+0x7ff568]
V  [jvm.dll+0x6c953d]
C  [ucrtbase.dll+0x29333]
C  [KERNEL32.DLL+0x1259d]
C  [ntdll.dll+0x5af38]


---------------  P R O C E S S  ---------------

Threads class SMR info:
_java_thread_list=0x000001b7f862b7a0, length=16, elements={
0x000001b79385cfd0, 0x000001b7b249b410, 0x000001b7b249c180, 0x000001b7b249d510,
0x000001b7b24a0340, 0x000001b7b24a0f50, 0x000001b7b24a2ca0, 0x000001b7b28f92b0,
0x000001b7b291a170, 0x000001b7b29df090, 0x000001b7f893b170, 0x000001b7f8b1bde0,
0x000001b7f8ae86c0, 0x000001b7f8ae58d0, 0x000001b7f8ae6c80, 0x000001b7f84c3a70
}

Java Threads: ( => current thread )
  0x000001b79385cfd0 JavaThread "main"                              [_thread_blocked, id=19904, stack(0x0000008682500000,0x0000008682600000) (1024K)]
  0x000001b7b249b410 JavaThread "Reference Handler"          daemon [_thread_blocked, id=22728, stack(0x0000008682e00000,0x0000008682f00000) (1024K)]
  0x000001b7b249c180 JavaThread "Finalizer"                  daemon [_thread_blocked, id=3484, stack(0x0000008682f00000,0x0000008683000000) (1024K)]
  0x000001b7b249d510 JavaThread "Signal Dispatcher"          daemon [_thread_blocked, id=19132, stack(0x0000008683000000,0x0000008683100000) (1024K)]
  0x000001b7b24a0340 JavaThread "Attach Listener"            daemon [_thread_blocked, id=8124, stack(0x0000008683100000,0x0000008683200000) (1024K)]
  0x000001b7b24a0f50 JavaThread "Service Thread"             daemon [_thread_blocked, id=7228, stack(0x0000008683200000,0x0000008683300000) (1024K)]
  0x000001b7b24a2ca0 JavaThread "Monitor Deflation Thread"   daemon [_thread_blocked, id=2112, stack(0x0000008683300000,0x0000008683400000) (1024K)]
=>0x000001b7b28f92b0 JavaThread "C2 CompilerThread0"         daemon [_thread_in_native, id=13360, stack(0x0000008683400000,0x0000008683500000) (1024K)]
  0x000001b7b291a170 JavaThread "C1 CompilerThread0"         daemon [_thread_blocked, id=17776, stack(0x0000008683500000,0x0000008683600000) (1024K)]
  0x000001b7b29df090 JavaThread "Common-Cleaner"             daemon [_thread_blocked, id=21988, stack(0x0000008683600000,0x0000008683700000) (1024K)]
  0x000001b7f893b170 JavaThread "Monitor Ctrl-Break"         daemon [_thread_in_native, id=3544, stack(0x0000008683900000,0x0000008683a00000) (1024K)]
  0x000001b7f8b1bde0 JavaThread "Notification Thread"        daemon [_thread_blocked, id=17444, stack(0x0000008683a00000,0x0000008683b00000) (1024K)]
  0x000001b7f8ae86c0 JavaThread "InvokeLaterDispatcher"      daemon [_thread_blocked, id=16732, stack(0x0000008683c00000,0x0000008683d00000) (1024K)]
  0x000001b7f8ae58d0 JavaThread "Thread-1"                   daemon [_thread_in_native, id=16940, stack(0x0000008684600000,0x0000008684700000) (1024K)]
  0x000001b7f8ae6c80 JavaThread "mysql-cj-abandoned-connection-cleanup" daemon [_thread_blocked, id=10908, stack(0x0000008683700000,0x0000008683800000) (1024K)]
  0x000001b7f84c3a70 JavaThread "C2 CompilerThread1"         daemon [_thread_in_native, id=14508, stack(0x0000008683800000,0x0000008683900000) (1024K)]
Total: 16

Other Threads:
  0x000001b7b2477ef0 VMThread "VM Thread"                           [id=22544, stack(0x0000008682d00000,0x0000008682e00000) (1024K)]
  0x000001b7b245d5e0 WatcherThread "VM Periodic Task Thread"        [id=22608, stack(0x0000008682c00000,0x0000008682d00000) (1024K)]
  0x000001b7938c6410 WorkerThread "GC Thread#0"                     [id=15260, stack(0x0000008682700000,0x0000008682800000) (1024K)]
  0x000001b7f8deb600 WorkerThread "GC Thread#1"                     [id=15636, stack(0x0000008684100000,0x0000008684200000) (1024K)]
  0x000001b7f8db2d50 WorkerThread "GC Thread#2"                     [id=20772, stack(0x0000008684200000,0x0000008684300000) (1024K)]
  0x000001b7f8dd0270 WorkerThread "GC Thread#3"                     [id=10320, stack(0x0000008684300000,0x0000008684400000) (1024K)]
  0x000001b7f8dd0610 WorkerThread "GC Thread#4"                     [id=20908, stack(0x0000008684400000,0x0000008684500000) (1024K)]
  0x000001b7f8dd09b0 WorkerThread "GC Thread#5"                     [id=8632, stack(0x0000008684500000,0x0000008684600000) (1024K)]
  0x000001b7938d8130 ConcurrentGCThread "G1 Main Marker"            [id=308, stack(0x0000008682800000,0x0000008682900000) (1024K)]
  0x000001b7938da190 WorkerThread "G1 Conc#0"                       [id=13444, stack(0x0000008682900000,0x0000008682a00000) (1024K)]
  0x000001b7b232ee80 ConcurrentGCThread "G1 Refine#0"               [id=20896, stack(0x0000008682a00000,0x0000008682b00000) (1024K)]
  0x000001b7b232f6a0 ConcurrentGCThread "G1 Service"                [id=12360, stack(0x0000008682b00000,0x0000008682c00000) (1024K)]
Total: 12

Threads with active compile tasks:
C2 CompilerThread0     7794 1105 %     4       java.util.Properties$LineReader::readLine @ 53 (584 bytes)
C2 CompilerThread1     7794 1103       4       java.lang.AbstractStringBuilder::append (77 bytes)
Total: 2

VM state: not at safepoint (normal execution)

VM Mutex/Monitor currently owned by a thread:  ([mutex/lock_event])
[0x00007ff9055ab8e8] MethodCompileQueue_lock - owner thread: 0x000001b7f84c3a70

OutOfMemory and StackOverflow Exception counts:
OutOfMemoryError java_heap_errors=1
LinkageErrors=22

Heap address: 0x0000000704600000, size: 4026 MB, Compressed Oops mode: Zero based, Oop shift amount: 3

CDS archive(s) mapped at: [0x000001b7b3000000-0x000001b7b3c90000-0x000001b7b3c90000), size 13172736, SharedBaseAddress: 0x000001b7b3000000, ArchiveRelocationMode: 1.
Compressed class space mapped at: 0x000001b7b4000000-0x000001b7f4000000, reserved size: 1073741824
Narrow klass base: 0x000001b7b3000000, Narrow klass shift: 0, Narrow klass range: 0x100000000

GC Precious Log:
 CardTable entry size: 512
 Card Set container configuration: InlinePtr #cards 4 size 8 Array Of Cards #cards 16 size 48 Howl #buckets 8 coarsen threshold 3686 Howl Bitmap #cards 512 size 80 coarsen threshold 460 Card regions per heap region 1 cards per card region 4096
 CPUs: 8 total, 8 available
 Memory: 16099M
 Large Page Support: Disabled
 NUMA Support: Disabled
 Compressed Oops: Enabled (Zero based)
 Heap Region Size: 2M
 Heap Min Capacity: 8M
 Heap Initial Capacity: 252M
 Heap Max Capacity: 4026M
 Pre-touch: Disabled
 Parallel Workers: 8
 Concurrent Workers: 2
 Concurrent Refinement Workers: 8
 Periodic GC: Disabled

Heap:
 garbage-first heap   total 258048K, used 7329K [0x0000000704600000, 0x0000000800000000)
  region size 2048K, 6 young (12288K), 2 survivors (4096K)
 Metaspace       used 6216K, committed 6464K, reserved 1114112K
  class space    used 712K, committed 832K, reserved 1048576K

Heap Regions: E=young(eden), S=young(survivor), O=old, HS=humongous(starts), HC=humongous(continues), CS=collection set, F=free, TAMS=top-at-mark-start, PB=parsable bottom
|   0|0x0000000704600000, 0x0000000704600000, 0x0000000704800000|  0%| F|  |TAMS 0x0000000704600000| PB 0x0000000704600000| Untracked 
|   1|0x0000000704800000, 0x0000000704800000, 0x0000000704a00000|  0%| F|  |TAMS 0x0000000704800000| PB 0x0000000704800000| Untracked 
|   2|0x0000000704a00000, 0x0000000704a00000, 0x0000000704c00000|  0%| F|  |TAMS 0x0000000704a00000| PB 0x0000000704a00000| Untracked 
|   3|0x0000000704c00000, 0x0000000704c00000, 0x0000000704e00000|  0%| F|  |TAMS 0x0000000704c00000| PB 0x0000000704c00000| Untracked 
|   4|0x0000000704e00000, 0x0000000704e00000, 0x0000000705000000|  0%| F|  |TAMS 0x0000000704e00000| PB 0x0000000704e00000| Untracked 
|   5|0x0000000705000000, 0x0000000705000000, 0x0000000705200000|  0%| F|  |TAMS 0x0000000705000000| PB 0x0000000705000000| Untracked 
|   6|0x0000000705200000, 0x0000000705200000, 0x0000000705400000|  0%| F|  |TAMS 0x0000000705200000| PB 0x0000000705200000| Untracked 
|   7|0x0000000705400000, 0x0000000705400000, 0x0000000705600000|  0%| F|  |TAMS 0x0000000705400000| PB 0x0000000705400000| Untracked 
|   8|0x0000000705600000, 0x0000000705600000, 0x0000000705800000|  0%| F|  |TAMS 0x0000000705600000| PB 0x0000000705600000| Untracked 
|   9|0x0000000705800000, 0x0000000705800000, 0x0000000705a00000|  0%| F|  |TAMS 0x0000000705800000| PB 0x0000000705800000| Untracked 
|  10|0x0000000705a00000, 0x0000000705a00000, 0x0000000705c00000|  0%| F|  |TAMS 0x0000000705a00000| PB 0x0000000705a00000| Untracked 
|  11|0x0000000705c00000, 0x0000000705c00000, 0x0000000705e00000|  0%| F|  |TAMS 0x0000000705c00000| PB 0x0000000705c00000| Untracked 
|  12|0x0000000705e00000, 0x0000000705e00000, 0x0000000706000000|  0%| F|  |TAMS 0x0000000705e00000| PB 0x0000000705e00000| Untracked 
|  13|0x0000000706000000, 0x0000000706000000, 0x0000000706200000|  0%| F|  |TAMS 0x0000000706000000| PB 0x0000000706000000| Untracked 
|  14|0x0000000706200000, 0x0000000706200000, 0x0000000706400000|  0%| F|  |TAMS 0x0000000706200000| PB 0x0000000706200000| Untracked 
|  15|0x0000000706400000, 0x0000000706400000, 0x0000000706600000|  0%| F|  |TAMS 0x0000000706400000| PB 0x0000000706400000| Untracked 
|  16|0x0000000706600000, 0x0000000706600000, 0x0000000706800000|  0%| F|  |TAMS 0x0000000706600000| PB 0x0000000706600000| Untracked 
|  17|0x0000000706800000, 0x0000000706800000, 0x0000000706a00000|  0%| F|  |TAMS 0x0000000706800000| PB 0x0000000706800000| Untracked 
|  18|0x0000000706a00000, 0x0000000706a00000, 0x0000000706c00000|  0%| F|  |TAMS 0x0000000706a00000| PB 0x0000000706a00000| Untracked 
|  19|0x0000000706c00000, 0x0000000706c00000, 0x0000000706e00000|  0%| F|  |TAMS 0x0000000706c00000| PB 0x0000000706c00000| Untracked 
|  20|0x0000000706e00000, 0x0000000706e00000, 0x0000000707000000|  0%| F|  |TAMS 0x0000000706e00000| PB 0x0000000706e00000| Untracked 
|  21|0x0000000707000000, 0x0000000707000000, 0x0000000707200000|  0%| F|  |TAMS 0x0000000707000000| PB 0x0000000707000000| Untracked 
|  22|0x0000000707200000, 0x0000000707200000, 0x0000000707400000|  0%| F|  |TAMS 0x0000000707200000| PB 0x0000000707200000| Untracked 
|  23|0x0000000707400000, 0x0000000707400000, 0x0000000707600000|  0%| F|  |TAMS 0x0000000707400000| PB 0x0000000707400000| Untracked 
|  24|0x0000000707600000, 0x0000000707600000, 0x0000000707800000|  0%| F|  |TAMS 0x0000000707600000| PB 0x0000000707600000| Untracked 
|  25|0x0000000707800000, 0x0000000707800000, 0x0000000707a00000|  0%| F|  |TAMS 0x0000000707800000| PB 0x0000000707800000| Untracked 
|  26|0x0000000707a00000, 0x0000000707a00000, 0x0000000707c00000|  0%| F|  |TAMS 0x0000000707a00000| PB 0x0000000707a00000| Untracked 
|  27|0x0000000707c00000, 0x0000000707c00000, 0x0000000707e00000|  0%| F|  |TAMS 0x0000000707c00000| PB 0x0000000707c00000| Untracked 
|  28|0x0000000707e00000, 0x0000000707e00000, 0x0000000708000000|  0%| F|  |TAMS 0x0000000707e00000| PB 0x0000000707e00000| Untracked 
|  29|0x0000000708000000, 0x0000000708000000, 0x0000000708200000|  0%| F|  |TAMS 0x0000000708000000| PB 0x0000000708000000| Untracked 
|  30|0x0000000708200000, 0x0000000708200000, 0x0000000708400000|  0%| F|  |TAMS 0x0000000708200000| PB 0x0000000708200000| Untracked 
|  31|0x0000000708400000, 0x0000000708400000, 0x0000000708600000|  0%| F|  |TAMS 0x0000000708400000| PB 0x0000000708400000| Untracked 
|  32|0x0000000708600000, 0x0000000708600000, 0x0000000708800000|  0%| F|  |TAMS 0x0000000708600000| PB 0x0000000708600000| Untracked 
|  33|0x0000000708800000, 0x0000000708800000, 0x0000000708a00000|  0%| F|  |TAMS 0x0000000708800000| PB 0x0000000708800000| Untracked 
|  34|0x0000000708a00000, 0x0000000708a00000, 0x0000000708c00000|  0%| F|  |TAMS 0x0000000708a00000| PB 0x0000000708a00000| Untracked 
|  35|0x0000000708c00000, 0x0000000708c00000, 0x0000000708e00000|  0%| F|  |TAMS 0x0000000708c00000| PB 0x0000000708c00000| Untracked 
|  36|0x0000000708e00000, 0x0000000708e00000, 0x0000000709000000|  0%| F|  |TAMS 0x0000000708e00000| PB 0x0000000708e00000| Untracked 
|  37|0x0000000709000000, 0x0000000709000000, 0x0000000709200000|  0%| F|  |TAMS 0x0000000709000000| PB 0x0000000709000000| Untracked 
|  38|0x0000000709200000, 0x0000000709200000, 0x0000000709400000|  0%| F|  |TAMS 0x0000000709200000| PB 0x0000000709200000| Untracked 
|  39|0x0000000709400000, 0x0000000709400000, 0x0000000709600000|  0%| F|  |TAMS 0x0000000709400000| PB 0x0000000709400000| Untracked 
|  40|0x0000000709600000, 0x0000000709600000, 0x0000000709800000|  0%| F|  |TAMS 0x0000000709600000| PB 0x0000000709600000| Untracked 
|  41|0x0000000709800000, 0x0000000709800000, 0x0000000709a00000|  0%| F|  |TAMS 0x0000000709800000| PB 0x0000000709800000| Untracked 
|  42|0x0000000709a00000, 0x0000000709a00000, 0x0000000709c00000|  0%| F|  |TAMS 0x0000000709a00000| PB 0x0000000709a00000| Untracked 
|  43|0x0000000709c00000, 0x0000000709c00000, 0x0000000709e00000|  0%| F|  |TAMS 0x0000000709c00000| PB 0x0000000709c00000| Untracked 
|  44|0x0000000709e00000, 0x0000000709e00000, 0x000000070a000000|  0%| F|  |TAMS 0x0000000709e00000| PB 0x0000000709e00000| Untracked 
|  45|0x000000070a000000, 0x000000070a000000, 0x000000070a200000|  0%| F|  |TAMS 0x000000070a000000| PB 0x000000070a000000| Untracked 
|  46|0x000000070a200000, 0x000000070a200000, 0x000000070a400000|  0%| F|  |TAMS 0x000000070a200000| PB 0x000000070a200000| Untracked 
|  47|0x000000070a400000, 0x000000070a400000, 0x000000070a600000|  0%| F|  |TAMS 0x000000070a400000| PB 0x000000070a400000| Untracked 
|  48|0x000000070a600000, 0x000000070a600000, 0x000000070a800000|  0%| F|  |TAMS 0x000000070a600000| PB 0x000000070a600000| Untracked 
|  49|0x000000070a800000, 0x000000070a800000, 0x000000070aa00000|  0%| F|  |TAMS 0x000000070a800000| PB 0x000000070a800000| Untracked 
|  50|0x000000070aa00000, 0x000000070aa00000, 0x000000070ac00000|  0%| F|  |TAMS 0x000000070aa00000| PB 0x000000070aa00000| Untracked 
|  51|0x000000070ac00000, 0x000000070ac00000, 0x000000070ae00000|  0%| F|  |TAMS 0x000000070ac00000| PB 0x000000070ac00000| Untracked 
|  52|0x000000070ae00000, 0x000000070ae00000, 0x000000070b000000|  0%| F|  |TAMS 0x000000070ae00000| PB 0x000000070ae00000| Untracked 
|  53|0x000000070b000000, 0x000000070b000000, 0x000000070b200000|  0%| F|  |TAMS 0x000000070b000000| PB 0x000000070b000000| Untracked 
|  54|0x000000070b200000, 0x000000070b200000, 0x000000070b400000|  0%| F|  |TAMS 0x000000070b200000| PB 0x000000070b200000| Untracked 
|  55|0x000000070b400000, 0x000000070b400000, 0x000000070b600000|  0%| F|  |TAMS 0x000000070b400000| PB 0x000000070b400000| Untracked 
|  56|0x000000070b600000, 0x000000070b600000, 0x000000070b800000|  0%| F|  |TAMS 0x000000070b600000| PB 0x000000070b600000| Untracked 
|  57|0x000000070b800000, 0x000000070b800000, 0x000000070ba00000|  0%| F|  |TAMS 0x000000070b800000| PB 0x000000070b800000| Untracked 
|  58|0x000000070ba00000, 0x000000070ba00000, 0x000000070bc00000|  0%| F|  |TAMS 0x000000070ba00000| PB 0x000000070ba00000| Untracked 
|  59|0x000000070bc00000, 0x000000070bc00000, 0x000000070be00000|  0%| F|  |TAMS 0x000000070bc00000| PB 0x000000070bc00000| Untracked 
|  60|0x000000070be00000, 0x000000070be00000, 0x000000070c000000|  0%| F|  |TAMS 0x000000070be00000| PB 0x000000070be00000| Untracked 
|  61|0x000000070c000000, 0x000000070c000000, 0x000000070c200000|  0%| F|  |TAMS 0x000000070c000000| PB 0x000000070c000000| Untracked 
|  62|0x000000070c200000, 0x000000070c200000, 0x000000070c400000|  0%| F|  |TAMS 0x000000070c200000| PB 0x000000070c200000| Untracked 
|  63|0x000000070c400000, 0x000000070c400000, 0x000000070c600000|  0%| F|  |TAMS 0x000000070c400000| PB 0x000000070c400000| Untracked 
|  64|0x000000070c600000, 0x000000070c600000, 0x000000070c800000|  0%| F|  |TAMS 0x000000070c600000| PB 0x000000070c600000| Untracked 
|  65|0x000000070c800000, 0x000000070c800000, 0x000000070ca00000|  0%| F|  |TAMS 0x000000070c800000| PB 0x000000070c800000| Untracked 
|  66|0x000000070ca00000, 0x000000070ca00000, 0x000000070cc00000|  0%| F|  |TAMS 0x000000070ca00000| PB 0x000000070ca00000| Untracked 
|  67|0x000000070cc00000, 0x000000070cc00000, 0x000000070ce00000|  0%| F|  |TAMS 0x000000070cc00000| PB 0x000000070cc00000| Untracked 
|  68|0x000000070ce00000, 0x000000070ce00000, 0x000000070d000000|  0%| F|  |TAMS 0x000000070ce00000| PB 0x000000070ce00000| Untracked 
|  69|0x000000070d000000, 0x000000070d000000, 0x000000070d200000|  0%| F|  |TAMS 0x000000070d000000| PB 0x000000070d000000| Untracked 
|  70|0x000000070d200000, 0x000000070d200000, 0x000000070d400000|  0%| F|  |TAMS 0x000000070d200000| PB 0x000000070d200000| Untracked 
|  71|0x000000070d400000, 0x000000070d400000, 0x000000070d600000|  0%| F|  |TAMS 0x000000070d400000| PB 0x000000070d400000| Untracked 
|  72|0x000000070d600000, 0x000000070d600000, 0x000000070d800000|  0%| F|  |TAMS 0x000000070d600000| PB 0x000000070d600000| Untracked 
|  73|0x000000070d800000, 0x000000070d800000, 0x000000070da00000|  0%| F|  |TAMS 0x000000070d800000| PB 0x000000070d800000| Untracked 
|  74|0x000000070da00000, 0x000000070da00000, 0x000000070dc00000|  0%| F|  |TAMS 0x000000070da00000| PB 0x000000070da00000| Untracked 
|  75|0x000000070dc00000, 0x000000070dc00000, 0x000000070de00000|  0%| F|  |TAMS 0x000000070dc00000| PB 0x000000070dc00000| Untracked 
|  76|0x000000070de00000, 0x000000070de00000, 0x000000070e000000|  0%| F|  |TAMS 0x000000070de00000| PB 0x000000070de00000| Untracked 
|  77|0x000000070e000000, 0x000000070e000000, 0x000000070e200000|  0%| F|  |TAMS 0x000000070e000000| PB 0x000000070e000000| Untracked 
|  78|0x000000070e200000, 0x000000070e200000, 0x000000070e400000|  0%| F|  |TAMS 0x000000070e200000| PB 0x000000070e200000| Untracked 
|  79|0x000000070e400000, 0x000000070e400000, 0x000000070e600000|  0%| F|  |TAMS 0x000000070e400000| PB 0x000000070e400000| Untracked 
|  80|0x000000070e600000, 0x000000070e600000, 0x000000070e800000|  0%| F|  |TAMS 0x000000070e600000| PB 0x000000070e600000| Untracked 
|  81|0x000000070e800000, 0x000000070e800000, 0x000000070ea00000|  0%| F|  |TAMS 0x000000070e800000| PB 0x000000070e800000| Untracked 
|  82|0x000000070ea00000, 0x000000070ea00000, 0x000000070ec00000|  0%| F|  |TAMS 0x000000070ea00000| PB 0x000000070ea00000| Untracked 
|  83|0x000000070ec00000, 0x000000070ec00000, 0x000000070ee00000|  0%| F|  |TAMS 0x000000070ec00000| PB 0x000000070ec00000| Untracked 
|  84|0x000000070ee00000, 0x000000070ee00000, 0x000000070f000000|  0%| F|  |TAMS 0x000000070ee00000| PB 0x000000070ee00000| Untracked 
|  85|0x000000070f000000, 0x000000070f000000, 0x000000070f200000|  0%| F|  |TAMS 0x000000070f000000| PB 0x000000070f000000| Untracked 
|  86|0x000000070f200000, 0x000000070f200000, 0x000000070f400000|  0%| F|  |TAMS 0x000000070f200000| PB 0x000000070f200000| Untracked 
|  87|0x000000070f400000, 0x000000070f400000, 0x000000070f600000|  0%| F|  |TAMS 0x000000070f400000| PB 0x000000070f400000| Untracked 
|  88|0x000000070f600000, 0x000000070f600000, 0x000000070f800000|  0%| F|  |TAMS 0x000000070f600000| PB 0x000000070f600000| Untracked 
|  89|0x000000070f800000, 0x000000070f800000, 0x000000070fa00000|  0%| F|  |TAMS 0x000000070f800000| PB 0x000000070f800000| Untracked 
|  90|0x000000070fa00000, 0x000000070fa00000, 0x000000070fc00000|  0%| F|  |TAMS 0x000000070fa00000| PB 0x000000070fa00000| Untracked 
|  91|0x000000070fc00000, 0x000000070fc00000, 0x000000070fe00000|  0%| F|  |TAMS 0x000000070fc00000| PB 0x000000070fc00000| Untracked 
|  92|0x000000070fe00000, 0x000000070fe00000, 0x0000000710000000|  0%| F|  |TAMS 0x000000070fe00000| PB 0x000000070fe00000| Untracked 
|  93|0x0000000710000000, 0x0000000710000000, 0x0000000710200000|  0%| F|  |TAMS 0x0000000710000000| PB 0x0000000710000000| Untracked 
|  94|0x0000000710200000, 0x0000000710200000, 0x0000000710400000|  0%| F|  |TAMS 0x0000000710200000| PB 0x0000000710200000| Untracked 
|  95|0x0000000710400000, 0x0000000710400000, 0x0000000710600000|  0%| F|  |TAMS 0x0000000710400000| PB 0x0000000710400000| Untracked 
|  96|0x0000000710600000, 0x0000000710600000, 0x0000000710800000|  0%| F|  |TAMS 0x0000000710600000| PB 0x0000000710600000| Untracked 
|  97|0x0000000710800000, 0x0000000710800000, 0x0000000710a00000|  0%| F|  |TAMS 0x0000000710800000| PB 0x0000000710800000| Untracked 
|  98|0x0000000710a00000, 0x0000000710a00000, 0x0000000710c00000|  0%| F|  |TAMS 0x0000000710a00000| PB 0x0000000710a00000| Untracked 
|  99|0x0000000710c00000, 0x0000000710c00000, 0x0000000710e00000|  0%| F|  |TAMS 0x0000000710c00000| PB 0x0000000710c00000| Untracked 
| 100|0x0000000710e00000, 0x0000000710e00000, 0x0000000711000000|  0%| F|  |TAMS 0x0000000710e00000| PB 0x0000000710e00000| Untracked 
| 101|0x0000000711000000, 0x0000000711000000, 0x0000000711200000|  0%| F|  |TAMS 0x0000000711000000| PB 0x0000000711000000| Untracked 
| 102|0x0000000711200000, 0x0000000711200000, 0x0000000711400000|  0%| F|  |TAMS 0x0000000711200000| PB 0x0000000711200000| Untracked 
| 103|0x0000000711400000, 0x0000000711400000, 0x0000000711600000|  0%| F|  |TAMS 0x0000000711400000| PB 0x0000000711400000| Untracked 
| 104|0x0000000711600000, 0x0000000711600000, 0x0000000711800000|  0%| F|  |TAMS 0x0000000711600000| PB 0x0000000711600000| Untracked 
| 105|0x0000000711800000, 0x0000000711800000, 0x0000000711a00000|  0%| F|  |TAMS 0x0000000711800000| PB 0x0000000711800000| Untracked 
| 106|0x0000000711a00000, 0x0000000711a00000, 0x0000000711c00000|  0%| F|  |TAMS 0x0000000711a00000| PB 0x0000000711a00000| Untracked 
| 107|0x0000000711c00000, 0x0000000711c00000, 0x0000000711e00000|  0%| F|  |TAMS 0x0000000711c00000| PB 0x0000000711c00000| Untracked 
| 108|0x0000000711e00000, 0x0000000711e00000, 0x0000000712000000|  0%| F|  |TAMS 0x0000000711e00000| PB 0x0000000711e00000| Untracked 
| 109|0x0000000712000000, 0x0000000712000000, 0x0000000712200000|  0%| F|  |TAMS 0x0000000712000000| PB 0x0000000712000000| Untracked 
| 110|0x0000000712200000, 0x0000000712200000, 0x0000000712400000|  0%| F|  |TAMS 0x0000000712200000| PB 0x0000000712200000| Untracked 
| 111|0x0000000712400000, 0x0000000712400000, 0x0000000712600000|  0%| F|  |TAMS 0x0000000712400000| PB 0x0000000712400000| Untracked 
| 112|0x0000000712600000, 0x0000000712600000, 0x0000000712800000|  0%| F|  |TAMS 0x0000000712600000| PB 0x0000000712600000| Untracked 
| 113|0x0000000712800000, 0x00000007129284d8, 0x0000000712a00000| 57%| S|CS|TAMS 0x0000000712800000| PB 0x0000000712800000| Complete 
| 114|0x0000000712a00000, 0x0000000712c00000, 0x0000000712c00000|100%| S|CS|TAMS 0x0000000712a00000| PB 0x0000000712a00000| Complete 
| 115|0x0000000712c00000, 0x0000000712c00000, 0x0000000712e00000|  0%| F|  |TAMS 0x0000000712c00000| PB 0x0000000712c00000| Untracked 
| 116|0x0000000712e00000, 0x0000000712e00000, 0x0000000713000000|  0%| F|  |TAMS 0x0000000712e00000| PB 0x0000000712e00000| Untracked 
| 117|0x0000000713000000, 0x0000000713000000, 0x0000000713200000|  0%| F|  |TAMS 0x0000000713000000| PB 0x0000000713000000| Untracked 
| 118|0x0000000713200000, 0x0000000713200000, 0x0000000713400000|  0%| F|  |TAMS 0x0000000713200000| PB 0x0000000713200000| Untracked 
| 119|0x0000000713400000, 0x0000000713400000, 0x0000000713600000|  0%| F|  |TAMS 0x0000000713400000| PB 0x0000000713400000| Untracked 
| 120|0x0000000713600000, 0x0000000713600000, 0x0000000713800000|  0%| F|  |TAMS 0x0000000713600000| PB 0x0000000713600000| Untracked 
| 121|0x0000000713800000, 0x0000000713800000, 0x0000000713a00000|  0%| F|  |TAMS 0x0000000713800000| PB 0x0000000713800000| Untracked 
| 122|0x0000000713a00000, 0x0000000713a777f0, 0x0000000713c00000| 23%| E|  |TAMS 0x0000000713a00000| PB 0x0000000713a00000| Complete 
| 123|0x0000000713c00000, 0x0000000713e00000, 0x0000000713e00000|100%| E|  |TAMS 0x0000000713c00000| PB 0x0000000713c00000| Complete 
| 124|0x0000000713e00000, 0x0000000714000000, 0x0000000714000000|100%| E|CS|TAMS 0x0000000713e00000| PB 0x0000000713e00000| Complete 
| 125|0x0000000714000000, 0x0000000714200000, 0x0000000714200000|100%| E|CS|TAMS 0x0000000714000000| PB 0x0000000714000000| Complete 

Card table byte_map: [0x000001b7ab7a0000,0x000001b7abf80000] _byte_map_base: 0x000001b7a7f7d000

Marking Bits: (CMBitMap*) 0x000001b7938c6920
 Bits: [0x000001b7abf80000, 0x000001b7afe68000)

Polling page: 0x000001b792ff0000

Metaspace:

Usage:
  Non-class:      5.38 MB used.
      Class:    712.54 KB used.
       Both:      6.07 MB used.

Virtual space:
  Non-class space:       64.00 MB reserved,       5.50 MB (  9%) committed,  1 nodes.
      Class space:        1.00 GB reserved,     832.00 KB ( <1%) committed,  1 nodes.
             Both:        1.06 GB reserved,       6.31 MB ( <1%) committed. 

Chunk freelists:
   Non-Class:  9.38 MB
       Class:  15.04 MB
        Both:  24.42 MB

MaxMetaspaceSize: unlimited
CompressedClassSpaceSize: 1.00 GB
Initial GC threshold: 21.00 MB
Current GC threshold: 21.00 MB
CDS: on
 - commit_granule_bytes: 65536.
 - commit_granule_words: 8192.
 - virtual_space_node_default_size: 8388608.
 - enlarge_chunks_in_place: 1.
 - use_allocation_guard: 0.


Internal statistics:

num_allocs_failed_limit: 0.
num_arena_births: 172.
num_arena_deaths: 0.
num_vsnodes_births: 2.
num_vsnodes_deaths: 0.
num_space_committed: 101.
num_space_uncommitted: 0.
num_chunks_returned_to_freelist: 0.
num_chunks_taken_from_freelist: 322.
num_chunk_merges: 0.
num_chunk_splits: 214.
num_chunks_enlarged: 148.
num_inconsistent_stats: 0.

CodeHeap 'non-profiled nmethods': size=120000Kb used=456Kb max_used=456Kb free=119543Kb
 bounds [0x000001b7a3760000, 0x000001b7a39d0000, 0x000001b7aac90000]
CodeHeap 'profiled nmethods': size=120000Kb used=1806Kb max_used=1806Kb free=118193Kb
 bounds [0x000001b79bc90000, 0x000001b79bf00000, 0x000001b7a31c0000]
CodeHeap 'non-nmethods': size=5760Kb used=1488Kb max_used=1512Kb free=4271Kb
 bounds [0x000001b7a31c0000, 0x000001b7a3430000, 0x000001b7a3760000]
 total_blobs=1698 nmethods=1130 adapters=473
 compilation: enabled
              stopped_count=0, restarted_count=0
 full_count=0

Compilation events (20 events):
Event: 7.745 Thread 0x000001b7b291a170 nmethod 1110 0x000001b79be42710 code [0x000001b79be428c0, 0x000001b79be42b58]
Event: 7.745 Thread 0x000001b7b291a170 1108       3       java.util.concurrent.ConcurrentHashMap$EntryIterator::next (5 bytes)
Event: 7.745 Thread 0x000001b7b291a170 nmethod 1108 0x000001b79be42c10 code [0x000001b79be42dc0, 0x000001b79be42ef8]
Event: 7.745 Thread 0x000001b7b291a170 1107       1       java.util.concurrent.ConcurrentHashMap$MapEntry::getValue (5 bytes)
Event: 7.745 Thread 0x000001b7b291a170 nmethod 1107 0x000001b7a37cda90 code [0x000001b7a37cdc20, 0x000001b7a37cdcf0]
Event: 7.745 Thread 0x000001b7b291a170 1112   !   3       java.util.jar.JarFile::checkForSpecialAttributes (163 bytes)
Event: 7.747 Thread 0x000001b7b291a170 nmethod 1112 0x000001b79be42f90 code [0x000001b79be432a0, 0x000001b79be44420]
Event: 7.747 Thread 0x000001b7b291a170 1111   !   3       java.util.jar.JarFile::isMultiRelease (33 bytes)
Event: 7.747 Thread 0x000001b7b291a170 nmethod 1111 0x000001b79be44b90 code [0x000001b79be44d40, 0x000001b79be44f48]
Event: 7.747 Thread 0x000001b7b291a170 1113       3       java.util.jar.JarFile::getEntry (35 bytes)
Event: 7.747 Thread 0x000001b7b291a170 nmethod 1113 0x000001b79be45010 code [0x000001b79be45220, 0x000001b79be456c0]
Event: 7.747 Thread 0x000001b7b291a170 1114       3       java.util.jar.JarFile::getJarEntry (9 bytes)
Event: 7.747 Thread 0x000001b7b291a170 nmethod 1114 0x000001b79be45810 code [0x000001b79be459c0, 0x000001b79be45c78]
Event: 7.750 Thread 0x000001b7b291a170 1115       3       java.util.Arrays::equals (43 bytes)
Event: 7.750 Thread 0x000001b7b291a170 nmethod 1115 0x000001b79be45d10 code [0x000001b79be45ee0, 0x000001b79be461c0]
Event: 7.752 Thread 0x000001b7b291a170 1116       3       jdk.internal.org.objectweb.asm.MethodVisitor::<init> (7 bytes)
Event: 7.752 Thread 0x000001b7b291a170 nmethod 1116 0x000001b79be46290 code [0x000001b79be46440, 0x000001b79be46588]
Event: 7.752 Thread 0x000001b7b291a170 1121       3       jdk.internal.org.objectweb.asm.MethodWriter::putMethodInfo (1274 bytes)
Event: 7.752 Thread 0x000001b7f84c3a70 nmethod 1101% 0x000001b7a37cdd90 code [0x000001b7a37cdf20, 0x000001b7a37ce3c0]
Event: 7.752 Thread 0x000001b7f84c3a70 1104       4       java.util.Properties::loadConvert (540 bytes)

GC Heap History (2 events):
Event: 0.616 GC heap before
{Heap before GC invocations=0 (full 0):
 garbage-first heap   total 258048K, used 20480K [0x0000000704600000, 0x0000000800000000)
  region size 2048K, 11 young (22528K), 0 survivors (0K)
 Metaspace       used 4245K, committed 4480K, reserved 1114112K
  class space    used 443K, committed 576K, reserved 1048576K
}
Event: 0.620 GC heap after
{Heap after GC invocations=1 (full 0):
 garbage-first heap   total 258048K, used 3233K [0x0000000704600000, 0x0000000800000000)
  region size 2048K, 2 young (4096K), 2 survivors (4096K)
 Metaspace       used 4245K, committed 4480K, reserved 1114112K
  class space    used 443K, committed 576K, reserved 1048576K
}

Dll operation events (20 events):
Event: 0.430 Loaded shared library C:\Users\prabh\.openjfx\cache\21+31\amd64\api-ms-win-crt-heap-l1-1-0.dll
Event: 0.432 Loaded shared library C:\Users\prabh\.openjfx\cache\21+31\amd64\api-ms-win-crt-locale-l1-1-0.dll
Event: 0.435 Loaded shared library C:\Users\prabh\.openjfx\cache\21+31\amd64\api-ms-win-crt-math-l1-1-0.dll
Event: 0.438 Loaded shared library C:\Users\prabh\.openjfx\cache\21+31\amd64\api-ms-win-crt-multibyte-l1-1-0.dll
Event: 0.441 Loaded shared library C:\Users\prabh\.openjfx\cache\21+31\amd64\api-ms-win-crt-private-l1-1-0.dll
Event: 0.443 Loaded shared library C:\Users\prabh\.openjfx\cache\21+31\amd64\api-ms-win-crt-process-l1-1-0.dll
Event: 0.445 Loaded shared library C:\Users\prabh\.openjfx\cache\21+31\amd64\api-ms-win-crt-runtime-l1-1-0.dll
Event: 0.447 Loaded shared library C:\Users\prabh\.openjfx\cache\21+31\amd64\api-ms-win-crt-stdio-l1-1-0.dll
Event: 0.449 Loaded shared library C:\Users\prabh\.openjfx\cache\21+31\amd64\api-ms-win-crt-string-l1-1-0.dll
Event: 0.451 Loaded shared library C:\Users\prabh\.openjfx\cache\21+31\amd64\api-ms-win-crt-time-l1-1-0.dll
Event: 0.453 Loaded shared library C:\Users\prabh\.openjfx\cache\21+31\amd64\api-ms-win-crt-utility-l1-1-0.dll
Event: 0.467 Loaded shared library C:\Users\prabh\.openjfx\cache\21+31\amd64\ucrtbase.dll
Event: 0.472 Loaded shared library C:\Users\prabh\.openjfx\cache\21+31\amd64\vcruntime140.dll
Event: 0.474 Loaded shared library C:\Users\prabh\.openjfx\cache\21+31\amd64\vcruntime140_1.dll
Event: 0.482 Loaded shared library C:\Users\prabh\.openjfx\cache\21+31\amd64\msvcp140.dll
Event: 0.484 Loaded shared library C:\Users\prabh\.openjfx\cache\21+31\amd64\msvcp140_1.dll
Event: 0.488 Loaded shared library C:\Users\prabh\.openjfx\cache\21+31\amd64\msvcp140_2.dll
Event: 0.522 Loaded shared library C:\Users\prabh\.openjfx\cache\21+31\amd64\prism_d3d.dll
Event: 0.558 Loaded shared library C:\Users\prabh\.openjfx\cache\21+31\amd64\glass.dll
Event: 0.650 Loaded shared library C:\Program Files\Java\jdk-21.0.2\bin\jimage.dll

Deoptimization events (20 events):
Event: 0.590 Thread 0x000001b7f8ae8030 Uncommon trap: trap_request=0xffffffde fr.pc=0x000001b7a37c215c relative=0x000000000000013c
Event: 0.590 Thread 0x000001b7f8ae8030 Uncommon trap: reason=class_check action=maybe_recompile pc=0x000001b7a37c215c method=jdk.internal.misc.Unsafe.allocateUninitializedArray(Ljava/lang/Class;I)Ljava/lang/Object; @ 51 c2
Event: 0.590 Thread 0x000001b7f8ae8030 DEOPT PACKING pc=0x000001b7a37c215c sp=0x0000008683bfb150
Event: 0.590 Thread 0x000001b7f8ae8030 DEOPT UNPACKING pc=0x000001b7a32146a2 sp=0x0000008683bfb0c8 mode 2
Event: 0.591 Thread 0x000001b7f8ae8030 Uncommon trap: trap_request=0xffffffde fr.pc=0x000001b7a37c215c relative=0x000000000000013c
Event: 0.591 Thread 0x000001b7f8ae8030 Uncommon trap: reason=class_check action=maybe_recompile pc=0x000001b7a37c215c method=jdk.internal.misc.Unsafe.allocateUninitializedArray(Ljava/lang/Class;I)Ljava/lang/Object; @ 51 c2
Event: 0.591 Thread 0x000001b7f8ae8030 DEOPT PACKING pc=0x000001b7a37c215c sp=0x0000008683bfa9d0
Event: 0.591 Thread 0x000001b7f8ae8030 DEOPT UNPACKING pc=0x000001b7a32146a2 sp=0x0000008683bfa948 mode 2
Event: 0.637 Thread 0x000001b7f8ae5240 Uncommon trap: trap_request=0xffffff45 fr.pc=0x000001b7a37a7530 relative=0x0000000000000090
Event: 0.637 Thread 0x000001b7f8ae5240 Uncommon trap: reason=unstable_if action=reinterpret pc=0x000001b7a37a7530 method=jdk.internal.misc.Unsafe.convEndian(ZI)I @ 4 c2
Event: 0.637 Thread 0x000001b7f8ae5240 DEOPT PACKING pc=0x000001b7a37a7530 sp=0x0000008683dfd900
Event: 0.637 Thread 0x000001b7f8ae5240 DEOPT UNPACKING pc=0x000001b7a32146a2 sp=0x0000008683dfd830 mode 2
Event: 7.727 Thread 0x000001b7f8ae5240 Uncommon trap: trap_request=0xffffffc6 fr.pc=0x000001b7a37b432c relative=0x0000000000005ccc
Event: 7.727 Thread 0x000001b7f8ae5240 Uncommon trap: reason=bimorphic_or_optimized_type_check action=maybe_recompile pc=0x000001b7a37b432c method=java.util.stream.ReferencePipeline$3$1.accept(Ljava/lang/Object;)V @ 12 c2
Event: 7.727 Thread 0x000001b7f8ae5240 DEOPT PACKING pc=0x000001b7a37b432c sp=0x0000008683dfe010
Event: 7.727 Thread 0x000001b7f8ae5240 DEOPT UNPACKING pc=0x000001b7a32146a2 sp=0x0000008683dfe030 mode 2
Event: 7.727 Thread 0x000001b7f8ae5240 Uncommon trap: trap_request=0xffffffc6 fr.pc=0x000001b7a37b432c relative=0x0000000000005ccc
Event: 7.727 Thread 0x000001b7f8ae5240 Uncommon trap: reason=bimorphic_or_optimized_type_check action=maybe_recompile pc=0x000001b7a37b432c method=java.util.stream.ReferencePipeline$3$1.accept(Ljava/lang/Object;)V @ 12 c2
Event: 7.727 Thread 0x000001b7f8ae5240 DEOPT PACKING pc=0x000001b7a37b432c sp=0x0000008683dfe010
Event: 7.727 Thread 0x000001b7f8ae5240 DEOPT UNPACKING pc=0x000001b7a32146a2 sp=0x0000008683dfe030 mode 2

Classes loaded (20 events):
Event: 7.733 Loading class sun/util/PropertyResourceBundleCharset
Event: 7.733 Loading class sun/util/PropertyResourceBundleCharset done
Event: 7.733 Loading class sun/util/PropertyResourceBundleCharset$PropertiesFileDecoder
Event: 7.733 Loading class sun/util/PropertyResourceBundleCharset$PropertiesFileDecoder done
Event: 7.745 Loading class java/util/ResourceBundle$BundleReference
Event: 7.745 Loading class java/util/ResourceBundle$BundleReference done
Event: 7.745 Loading class java/text/MessageFormat
Event: 7.746 Loading class java/text/MessageFormat done
Event: 7.747 Loading class java/math/BigDecimal
Event: 7.748 Loading class java/math/BigDecimal done
Event: 7.749 Loading class java/math/MathContext
Event: 7.749 Loading class java/math/MathContext done
Event: 7.750 Loading class java/util/Collections$UnmodifiableMap$UnmodifiableEntrySet
Event: 7.750 Loading class java/util/Collections$UnmodifiableMap$UnmodifiableEntrySet done
Event: 7.750 Loading class java/util/Collections$UnmodifiableMap$UnmodifiableEntrySet$UnmodifiableEntrySetSpliterator
Event: 7.750 Loading class java/util/Collections$UnmodifiableMap$UnmodifiableEntrySet$UnmodifiableEntrySetSpliterator done
Event: 7.750 Loading class java/util/HashMap$EntrySpliterator
Event: 7.751 Loading class java/util/HashMap$EntrySpliterator done
Event: 7.751 Loading class java/lang/invoke/DirectMethodHandle$Special
Event: 7.751 Loading class java/lang/invoke/DirectMethodHandle$Special done

Classes unloaded (0 events):
No events

Classes redefined (0 events):
No events

Internal exceptions (20 events):
Event: 0.191 Thread 0x000001b79385cfd0 Exception <a 'java/lang/IncompatibleClassChangeError'{0x0000000713843a28}: Found class java.lang.Object, but interface was expected> (0x0000000713843a28) 
thrown [s\open\src\hotspot\share\interpreter\linkResolver.cpp, line 840]
Event: 0.191 Thread 0x000001b79385cfd0 Exception <a 'java/lang/NoSuchMethodError'{0x00000007138462c8}: 'void java.lang.invoke.DirectMethodHandle$Holder.invokeStatic(java.lang.Object, java.lang.Object, java.lang.Object, java.lang.Object)'> (0x00000007138462c8) 
thrown [s\open\src\hotspot\share\interpreter\linkResolver.cpp, line 773]
Event: 0.229 Thread 0x000001b79385cfd0 Exception <a 'java/lang/NoSuchMethodError'{0x000000071396a7e0}: 'void java.lang.invoke.DirectMethodHandle$Holder.invokeStatic(java.lang.Object, java.lang.Object, java.lang.Object)'> (0x000000071396a7e0) 
thrown [s\open\src\hotspot\share\interpreter\linkResolver.cpp, line 773]
Event: 0.235 Thread 0x000001b79385cfd0 Exception <a 'java/lang/NoSuchMethodError'{0x0000000713980438}: 'java.lang.Object java.lang.invoke.Invokers$Holder.invokeExact_MT(java.lang.Object, java.lang.Object, java.lang.Object, java.lang.Object, java.lang.Object)'> (0x0000000713980438) 
thrown [s\open\src\hotspot\share\interpreter\linkResolver.cpp, line 773]
Event: 0.245 Thread 0x000001b7f893b170 Exception <a 'java/lang/ClassNotFoundException'{0x00000007139d3148}: jdk/net/ExtendedSocketOptions> (0x00000007139d3148) 
thrown [s\open\src\hotspot\share\classfile\systemDictionary.cpp, line 312]
Event: 0.246 Thread 0x000001b7f893b170 Exception <a 'java/lang/NoSuchMethodError'{0x00000007139d47f8}: 'void java.lang.invoke.DirectMethodHandle$Holder.invokeStatic(java.lang.Object, java.lang.Object)'> (0x00000007139d47f8) 
thrown [s\open\src\hotspot\share\interpreter\linkResolver.cpp, line 773]
Event: 0.255 Thread 0x000001b79385cfd0 Exception <a 'java/lang/NoSuchMethodError'{0x0000000713664b60}: 'java.lang.Object java.lang.invoke.Invokers$Holder.invokeExact_MT(java.lang.Object, java.lang.Object, java.lang.Object, java.lang.Object, java.lang.Object, java.lang.Object)'> (0x0000000713664b60) 
thrown [s\open\src\hotspot\share\interpreter\linkResolver.cpp, line 773]
Event: 0.538 Thread 0x000001b79385cfd0 Exception <a 'java/lang/NoSuchMethodError'{0x0000000712e05630}: 'int java.lang.invoke.DirectMethodHandle$Holder.invokeStaticInit(java.lang.Object, java.lang.Object, java.lang.Object)'> (0x0000000712e05630) 
thrown [s\open\src\hotspot\share\interpreter\linkResolver.cpp, line 773]
Event: 0.561 Thread 0x000001b79385cfd0 Exception <a 'java/lang/NoSuchMethodError'{0x0000000712ee5eb0}: 'java.lang.Object java.lang.invoke.DirectMethodHandle$Holder.newInvokeSpecial(java.lang.Object, java.lang.Object, int, java.lang.Object)'> (0x0000000712ee5eb0) 
thrown [s\open\src\hotspot\share\interpreter\linkResolver.cpp, line 773]
Event: 0.562 Thread 0x000001b79385cfd0 Exception <a 'java/lang/NoSuchMethodError'{0x0000000712eea008}: 'java.lang.Object java.lang.invoke.DirectMethodHandle$Holder.invokeSpecial(java.lang.Object, java.lang.Object, java.lang.Object, int, java.lang.Object)'> (0x0000000712eea008) 
thrown [s\open\src\hotspot\share\interpreter\linkResolver.cpp, line 773]
Event: 0.612 Thread 0x000001b7f8ae5240 Exception <a 'java/lang/NoSuchMethodError'{0x0000000712dd3470}: 'void java.lang.invoke.DirectMethodHandle$Holder.invokeStaticInit(java.lang.Object)'> (0x0000000712dd3470) 
thrown [s\open\src\hotspot\share\interpreter\linkResolver.cpp, line 773]
Event: 0.620 Thread 0x000001b79385cfd0 Exception <a 'java/lang/NoSuchMethodError'{0x0000000714000b68}: 'java.lang.Object java.lang.invoke.DirectMethodHandle$Holder.newInvokeSpecial(java.lang.Object, java.lang.Object, java.lang.Object, java.lang.Object, java.lang.Object, java.lang.Object)'> (0x0000000714000b68) 
thrown [s\open\src\hotspot\share\interpreter\linkResolver.cpp, line 773]
Event: 0.646 Thread 0x000001b79385cfd0 Exception <a 'java/lang/NoSuchMethodError'{0x000000071403cbe8}: 'java.lang.Object java.lang.invoke.DirectMethodHandle$Holder.newInvokeSpecial(java.lang.Object, java.lang.Object, java.lang.Object, java.lang.Object, java.lang.Object)'> (0x000000071403cbe8) 
thrown [s\open\src\hotspot\share\interpreter\linkResolver.cpp, line 773]
Event: 0.685 Thread 0x000001b7f8ae5240 Exception <a 'java/lang/NoSuchMethodError'{0x0000000713f80e28}: 'void java.lang.invoke.DirectMethodHandle$Holder.invokeStatic(java.lang.Object, long)'> (0x0000000713f80e28) 
thrown [s\open\src\hotspot\share\interpreter\linkResolver.cpp, line 773]
Event: 0.686 Thread 0x000001b7f8ae5240 Exception <a 'java/lang/NoSuchMethodError'{0x0000000713f859f8}: 'java.lang.Object java.lang.invoke.DirectMethodHandle$Holder.newInvokeSpecial(java.lang.Object, long)'> (0x0000000713f859f8) 
thrown [s\open\src\hotspot\share\interpreter\linkResolver.cpp, line 773]
Event: 0.688 Thread 0x000001b7f8ae5240 Exception <a 'java/lang/NoSuchMethodError'{0x0000000713f8d188}: 'java.lang.Object java.lang.invoke.DirectMethodHandle$Holder.invokeStatic(java.lang.Object, long, java.lang.Object)'> (0x0000000713f8d188) 
thrown [s\open\src\hotspot\share\interpreter\linkResolver.cpp, line 773]
Event: 0.688 Thread 0x000001b7f8ae5240 Exception <a 'java/lang/NoSuchMethodError'{0x0000000713f90910}: 'java.lang.Object java.lang.invoke.DirectMethodHandle$Holder.invokeStaticInit(java.lang.Object, long, java.lang.Object)'> (0x0000000713f90910) 
thrown [s\open\src\hotspot\share\interpreter\linkResolver.cpp, line 773]
Event: 0.695 Thread 0x000001b7f8ae5240 Exception <a 'sun/nio/fs/WindowsException'{0x0000000713fbeb98}> (0x0000000713fbeb98) 
thrown [s\open\src\hotspot\share\prims\jni.cpp, line 520]
Event: 7.709 Thread 0x000001b7f8ae5240 Exception <a 'sun/nio/fs/WindowsException'{0x0000000713c53450}> (0x0000000713c53450) 
thrown [s\open\src\hotspot\share\prims\jni.cpp, line 520]
Event: 7.753 Thread 0x000001b7f8ae5240 Exception <a 'java/lang/NoSuchMethodError'{0x0000000713dca290}: 'java.lang.Object java.lang.invoke.DirectMethodHandle$Holder.invokeVirtual(java.lang.Object, java.lang.Object, java.lang.Object)'> (0x0000000713dca290) 
thrown [s\open\src\hotspot\share\interpreter\linkResolver.cpp, line 773]

ZGC Phase Switch (0 events):
No events

VM Operations (20 events):
Event: 0.125 Executing VM operation: HandshakeAllThreads (Deoptimize)
Event: 0.125 Executing VM operation: HandshakeAllThreads (Deoptimize) done
Event: 0.188 Executing VM operation: HandshakeAllThreads (Deoptimize)
Event: 0.188 Executing VM operation: HandshakeAllThreads (Deoptimize) done
Event: 0.550 Executing VM operation: HandshakeAllThreads (Deoptimize)
Event: 0.550 Executing VM operation: HandshakeAllThreads (Deoptimize) done
Event: 0.616 Executing VM operation: G1CollectForAllocation (G1 Evacuation Pause)
Event: 0.620 Executing VM operation: G1CollectForAllocation (G1 Evacuation Pause) done
Event: 0.691 Executing VM operation: HandshakeAllThreads (Deoptimize)
Event: 0.691 Executing VM operation: HandshakeAllThreads (Deoptimize) done
Event: 1.691 Executing VM operation: Cleanup
Event: 1.691 Executing VM operation: Cleanup done
Event: 7.711 Executing VM operation: HandshakeAllThreads (Deoptimize)
Event: 7.711 Executing VM operation: HandshakeAllThreads (Deoptimize) done
Event: 7.711 Executing VM operation: Cleanup
Event: 7.711 Executing VM operation: Cleanup done
Event: 7.715 Executing VM operation: HandshakeAllThreads (Deoptimize)
Event: 7.715 Executing VM operation: HandshakeAllThreads (Deoptimize) done
Event: 7.746 Executing VM operation: HandshakeAllThreads (Deoptimize)
Event: 7.746 Executing VM operation: HandshakeAllThreads (Deoptimize) done

Events (20 events):
Event: 0.033 Thread 0x000001b7b249d510 Thread added: 0x000001b7b249d510
Event: 0.033 Thread 0x000001b7b24a0340 Thread added: 0x000001b7b24a0340
Event: 0.033 Thread 0x000001b7b24a0f50 Thread added: 0x000001b7b24a0f50
Event: 0.034 Thread 0x000001b7b24a2ca0 Thread added: 0x000001b7b24a2ca0
Event: 0.034 Thread 0x000001b7b28f92b0 Thread added: 0x000001b7b28f92b0
Event: 0.034 Thread 0x000001b7b291a170 Thread added: 0x000001b7b291a170
Event: 0.058 Thread 0x000001b7b29df090 Thread added: 0x000001b7b29df090
Event: 0.094 Thread 0x000001b7b2b38810 Thread added: 0x000001b7b2b38810
Event: 0.097 Thread 0x000001b7b2aaf460 Thread added: 0x000001b7b2aaf460
Event: 0.240 Thread 0x000001b7f893b170 Thread added: 0x000001b7f893b170
Event: 0.240 Thread 0x000001b7f8b1bde0 Thread added: 0x000001b7f8b1bde0
Event: 0.513 Thread 0x000001b7f8ae8030 Thread added: 0x000001b7f8ae8030
Event: 0.560 Thread 0x000001b7f8ae86c0 Thread added: 0x000001b7f8ae86c0
Event: 0.563 Thread 0x000001b7f8ae5240 Thread added: 0x000001b7f8ae5240
Event: 0.639 Thread 0x000001b7f8ae58d0 Thread added: 0x000001b7f8ae58d0
Event: 0.647 Thread 0x000001b7f8ae65f0 Thread added: 0x000001b7f8ae65f0
Event: 1.136 Thread 0x000001b7b2aaf460 Thread exited: 0x000001b7b2aaf460
Event: 2.495 Thread 0x000001b7b2b38810 Thread exited: 0x000001b7b2b38810
Event: 7.705 Thread 0x000001b7f8ae6c80 Thread added: 0x000001b7f8ae6c80
Event: 7.741 Thread 0x000001b7f84c3a70 Thread added: 0x000001b7f84c3a70


Dynamic libraries:
0x00007ff6695a0000 - 0x00007ff6695b0000 	C:\Program Files\Java\jdk-21.0.2\bin\java.exe
0x00007ff985310000 - 0x00007ff985527000 	C:\WINDOWS\SYSTEM32\ntdll.dll
0x00007ff983ab0000 - 0x00007ff983b74000 	C:\WINDOWS\System32\KERNEL32.DLL
0x00007ff982730000 - 0x00007ff982ae9000 	C:\WINDOWS\System32\KERNELBASE.dll
0x00007ff982610000 - 0x00007ff982721000 	C:\WINDOWS\System32\ucrtbase.dll
0x00007ff96ce90000 - 0x00007ff96cea9000 	C:\Program Files\Java\jdk-21.0.2\bin\jli.dll
0x00007ff983560000 - 0x00007ff983612000 	C:\WINDOWS\System32\ADVAPI32.dll
0x00007ff984300000 - 0x00007ff9843a7000 	C:\WINDOWS\System32\msvcrt.dll
0x00007ff9843b0000 - 0x00007ff984457000 	C:\WINDOWS\System32\sechost.dll
0x00007ff982c60000 - 0x00007ff982c88000 	C:\WINDOWS\System32\bcrypt.dll
0x00007ff983620000 - 0x00007ff983734000 	C:\WINDOWS\System32\RPCRT4.dll
0x00007ff9831a0000 - 0x00007ff98334e000 	C:\WINDOWS\System32\USER32.dll
0x00007ff982c30000 - 0x00007ff982c56000 	C:\WINDOWS\System32\win32u.dll
0x00007ff983ba0000 - 0x00007ff983bc9000 	C:\WINDOWS\System32\GDI32.dll
0x00007ff982c90000 - 0x00007ff982dab000 	C:\WINDOWS\System32\gdi32full.dll
0x00007ff982f20000 - 0x00007ff982fba000 	C:\WINDOWS\System32\msvcp_win.dll
0x00007ff96c320000 - 0x00007ff96c33b000 	C:\Program Files\Java\jdk-21.0.2\bin\VCRUNTIME140.dll
0x00007ff96ca90000 - 0x00007ff96cd22000 	C:\WINDOWS\WinSxS\amd64_microsoft.windows.common-controls_6595b64144ccf1df_6.0.22621.4391_none_2715d37f73803e96\COMCTL32.dll
0x00007ff97cbf0000 - 0x00007ff97cbfa000 	C:\WINDOWS\SYSTEM32\VERSION.dll
0x00007ff983130000 - 0x00007ff983161000 	C:\WINDOWS\System32\IMM32.DLL
0x00007ff96e150000 - 0x00007ff96e2b1000 	C:\Program Files (x86)\Citrix\ICA Client\ctxapclient64.dll
0x00007ff9844c0000 - 0x00007ff98484f000 	C:\WINDOWS\System32\combase.dll
0x00007ff981850000 - 0x00007ff981884000 	C:\WINDOWS\SYSTEM32\ntmarta.dll
0x00007ff982bb0000 - 0x00007ff982c2b000 	C:\WINDOWS\System32\bcryptprimitives.dll
0x00007ff96dc00000 - 0x00007ff96dc3a000 	C:\Program Files (x86)\Citrix\ICA Client\Receiver\FeatureFlagHelper64.dll
0x00007ff977810000 - 0x00007ff97781c000 	C:\Program Files\Java\jdk-21.0.2\bin\vcruntime140_1.dll
0x00007ff939eb0000 - 0x00007ff939f3e000 	C:\Program Files\Java\jdk-21.0.2\bin\msvcp140.dll
0x00007ff904970000 - 0x00007ff905687000 	C:\Program Files\Java\jdk-21.0.2\bin\server\jvm.dll
0x00007ff984280000 - 0x00007ff9842f1000 	C:\WINDOWS\System32\WS2_32.dll
0x00007ff9814a0000 - 0x00007ff9814ed000 	C:\WINDOWS\SYSTEM32\POWRPROF.dll
0x00007ff97d570000 - 0x00007ff97d5a4000 	C:\WINDOWS\SYSTEM32\WINMM.dll
0x00007ff981480000 - 0x00007ff981493000 	C:\WINDOWS\SYSTEM32\UMPDC.dll
0x00007ff9816e0000 - 0x00007ff9816f8000 	C:\WINDOWS\SYSTEM32\kernel.appcore.dll
0x00007ff96c310000 - 0x00007ff96c31a000 	C:\Program Files\Java\jdk-21.0.2\bin\jimage.dll
0x00007ff966570000 - 0x00007ff9667a2000 	C:\WINDOWS\SYSTEM32\DBGHELP.DLL
0x00007ff9851f0000 - 0x00007ff9852c7000 	C:\WINDOWS\System32\OLEAUT32.dll
0x00007ff964230000 - 0x00007ff964262000 	C:\WINDOWS\SYSTEM32\dbgcore.DLL
0x00007ff96c300000 - 0x00007ff96c30f000 	C:\Program Files\Java\jdk-21.0.2\bin\instrument.dll
0x00007ff96c2e0000 - 0x00007ff96c2ff000 	C:\Program Files\Java\jdk-21.0.2\bin\java.dll
0x00007ff9848b0000 - 0x00007ff985126000 	C:\WINDOWS\System32\SHELL32.dll
0x00007ff980560000 - 0x00007ff980e63000 	C:\WINDOWS\SYSTEM32\windows.storage.dll
0x00007ff980420000 - 0x00007ff98055f000 	C:\WINDOWS\SYSTEM32\wintypes.dll
0x00007ff983030000 - 0x00007ff983129000 	C:\WINDOWS\System32\SHCORE.dll
0x00007ff984460000 - 0x00007ff9844be000 	C:\WINDOWS\System32\shlwapi.dll
0x00007ff982540000 - 0x00007ff98256b000 	C:\WINDOWS\SYSTEM32\profapi.dll
0x00007ff939740000 - 0x00007ff939817000 	C:\Program Files\Java\jdk-21.0.2\bin\jsvml.dll
0x00007ff966010000 - 0x00007ff966020000 	C:\Program Files\Java\jdk-21.0.2\bin\net.dll
0x00007ff97b530000 - 0x00007ff97b666000 	C:\WINDOWS\SYSTEM32\WINHTTP.dll
0x00007ff981bc0000 - 0x00007ff981c29000 	C:\WINDOWS\system32\mswsock.dll
0x00007ff960140000 - 0x00007ff960156000 	C:\Program Files\Java\jdk-21.0.2\bin\nio.dll
0x00007ff9600e0000 - 0x00007ff9600f8000 	C:\Program Files\Java\jdk-21.0.2\bin\zip.dll
0x00007ff95fb30000 - 0x00007ff95fb4a000 	D:\IntelliJ IDEA 2024.2.4\bin\breakgen64.dll
0x000001b7b2d00000 - 0x000001b7b2d03000 	C:\Users\prabh\.openjfx\cache\21+31\amd64\api-ms-win-core-console-l1-1-0.dll
0x000001b7b2d10000 - 0x000001b7b2d13000 	C:\Users\prabh\.openjfx\cache\21+31\amd64\api-ms-win-core-console-l1-2-0.dll
0x000001b7b2d20000 - 0x000001b7b2d23000 	C:\Users\prabh\.openjfx\cache\21+31\amd64\api-ms-win-core-datetime-l1-1-0.dll
0x000001b7b2d30000 - 0x000001b7b2d33000 	C:\Users\prabh\.openjfx\cache\21+31\amd64\api-ms-win-core-debug-l1-1-0.dll
0x000001b7b2d40000 - 0x000001b7b2d43000 	C:\Users\prabh\.openjfx\cache\21+31\amd64\api-ms-win-core-errorhandling-l1-1-0.dll
0x000001b7b2d50000 - 0x000001b7b2d54000 	C:\Users\prabh\.openjfx\cache\21+31\amd64\api-ms-win-core-file-l1-1-0.dll
0x000001b7b2d60000 - 0x000001b7b2d63000 	C:\Users\prabh\.openjfx\cache\21+31\amd64\api-ms-win-core-file-l1-2-0.dll
0x000001b7b2d70000 - 0x000001b7b2d73000 	C:\Users\prabh\.openjfx\cache\21+31\amd64\api-ms-win-core-file-l2-1-0.dll
0x000001b7b2d80000 - 0x000001b7b2d83000 	C:\Users\prabh\.openjfx\cache\21+31\amd64\api-ms-win-core-handle-l1-1-0.dll
0x000001b7b2d90000 - 0x000001b7b2d93000 	C:\Users\prabh\.openjfx\cache\21+31\amd64\api-ms-win-core-heap-l1-1-0.dll
0x000001b7b2da0000 - 0x000001b7b2da3000 	C:\Users\prabh\.openjfx\cache\21+31\amd64\api-ms-win-core-interlocked-l1-1-0.dll
0x000001b7b2db0000 - 0x000001b7b2db3000 	C:\Users\prabh\.openjfx\cache\21+31\amd64\api-ms-win-core-libraryloader-l1-1-0.dll
0x000001b7b2dc0000 - 0x000001b7b2dc3000 	C:\Users\prabh\.openjfx\cache\21+31\amd64\api-ms-win-core-localization-l1-2-0.dll
0x000001b7b2dd0000 - 0x000001b7b2dd3000 	C:\Users\prabh\.openjfx\cache\21+31\amd64\api-ms-win-core-memory-l1-1-0.dll
0x000001b7b2ef0000 - 0x000001b7b2ef3000 	C:\Users\prabh\.openjfx\cache\21+31\amd64\api-ms-win-core-namedpipe-l1-1-0.dll
0x000001b7b2f00000 - 0x000001b7b2f03000 	C:\Users\prabh\.openjfx\cache\21+31\amd64\api-ms-win-core-processenvironment-l1-1-0.dll
0x000001b7b2f10000 - 0x000001b7b2f13000 	C:\Users\prabh\.openjfx\cache\21+31\amd64\api-ms-win-core-processthreads-l1-1-0.dll
0x000001b7b2f20000 - 0x000001b7b2f23000 	C:\Users\prabh\.openjfx\cache\21+31\amd64\api-ms-win-core-processthreads-l1-1-1.dll
0x000001b7b2f30000 - 0x000001b7b2f33000 	C:\Users\prabh\.openjfx\cache\21+31\amd64\api-ms-win-core-profile-l1-1-0.dll
0x000001b7b2f40000 - 0x000001b7b2f43000 	C:\Users\prabh\.openjfx\cache\21+31\amd64\api-ms-win-core-rtlsupport-l1-1-0.dll
0x000001b7b2f50000 - 0x000001b7b2f53000 	C:\Users\prabh\.openjfx\cache\21+31\amd64\api-ms-win-core-string-l1-1-0.dll
0x000001b7b2f60000 - 0x000001b7b2f63000 	C:\Users\prabh\.openjfx\cache\21+31\amd64\api-ms-win-core-synch-l1-1-0.dll
0x000001b7b2f70000 - 0x000001b7b2f73000 	C:\Users\prabh\.openjfx\cache\21+31\amd64\api-ms-win-core-synch-l1-2-0.dll
0x000001b7b2f80000 - 0x000001b7b2f83000 	C:\Users\prabh\.openjfx\cache\21+31\amd64\api-ms-win-core-sysinfo-l1-1-0.dll
0x000001b7b2f90000 - 0x000001b7b2f93000 	C:\Users\prabh\.openjfx\cache\21+31\amd64\api-ms-win-core-timezone-l1-1-0.dll
0x000001b7b2fa0000 - 0x000001b7b2fa3000 	C:\Users\prabh\.openjfx\cache\21+31\amd64\api-ms-win-core-util-l1-1-0.dll
0x000001b7b2fb0000 - 0x000001b7b2fb3000 	C:\Users\prabh\.openjfx\cache\21+31\amd64\api-ms-win-crt-conio-l1-1-0.dll
0x000001b7b2fc0000 - 0x000001b7b2fc4000 	C:\Users\prabh\.openjfx\cache\21+31\amd64\api-ms-win-crt-convert-l1-1-0.dll
0x000001b7b2fd0000 - 0x000001b7b2fd3000 	C:\Users\prabh\.openjfx\cache\21+31\amd64\api-ms-win-crt-environment-l1-1-0.dll
0x000001b7b2fe0000 - 0x000001b7b2fe3000 	C:\Users\prabh\.openjfx\cache\21+31\amd64\api-ms-win-crt-filesystem-l1-1-0.dll
0x000001b7b2de0000 - 0x000001b7b2de3000 	C:\Users\prabh\.openjfx\cache\21+31\amd64\api-ms-win-crt-heap-l1-1-0.dll
0x000001b7b2df0000 - 0x000001b7b2df3000 	C:\Users\prabh\.openjfx\cache\21+31\amd64\api-ms-win-crt-locale-l1-1-0.dll
0x000001b7b2e00000 - 0x000001b7b2e05000 	C:\Users\prabh\.openjfx\cache\21+31\amd64\api-ms-win-crt-math-l1-1-0.dll
0x000001b7b2e10000 - 0x000001b7b2e15000 	C:\Users\prabh\.openjfx\cache\21+31\amd64\api-ms-win-crt-multibyte-l1-1-0.dll
0x000001b7b2e20000 - 0x000001b7b2e30000 	C:\Users\prabh\.openjfx\cache\21+31\amd64\api-ms-win-crt-private-l1-1-0.dll
0x000001b7b2e30000 - 0x000001b7b2e33000 	C:\Users\prabh\.openjfx\cache\21+31\amd64\api-ms-win-crt-process-l1-1-0.dll
0x000001b7b2e40000 - 0x000001b7b2e44000 	C:\Users\prabh\.openjfx\cache\21+31\amd64\api-ms-win-crt-runtime-l1-1-0.dll
0x000001b7b2e50000 - 0x000001b7b2e54000 	C:\Users\prabh\.openjfx\cache\21+31\amd64\api-ms-win-crt-stdio-l1-1-0.dll
0x000001b7b2e60000 - 0x000001b7b2e64000 	C:\Users\prabh\.openjfx\cache\21+31\amd64\api-ms-win-crt-string-l1-1-0.dll
0x000001b7b2e70000 - 0x000001b7b2e73000 	C:\Users\prabh\.openjfx\cache\21+31\amd64\api-ms-win-crt-time-l1-1-0.dll
0x000001b7b2e80000 - 0x000001b7b2e83000 	C:\Users\prabh\.openjfx\cache\21+31\amd64\api-ms-win-crt-utility-l1-1-0.dll
0x00007ff938240000 - 0x00007ff93833c000 	C:\Users\prabh\.openjfx\cache\21+31\amd64\ucrtbase.dll
0x00007ff952020000 - 0x00007ff95203b000 	C:\Users\prabh\.openjfx\cache\21+31\amd64\vcruntime140.dll
0x00007ff960250000 - 0x00007ff96025c000 	C:\Users\prabh\.openjfx\cache\21+31\amd64\vcruntime140_1.dll
0x00007ff935f40000 - 0x00007ff935fce000 	C:\Users\prabh\.openjfx\cache\21+31\amd64\msvcp140.dll
0x00007ff984050000 - 0x00007ff9841f5000 	C:\WINDOWS\System32\ole32.dll
0x00007ff960130000 - 0x00007ff960139000 	C:\Users\prabh\.openjfx\cache\21+31\amd64\msvcp140_1.dll
0x00007ff94f770000 - 0x00007ff94f79f000 	C:\Users\prabh\.openjfx\cache\21+31\amd64\msvcp140_2.dll
0x00007ff94b0e0000 - 0x00007ff94b10f000 	C:\Users\prabh\.openjfx\cache\21+31\amd64\prism_d3d.dll
0x00007ff946140000 - 0x00007ff9462e8000 	C:\WINDOWS\system32\d3d9.dll
0x00007ff97fcf0000 - 0x00007ff97fd1b000 	C:\WINDOWS\SYSTEM32\dwmapi.dll
0x00007ff97fd60000 - 0x00007ff97fd97000 	C:\WINDOWS\SYSTEM32\dxcore.dll
0x00007ff97faa0000 - 0x00007ff97fb51000 	C:\WINDOWS\system32\uxtheme.dll
0x00007ff979fc0000 - 0x00007ff97a009000 	C:\WINDOWS\SYSTEM32\directxdatabasehelper.dll
0x00007ff942220000 - 0x00007ff942262000 	C:\Users\prabh\.openjfx\cache\21+31\amd64\glass.dll
0x000001b7f98d0000 - 0x000001b7f99cf000 	C:\WINDOWS\System32\COMDLG32.dll
0x00007ff983950000 - 0x00007ff983ab0000 	C:\WINDOWS\System32\MSCTF.dll
0x00007ff981e10000 - 0x00007ff981e2b000 	C:\WINDOWS\SYSTEM32\CRYPTSP.dll
0x00007ff9816a0000 - 0x00007ff9816d5000 	C:\WINDOWS\system32\rsaenh.dll
0x00007ff981e30000 - 0x00007ff981e3c000 	C:\WINDOWS\SYSTEM32\CRYPTBASE.dll

dbghelp: loaded successfully - version: 4.0.5 - missing functions: none
symbol engine: initialized successfully - sym options: 0x614 - pdb path: .;C:\Program Files\Java\jdk-21.0.2\bin;C:\WINDOWS\SYSTEM32;C:\WINDOWS\WinSxS\amd64_microsoft.windows.common-controls_6595b64144ccf1df_6.0.22621.4391_none_2715d37f73803e96;C:\Program Files (x86)\Citrix\ICA Client;C:\Program Files (x86)\Citrix\ICA Client\Receiver;C:\Program Files\Java\jdk-21.0.2\bin\server;D:\IntelliJ IDEA 2024.2.4\bin;C:\Users\prabh\.openjfx\cache\21+31\amd64;C:\WINDOWS\System32\DriverStore\FileRepository\iigd_dch.inf_amd64_306090fd1d6bb4fa

VM Arguments:
jvm_args: -javaagent:D:\IntelliJ IDEA 2024.2.4\lib\idea_rt.jar=62517:D:\IntelliJ IDEA 2024.2.4\bin -Dfile.encoding=UTF-8 -Dsun.stdout.encoding=UTF-8 -Dsun.stderr.encoding=UTF-8 --module-path=C:\Users\prabh\.m2\repository\org\openjfx\javafx-controls\21\javafx-controls-21-win.jar;C:\Users\prabh\.m2\repository\org\openjfx\javafx-fxml\21\javafx-fxml-21-win.jar;C:\Users\prabh\.m2\repository\com\google\code\gson\gson\2.8.9\gson-2.8.9.jar;C:\Users\prabh\.m2\repository\org\openjfx\javafx-graphics\21\javafx-graphics-21-win.jar;C:\Users\prabh\IdeaProjects\OOD5\lib\librec-core-3.0.0-1.jar;C:\Users\prabh\IdeaProjects\OOD5\target\classes;C:\Users\prabh\.m2\repository\org\openjfx\javafx-base\21\javafx-base-21-win.jar;C:\Users\prabh\.m2\repository\com\mysql\mysql-connector-j\8.0.33\mysql-connector-j-8.0.33.jar -Djdk.module.main=org.example.ood5 
java_command: org.example.ood5/Main.Main
java_class_path (initial): C:\Users\prabh\.m2\repository\org\openjfx\javafx-controls\21\javafx-controls-21.jar;C:\Users\prabh\.m2\repository\org\openjfx\javafx-graphics\21\javafx-graphics-21.jar;C:\Users\prabh\.m2\repository\org\openjfx\javafx-base\21\javafx-base-21.jar;C:\Users\prabh\.m2\repository\org\openjfx\javafx-fxml\21\javafx-fxml-21.jar;C:\Users\prabh\.m2\repository\com\google\protobuf\protobuf-java\3.21.9\protobuf-java-3.21.9.jar;C:\Users\prabh\.m2\repository\commons-logging\commons-logging\1.2\commons-logging-1.2.jar;C:\Users\prabh\.m2\repository\commons-lang\commons-lang\2.6\commons-lang-2.6.jar;C:\Users\prabh\.m2\repository\com\google\guava\guava\32.1.2-jre\guava-32.1.2-jre.jar;C:\Users\prabh\.m2\repository\com\google\guava\failureaccess\1.0.1\failureaccess-1.0.1.jar;C:\Users\prabh\.m2\repository\com\google\guava\listenablefuture\9999.0-empty-to-avoid-conflict-with-guava\listenablefuture-9999.0-empty-to-avoid-conflict-with-guava.jar;C:\Users\prabh\.m2\repository\com\google\code\findbugs\jsr305\3.0.2\jsr305-3.0.2.jar;C:\Users\prabh\.m2\repository\org\checkerframework\checker-qual\3.33.0\checker-qual-3.33.0.jar;C:\Users\prabh\.m2\repository\com\google\errorprone\error_prone_annotations\2.18.0\error_prone_annotations-2.18.0.jar;C:\Users\prabh\.m2\repository\com\google\j2objc\j2objc-annotations\2.8\j2objc-annotations-2.8.jar
Launcher Type: SUN_STANDARD

[Global flags]
     intx CICompilerCount                          = 4                                         {product} {ergonomic}
     uint ConcGCThreads                            = 2                                         {product} {ergonomic}
     uint G1ConcRefinementThreads                  = 8                                         {product} {ergonomic}
   size_t G1HeapRegionSize                         = 2097152                                   {product} {ergonomic}
    uintx GCDrainStackTargetSize                   = 64                                        {product} {ergonomic}
   size_t InitialHeapSize                          = 264241152                                 {product} {ergonomic}
   size_t MarkStackSize                            = 4194304                                   {product} {ergonomic}
   size_t MaxHeapSize                              = 4221566976                                {product} {ergonomic}
   size_t MaxNewSize                               = 2531262464                                {product} {ergonomic}
   size_t MinHeapDeltaBytes                        = 2097152                                   {product} {ergonomic}
   size_t MinHeapSize                              = 8388608                                   {product} {ergonomic}
    uintx NonNMethodCodeHeapSize                   = 5839372                                {pd product} {ergonomic}
    uintx NonProfiledCodeHeapSize                  = 122909434                              {pd product} {ergonomic}
    uintx ProfiledCodeHeapSize                     = 122909434                              {pd product} {ergonomic}
    uintx ReservedCodeCacheSize                    = 251658240                              {pd product} {ergonomic}
     bool SegmentedCodeCache                       = true                                      {product} {ergonomic}
   size_t SoftMaxHeapSize                          = 4221566976                             {manageable} {ergonomic}
     bool UseCompressedOops                        = true                           {product lp64_product} {ergonomic}
     bool UseG1GC                                  = true                                      {product} {ergonomic}
     bool UseLargePagesIndividualAllocation        = false                                  {pd product} {ergonomic}

Logging:
Log output configuration:
 #0: stdout all=warning uptime,level,tags foldmultilines=false
 #1: stderr all=off uptime,level,tags foldmultilines=false

Environment Variables:
JAVA_HOME=C:\Program Files\Java\jdk-21.0.2
PATH=C:\WINDOWS\system32;C:\WINDOWS;C:\WINDOWS\System32\Wbem;C:\WINDOWS\System32\WindowsPowerShell\v1.0\;C:\WINDOWS\System32\OpenSSH\;C:\Program Files\Java\jdk-21.0.2\bin;C:\Users\prabh\AppData\Local\Programs\MiKTeX\miktex\bin\x64\;C:\Users\prabh\.m2\wrapper\dists\apache-maven-3.8.5-bin\5i5jha092a3i37g0paqnfr15e0\apache-maven-3.8.5\bin;C:\Program Files\Git\cmd;C:\Users\prabh\AppData\Local\Programs\Python\Python311\Scripts\;C:\Users\prabh\AppData\Local\Programs\Python\Python311\;C:\Users\prabh\AppData\Local\Microsoft\WindowsApps;C:\Users\prabh\AppData\Local\Programs\Microsoft VS Code\bin;C:\Users\prabh\AppData\Local\JetBrains\Toolbox\scripts;C:\Users\prabh\AppData\Local\Programs\MiKTeX\miktex\bin\x64\;C:\Program Files\JetBrains\IntelliJ IDEA 2023.3.3\bin;
USERNAME=prabh
OS=Windows_NT
PROCESSOR_IDENTIFIER=Intel64 Family 6 Model 142 Stepping 12, GenuineIntel
TMP=C:\Users\prabh\AppData\Local\Temp
TEMP=C:\Users\prabh\AppData\Local\Temp




Periodic native trim disabled

---------------  S Y S T E M  ---------------

OS:
 Windows 11 , 64 bit Build 22621 (10.0.22621.4391)
OS uptime: 2 days 23:23 hours

CPU: total 8 (initial active 8) (4 cores per cpu, 2 threads per core) family 6 model 142 stepping 12 microcode 0xfa, cx8, cmov, fxsr, ht, mmx, 3dnowpref, sse, sse2, sse3, ssse3, sse4.1, sse4.2, popcnt, lzcnt, tsc, tscinvbit, avx, avx2, aes, erms, clmul, bmi1, bmi2, adx, fma, vzeroupper, clflush, clflushopt, rdtscp, f16c
Processor Information for all 8 processors :
  Max Mhz: 1896, Current Mhz: 798, Mhz Limit: 796

Memory: 4k page, system-wide physical 16099M (4483M free)
TotalPageFile size 35093M (AvailPageFile size 273M)
current process WorkingSet (physical memory assigned to process): 95M, peak: 115M
current process commit charge ("private bytes"): 365M, peak: 385M

vm_info: Java HotSpot(TM) 64-Bit Server VM (21.0.2+13-LTS-58) for windows-amd64 JRE (21.0.2+13-LTS-58), built on 2024-01-05T18:32:24Z by "mach5one" with MS VC++ 17.1 (VS2022)

END.
