#
# There is insufficient memory for the Java Runtime Environment to continue.
# Native memory allocation (malloc) failed to allocate 970816 bytes for Chunk::new
# Possible reasons:
#   The system is out of physical RAM or swap space
#   The process is running with CompressedOops enabled, and the Java Heap may be blocking the growth of the native heap
# Possible solutions:
#   Reduce memory load on the system
#   Increase physical memory or swap space
#   Check if swap backing store is full
#   Decrease Java heap size (-Xmx/-Xms)
#   Decrease number of Java threads
#   Decrease Java thread stack sizes (-Xss)
#   Set larger code cache with -XX:ReservedCodeCacheSize=
#   JVM is running with Zero Based Compressed Oops mode in which the Java heap is
#     placed in the first 32GB address space. The Java Heap base address is the
#     maximum limit for the native heap growth. Please use -XX:HeapBaseMinAddress
#     to set the Java Heap base and to place the Java Heap above 32GB virtual address.
# This output file may be truncated or incomplete.
#
#  Out of Memory Error (arena.cpp:168), pid=18332, tid=2152
#
# JRE version: Java(TM) SE Runtime Environment (21.0.2+13) (build 21.0.2+13-LTS-58)
# Java VM: Java HotSpot(TM) 64-Bit Server VM (21.0.2+13-LTS-58, mixed mode, sharing, tiered, compressed oops, compressed class ptrs, g1 gc, windows-amd64)
# No core dump will be written. Minidumps are not enabled by default on client versions of Windows
#

---------------  S U M M A R Y ------------

Command Line: -javaagent:D:\IntelliJ IDEA 2024.2.4\lib\idea_rt.jar=62538:D:\IntelliJ IDEA 2024.2.4\bin -Dfile.encoding=UTF-8 -Dsun.stdout.encoding=UTF-8 -Dsun.stderr.encoding=UTF-8 --module-path=C:\Users\prabh\.m2\repository\org\openjfx\javafx-controls\21\javafx-controls-21-win.jar;C:\Users\prabh\.m2\repository\org\openjfx\javafx-fxml\21\javafx-fxml-21-win.jar;C:\Users\prabh\.m2\repository\com\google\code\gson\gson\2.8.9\gson-2.8.9.jar;C:\Users\prabh\.m2\repository\org\openjfx\javafx-graphics\21\javafx-graphics-21-win.jar;C:\Users\prabh\IdeaProjects\OOD5\lib\librec-core-3.0.0-1.jar;C:\Users\prabh\IdeaProjects\OOD5\target\classes;C:\Users\prabh\.m2\repository\org\openjfx\javafx-base\21\javafx-base-21-win.jar;C:\Users\prabh\.m2\repository\com\mysql\mysql-connector-j\8.0.33\mysql-connector-j-8.0.33.jar -Djdk.module.main=org.example.ood5 org.example.ood5/Main.Main

Host: Intel(R) Core(TM) i5-8365U CPU @ 1.60GHz, 8 cores, 15G,  Windows 11 , 64 bit Build 22621 (10.0.22621.4391)
Time: Tue Dec  3 17:40:08 2024 Sri Lanka Standard Time elapsed time: 8.410272 seconds (0d 0h 0m 8s)

---------------  T H R E A D  ---------------

Current thread (0x000001662a93e600):  JavaThread "C2 CompilerThread0" daemon [_thread_in_native, id=2152, stack(0x0000005ebb700000,0x0000005ebb800000) (1024K)]


Current CompileTask:
C2:   8410 1563       4       sun.security.ec.ECOperations::setDouble (463 bytes)

Stack: [0x0000005ebb700000,0x0000005ebb800000]
Native frames: (J=compiled Java code, j=interpreted, Vv=VM code, C=native code)
V  [jvm.dll+0x6cade9]
V  [jvm.dll+0x8569c1]
V  [jvm.dll+0x858d2e]
V  [jvm.dll+0x859413]
V  [jvm.dll+0x280e56]
V  [jvm.dll+0xc3f3d]
V  [jvm.dll+0xc4473]
V  [jvm.dll+0x2f437f]
V  [jvm.dll+0x5f5056]
V  [jvm.dll+0x252d7f]
V  [jvm.dll+0x25315f]
V  [jvm.dll+0x24b8e0]
V  [jvm.dll+0x2490a3]
V  [jvm.dll+0x1c9634]
V  [jvm.dll+0x258859]
V  [jvm.dll+0x256e3a]
V  [jvm.dll+0x3ef6c6]
V  [jvm.dll+0x7ff568]
V  [jvm.dll+0x6c953d]
C  [ucrtbase.dll+0x29333]
C  [KERNEL32.DLL+0x1259d]
C  [ntdll.dll+0x5af38]


---------------  P R O C E S S  ---------------

Threads class SMR info:
_java_thread_list=0x0000016670c0ba00, length=20, elements={
0x000001660b88da80, 0x000001662a4d3110, 0x000001662a4d3780, 0x000001662a4d63f0,
0x000001662a4d6ef0, 0x000001662a4d7970, 0x000001662a933c40, 0x000001662a93e600,
0x000001662a941200, 0x000001662aa06bf0, 0x000001662aab4ac0, 0x0000016670a84f50,
0x00000166708edd30, 0x00000166703d9580, 0x0000016670ba7500, 0x0000016670eaab70,
0x0000016670eaf1f0, 0x000001662ab25270, 0x00000166700727d0, 0x00000166706fcca0
}

Java Threads: ( => current thread )
  0x000001660b88da80 JavaThread "main"                              [_thread_blocked, id=10420, stack(0x0000005eba800000,0x0000005eba900000) (1024K)]
  0x000001662a4d3110 JavaThread "Reference Handler"          daemon [_thread_blocked, id=19576, stack(0x0000005ebb100000,0x0000005ebb200000) (1024K)]
  0x000001662a4d3780 JavaThread "Finalizer"                  daemon [_thread_blocked, id=16308, stack(0x0000005ebb200000,0x0000005ebb300000) (1024K)]
  0x000001662a4d63f0 JavaThread "Signal Dispatcher"          daemon [_thread_blocked, id=4172, stack(0x0000005ebb300000,0x0000005ebb400000) (1024K)]
  0x000001662a4d6ef0 JavaThread "Attach Listener"            daemon [_thread_blocked, id=16364, stack(0x0000005ebb400000,0x0000005ebb500000) (1024K)]
  0x000001662a4d7970 JavaThread "Service Thread"             daemon [_thread_blocked, id=22968, stack(0x0000005ebb500000,0x0000005ebb600000) (1024K)]
  0x000001662a933c40 JavaThread "Monitor Deflation Thread"   daemon [_thread_blocked, id=21764, stack(0x0000005ebb600000,0x0000005ebb700000) (1024K)]
=>0x000001662a93e600 JavaThread "C2 CompilerThread0"         daemon [_thread_in_native, id=2152, stack(0x0000005ebb700000,0x0000005ebb800000) (1024K)]
  0x000001662a941200 JavaThread "C1 CompilerThread0"         daemon [_thread_in_native, id=6344, stack(0x0000005ebb800000,0x0000005ebb900000) (1024K)]
  0x000001662aa06bf0 JavaThread "Common-Cleaner"             daemon [_thread_blocked, id=12052, stack(0x0000005ebb900000,0x0000005ebba00000) (1024K)]
  0x000001662aab4ac0 JavaThread "Monitor Ctrl-Break"         daemon [_thread_in_native, id=18168, stack(0x0000005ebbc00000,0x0000005ebbd00000) (1024K)]
  0x0000016670a84f50 JavaThread "Notification Thread"        daemon [_thread_blocked, id=11916, stack(0x0000005ebbd00000,0x0000005ebbe00000) (1024K)]
  0x00000166708edd30 JavaThread "QuantumRenderer-0"          daemon [_thread_blocked, id=22096, stack(0x0000005ebbe00000,0x0000005ebbf00000) (1024K)]
  0x00000166703d9580 JavaThread "InvokeLaterDispatcher"      daemon [_thread_blocked, id=19140, stack(0x0000005ebbf00000,0x0000005ebc000000) (1024K)]
  0x0000016670ba7500 JavaThread "JavaFX Application Thread"         [_thread_in_Java, id=21768, stack(0x0000005ebc000000,0x0000005ebc100000) (1024K)]
  0x0000016670eaab70 JavaThread "Thread-1"                   daemon [_thread_in_native, id=10956, stack(0x0000005ebc900000,0x0000005ebca00000) (1024K)]
  0x0000016670eaf1f0 JavaThread "JavaFX-Launcher"                   [_thread_blocked, id=18684, stack(0x0000005ebca00000,0x0000005ebcb00000) (1024K)]
  0x000001662ab25270 JavaThread "mysql-cj-abandoned-connection-cleanup" daemon [_thread_blocked, id=19800, stack(0x0000005ebba00000,0x0000005ebbb00000) (1024K)]
  0x00000166700727d0 JavaThread "C2 CompilerThread1"         daemon [_thread_blocked, id=21672, stack(0x0000005ebbb00000,0x0000005ebbc00000) (1024K)]
  0x00000166706fcca0 JavaThread "C2 CompilerThread2"         daemon [_thread_in_native, id=14932, stack(0x0000005ebcb00000,0x0000005ebcc00000) (1024K)]
Total: 20

Other Threads:
  0x000001662a4b21d0 VMThread "VM Thread"                           [id=16416, stack(0x0000005ebb000000,0x0000005ebb100000) (1024K)]
  0x000001662a490930 WatcherThread "VM Periodic Task Thread"        [id=7492, stack(0x0000005ebaf00000,0x0000005ebb000000) (1024K)]
  0x000001660b8f4d80 WorkerThread "GC Thread#0"                     [id=16356, stack(0x0000005ebaa00000,0x0000005ebab00000) (1024K)]
  0x0000016670de1f70 WorkerThread "GC Thread#1"                     [id=2968, stack(0x0000005ebc400000,0x0000005ebc500000) (1024K)]
  0x0000016670dc5070 WorkerThread "GC Thread#2"                     [id=7252, stack(0x0000005ebc500000,0x0000005ebc600000) (1024K)]
  0x0000016670dd7690 WorkerThread "GC Thread#3"                     [id=8980, stack(0x0000005ebc600000,0x0000005ebc700000) (1024K)]
  0x0000016670db3620 WorkerThread "GC Thread#4"                     [id=13388, stack(0x0000005ebc700000,0x0000005ebc800000) (1024K)]
  0x0000016670dae240 WorkerThread "GC Thread#5"                     [id=17688, stack(0x0000005ebc800000,0x0000005ebc900000) (1024K)]
  0x000001660b906b90 ConcurrentGCThread "G1 Main Marker"            [id=14852, stack(0x0000005ebab00000,0x0000005ebac00000) (1024K)]
  0x000001660b908910 WorkerThread "G1 Conc#0"                       [id=22496, stack(0x0000005ebac00000,0x0000005ebad00000) (1024K)]
  0x000001662a35db40 ConcurrentGCThread "G1 Refine#0"               [id=10184, stack(0x0000005ebad00000,0x0000005ebae00000) (1024K)]
  0x000001662a360f90 ConcurrentGCThread "G1 Service"                [id=23048, stack(0x0000005ebae00000,0x0000005ebaf00000) (1024K)]
Total: 12

Threads with active compile tasks:
C2 CompilerThread0     8459 1563       4       sun.security.ec.ECOperations::setDouble (463 bytes)
C1 CompilerThread0     8459 1697       3       java.util.Locale::getInstance (55 bytes)
C2 CompilerThread1     8459 1709       4       java.util.HashMap::get (19 bytes)
C2 CompilerThread2     8459 1657       4       java.util.regex.Matcher::search (154 bytes)
Total: 4

VM state: not at safepoint (normal execution)

VM Mutex/Monitor currently owned by a thread: None

Heap address: 0x0000000704600000, size: 4026 MB, Compressed Oops mode: Zero based, Oop shift amount: 3

CDS archive(s) mapped at: [0x000001662b000000-0x000001662bc90000-0x000001662bc90000), size 13172736, SharedBaseAddress: 0x000001662b000000, ArchiveRelocationMode: 1.
Compressed class space mapped at: 0x000001662c000000-0x000001666c000000, reserved size: 1073741824
Narrow klass base: 0x000001662b000000, Narrow klass shift: 0, Narrow klass range: 0x100000000

GC Precious Log:
 CardTable entry size: 512
 Card Set container configuration: InlinePtr #cards 4 size 8 Array Of Cards #cards 16 size 48 Howl #buckets 8 coarsen threshold 3686 Howl Bitmap #cards 512 size 80 coarsen threshold 460 Card regions per heap region 1 cards per card region 4096
 CPUs: 8 total, 8 available
 Memory: 16099M
 Large Page Support: Disabled
 NUMA Support: Disabled
 Compressed Oops: Enabled (Zero based)
 Heap Region Size: 2M
 Heap Min Capacity: 8M
 Heap Initial Capacity: 252M
 Heap Max Capacity: 4026M
 Pre-touch: Disabled
 Parallel Workers: 8
 Concurrent Workers: 2
 Concurrent Refinement Workers: 8
 Periodic GC: Disabled

Heap:
 garbage-first heap   total 258048K, used 21463K [0x0000000704600000, 0x0000000800000000)
  region size 2048K, 13 young (26624K), 2 survivors (4096K)
 Metaspace       used 13770K, committed 14016K, reserved 1114112K
  class space    used 1554K, committed 1664K, reserved 1048576K

Heap Regions: E=young(eden), S=young(survivor), O=old, HS=humongous(starts), HC=humongous(continues), CS=collection set, F=free, TAMS=top-at-mark-start, PB=parsable bottom
|   0|0x0000000704600000, 0x0000000704600000, 0x0000000704800000|  0%| F|  |TAMS 0x0000000704600000| PB 0x0000000704600000| Untracked 
|   1|0x0000000704800000, 0x0000000704800000, 0x0000000704a00000|  0%| F|  |TAMS 0x0000000704800000| PB 0x0000000704800000| Untracked 
|   2|0x0000000704a00000, 0x0000000704a00000, 0x0000000704c00000|  0%| F|  |TAMS 0x0000000704a00000| PB 0x0000000704a00000| Untracked 
|   3|0x0000000704c00000, 0x0000000704c00000, 0x0000000704e00000|  0%| F|  |TAMS 0x0000000704c00000| PB 0x0000000704c00000| Untracked 
|   4|0x0000000704e00000, 0x0000000704e00000, 0x0000000705000000|  0%| F|  |TAMS 0x0000000704e00000| PB 0x0000000704e00000| Untracked 
|   5|0x0000000705000000, 0x0000000705000000, 0x0000000705200000|  0%| F|  |TAMS 0x0000000705000000| PB 0x0000000705000000| Untracked 
|   6|0x0000000705200000, 0x0000000705200000, 0x0000000705400000|  0%| F|  |TAMS 0x0000000705200000| PB 0x0000000705200000| Untracked 
|   7|0x0000000705400000, 0x0000000705400000, 0x0000000705600000|  0%| F|  |TAMS 0x0000000705400000| PB 0x0000000705400000| Untracked 
|   8|0x0000000705600000, 0x0000000705600000, 0x0000000705800000|  0%| F|  |TAMS 0x0000000705600000| PB 0x0000000705600000| Untracked 
|   9|0x0000000705800000, 0x0000000705800000, 0x0000000705a00000|  0%| F|  |TAMS 0x0000000705800000| PB 0x0000000705800000| Untracked 
|  10|0x0000000705a00000, 0x0000000705a00000, 0x0000000705c00000|  0%| F|  |TAMS 0x0000000705a00000| PB 0x0000000705a00000| Untracked 
|  11|0x0000000705c00000, 0x0000000705c00000, 0x0000000705e00000|  0%| F|  |TAMS 0x0000000705c00000| PB 0x0000000705c00000| Untracked 
|  12|0x0000000705e00000, 0x0000000705e00000, 0x0000000706000000|  0%| F|  |TAMS 0x0000000705e00000| PB 0x0000000705e00000| Untracked 
|  13|0x0000000706000000, 0x0000000706000000, 0x0000000706200000|  0%| F|  |TAMS 0x0000000706000000| PB 0x0000000706000000| Untracked 
|  14|0x0000000706200000, 0x0000000706200000, 0x0000000706400000|  0%| F|  |TAMS 0x0000000706200000| PB 0x0000000706200000| Untracked 
|  15|0x0000000706400000, 0x0000000706400000, 0x0000000706600000|  0%| F|  |TAMS 0x0000000706400000| PB 0x0000000706400000| Untracked 
|  16|0x0000000706600000, 0x0000000706600000, 0x0000000706800000|  0%| F|  |TAMS 0x0000000706600000| PB 0x0000000706600000| Untracked 
|  17|0x0000000706800000, 0x0000000706800000, 0x0000000706a00000|  0%| F|  |TAMS 0x0000000706800000| PB 0x0000000706800000| Untracked 
|  18|0x0000000706a00000, 0x0000000706a00000, 0x0000000706c00000|  0%| F|  |TAMS 0x0000000706a00000| PB 0x0000000706a00000| Untracked 
|  19|0x0000000706c00000, 0x0000000706c00000, 0x0000000706e00000|  0%| F|  |TAMS 0x0000000706c00000| PB 0x0000000706c00000| Untracked 
|  20|0x0000000706e00000, 0x0000000706e00000, 0x0000000707000000|  0%| F|  |TAMS 0x0000000706e00000| PB 0x0000000706e00000| Untracked 
|  21|0x0000000707000000, 0x0000000707000000, 0x0000000707200000|  0%| F|  |TAMS 0x0000000707000000| PB 0x0000000707000000| Untracked 
|  22|0x0000000707200000, 0x0000000707200000, 0x0000000707400000|  0%| F|  |TAMS 0x0000000707200000| PB 0x0000000707200000| Untracked 
|  23|0x0000000707400000, 0x0000000707400000, 0x0000000707600000|  0%| F|  |TAMS 0x0000000707400000| PB 0x0000000707400000| Untracked 
|  24|0x0000000707600000, 0x0000000707600000, 0x0000000707800000|  0%| F|  |TAMS 0x0000000707600000| PB 0x0000000707600000| Untracked 
|  25|0x0000000707800000, 0x0000000707800000, 0x0000000707a00000|  0%| F|  |TAMS 0x0000000707800000| PB 0x0000000707800000| Untracked 
|  26|0x0000000707a00000, 0x0000000707a00000, 0x0000000707c00000|  0%| F|  |TAMS 0x0000000707a00000| PB 0x0000000707a00000| Untracked 
|  27|0x0000000707c00000, 0x0000000707c00000, 0x0000000707e00000|  0%| F|  |TAMS 0x0000000707c00000| PB 0x0000000707c00000| Untracked 
|  28|0x0000000707e00000, 0x0000000707e00000, 0x0000000708000000|  0%| F|  |TAMS 0x0000000707e00000| PB 0x0000000707e00000| Untracked 
|  29|0x0000000708000000, 0x0000000708000000, 0x0000000708200000|  0%| F|  |TAMS 0x0000000708000000| PB 0x0000000708000000| Untracked 
|  30|0x0000000708200000, 0x0000000708200000, 0x0000000708400000|  0%| F|  |TAMS 0x0000000708200000| PB 0x0000000708200000| Untracked 
|  31|0x0000000708400000, 0x0000000708400000, 0x0000000708600000|  0%| F|  |TAMS 0x0000000708400000| PB 0x0000000708400000| Untracked 
|  32|0x0000000708600000, 0x0000000708600000, 0x0000000708800000|  0%| F|  |TAMS 0x0000000708600000| PB 0x0000000708600000| Untracked 
|  33|0x0000000708800000, 0x0000000708800000, 0x0000000708a00000|  0%| F|  |TAMS 0x0000000708800000| PB 0x0000000708800000| Untracked 
|  34|0x0000000708a00000, 0x0000000708a00000, 0x0000000708c00000|  0%| F|  |TAMS 0x0000000708a00000| PB 0x0000000708a00000| Untracked 
|  35|0x0000000708c00000, 0x0000000708c00000, 0x0000000708e00000|  0%| F|  |TAMS 0x0000000708c00000| PB 0x0000000708c00000| Untracked 
|  36|0x0000000708e00000, 0x0000000708e00000, 0x0000000709000000|  0%| F|  |TAMS 0x0000000708e00000| PB 0x0000000708e00000| Untracked 
|  37|0x0000000709000000, 0x0000000709000000, 0x0000000709200000|  0%| F|  |TAMS 0x0000000709000000| PB 0x0000000709000000| Untracked 
|  38|0x0000000709200000, 0x0000000709200000, 0x0000000709400000|  0%| F|  |TAMS 0x0000000709200000| PB 0x0000000709200000| Untracked 
|  39|0x0000000709400000, 0x0000000709400000, 0x0000000709600000|  0%| F|  |TAMS 0x0000000709400000| PB 0x0000000709400000| Untracked 
|  40|0x0000000709600000, 0x0000000709600000, 0x0000000709800000|  0%| F|  |TAMS 0x0000000709600000| PB 0x0000000709600000| Untracked 
|  41|0x0000000709800000, 0x0000000709800000, 0x0000000709a00000|  0%| F|  |TAMS 0x0000000709800000| PB 0x0000000709800000| Untracked 
|  42|0x0000000709a00000, 0x0000000709a00000, 0x0000000709c00000|  0%| F|  |TAMS 0x0000000709a00000| PB 0x0000000709a00000| Untracked 
|  43|0x0000000709c00000, 0x0000000709c00000, 0x0000000709e00000|  0%| F|  |TAMS 0x0000000709c00000| PB 0x0000000709c00000| Untracked 
|  44|0x0000000709e00000, 0x0000000709e00000, 0x000000070a000000|  0%| F|  |TAMS 0x0000000709e00000| PB 0x0000000709e00000| Untracked 
|  45|0x000000070a000000, 0x000000070a000000, 0x000000070a200000|  0%| F|  |TAMS 0x000000070a000000| PB 0x000000070a000000| Untracked 
|  46|0x000000070a200000, 0x000000070a200000, 0x000000070a400000|  0%| F|  |TAMS 0x000000070a200000| PB 0x000000070a200000| Untracked 
|  47|0x000000070a400000, 0x000000070a400000, 0x000000070a600000|  0%| F|  |TAMS 0x000000070a400000| PB 0x000000070a400000| Untracked 
|  48|0x000000070a600000, 0x000000070a600000, 0x000000070a800000|  0%| F|  |TAMS 0x000000070a600000| PB 0x000000070a600000| Untracked 
|  49|0x000000070a800000, 0x000000070a800000, 0x000000070aa00000|  0%| F|  |TAMS 0x000000070a800000| PB 0x000000070a800000| Untracked 
|  50|0x000000070aa00000, 0x000000070aa00000, 0x000000070ac00000|  0%| F|  |TAMS 0x000000070aa00000| PB 0x000000070aa00000| Untracked 
|  51|0x000000070ac00000, 0x000000070ac00000, 0x000000070ae00000|  0%| F|  |TAMS 0x000000070ac00000| PB 0x000000070ac00000| Untracked 
|  52|0x000000070ae00000, 0x000000070ae00000, 0x000000070b000000|  0%| F|  |TAMS 0x000000070ae00000| PB 0x000000070ae00000| Untracked 
|  53|0x000000070b000000, 0x000000070b000000, 0x000000070b200000|  0%| F|  |TAMS 0x000000070b000000| PB 0x000000070b000000| Untracked 
|  54|0x000000070b200000, 0x000000070b200000, 0x000000070b400000|  0%| F|  |TAMS 0x000000070b200000| PB 0x000000070b200000| Untracked 
|  55|0x000000070b400000, 0x000000070b400000, 0x000000070b600000|  0%| F|  |TAMS 0x000000070b400000| PB 0x000000070b400000| Untracked 
|  56|0x000000070b600000, 0x000000070b600000, 0x000000070b800000|  0%| F|  |TAMS 0x000000070b600000| PB 0x000000070b600000| Untracked 
|  57|0x000000070b800000, 0x000000070b800000, 0x000000070ba00000|  0%| F|  |TAMS 0x000000070b800000| PB 0x000000070b800000| Untracked 
|  58|0x000000070ba00000, 0x000000070ba00000, 0x000000070bc00000|  0%| F|  |TAMS 0x000000070ba00000| PB 0x000000070ba00000| Untracked 
|  59|0x000000070bc00000, 0x000000070bc00000, 0x000000070be00000|  0%| F|  |TAMS 0x000000070bc00000| PB 0x000000070bc00000| Untracked 
|  60|0x000000070be00000, 0x000000070be00000, 0x000000070c000000|  0%| F|  |TAMS 0x000000070be00000| PB 0x000000070be00000| Untracked 
|  61|0x000000070c000000, 0x000000070c000000, 0x000000070c200000|  0%| F|  |TAMS 0x000000070c000000| PB 0x000000070c000000| Untracked 
|  62|0x000000070c200000, 0x000000070c200000, 0x000000070c400000|  0%| F|  |TAMS 0x000000070c200000| PB 0x000000070c200000| Untracked 
|  63|0x000000070c400000, 0x000000070c400000, 0x000000070c600000|  0%| F|  |TAMS 0x000000070c400000| PB 0x000000070c400000| Untracked 
|  64|0x000000070c600000, 0x000000070c600000, 0x000000070c800000|  0%| F|  |TAMS 0x000000070c600000| PB 0x000000070c600000| Untracked 
|  65|0x000000070c800000, 0x000000070c800000, 0x000000070ca00000|  0%| F|  |TAMS 0x000000070c800000| PB 0x000000070c800000| Untracked 
|  66|0x000000070ca00000, 0x000000070ca00000, 0x000000070cc00000|  0%| F|  |TAMS 0x000000070ca00000| PB 0x000000070ca00000| Untracked 
|  67|0x000000070cc00000, 0x000000070cc00000, 0x000000070ce00000|  0%| F|  |TAMS 0x000000070cc00000| PB 0x000000070cc00000| Untracked 
|  68|0x000000070ce00000, 0x000000070ce00000, 0x000000070d000000|  0%| F|  |TAMS 0x000000070ce00000| PB 0x000000070ce00000| Untracked 
|  69|0x000000070d000000, 0x000000070d000000, 0x000000070d200000|  0%| F|  |TAMS 0x000000070d000000| PB 0x000000070d000000| Untracked 
|  70|0x000000070d200000, 0x000000070d200000, 0x000000070d400000|  0%| F|  |TAMS 0x000000070d200000| PB 0x000000070d200000| Untracked 
|  71|0x000000070d400000, 0x000000070d400000, 0x000000070d600000|  0%| F|  |TAMS 0x000000070d400000| PB 0x000000070d400000| Untracked 
|  72|0x000000070d600000, 0x000000070d600000, 0x000000070d800000|  0%| F|  |TAMS 0x000000070d600000| PB 0x000000070d600000| Untracked 
|  73|0x000000070d800000, 0x000000070d800000, 0x000000070da00000|  0%| F|  |TAMS 0x000000070d800000| PB 0x000000070d800000| Untracked 
|  74|0x000000070da00000, 0x000000070da00000, 0x000000070dc00000|  0%| F|  |TAMS 0x000000070da00000| PB 0x000000070da00000| Untracked 
|  75|0x000000070dc00000, 0x000000070dc00000, 0x000000070de00000|  0%| F|  |TAMS 0x000000070dc00000| PB 0x000000070dc00000| Untracked 
|  76|0x000000070de00000, 0x000000070de00000, 0x000000070e000000|  0%| F|  |TAMS 0x000000070de00000| PB 0x000000070de00000| Untracked 
|  77|0x000000070e000000, 0x000000070e000000, 0x000000070e200000|  0%| F|  |TAMS 0x000000070e000000| PB 0x000000070e000000| Untracked 
|  78|0x000000070e200000, 0x000000070e200000, 0x000000070e400000|  0%| F|  |TAMS 0x000000070e200000| PB 0x000000070e200000| Untracked 
|  79|0x000000070e400000, 0x000000070e400000, 0x000000070e600000|  0%| F|  |TAMS 0x000000070e400000| PB 0x000000070e400000| Untracked 
|  80|0x000000070e600000, 0x000000070e600000, 0x000000070e800000|  0%| F|  |TAMS 0x000000070e600000| PB 0x000000070e600000| Untracked 
|  81|0x000000070e800000, 0x000000070e800000, 0x000000070ea00000|  0%| F|  |TAMS 0x000000070e800000| PB 0x000000070e800000| Untracked 
|  82|0x000000070ea00000, 0x000000070ea00000, 0x000000070ec00000|  0%| F|  |TAMS 0x000000070ea00000| PB 0x000000070ea00000| Untracked 
|  83|0x000000070ec00000, 0x000000070ec00000, 0x000000070ee00000|  0%| F|  |TAMS 0x000000070ec00000| PB 0x000000070ec00000| Untracked 
|  84|0x000000070ee00000, 0x000000070ee00000, 0x000000070f000000|  0%| F|  |TAMS 0x000000070ee00000| PB 0x000000070ee00000| Untracked 
|  85|0x000000070f000000, 0x000000070f000000, 0x000000070f200000|  0%| F|  |TAMS 0x000000070f000000| PB 0x000000070f000000| Untracked 
|  86|0x000000070f200000, 0x000000070f200000, 0x000000070f400000|  0%| F|  |TAMS 0x000000070f200000| PB 0x000000070f200000| Untracked 
|  87|0x000000070f400000, 0x000000070f400000, 0x000000070f600000|  0%| F|  |TAMS 0x000000070f400000| PB 0x000000070f400000| Untracked 
|  88|0x000000070f600000, 0x000000070f600000, 0x000000070f800000|  0%| F|  |TAMS 0x000000070f600000| PB 0x000000070f600000| Untracked 
|  89|0x000000070f800000, 0x000000070f800000, 0x000000070fa00000|  0%| F|  |TAMS 0x000000070f800000| PB 0x000000070f800000| Untracked 
|  90|0x000000070fa00000, 0x000000070fa00000, 0x000000070fc00000|  0%| F|  |TAMS 0x000000070fa00000| PB 0x000000070fa00000| Untracked 
|  91|0x000000070fc00000, 0x000000070fc00000, 0x000000070fe00000|  0%| F|  |TAMS 0x000000070fc00000| PB 0x000000070fc00000| Untracked 
|  92|0x000000070fe00000, 0x000000070fe00000, 0x0000000710000000|  0%| F|  |TAMS 0x000000070fe00000| PB 0x000000070fe00000| Untracked 
|  93|0x0000000710000000, 0x0000000710000000, 0x0000000710200000|  0%| F|  |TAMS 0x0000000710000000| PB 0x0000000710000000| Untracked 
|  94|0x0000000710200000, 0x0000000710200000, 0x0000000710400000|  0%| F|  |TAMS 0x0000000710200000| PB 0x0000000710200000| Untracked 
|  95|0x0000000710400000, 0x0000000710400000, 0x0000000710600000|  0%| F|  |TAMS 0x0000000710400000| PB 0x0000000710400000| Untracked 
|  96|0x0000000710600000, 0x0000000710600000, 0x0000000710800000|  0%| F|  |TAMS 0x0000000710600000| PB 0x0000000710600000| Untracked 
|  97|0x0000000710800000, 0x0000000710800000, 0x0000000710a00000|  0%| F|  |TAMS 0x0000000710800000| PB 0x0000000710800000| Untracked 
|  98|0x0000000710a00000, 0x0000000710a00000, 0x0000000710c00000|  0%| F|  |TAMS 0x0000000710a00000| PB 0x0000000710a00000| Untracked 
|  99|0x0000000710c00000, 0x0000000710c00000, 0x0000000710e00000|  0%| F|  |TAMS 0x0000000710c00000| PB 0x0000000710c00000| Untracked 
| 100|0x0000000710e00000, 0x0000000710e00000, 0x0000000711000000|  0%| F|  |TAMS 0x0000000710e00000| PB 0x0000000710e00000| Untracked 
| 101|0x0000000711000000, 0x0000000711000000, 0x0000000711200000|  0%| F|  |TAMS 0x0000000711000000| PB 0x0000000711000000| Untracked 
| 102|0x0000000711200000, 0x0000000711200000, 0x0000000711400000|  0%| F|  |TAMS 0x0000000711200000| PB 0x0000000711200000| Untracked 
| 103|0x0000000711400000, 0x0000000711400000, 0x0000000711600000|  0%| F|  |TAMS 0x0000000711400000| PB 0x0000000711400000| Untracked 
| 104|0x0000000711600000, 0x0000000711600000, 0x0000000711800000|  0%| F|  |TAMS 0x0000000711600000| PB 0x0000000711600000| Untracked 
| 105|0x0000000711800000, 0x0000000711800000, 0x0000000711a00000|  0%| F|  |TAMS 0x0000000711800000| PB 0x0000000711800000| Untracked 
| 106|0x0000000711a00000, 0x0000000711a00000, 0x0000000711c00000|  0%| F|  |TAMS 0x0000000711a00000| PB 0x0000000711a00000| Untracked 
| 107|0x0000000711c00000, 0x0000000711c00000, 0x0000000711e00000|  0%| F|  |TAMS 0x0000000711c00000| PB 0x0000000711c00000| Untracked 
| 108|0x0000000711e00000, 0x0000000711e00000, 0x0000000712000000|  0%| F|  |TAMS 0x0000000711e00000| PB 0x0000000711e00000| Untracked 
| 109|0x0000000712000000, 0x0000000712000000, 0x0000000712200000|  0%| F|  |TAMS 0x0000000712000000| PB 0x0000000712000000| Untracked 
| 110|0x0000000712200000, 0x0000000712200000, 0x0000000712400000|  0%| F|  |TAMS 0x0000000712200000| PB 0x0000000712200000| Untracked 
| 111|0x0000000712400000, 0x0000000712400000, 0x0000000712600000|  0%| F|  |TAMS 0x0000000712400000| PB 0x0000000712400000| Untracked 
| 112|0x0000000712600000, 0x0000000712600000, 0x0000000712800000|  0%| F|  |TAMS 0x0000000712600000| PB 0x0000000712600000| Untracked 
| 113|0x0000000712800000, 0x00000007128f5e30, 0x0000000712a00000| 48%| S|CS|TAMS 0x0000000712800000| PB 0x0000000712800000| Complete 
| 114|0x0000000712a00000, 0x0000000712c00000, 0x0000000712c00000|100%| S|CS|TAMS 0x0000000712a00000| PB 0x0000000712a00000| Complete 
| 115|0x0000000712c00000, 0x0000000712c90568, 0x0000000712e00000| 28%| E|  |TAMS 0x0000000712c00000| PB 0x0000000712c00000| Complete 
| 116|0x0000000712e00000, 0x0000000713000000, 0x0000000713000000|100%| E|CS|TAMS 0x0000000712e00000| PB 0x0000000712e00000| Complete 
| 117|0x0000000713000000, 0x0000000713200000, 0x0000000713200000|100%| E|CS|TAMS 0x0000000713000000| PB 0x0000000713000000| Complete 
| 118|0x0000000713200000, 0x0000000713400000, 0x0000000713400000|100%| E|CS|TAMS 0x0000000713200000| PB 0x0000000713200000| Complete 
| 119|0x0000000713400000, 0x0000000713600000, 0x0000000713600000|100%| E|CS|TAMS 0x0000000713400000| PB 0x0000000713400000| Complete 
| 120|0x0000000713600000, 0x0000000713800000, 0x0000000713800000|100%| E|CS|TAMS 0x0000000713600000| PB 0x0000000713600000| Complete 
| 121|0x0000000713800000, 0x0000000713a00000, 0x0000000713a00000|100%| E|CS|TAMS 0x0000000713800000| PB 0x0000000713800000| Complete 
| 122|0x0000000713a00000, 0x0000000713c00000, 0x0000000713c00000|100%| E|  |TAMS 0x0000000713a00000| PB 0x0000000713a00000| Complete 
| 123|0x0000000713c00000, 0x0000000713e00000, 0x0000000713e00000|100%| E|CS|TAMS 0x0000000713c00000| PB 0x0000000713c00000| Complete 
| 124|0x0000000713e00000, 0x0000000714000000, 0x0000000714000000|100%| E|CS|TAMS 0x0000000713e00000| PB 0x0000000713e00000| Complete 
| 125|0x0000000714000000, 0x0000000714200000, 0x0000000714200000|100%| E|CS|TAMS 0x0000000714000000| PB 0x0000000714000000| Complete 

Card table byte_map: [0x00000166237d0000,0x0000016623fb0000] _byte_map_base: 0x000001661ffad000

Marking Bits: (CMBitMap*) 0x000001660b8f5380
 Bits: [0x0000016623fb0000, 0x0000016627e98000)

Polling page: 0x0000016609810000

Metaspace:

Usage:
  Non-class:     11.94 MB used.
      Class:      1.52 MB used.
       Both:     13.45 MB used.

Virtual space:
  Non-class space:       64.00 MB reserved,      12.06 MB ( 19%) committed,  1 nodes.
      Class space:        1.00 GB reserved,       1.62 MB ( <1%) committed,  1 nodes.
             Both:        1.06 GB reserved,      13.69 MB (  1%) committed. 

Chunk freelists:
   Non-Class:  3.92 MB
       Class:  14.19 MB
        Both:  18.11 MB

MaxMetaspaceSize: unlimited
CompressedClassSpaceSize: 1.00 GB
Initial GC threshold: 21.00 MB
Current GC threshold: 21.00 MB
CDS: on
 - commit_granule_bytes: 65536.
 - commit_granule_words: 8192.
 - virtual_space_node_default_size: 8388608.
 - enlarge_chunks_in_place: 1.
 - use_allocation_guard: 0.


Internal statistics:

num_allocs_failed_limit: 0.
num_arena_births: 184.
num_arena_deaths: 0.
num_vsnodes_births: 2.
num_vsnodes_deaths: 0.
num_space_committed: 219.
num_space_uncommitted: 0.
num_chunks_returned_to_freelist: 0.
num_chunks_taken_from_freelist: 446.
num_chunk_merges: 0.
num_chunk_splits: 313.
num_chunks_enlarged: 228.
num_inconsistent_stats: 0.

CodeHeap 'non-profiled nmethods': size=120000Kb used=712Kb max_used=712Kb free=119287Kb
 bounds [0x000001661b790000, 0x000001661ba00000, 0x0000016622cc0000]
CodeHeap 'profiled nmethods': size=120000Kb used=2973Kb max_used=2973Kb free=117026Kb
 bounds [0x0000016613cc0000, 0x0000016613fb0000, 0x000001661b1f0000]
CodeHeap 'non-nmethods': size=5760Kb used=1575Kb max_used=1593Kb free=4184Kb
 bounds [0x000001661b1f0000, 0x000001661b460000, 0x000001661b790000]
 total_blobs=2338 nmethods=1705 adapters=538
 compilation: enabled
              stopped_count=0, restarted_count=0
 full_count=0

Compilation events (20 events):
Event: 8.394 Thread 0x000001662a941200 1632       1       sun.security.provider.DigestBase::engineGetDigestLength (5 bytes)
Event: 8.394 Thread 0x000001662a941200 nmethod 1632 0x000001661b83c110 code [0x000001661b83c2a0, 0x000001661b83c368]
Event: 8.397 Thread 0x000001662a941200 1637       1       sun.security.ssl.InputRecord::isClosed (5 bytes)
Event: 8.398 Thread 0x000001662a941200 nmethod 1637 0x000001661b83c410 code [0x000001661b83c5a0, 0x000001661b83c670]
Event: 8.398 Thread 0x000001662a941200 1638       1       com.mysql.cj.protocol.a.NativePacketPayload::getPosition (5 bytes)
Event: 8.398 Thread 0x000001662a941200 nmethod 1638 0x000001661b83c710 code [0x000001661b83c8a0, 0x000001661b83c968]
Event: 8.400 Thread 0x000001662a941200 1639       3       com.mysql.cj.protocol.a.NativePacketPayload::readInteger (662 bytes)
Event: 8.401 Thread 0x000001662a941200 nmethod 1639 0x0000016613f88010 code [0x0000016613f882a0, 0x0000016613f88e28]
Event: 8.402 Thread 0x000001662a941200 1640       1       com.mysql.cj.protocol.a.NativePacketPayload::getByteBuffer (5 bytes)
Event: 8.402 Thread 0x000001662a941200 nmethod 1640 0x000001661b83ca10 code [0x000001661b83cba0, 0x000001661b83cc70]
Event: 8.402 Thread 0x000001662a941200 1641       1       com.mysql.cj.protocol.a.NativePacketPayload::setPosition (6 bytes)
Event: 8.402 Thread 0x000001662a941200 nmethod 1641 0x000001661b83cd10 code [0x000001661b83cea0, 0x000001661b83cf68]
Event: 8.404 Thread 0x000001662a941200 1642       1       com.mysql.cj.conf.AbstractRuntimeProperty::getValue (5 bytes)
Event: 8.404 Thread 0x000001662a941200 nmethod 1642 0x000001661b83d010 code [0x000001661b83d1a0, 0x000001661b83d270]
Event: 8.404 Thread 0x000001662a941200 1643       3       jdk.internal.misc.Unsafe::checkPointer (19 bytes)
Event: 8.405 Thread 0x000001662a941200 nmethod 1643 0x0000016613f89310 code [0x0000016613f894e0, 0x0000016613f89870]
Event: 8.405 Thread 0x000001662a941200 1644       3       jdk.internal.misc.Unsafe::checkPrimitivePointer (19 bytes)
Event: 8.405 Thread 0x000001662a941200 nmethod 1644 0x0000016613f89a10 code [0x0000016613f89c20, 0x0000016613f8a238]
Event: 8.405 Thread 0x000001662a941200 1645       3       java.util.Arrays::fill (21 bytes)
Event: 8.405 Thread 0x000001662a941200 nmethod 1645 0x0000016613f8a490 code [0x0000016613f8a640, 0x0000016613f8a7e0]

GC Heap History (2 events):
Event: 0.709 GC heap before
{Heap before GC invocations=0 (full 0):
 garbage-first heap   total 258048K, used 20480K [0x0000000704600000, 0x0000000800000000)
  region size 2048K, 11 young (22528K), 0 survivors (0K)
 Metaspace       used 4237K, committed 4416K, reserved 1114112K
  class space    used 441K, committed 512K, reserved 1048576K
}
Event: 0.712 GC heap after
{Heap after GC invocations=1 (full 0):
 garbage-first heap   total 258048K, used 3031K [0x0000000704600000, 0x0000000800000000)
  region size 2048K, 2 young (4096K), 2 survivors (4096K)
 Metaspace       used 4237K, committed 4416K, reserved 1114112K
  class space    used 441K, committed 512K, reserved 1048576K
}

Dll operation events (20 events):
Event: 0.524 Loaded shared library C:\Users\prabh\.openjfx\cache\21+31\amd64\api-ms-win-crt-locale-l1-1-0.dll
Event: 0.528 Loaded shared library C:\Users\prabh\.openjfx\cache\21+31\amd64\api-ms-win-crt-math-l1-1-0.dll
Event: 0.532 Loaded shared library C:\Users\prabh\.openjfx\cache\21+31\amd64\api-ms-win-crt-multibyte-l1-1-0.dll
Event: 0.535 Loaded shared library C:\Users\prabh\.openjfx\cache\21+31\amd64\api-ms-win-crt-private-l1-1-0.dll
Event: 0.538 Loaded shared library C:\Users\prabh\.openjfx\cache\21+31\amd64\api-ms-win-crt-process-l1-1-0.dll
Event: 0.541 Loaded shared library C:\Users\prabh\.openjfx\cache\21+31\amd64\api-ms-win-crt-runtime-l1-1-0.dll
Event: 0.544 Loaded shared library C:\Users\prabh\.openjfx\cache\21+31\amd64\api-ms-win-crt-stdio-l1-1-0.dll
Event: 0.547 Loaded shared library C:\Users\prabh\.openjfx\cache\21+31\amd64\api-ms-win-crt-string-l1-1-0.dll
Event: 0.549 Loaded shared library C:\Users\prabh\.openjfx\cache\21+31\amd64\api-ms-win-crt-time-l1-1-0.dll
Event: 0.552 Loaded shared library C:\Users\prabh\.openjfx\cache\21+31\amd64\api-ms-win-crt-utility-l1-1-0.dll
Event: 0.566 Loaded shared library C:\Users\prabh\.openjfx\cache\21+31\amd64\ucrtbase.dll
Event: 0.570 Loaded shared library C:\Users\prabh\.openjfx\cache\21+31\amd64\vcruntime140.dll
Event: 0.572 Loaded shared library C:\Users\prabh\.openjfx\cache\21+31\amd64\vcruntime140_1.dll
Event: 0.580 Loaded shared library C:\Users\prabh\.openjfx\cache\21+31\amd64\msvcp140.dll
Event: 0.582 Loaded shared library C:\Users\prabh\.openjfx\cache\21+31\amd64\msvcp140_1.dll
Event: 0.586 Loaded shared library C:\Users\prabh\.openjfx\cache\21+31\amd64\msvcp140_2.dll
Event: 0.622 Loaded shared library C:\Users\prabh\.openjfx\cache\21+31\amd64\prism_d3d.dll
Event: 0.653 Loaded shared library C:\Users\prabh\.openjfx\cache\21+31\amd64\glass.dll
Event: 0.737 Loaded shared library C:\Program Files\Java\jdk-21.0.2\bin\jimage.dll
Event: 8.143 Loaded shared library C:\Program Files\Java\jdk-21.0.2\bin\sunmscapi.dll

Deoptimization events (20 events):
Event: 8.071 Thread 0x0000016670ba7500 Uncommon trap: trap_request=0xffffffc6 fr.pc=0x000001661b805800 relative=0x0000000000000320
Event: 8.071 Thread 0x0000016670ba7500 Uncommon trap: reason=bimorphic_or_optimized_type_check action=maybe_recompile pc=0x000001661b805800 method=java.util.concurrent.ConcurrentHashMap.get(Ljava/lang/Object;)Ljava/lang/Object; @ 149 c2
Event: 8.071 Thread 0x0000016670ba7500 DEOPT PACKING pc=0x000001661b805800 sp=0x0000005ebc0fa920
Event: 8.071 Thread 0x0000016670ba7500 DEOPT UNPACKING pc=0x000001661b2446a2 sp=0x0000005ebc0fa8a0 mode 2
Event: 8.084 Thread 0x0000016670ba7500 Uncommon trap: trap_request=0xffffffc6 fr.pc=0x000001661b805800 relative=0x0000000000000320
Event: 8.084 Thread 0x0000016670ba7500 Uncommon trap: reason=bimorphic_or_optimized_type_check action=maybe_recompile pc=0x000001661b805800 method=java.util.concurrent.ConcurrentHashMap.get(Ljava/lang/Object;)Ljava/lang/Object; @ 149 c2
Event: 8.084 Thread 0x0000016670ba7500 DEOPT PACKING pc=0x000001661b805800 sp=0x0000005ebc0fb590
Event: 8.084 Thread 0x0000016670ba7500 DEOPT UNPACKING pc=0x000001661b2446a2 sp=0x0000005ebc0fb500 mode 2
Event: 8.085 Thread 0x0000016670ba7500 Uncommon trap: trap_request=0xffffffc6 fr.pc=0x000001661b805800 relative=0x0000000000000320
Event: 8.085 Thread 0x0000016670ba7500 Uncommon trap: reason=bimorphic_or_optimized_type_check action=maybe_recompile pc=0x000001661b805800 method=java.util.concurrent.ConcurrentHashMap.get(Ljava/lang/Object;)Ljava/lang/Object; @ 149 c2
Event: 8.085 Thread 0x0000016670ba7500 DEOPT PACKING pc=0x000001661b805800 sp=0x0000005ebc0fb220
Event: 8.085 Thread 0x0000016670ba7500 DEOPT UNPACKING pc=0x000001661b2446a2 sp=0x0000005ebc0fb190 mode 2
Event: 8.160 Thread 0x0000016670ba7500 Uncommon trap: trap_request=0xffffff45 fr.pc=0x000001661b7a41b4 relative=0x0000000000000194
Event: 8.160 Thread 0x0000016670ba7500 Uncommon trap: reason=unstable_if action=reinterpret pc=0x000001661b7a41b4 method=jdk.internal.util.ArraysSupport.vectorizedHashCode(Ljava/lang/Object;IIII)I @ 2 c2
Event: 8.160 Thread 0x0000016670ba7500 DEOPT PACKING pc=0x000001661b7a41b4 sp=0x0000005ebc0faf10
Event: 8.160 Thread 0x0000016670ba7500 DEOPT UNPACKING pc=0x000001661b2446a2 sp=0x0000005ebc0faec0 mode 2
Event: 8.369 Thread 0x0000016670ba7500 Uncommon trap: trap_request=0xffffffc6 fr.pc=0x000001661b7e5a70 relative=0x0000000000005d30
Event: 8.369 Thread 0x0000016670ba7500 Uncommon trap: reason=bimorphic_or_optimized_type_check action=maybe_recompile pc=0x000001661b7e5a70 method=java.util.stream.ReferencePipeline$3$1.accept(Ljava/lang/Object;)V @ 12 c2
Event: 8.369 Thread 0x0000016670ba7500 DEOPT PACKING pc=0x000001661b7e5a70 sp=0x0000005ebc0fcf20
Event: 8.369 Thread 0x0000016670ba7500 DEOPT UNPACKING pc=0x000001661b2446a2 sp=0x0000005ebc0fcf40 mode 2

Classes loaded (20 events):
Event: 8.373 Loading class jdk/internal/event/TLSHandshakeEvent
Event: 8.373 Loading class jdk/internal/event/TLSHandshakeEvent done
Event: 8.376 Loading class java/security/DigestException
Event: 8.376 Loading class java/security/DigestException done
Event: 8.377 Loading class javax/security/sasl/SaslException
Event: 8.378 Loading class javax/security/sasl/SaslException done
Event: 8.378 Loading class javax/security/auth/callback/UnsupportedCallbackException
Event: 8.378 Loading class javax/security/auth/callback/UnsupportedCallbackException done
Event: 8.378 Loading class javax/security/auth/login/Configuration
Event: 8.378 Loading class javax/security/auth/login/Configuration done
Event: 8.379 Loading class javax/security/auth/callback/Callback
Event: 8.379 Loading class javax/security/auth/callback/Callback done
Event: 8.379 Loading class sun/invoke/util/VerifyAccess$1
Event: 8.379 Loading class sun/invoke/util/VerifyAccess$1 done
Event: 8.384 Loading class sun/security/ssl/PostHandshakeContext
Event: 8.384 Loading class sun/security/ssl/PostHandshakeContext done
Event: 8.384 Loading class sun/security/ssl/NewSessionTicket$T13NewSessionTicketMessage
Event: 8.384 Loading class sun/security/ssl/NewSessionTicket$NewSessionTicketMessage
Event: 8.384 Loading class sun/security/ssl/NewSessionTicket$NewSessionTicketMessage done
Event: 8.384 Loading class sun/security/ssl/NewSessionTicket$T13NewSessionTicketMessage done

Classes unloaded (0 events):
No events

Classes redefined (0 events):
No events

Internal exceptions (20 events):
Event: 0.296 Thread 0x000001660b88da80 Exception <a 'java/lang/NoSuchMethodError'{0x0000000713665628}: 'java.lang.Object java.lang.invoke.Invokers$Holder.invokeExact_MT(java.lang.Object, java.lang.Object, java.lang.Object, java.lang.Object, java.lang.Object, java.lang.Object)'> (0x0000000713665628) 
thrown [s\open\src\hotspot\share\interpreter\linkResolver.cpp, line 773]
Event: 0.638 Thread 0x000001660b88da80 Exception <a 'java/lang/NoSuchMethodError'{0x000000071315b090}: 'int java.lang.invoke.DirectMethodHandle$Holder.invokeStaticInit(java.lang.Object, java.lang.Object, java.lang.Object)'> (0x000000071315b090) 
thrown [s\open\src\hotspot\share\interpreter\linkResolver.cpp, line 773]
Event: 0.656 Thread 0x000001660b88da80 Exception <a 'java/lang/NoSuchMethodError'{0x0000000712ed3a58}: 'java.lang.Object java.lang.invoke.DirectMethodHandle$Holder.newInvokeSpecial(java.lang.Object, java.lang.Object, int, java.lang.Object)'> (0x0000000712ed3a58) 
thrown [s\open\src\hotspot\share\interpreter\linkResolver.cpp, line 773]
Event: 0.656 Thread 0x000001660b88da80 Exception <a 'java/lang/NoSuchMethodError'{0x0000000712ed7bb0}: 'java.lang.Object java.lang.invoke.DirectMethodHandle$Holder.invokeSpecial(java.lang.Object, java.lang.Object, java.lang.Object, int, java.lang.Object)'> (0x0000000712ed7bb0) 
thrown [s\open\src\hotspot\share\interpreter\linkResolver.cpp, line 773]
Event: 0.706 Thread 0x0000016670ba7500 Exception <a 'java/lang/NoSuchMethodError'{0x0000000712dc73a0}: 'void java.lang.invoke.DirectMethodHandle$Holder.invokeStaticInit(java.lang.Object)'> (0x0000000712dc73a0) 
thrown [s\open\src\hotspot\share\interpreter\linkResolver.cpp, line 773]
Event: 0.713 Thread 0x000001660b88da80 Exception <a 'java/lang/NoSuchMethodError'{0x00000007140056f8}: 'java.lang.Object java.lang.invoke.DirectMethodHandle$Holder.newInvokeSpecial(java.lang.Object, java.lang.Object, java.lang.Object, java.lang.Object, java.lang.Object, java.lang.Object)'> (0x00000007140056f8) 
thrown [s\open\src\hotspot\share\interpreter\linkResolver.cpp, line 773]
Event: 0.732 Thread 0x000001660b88da80 Exception <a 'java/lang/NoSuchMethodError'{0x0000000714041778}: 'java.lang.Object java.lang.invoke.DirectMethodHandle$Holder.newInvokeSpecial(java.lang.Object, java.lang.Object, java.lang.Object, java.lang.Object, java.lang.Object)'> (0x0000000714041778) 
thrown [s\open\src\hotspot\share\interpreter\linkResolver.cpp, line 773]
Event: 0.766 Thread 0x0000016670ba7500 Exception <a 'java/lang/NoSuchMethodError'{0x0000000713fb57b8}: 'void java.lang.invoke.DirectMethodHandle$Holder.invokeStatic(java.lang.Object, long)'> (0x0000000713fb57b8) 
thrown [s\open\src\hotspot\share\interpreter\linkResolver.cpp, line 773]
Event: 0.767 Thread 0x0000016670ba7500 Exception <a 'java/lang/NoSuchMethodError'{0x0000000713fba388}: 'java.lang.Object java.lang.invoke.DirectMethodHandle$Holder.newInvokeSpecial(java.lang.Object, long)'> (0x0000000713fba388) 
thrown [s\open\src\hotspot\share\interpreter\linkResolver.cpp, line 773]
Event: 0.769 Thread 0x0000016670ba7500 Exception <a 'java/lang/NoSuchMethodError'{0x0000000713fc1878}: 'java.lang.Object java.lang.invoke.DirectMethodHandle$Holder.invokeStatic(java.lang.Object, long, java.lang.Object)'> (0x0000000713fc1878) 
thrown [s\open\src\hotspot\share\interpreter\linkResolver.cpp, line 773]
Event: 0.769 Thread 0x0000016670ba7500 Exception <a 'java/lang/NoSuchMethodError'{0x0000000713fc5000}: 'java.lang.Object java.lang.invoke.DirectMethodHandle$Holder.invokeStaticInit(java.lang.Object, long, java.lang.Object)'> (0x0000000713fc5000) 
thrown [s\open\src\hotspot\share\interpreter\linkResolver.cpp, line 773]
Event: 0.774 Thread 0x0000016670ba7500 Exception <a 'sun/nio/fs/WindowsException'{0x0000000713fd8af0}> (0x0000000713fd8af0) 
thrown [s\open\src\hotspot\share\prims\jni.cpp, line 520]
Event: 7.787 Thread 0x0000016670ba7500 Exception <a 'sun/nio/fs/WindowsException'{0x0000000713c87650}> (0x0000000713c87650) 
thrown [s\open\src\hotspot\share\prims\jni.cpp, line 520]
Event: 7.833 Thread 0x0000016670ba7500 Exception <a 'java/lang/NoSuchMethodError'{0x0000000713a00a18}: 'java.lang.Object java.lang.invoke.DirectMethodHandle$Holder.invokeVirtual(java.lang.Object, java.lang.Object, java.lang.Object)'> (0x0000000713a00a18) 
thrown [s\open\src\hotspot\share\interpreter\linkResolver.cpp, line 773]
Event: 7.906 Thread 0x0000016670ba7500 Exception <a 'sun/nio/fs/WindowsException'{0x000000071360e800}> (0x000000071360e800) 
thrown [s\open\src\hotspot\share\prims\jni.cpp, line 520]
Event: 7.996 Thread 0x0000016670ba7500 Exception <a 'java/lang/NoSuchMethodError'{0x000000071358db18}: 'void java.lang.invoke.DirectMethodHandle$Holder.invokeStaticInit(java.lang.Object, java.lang.Object)'> (0x000000071358db18) 
thrown [s\open\src\hotspot\share\interpreter\linkResolver.cpp, line 773]
Event: 8.052 Thread 0x0000016670ba7500 Exception <a 'sun/nio/fs/WindowsException'{0x000000071329c4d0}> (0x000000071329c4d0) 
thrown [s\open\src\hotspot\share\prims\jni.cpp, line 520]
Event: 8.059 Thread 0x0000016670ba7500 Exception <a 'sun/nio/fs/WindowsException'{0x00000007132ad040}> (0x00000007132ad040) 
thrown [s\open\src\hotspot\share\prims\jni.cpp, line 520]
Event: 8.104 Thread 0x0000016670ba7500 Exception <a 'java/lang/NoSuchMethodError'{0x0000000713348f58}: 'java.lang.Object java.lang.invoke.DirectMethodHandle$Holder.invokeStaticInit(java.lang.Object, int, int, int, int)'> (0x0000000713348f58) 
thrown [s\open\src\hotspot\share\interpreter\linkResolver.cpp, line 773]
Event: 8.119 Thread 0x0000016670ba7500 Exception <a 'java/lang/NoSuchMethodError'{0x0000000713393a68}: 'java.lang.Object java.lang.invoke.DirectMethodHandle$Holder.invokeStaticInit(java.lang.Object, java.lang.Object, int, int, int, int)'> (0x0000000713393a68) 
thrown [s\open\src\hotspot\share\interpreter\linkResolver.cpp, line 773]

ZGC Phase Switch (0 events):
No events

VM Operations (20 events):
Event: 0.771 Executing VM operation: HandshakeAllThreads (Deoptimize)
Event: 0.771 Executing VM operation: HandshakeAllThreads (Deoptimize) done
Event: 1.771 Executing VM operation: Cleanup
Event: 1.771 Executing VM operation: Cleanup done
Event: 7.790 Executing VM operation: HandshakeAllThreads (Deoptimize)
Event: 7.790 Executing VM operation: HandshakeAllThreads (Deoptimize) done
Event: 7.790 Executing VM operation: Cleanup
Event: 7.790 Executing VM operation: Cleanup done
Event: 7.793 Executing VM operation: HandshakeAllThreads (Deoptimize)
Event: 7.793 Executing VM operation: HandshakeAllThreads (Deoptimize) done
Event: 7.828 Executing VM operation: HandshakeAllThreads (Deoptimize)
Event: 7.828 Executing VM operation: HandshakeAllThreads (Deoptimize) done
Event: 7.913 Executing VM operation: HandshakeAllThreads (Deoptimize)
Event: 7.913 Executing VM operation: HandshakeAllThreads (Deoptimize) done
Event: 8.060 Executing VM operation: HandshakeAllThreads (Deoptimize)
Event: 8.060 Executing VM operation: HandshakeAllThreads (Deoptimize) done
Event: 8.085 Executing VM operation: HandshakeAllThreads (Deoptimize)
Event: 8.085 Executing VM operation: HandshakeAllThreads (Deoptimize) done
Event: 8.344 Executing VM operation: HandshakeAllThreads (Deoptimize)
Event: 8.344 Executing VM operation: HandshakeAllThreads (Deoptimize) done

Events (20 events):
Event: 0.041 Thread 0x000001662a4d6ef0 Thread added: 0x000001662a4d6ef0
Event: 0.041 Thread 0x000001662a4d7970 Thread added: 0x000001662a4d7970
Event: 0.041 Thread 0x000001662a933c40 Thread added: 0x000001662a933c40
Event: 0.041 Thread 0x000001662a93e600 Thread added: 0x000001662a93e600
Event: 0.042 Thread 0x000001662a941200 Thread added: 0x000001662a941200
Event: 0.083 Thread 0x000001662aa06bf0 Thread added: 0x000001662aa06bf0
Event: 0.136 Thread 0x000001662ab25270 Thread added: 0x000001662ab25270
Event: 0.151 Thread 0x000001662aad61f0 Thread added: 0x000001662aad61f0
Event: 0.278 Thread 0x000001662aab4ac0 Thread added: 0x000001662aab4ac0
Event: 0.279 Thread 0x0000016670a84f50 Thread added: 0x0000016670a84f50
Event: 0.612 Thread 0x00000166708edd30 Thread added: 0x00000166708edd30
Event: 0.655 Thread 0x00000166703d9580 Thread added: 0x00000166703d9580
Event: 0.658 Thread 0x0000016670ba7500 Thread added: 0x0000016670ba7500
Event: 0.730 Thread 0x0000016670eaab70 Thread added: 0x0000016670eaab70
Event: 0.733 Thread 0x0000016670eaf1f0 Thread added: 0x0000016670eaf1f0
Event: 1.226 Thread 0x000001662aad61f0 Thread exited: 0x000001662aad61f0
Event: 2.586 Thread 0x000001662ab25270 Thread exited: 0x000001662ab25270
Event: 7.783 Thread 0x000001662ab25270 Thread added: 0x000001662ab25270
Event: 7.818 Thread 0x00000166700727d0 Thread added: 0x00000166700727d0
Event: 8.236 Thread 0x00000166706fcca0 Thread added: 0x00000166706fcca0


Dynamic libraries:
0x00007ff6695a0000 - 0x00007ff6695b0000 	C:\Program Files\Java\jdk-21.0.2\bin\java.exe
0x00007ff985310000 - 0x00007ff985527000 	C:\WINDOWS\SYSTEM32\ntdll.dll
0x00007ff983ab0000 - 0x00007ff983b74000 	C:\WINDOWS\System32\KERNEL32.DLL
0x00007ff982730000 - 0x00007ff982ae9000 	C:\WINDOWS\System32\KERNELBASE.dll
0x00007ff982610000 - 0x00007ff982721000 	C:\WINDOWS\System32\ucrtbase.dll
0x00007ff96c2e0000 - 0x00007ff96c2f9000 	C:\Program Files\Java\jdk-21.0.2\bin\jli.dll
0x00007ff983560000 - 0x00007ff983612000 	C:\WINDOWS\System32\ADVAPI32.dll
0x00007ff984300000 - 0x00007ff9843a7000 	C:\WINDOWS\System32\msvcrt.dll
0x00007ff9843b0000 - 0x00007ff984457000 	C:\WINDOWS\System32\sechost.dll
0x00007ff982c60000 - 0x00007ff982c88000 	C:\WINDOWS\System32\bcrypt.dll
0x00007ff983620000 - 0x00007ff983734000 	C:\WINDOWS\System32\RPCRT4.dll
0x00007ff9831a0000 - 0x00007ff98334e000 	C:\WINDOWS\System32\USER32.dll
0x00007ff982c30000 - 0x00007ff982c56000 	C:\WINDOWS\System32\win32u.dll
0x00007ff983ba0000 - 0x00007ff983bc9000 	C:\WINDOWS\System32\GDI32.dll
0x00007ff982c90000 - 0x00007ff982dab000 	C:\WINDOWS\System32\gdi32full.dll
0x00007ff982f20000 - 0x00007ff982fba000 	C:\WINDOWS\System32\msvcp_win.dll
0x00007ff95fb30000 - 0x00007ff95fb4b000 	C:\Program Files\Java\jdk-21.0.2\bin\VCRUNTIME140.dll
0x00007ff96ca90000 - 0x00007ff96cd22000 	C:\WINDOWS\WinSxS\amd64_microsoft.windows.common-controls_6595b64144ccf1df_6.0.22621.4391_none_2715d37f73803e96\COMCTL32.dll
0x00007ff97cbf0000 - 0x00007ff97cbfa000 	C:\WINDOWS\SYSTEM32\VERSION.dll
0x00007ff983130000 - 0x00007ff983161000 	C:\WINDOWS\System32\IMM32.DLL
0x00007ff96e150000 - 0x00007ff96e2b1000 	C:\Program Files (x86)\Citrix\ICA Client\ctxapclient64.dll
0x00007ff9844c0000 - 0x00007ff98484f000 	C:\WINDOWS\System32\combase.dll
0x00007ff981850000 - 0x00007ff981884000 	C:\WINDOWS\SYSTEM32\ntmarta.dll
0x00007ff982bb0000 - 0x00007ff982c2b000 	C:\WINDOWS\System32\bcryptprimitives.dll
0x00007ff96dc00000 - 0x00007ff96dc3a000 	C:\Program Files (x86)\Citrix\ICA Client\Receiver\FeatureFlagHelper64.dll
0x00007ff979a80000 - 0x00007ff979a8c000 	C:\Program Files\Java\jdk-21.0.2\bin\vcruntime140_1.dll
0x00007ff947ef0000 - 0x00007ff947f7e000 	C:\Program Files\Java\jdk-21.0.2\bin\msvcp140.dll
0x00007ff904970000 - 0x00007ff905687000 	C:\Program Files\Java\jdk-21.0.2\bin\server\jvm.dll
0x00007ff984280000 - 0x00007ff9842f1000 	C:\WINDOWS\System32\WS2_32.dll
0x00007ff9814a0000 - 0x00007ff9814ed000 	C:\WINDOWS\SYSTEM32\POWRPROF.dll
0x00007ff97d570000 - 0x00007ff97d5a4000 	C:\WINDOWS\SYSTEM32\WINMM.dll
0x00007ff981480000 - 0x00007ff981493000 	C:\WINDOWS\SYSTEM32\UMPDC.dll
0x00007ff9816e0000 - 0x00007ff9816f8000 	C:\WINDOWS\SYSTEM32\kernel.appcore.dll
0x00007ff966010000 - 0x00007ff96601a000 	C:\Program Files\Java\jdk-21.0.2\bin\jimage.dll
0x00007ff966570000 - 0x00007ff9667a2000 	C:\WINDOWS\SYSTEM32\DBGHELP.DLL
0x00007ff9851f0000 - 0x00007ff9852c7000 	C:\WINDOWS\System32\OLEAUT32.dll
0x00007ff964230000 - 0x00007ff964262000 	C:\WINDOWS\SYSTEM32\dbgcore.DLL
0x00007ff965f30000 - 0x00007ff965f3f000 	C:\Program Files\Java\jdk-21.0.2\bin\instrument.dll
0x00007ff952020000 - 0x00007ff95203f000 	C:\Program Files\Java\jdk-21.0.2\bin\java.dll
0x00007ff9848b0000 - 0x00007ff985126000 	C:\WINDOWS\System32\SHELL32.dll
0x00007ff980560000 - 0x00007ff980e63000 	C:\WINDOWS\SYSTEM32\windows.storage.dll
0x00007ff980420000 - 0x00007ff98055f000 	C:\WINDOWS\SYSTEM32\wintypes.dll
0x00007ff983030000 - 0x00007ff983129000 	C:\WINDOWS\System32\SHCORE.dll
0x00007ff984460000 - 0x00007ff9844be000 	C:\WINDOWS\System32\shlwapi.dll
0x00007ff982540000 - 0x00007ff98256b000 	C:\WINDOWS\SYSTEM32\profapi.dll
0x00007ff940750000 - 0x00007ff940827000 	C:\Program Files\Java\jdk-21.0.2\bin\jsvml.dll
0x00007ff963e50000 - 0x00007ff963e60000 	C:\Program Files\Java\jdk-21.0.2\bin\net.dll
0x00007ff97b530000 - 0x00007ff97b666000 	C:\WINDOWS\SYSTEM32\WINHTTP.dll
0x00007ff981bc0000 - 0x00007ff981c29000 	C:\WINDOWS\system32\mswsock.dll
0x00007ff94f780000 - 0x00007ff94f796000 	C:\Program Files\Java\jdk-21.0.2\bin\nio.dll
0x00007ff94b0f0000 - 0x00007ff94b108000 	C:\Program Files\Java\jdk-21.0.2\bin\zip.dll
0x00007ff9453e0000 - 0x00007ff9453fa000 	D:\IntelliJ IDEA 2024.2.4\bin\breakgen64.dll
0x0000016609860000 - 0x0000016609863000 	C:\Users\prabh\.openjfx\cache\21+31\amd64\api-ms-win-core-console-l1-1-0.dll
0x000001660b7f0000 - 0x000001660b7f3000 	C:\Users\prabh\.openjfx\cache\21+31\amd64\api-ms-win-core-console-l1-2-0.dll
0x000001660b800000 - 0x000001660b803000 	C:\Users\prabh\.openjfx\cache\21+31\amd64\api-ms-win-core-datetime-l1-1-0.dll
0x000001660b810000 - 0x000001660b813000 	C:\Users\prabh\.openjfx\cache\21+31\amd64\api-ms-win-core-debug-l1-1-0.dll
0x000001662ad30000 - 0x000001662ad33000 	C:\Users\prabh\.openjfx\cache\21+31\amd64\api-ms-win-core-errorhandling-l1-1-0.dll
0x000001662ad40000 - 0x000001662ad44000 	C:\Users\prabh\.openjfx\cache\21+31\amd64\api-ms-win-core-file-l1-1-0.dll
0x000001662ad50000 - 0x000001662ad53000 	C:\Users\prabh\.openjfx\cache\21+31\amd64\api-ms-win-core-file-l1-2-0.dll
0x000001662ad60000 - 0x000001662ad63000 	C:\Users\prabh\.openjfx\cache\21+31\amd64\api-ms-win-core-file-l2-1-0.dll
0x000001662ad70000 - 0x000001662ad73000 	C:\Users\prabh\.openjfx\cache\21+31\amd64\api-ms-win-core-handle-l1-1-0.dll
0x000001662ad80000 - 0x000001662ad83000 	C:\Users\prabh\.openjfx\cache\21+31\amd64\api-ms-win-core-heap-l1-1-0.dll
0x000001662ad90000 - 0x000001662ad93000 	C:\Users\prabh\.openjfx\cache\21+31\amd64\api-ms-win-core-interlocked-l1-1-0.dll
0x000001662ada0000 - 0x000001662ada3000 	C:\Users\prabh\.openjfx\cache\21+31\amd64\api-ms-win-core-libraryloader-l1-1-0.dll
0x000001662adb0000 - 0x000001662adb3000 	C:\Users\prabh\.openjfx\cache\21+31\amd64\api-ms-win-core-localization-l1-2-0.dll
0x000001662adc0000 - 0x000001662adc3000 	C:\Users\prabh\.openjfx\cache\21+31\amd64\api-ms-win-core-memory-l1-1-0.dll
0x000001662add0000 - 0x000001662add3000 	C:\Users\prabh\.openjfx\cache\21+31\amd64\api-ms-win-core-namedpipe-l1-1-0.dll
0x000001662aef0000 - 0x000001662aef3000 	C:\Users\prabh\.openjfx\cache\21+31\amd64\api-ms-win-core-processenvironment-l1-1-0.dll
0x000001662af00000 - 0x000001662af03000 	C:\Users\prabh\.openjfx\cache\21+31\amd64\api-ms-win-core-processthreads-l1-1-0.dll
0x000001662af10000 - 0x000001662af13000 	C:\Users\prabh\.openjfx\cache\21+31\amd64\api-ms-win-core-processthreads-l1-1-1.dll
0x000001662af20000 - 0x000001662af23000 	C:\Users\prabh\.openjfx\cache\21+31\amd64\api-ms-win-core-profile-l1-1-0.dll
0x000001662af30000 - 0x000001662af33000 	C:\Users\prabh\.openjfx\cache\21+31\amd64\api-ms-win-core-rtlsupport-l1-1-0.dll
0x000001662af40000 - 0x000001662af43000 	C:\Users\prabh\.openjfx\cache\21+31\amd64\api-ms-win-core-string-l1-1-0.dll
0x000001662af50000 - 0x000001662af53000 	C:\Users\prabh\.openjfx\cache\21+31\amd64\api-ms-win-core-synch-l1-1-0.dll
0x000001662af60000 - 0x000001662af63000 	C:\Users\prabh\.openjfx\cache\21+31\amd64\api-ms-win-core-synch-l1-2-0.dll
0x000001662af70000 - 0x000001662af73000 	C:\Users\prabh\.openjfx\cache\21+31\amd64\api-ms-win-core-sysinfo-l1-1-0.dll
0x000001662ade0000 - 0x000001662ade3000 	C:\Users\prabh\.openjfx\cache\21+31\amd64\api-ms-win-core-timezone-l1-1-0.dll
0x000001662adf0000 - 0x000001662adf3000 	C:\Users\prabh\.openjfx\cache\21+31\amd64\api-ms-win-core-util-l1-1-0.dll
0x000001662ae00000 - 0x000001662ae03000 	C:\Users\prabh\.openjfx\cache\21+31\amd64\api-ms-win-crt-conio-l1-1-0.dll
0x000001662ae10000 - 0x000001662ae14000 	C:\Users\prabh\.openjfx\cache\21+31\amd64\api-ms-win-crt-convert-l1-1-0.dll
0x000001662ae20000 - 0x000001662ae23000 	C:\Users\prabh\.openjfx\cache\21+31\amd64\api-ms-win-crt-environment-l1-1-0.dll
0x000001662ae30000 - 0x000001662ae33000 	C:\Users\prabh\.openjfx\cache\21+31\amd64\api-ms-win-crt-filesystem-l1-1-0.dll
0x000001662ae40000 - 0x000001662ae43000 	C:\Users\prabh\.openjfx\cache\21+31\amd64\api-ms-win-crt-heap-l1-1-0.dll
0x000001662ae50000 - 0x000001662ae53000 	C:\Users\prabh\.openjfx\cache\21+31\amd64\api-ms-win-crt-locale-l1-1-0.dll
0x000001662ae60000 - 0x000001662ae65000 	C:\Users\prabh\.openjfx\cache\21+31\amd64\api-ms-win-crt-math-l1-1-0.dll
0x000001662ae70000 - 0x000001662ae75000 	C:\Users\prabh\.openjfx\cache\21+31\amd64\api-ms-win-crt-multibyte-l1-1-0.dll
0x000001662ae80000 - 0x000001662ae90000 	C:\Users\prabh\.openjfx\cache\21+31\amd64\api-ms-win-crt-private-l1-1-0.dll
0x000001662ae90000 - 0x000001662ae93000 	C:\Users\prabh\.openjfx\cache\21+31\amd64\api-ms-win-crt-process-l1-1-0.dll
0x000001662aea0000 - 0x000001662aea4000 	C:\Users\prabh\.openjfx\cache\21+31\amd64\api-ms-win-crt-runtime-l1-1-0.dll
0x000001662aeb0000 - 0x000001662aeb4000 	C:\Users\prabh\.openjfx\cache\21+31\amd64\api-ms-win-crt-stdio-l1-1-0.dll
0x000001662aec0000 - 0x000001662aec4000 	C:\Users\prabh\.openjfx\cache\21+31\amd64\api-ms-win-crt-string-l1-1-0.dll
0x000001662aed0000 - 0x000001662aed3000 	C:\Users\prabh\.openjfx\cache\21+31\amd64\api-ms-win-crt-time-l1-1-0.dll
0x000001662aee0000 - 0x000001662aee3000 	C:\Users\prabh\.openjfx\cache\21+31\amd64\api-ms-win-crt-utility-l1-1-0.dll
0x00007ff939720000 - 0x00007ff93981c000 	C:\Users\prabh\.openjfx\cache\21+31\amd64\ucrtbase.dll
0x00007ff944df0000 - 0x00007ff944e0b000 	C:\Users\prabh\.openjfx\cache\21+31\amd64\vcruntime140.dll
0x00007ff95ffd0000 - 0x00007ff95ffdc000 	C:\Users\prabh\.openjfx\cache\21+31\amd64\vcruntime140_1.dll
0x00007ff93d640000 - 0x00007ff93d6ce000 	C:\Users\prabh\.openjfx\cache\21+31\amd64\msvcp140.dll
0x00007ff984050000 - 0x00007ff9841f5000 	C:\WINDOWS\System32\ole32.dll
0x00007ff95ff30000 - 0x00007ff95ff39000 	C:\Users\prabh\.openjfx\cache\21+31\amd64\msvcp140_1.dll
0x00007ff942240000 - 0x00007ff94226f000 	C:\Users\prabh\.openjfx\cache\21+31\amd64\msvcp140_2.dll
0x00007ff941d00000 - 0x00007ff941d2f000 	C:\Users\prabh\.openjfx\cache\21+31\amd64\prism_d3d.dll
0x00007ff946140000 - 0x00007ff9462e8000 	C:\WINDOWS\system32\d3d9.dll
0x00007ff97fcf0000 - 0x00007ff97fd1b000 	C:\WINDOWS\SYSTEM32\dwmapi.dll
0x00007ff97fd60000 - 0x00007ff97fd97000 	C:\WINDOWS\SYSTEM32\dxcore.dll
0x00007ff97faa0000 - 0x00007ff97fb51000 	C:\WINDOWS\system32\uxtheme.dll
0x00007ff916ab0000 - 0x00007ff916c5d000 	C:\WINDOWS\System32\DriverStore\FileRepository\iigd_dch.inf_amd64_306090fd1d6bb4fa\igdumdim64.dll
0x00007ff8cd9c0000 - 0x00007ff8d0a64000 	C:\WINDOWS\System32\DriverStore\FileRepository\iigd_dch.inf_amd64_306090fd1d6bb4fa\igd9dxva64.dll
0x00007ff983bd0000 - 0x00007ff984044000 	C:\WINDOWS\System32\SETUPAPI.dll
0x00007ff9822d0000 - 0x00007ff98231e000 	C:\WINDOWS\SYSTEM32\cfgmgr32.dll
0x00007ff975ff0000 - 0x00007ff9763f9000 	C:\WINDOWS\System32\DriverStore\FileRepository\iigd_dch.inf_amd64_306090fd1d6bb4fa\igdgmm64.dll
0x00007ff979fc0000 - 0x00007ff97a009000 	C:\WINDOWS\SYSTEM32\directxdatabasehelper.dll
0x00007ff9406a0000 - 0x00007ff9406e2000 	C:\Users\prabh\.openjfx\cache\21+31\amd64\glass.dll
0x00000166717d0000 - 0x00000166718cf000 	C:\WINDOWS\System32\COMDLG32.dll
0x00007ff983950000 - 0x00007ff983ab0000 	C:\WINDOWS\System32\MSCTF.dll
0x00007ff965900000 - 0x00007ff965927000 	C:\WINDOWS\System32\DriverStore\FileRepository\iigd_dch.inf_amd64_306090fd1d6bb4fa\igdinfo64.dll
0x00007ff981e10000 - 0x00007ff981e2b000 	C:\WINDOWS\SYSTEM32\CRYPTSP.dll
0x00007ff9816a0000 - 0x00007ff9816d5000 	C:\WINDOWS\system32\rsaenh.dll
0x00007ff981e30000 - 0x00007ff981e3c000 	C:\WINDOWS\SYSTEM32\CRYPTBASE.dll
0x00007ff972370000 - 0x00007ff975b06000 	C:\WINDOWS\System32\DriverStore\FileRepository\iigd_dch.inf_amd64_306090fd1d6bb4fa\igc64.dll
0x00007ff9811b0000 - 0x00007ff9812b2000 	C:\WINDOWS\SYSTEM32\DNSAPI.dll
0x00007ff981140000 - 0x00007ff98116d000 	C:\WINDOWS\SYSTEM32\IPHLPAPI.DLL
0x00007ff983b80000 - 0x00007ff983b89000 	C:\WINDOWS\System32\NSI.dll
0x00007ff978a10000 - 0x00007ff978a1a000 	C:\Windows\System32\rasadhlp.dll
0x00007ff97a740000 - 0x00007ff97a7c3000 	C:\WINDOWS\System32\fwpuclnt.dll
0x00007ff981cb0000 - 0x00007ff981cd8000 	C:\WINDOWS\SYSTEM32\USERENV.dll
0x00007ff95fb20000 - 0x00007ff95fb2e000 	C:\Program Files\Java\jdk-21.0.2\bin\sunmscapi.dll
0x00000166769a0000 - 0x0000016676b06000 	C:\WINDOWS\System32\CRYPT32.dll
0x00007ff981fd0000 - 0x00007ff981ffd000 	C:\WINDOWS\SYSTEM32\ncrypt.dll

dbghelp: loaded successfully - version: 4.0.5 - missing functions: none
symbol engine: initialized successfully - sym options: 0x614 - pdb path: .;C:\Program Files\Java\jdk-21.0.2\bin;C:\WINDOWS\SYSTEM32;C:\WINDOWS\WinSxS\amd64_microsoft.windows.common-controls_6595b64144ccf1df_6.0.22621.4391_none_2715d37f73803e96;C:\Program Files (x86)\Citrix\ICA Client;C:\Program Files (x86)\Citrix\ICA Client\Receiver;C:\Program Files\Java\jdk-21.0.2\bin\server;D:\IntelliJ IDEA 2024.2.4\bin;C:\Users\prabh\.openjfx\cache\21+31\amd64;C:\WINDOWS\System32\DriverStore\FileRepository\iigd_dch.inf_amd64_306090fd1d6bb4fa

VM Arguments:
jvm_args: -javaagent:D:\IntelliJ IDEA 2024.2.4\lib\idea_rt.jar=62538:D:\IntelliJ IDEA 2024.2.4\bin -Dfile.encoding=UTF-8 -Dsun.stdout.encoding=UTF-8 -Dsun.stderr.encoding=UTF-8 --module-path=C:\Users\prabh\.m2\repository\org\openjfx\javafx-controls\21\javafx-controls-21-win.jar;C:\Users\prabh\.m2\repository\org\openjfx\javafx-fxml\21\javafx-fxml-21-win.jar;C:\Users\prabh\.m2\repository\com\google\code\gson\gson\2.8.9\gson-2.8.9.jar;C:\Users\prabh\.m2\repository\org\openjfx\javafx-graphics\21\javafx-graphics-21-win.jar;C:\Users\prabh\IdeaProjects\OOD5\lib\librec-core-3.0.0-1.jar;C:\Users\prabh\IdeaProjects\OOD5\target\classes;C:\Users\prabh\.m2\repository\org\openjfx\javafx-base\21\javafx-base-21-win.jar;C:\Users\prabh\.m2\repository\com\mysql\mysql-connector-j\8.0.33\mysql-connector-j-8.0.33.jar -Djdk.module.main=org.example.ood5 
java_command: org.example.ood5/Main.Main
java_class_path (initial): C:\Users\prabh\.m2\repository\org\openjfx\javafx-controls\21\javafx-controls-21.jar;C:\Users\prabh\.m2\repository\org\openjfx\javafx-graphics\21\javafx-graphics-21.jar;C:\Users\prabh\.m2\repository\org\openjfx\javafx-base\21\javafx-base-21.jar;C:\Users\prabh\.m2\repository\org\openjfx\javafx-fxml\21\javafx-fxml-21.jar;C:\Users\prabh\.m2\repository\com\google\protobuf\protobuf-java\3.21.9\protobuf-java-3.21.9.jar;C:\Users\prabh\.m2\repository\commons-logging\commons-logging\1.2\commons-logging-1.2.jar;C:\Users\prabh\.m2\repository\commons-lang\commons-lang\2.6\commons-lang-2.6.jar;C:\Users\prabh\.m2\repository\com\google\guava\guava\32.1.2-jre\guava-32.1.2-jre.jar;C:\Users\prabh\.m2\repository\com\google\guava\failureaccess\1.0.1\failureaccess-1.0.1.jar;C:\Users\prabh\.m2\repository\com\google\guava\listenablefuture\9999.0-empty-to-avoid-conflict-with-guava\listenablefuture-9999.0-empty-to-avoid-conflict-with-guava.jar;C:\Users\prabh\.m2\repository\com\google\code\findbugs\jsr305\3.0.2\jsr305-3.0.2.jar;C:\Users\prabh\.m2\repository\org\checkerframework\checker-qual\3.33.0\checker-qual-3.33.0.jar;C:\Users\prabh\.m2\repository\com\google\errorprone\error_prone_annotations\2.18.0\error_prone_annotations-2.18.0.jar;C:\Users\prabh\.m2\repository\com\google\j2objc\j2objc-annotations\2.8\j2objc-annotations-2.8.jar
Launcher Type: SUN_STANDARD

[Global flags]
     intx CICompilerCount                          = 4                                         {product} {ergonomic}
     uint ConcGCThreads                            = 2                                         {product} {ergonomic}
     uint G1ConcRefinementThreads                  = 8                                         {product} {ergonomic}
   size_t G1HeapRegionSize                         = 2097152                                   {product} {ergonomic}
    uintx GCDrainStackTargetSize                   = 64                                        {product} {ergonomic}
   size_t InitialHeapSize                          = 264241152                                 {product} {ergonomic}
   size_t MarkStackSize                            = 4194304                                   {product} {ergonomic}
   size_t MaxHeapSize                              = 4221566976                                {product} {ergonomic}
   size_t MaxNewSize                               = 2531262464                                {product} {ergonomic}
   size_t MinHeapDeltaBytes                        = 2097152                                   {product} {ergonomic}
   size_t MinHeapSize                              = 8388608                                   {product} {ergonomic}
    uintx NonNMethodCodeHeapSize                   = 5839372                                {pd product} {ergonomic}
    uintx NonProfiledCodeHeapSize                  = 122909434                              {pd product} {ergonomic}
    uintx ProfiledCodeHeapSize                     = 122909434                              {pd product} {ergonomic}
    uintx ReservedCodeCacheSize                    = 251658240                              {pd product} {ergonomic}
     bool SegmentedCodeCache                       = true                                      {product} {ergonomic}
   size_t SoftMaxHeapSize                          = 4221566976                             {manageable} {ergonomic}
     bool UseCompressedOops                        = true                           {product lp64_product} {ergonomic}
     bool UseG1GC                                  = true                                      {product} {ergonomic}
     bool UseLargePagesIndividualAllocation        = false                                  {pd product} {ergonomic}

Logging:
Log output configuration:
 #0: stdout all=warning uptime,level,tags foldmultilines=false
 #1: stderr all=off uptime,level,tags foldmultilines=false

Environment Variables:
JAVA_HOME=C:\Program Files\Java\jdk-21.0.2
PATH=C:\WINDOWS\system32;C:\WINDOWS;C:\WINDOWS\System32\Wbem;C:\WINDOWS\System32\WindowsPowerShell\v1.0\;C:\WINDOWS\System32\OpenSSH\;C:\Program Files\Java\jdk-21.0.2\bin;C:\Users\prabh\AppData\Local\Programs\MiKTeX\miktex\bin\x64\;C:\Users\prabh\.m2\wrapper\dists\apache-maven-3.8.5-bin\5i5jha092a3i37g0paqnfr15e0\apache-maven-3.8.5\bin;C:\Program Files\Git\cmd;C:\Users\prabh\AppData\Local\Programs\Python\Python311\Scripts\;C:\Users\prabh\AppData\Local\Programs\Python\Python311\;C:\Users\prabh\AppData\Local\Microsoft\WindowsApps;C:\Users\prabh\AppData\Local\Programs\Microsoft VS Code\bin;C:\Users\prabh\AppData\Local\JetBrains\Toolbox\scripts;C:\Users\prabh\AppData\Local\Programs\MiKTeX\miktex\bin\x64\;C:\Program Files\JetBrains\IntelliJ IDEA 2023.3.3\bin;
USERNAME=prabh
OS=Windows_NT
PROCESSOR_IDENTIFIER=Intel64 Family 6 Model 142 Stepping 12, GenuineIntel
TMP=C:\Users\prabh\AppData\Local\Temp
TEMP=C:\Users\prabh\AppData\Local\Temp




Periodic native trim disabled

---------------  S Y S T E M  ---------------

OS:
 Windows 11 , 64 bit Build 22621 (10.0.22621.4391)
OS uptime: 2 days 23:24 hours

CPU: total 8 (initial active 8) (4 cores per cpu, 2 threads per core) family 6 model 142 stepping 12 microcode 0xfa, cx8, cmov, fxsr, ht, mmx, 3dnowpref, sse, sse2, sse3, ssse3, sse4.1, sse4.2, popcnt, lzcnt, tsc, tscinvbit, avx, avx2, aes, erms, clmul, bmi1, bmi2, adx, fma, vzeroupper, clflush, clflushopt, rdtscp, f16c
Processor Information for all 8 processors :
  Max Mhz: 1896, Current Mhz: 798, Mhz Limit: 796

Memory: 4k page, system-wide physical 16099M (4240M free)
TotalPageFile size 35093M (AvailPageFile size 5M)
current process WorkingSet (physical memory assigned to process): 132M, peak: 132M
current process commit charge ("private bytes"): 399M, peak: 399M

vm_info: Java HotSpot(TM) 64-Bit Server VM (21.0.2+13-LTS-58) for windows-amd64 JRE (21.0.2+13-LTS-58), built on 2024-01-05T18:32:24Z by "mach5one" with MS VC++ 17.1 (VS2022)

END.
