#
# There is insufficient memory for the Java Runtime Environment to continue.
# Native memory allocation (malloc) failed to allocate 334592 bytes for Chunk::new
# Possible reasons:
#   The system is out of physical RAM or swap space
#   The process is running with CompressedOops enabled, and the Java Heap may be blocking the growth of the native heap
# Possible solutions:
#   Reduce memory load on the system
#   Increase physical memory or swap space
#   Check if swap backing store is full
#   Decrease Java heap size (-Xmx/-Xms)
#   Decrease number of Java threads
#   Decrease Java thread stack sizes (-Xss)
#   Set larger code cache with -XX:ReservedCodeCacheSize=
#   JVM is running with Zero Based Compressed Oops mode in which the Java heap is
#     placed in the first 32GB address space. The Java Heap base address is the
#     maximum limit for the native heap growth. Please use -XX:HeapBaseMinAddress
#     to set the Java Heap base and to place the Java Heap above 32GB virtual address.
# This output file may be truncated or incomplete.
#
#  Out of Memory Error (arena.cpp:168), pid=1144, tid=9944
#
# JRE version: Java(TM) SE Runtime Environment (21.0.2+13) (build 21.0.2+13-LTS-58)
# Java VM: Java HotSpot(TM) 64-Bit Server VM (21.0.2+13-LTS-58, mixed mode, sharing, tiered, compressed oops, compressed class ptrs, g1 gc, windows-amd64)
# No core dump will be written. Minidumps are not enabled by default on client versions of Windows
#

---------------  S U M M A R Y ------------

Command Line: -javaagent:D:\IntelliJ IDEA 2024.2.4\lib\idea_rt.jar=62037:D:\IntelliJ IDEA 2024.2.4\bin -Dfile.encoding=UTF-8 -Dsun.stdout.encoding=UTF-8 -Dsun.stderr.encoding=UTF-8 --module-path=C:\Users\prabh\IdeaProjects\OOD5\target\classes;C:\Users\prabh\IdeaProjects\OOD5\lib\librec-core-3.0.0-1.jar;C:\Users\prabh\.m2\repository\com\mysql\mysql-connector-j\8.0.33\mysql-connector-j-8.0.33.jar;C:\Users\prabh\.m2\repository\org\openjfx\javafx-fxml\21\javafx-fxml-21-win.jar;C:\Users\prabh\.m2\repository\org\openjfx\javafx-controls\21\javafx-controls-21-win.jar;C:\Users\prabh\.m2\repository\com\google\code\gson\gson\2.8.9\gson-2.8.9.jar;C:\Users\prabh\.m2\repository\org\apache\commons\commons-math3\3.6.1\commons-math3-3.6.1.jar;C:\Users\prabh\.m2\repository\org\openjfx\javafx-graphics\21\javafx-graphics-21-win.jar;C:\Users\prabh\.m2\repository\org\openjfx\javafx-base\21\javafx-base-21-win.jar -Djdk.module.main=org.example.ood5 org.example.ood5/Main.Main

Host: Intel(R) Core(TM) i5-8365U CPU @ 1.60GHz, 8 cores, 15G,  Windows 11 , 64 bit Build 22621 (10.0.22621.4391)
Time: Thu Dec  5 09:36:04 2024 Sri Lanka Standard Time elapsed time: 7.759356 seconds (0d 0h 0m 7s)

---------------  T H R E A D  ---------------

Current thread (0x000002705fa72ae0):  JavaThread "C2 CompilerThread0" daemon [_thread_in_native, id=9944, stack(0x000000e33ac00000,0x000000e33ad00000) (1024K)]


Current CompileTask:
C2:   7759 1135 %     4       java.util.Properties$LineReader::readLine @ 53 (584 bytes)

Stack: [0x000000e33ac00000,0x000000e33ad00000]
Native frames: (J=compiled Java code, j=interpreted, Vv=VM code, C=native code)
V  [jvm.dll+0x6cade9]
V  [jvm.dll+0x8569c1]
V  [jvm.dll+0x858d2e]
V  [jvm.dll+0x859413]
V  [jvm.dll+0x280e56]
V  [jvm.dll+0xc3f3d]
V  [jvm.dll+0xc4473]
V  [jvm.dll+0x3b5c2c]
V  [jvm.dll+0x382855]
V  [jvm.dll+0x381cca]
V  [jvm.dll+0x249bd0]
V  [jvm.dll+0x2491b1]
V  [jvm.dll+0x1c9634]
V  [jvm.dll+0x258859]
V  [jvm.dll+0x256e3a]
V  [jvm.dll+0x3ef6c6]
V  [jvm.dll+0x7ff568]
V  [jvm.dll+0x6c953d]
C  [ucrtbase.dll+0x29333]
C  [KERNEL32.DLL+0x1259d]
C  [ntdll.dll+0x5af38]


---------------  P R O C E S S  ---------------

Threads class SMR info:
_java_thread_list=0x00000270ab35c770, length=19, elements={
0x00000270409b1f10, 0x000002705f4e3e10, 0x000002705f4e4ad0, 0x000002705f4f0f10,
0x000002705f4f1bd0, 0x000002705f4f9d50, 0x000002705fa710a0, 0x000002705fa72ae0,
0x000002705fa74760, 0x000002705fb43f30, 0x00000270a5c03740, 0x00000270a5d266e0,
0x00000270a5bcff50, 0x00000270a5fb0f90, 0x00000270a5fc3650, 0x00000270ab37f130,
0x00000270ab256680, 0x000002705fe4dbc0, 0x00000270a5906560
}

Java Threads: ( => current thread )
  0x00000270409b1f10 JavaThread "main"                              [_thread_blocked, id=13516, stack(0x000000e339d00000,0x000000e339e00000) (1024K)]
  0x000002705f4e3e10 JavaThread "Reference Handler"          daemon [_thread_blocked, id=13152, stack(0x000000e33a600000,0x000000e33a700000) (1024K)]
  0x000002705f4e4ad0 JavaThread "Finalizer"                  daemon [_thread_blocked, id=18540, stack(0x000000e33a700000,0x000000e33a800000) (1024K)]
  0x000002705f4f0f10 JavaThread "Signal Dispatcher"          daemon [_thread_blocked, id=12528, stack(0x000000e33a800000,0x000000e33a900000) (1024K)]
  0x000002705f4f1bd0 JavaThread "Attach Listener"            daemon [_thread_blocked, id=16828, stack(0x000000e33a900000,0x000000e33aa00000) (1024K)]
  0x000002705f4f9d50 JavaThread "Service Thread"             daemon [_thread_blocked, id=15460, stack(0x000000e33aa00000,0x000000e33ab00000) (1024K)]
  0x000002705fa710a0 JavaThread "Monitor Deflation Thread"   daemon [_thread_blocked, id=3448, stack(0x000000e33ab00000,0x000000e33ac00000) (1024K)]
=>0x000002705fa72ae0 JavaThread "C2 CompilerThread0"         daemon [_thread_in_native, id=9944, stack(0x000000e33ac00000,0x000000e33ad00000) (1024K)]
  0x000002705fa74760 JavaThread "C1 CompilerThread0"         daemon [_thread_blocked, id=4756, stack(0x000000e33ad00000,0x000000e33ae00000) (1024K)]
  0x000002705fb43f30 JavaThread "Common-Cleaner"             daemon [_thread_blocked, id=5328, stack(0x000000e33ae00000,0x000000e33af00000) (1024K)]
  0x00000270a5c03740 JavaThread "Monitor Ctrl-Break"         daemon [_thread_in_native, id=12992, stack(0x000000e33b100000,0x000000e33b200000) (1024K)]
  0x00000270a5d266e0 JavaThread "Notification Thread"        daemon [_thread_blocked, id=15536, stack(0x000000e33b200000,0x000000e33b300000) (1024K)]
  0x00000270a5bcff50 JavaThread "QuantumRenderer-0"          daemon [_thread_blocked, id=3944, stack(0x000000e33b300000,0x000000e33b400000) (1024K)]
  0x00000270a5fb0f90 JavaThread "InvokeLaterDispatcher"      daemon [_thread_blocked, id=6384, stack(0x000000e33b400000,0x000000e33b500000) (1024K)]
  0x00000270a5fc3650 JavaThread "JavaFX Application Thread"         [_thread_in_native, id=7616, stack(0x000000e33b500000,0x000000e33b600000) (1024K)]
  0x00000270ab37f130 JavaThread "Thread-1"                   daemon [_thread_in_native, id=11712, stack(0x000000e33be00000,0x000000e33bf00000) (1024K)]
  0x00000270ab256680 JavaThread "JavaFX-Launcher"                   [_thread_blocked, id=8788, stack(0x000000e33bf00000,0x000000e33c000000) (1024K)]
  0x000002705fe4dbc0 JavaThread "mysql-cj-abandoned-connection-cleanup" daemon [_thread_blocked, id=8832, stack(0x000000e33af00000,0x000000e33b000000) (1024K)]
  0x00000270a5906560 JavaThread "C2 CompilerThread1"         daemon [_thread_blocked, id=12800, stack(0x000000e33b000000,0x000000e33b100000) (1024K)]
Total: 19

Other Threads:
  0x000002705f4c5660 VMThread "VM Thread"                           [id=16728, stack(0x000000e33a500000,0x000000e33a600000) (1024K)]
  0x000002705f4af8a0 WatcherThread "VM Periodic Task Thread"        [id=3672, stack(0x000000e33a400000,0x000000e33a500000) (1024K)]
  0x0000027040a18be0 WorkerThread "GC Thread#0"                     [id=18788, stack(0x000000e339f00000,0x000000e33a000000) (1024K)]
  0x00000270ab17cc40 WorkerThread "GC Thread#1"                     [id=15480, stack(0x000000e33b900000,0x000000e33ba00000) (1024K)]
  0x00000270ab284720 WorkerThread "GC Thread#2"                     [id=7056, stack(0x000000e33ba00000,0x000000e33bb00000) (1024K)]
  0x00000270ab26a560 WorkerThread "GC Thread#3"                     [id=3624, stack(0x000000e33bb00000,0x000000e33bc00000) (1024K)]
  0x00000270ab2977c0 WorkerThread "GC Thread#4"                     [id=17688, stack(0x000000e33bc00000,0x000000e33bd00000) (1024K)]
  0x00000270ab29bba0 WorkerThread "GC Thread#5"                     [id=12520, stack(0x000000e33bd00000,0x000000e33be00000) (1024K)]
  0x0000027040a29ae0 ConcurrentGCThread "G1 Main Marker"            [id=7904, stack(0x000000e33a000000,0x000000e33a100000) (1024K)]
  0x0000027040a2be00 WorkerThread "G1 Conc#0"                       [id=14372, stack(0x000000e33a100000,0x000000e33a200000) (1024K)]
  0x000002705f3830a0 ConcurrentGCThread "G1 Refine#0"               [id=15420, stack(0x000000e33a200000,0x000000e33a300000) (1024K)]
  0x000002705f383c10 ConcurrentGCThread "G1 Service"                [id=18216, stack(0x000000e33a300000,0x000000e33a400000) (1024K)]
Total: 12

Threads with active compile tasks:
C2 CompilerThread0     7810 1135 %     4       java.util.Properties$LineReader::readLine @ 53 (584 bytes)
Total: 1

VM state: not at safepoint (normal execution)

VM Mutex/Monitor currently owned by a thread: None

Heap address: 0x0000000704600000, size: 4026 MB, Compressed Oops mode: Zero based, Oop shift amount: 3

CDS archive(s) mapped at: [0x0000027060000000-0x0000027060c90000-0x0000027060c90000), size 13172736, SharedBaseAddress: 0x0000027060000000, ArchiveRelocationMode: 1.
Compressed class space mapped at: 0x0000027061000000-0x00000270a1000000, reserved size: 1073741824
Narrow klass base: 0x0000027060000000, Narrow klass shift: 0, Narrow klass range: 0x100000000

GC Precious Log:
 CardTable entry size: 512
 Card Set container configuration: InlinePtr #cards 4 size 8 Array Of Cards #cards 16 size 48 Howl #buckets 8 coarsen threshold 3686 Howl Bitmap #cards 512 size 80 coarsen threshold 460 Card regions per heap region 1 cards per card region 4096
 CPUs: 8 total, 8 available
 Memory: 16099M
 Large Page Support: Disabled
 NUMA Support: Disabled
 Compressed Oops: Enabled (Zero based)
 Heap Region Size: 2M
 Heap Min Capacity: 8M
 Heap Initial Capacity: 252M
 Heap Max Capacity: 4026M
 Pre-touch: Disabled
 Parallel Workers: 8
 Concurrent Workers: 2
 Concurrent Refinement Workers: 8
 Periodic GC: Disabled

Heap:
 garbage-first heap   total 258048K, used 15203K [0x0000000704600000, 0x0000000800000000)
  region size 2048K, 9 young (18432K), 2 survivors (4096K)
 Metaspace       used 7453K, committed 7680K, reserved 1114112K
  class space    used 823K, committed 896K, reserved 1048576K

Heap Regions: E=young(eden), S=young(survivor), O=old, HS=humongous(starts), HC=humongous(continues), CS=collection set, F=free, TAMS=top-at-mark-start, PB=parsable bottom
|   0|0x0000000704600000, 0x0000000704800000, 0x0000000704800000|100%|HS|  |TAMS 0x0000000704600000| PB 0x0000000704600000| Complete 
|   1|0x0000000704800000, 0x0000000704800000, 0x0000000704a00000|  0%| F|  |TAMS 0x0000000704800000| PB 0x0000000704800000| Untracked 
|   2|0x0000000704a00000, 0x0000000704a00000, 0x0000000704c00000|  0%| F|  |TAMS 0x0000000704a00000| PB 0x0000000704a00000| Untracked 
|   3|0x0000000704c00000, 0x0000000704c00000, 0x0000000704e00000|  0%| F|  |TAMS 0x0000000704c00000| PB 0x0000000704c00000| Untracked 
|   4|0x0000000704e00000, 0x0000000704e00000, 0x0000000705000000|  0%| F|  |TAMS 0x0000000704e00000| PB 0x0000000704e00000| Untracked 
|   5|0x0000000705000000, 0x0000000705000000, 0x0000000705200000|  0%| F|  |TAMS 0x0000000705000000| PB 0x0000000705000000| Untracked 
|   6|0x0000000705200000, 0x0000000705200000, 0x0000000705400000|  0%| F|  |TAMS 0x0000000705200000| PB 0x0000000705200000| Untracked 
|   7|0x0000000705400000, 0x0000000705400000, 0x0000000705600000|  0%| F|  |TAMS 0x0000000705400000| PB 0x0000000705400000| Untracked 
|   8|0x0000000705600000, 0x0000000705600000, 0x0000000705800000|  0%| F|  |TAMS 0x0000000705600000| PB 0x0000000705600000| Untracked 
|   9|0x0000000705800000, 0x0000000705800000, 0x0000000705a00000|  0%| F|  |TAMS 0x0000000705800000| PB 0x0000000705800000| Untracked 
|  10|0x0000000705a00000, 0x0000000705a00000, 0x0000000705c00000|  0%| F|  |TAMS 0x0000000705a00000| PB 0x0000000705a00000| Untracked 
|  11|0x0000000705c00000, 0x0000000705c00000, 0x0000000705e00000|  0%| F|  |TAMS 0x0000000705c00000| PB 0x0000000705c00000| Untracked 
|  12|0x0000000705e00000, 0x0000000705e00000, 0x0000000706000000|  0%| F|  |TAMS 0x0000000705e00000| PB 0x0000000705e00000| Untracked 
|  13|0x0000000706000000, 0x0000000706000000, 0x0000000706200000|  0%| F|  |TAMS 0x0000000706000000| PB 0x0000000706000000| Untracked 
|  14|0x0000000706200000, 0x0000000706200000, 0x0000000706400000|  0%| F|  |TAMS 0x0000000706200000| PB 0x0000000706200000| Untracked 
|  15|0x0000000706400000, 0x0000000706400000, 0x0000000706600000|  0%| F|  |TAMS 0x0000000706400000| PB 0x0000000706400000| Untracked 
|  16|0x0000000706600000, 0x0000000706600000, 0x0000000706800000|  0%| F|  |TAMS 0x0000000706600000| PB 0x0000000706600000| Untracked 
|  17|0x0000000706800000, 0x0000000706800000, 0x0000000706a00000|  0%| F|  |TAMS 0x0000000706800000| PB 0x0000000706800000| Untracked 
|  18|0x0000000706a00000, 0x0000000706a00000, 0x0000000706c00000|  0%| F|  |TAMS 0x0000000706a00000| PB 0x0000000706a00000| Untracked 
|  19|0x0000000706c00000, 0x0000000706c00000, 0x0000000706e00000|  0%| F|  |TAMS 0x0000000706c00000| PB 0x0000000706c00000| Untracked 
|  20|0x0000000706e00000, 0x0000000706e00000, 0x0000000707000000|  0%| F|  |TAMS 0x0000000706e00000| PB 0x0000000706e00000| Untracked 
|  21|0x0000000707000000, 0x0000000707000000, 0x0000000707200000|  0%| F|  |TAMS 0x0000000707000000| PB 0x0000000707000000| Untracked 
|  22|0x0000000707200000, 0x0000000707200000, 0x0000000707400000|  0%| F|  |TAMS 0x0000000707200000| PB 0x0000000707200000| Untracked 
|  23|0x0000000707400000, 0x0000000707400000, 0x0000000707600000|  0%| F|  |TAMS 0x0000000707400000| PB 0x0000000707400000| Untracked 
|  24|0x0000000707600000, 0x0000000707600000, 0x0000000707800000|  0%| F|  |TAMS 0x0000000707600000| PB 0x0000000707600000| Untracked 
|  25|0x0000000707800000, 0x0000000707800000, 0x0000000707a00000|  0%| F|  |TAMS 0x0000000707800000| PB 0x0000000707800000| Untracked 
|  26|0x0000000707a00000, 0x0000000707a00000, 0x0000000707c00000|  0%| F|  |TAMS 0x0000000707a00000| PB 0x0000000707a00000| Untracked 
|  27|0x0000000707c00000, 0x0000000707c00000, 0x0000000707e00000|  0%| F|  |TAMS 0x0000000707c00000| PB 0x0000000707c00000| Untracked 
|  28|0x0000000707e00000, 0x0000000707e00000, 0x0000000708000000|  0%| F|  |TAMS 0x0000000707e00000| PB 0x0000000707e00000| Untracked 
|  29|0x0000000708000000, 0x0000000708000000, 0x0000000708200000|  0%| F|  |TAMS 0x0000000708000000| PB 0x0000000708000000| Untracked 
|  30|0x0000000708200000, 0x0000000708200000, 0x0000000708400000|  0%| F|  |TAMS 0x0000000708200000| PB 0x0000000708200000| Untracked 
|  31|0x0000000708400000, 0x0000000708400000, 0x0000000708600000|  0%| F|  |TAMS 0x0000000708400000| PB 0x0000000708400000| Untracked 
|  32|0x0000000708600000, 0x0000000708600000, 0x0000000708800000|  0%| F|  |TAMS 0x0000000708600000| PB 0x0000000708600000| Untracked 
|  33|0x0000000708800000, 0x0000000708800000, 0x0000000708a00000|  0%| F|  |TAMS 0x0000000708800000| PB 0x0000000708800000| Untracked 
|  34|0x0000000708a00000, 0x0000000708a00000, 0x0000000708c00000|  0%| F|  |TAMS 0x0000000708a00000| PB 0x0000000708a00000| Untracked 
|  35|0x0000000708c00000, 0x0000000708c00000, 0x0000000708e00000|  0%| F|  |TAMS 0x0000000708c00000| PB 0x0000000708c00000| Untracked 
|  36|0x0000000708e00000, 0x0000000708e00000, 0x0000000709000000|  0%| F|  |TAMS 0x0000000708e00000| PB 0x0000000708e00000| Untracked 
|  37|0x0000000709000000, 0x0000000709000000, 0x0000000709200000|  0%| F|  |TAMS 0x0000000709000000| PB 0x0000000709000000| Untracked 
|  38|0x0000000709200000, 0x0000000709200000, 0x0000000709400000|  0%| F|  |TAMS 0x0000000709200000| PB 0x0000000709200000| Untracked 
|  39|0x0000000709400000, 0x0000000709400000, 0x0000000709600000|  0%| F|  |TAMS 0x0000000709400000| PB 0x0000000709400000| Untracked 
|  40|0x0000000709600000, 0x0000000709600000, 0x0000000709800000|  0%| F|  |TAMS 0x0000000709600000| PB 0x0000000709600000| Untracked 
|  41|0x0000000709800000, 0x0000000709800000, 0x0000000709a00000|  0%| F|  |TAMS 0x0000000709800000| PB 0x0000000709800000| Untracked 
|  42|0x0000000709a00000, 0x0000000709a00000, 0x0000000709c00000|  0%| F|  |TAMS 0x0000000709a00000| PB 0x0000000709a00000| Untracked 
|  43|0x0000000709c00000, 0x0000000709c00000, 0x0000000709e00000|  0%| F|  |TAMS 0x0000000709c00000| PB 0x0000000709c00000| Untracked 
|  44|0x0000000709e00000, 0x0000000709e00000, 0x000000070a000000|  0%| F|  |TAMS 0x0000000709e00000| PB 0x0000000709e00000| Untracked 
|  45|0x000000070a000000, 0x000000070a000000, 0x000000070a200000|  0%| F|  |TAMS 0x000000070a000000| PB 0x000000070a000000| Untracked 
|  46|0x000000070a200000, 0x000000070a200000, 0x000000070a400000|  0%| F|  |TAMS 0x000000070a200000| PB 0x000000070a200000| Untracked 
|  47|0x000000070a400000, 0x000000070a400000, 0x000000070a600000|  0%| F|  |TAMS 0x000000070a400000| PB 0x000000070a400000| Untracked 
|  48|0x000000070a600000, 0x000000070a600000, 0x000000070a800000|  0%| F|  |TAMS 0x000000070a600000| PB 0x000000070a600000| Untracked 
|  49|0x000000070a800000, 0x000000070a800000, 0x000000070aa00000|  0%| F|  |TAMS 0x000000070a800000| PB 0x000000070a800000| Untracked 
|  50|0x000000070aa00000, 0x000000070aa00000, 0x000000070ac00000|  0%| F|  |TAMS 0x000000070aa00000| PB 0x000000070aa00000| Untracked 
|  51|0x000000070ac00000, 0x000000070ac00000, 0x000000070ae00000|  0%| F|  |TAMS 0x000000070ac00000| PB 0x000000070ac00000| Untracked 
|  52|0x000000070ae00000, 0x000000070ae00000, 0x000000070b000000|  0%| F|  |TAMS 0x000000070ae00000| PB 0x000000070ae00000| Untracked 
|  53|0x000000070b000000, 0x000000070b000000, 0x000000070b200000|  0%| F|  |TAMS 0x000000070b000000| PB 0x000000070b000000| Untracked 
|  54|0x000000070b200000, 0x000000070b200000, 0x000000070b400000|  0%| F|  |TAMS 0x000000070b200000| PB 0x000000070b200000| Untracked 
|  55|0x000000070b400000, 0x000000070b400000, 0x000000070b600000|  0%| F|  |TAMS 0x000000070b400000| PB 0x000000070b400000| Untracked 
|  56|0x000000070b600000, 0x000000070b600000, 0x000000070b800000|  0%| F|  |TAMS 0x000000070b600000| PB 0x000000070b600000| Untracked 
|  57|0x000000070b800000, 0x000000070b800000, 0x000000070ba00000|  0%| F|  |TAMS 0x000000070b800000| PB 0x000000070b800000| Untracked 
|  58|0x000000070ba00000, 0x000000070ba00000, 0x000000070bc00000|  0%| F|  |TAMS 0x000000070ba00000| PB 0x000000070ba00000| Untracked 
|  59|0x000000070bc00000, 0x000000070bc00000, 0x000000070be00000|  0%| F|  |TAMS 0x000000070bc00000| PB 0x000000070bc00000| Untracked 
|  60|0x000000070be00000, 0x000000070be00000, 0x000000070c000000|  0%| F|  |TAMS 0x000000070be00000| PB 0x000000070be00000| Untracked 
|  61|0x000000070c000000, 0x000000070c000000, 0x000000070c200000|  0%| F|  |TAMS 0x000000070c000000| PB 0x000000070c000000| Untracked 
|  62|0x000000070c200000, 0x000000070c200000, 0x000000070c400000|  0%| F|  |TAMS 0x000000070c200000| PB 0x000000070c200000| Untracked 
|  63|0x000000070c400000, 0x000000070c400000, 0x000000070c600000|  0%| F|  |TAMS 0x000000070c400000| PB 0x000000070c400000| Untracked 
|  64|0x000000070c600000, 0x000000070c600000, 0x000000070c800000|  0%| F|  |TAMS 0x000000070c600000| PB 0x000000070c600000| Untracked 
|  65|0x000000070c800000, 0x000000070c800000, 0x000000070ca00000|  0%| F|  |TAMS 0x000000070c800000| PB 0x000000070c800000| Untracked 
|  66|0x000000070ca00000, 0x000000070ca00000, 0x000000070cc00000|  0%| F|  |TAMS 0x000000070ca00000| PB 0x000000070ca00000| Untracked 
|  67|0x000000070cc00000, 0x000000070cc00000, 0x000000070ce00000|  0%| F|  |TAMS 0x000000070cc00000| PB 0x000000070cc00000| Untracked 
|  68|0x000000070ce00000, 0x000000070ce00000, 0x000000070d000000|  0%| F|  |TAMS 0x000000070ce00000| PB 0x000000070ce00000| Untracked 
|  69|0x000000070d000000, 0x000000070d000000, 0x000000070d200000|  0%| F|  |TAMS 0x000000070d000000| PB 0x000000070d000000| Untracked 
|  70|0x000000070d200000, 0x000000070d200000, 0x000000070d400000|  0%| F|  |TAMS 0x000000070d200000| PB 0x000000070d200000| Untracked 
|  71|0x000000070d400000, 0x000000070d400000, 0x000000070d600000|  0%| F|  |TAMS 0x000000070d400000| PB 0x000000070d400000| Untracked 
|  72|0x000000070d600000, 0x000000070d600000, 0x000000070d800000|  0%| F|  |TAMS 0x000000070d600000| PB 0x000000070d600000| Untracked 
|  73|0x000000070d800000, 0x000000070d800000, 0x000000070da00000|  0%| F|  |TAMS 0x000000070d800000| PB 0x000000070d800000| Untracked 
|  74|0x000000070da00000, 0x000000070da00000, 0x000000070dc00000|  0%| F|  |TAMS 0x000000070da00000| PB 0x000000070da00000| Untracked 
|  75|0x000000070dc00000, 0x000000070dc00000, 0x000000070de00000|  0%| F|  |TAMS 0x000000070dc00000| PB 0x000000070dc00000| Untracked 
|  76|0x000000070de00000, 0x000000070de00000, 0x000000070e000000|  0%| F|  |TAMS 0x000000070de00000| PB 0x000000070de00000| Untracked 
|  77|0x000000070e000000, 0x000000070e000000, 0x000000070e200000|  0%| F|  |TAMS 0x000000070e000000| PB 0x000000070e000000| Untracked 
|  78|0x000000070e200000, 0x000000070e200000, 0x000000070e400000|  0%| F|  |TAMS 0x000000070e200000| PB 0x000000070e200000| Untracked 
|  79|0x000000070e400000, 0x000000070e400000, 0x000000070e600000|  0%| F|  |TAMS 0x000000070e400000| PB 0x000000070e400000| Untracked 
|  80|0x000000070e600000, 0x000000070e600000, 0x000000070e800000|  0%| F|  |TAMS 0x000000070e600000| PB 0x000000070e600000| Untracked 
|  81|0x000000070e800000, 0x000000070e800000, 0x000000070ea00000|  0%| F|  |TAMS 0x000000070e800000| PB 0x000000070e800000| Untracked 
|  82|0x000000070ea00000, 0x000000070ea00000, 0x000000070ec00000|  0%| F|  |TAMS 0x000000070ea00000| PB 0x000000070ea00000| Untracked 
|  83|0x000000070ec00000, 0x000000070ec00000, 0x000000070ee00000|  0%| F|  |TAMS 0x000000070ec00000| PB 0x000000070ec00000| Untracked 
|  84|0x000000070ee00000, 0x000000070ee00000, 0x000000070f000000|  0%| F|  |TAMS 0x000000070ee00000| PB 0x000000070ee00000| Untracked 
|  85|0x000000070f000000, 0x000000070f000000, 0x000000070f200000|  0%| F|  |TAMS 0x000000070f000000| PB 0x000000070f000000| Untracked 
|  86|0x000000070f200000, 0x000000070f200000, 0x000000070f400000|  0%| F|  |TAMS 0x000000070f200000| PB 0x000000070f200000| Untracked 
|  87|0x000000070f400000, 0x000000070f400000, 0x000000070f600000|  0%| F|  |TAMS 0x000000070f400000| PB 0x000000070f400000| Untracked 
|  88|0x000000070f600000, 0x000000070f600000, 0x000000070f800000|  0%| F|  |TAMS 0x000000070f600000| PB 0x000000070f600000| Untracked 
|  89|0x000000070f800000, 0x000000070f800000, 0x000000070fa00000|  0%| F|  |TAMS 0x000000070f800000| PB 0x000000070f800000| Untracked 
|  90|0x000000070fa00000, 0x000000070fa00000, 0x000000070fc00000|  0%| F|  |TAMS 0x000000070fa00000| PB 0x000000070fa00000| Untracked 
|  91|0x000000070fc00000, 0x000000070fc00000, 0x000000070fe00000|  0%| F|  |TAMS 0x000000070fc00000| PB 0x000000070fc00000| Untracked 
|  92|0x000000070fe00000, 0x000000070fe00000, 0x0000000710000000|  0%| F|  |TAMS 0x000000070fe00000| PB 0x000000070fe00000| Untracked 
|  93|0x0000000710000000, 0x0000000710000000, 0x0000000710200000|  0%| F|  |TAMS 0x0000000710000000| PB 0x0000000710000000| Untracked 
|  94|0x0000000710200000, 0x0000000710200000, 0x0000000710400000|  0%| F|  |TAMS 0x0000000710200000| PB 0x0000000710200000| Untracked 
|  95|0x0000000710400000, 0x0000000710400000, 0x0000000710600000|  0%| F|  |TAMS 0x0000000710400000| PB 0x0000000710400000| Untracked 
|  96|0x0000000710600000, 0x0000000710600000, 0x0000000710800000|  0%| F|  |TAMS 0x0000000710600000| PB 0x0000000710600000| Untracked 
|  97|0x0000000710800000, 0x0000000710800000, 0x0000000710a00000|  0%| F|  |TAMS 0x0000000710800000| PB 0x0000000710800000| Untracked 
|  98|0x0000000710a00000, 0x0000000710a00000, 0x0000000710c00000|  0%| F|  |TAMS 0x0000000710a00000| PB 0x0000000710a00000| Untracked 
|  99|0x0000000710c00000, 0x0000000710c00000, 0x0000000710e00000|  0%| F|  |TAMS 0x0000000710c00000| PB 0x0000000710c00000| Untracked 
| 100|0x0000000710e00000, 0x0000000710e00000, 0x0000000711000000|  0%| F|  |TAMS 0x0000000710e00000| PB 0x0000000710e00000| Untracked 
| 101|0x0000000711000000, 0x0000000711000000, 0x0000000711200000|  0%| F|  |TAMS 0x0000000711000000| PB 0x0000000711000000| Untracked 
| 102|0x0000000711200000, 0x0000000711200000, 0x0000000711400000|  0%| F|  |TAMS 0x0000000711200000| PB 0x0000000711200000| Untracked 
| 103|0x0000000711400000, 0x0000000711400000, 0x0000000711600000|  0%| F|  |TAMS 0x0000000711400000| PB 0x0000000711400000| Untracked 
| 104|0x0000000711600000, 0x0000000711600000, 0x0000000711800000|  0%| F|  |TAMS 0x0000000711600000| PB 0x0000000711600000| Untracked 
| 105|0x0000000711800000, 0x0000000711800000, 0x0000000711a00000|  0%| F|  |TAMS 0x0000000711800000| PB 0x0000000711800000| Untracked 
| 106|0x0000000711a00000, 0x0000000711a00000, 0x0000000711c00000|  0%| F|  |TAMS 0x0000000711a00000| PB 0x0000000711a00000| Untracked 
| 107|0x0000000711c00000, 0x0000000711c00000, 0x0000000711e00000|  0%| F|  |TAMS 0x0000000711c00000| PB 0x0000000711c00000| Untracked 
| 108|0x0000000711e00000, 0x0000000711e00000, 0x0000000712000000|  0%| F|  |TAMS 0x0000000711e00000| PB 0x0000000711e00000| Untracked 
| 109|0x0000000712000000, 0x0000000712000000, 0x0000000712200000|  0%| F|  |TAMS 0x0000000712000000| PB 0x0000000712000000| Untracked 
| 110|0x0000000712200000, 0x0000000712200000, 0x0000000712400000|  0%| F|  |TAMS 0x0000000712200000| PB 0x0000000712200000| Untracked 
| 111|0x0000000712400000, 0x0000000712400000, 0x0000000712600000|  0%| F|  |TAMS 0x0000000712400000| PB 0x0000000712400000| Untracked 
| 112|0x0000000712600000, 0x0000000712600000, 0x0000000712800000|  0%| F|  |TAMS 0x0000000712600000| PB 0x0000000712600000| Untracked 
| 113|0x0000000712800000, 0x00000007128d8dd8, 0x0000000712a00000| 42%| S|CS|TAMS 0x0000000712800000| PB 0x0000000712800000| Complete 
| 114|0x0000000712a00000, 0x0000000712c00000, 0x0000000712c00000|100%| S|CS|TAMS 0x0000000712a00000| PB 0x0000000712a00000| Complete 
| 115|0x0000000712c00000, 0x0000000712c00000, 0x0000000712e00000|  0%| F|  |TAMS 0x0000000712c00000| PB 0x0000000712c00000| Untracked 
| 116|0x0000000712e00000, 0x0000000712e00000, 0x0000000713000000|  0%| F|  |TAMS 0x0000000712e00000| PB 0x0000000712e00000| Untracked 
| 117|0x0000000713000000, 0x0000000713000000, 0x0000000713200000|  0%| F|  |TAMS 0x0000000713000000| PB 0x0000000713000000| Untracked 
| 118|0x0000000713200000, 0x0000000713200000, 0x0000000713400000|  0%| F|  |TAMS 0x0000000713200000| PB 0x0000000713200000| Untracked 
| 119|0x0000000713400000, 0x0000000713507698, 0x0000000713600000| 51%| E|  |TAMS 0x0000000713400000| PB 0x0000000713400000| Complete 
| 120|0x0000000713600000, 0x0000000713800000, 0x0000000713800000|100%| E|  |TAMS 0x0000000713600000| PB 0x0000000713600000| Complete 
| 121|0x0000000713800000, 0x0000000713a00000, 0x0000000713a00000|100%| E|CS|TAMS 0x0000000713800000| PB 0x0000000713800000| Complete 
| 122|0x0000000713a00000, 0x0000000713c00000, 0x0000000713c00000|100%| E|CS|TAMS 0x0000000713a00000| PB 0x0000000713a00000| Complete 
| 123|0x0000000713c00000, 0x0000000713e00000, 0x0000000713e00000|100%| E|CS|TAMS 0x0000000713c00000| PB 0x0000000713c00000| Complete 
| 124|0x0000000713e00000, 0x0000000714000000, 0x0000000714000000|100%| E|CS|TAMS 0x0000000713e00000| PB 0x0000000713e00000| Complete 
| 125|0x0000000714000000, 0x0000000714200000, 0x0000000714200000|100%| E|CS|TAMS 0x0000000714000000| PB 0x0000000714000000| Complete 

Card table byte_map: [0x0000027058900000,0x00000270590e0000] _byte_map_base: 0x00000270550dd000

Marking Bits: (CMBitMap*) 0x0000027040a192e0
 Bits: [0x00000270590e0000, 0x000002705cfc8000)

Polling page: 0x0000027040140000

Metaspace:

Usage:
  Non-class:      6.55 MB used.
      Class:    830.80 KB used.
       Both:      7.36 MB used.

Virtual space:
  Non-class space:       64.00 MB reserved,       6.69 MB ( 10%) committed,  1 nodes.
      Class space:        1.00 GB reserved,     896.00 KB ( <1%) committed,  1 nodes.
             Both:        1.06 GB reserved,       7.56 MB ( <1%) committed. 

Chunk freelists:
   Non-Class:  8.28 MB
       Class:  14.94 MB
        Both:  23.22 MB

MaxMetaspaceSize: unlimited
CompressedClassSpaceSize: 1.00 GB
Initial GC threshold: 21.00 MB
Current GC threshold: 21.00 MB
CDS: on
 - commit_granule_bytes: 65536.
 - commit_granule_words: 8192.
 - virtual_space_node_default_size: 8388608.
 - enlarge_chunks_in_place: 1.
 - use_allocation_guard: 0.


Internal statistics:

num_allocs_failed_limit: 0.
num_arena_births: 172.
num_arena_deaths: 0.
num_vsnodes_births: 2.
num_vsnodes_deaths: 0.
num_space_committed: 121.
num_space_uncommitted: 0.
num_chunks_returned_to_freelist: 0.
num_chunks_taken_from_freelist: 363.
num_chunk_merges: 0.
num_chunk_splits: 251.
num_chunks_enlarged: 184.
num_inconsistent_stats: 0.

CodeHeap 'non-profiled nmethods': size=120000Kb used=444Kb max_used=444Kb free=119555Kb
 bounds [0x00000270508b0000, 0x0000027050b20000, 0x0000027057de0000]
CodeHeap 'profiled nmethods': size=120000Kb used=1992Kb max_used=1992Kb free=118008Kb
 bounds [0x0000027048de0000, 0x0000027049050000, 0x0000027050310000]
CodeHeap 'non-nmethods': size=5760Kb used=1493Kb max_used=1512Kb free=4266Kb
 bounds [0x0000027050310000, 0x0000027050580000, 0x00000270508b0000]
 total_blobs=1769 nmethods=1196 adapters=478
 compilation: enabled
              stopped_count=0, restarted_count=0
 full_count=0

Compilation events (20 events):
Event: 7.742 Thread 0x000002705fa74760 1152       3       java.util.concurrent.locks.ReentrantReadWriteLock$NonfairSync::readerShouldBlock (5 bytes)
Event: 7.743 Thread 0x000002705fa74760 nmethod 1152 0x0000027048fb8490 code [0x0000027048fb8640, 0x0000027048fb8778]
Event: 7.743 Thread 0x000002705fa74760 1153       3       java.util.concurrent.locks.AbstractQueuedSynchronizer::apparentlyFirstQueuedIsExclusive (38 bytes)
Event: 7.743 Thread 0x000002705fa74760 nmethod 1153 0x0000027048fb8810 code [0x0000027048fb89c0, 0x0000027048fb8cd8]
Event: 7.743 Thread 0x000002705fa74760 1154       3       java.util.concurrent.locks.ReentrantReadWriteLock$ReadLock::unlock (10 bytes)
Event: 7.743 Thread 0x000002705fa74760 nmethod 1154 0x0000027048fb8d90 code [0x0000027048fb8f60, 0x0000027048fb9240]
Event: 7.743 Thread 0x000002705fa74760 1147       3       jdk.internal.org.objectweb.asm.MethodWriter::hasFrames (13 bytes)
Event: 7.743 Thread 0x000002705fa74760 nmethod 1147 0x0000027048fb9390 code [0x0000027048fb9520, 0x0000027048fb9688]
Event: 7.743 Thread 0x000002705fa74760 1155       3       jdk.internal.module.ModuleReferences$JarModuleReader::getEntry (15 bytes)
Event: 7.743 Thread 0x000002705fa74760 nmethod 1155 0x0000027048fb9710 code [0x0000027048fb9900, 0x0000027048fb9e10]
Event: 7.745 Thread 0x00000270a5906560 nmethod 1138 0x0000027050915390 code [0x00000270509155c0, 0x00000270509161c0]
Event: 7.745 Thread 0x00000270a5906560 1133       4       java.util.Properties::loadConvert (540 bytes)
Event: 7.745 Thread 0x000002705fa74760 1156       3       java.io.InputStream::readNBytes (292 bytes)
Event: 7.747 Thread 0x000002705fa74760 nmethod 1156 0x0000027048fb9f90 code [0x0000027048fba3e0, 0x0000027048fbc7d0]
Event: 7.747 Thread 0x000002705fa74760 1157   !   3       jdk.internal.loader.BuiltinClassLoader::defineClass (162 bytes)
Event: 7.749 Thread 0x000002705fa74760 nmethod 1157 0x0000027048fbd410 code [0x0000027048fbd900, 0x0000027048fc0110]
Event: 7.751 Thread 0x000002705fa74760 1158       3       java.security.CodeSource::<init> (52 bytes)
Event: 7.751 Thread 0x000002705fa74760 nmethod 1158 0x0000027048fc1390 code [0x0000027048fc1580, 0x0000027048fc1ac8]
Event: 7.751 Thread 0x000002705fa74760 1159       3       java.security.SecureClassLoader::defineClass (12 bytes)
Event: 7.751 Thread 0x000002705fa74760 nmethod 1159 0x0000027048fc1c10 code [0x0000027048fc1dc0, 0x0000027048fc1f58]

GC Heap History (2 events):
Event: 0.574 GC heap before
{Heap before GC invocations=0 (full 0):
 garbage-first heap   total 258048K, used 24576K [0x0000000704600000, 0x0000000800000000)
  region size 2048K, 11 young (22528K), 0 survivors (0K)
 Metaspace       used 3623K, committed 3776K, reserved 1114112K
  class space    used 380K, committed 448K, reserved 1048576K
}
Event: 0.577 GC heap after
{Heap after GC invocations=1 (full 0):
 garbage-first heap   total 258048K, used 4963K [0x0000000704600000, 0x0000000800000000)
  region size 2048K, 2 young (4096K), 2 survivors (4096K)
 Metaspace       used 3623K, committed 3776K, reserved 1114112K
  class space    used 380K, committed 448K, reserved 1048576K
}

Dll operation events (20 events):
Event: 0.410 Loaded shared library C:\Users\prabh\.openjfx\cache\21+31\amd64\api-ms-win-crt-heap-l1-1-0.dll
Event: 0.413 Loaded shared library C:\Users\prabh\.openjfx\cache\21+31\amd64\api-ms-win-crt-locale-l1-1-0.dll
Event: 0.416 Loaded shared library C:\Users\prabh\.openjfx\cache\21+31\amd64\api-ms-win-crt-math-l1-1-0.dll
Event: 0.418 Loaded shared library C:\Users\prabh\.openjfx\cache\21+31\amd64\api-ms-win-crt-multibyte-l1-1-0.dll
Event: 0.421 Loaded shared library C:\Users\prabh\.openjfx\cache\21+31\amd64\api-ms-win-crt-private-l1-1-0.dll
Event: 0.424 Loaded shared library C:\Users\prabh\.openjfx\cache\21+31\amd64\api-ms-win-crt-process-l1-1-0.dll
Event: 0.427 Loaded shared library C:\Users\prabh\.openjfx\cache\21+31\amd64\api-ms-win-crt-runtime-l1-1-0.dll
Event: 0.429 Loaded shared library C:\Users\prabh\.openjfx\cache\21+31\amd64\api-ms-win-crt-stdio-l1-1-0.dll
Event: 0.432 Loaded shared library C:\Users\prabh\.openjfx\cache\21+31\amd64\api-ms-win-crt-string-l1-1-0.dll
Event: 0.434 Loaded shared library C:\Users\prabh\.openjfx\cache\21+31\amd64\api-ms-win-crt-time-l1-1-0.dll
Event: 0.435 Loaded shared library C:\Users\prabh\.openjfx\cache\21+31\amd64\api-ms-win-crt-utility-l1-1-0.dll
Event: 0.448 Loaded shared library C:\Users\prabh\.openjfx\cache\21+31\amd64\ucrtbase.dll
Event: 0.452 Loaded shared library C:\Users\prabh\.openjfx\cache\21+31\amd64\vcruntime140.dll
Event: 0.454 Loaded shared library C:\Users\prabh\.openjfx\cache\21+31\amd64\vcruntime140_1.dll
Event: 0.464 Loaded shared library C:\Users\prabh\.openjfx\cache\21+31\amd64\msvcp140.dll
Event: 0.466 Loaded shared library C:\Users\prabh\.openjfx\cache\21+31\amd64\msvcp140_1.dll
Event: 0.471 Loaded shared library C:\Users\prabh\.openjfx\cache\21+31\amd64\msvcp140_2.dll
Event: 0.507 Loaded shared library C:\Users\prabh\.openjfx\cache\21+31\amd64\prism_d3d.dll
Event: 0.541 Loaded shared library C:\Users\prabh\.openjfx\cache\21+31\amd64\glass.dll
Event: 0.629 Loaded shared library C:\Program Files\Java\jdk-21.0.2\bin\jimage.dll

Deoptimization events (20 events):
Event: 0.245 Thread 0x00000270409b1f10 DEOPT PACKING pc=0x00000270508b76ec sp=0x000000e339dff2b0
Event: 0.245 Thread 0x00000270409b1f10 DEOPT UNPACKING pc=0x00000270503646a2 sp=0x000000e339dff1f0 mode 2
Event: 0.300 Thread 0x00000270409b1f10 Uncommon trap: trap_request=0xffffff45 fr.pc=0x00000270508e44f8 relative=0x0000000000001e38
Event: 0.300 Thread 0x00000270409b1f10 Uncommon trap: reason=unstable_if action=reinterpret pc=0x00000270508e44f8 method=jdk.internal.module.Checks.isJavaIdentifier(Ljava/lang/String;)Z @ 4 c2
Event: 0.300 Thread 0x00000270409b1f10 DEOPT PACKING pc=0x00000270508e44f8 sp=0x000000e339dfeca0
Event: 0.300 Thread 0x00000270409b1f10 DEOPT UNPACKING pc=0x00000270503646a2 sp=0x000000e339dfec08 mode 2
Event: 0.306 Thread 0x00000270409b1f10 Uncommon trap: trap_request=0xffffff45 fr.pc=0x00000270508ca744 relative=0x0000000000000284
Event: 0.306 Thread 0x00000270409b1f10 Uncommon trap: reason=unstable_if action=reinterpret pc=0x00000270508ca744 method=java.lang.String.startsWith(Ljava/lang/String;I)Z @ 1 c2
Event: 0.306 Thread 0x00000270409b1f10 DEOPT PACKING pc=0x00000270508ca744 sp=0x000000e339dfdba0
Event: 0.306 Thread 0x00000270409b1f10 DEOPT UNPACKING pc=0x00000270503646a2 sp=0x000000e339dfdb30 mode 2
Event: 0.333 Thread 0x00000270409b1f10 Uncommon trap: trap_request=0xffffff45 fr.pc=0x00000270508cdfac relative=0x000000000000072c
Event: 0.333 Thread 0x00000270409b1f10 Uncommon trap: reason=unstable_if action=reinterpret pc=0x00000270508cdfac method=jdk.internal.module.Checks.isJavaIdentifier(Ljava/lang/String;)Z @ 4 c2
Event: 0.333 Thread 0x00000270409b1f10 DEOPT PACKING pc=0x00000270508cdfac sp=0x000000e339dfeb80
Event: 0.333 Thread 0x00000270409b1f10 DEOPT UNPACKING pc=0x00000270503646a2 sp=0x000000e339dfeb28 mode 2
Event: 0.450 Thread 0x00000270409b1f10 DEOPT PACKING pc=0x0000027048f068af sp=0x000000e339dfeb10
Event: 0.450 Thread 0x00000270409b1f10 DEOPT UNPACKING pc=0x0000027050364e42 sp=0x000000e339dfdf30 mode 0
Event: 0.616 Thread 0x00000270a5fc3650 Uncommon trap: trap_request=0xffffff45 fr.pc=0x00000270508f79b0 relative=0x0000000000000090
Event: 0.616 Thread 0x00000270a5fc3650 Uncommon trap: reason=unstable_if action=reinterpret pc=0x00000270508f79b0 method=jdk.internal.misc.Unsafe.convEndian(ZI)I @ 4 c2
Event: 0.616 Thread 0x00000270a5fc3650 DEOPT PACKING pc=0x00000270508f79b0 sp=0x000000e33b5fd820
Event: 0.616 Thread 0x00000270a5fc3650 DEOPT UNPACKING pc=0x00000270503646a2 sp=0x000000e33b5fd750 mode 2

Classes loaded (20 events):
Event: 7.714 Loading class sun/util/PropertyResourceBundleCharset$PropertiesFileDecoder
Event: 7.714 Loading class sun/util/PropertyResourceBundleCharset$PropertiesFileDecoder done
Event: 7.727 Loading class java/util/ResourceBundle$BundleReference
Event: 7.727 Loading class java/util/ResourceBundle$BundleReference done
Event: 7.729 Loading class java/text/MessageFormat
Event: 7.729 Loading class java/text/MessageFormat done
Event: 7.730 Loading class java/math/BigDecimal
Event: 7.731 Loading class java/math/BigDecimal done
Event: 7.732 Loading class java/math/MathContext
Event: 7.732 Loading class java/math/MathContext done
Event: 7.732 Loading class java/util/Collections$UnmodifiableMap$UnmodifiableEntrySet
Event: 7.732 Loading class java/util/Collections$UnmodifiableMap$UnmodifiableEntrySet done
Event: 7.733 Loading class java/util/Collections$UnmodifiableMap$UnmodifiableEntrySet$UnmodifiableEntrySetSpliterator
Event: 7.733 Loading class java/util/Collections$UnmodifiableMap$UnmodifiableEntrySet$UnmodifiableEntrySetSpliterator done
Event: 7.733 Loading class java/util/HashMap$EntrySpliterator
Event: 7.733 Loading class java/util/HashMap$EntrySpliterator done
Event: 7.733 Loading class java/lang/invoke/DirectMethodHandle$Special
Event: 7.733 Loading class java/lang/invoke/DirectMethodHandle$Special done
Event: 7.737 Loading class java/lang/NoSuchFieldError
Event: 7.737 Loading class java/lang/NoSuchFieldError done

Classes unloaded (0 events):
No events

Classes redefined (0 events):
No events

Internal exceptions (20 events):
Event: 0.184 Thread 0x00000270409b1f10 Exception <a 'java/lang/IncompatibleClassChangeError'{0x00000007139945e0}: Found class java.lang.Object, but interface was expected> (0x00000007139945e0) 
thrown [s\open\src\hotspot\share\interpreter\linkResolver.cpp, line 840]
Event: 0.185 Thread 0x00000270409b1f10 Exception <a 'java/lang/NoSuchMethodError'{0x0000000713996e80}: 'void java.lang.invoke.DirectMethodHandle$Holder.invokeStatic(java.lang.Object, java.lang.Object, java.lang.Object, java.lang.Object)'> (0x0000000713996e80) 
thrown [s\open\src\hotspot\share\interpreter\linkResolver.cpp, line 773]
Event: 0.236 Thread 0x00000270409b1f10 Exception <a 'java/lang/NoSuchMethodError'{0x000000071370b378}: 'void java.lang.invoke.DirectMethodHandle$Holder.invokeStatic(java.lang.Object, java.lang.Object, java.lang.Object)'> (0x000000071370b378) 
thrown [s\open\src\hotspot\share\interpreter\linkResolver.cpp, line 773]
Event: 0.241 Thread 0x00000270409b1f10 Exception <a 'java/lang/NoSuchMethodError'{0x0000000713746ab0}: 'java.lang.Object java.lang.invoke.Invokers$Holder.invokeExact_MT(java.lang.Object, java.lang.Object, java.lang.Object, java.lang.Object, java.lang.Object)'> (0x0000000713746ab0) 
thrown [s\open\src\hotspot\share\interpreter\linkResolver.cpp, line 773]
Event: 0.249 Thread 0x00000270a5c03740 Exception <a 'java/lang/ClassNotFoundException'{0x00000007137b5170}: jdk/net/ExtendedSocketOptions> (0x00000007137b5170) 
thrown [s\open\src\hotspot\share\classfile\systemDictionary.cpp, line 312]
Event: 0.249 Thread 0x00000270a5c03740 Exception <a 'java/lang/NoSuchMethodError'{0x00000007137b6820}: 'void java.lang.invoke.DirectMethodHandle$Holder.invokeStatic(java.lang.Object, java.lang.Object)'> (0x00000007137b6820) 
thrown [s\open\src\hotspot\share\interpreter\linkResolver.cpp, line 773]
Event: 0.255 Thread 0x00000270409b1f10 Exception <a 'java/lang/NoSuchMethodError'{0x00000007134499d0}: 'java.lang.Object java.lang.invoke.Invokers$Holder.invokeExact_MT(java.lang.Object, java.lang.Object, java.lang.Object, java.lang.Object, java.lang.Object, java.lang.Object)'> (0x00000007134499d0) 
thrown [s\open\src\hotspot\share\interpreter\linkResolver.cpp, line 773]
Event: 0.523 Thread 0x00000270409b1f10 Exception <a 'java/lang/NoSuchMethodError'{0x0000000712f3ae40}: 'int java.lang.invoke.DirectMethodHandle$Holder.invokeStaticInit(java.lang.Object, java.lang.Object, java.lang.Object)'> (0x0000000712f3ae40) 
thrown [s\open\src\hotspot\share\interpreter\linkResolver.cpp, line 773]
Event: 0.544 Thread 0x00000270409b1f10 Exception <a 'java/lang/NoSuchMethodError'{0x0000000712cc58f0}: 'java.lang.Object java.lang.invoke.DirectMethodHandle$Holder.newInvokeSpecial(java.lang.Object, java.lang.Object, int, java.lang.Object)'> (0x0000000712cc58f0) 
thrown [s\open\src\hotspot\share\interpreter\linkResolver.cpp, line 773]
Event: 0.544 Thread 0x00000270409b1f10 Exception <a 'java/lang/NoSuchMethodError'{0x0000000712cc9a48}: 'java.lang.Object java.lang.invoke.DirectMethodHandle$Holder.invokeSpecial(java.lang.Object, java.lang.Object, java.lang.Object, int, java.lang.Object)'> (0x0000000712cc9a48) 
thrown [s\open\src\hotspot\share\interpreter\linkResolver.cpp, line 773]
Event: 0.598 Thread 0x00000270a5fc3650 Exception <a 'java/lang/NoSuchMethodError'{0x0000000713ed7590}: 'void java.lang.invoke.DirectMethodHandle$Holder.invokeStaticInit(java.lang.Object)'> (0x0000000713ed7590) 
thrown [s\open\src\hotspot\share\interpreter\linkResolver.cpp, line 773]
Event: 0.603 Thread 0x00000270409b1f10 Exception <a 'java/lang/NoSuchMethodError'{0x0000000713f288f8}: 'java.lang.Object java.lang.invoke.DirectMethodHandle$Holder.newInvokeSpecial(java.lang.Object, java.lang.Object, java.lang.Object, java.lang.Object, java.lang.Object, java.lang.Object)'> (0x0000000713f288f8) 
thrown [s\open\src\hotspot\share\interpreter\linkResolver.cpp, line 773]
Event: 0.625 Thread 0x00000270409b1f10 Exception <a 'java/lang/NoSuchMethodError'{0x0000000713f654c8}: 'java.lang.Object java.lang.invoke.DirectMethodHandle$Holder.newInvokeSpecial(java.lang.Object, java.lang.Object, java.lang.Object, java.lang.Object, java.lang.Object)'> (0x0000000713f654c8) 
thrown [s\open\src\hotspot\share\interpreter\linkResolver.cpp, line 773]
Event: 0.665 Thread 0x00000270a5fc3650 Exception <a 'java/lang/NoSuchMethodError'{0x0000000713a0d738}: 'void java.lang.invoke.DirectMethodHandle$Holder.invokeStatic(java.lang.Object, long)'> (0x0000000713a0d738) 
thrown [s\open\src\hotspot\share\interpreter\linkResolver.cpp, line 773]
Event: 0.665 Thread 0x00000270a5fc3650 Exception <a 'java/lang/NoSuchMethodError'{0x0000000713a12308}: 'java.lang.Object java.lang.invoke.DirectMethodHandle$Holder.newInvokeSpecial(java.lang.Object, long)'> (0x0000000713a12308) 
thrown [s\open\src\hotspot\share\interpreter\linkResolver.cpp, line 773]
Event: 0.667 Thread 0x00000270a5fc3650 Exception <a 'java/lang/NoSuchMethodError'{0x0000000713a197f8}: 'java.lang.Object java.lang.invoke.DirectMethodHandle$Holder.invokeStatic(java.lang.Object, long, java.lang.Object)'> (0x0000000713a197f8) 
thrown [s\open\src\hotspot\share\interpreter\linkResolver.cpp, line 773]
Event: 0.668 Thread 0x00000270a5fc3650 Exception <a 'java/lang/NoSuchMethodError'{0x0000000713a1cf80}: 'java.lang.Object java.lang.invoke.DirectMethodHandle$Holder.invokeStaticInit(java.lang.Object, long, java.lang.Object)'> (0x0000000713a1cf80) 
thrown [s\open\src\hotspot\share\interpreter\linkResolver.cpp, line 773]
Event: 0.674 Thread 0x00000270a5fc3650 Exception <a 'sun/nio/fs/WindowsException'{0x0000000713a30a88}> (0x0000000713a30a88) 
thrown [s\open\src\hotspot\share\prims\jni.cpp, line 520]
Event: 7.691 Thread 0x00000270a5fc3650 Exception <a 'sun/nio/fs/WindowsException'{0x0000000713b0e7d8}> (0x0000000713b0e7d8) 
thrown [s\open\src\hotspot\share\prims\jni.cpp, line 520]
Event: 7.735 Thread 0x00000270a5fc3650 Exception <a 'java/lang/NoSuchMethodError'{0x0000000713887778}: 'java.lang.Object java.lang.invoke.DirectMethodHandle$Holder.invokeVirtual(java.lang.Object, java.lang.Object, java.lang.Object)'> (0x0000000713887778) 
thrown [s\open\src\hotspot\share\interpreter\linkResolver.cpp, line 773]

ZGC Phase Switch (0 events):
No events

VM Operations (20 events):
Event: 0.101 Executing VM operation: HandshakeAllThreads (Deoptimize)
Event: 0.101 Executing VM operation: HandshakeAllThreads (Deoptimize) done
Event: 0.180 Executing VM operation: HandshakeAllThreads (Deoptimize)
Event: 0.180 Executing VM operation: HandshakeAllThreads (Deoptimize) done
Event: 0.533 Executing VM operation: HandshakeAllThreads (Deoptimize)
Event: 0.533 Executing VM operation: HandshakeAllThreads (Deoptimize) done
Event: 0.574 Executing VM operation: G1CollectForAllocation (G1 Evacuation Pause)
Event: 0.577 Executing VM operation: G1CollectForAllocation (G1 Evacuation Pause) done
Event: 0.670 Executing VM operation: HandshakeAllThreads (Deoptimize)
Event: 0.670 Executing VM operation: HandshakeAllThreads (Deoptimize) done
Event: 1.670 Executing VM operation: Cleanup
Event: 1.670 Executing VM operation: Cleanup done
Event: 7.693 Executing VM operation: HandshakeAllThreads (Deoptimize)
Event: 7.693 Executing VM operation: HandshakeAllThreads (Deoptimize) done
Event: 7.693 Executing VM operation: Cleanup
Event: 7.693 Executing VM operation: Cleanup done
Event: 7.695 Executing VM operation: HandshakeAllThreads (Deoptimize)
Event: 7.696 Executing VM operation: HandshakeAllThreads (Deoptimize) done
Event: 7.729 Executing VM operation: HandshakeAllThreads (Deoptimize)
Event: 7.729 Executing VM operation: HandshakeAllThreads (Deoptimize) done

Events (20 events):
Event: 0.043 Thread 0x000002705f4f0f10 Thread added: 0x000002705f4f0f10
Event: 0.043 Thread 0x000002705f4f1bd0 Thread added: 0x000002705f4f1bd0
Event: 0.043 Thread 0x000002705f4f9d50 Thread added: 0x000002705f4f9d50
Event: 0.043 Thread 0x000002705fa710a0 Thread added: 0x000002705fa710a0
Event: 0.043 Thread 0x000002705fa72ae0 Thread added: 0x000002705fa72ae0
Event: 0.043 Thread 0x000002705fa74760 Thread added: 0x000002705fa74760
Event: 0.068 Thread 0x000002705fb43f30 Thread added: 0x000002705fb43f30
Event: 0.121 Thread 0x000002705fc16d80 Thread added: 0x000002705fc16d80
Event: 0.126 Thread 0x000002705fcad090 Thread added: 0x000002705fcad090
Event: 0.244 Thread 0x00000270a5c03740 Thread added: 0x00000270a5c03740
Event: 0.244 Thread 0x00000270a5d266e0 Thread added: 0x00000270a5d266e0
Event: 0.496 Thread 0x00000270a5bcff50 Thread added: 0x00000270a5bcff50
Event: 0.543 Thread 0x00000270a5fb0f90 Thread added: 0x00000270a5fb0f90
Event: 0.545 Thread 0x00000270a5fc3650 Thread added: 0x00000270a5fc3650
Event: 0.621 Thread 0x00000270ab37f130 Thread added: 0x00000270ab37f130
Event: 0.625 Thread 0x00000270ab256680 Thread added: 0x00000270ab256680
Event: 1.117 Thread 0x000002705fcad090 Thread exited: 0x000002705fcad090
Event: 2.477 Thread 0x000002705fc16d80 Thread exited: 0x000002705fc16d80
Event: 7.686 Thread 0x000002705fe4dbc0 Thread added: 0x000002705fe4dbc0
Event: 7.721 Thread 0x00000270a5906560 Thread added: 0x00000270a5906560


Dynamic libraries:
0x00007ff7cf190000 - 0x00007ff7cf1a0000 	C:\Program Files\Java\jdk-21.0.2\bin\java.exe
0x00007ffc71930000 - 0x00007ffc71b47000 	C:\WINDOWS\SYSTEM32\ntdll.dll
0x00007ffc708f0000 - 0x00007ffc709b4000 	C:\WINDOWS\System32\KERNEL32.DLL
0x00007ffc6eeb0000 - 0x00007ffc6f269000 	C:\WINDOWS\System32\KERNELBASE.dll
0x00007ffc6ed90000 - 0x00007ffc6eea1000 	C:\WINDOWS\System32\ucrtbase.dll
0x00007ffc650f0000 - 0x00007ffc65109000 	C:\Program Files\Java\jdk-21.0.2\bin\jli.dll
0x00007ffc6f650000 - 0x00007ffc6f702000 	C:\WINDOWS\System32\ADVAPI32.dll
0x00007ffc6fb90000 - 0x00007ffc6fc37000 	C:\WINDOWS\System32\msvcrt.dll
0x00007ffc70dd0000 - 0x00007ffc70e77000 	C:\WINDOWS\System32\sechost.dll
0x00007ffc6f620000 - 0x00007ffc6f648000 	C:\WINDOWS\System32\bcrypt.dll
0x00007ffc707d0000 - 0x00007ffc708e4000 	C:\WINDOWS\System32\RPCRT4.dll
0x00007ffc716f0000 - 0x00007ffc7189e000 	C:\WINDOWS\System32\USER32.dll
0x00007ffc6f5f0000 - 0x00007ffc6f616000 	C:\WINDOWS\System32\win32u.dll
0x00007ffc6fc50000 - 0x00007ffc6fc79000 	C:\WINDOWS\System32\GDI32.dll
0x00007ffc6f450000 - 0x00007ffc6f56b000 	C:\WINDOWS\System32\gdi32full.dll
0x00007ffc6ecf0000 - 0x00007ffc6ed8a000 	C:\WINDOWS\System32\msvcp_win.dll
0x00007ffc64fd0000 - 0x00007ffc64feb000 	C:\Program Files\Java\jdk-21.0.2\bin\VCRUNTIME140.dll
0x00007ffc58b00000 - 0x00007ffc58d92000 	C:\WINDOWS\WinSxS\amd64_microsoft.windows.common-controls_6595b64144ccf1df_6.0.22621.4391_none_2715d37f73803e96\COMCTL32.dll
0x00007ffc683a0000 - 0x00007ffc683aa000 	C:\WINDOWS\SYSTEM32\VERSION.dll
0x00007ffc6fe60000 - 0x00007ffc6fe91000 	C:\WINDOWS\System32\IMM32.DLL
0x00007ffc54610000 - 0x00007ffc54771000 	C:\Program Files (x86)\Citrix\ICA Client\ctxapclient64.dll
0x00007ffc70e80000 - 0x00007ffc7120f000 	C:\WINDOWS\System32\combase.dll
0x00007ffc6de70000 - 0x00007ffc6dea4000 	C:\WINDOWS\SYSTEM32\ntmarta.dll
0x00007ffc6f570000 - 0x00007ffc6f5eb000 	C:\WINDOWS\System32\bcryptprimitives.dll
0x00007ffc544d0000 - 0x00007ffc5450a000 	C:\Program Files (x86)\Citrix\ICA Client\Receiver\FeatureFlagHelper64.dll
0x00007ffc67e20000 - 0x00007ffc67e2c000 	C:\Program Files\Java\jdk-21.0.2\bin\vcruntime140_1.dll
0x00007ffc5b5d0000 - 0x00007ffc5b65e000 	C:\Program Files\Java\jdk-21.0.2\bin\msvcp140.dll
0x00007ffc13080000 - 0x00007ffc13d97000 	C:\Program Files\Java\jdk-21.0.2\bin\server\jvm.dll
0x00007ffc70b80000 - 0x00007ffc70bf1000 	C:\WINDOWS\System32\WS2_32.dll
0x00007ffc6dac0000 - 0x00007ffc6db0d000 	C:\WINDOWS\SYSTEM32\POWRPROF.dll
0x00007ffc6a360000 - 0x00007ffc6a394000 	C:\WINDOWS\SYSTEM32\WINMM.dll
0x00007ffc6daa0000 - 0x00007ffc6dab3000 	C:\WINDOWS\SYSTEM32\UMPDC.dll
0x00007ffc6dd60000 - 0x00007ffc6dd78000 	C:\WINDOWS\SYSTEM32\kernel.appcore.dll
0x00007ffc673c0000 - 0x00007ffc673ca000 	C:\Program Files\Java\jdk-21.0.2\bin\jimage.dll
0x00007ffc54fd0000 - 0x00007ffc55202000 	C:\WINDOWS\SYSTEM32\DBGHELP.DLL
0x00007ffc71470000 - 0x00007ffc71547000 	C:\WINDOWS\System32\OLEAUT32.dll
0x00007ffc58a20000 - 0x00007ffc58a52000 	C:\WINDOWS\SYSTEM32\dbgcore.DLL
0x00007ffc65030000 - 0x00007ffc6503f000 	C:\Program Files\Java\jdk-21.0.2\bin\instrument.dll
0x00007ffc5b4e0000 - 0x00007ffc5b4ff000 	C:\Program Files\Java\jdk-21.0.2\bin\java.dll
0x00000270a5000000 - 0x00000270a5876000 	C:\WINDOWS\System32\SHELL32.dll
0x00007ffc6cb80000 - 0x00007ffc6d483000 	C:\WINDOWS\SYSTEM32\windows.storage.dll
0x00007ffc6ca40000 - 0x00007ffc6cb7f000 	C:\WINDOWS\SYSTEM32\wintypes.dll
0x00007ffc6fca0000 - 0x00007ffc6fd99000 	C:\WINDOWS\System32\SHCORE.dll
0x00007ffc6fe00000 - 0x00007ffc6fe5e000 	C:\WINDOWS\System32\shlwapi.dll
0x00007ffc6eb60000 - 0x00007ffc6eb8b000 	C:\WINDOWS\SYSTEM32\profapi.dll
0x00007ffc50e50000 - 0x00007ffc50f27000 	C:\Program Files\Java\jdk-21.0.2\bin\jsvml.dll
0x00007ffc64fc0000 - 0x00007ffc64fd0000 	C:\Program Files\Java\jdk-21.0.2\bin\net.dll
0x00007ffc679a0000 - 0x00007ffc67ad6000 	C:\WINDOWS\SYSTEM32\WINHTTP.dll
0x00007ffc6e1e0000 - 0x00007ffc6e249000 	C:\WINDOWS\system32\mswsock.dll
0x00007ffc5b4c0000 - 0x00007ffc5b4d6000 	C:\Program Files\Java\jdk-21.0.2\bin\nio.dll
0x00007ffc5b4a0000 - 0x00007ffc5b4b8000 	C:\Program Files\Java\jdk-21.0.2\bin\zip.dll
0x00007ffc59900000 - 0x00007ffc5991a000 	D:\IntelliJ IDEA 2024.2.4\bin\breakgen64.dll
0x000002705fe60000 - 0x000002705fe63000 	C:\Users\prabh\.openjfx\cache\21+31\amd64\api-ms-win-core-console-l1-1-0.dll
0x000002705fe70000 - 0x000002705fe73000 	C:\Users\prabh\.openjfx\cache\21+31\amd64\api-ms-win-core-console-l1-2-0.dll
0x000002705fe80000 - 0x000002705fe83000 	C:\Users\prabh\.openjfx\cache\21+31\amd64\api-ms-win-core-datetime-l1-1-0.dll
0x000002705fe90000 - 0x000002705fe93000 	C:\Users\prabh\.openjfx\cache\21+31\amd64\api-ms-win-core-debug-l1-1-0.dll
0x000002705fea0000 - 0x000002705fea3000 	C:\Users\prabh\.openjfx\cache\21+31\amd64\api-ms-win-core-errorhandling-l1-1-0.dll
0x000002705feb0000 - 0x000002705feb4000 	C:\Users\prabh\.openjfx\cache\21+31\amd64\api-ms-win-core-file-l1-1-0.dll
0x000002705fec0000 - 0x000002705fec3000 	C:\Users\prabh\.openjfx\cache\21+31\amd64\api-ms-win-core-file-l1-2-0.dll
0x000002705fed0000 - 0x000002705fed3000 	C:\Users\prabh\.openjfx\cache\21+31\amd64\api-ms-win-core-file-l2-1-0.dll
0x000002705fee0000 - 0x000002705fee3000 	C:\Users\prabh\.openjfx\cache\21+31\amd64\api-ms-win-core-handle-l1-1-0.dll
0x000002705fef0000 - 0x000002705fef3000 	C:\Users\prabh\.openjfx\cache\21+31\amd64\api-ms-win-core-heap-l1-1-0.dll
0x000002705ff00000 - 0x000002705ff03000 	C:\Users\prabh\.openjfx\cache\21+31\amd64\api-ms-win-core-interlocked-l1-1-0.dll
0x000002705ff10000 - 0x000002705ff13000 	C:\Users\prabh\.openjfx\cache\21+31\amd64\api-ms-win-core-libraryloader-l1-1-0.dll
0x000002705ff20000 - 0x000002705ff23000 	C:\Users\prabh\.openjfx\cache\21+31\amd64\api-ms-win-core-localization-l1-2-0.dll
0x000002705ff30000 - 0x000002705ff33000 	C:\Users\prabh\.openjfx\cache\21+31\amd64\api-ms-win-core-memory-l1-1-0.dll
0x000002705ff40000 - 0x000002705ff43000 	C:\Users\prabh\.openjfx\cache\21+31\amd64\api-ms-win-core-namedpipe-l1-1-0.dll
0x000002705ff50000 - 0x000002705ff53000 	C:\Users\prabh\.openjfx\cache\21+31\amd64\api-ms-win-core-processenvironment-l1-1-0.dll
0x000002705ff60000 - 0x000002705ff63000 	C:\Users\prabh\.openjfx\cache\21+31\amd64\api-ms-win-core-processthreads-l1-1-0.dll
0x000002705ff70000 - 0x000002705ff73000 	C:\Users\prabh\.openjfx\cache\21+31\amd64\api-ms-win-core-processthreads-l1-1-1.dll
0x000002705ff80000 - 0x000002705ff83000 	C:\Users\prabh\.openjfx\cache\21+31\amd64\api-ms-win-core-profile-l1-1-0.dll
0x000002705ff90000 - 0x000002705ff93000 	C:\Users\prabh\.openjfx\cache\21+31\amd64\api-ms-win-core-rtlsupport-l1-1-0.dll
0x000002705ffa0000 - 0x000002705ffa3000 	C:\Users\prabh\.openjfx\cache\21+31\amd64\api-ms-win-core-string-l1-1-0.dll
0x000002705ffb0000 - 0x000002705ffb3000 	C:\Users\prabh\.openjfx\cache\21+31\amd64\api-ms-win-core-synch-l1-1-0.dll
0x000002705ffc0000 - 0x000002705ffc3000 	C:\Users\prabh\.openjfx\cache\21+31\amd64\api-ms-win-core-synch-l1-2-0.dll
0x000002705ffd0000 - 0x000002705ffd3000 	C:\Users\prabh\.openjfx\cache\21+31\amd64\api-ms-win-core-sysinfo-l1-1-0.dll
0x000002705ffe0000 - 0x000002705ffe3000 	C:\Users\prabh\.openjfx\cache\21+31\amd64\api-ms-win-core-timezone-l1-1-0.dll
0x000002705fff0000 - 0x000002705fff3000 	C:\Users\prabh\.openjfx\cache\21+31\amd64\api-ms-win-core-util-l1-1-0.dll
0x00000270a6080000 - 0x00000270a6083000 	C:\Users\prabh\.openjfx\cache\21+31\amd64\api-ms-win-crt-conio-l1-1-0.dll
0x00000270a6090000 - 0x00000270a6094000 	C:\Users\prabh\.openjfx\cache\21+31\amd64\api-ms-win-crt-convert-l1-1-0.dll
0x00000270a60a0000 - 0x00000270a60a3000 	C:\Users\prabh\.openjfx\cache\21+31\amd64\api-ms-win-crt-environment-l1-1-0.dll
0x00000270a60b0000 - 0x00000270a60b3000 	C:\Users\prabh\.openjfx\cache\21+31\amd64\api-ms-win-crt-filesystem-l1-1-0.dll
0x00000270a60c0000 - 0x00000270a60c3000 	C:\Users\prabh\.openjfx\cache\21+31\amd64\api-ms-win-crt-heap-l1-1-0.dll
0x00000270a60d0000 - 0x00000270a60d3000 	C:\Users\prabh\.openjfx\cache\21+31\amd64\api-ms-win-crt-locale-l1-1-0.dll
0x00000270a60e0000 - 0x00000270a60e5000 	C:\Users\prabh\.openjfx\cache\21+31\amd64\api-ms-win-crt-math-l1-1-0.dll
0x00000270a60f0000 - 0x00000270a60f5000 	C:\Users\prabh\.openjfx\cache\21+31\amd64\api-ms-win-crt-multibyte-l1-1-0.dll
0x00000270a6100000 - 0x00000270a6110000 	C:\Users\prabh\.openjfx\cache\21+31\amd64\api-ms-win-crt-private-l1-1-0.dll
0x00000270a6110000 - 0x00000270a6113000 	C:\Users\prabh\.openjfx\cache\21+31\amd64\api-ms-win-crt-process-l1-1-0.dll
0x00000270a6120000 - 0x00000270a6124000 	C:\Users\prabh\.openjfx\cache\21+31\amd64\api-ms-win-crt-runtime-l1-1-0.dll
0x00000270a6130000 - 0x00000270a6134000 	C:\Users\prabh\.openjfx\cache\21+31\amd64\api-ms-win-crt-stdio-l1-1-0.dll
0x00000270a6140000 - 0x00000270a6144000 	C:\Users\prabh\.openjfx\cache\21+31\amd64\api-ms-win-crt-string-l1-1-0.dll
0x00000270a6150000 - 0x00000270a6153000 	C:\Users\prabh\.openjfx\cache\21+31\amd64\api-ms-win-crt-time-l1-1-0.dll
0x00000270a6160000 - 0x00000270a6163000 	C:\Users\prabh\.openjfx\cache\21+31\amd64\api-ms-win-crt-utility-l1-1-0.dll
0x00007ffc28110000 - 0x00007ffc2820c000 	C:\Users\prabh\.openjfx\cache\21+31\amd64\ucrtbase.dll
0x00007ffc4c900000 - 0x00007ffc4c91b000 	C:\Users\prabh\.openjfx\cache\21+31\amd64\vcruntime140.dll
0x00007ffc4c8f0000 - 0x00007ffc4c8fc000 	C:\Users\prabh\.openjfx\cache\21+31\amd64\vcruntime140_1.dll
0x00007ffc347f0000 - 0x00007ffc3487e000 	C:\Users\prabh\.openjfx\cache\21+31\amd64\msvcp140.dll
0x00007ffc712c0000 - 0x00007ffc71465000 	C:\WINDOWS\System32\ole32.dll
0x00007ffc4c8e0000 - 0x00007ffc4c8e9000 	C:\Users\prabh\.openjfx\cache\21+31\amd64\msvcp140_1.dll
0x00007ffc4c830000 - 0x00007ffc4c85f000 	C:\Users\prabh\.openjfx\cache\21+31\amd64\msvcp140_2.dll
0x00007ffc465a0000 - 0x00007ffc465cf000 	C:\Users\prabh\.openjfx\cache\21+31\amd64\prism_d3d.dll
0x00007ffc33570000 - 0x00007ffc33718000 	C:\WINDOWS\system32\d3d9.dll
0x00007ffc6c310000 - 0x00007ffc6c33b000 	C:\WINDOWS\SYSTEM32\dwmapi.dll
0x00007ffc6c380000 - 0x00007ffc6c3b7000 	C:\WINDOWS\SYSTEM32\dxcore.dll
0x00007ffc6c0c0000 - 0x00007ffc6c171000 	C:\WINDOWS\system32\uxtheme.dll
0x00007ffbf27d0000 - 0x00007ffbf297d000 	C:\WINDOWS\System32\DriverStore\FileRepository\iigd_dch.inf_amd64_306090fd1d6bb4fa\igdumdim64.dll
0x00007ffbe2950000 - 0x00007ffbe59f4000 	C:\WINDOWS\System32\DriverStore\FileRepository\iigd_dch.inf_amd64_306090fd1d6bb4fa\igd9dxva64.dll
0x00000270a62e0000 - 0x00000270a6754000 	C:\WINDOWS\System32\SETUPAPI.dll
0x00007ffc6e920000 - 0x00007ffc6e96e000 	C:\WINDOWS\SYSTEM32\cfgmgr32.dll
0x00007ffc61da0000 - 0x00007ffc621a9000 	C:\WINDOWS\System32\DriverStore\FileRepository\iigd_dch.inf_amd64_306090fd1d6bb4fa\igdgmm64.dll
0x00007ffc66af0000 - 0x00007ffc66b39000 	C:\WINDOWS\SYSTEM32\directxdatabasehelper.dll
0x00007ffc35c20000 - 0x00007ffc35c62000 	C:\Users\prabh\.openjfx\cache\21+31\amd64\glass.dll
0x00007ffc715f0000 - 0x00007ffc716ef000 	C:\WINDOWS\System32\COMDLG32.dll
0x00007ffc70c10000 - 0x00007ffc70d70000 	C:\WINDOWS\System32\MSCTF.dll
0x00007ffc65000000 - 0x00007ffc65027000 	C:\WINDOWS\System32\DriverStore\FileRepository\iigd_dch.inf_amd64_306090fd1d6bb4fa\igdinfo64.dll
0x00007ffc6e430000 - 0x00007ffc6e44b000 	C:\WINDOWS\SYSTEM32\CRYPTSP.dll
0x00007ffc6dcc0000 - 0x00007ffc6dcf5000 	C:\WINDOWS\system32\rsaenh.dll
0x00007ffc6e450000 - 0x00007ffc6e45c000 	C:\WINDOWS\SYSTEM32\CRYPTBASE.dll
0x00007ffc5e600000 - 0x00007ffc61d96000 	C:\WINDOWS\System32\DriverStore\FileRepository\iigd_dch.inf_amd64_306090fd1d6bb4fa\igc64.dll
0x00007ffc6d7d0000 - 0x00007ffc6d8d2000 	C:\WINDOWS\SYSTEM32\DNSAPI.dll
0x00007ffc6d760000 - 0x00007ffc6d78d000 	C:\WINDOWS\SYSTEM32\IPHLPAPI.DLL
0x00007ffc707c0000 - 0x00007ffc707c9000 	C:\WINDOWS\System32\NSI.dll
0x00007ffc650b0000 - 0x00007ffc650ba000 	C:\Windows\System32\rasadhlp.dll
0x00007ffc67070000 - 0x00007ffc670f3000 	C:\WINDOWS\System32\fwpuclnt.dll

dbghelp: loaded successfully - version: 4.0.5 - missing functions: none
symbol engine: initialized successfully - sym options: 0x614 - pdb path: .;C:\Program Files\Java\jdk-21.0.2\bin;C:\WINDOWS\SYSTEM32;C:\WINDOWS\WinSxS\amd64_microsoft.windows.common-controls_6595b64144ccf1df_6.0.22621.4391_none_2715d37f73803e96;C:\Program Files (x86)\Citrix\ICA Client;C:\Program Files (x86)\Citrix\ICA Client\Receiver;C:\Program Files\Java\jdk-21.0.2\bin\server;D:\IntelliJ IDEA 2024.2.4\bin;C:\Users\prabh\.openjfx\cache\21+31\amd64;C:\WINDOWS\System32\DriverStore\FileRepository\iigd_dch.inf_amd64_306090fd1d6bb4fa

VM Arguments:
jvm_args: -javaagent:D:\IntelliJ IDEA 2024.2.4\lib\idea_rt.jar=62037:D:\IntelliJ IDEA 2024.2.4\bin -Dfile.encoding=UTF-8 -Dsun.stdout.encoding=UTF-8 -Dsun.stderr.encoding=UTF-8 --module-path=C:\Users\prabh\IdeaProjects\OOD5\target\classes;C:\Users\prabh\IdeaProjects\OOD5\lib\librec-core-3.0.0-1.jar;C:\Users\prabh\.m2\repository\com\mysql\mysql-connector-j\8.0.33\mysql-connector-j-8.0.33.jar;C:\Users\prabh\.m2\repository\org\openjfx\javafx-fxml\21\javafx-fxml-21-win.jar;C:\Users\prabh\.m2\repository\org\openjfx\javafx-controls\21\javafx-controls-21-win.jar;C:\Users\prabh\.m2\repository\com\google\code\gson\gson\2.8.9\gson-2.8.9.jar;C:\Users\prabh\.m2\repository\org\apache\commons\commons-math3\3.6.1\commons-math3-3.6.1.jar;C:\Users\prabh\.m2\repository\org\openjfx\javafx-graphics\21\javafx-graphics-21-win.jar;C:\Users\prabh\.m2\repository\org\openjfx\javafx-base\21\javafx-base-21-win.jar -Djdk.module.main=org.example.ood5 
java_command: org.example.ood5/Main.Main
java_class_path (initial): C:\Users\prabh\.m2\repository\org\openjfx\javafx-controls\21\javafx-controls-21.jar;C:\Users\prabh\.m2\repository\org\openjfx\javafx-graphics\21\javafx-graphics-21.jar;C:\Users\prabh\.m2\repository\org\openjfx\javafx-base\21\javafx-base-21.jar;C:\Users\prabh\.m2\repository\org\openjfx\javafx-fxml\21\javafx-fxml-21.jar;C:\Users\prabh\.m2\repository\com\google\protobuf\protobuf-java\3.21.9\protobuf-java-3.21.9.jar;C:\Users\prabh\.m2\repository\commons-logging\commons-logging\1.2\commons-logging-1.2.jar;C:\Users\prabh\.m2\repository\commons-lang\commons-lang\2.6\commons-lang-2.6.jar;C:\Users\prabh\.m2\repository\com\google\guava\guava\31.1-jre\guava-31.1-jre.jar;C:\Users\prabh\.m2\repository\com\google\guava\failureaccess\1.0.1\failureaccess-1.0.1.jar;C:\Users\prabh\.m2\repository\com\google\guava\listenablefuture\9999.0-empty-to-avoid-conflict-with-guava\listenablefuture-9999.0-empty-to-avoid-conflict-with-guava.jar;C:\Users\prabh\.m2\repository\com\google\code\findbugs\jsr305\3.0.2\jsr305-3.0.2.jar;C:\Users\prabh\.m2\repository\org\checkerframework\checker-qual\3.12.0\checker-qual-3.12.0.jar;C:\Users\prabh\.m2\repository\com\google\errorprone\error_prone_annotations\2.11.0\error_prone_annotations-2.11.0.jar;C:\Users\prabh\.m2\repository\com\google\j2objc\j2objc-annotations\1.3\j2objc-annotations-1.3.jar;C:\Users\prabh\.m2\repository\com\squareup\okio\okio\3.4.0\okio-3.4.0.jar;C:\Users\prabh\.m2\repository\com\squareup\okio\okio-jvm\3.4.0\okio-jvm-3.4.0.jar;C:\Users\prabh\.m2\repository\org\jetbrains\kotlin\kotlin-stdlib-jdk8\1.8.0\kotlin-stdlib-jdk8-1.8.0.jar;C:\Users\prabh\.m2\repository\org\jetbrains\kotlin\kotlin-stdlib\1.8.0\kotlin-stdlib-1.8.0.jar;C:\Users\prabh\.m2\repository\org\jetbrains\annotations\13.0\annotations-13.0.jar;C:\Users\prabh\.m2\repository\org\jetbrains\kotlin\kotlin-stdlib-jdk7\1.8.0\kotlin-stdlib-jdk7-1.8.0.jar;C:\Users\prabh\.m2\repository\org\jetbrains\kotlin\kotlin-stdlib-common\1.8.0\kotlin-stdlib-common-1.8.0.jar;C:\Users\prabh\.m2\repository\it\unimi\dsi\fastutil\8.5.6\fastutil-8.5.6.jar
Launcher Type: SUN_STANDARD

[Global flags]
     intx CICompilerCount                          = 4                                         {product} {ergonomic}
     uint ConcGCThreads                            = 2                                         {product} {ergonomic}
     uint G1ConcRefinementThreads                  = 8                                         {product} {ergonomic}
   size_t G1HeapRegionSize                         = 2097152                                   {product} {ergonomic}
    uintx GCDrainStackTargetSize                   = 64                                        {product} {ergonomic}
   size_t InitialHeapSize                          = 264241152                                 {product} {ergonomic}
   size_t MarkStackSize                            = 4194304                                   {product} {ergonomic}
   size_t MaxHeapSize                              = 4221566976                                {product} {ergonomic}
   size_t MaxNewSize                               = 2531262464                                {product} {ergonomic}
   size_t MinHeapDeltaBytes                        = 2097152                                   {product} {ergonomic}
   size_t MinHeapSize                              = 8388608                                   {product} {ergonomic}
    uintx NonNMethodCodeHeapSize                   = 5839372                                {pd product} {ergonomic}
    uintx NonProfiledCodeHeapSize                  = 122909434                              {pd product} {ergonomic}
    uintx ProfiledCodeHeapSize                     = 122909434                              {pd product} {ergonomic}
    uintx ReservedCodeCacheSize                    = 251658240                              {pd product} {ergonomic}
     bool SegmentedCodeCache                       = true                                      {product} {ergonomic}
   size_t SoftMaxHeapSize                          = 4221566976                             {manageable} {ergonomic}
     bool UseCompressedOops                        = true                           {product lp64_product} {ergonomic}
     bool UseG1GC                                  = true                                      {product} {ergonomic}
     bool UseLargePagesIndividualAllocation        = false                                  {pd product} {ergonomic}

Logging:
Log output configuration:
 #0: stdout all=warning uptime,level,tags foldmultilines=false
 #1: stderr all=off uptime,level,tags foldmultilines=false

Environment Variables:
JAVA_HOME=C:\Program Files\Java\jdk-21.0.2
PATH=C:\WINDOWS\system32;C:\WINDOWS;C:\WINDOWS\System32\Wbem;C:\WINDOWS\System32\WindowsPowerShell\v1.0\;C:\WINDOWS\System32\OpenSSH\;C:\Program Files\Java\jdk-21.0.2\bin;C:\Users\prabh\AppData\Local\Programs\MiKTeX\miktex\bin\x64\;C:\Users\prabh\.m2\wrapper\dists\apache-maven-3.8.5-bin\5i5jha092a3i37g0paqnfr15e0\apache-maven-3.8.5\bin;C:\Program Files\Git\cmd;C:\Users\prabh\AppData\Local\Programs\Python\Python311\Scripts\;C:\Users\prabh\AppData\Local\Programs\Python\Python311\;C:\Users\prabh\AppData\Local\Microsoft\WindowsApps;C:\Users\prabh\AppData\Local\Programs\Microsoft VS Code\bin;C:\Users\prabh\AppData\Local\JetBrains\Toolbox\scripts;C:\Users\prabh\AppData\Local\Programs\MiKTeX\miktex\bin\x64\;C:\Program Files\JetBrains\IntelliJ IDEA 2023.3.3\bin;
USERNAME=prabh
OS=Windows_NT
PROCESSOR_IDENTIFIER=Intel64 Family 6 Model 142 Stepping 12, GenuineIntel
TMP=C:\Users\prabh\AppData\Local\Temp
TEMP=C:\Users\prabh\AppData\Local\Temp




Periodic native trim disabled

---------------  S Y S T E M  ---------------

OS:
 Windows 11 , 64 bit Build 22621 (10.0.22621.4391)
OS uptime: 1 days 11:12 hours

CPU: total 8 (initial active 8) (4 cores per cpu, 2 threads per core) family 6 model 142 stepping 12 microcode 0xfa, cx8, cmov, fxsr, ht, mmx, 3dnowpref, sse, sse2, sse3, ssse3, sse4.1, sse4.2, popcnt, lzcnt, tsc, tscinvbit, avx, avx2, aes, erms, clmul, bmi1, bmi2, adx, fma, vzeroupper, clflush, clflushopt, rdtscp, f16c
Processor Information for all 8 processors :
  Max Mhz: 1896, Current Mhz: 798, Mhz Limit: 796

Memory: 4k page, system-wide physical 16099M (4456M free)
TotalPageFile size 35093M (AvailPageFile size 4M)
current process WorkingSet (physical memory assigned to process): 114M, peak: 114M
current process commit charge ("private bytes"): 382M, peak: 382M

vm_info: Java HotSpot(TM) 64-Bit Server VM (21.0.2+13-LTS-58) for windows-amd64 JRE (21.0.2+13-LTS-58), built on 2024-01-05T18:32:24Z by "mach5one" with MS VC++ 17.1 (VS2022)

END.
