#
# There is insufficient memory for the Java Runtime Environment to continue.
# Native memory allocation (mmap) failed to map 65536 bytes for Failed to commit metaspace.
# Possible reasons:
#   The system is out of physical RAM or swap space
#   The process is running with CompressedOops enabled, and the Java Heap may be blocking the growth of the native heap
# Possible solutions:
#   Reduce memory load on the system
#   Increase physical memory or swap space
#   Check if swap backing store is full
#   Decrease Java heap size (-Xmx/-Xms)
#   Decrease number of Java threads
#   Decrease Java thread stack sizes (-Xss)
#   Set larger code cache with -XX:ReservedCodeCacheSize=
#   JVM is running with Zero Based Compressed Oops mode in which the Java heap is
#     placed in the first 32GB address space. The Java Heap base address is the
#     maximum limit for the native heap growth. Please use -XX:HeapBaseMinAddress
#     to set the Java Heap base and to place the Java Heap above 32GB virtual address.
# This output file may be truncated or incomplete.
#
#  Out of Memory Error (virtualSpaceNode.cpp:112), pid=6984, tid=21024
#
# JRE version: Java(TM) SE Runtime Environment (21.0.2+13) (build 21.0.2+13-LTS-58)
# Java VM: Java HotSpot(TM) 64-Bit Server VM (21.0.2+13-LTS-58, mixed mode, sharing, tiered, compressed oops, compressed class ptrs, g1 gc, windows-amd64)
# No core dump will be written. Minidumps are not enabled by default on client versions of Windows
#

---------------  S U M M A R Y ------------

Command Line: -javaagent:D:\IntelliJ IDEA 2024.2.4\lib\idea_rt.jar=56331:D:\IntelliJ IDEA 2024.2.4\bin -Dfile.encoding=UTF-8 -Dsun.stdout.encoding=UTF-8 -Dsun.stderr.encoding=UTF-8 --module-path=C:\Users\prabh\.m2\repository\org\openjfx\javafx-controls\21\javafx-controls-21-win.jar;C:\Users\prabh\.m2\repository\com\google\code\gson\gson\2.8.9\gson-2.8.9.jar;C:\Users\prabh\.m2\repository\org\openjfx\javafx-graphics\21\javafx-graphics-21-win.jar;C:\Users\prabh\.m2\repository\org\openjfx\javafx-fxml\21\javafx-fxml-21-win.jar;C:\Users\prabh\.m2\repository\com\mysql\mysql-connector-j\8.0.33\mysql-connector-j-8.0.33.jar;C:\Users\prabh\IdeaProjects\OOD5\target\classes;C:\Users\prabh\.m2\repository\org\openjfx\javafx-base\21\javafx-base-21-win.jar -Djdk.module.main=org.example.ood5 org.example.ood5/Main.Main

Host: Intel(R) Core(TM) i5-8365U CPU @ 1.60GHz, 8 cores, 15G,  Windows 11 , 64 bit Build 22621 (10.0.22621.4391)
Time: Tue Nov 26 18:10:52 2024 Sri Lanka Standard Time elapsed time: 8.461994 seconds (0d 0h 0m 8s)

---------------  T H R E A D  ---------------

Current thread (0x000002d2ee004790):  JavaThread "C1 CompilerThread0" daemon [_thread_in_vm, id=21024, stack(0x000000fa3e100000,0x000000fa3e200000) (1024K)]


Current CompileTask:
C1:   8462 2037   !   3       com.sun.javafx.css.ParsedValueImpl::readBinary (691 bytes)

Stack: [0x000000fa3e100000,0x000000fa3e200000]
Native frames: (J=compiled Java code, j=interpreted, Vv=VM code, C=native code)
V  [jvm.dll+0x6cade9]
V  [jvm.dll+0x8569c1]
V  [jvm.dll+0x858d2e]
V  [jvm.dll+0x859413]
V  [jvm.dll+0x280e56]
V  [jvm.dll+0x8526ee]
V  [jvm.dll+0x66e705]
V  [jvm.dll+0x66e76a]
V  [jvm.dll+0x670f96]
V  [jvm.dll+0x670e62]
V  [jvm.dll+0x66f0de]
V  [jvm.dll+0x68038a]
V  [jvm.dll+0x679622]
V  [jvm.dll+0x1f44e0]
V  [jvm.dll+0x1f46c8]
V  [jvm.dll+0x166a66]
V  [jvm.dll+0x1668b6]
V  [jvm.dll+0x15e3d8]
V  [jvm.dll+0x16064d]
V  [jvm.dll+0x15ec75]
V  [jvm.dll+0x1589ce]
V  [jvm.dll+0x168576]
V  [jvm.dll+0x153e00]
V  [jvm.dll+0x154183]
V  [jvm.dll+0x154444]
V  [jvm.dll+0x153886]
V  [jvm.dll+0x1555ed]
V  [jvm.dll+0x258859]
V  [jvm.dll+0x256e3a]
V  [jvm.dll+0x3ef6c6]
V  [jvm.dll+0x7ff568]
V  [jvm.dll+0x6c953d]
C  [ucrtbase.dll+0x29333]
C  [KERNEL32.DLL+0x1259d]
C  [ntdll.dll+0x5af38]


---------------  P R O C E S S  ---------------

Threads class SMR info:
_java_thread_list=0x000002d2ee1417b0, length=22, elements={
0x000002d2c8a811e0, 0x000002d2e9a7da70, 0x000002d2e9a7e5d0, 0x000002d2e9a84a30,
0x000002d2e9a85490, 0x000002d2e9a86690, 0x000002d2e9a879c0, 0x000002d2ee0038e0,
0x000002d2ee004790, 0x000002d2ee10e420, 0x000002d2eec5e2e0, 0x000002d2eebfdb50,
0x000002d2ef3adf10, 0x000002d2eef43450, 0x000002d2ef0d54e0, 0x000002d2ef1d5e60,
0x000002d2ef3fd9d0, 0x000002d2ee840010, 0x000002d2ef3c9a90, 0x000002d2ee31d6a0,
0x000002d2ee337830, 0x000002d2ee339270
}

Java Threads: ( => current thread )
  0x000002d2c8a811e0 JavaThread "main"                              [_thread_blocked, id=15820, stack(0x000000fa3d100000,0x000000fa3d200000) (1024K)]
  0x000002d2e9a7da70 JavaThread "Reference Handler"          daemon [_thread_blocked, id=18896, stack(0x000000fa3da00000,0x000000fa3db00000) (1024K)]
  0x000002d2e9a7e5d0 JavaThread "Finalizer"                  daemon [_thread_blocked, id=9472, stack(0x000000fa3db00000,0x000000fa3dc00000) (1024K)]
  0x000002d2e9a84a30 JavaThread "Signal Dispatcher"          daemon [_thread_blocked, id=17712, stack(0x000000fa3dc00000,0x000000fa3dd00000) (1024K)]
  0x000002d2e9a85490 JavaThread "Attach Listener"            daemon [_thread_blocked, id=22260, stack(0x000000fa3dd00000,0x000000fa3de00000) (1024K)]
  0x000002d2e9a86690 JavaThread "Service Thread"             daemon [_thread_blocked, id=13292, stack(0x000000fa3de00000,0x000000fa3df00000) (1024K)]
  0x000002d2e9a879c0 JavaThread "Monitor Deflation Thread"   daemon [_thread_blocked, id=11664, stack(0x000000fa3df00000,0x000000fa3e000000) (1024K)]
  0x000002d2ee0038e0 JavaThread "C2 CompilerThread0"         daemon [_thread_blocked, id=11020, stack(0x000000fa3e000000,0x000000fa3e100000) (1024K)]
=>0x000002d2ee004790 JavaThread "C1 CompilerThread0"         daemon [_thread_in_vm, id=21024, stack(0x000000fa3e100000,0x000000fa3e200000) (1024K)]
  0x000002d2ee10e420 JavaThread "Common-Cleaner"             daemon [_thread_blocked, id=23588, stack(0x000000fa3e200000,0x000000fa3e300000) (1024K)]
  0x000002d2eec5e2e0 JavaThread "Monitor Ctrl-Break"         daemon [_thread_in_native, id=13268, stack(0x000000fa3e500000,0x000000fa3e600000) (1024K)]
  0x000002d2eebfdb50 JavaThread "Notification Thread"        daemon [_thread_blocked, id=5564, stack(0x000000fa3e600000,0x000000fa3e700000) (1024K)]
  0x000002d2ef3adf10 JavaThread "QuantumRenderer-0"          daemon [_thread_blocked, id=17400, stack(0x000000fa3e400000,0x000000fa3e500000) (1024K)]
  0x000002d2eef43450 JavaThread "InvokeLaterDispatcher"      daemon [_thread_blocked, id=21480, stack(0x000000fa3e700000,0x000000fa3e800000) (1024K)]
  0x000002d2ef0d54e0 JavaThread "JavaFX Application Thread"         [_thread_in_vm, id=17484, stack(0x000000fa3e800000,0x000000fa3e900000) (1024K)]
  0x000002d2ef1d5e60 JavaThread "Thread-1"                   daemon [_thread_in_native, id=1500, stack(0x000000fa3ec00000,0x000000fa3ed00000) (1024K)]
  0x000002d2ef3fd9d0 JavaThread "JavaFX-Launcher"                   [_thread_blocked, id=22040, stack(0x000000fa3f200000,0x000000fa3f300000) (1024K)]
  0x000002d2ee840010 JavaThread "mysql-cj-abandoned-connection-cleanup" daemon [_thread_blocked, id=25200, stack(0x000000fa3e300000,0x000000fa3e400000) (1024K)]
  0x000002d2ef3c9a90 JavaThread "C2 CompilerThread1"         daemon [_thread_blocked, id=21376, stack(0x000000fa3f300000,0x000000fa3f400000) (1024K)]
  0x000002d2ee31d6a0 JavaThread "C2 CompilerThread2"         daemon [_thread_blocked, id=24648, stack(0x000000fa3f400000,0x000000fa3f500000) (1024K)]
  0x000002d2ee337830 JavaThread "Thread-3"                          [_thread_in_native, id=23176, stack(0x000000fa3f500000,0x000000fa3f600000) (1024K)]
  0x000002d2ee339270 JavaThread "pool-2-thread-1"                   [_thread_blocked, id=8392, stack(0x000000fa3f600000,0x000000fa3f700000) (1024K)]
Total: 22

Other Threads:
  0x000002d2e9a55d60 VMThread "VM Thread"                           [id=4560, stack(0x000000fa3d900000,0x000000fa3da00000) (1024K)]
  0x000002d2e9a41ac0 WatcherThread "VM Periodic Task Thread"        [id=22580, stack(0x000000fa3d800000,0x000000fa3d900000) (1024K)]
  0x000002d2caea2560 WorkerThread "GC Thread#0"                     [id=22556, stack(0x000000fa3d300000,0x000000fa3d400000) (1024K)]
  0x000002d2ef18d510 WorkerThread "GC Thread#1"                     [id=20856, stack(0x000000fa3ed00000,0x000000fa3ee00000) (1024K)]
  0x000002d2ef1df000 WorkerThread "GC Thread#2"                     [id=25288, stack(0x000000fa3ee00000,0x000000fa3ef00000) (1024K)]
  0x000002d2ef1a4400 WorkerThread "GC Thread#3"                     [id=932, stack(0x000000fa3ef00000,0x000000fa3f000000) (1024K)]
  0x000002d2ef428f00 WorkerThread "GC Thread#4"                     [id=5820, stack(0x000000fa3f000000,0x000000fa3f100000) (1024K)]
  0x000002d2ef4292a0 WorkerThread "GC Thread#5"                     [id=14104, stack(0x000000fa3f100000,0x000000fa3f200000) (1024K)]
  0x000002d2ee23a700 WorkerThread "GC Thread#6"                     [id=15956, stack(0x000000fa3f700000,0x000000fa3f800000) (1024K)]
  0x000002d2ee0e0cc0 WorkerThread "GC Thread#7"                     [id=15072, stack(0x000000fa3f800000,0x000000fa3f900000) (1024K)]
  0x000002d2caeb3460 ConcurrentGCThread "G1 Main Marker"            [id=22804, stack(0x000000fa3d400000,0x000000fa3d500000) (1024K)]
  0x000002d2caeb6a50 WorkerThread "G1 Conc#0"                       [id=5952, stack(0x000000fa3d500000,0x000000fa3d600000) (1024K)]
  0x000002d2caece850 ConcurrentGCThread "G1 Refine#0"               [id=11152, stack(0x000000fa3d600000,0x000000fa3d700000) (1024K)]
  0x000002d2e9914620 ConcurrentGCThread "G1 Service"                [id=9324, stack(0x000000fa3d700000,0x000000fa3d800000) (1024K)]
Total: 14

Threads with active compile tasks:
C1 CompilerThread0     8524 2037   !   3       com.sun.javafx.css.ParsedValueImpl::readBinary (691 bytes)
Total: 1

VM state: not at safepoint (normal execution)

VM Mutex/Monitor currently owned by a thread:  ([mutex/lock_event])
[0x00007ffffa66ace8] Metaspace_lock - owner thread: 0x000002d2ee004790

Heap address: 0x0000000704600000, size: 4026 MB, Compressed Oops mode: Zero based, Oop shift amount: 3

CDS archive(s) mapped at: [0x000002d280000000-0x000002d280c90000-0x000002d280c90000), size 13172736, SharedBaseAddress: 0x000002d280000000, ArchiveRelocationMode: 1.
Compressed class space mapped at: 0x000002d281000000-0x000002d2c1000000, reserved size: 1073741824
Narrow klass base: 0x000002d280000000, Narrow klass shift: 0, Narrow klass range: 0x100000000

GC Precious Log:
 CardTable entry size: 512
 Card Set container configuration: InlinePtr #cards 4 size 8 Array Of Cards #cards 16 size 48 Howl #buckets 8 coarsen threshold 3686 Howl Bitmap #cards 512 size 80 coarsen threshold 460 Card regions per heap region 1 cards per card region 4096
 CPUs: 8 total, 8 available
 Memory: 16099M
 Large Page Support: Disabled
 NUMA Support: Disabled
 Compressed Oops: Enabled (Zero based)
 Heap Region Size: 2M
 Heap Min Capacity: 8M
 Heap Initial Capacity: 252M
 Heap Max Capacity: 4026M
 Pre-touch: Disabled
 Parallel Workers: 8
 Concurrent Workers: 2
 Concurrent Refinement Workers: 8
 Periodic GC: Disabled

Heap:
 garbage-first heap   total 258048K, used 10522K [0x0000000704600000, 0x0000000800000000)
  region size 2048K, 5 young (10240K), 3 survivors (6144K)
 Metaspace       used 18000K, committed 18304K, reserved 1114112K
  class space    used 2130K, committed 2304K, reserved 1048576K

Heap Regions: E=young(eden), S=young(survivor), O=old, HS=humongous(starts), HC=humongous(continues), CS=collection set, F=free, TAMS=top-at-mark-start, PB=parsable bottom
|   0|0x0000000704600000, 0x0000000704800000, 0x0000000704800000|100%| O|  |TAMS 0x0000000704600000| PB 0x0000000704600000| Untracked 
|   1|0x0000000704800000, 0x00000007048468c0, 0x0000000704a00000| 13%| O|  |TAMS 0x0000000704800000| PB 0x0000000704800000| Untracked 
|   2|0x0000000704a00000, 0x0000000704a00000, 0x0000000704c00000|  0%| F|  |TAMS 0x0000000704a00000| PB 0x0000000704a00000| Untracked 
|   3|0x0000000704c00000, 0x0000000704c00000, 0x0000000704e00000|  0%| F|  |TAMS 0x0000000704c00000| PB 0x0000000704c00000| Untracked 
|   4|0x0000000704e00000, 0x0000000704e00000, 0x0000000705000000|  0%| F|  |TAMS 0x0000000704e00000| PB 0x0000000704e00000| Untracked 
|   5|0x0000000705000000, 0x0000000705000000, 0x0000000705200000|  0%| F|  |TAMS 0x0000000705000000| PB 0x0000000705000000| Untracked 
|   6|0x0000000705200000, 0x0000000705200000, 0x0000000705400000|  0%| F|  |TAMS 0x0000000705200000| PB 0x0000000705200000| Untracked 
|   7|0x0000000705400000, 0x0000000705400000, 0x0000000705600000|  0%| F|  |TAMS 0x0000000705400000| PB 0x0000000705400000| Untracked 
|   8|0x0000000705600000, 0x0000000705600000, 0x0000000705800000|  0%| F|  |TAMS 0x0000000705600000| PB 0x0000000705600000| Untracked 
|   9|0x0000000705800000, 0x0000000705800000, 0x0000000705a00000|  0%| F|  |TAMS 0x0000000705800000| PB 0x0000000705800000| Untracked 
|  10|0x0000000705a00000, 0x0000000705a00000, 0x0000000705c00000|  0%| F|  |TAMS 0x0000000705a00000| PB 0x0000000705a00000| Untracked 
|  11|0x0000000705c00000, 0x0000000705c00000, 0x0000000705e00000|  0%| F|  |TAMS 0x0000000705c00000| PB 0x0000000705c00000| Untracked 
|  12|0x0000000705e00000, 0x0000000705e00000, 0x0000000706000000|  0%| F|  |TAMS 0x0000000705e00000| PB 0x0000000705e00000| Untracked 
|  13|0x0000000706000000, 0x0000000706000000, 0x0000000706200000|  0%| F|  |TAMS 0x0000000706000000| PB 0x0000000706000000| Untracked 
|  14|0x0000000706200000, 0x0000000706200000, 0x0000000706400000|  0%| F|  |TAMS 0x0000000706200000| PB 0x0000000706200000| Untracked 
|  15|0x0000000706400000, 0x0000000706400000, 0x0000000706600000|  0%| F|  |TAMS 0x0000000706400000| PB 0x0000000706400000| Untracked 
|  16|0x0000000706600000, 0x0000000706600000, 0x0000000706800000|  0%| F|  |TAMS 0x0000000706600000| PB 0x0000000706600000| Untracked 
|  17|0x0000000706800000, 0x0000000706800000, 0x0000000706a00000|  0%| F|  |TAMS 0x0000000706800000| PB 0x0000000706800000| Untracked 
|  18|0x0000000706a00000, 0x0000000706a00000, 0x0000000706c00000|  0%| F|  |TAMS 0x0000000706a00000| PB 0x0000000706a00000| Untracked 
|  19|0x0000000706c00000, 0x0000000706c00000, 0x0000000706e00000|  0%| F|  |TAMS 0x0000000706c00000| PB 0x0000000706c00000| Untracked 
|  20|0x0000000706e00000, 0x0000000706e00000, 0x0000000707000000|  0%| F|  |TAMS 0x0000000706e00000| PB 0x0000000706e00000| Untracked 
|  21|0x0000000707000000, 0x0000000707000000, 0x0000000707200000|  0%| F|  |TAMS 0x0000000707000000| PB 0x0000000707000000| Untracked 
|  22|0x0000000707200000, 0x0000000707200000, 0x0000000707400000|  0%| F|  |TAMS 0x0000000707200000| PB 0x0000000707200000| Untracked 
|  23|0x0000000707400000, 0x0000000707400000, 0x0000000707600000|  0%| F|  |TAMS 0x0000000707400000| PB 0x0000000707400000| Untracked 
|  24|0x0000000707600000, 0x0000000707600000, 0x0000000707800000|  0%| F|  |TAMS 0x0000000707600000| PB 0x0000000707600000| Untracked 
|  25|0x0000000707800000, 0x0000000707800000, 0x0000000707a00000|  0%| F|  |TAMS 0x0000000707800000| PB 0x0000000707800000| Untracked 
|  26|0x0000000707a00000, 0x0000000707a00000, 0x0000000707c00000|  0%| F|  |TAMS 0x0000000707a00000| PB 0x0000000707a00000| Untracked 
|  27|0x0000000707c00000, 0x0000000707c00000, 0x0000000707e00000|  0%| F|  |TAMS 0x0000000707c00000| PB 0x0000000707c00000| Untracked 
|  28|0x0000000707e00000, 0x0000000707e00000, 0x0000000708000000|  0%| F|  |TAMS 0x0000000707e00000| PB 0x0000000707e00000| Untracked 
|  29|0x0000000708000000, 0x0000000708000000, 0x0000000708200000|  0%| F|  |TAMS 0x0000000708000000| PB 0x0000000708000000| Untracked 
|  30|0x0000000708200000, 0x0000000708200000, 0x0000000708400000|  0%| F|  |TAMS 0x0000000708200000| PB 0x0000000708200000| Untracked 
|  31|0x0000000708400000, 0x0000000708400000, 0x0000000708600000|  0%| F|  |TAMS 0x0000000708400000| PB 0x0000000708400000| Untracked 
|  32|0x0000000708600000, 0x0000000708600000, 0x0000000708800000|  0%| F|  |TAMS 0x0000000708600000| PB 0x0000000708600000| Untracked 
|  33|0x0000000708800000, 0x0000000708800000, 0x0000000708a00000|  0%| F|  |TAMS 0x0000000708800000| PB 0x0000000708800000| Untracked 
|  34|0x0000000708a00000, 0x0000000708a00000, 0x0000000708c00000|  0%| F|  |TAMS 0x0000000708a00000| PB 0x0000000708a00000| Untracked 
|  35|0x0000000708c00000, 0x0000000708c00000, 0x0000000708e00000|  0%| F|  |TAMS 0x0000000708c00000| PB 0x0000000708c00000| Untracked 
|  36|0x0000000708e00000, 0x0000000708e00000, 0x0000000709000000|  0%| F|  |TAMS 0x0000000708e00000| PB 0x0000000708e00000| Untracked 
|  37|0x0000000709000000, 0x0000000709000000, 0x0000000709200000|  0%| F|  |TAMS 0x0000000709000000| PB 0x0000000709000000| Untracked 
|  38|0x0000000709200000, 0x0000000709200000, 0x0000000709400000|  0%| F|  |TAMS 0x0000000709200000| PB 0x0000000709200000| Untracked 
|  39|0x0000000709400000, 0x0000000709400000, 0x0000000709600000|  0%| F|  |TAMS 0x0000000709400000| PB 0x0000000709400000| Untracked 
|  40|0x0000000709600000, 0x0000000709600000, 0x0000000709800000|  0%| F|  |TAMS 0x0000000709600000| PB 0x0000000709600000| Untracked 
|  41|0x0000000709800000, 0x0000000709800000, 0x0000000709a00000|  0%| F|  |TAMS 0x0000000709800000| PB 0x0000000709800000| Untracked 
|  42|0x0000000709a00000, 0x0000000709a00000, 0x0000000709c00000|  0%| F|  |TAMS 0x0000000709a00000| PB 0x0000000709a00000| Untracked 
|  43|0x0000000709c00000, 0x0000000709c00000, 0x0000000709e00000|  0%| F|  |TAMS 0x0000000709c00000| PB 0x0000000709c00000| Untracked 
|  44|0x0000000709e00000, 0x0000000709e00000, 0x000000070a000000|  0%| F|  |TAMS 0x0000000709e00000| PB 0x0000000709e00000| Untracked 
|  45|0x000000070a000000, 0x000000070a000000, 0x000000070a200000|  0%| F|  |TAMS 0x000000070a000000| PB 0x000000070a000000| Untracked 
|  46|0x000000070a200000, 0x000000070a200000, 0x000000070a400000|  0%| F|  |TAMS 0x000000070a200000| PB 0x000000070a200000| Untracked 
|  47|0x000000070a400000, 0x000000070a400000, 0x000000070a600000|  0%| F|  |TAMS 0x000000070a400000| PB 0x000000070a400000| Untracked 
|  48|0x000000070a600000, 0x000000070a600000, 0x000000070a800000|  0%| F|  |TAMS 0x000000070a600000| PB 0x000000070a600000| Untracked 
|  49|0x000000070a800000, 0x000000070a800000, 0x000000070aa00000|  0%| F|  |TAMS 0x000000070a800000| PB 0x000000070a800000| Untracked 
|  50|0x000000070aa00000, 0x000000070aa00000, 0x000000070ac00000|  0%| F|  |TAMS 0x000000070aa00000| PB 0x000000070aa00000| Untracked 
|  51|0x000000070ac00000, 0x000000070ac00000, 0x000000070ae00000|  0%| F|  |TAMS 0x000000070ac00000| PB 0x000000070ac00000| Untracked 
|  52|0x000000070ae00000, 0x000000070ae00000, 0x000000070b000000|  0%| F|  |TAMS 0x000000070ae00000| PB 0x000000070ae00000| Untracked 
|  53|0x000000070b000000, 0x000000070b000000, 0x000000070b200000|  0%| F|  |TAMS 0x000000070b000000| PB 0x000000070b000000| Untracked 
|  54|0x000000070b200000, 0x000000070b200000, 0x000000070b400000|  0%| F|  |TAMS 0x000000070b200000| PB 0x000000070b200000| Untracked 
|  55|0x000000070b400000, 0x000000070b400000, 0x000000070b600000|  0%| F|  |TAMS 0x000000070b400000| PB 0x000000070b400000| Untracked 
|  56|0x000000070b600000, 0x000000070b600000, 0x000000070b800000|  0%| F|  |TAMS 0x000000070b600000| PB 0x000000070b600000| Untracked 
|  57|0x000000070b800000, 0x000000070b800000, 0x000000070ba00000|  0%| F|  |TAMS 0x000000070b800000| PB 0x000000070b800000| Untracked 
|  58|0x000000070ba00000, 0x000000070ba00000, 0x000000070bc00000|  0%| F|  |TAMS 0x000000070ba00000| PB 0x000000070ba00000| Untracked 
|  59|0x000000070bc00000, 0x000000070bc00000, 0x000000070be00000|  0%| F|  |TAMS 0x000000070bc00000| PB 0x000000070bc00000| Untracked 
|  60|0x000000070be00000, 0x000000070be00000, 0x000000070c000000|  0%| F|  |TAMS 0x000000070be00000| PB 0x000000070be00000| Untracked 
|  61|0x000000070c000000, 0x000000070c000000, 0x000000070c200000|  0%| F|  |TAMS 0x000000070c000000| PB 0x000000070c000000| Untracked 
|  62|0x000000070c200000, 0x000000070c200000, 0x000000070c400000|  0%| F|  |TAMS 0x000000070c200000| PB 0x000000070c200000| Untracked 
|  63|0x000000070c400000, 0x000000070c400000, 0x000000070c600000|  0%| F|  |TAMS 0x000000070c400000| PB 0x000000070c400000| Untracked 
|  64|0x000000070c600000, 0x000000070c600000, 0x000000070c800000|  0%| F|  |TAMS 0x000000070c600000| PB 0x000000070c600000| Untracked 
|  65|0x000000070c800000, 0x000000070c800000, 0x000000070ca00000|  0%| F|  |TAMS 0x000000070c800000| PB 0x000000070c800000| Untracked 
|  66|0x000000070ca00000, 0x000000070ca00000, 0x000000070cc00000|  0%| F|  |TAMS 0x000000070ca00000| PB 0x000000070ca00000| Untracked 
|  67|0x000000070cc00000, 0x000000070cc00000, 0x000000070ce00000|  0%| F|  |TAMS 0x000000070cc00000| PB 0x000000070cc00000| Untracked 
|  68|0x000000070ce00000, 0x000000070ce00000, 0x000000070d000000|  0%| F|  |TAMS 0x000000070ce00000| PB 0x000000070ce00000| Untracked 
|  69|0x000000070d000000, 0x000000070d000000, 0x000000070d200000|  0%| F|  |TAMS 0x000000070d000000| PB 0x000000070d000000| Untracked 
|  70|0x000000070d200000, 0x000000070d200000, 0x000000070d400000|  0%| F|  |TAMS 0x000000070d200000| PB 0x000000070d200000| Untracked 
|  71|0x000000070d400000, 0x000000070d400000, 0x000000070d600000|  0%| F|  |TAMS 0x000000070d400000| PB 0x000000070d400000| Untracked 
|  72|0x000000070d600000, 0x000000070d600000, 0x000000070d800000|  0%| F|  |TAMS 0x000000070d600000| PB 0x000000070d600000| Untracked 
|  73|0x000000070d800000, 0x000000070d800000, 0x000000070da00000|  0%| F|  |TAMS 0x000000070d800000| PB 0x000000070d800000| Untracked 
|  74|0x000000070da00000, 0x000000070da00000, 0x000000070dc00000|  0%| F|  |TAMS 0x000000070da00000| PB 0x000000070da00000| Untracked 
|  75|0x000000070dc00000, 0x000000070dc00000, 0x000000070de00000|  0%| F|  |TAMS 0x000000070dc00000| PB 0x000000070dc00000| Untracked 
|  76|0x000000070de00000, 0x000000070de00000, 0x000000070e000000|  0%| F|  |TAMS 0x000000070de00000| PB 0x000000070de00000| Untracked 
|  77|0x000000070e000000, 0x000000070e000000, 0x000000070e200000|  0%| F|  |TAMS 0x000000070e000000| PB 0x000000070e000000| Untracked 
|  78|0x000000070e200000, 0x000000070e200000, 0x000000070e400000|  0%| F|  |TAMS 0x000000070e200000| PB 0x000000070e200000| Untracked 
|  79|0x000000070e400000, 0x000000070e400000, 0x000000070e600000|  0%| F|  |TAMS 0x000000070e400000| PB 0x000000070e400000| Untracked 
|  80|0x000000070e600000, 0x000000070e600000, 0x000000070e800000|  0%| F|  |TAMS 0x000000070e600000| PB 0x000000070e600000| Untracked 
|  81|0x000000070e800000, 0x000000070e800000, 0x000000070ea00000|  0%| F|  |TAMS 0x000000070e800000| PB 0x000000070e800000| Untracked 
|  82|0x000000070ea00000, 0x000000070ea00000, 0x000000070ec00000|  0%| F|  |TAMS 0x000000070ea00000| PB 0x000000070ea00000| Untracked 
|  83|0x000000070ec00000, 0x000000070ec00000, 0x000000070ee00000|  0%| F|  |TAMS 0x000000070ec00000| PB 0x000000070ec00000| Untracked 
|  84|0x000000070ee00000, 0x000000070ee00000, 0x000000070f000000|  0%| F|  |TAMS 0x000000070ee00000| PB 0x000000070ee00000| Untracked 
|  85|0x000000070f000000, 0x000000070f000000, 0x000000070f200000|  0%| F|  |TAMS 0x000000070f000000| PB 0x000000070f000000| Untracked 
|  86|0x000000070f200000, 0x000000070f200000, 0x000000070f400000|  0%| F|  |TAMS 0x000000070f200000| PB 0x000000070f200000| Untracked 
|  87|0x000000070f400000, 0x000000070f400000, 0x000000070f600000|  0%| F|  |TAMS 0x000000070f400000| PB 0x000000070f400000| Untracked 
|  88|0x000000070f600000, 0x000000070f600000, 0x000000070f800000|  0%| F|  |TAMS 0x000000070f600000| PB 0x000000070f600000| Untracked 
|  89|0x000000070f800000, 0x000000070f800000, 0x000000070fa00000|  0%| F|  |TAMS 0x000000070f800000| PB 0x000000070f800000| Untracked 
|  90|0x000000070fa00000, 0x000000070fa00000, 0x000000070fc00000|  0%| F|  |TAMS 0x000000070fa00000| PB 0x000000070fa00000| Untracked 
|  91|0x000000070fc00000, 0x000000070fc00000, 0x000000070fe00000|  0%| F|  |TAMS 0x000000070fc00000| PB 0x000000070fc00000| Untracked 
|  92|0x000000070fe00000, 0x000000070fe00000, 0x0000000710000000|  0%| F|  |TAMS 0x000000070fe00000| PB 0x000000070fe00000| Untracked 
|  93|0x0000000710000000, 0x0000000710000000, 0x0000000710200000|  0%| F|  |TAMS 0x0000000710000000| PB 0x0000000710000000| Untracked 
|  94|0x0000000710200000, 0x0000000710200000, 0x0000000710400000|  0%| F|  |TAMS 0x0000000710200000| PB 0x0000000710200000| Untracked 
|  95|0x0000000710400000, 0x0000000710400000, 0x0000000710600000|  0%| F|  |TAMS 0x0000000710400000| PB 0x0000000710400000| Untracked 
|  96|0x0000000710600000, 0x0000000710600000, 0x0000000710800000|  0%| F|  |TAMS 0x0000000710600000| PB 0x0000000710600000| Untracked 
|  97|0x0000000710800000, 0x0000000710800000, 0x0000000710a00000|  0%| F|  |TAMS 0x0000000710800000| PB 0x0000000710800000| Untracked 
|  98|0x0000000710a00000, 0x0000000710a00000, 0x0000000710c00000|  0%| F|  |TAMS 0x0000000710a00000| PB 0x0000000710a00000| Untracked 
|  99|0x0000000710c00000, 0x0000000710c00000, 0x0000000710e00000|  0%| F|  |TAMS 0x0000000710c00000| PB 0x0000000710c00000| Untracked 
| 100|0x0000000710e00000, 0x0000000710e00000, 0x0000000711000000|  0%| F|  |TAMS 0x0000000710e00000| PB 0x0000000710e00000| Untracked 
| 101|0x0000000711000000, 0x0000000711000000, 0x0000000711200000|  0%| F|  |TAMS 0x0000000711000000| PB 0x0000000711000000| Untracked 
| 102|0x0000000711200000, 0x0000000711400000, 0x0000000711400000|100%| S|CS|TAMS 0x0000000711200000| PB 0x0000000711200000| Complete 
| 103|0x0000000711400000, 0x0000000711600000, 0x0000000711600000|100%| S|CS|TAMS 0x0000000711400000| PB 0x0000000711400000| Complete 
| 104|0x0000000711600000, 0x0000000711800000, 0x0000000711800000|100%| S|CS|TAMS 0x0000000711600000| PB 0x0000000711600000| Complete 
| 105|0x0000000711800000, 0x0000000711800000, 0x0000000711a00000|  0%| F|  |TAMS 0x0000000711800000| PB 0x0000000711800000| Untracked 
| 106|0x0000000711a00000, 0x0000000711a00000, 0x0000000711c00000|  0%| F|  |TAMS 0x0000000711a00000| PB 0x0000000711a00000| Untracked 
| 107|0x0000000711c00000, 0x0000000711c00000, 0x0000000711e00000|  0%| F|  |TAMS 0x0000000711c00000| PB 0x0000000711c00000| Untracked 
| 108|0x0000000711e00000, 0x0000000711e00000, 0x0000000712000000|  0%| F|  |TAMS 0x0000000711e00000| PB 0x0000000711e00000| Untracked 
| 109|0x0000000712000000, 0x0000000712000000, 0x0000000712200000|  0%| F|  |TAMS 0x0000000712000000| PB 0x0000000712000000| Untracked 
| 110|0x0000000712200000, 0x0000000712200000, 0x0000000712400000|  0%| F|  |TAMS 0x0000000712200000| PB 0x0000000712200000| Untracked 
| 111|0x0000000712400000, 0x0000000712400000, 0x0000000712600000|  0%| F|  |TAMS 0x0000000712400000| PB 0x0000000712400000| Untracked 
| 112|0x0000000712600000, 0x0000000712600000, 0x0000000712800000|  0%| F|  |TAMS 0x0000000712600000| PB 0x0000000712600000| Untracked 
| 113|0x0000000712800000, 0x0000000712800000, 0x0000000712a00000|  0%| F|  |TAMS 0x0000000712800000| PB 0x0000000712800000| Untracked 
| 114|0x0000000712a00000, 0x0000000712a00000, 0x0000000712c00000|  0%| F|  |TAMS 0x0000000712a00000| PB 0x0000000712a00000| Untracked 
| 115|0x0000000712c00000, 0x0000000712c00000, 0x0000000712e00000|  0%| F|  |TAMS 0x0000000712c00000| PB 0x0000000712c00000| Untracked 
| 116|0x0000000712e00000, 0x0000000712e00000, 0x0000000713000000|  0%| F|  |TAMS 0x0000000712e00000| PB 0x0000000712e00000| Untracked 
| 117|0x0000000713000000, 0x0000000713000000, 0x0000000713200000|  0%| F|  |TAMS 0x0000000713000000| PB 0x0000000713000000| Untracked 
| 118|0x0000000713200000, 0x0000000713200000, 0x0000000713400000|  0%| F|  |TAMS 0x0000000713200000| PB 0x0000000713200000| Untracked 
| 119|0x0000000713400000, 0x0000000713400000, 0x0000000713600000|  0%| F|  |TAMS 0x0000000713400000| PB 0x0000000713400000| Untracked 
| 120|0x0000000713600000, 0x0000000713600000, 0x0000000713800000|  0%| F|  |TAMS 0x0000000713600000| PB 0x0000000713600000| Untracked 
| 121|0x0000000713800000, 0x0000000713800000, 0x0000000713a00000|  0%| F|  |TAMS 0x0000000713800000| PB 0x0000000713800000| Untracked 
| 122|0x0000000713a00000, 0x0000000713a00000, 0x0000000713c00000|  0%| F|  |TAMS 0x0000000713a00000| PB 0x0000000713a00000| Untracked 
| 123|0x0000000713c00000, 0x0000000713c00000, 0x0000000713e00000|  0%| F|  |TAMS 0x0000000713c00000| PB 0x0000000713c00000| Untracked 
| 124|0x0000000713e00000, 0x0000000713ef7420, 0x0000000714000000| 48%| E|  |TAMS 0x0000000713e00000| PB 0x0000000713e00000| Complete 
| 125|0x0000000714000000, 0x0000000714200000, 0x0000000714200000|100%| E|CS|TAMS 0x0000000714000000| PB 0x0000000714000000| Complete 

Card table byte_map: [0x000002d2e2d80000,0x000002d2e3560000] _byte_map_base: 0x000002d2df55d000

Marking Bits: (CMBitMap*) 0x000002d2caea2c60
 Bits: [0x000002d2e3560000, 0x000002d2e7448000)

Polling page: 0x000002d2c8d90000

Metaspace:

Usage:
  Non-class:     15.50 MB used.
      Class:      2.08 MB used.
       Both:     17.58 MB used.

Virtual space:
  Non-class space:       64.00 MB reserved,      15.62 MB ( 24%) committed,  1 nodes.
      Class space:        1.00 GB reserved,       2.25 MB ( <1%) committed,  1 nodes.
             Both:        1.06 GB reserved,      17.88 MB (  2%) committed. 

Chunk freelists:
   Non-Class:  15.45 MB
       Class:  13.73 MB
        Both:  29.19 MB

MaxMetaspaceSize: unlimited
CompressedClassSpaceSize: 1.00 GB
Initial GC threshold: 21.00 MB
Current GC threshold: 21.00 MB
CDS: on
 - commit_granule_bytes: 65536.
 - commit_granule_words: 8192.
 - virtual_space_node_default_size: 8388608.
 - enlarge_chunks_in_place: 1.
 - use_allocation_guard: 0.


Internal statistics:

num_allocs_failed_limit: 0.
num_arena_births: 298.
num_arena_deaths: 0.
num_vsnodes_births: 2.
num_vsnodes_deaths: 0.
num_space_committed: 286.
num_space_uncommitted: 0.
num_chunks_returned_to_freelist: 0.
num_chunks_taken_from_freelist: 697.
num_chunk_merges: 0.
num_chunk_splits: 475.
num_chunks_enlarged: 322.
num_inconsistent_stats: 0.

CodeHeap 'non-profiled nmethods': size=120000Kb used=868Kb max_used=868Kb free=119131Kb
 bounds [0x000002d2dad40000, 0x000002d2dafb0000, 0x000002d2e2270000]
CodeHeap 'profiled nmethods': size=120000Kb used=3608Kb max_used=3608Kb free=116392Kb
 bounds [0x000002d2d3270000, 0x000002d2d3600000, 0x000002d2da7a0000]
CodeHeap 'non-nmethods': size=5760Kb used=1649Kb max_used=1703Kb free=4110Kb
 bounds [0x000002d2da7a0000, 0x000002d2daa10000, 0x000002d2dad40000]
 total_blobs=2731 nmethods=2036 adapters=599
 compilation: enabled
              stopped_count=0, restarted_count=0
 full_count=0

Compilation events (20 events):
Event: 8.448 Thread 0x000002d2ee004790 nmethod 2002 0x000002d2d35f0190 code [0x000002d2d35f0340, 0x000002d2d35f0570]
Event: 8.448 Thread 0x000002d2ee004790 2001       3       javafx.css.Selector::<init> (10 bytes)
Event: 8.448 Thread 0x000002d2ee004790 nmethod 2001 0x000002d2d35f0610 code [0x000002d2d35f07c0, 0x000002d2d35f0930]
Event: 8.448 Thread 0x000002d2ee004790 2019       3       java.lang.ref.Reference::enqueueFromPending (19 bytes)
Event: 8.448 Thread 0x000002d2ee004790 nmethod 2019 0x000002d2d35f0a10 code [0x000002d2d35f0bc0, 0x000002d2d35f0de8]
Event: 8.448 Thread 0x000002d2ee004790 2020       3       java.lang.ref.ReferenceQueue::enqueue0 (98 bytes)
Event: 8.448 Thread 0x000002d2ee004790 nmethod 2020 0x000002d2d35f0e90 code [0x000002d2d35f1080, 0x000002d2d35f16d0]
Event: 8.455 Thread 0x000002d2ee004790 2031       3       java.lang.invoke.MethodHandle::getApproximateCommonClassLoader (58 bytes)
Event: 8.456 Thread 0x000002d2ee004790 nmethod 2031 0x000002d2d35f1810 code [0x000002d2d35f1a80, 0x000002d2d35f25d0]
Event: 8.456 Thread 0x000002d2ee004790 2032       3       java.lang.invoke.MethodHandle::keepsAlive (49 bytes)
Event: 8.456 Thread 0x000002d2ee004790 nmethod 2032 0x000002d2d35f2a10 code [0x000002d2d35f2c80, 0x000002d2d35f37e0]
Event: 8.457 Thread 0x000002d2ee004790 2033  s    3       java.io.ByteArrayInputStream::read (73 bytes)
Event: 8.457 Thread 0x000002d2ee004790 nmethod 2033 0x000002d2d35f3c10 code [0x000002d2d35f3e00, 0x000002d2d35f4408]
Event: 8.457 Thread 0x000002d2ee004790 2034       3       java.io.DataInputStream::readBoolean (13 bytes)
Event: 8.458 Thread 0x000002d2ee004790 nmethod 2034 0x000002d2d35f4610 code [0x000002d2d35f47e0, 0x000002d2d35f4b68]
Event: 8.458 Thread 0x000002d2ee004790 2035       3       java.io.DataInputStream::readInt (19 bytes)
Event: 8.458 Thread 0x000002d2ee004790 nmethod 2035 0x000002d2d35f4c90 code [0x000002d2d35f4ea0, 0x000002d2d35f5490]
Event: 8.458 Thread 0x000002d2ee004790 2036       3       jdk.internal.util.ByteArray::getInt (9 bytes)
Event: 8.458 Thread 0x000002d2ee004790 nmethod 2036 0x000002d2d35f5710 code [0x000002d2d35f5900, 0x000002d2d35f5e10]
Event: 8.459 Thread 0x000002d2ee004790 2037   !   3       com.sun.javafx.css.ParsedValueImpl::readBinary (691 bytes)

GC Heap History (4 events):
Event: 0.693 GC heap before
{Heap before GC invocations=0 (full 0):
 garbage-first heap   total 258048K, used 20480K [0x0000000704600000, 0x0000000800000000)
  region size 2048K, 11 young (22528K), 0 survivors (0K)
 Metaspace       used 4430K, committed 4608K, reserved 1114112K
  class space    used 474K, committed 576K, reserved 1048576K
}
Event: 0.696 GC heap after
{Heap after GC invocations=1 (full 0):
 garbage-first heap   total 258048K, used 2695K [0x0000000704600000, 0x0000000800000000)
  region size 2048K, 2 young (4096K), 2 survivors (4096K)
 Metaspace       used 4430K, committed 4608K, reserved 1114112K
  class space    used 474K, committed 576K, reserved 1048576K
}
Event: 8.434 GC heap before
{Heap before GC invocations=1 (full 0):
 garbage-first heap   total 258048K, used 39559K [0x0000000704600000, 0x0000000800000000)
  region size 2048K, 21 young (43008K), 2 survivors (4096K)
 Metaspace       used 17685K, committed 18048K, reserved 1114112K
  class space    used 2073K, committed 2240K, reserved 1048576K
}
Event: 8.441 GC heap after
{Heap after GC invocations=2 (full 0):
 garbage-first heap   total 258048K, used 8474K [0x0000000704600000, 0x0000000800000000)
  region size 2048K, 3 young (6144K), 3 survivors (6144K)
 Metaspace       used 17685K, committed 18048K, reserved 1114112K
  class space    used 2073K, committed 2240K, reserved 1048576K
}

Dll operation events (20 events):
Event: 0.533 Loaded shared library C:\Users\prabh\.openjfx\cache\21+31\amd64\api-ms-win-crt-math-l1-1-0.dll
Event: 0.534 Loaded shared library C:\Users\prabh\.openjfx\cache\21+31\amd64\api-ms-win-crt-multibyte-l1-1-0.dll
Event: 0.537 Loaded shared library C:\Users\prabh\.openjfx\cache\21+31\amd64\api-ms-win-crt-private-l1-1-0.dll
Event: 0.539 Loaded shared library C:\Users\prabh\.openjfx\cache\21+31\amd64\api-ms-win-crt-process-l1-1-0.dll
Event: 0.540 Loaded shared library C:\Users\prabh\.openjfx\cache\21+31\amd64\api-ms-win-crt-runtime-l1-1-0.dll
Event: 0.542 Loaded shared library C:\Users\prabh\.openjfx\cache\21+31\amd64\api-ms-win-crt-stdio-l1-1-0.dll
Event: 0.543 Loaded shared library C:\Users\prabh\.openjfx\cache\21+31\amd64\api-ms-win-crt-string-l1-1-0.dll
Event: 0.545 Loaded shared library C:\Users\prabh\.openjfx\cache\21+31\amd64\api-ms-win-crt-time-l1-1-0.dll
Event: 0.547 Loaded shared library C:\Users\prabh\.openjfx\cache\21+31\amd64\api-ms-win-crt-utility-l1-1-0.dll
Event: 0.557 Loaded shared library C:\Users\prabh\.openjfx\cache\21+31\amd64\ucrtbase.dll
Event: 0.560 Loaded shared library C:\Users\prabh\.openjfx\cache\21+31\amd64\vcruntime140.dll
Event: 0.562 Loaded shared library C:\Users\prabh\.openjfx\cache\21+31\amd64\vcruntime140_1.dll
Event: 0.569 Loaded shared library C:\Users\prabh\.openjfx\cache\21+31\amd64\msvcp140.dll
Event: 0.570 Loaded shared library C:\Users\prabh\.openjfx\cache\21+31\amd64\msvcp140_1.dll
Event: 0.574 Loaded shared library C:\Users\prabh\.openjfx\cache\21+31\amd64\msvcp140_2.dll
Event: 0.606 Loaded shared library C:\Users\prabh\.openjfx\cache\21+31\amd64\prism_d3d.dll
Event: 0.633 Loaded shared library C:\Users\prabh\.openjfx\cache\21+31\amd64\glass.dll
Event: 0.714 Loaded shared library C:\Program Files\Java\jdk-21.0.2\bin\jimage.dll
Event: 7.926 Loaded shared library C:\Program Files\Java\jdk-21.0.2\bin\sunmscapi.dll
Event: 8.412 Loaded shared library C:\Users\prabh\.openjfx\cache\21+31\amd64\javafx_font.dll

Deoptimization events (20 events):
Event: 8.309 Thread 0x000002d2ee337830 DEOPT PACKING pc=0x000002d2d3576691 sp=0x000000fa3f5fd590
Event: 8.309 Thread 0x000002d2ee337830 DEOPT UNPACKING pc=0x000002d2da7f4e42 sp=0x000000fa3f5fca08 mode 0
Event: 8.309 Thread 0x000002d2ee337830 DEOPT PACKING pc=0x000002d2d3576691 sp=0x000000fa3f5fd590
Event: 8.309 Thread 0x000002d2ee337830 DEOPT UNPACKING pc=0x000002d2da7f4e42 sp=0x000000fa3f5fca08 mode 0
Event: 8.309 Thread 0x000002d2ee337830 DEOPT PACKING pc=0x000002d2d3576691 sp=0x000000fa3f5fd590
Event: 8.309 Thread 0x000002d2ee337830 DEOPT UNPACKING pc=0x000002d2da7f4e42 sp=0x000000fa3f5fca08 mode 0
Event: 8.309 Thread 0x000002d2ee337830 DEOPT PACKING pc=0x000002d2d3576691 sp=0x000000fa3f5fd590
Event: 8.309 Thread 0x000002d2ee337830 DEOPT UNPACKING pc=0x000002d2da7f4e42 sp=0x000000fa3f5fca08 mode 0
Event: 8.369 Thread 0x000002d2ef0d54e0 Uncommon trap: trap_request=0xffffff45 fr.pc=0x000002d2dae02080 relative=0x0000000000000220
Event: 8.369 Thread 0x000002d2ef0d54e0 Uncommon trap: reason=unstable_if action=reinterpret pc=0x000002d2dae02080 method=java.util.HashMap.getNode(Ljava/lang/Object;)Ljava/util/HashMap$Node; @ 66 c2
Event: 8.369 Thread 0x000002d2ef0d54e0 DEOPT PACKING pc=0x000002d2dae02080 sp=0x000000fa3e8fdd10
Event: 8.369 Thread 0x000002d2ef0d54e0 DEOPT UNPACKING pc=0x000002d2da7f46a2 sp=0x000000fa3e8fdc20 mode 2
Event: 8.369 Thread 0x000002d2ef0d54e0 Uncommon trap: trap_request=0xffffff45 fr.pc=0x000002d2dadc63e8 relative=0x00000000000003c8
Event: 8.369 Thread 0x000002d2ef0d54e0 Uncommon trap: reason=unstable_if action=reinterpret pc=0x000002d2dadc63e8 method=java.util.HashMap.getNode(Ljava/lang/Object;)Ljava/util/HashMap$Node; @ 66 c2
Event: 8.369 Thread 0x000002d2ef0d54e0 DEOPT PACKING pc=0x000002d2dadc63e8 sp=0x000000fa3e8fdc60
Event: 8.369 Thread 0x000002d2ef0d54e0 DEOPT UNPACKING pc=0x000002d2da7f46a2 sp=0x000000fa3e8fdbe0 mode 2
Event: 8.392 Thread 0x000002d2ef0d54e0 Uncommon trap: trap_request=0xffffff45 fr.pc=0x000002d2dad5dbe8 relative=0x0000000000000048
Event: 8.392 Thread 0x000002d2ef0d54e0 Uncommon trap: reason=unstable_if action=reinterpret pc=0x000002d2dad5dbe8 method=java.lang.StringLatin1.canEncode(I)Z @ 4 c2
Event: 8.392 Thread 0x000002d2ef0d54e0 DEOPT PACKING pc=0x000002d2dad5dbe8 sp=0x000000fa3e8fafb0
Event: 8.392 Thread 0x000002d2ef0d54e0 DEOPT UNPACKING pc=0x000002d2da7f46a2 sp=0x000000fa3e8faf40 mode 2

Classes loaded (20 events):
Event: 8.371 Loading class java/lang/invoke/BoundMethodHandle$Species_LI
Event: 8.371 Loading class java/lang/invoke/BoundMethodHandle$Species_LI done
Event: 8.398 Loading class java/nio/charset/IllegalCharsetNameException
Event: 8.398 Loading class java/nio/charset/IllegalCharsetNameException done
Event: 8.398 Loading class java/io/FileNotFoundException
Event: 8.398 Loading class java/io/FileNotFoundException done
Event: 8.398 Loading class java/security/AccessControlException
Event: 8.398 Loading class java/security/AccessControlException done
Event: 8.407 Loading class java/text/CharacterIterator
Event: 8.407 Loading class java/text/CharacterIterator done
Event: 8.409 Loading class java/io/FilenameFilter
Event: 8.409 Loading class java/io/FilenameFilter done
Event: 8.445 Loading class java/util/AbstractList$RandomAccessSubList
Event: 8.445 Loading class java/util/AbstractList$SubList
Event: 8.445 Loading class java/util/AbstractList$SubList done
Event: 8.445 Loading class java/util/AbstractList$RandomAccessSubList done
Event: 8.445 Loading class java/util/AbstractList$SubList$1
Event: 8.445 Loading class java/util/AbstractList$SubList$1 done
Event: 8.445 Loading class java/util/AbstractList$ListItr
Event: 8.445 Loading class java/util/AbstractList$ListItr done

Classes unloaded (0 events):
No events

Classes redefined (0 events):
No events

Internal exceptions (20 events):
Event: 7.959 Thread 0x000002d2ef0d54e0 Exception <a 'sun/nio/fs/WindowsException'{0x000000071326a2e8}> (0x000000071326a2e8) 
thrown [s\open\src\hotspot\share\prims\jni.cpp, line 520]
Event: 7.963 Thread 0x000002d2ef0d54e0 Exception <a 'sun/nio/fs/WindowsException'{0x000000071327aee0}> (0x000000071327aee0) 
thrown [s\open\src\hotspot\share\prims\jni.cpp, line 520]
Event: 7.996 Thread 0x000002d2ef0d54e0 Exception <a 'java/lang/NoSuchMethodError'{0x0000000713316b18}: 'java.lang.Object java.lang.invoke.DirectMethodHandle$Holder.invokeStaticInit(java.lang.Object, int, int, int, int)'> (0x0000000713316b18) 
thrown [s\open\src\hotspot\share\interpreter\linkResolver.cpp, line 773]
Event: 8.011 Thread 0x000002d2ef0d54e0 Exception <a 'java/lang/NoSuchMethodError'{0x00000007133d4a50}: 'java.lang.Object java.lang.invoke.DirectMethodHandle$Holder.invokeStaticInit(java.lang.Object, java.lang.Object, int, int, int, int)'> (0x00000007133d4a50) 
thrown [s\open\src\hotspot\share\interpreter\linkResolver.cpp, line 773]
Event: 8.243 Thread 0x000002d2ef0d54e0 Exception <a 'java/io/IOException'{0x0000000712cfeae8}> (0x0000000712cfeae8) 
thrown [s\open\src\hotspot\share\prims\jni.cpp, line 520]
Event: 8.244 Thread 0x000002d2ef0d54e0 Exception <a 'java/lang/NoSuchMethodError'{0x0000000712d00aa8}: 'void java.lang.invoke.DirectMethodHandle$Holder.invokeInterface(java.lang.Object, java.lang.Object)'> (0x0000000712d00aa8) 
thrown [s\open\src\hotspot\share\interpreter\linkResolver.cpp, line 773]
Event: 8.247 Thread 0x000002d2ef0d54e0 Exception <a 'sun/nio/fs/WindowsException'{0x0000000712d42d90}> (0x0000000712d42d90) 
thrown [s\open\src\hotspot\share\prims\jni.cpp, line 520]
Event: 8.266 Thread 0x000002d2ef0d54e0 Exception <a 'sun/nio/fs/WindowsException'{0x00000007127b6460}> (0x00000007127b6460) 
thrown [s\open\src\hotspot\share\prims\jni.cpp, line 520]
Event: 8.335 Thread 0x000002d2ef0d54e0 Exception <a 'java/lang/NoSuchMethodError'{0x0000000711f0e9f8}: 'java.lang.Object java.lang.invoke.DirectMethodHandle$Holder.invokeStaticInit(java.lang.Object, java.lang.Object, java.lang.Object, java.lang.Object)'> (0x0000000711f0e9f8) 
thrown [s\open\src\hotspot\share\interpreter\linkResolver.cpp, line 773]
Event: 8.336 Thread 0x000002d2ef0d54e0 Exception <a 'java/lang/NullPointerException'{0x0000000711f238c0}> (0x0000000711f238c0) 
thrown [s\open\src\hotspot\share\interpreter\linkResolver.cpp, line 1372]
Event: 8.371 Thread 0x000002d2ef0d54e0 Exception <a 'java/lang/NoSuchMethodError'{0x0000000711dc6600}: 'double java.lang.invoke.DelegatingMethodHandle$Holder.reinvoke_L(java.lang.Object, java.lang.Object, int)'> (0x0000000711dc6600) 
thrown [s\open\src\hotspot\share\interpreter\linkResolver.cpp, line 773]
Event: 8.372 Thread 0x000002d2ef0d54e0 Exception <a 'java/lang/NoSuchMethodError'{0x0000000711dd8290}: 'java.lang.Object java.lang.invoke.DirectMethodHandle$Holder.invokeStatic(java.lang.Object, java.lang.Object, java.lang.Object, java.lang.Object, int)'> (0x0000000711dd8290) 
thrown [s\open\src\hotspot\share\interpreter\linkResolver.cpp, line 773]
Event: 8.374 Thread 0x000002d2ef0d54e0 Exception <a 'java/lang/NoSuchMethodError'{0x0000000711de3440}: 'java.lang.Object java.lang.invoke.DelegatingMethodHandle$Holder.reinvoke_L(java.lang.Object, double, double, double, double)'> (0x0000000711de3440) 
thrown [s\open\src\hotspot\share\interpreter\linkResolver.cpp, line 773]
Event: 8.377 Thread 0x000002d2ef0d54e0 Exception <a 'java/lang/NoSuchMethodError'{0x0000000711df18d0}: 'java.lang.Object java.lang.invoke.DirectMethodHandle$Holder.invokeStatic(java.lang.Object, java.lang.Object, int)'> (0x0000000711df18d0) 
thrown [s\open\src\hotspot\share\interpreter\linkResolver.cpp, line 773]
Event: 8.378 Thread 0x000002d2ef0d54e0 Exception <a 'java/lang/NoSuchMethodError'{0x0000000711df5cd8}: 'void java.lang.invoke.DirectMethodHandle$Holder.invokeStatic(java.lang.Object, java.lang.Object, int, java.lang.Object)'> (0x0000000711df5cd8) 
thrown [s\open\src\hotspot\share\interpreter\linkResolver.cpp, line 773]
Event: 8.378 Thread 0x000002d2ef0d54e0 Exception <a 'java/lang/NoSuchMethodError'{0x0000000711dfc748}: 'void java.lang.invoke.DelegatingMethodHandle$Holder.delegate(java.lang.Object, java.lang.Object, int, java.lang.Object)'> (0x0000000711dfc748) 
thrown [s\open\src\hotspot\share\interpreter\linkResolver.cpp, line 773]
Event: 8.379 Thread 0x000002d2ef0d54e0 Exception <a 'java/lang/NoSuchMethodError'{0x0000000711a010b8}: 'int java.lang.invoke.DirectMethodHandle$Holder.invokeSpecial(java.lang.Object, java.lang.Object, java.lang.Object)'> (0x0000000711a010b8) 
thrown [s\open\src\hotspot\share\interpreter\linkResolver.cpp, line 773]
Event: 8.395 Thread 0x000002d2ef0d54e0 Exception <a 'java/lang/ClassNotFoundException'{0x0000000711b10fd8}: com/sun/glass/ui/win/themes> (0x0000000711b10fd8) 
thrown [s\open\src\hotspot\share\prims\jni.cpp, line 539]
Event: 8.396 Thread 0x000002d2ef0d54e0 Exception <a 'java/lang/ClassNotFoundException'{0x0000000711b19aa0}: com/sun/glass/ui/win/themes_en> (0x0000000711b19aa0) 
thrown [s\open\src\hotspot\share\prims\jni.cpp, line 539]
Event: 8.396 Thread 0x000002d2ef0d54e0 Exception <a 'java/lang/ClassNotFoundException'{0x0000000711b218c8}: com/sun/glass/ui/win/themes_en_GB> (0x0000000711b218c8) 
thrown [s\open\src\hotspot\share\prims\jni.cpp, line 539]

ZGC Phase Switch (0 events):
No events

VM Operations (20 events):
Event: 7.766 Executing VM operation: HandshakeAllThreads (Deoptimize)
Event: 7.766 Executing VM operation: HandshakeAllThreads (Deoptimize) done
Event: 7.791 Executing VM operation: HandshakeAllThreads (Deoptimize)
Event: 7.791 Executing VM operation: HandshakeAllThreads (Deoptimize) done
Event: 7.854 Executing VM operation: HandshakeAllThreads (Deoptimize)
Event: 7.854 Executing VM operation: HandshakeAllThreads (Deoptimize) done
Event: 7.964 Executing VM operation: HandshakeAllThreads (Deoptimize)
Event: 7.964 Executing VM operation: HandshakeAllThreads (Deoptimize) done
Event: 7.984 Executing VM operation: HandshakeAllThreads (Deoptimize)
Event: 7.984 Executing VM operation: HandshakeAllThreads (Deoptimize) done
Event: 8.157 Executing VM operation: HandshakeAllThreads (Deoptimize)
Event: 8.157 Executing VM operation: HandshakeAllThreads (Deoptimize) done
Event: 8.172 Executing VM operation: ICBufferFull
Event: 8.173 Executing VM operation: ICBufferFull done
Event: 8.370 Executing VM operation: HandshakeAllThreads (Deoptimize)
Event: 8.370 Executing VM operation: HandshakeAllThreads (Deoptimize) done
Event: 8.377 Executing VM operation: HandshakeAllThreads (Deoptimize)
Event: 8.377 Executing VM operation: HandshakeAllThreads (Deoptimize) done
Event: 8.434 Executing VM operation: G1CollectForAllocation (G1 Evacuation Pause)
Event: 8.441 Executing VM operation: G1CollectForAllocation (G1 Evacuation Pause) done

Events (20 events):
Event: 0.086 Thread 0x000002d2e9a879c0 Thread added: 0x000002d2e9a879c0
Event: 0.086 Thread 0x000002d2ee0038e0 Thread added: 0x000002d2ee0038e0
Event: 0.087 Thread 0x000002d2ee004790 Thread added: 0x000002d2ee004790
Event: 0.112 Thread 0x000002d2ee10e420 Thread added: 0x000002d2ee10e420
Event: 0.134 Thread 0x000002d2ee192120 Thread added: 0x000002d2ee192120
Event: 0.158 Thread 0x000002d2ee305d10 Thread added: 0x000002d2ee305d10
Event: 0.384 Thread 0x000002d2eec5e2e0 Thread added: 0x000002d2eec5e2e0
Event: 0.384 Thread 0x000002d2eebfdb50 Thread added: 0x000002d2eebfdb50
Event: 0.385 Thread 0x000002d2ee305d10 Thread exited: 0x000002d2ee305d10
Event: 0.598 Thread 0x000002d2ef3adf10 Thread added: 0x000002d2ef3adf10
Event: 0.634 Thread 0x000002d2eef43450 Thread added: 0x000002d2eef43450
Event: 0.637 Thread 0x000002d2ef0d54e0 Thread added: 0x000002d2ef0d54e0
Event: 0.703 Thread 0x000002d2ef1d5e60 Thread added: 0x000002d2ef1d5e60
Event: 0.710 Thread 0x000002d2ef3fd9d0 Thread added: 0x000002d2ef3fd9d0
Event: 1.199 Thread 0x000002d2ee192120 Thread exited: 0x000002d2ee192120
Event: 7.756 Thread 0x000002d2ee840010 Thread added: 0x000002d2ee840010
Event: 7.802 Thread 0x000002d2ef3c9a90 Thread added: 0x000002d2ef3c9a90
Event: 8.091 Thread 0x000002d2ee31d6a0 Thread added: 0x000002d2ee31d6a0
Event: 8.249 Thread 0x000002d2ee337830 Thread added: 0x000002d2ee337830
Event: 8.251 Thread 0x000002d2ee339270 Thread added: 0x000002d2ee339270


Dynamic libraries:
0x00007ff6720e0000 - 0x00007ff6720f0000 	C:\Program Files\Java\jdk-21.0.2\bin\java.exe
0x00007ff8475f0000 - 0x00007ff847807000 	C:\WINDOWS\SYSTEM32\ntdll.dll
0x00007ff846210000 - 0x00007ff8462d4000 	C:\WINDOWS\System32\KERNEL32.DLL
0x00007ff844a60000 - 0x00007ff844e19000 	C:\WINDOWS\System32\KERNELBASE.dll
0x00007ff8451f0000 - 0x00007ff845301000 	C:\WINDOWS\System32\ucrtbase.dll
0x00007ff83be60000 - 0x00007ff83be79000 	C:\Program Files\Java\jdk-21.0.2\bin\jli.dll
0x00007ff845310000 - 0x00007ff8453c2000 	C:\WINDOWS\System32\ADVAPI32.dll
0x00007ff846070000 - 0x00007ff846117000 	C:\WINDOWS\System32\msvcrt.dll
0x00007ff846970000 - 0x00007ff846a17000 	C:\WINDOWS\System32\sechost.dll
0x00007ff844ee0000 - 0x00007ff844f08000 	C:\WINDOWS\System32\bcrypt.dll
0x00007ff846370000 - 0x00007ff846484000 	C:\WINDOWS\System32\RPCRT4.dll
0x00007ff845a20000 - 0x00007ff845bce000 	C:\WINDOWS\System32\USER32.dll
0x00007ff8450a0000 - 0x00007ff8450c6000 	C:\WINDOWS\System32\win32u.dll
0x00007ff8459d0000 - 0x00007ff8459f9000 	C:\WINDOWS\System32\GDI32.dll
0x00007ff844f80000 - 0x00007ff84509b000 	C:\WINDOWS\System32\gdi32full.dll
0x00007ff8450d0000 - 0x00007ff84516a000 	C:\WINDOWS\System32\msvcp_win.dll
0x00007ff83be40000 - 0x00007ff83be5b000 	C:\Program Files\Java\jdk-21.0.2\bin\VCRUNTIME140.dll
0x00007ff825490000 - 0x00007ff825722000 	C:\WINDOWS\WinSxS\amd64_microsoft.windows.common-controls_6595b64144ccf1df_6.0.22621.4391_none_2715d37f73803e96\COMCTL32.dll
0x00007ff837ad0000 - 0x00007ff837ada000 	C:\WINDOWS\SYSTEM32\VERSION.dll
0x00007ff846510000 - 0x00007ff846541000 	C:\WINDOWS\System32\IMM32.DLL
0x00007ff82a920000 - 0x00007ff82aa81000 	C:\Program Files (x86)\Citrix\ICA Client\ctxapclient64.dll
0x00007ff845630000 - 0x00007ff8459bf000 	C:\WINDOWS\System32\combase.dll
0x00007ff843a40000 - 0x00007ff843a74000 	C:\WINDOWS\SYSTEM32\ntmarta.dll
0x000002d2ca550000 - 0x000002d2ca5cb000 	C:\WINDOWS\System32\bcryptprimitives.dll
0x00007ff82a820000 - 0x00007ff82a85a000 	C:\Program Files (x86)\Citrix\ICA Client\Receiver\FeatureFlagHelper64.dll
0x00007ff83be30000 - 0x00007ff83be3c000 	C:\Program Files\Java\jdk-21.0.2\bin\vcruntime140_1.dll
0x00007ff83a3b0000 - 0x00007ff83a43e000 	C:\Program Files\Java\jdk-21.0.2\bin\msvcp140.dll
0x00007ffff9a30000 - 0x00007ffffa747000 	C:\Program Files\Java\jdk-21.0.2\bin\server\jvm.dll
0x00007ff8462f0000 - 0x00007ff846361000 	C:\WINDOWS\System32\WS2_32.dll
0x00007ff8447c0000 - 0x00007ff84480d000 	C:\WINDOWS\SYSTEM32\POWRPROF.dll
0x00007ff83b530000 - 0x00007ff83b564000 	C:\WINDOWS\SYSTEM32\WINMM.dll
0x00007ff8447a0000 - 0x00007ff8447b3000 	C:\WINDOWS\SYSTEM32\UMPDC.dll
0x00007ff8438d0000 - 0x00007ff8438e8000 	C:\WINDOWS\SYSTEM32\kernel.appcore.dll
0x00007ff83be20000 - 0x00007ff83be2a000 	C:\Program Files\Java\jdk-21.0.2\bin\jimage.dll
0x00007ff83e320000 - 0x00007ff83e552000 	C:\WINDOWS\SYSTEM32\DBGHELP.DLL
0x00007ff8474d0000 - 0x00007ff8475a7000 	C:\WINDOWS\System32\OLEAUT32.dll
0x00007ff838650000 - 0x00007ff838682000 	C:\WINDOWS\SYSTEM32\dbgcore.DLL
0x00007ff83bbc0000 - 0x00007ff83bbcf000 	C:\Program Files\Java\jdk-21.0.2\bin\instrument.dll
0x00007ff83bbe0000 - 0x00007ff83bbff000 	C:\Program Files\Java\jdk-21.0.2\bin\java.dll
0x00007ff846c50000 - 0x00007ff8474c6000 	C:\WINDOWS\System32\SHELL32.dll
0x00007ff842830000 - 0x00007ff843133000 	C:\WINDOWS\SYSTEM32\windows.storage.dll
0x00007ff8426f0000 - 0x00007ff84282f000 	C:\WINDOWS\SYSTEM32\wintypes.dll
0x00007ff8466b0000 - 0x00007ff8467a9000 	C:\WINDOWS\System32\SHCORE.dll
0x00007ff846120000 - 0x00007ff84617e000 	C:\WINDOWS\System32\shlwapi.dll
0x00007ff844820000 - 0x00007ff84484b000 	C:\WINDOWS\SYSTEM32\profapi.dll
0x00007ff833ac0000 - 0x00007ff833b97000 	C:\Program Files\Java\jdk-21.0.2\bin\jsvml.dll
0x00007ff83af70000 - 0x00007ff83af80000 	C:\Program Files\Java\jdk-21.0.2\bin\net.dll
0x00007ff839ac0000 - 0x00007ff839bf6000 	C:\WINDOWS\SYSTEM32\WINHTTP.dll
0x00007ff843db0000 - 0x00007ff843e19000 	C:\WINDOWS\system32\mswsock.dll
0x00007ff83a390000 - 0x00007ff83a3a6000 	C:\Program Files\Java\jdk-21.0.2\bin\nio.dll
0x00007ff83a370000 - 0x00007ff83a388000 	C:\Program Files\Java\jdk-21.0.2\bin\zip.dll
0x00007ff83a330000 - 0x00007ff83a34a000 	D:\IntelliJ IDEA 2024.2.4\bin\breakgen64.dll
0x000002d2e9ee0000 - 0x000002d2e9ee3000 	C:\Users\prabh\.openjfx\cache\21+31\amd64\api-ms-win-core-console-l1-1-0.dll
0x000002d2e9ef0000 - 0x000002d2e9ef3000 	C:\Users\prabh\.openjfx\cache\21+31\amd64\api-ms-win-core-console-l1-2-0.dll
0x000002d2e9f00000 - 0x000002d2e9f03000 	C:\Users\prabh\.openjfx\cache\21+31\amd64\api-ms-win-core-datetime-l1-1-0.dll
0x000002d2e9f10000 - 0x000002d2e9f13000 	C:\Users\prabh\.openjfx\cache\21+31\amd64\api-ms-win-core-debug-l1-1-0.dll
0x000002d2e9f20000 - 0x000002d2e9f23000 	C:\Users\prabh\.openjfx\cache\21+31\amd64\api-ms-win-core-errorhandling-l1-1-0.dll
0x000002d2e9f30000 - 0x000002d2e9f34000 	C:\Users\prabh\.openjfx\cache\21+31\amd64\api-ms-win-core-file-l1-1-0.dll
0x000002d2e9f40000 - 0x000002d2e9f43000 	C:\Users\prabh\.openjfx\cache\21+31\amd64\api-ms-win-core-file-l1-2-0.dll
0x000002d2e9f50000 - 0x000002d2e9f53000 	C:\Users\prabh\.openjfx\cache\21+31\amd64\api-ms-win-core-file-l2-1-0.dll
0x000002d2e9f60000 - 0x000002d2e9f63000 	C:\Users\prabh\.openjfx\cache\21+31\amd64\api-ms-win-core-handle-l1-1-0.dll
0x000002d2e9f70000 - 0x000002d2e9f73000 	C:\Users\prabh\.openjfx\cache\21+31\amd64\api-ms-win-core-heap-l1-1-0.dll
0x000002d2e9f80000 - 0x000002d2e9f83000 	C:\Users\prabh\.openjfx\cache\21+31\amd64\api-ms-win-core-interlocked-l1-1-0.dll
0x000002d2e9f90000 - 0x000002d2e9f93000 	C:\Users\prabh\.openjfx\cache\21+31\amd64\api-ms-win-core-libraryloader-l1-1-0.dll
0x000002d2e9fa0000 - 0x000002d2e9fa3000 	C:\Users\prabh\.openjfx\cache\21+31\amd64\api-ms-win-core-localization-l1-2-0.dll
0x000002d2e9fb0000 - 0x000002d2e9fb3000 	C:\Users\prabh\.openjfx\cache\21+31\amd64\api-ms-win-core-memory-l1-1-0.dll
0x000002d2e9fc0000 - 0x000002d2e9fc3000 	C:\Users\prabh\.openjfx\cache\21+31\amd64\api-ms-win-core-namedpipe-l1-1-0.dll
0x000002d2e9fd0000 - 0x000002d2e9fd3000 	C:\Users\prabh\.openjfx\cache\21+31\amd64\api-ms-win-core-processenvironment-l1-1-0.dll
0x000002d2e9fe0000 - 0x000002d2e9fe3000 	C:\Users\prabh\.openjfx\cache\21+31\amd64\api-ms-win-core-processthreads-l1-1-0.dll
0x000002d2e9ff0000 - 0x000002d2e9ff3000 	C:\Users\prabh\.openjfx\cache\21+31\amd64\api-ms-win-core-processthreads-l1-1-1.dll
0x000002d2efbd0000 - 0x000002d2efbd3000 	C:\Users\prabh\.openjfx\cache\21+31\amd64\api-ms-win-core-profile-l1-1-0.dll
0x000002d2efbe0000 - 0x000002d2efbe3000 	C:\Users\prabh\.openjfx\cache\21+31\amd64\api-ms-win-core-rtlsupport-l1-1-0.dll
0x000002d2efbf0000 - 0x000002d2efbf3000 	C:\Users\prabh\.openjfx\cache\21+31\amd64\api-ms-win-core-string-l1-1-0.dll
0x000002d2efc00000 - 0x000002d2efc03000 	C:\Users\prabh\.openjfx\cache\21+31\amd64\api-ms-win-core-synch-l1-1-0.dll
0x000002d2efc10000 - 0x000002d2efc13000 	C:\Users\prabh\.openjfx\cache\21+31\amd64\api-ms-win-core-synch-l1-2-0.dll
0x000002d2efc20000 - 0x000002d2efc23000 	C:\Users\prabh\.openjfx\cache\21+31\amd64\api-ms-win-core-sysinfo-l1-1-0.dll
0x000002d2efc30000 - 0x000002d2efc33000 	C:\Users\prabh\.openjfx\cache\21+31\amd64\api-ms-win-core-timezone-l1-1-0.dll
0x000002d2efc40000 - 0x000002d2efc43000 	C:\Users\prabh\.openjfx\cache\21+31\amd64\api-ms-win-core-util-l1-1-0.dll
0x000002d2efc50000 - 0x000002d2efc53000 	C:\Users\prabh\.openjfx\cache\21+31\amd64\api-ms-win-crt-conio-l1-1-0.dll
0x000002d2efc60000 - 0x000002d2efc64000 	C:\Users\prabh\.openjfx\cache\21+31\amd64\api-ms-win-crt-convert-l1-1-0.dll
0x000002d2efc70000 - 0x000002d2efc73000 	C:\Users\prabh\.openjfx\cache\21+31\amd64\api-ms-win-crt-environment-l1-1-0.dll
0x000002d2efc80000 - 0x000002d2efc83000 	C:\Users\prabh\.openjfx\cache\21+31\amd64\api-ms-win-crt-filesystem-l1-1-0.dll
0x000002d2efc90000 - 0x000002d2efc93000 	C:\Users\prabh\.openjfx\cache\21+31\amd64\api-ms-win-crt-heap-l1-1-0.dll
0x000002d2efca0000 - 0x000002d2efca3000 	C:\Users\prabh\.openjfx\cache\21+31\amd64\api-ms-win-crt-locale-l1-1-0.dll
0x000002d2efcb0000 - 0x000002d2efcb5000 	C:\Users\prabh\.openjfx\cache\21+31\amd64\api-ms-win-crt-math-l1-1-0.dll
0x000002d2efcc0000 - 0x000002d2efcc5000 	C:\Users\prabh\.openjfx\cache\21+31\amd64\api-ms-win-crt-multibyte-l1-1-0.dll
0x000002d2efcd0000 - 0x000002d2efce0000 	C:\Users\prabh\.openjfx\cache\21+31\amd64\api-ms-win-crt-private-l1-1-0.dll
0x000002d2efce0000 - 0x000002d2efce3000 	C:\Users\prabh\.openjfx\cache\21+31\amd64\api-ms-win-crt-process-l1-1-0.dll
0x000002d2efcf0000 - 0x000002d2efcf4000 	C:\Users\prabh\.openjfx\cache\21+31\amd64\api-ms-win-crt-runtime-l1-1-0.dll
0x000002d2efd00000 - 0x000002d2efd04000 	C:\Users\prabh\.openjfx\cache\21+31\amd64\api-ms-win-crt-stdio-l1-1-0.dll
0x000002d2efd10000 - 0x000002d2efd14000 	C:\Users\prabh\.openjfx\cache\21+31\amd64\api-ms-win-crt-string-l1-1-0.dll
0x000002d2efd20000 - 0x000002d2efd23000 	C:\Users\prabh\.openjfx\cache\21+31\amd64\api-ms-win-crt-time-l1-1-0.dll
0x000002d2efd30000 - 0x000002d2efd33000 	C:\Users\prabh\.openjfx\cache\21+31\amd64\api-ms-win-crt-utility-l1-1-0.dll
0x00007ff8319d0000 - 0x00007ff831acc000 	C:\Users\prabh\.openjfx\cache\21+31\amd64\ucrtbase.dll
0x00007ff83a310000 - 0x00007ff83a32b000 	C:\Users\prabh\.openjfx\cache\21+31\amd64\vcruntime140.dll
0x00007ff839dd0000 - 0x00007ff839ddc000 	C:\Users\prabh\.openjfx\cache\21+31\amd64\vcruntime140_1.dll
0x00007ff830d60000 - 0x00007ff830dee000 	C:\Users\prabh\.openjfx\cache\21+31\amd64\msvcp140.dll
0x000002d2efd40000 - 0x000002d2efee5000 	C:\WINDOWS\System32\ole32.dll
0x00007ff838c30000 - 0x00007ff838c39000 	C:\Users\prabh\.openjfx\cache\21+31\amd64\msvcp140_1.dll
0x00007ff833a90000 - 0x00007ff833abf000 	C:\Users\prabh\.openjfx\cache\21+31\amd64\msvcp140_2.dll
0x00007ff833a60000 - 0x00007ff833a8f000 	C:\Users\prabh\.openjfx\cache\21+31\amd64\prism_d3d.dll
0x00007ff818740000 - 0x00007ff8188e8000 	C:\WINDOWS\system32\d3d9.dll
0x00007ff83e7e0000 - 0x00007ff83e80b000 	C:\WINDOWS\SYSTEM32\dwmapi.dll
0x00007ff83e590000 - 0x00007ff83e5c7000 	C:\WINDOWS\SYSTEM32\dxcore.dll
0x00007ff83e140000 - 0x00007ff83e1f1000 	C:\WINDOWS\system32\uxtheme.dll
0x00007ff8284e0000 - 0x00007ff82868d000 	C:\WINDOWS\System32\DriverStore\FileRepository\iigd_dch.inf_amd64_306090fd1d6bb4fa\igdumdim64.dll
0x00007fffc81e0000 - 0x00007fffcb284000 	C:\WINDOWS\System32\DriverStore\FileRepository\iigd_dch.inf_amd64_306090fd1d6bb4fa\igd9dxva64.dll
0x000002d2f0100000 - 0x000002d2f0574000 	C:\WINDOWS\System32\SETUPAPI.dll
0x00007ff8444f0000 - 0x00007ff84453e000 	C:\WINDOWS\SYSTEM32\cfgmgr32.dll
0x00007ff831ad0000 - 0x00007ff831ed9000 	C:\WINDOWS\System32\DriverStore\FileRepository\iigd_dch.inf_amd64_306090fd1d6bb4fa\igdgmm64.dll
0x00007ff8390b0000 - 0x00007ff8390f9000 	C:\WINDOWS\SYSTEM32\directxdatabasehelper.dll
0x00007ff830d10000 - 0x00007ff830d52000 	C:\Users\prabh\.openjfx\cache\21+31\amd64\glass.dll
0x00007ff846870000 - 0x00007ff84696f000 	C:\WINDOWS\System32\COMDLG32.dll
0x000002d2eff60000 - 0x000002d2f00c0000 	C:\WINDOWS\System32\MSCTF.dll
0x00007ff816940000 - 0x00007ff816967000 	C:\WINDOWS\System32\DriverStore\FileRepository\iigd_dch.inf_amd64_306090fd1d6bb4fa\igdinfo64.dll
0x00007ff844000000 - 0x00007ff84401b000 	C:\WINDOWS\SYSTEM32\CRYPTSP.dll
0x00007ff843890000 - 0x00007ff8438c5000 	C:\WINDOWS\system32\rsaenh.dll
0x00007ff844020000 - 0x00007ff84402c000 	C:\WINDOWS\SYSTEM32\CRYPTBASE.dll
0x00007ffff3a00000 - 0x00007ffff7196000 	C:\WINDOWS\System32\DriverStore\FileRepository\iigd_dch.inf_amd64_306090fd1d6bb4fa\igc64.dll
0x00007ff843410000 - 0x00007ff843512000 	C:\WINDOWS\SYSTEM32\DNSAPI.dll
0x00007ff8433a0000 - 0x00007ff8433cd000 	C:\WINDOWS\SYSTEM32\IPHLPAPI.DLL
0x00007ff8467b0000 - 0x00007ff8467b9000 	C:\WINDOWS\System32\NSI.dll
0x00007ff837e20000 - 0x00007ff837e2a000 	C:\Windows\System32\rasadhlp.dll
0x00007ff8393d0000 - 0x00007ff839453000 	C:\WINDOWS\System32\fwpuclnt.dll
0x00007ff8339e0000 - 0x00007ff8339ee000 	C:\Program Files\Java\jdk-21.0.2\bin\sunmscapi.dll
0x00007ff8448f0000 - 0x00007ff844a56000 	C:\WINDOWS\System32\CRYPT32.dll
0x00007ff8441c0000 - 0x00007ff8441ed000 	C:\WINDOWS\SYSTEM32\ncrypt.dll
0x00007ff844180000 - 0x00007ff8441b7000 	C:\WINDOWS\SYSTEM32\NTASN1.dll

dbghelp: loaded successfully - version: 4.0.5 - missing functions: none
symbol engine: initialized successfully - sym options: 0x614 - pdb path: .;C:\Program Files\Java\jdk-21.0.2\bin;C:\WINDOWS\SYSTEM32;C:\WINDOWS\WinSxS\amd64_microsoft.windows.common-controls_6595b64144ccf1df_6.0.22621.4391_none_2715d37f73803e96;C:\Program Files (x86)\Citrix\ICA Client;C:\Program Files (x86)\Citrix\ICA Client\Receiver;C:\Program Files\Java\jdk-21.0.2\bin\server;D:\IntelliJ IDEA 2024.2.4\bin;C:\Users\prabh\.openjfx\cache\21+31\amd64;C:\WINDOWS\System32\DriverStore\FileRepository\iigd_dch.inf_amd64_306090fd1d6bb4fa

VM Arguments:
jvm_args: -javaagent:D:\IntelliJ IDEA 2024.2.4\lib\idea_rt.jar=56331:D:\IntelliJ IDEA 2024.2.4\bin -Dfile.encoding=UTF-8 -Dsun.stdout.encoding=UTF-8 -Dsun.stderr.encoding=UTF-8 --module-path=C:\Users\prabh\.m2\repository\org\openjfx\javafx-controls\21\javafx-controls-21-win.jar;C:\Users\prabh\.m2\repository\com\google\code\gson\gson\2.8.9\gson-2.8.9.jar;C:\Users\prabh\.m2\repository\org\openjfx\javafx-graphics\21\javafx-graphics-21-win.jar;C:\Users\prabh\.m2\repository\org\openjfx\javafx-fxml\21\javafx-fxml-21-win.jar;C:\Users\prabh\.m2\repository\com\mysql\mysql-connector-j\8.0.33\mysql-connector-j-8.0.33.jar;C:\Users\prabh\IdeaProjects\OOD5\target\classes;C:\Users\prabh\.m2\repository\org\openjfx\javafx-base\21\javafx-base-21-win.jar -Djdk.module.main=org.example.ood5 
java_command: org.example.ood5/Main.Main
java_class_path (initial): C:\Users\prabh\.m2\repository\org\openjfx\javafx-controls\21\javafx-controls-21.jar;C:\Users\prabh\.m2\repository\org\openjfx\javafx-graphics\21\javafx-graphics-21.jar;C:\Users\prabh\.m2\repository\org\openjfx\javafx-base\21\javafx-base-21.jar;C:\Users\prabh\.m2\repository\org\openjfx\javafx-fxml\21\javafx-fxml-21.jar;C:\Users\prabh\.m2\repository\com\google\protobuf\protobuf-java\3.21.9\protobuf-java-3.21.9.jar
Launcher Type: SUN_STANDARD

[Global flags]
     intx CICompilerCount                          = 4                                         {product} {ergonomic}
     uint ConcGCThreads                            = 2                                         {product} {ergonomic}
     uint G1ConcRefinementThreads                  = 8                                         {product} {ergonomic}
   size_t G1HeapRegionSize                         = 2097152                                   {product} {ergonomic}
    uintx GCDrainStackTargetSize                   = 64                                        {product} {ergonomic}
   size_t InitialHeapSize                          = 264241152                                 {product} {ergonomic}
   size_t MarkStackSize                            = 4194304                                   {product} {ergonomic}
   size_t MaxHeapSize                              = 4221566976                                {product} {ergonomic}
   size_t MaxNewSize                               = 2531262464                                {product} {ergonomic}
   size_t MinHeapDeltaBytes                        = 2097152                                   {product} {ergonomic}
   size_t MinHeapSize                              = 8388608                                   {product} {ergonomic}
    uintx NonNMethodCodeHeapSize                   = 5839372                                {pd product} {ergonomic}
    uintx NonProfiledCodeHeapSize                  = 122909434                              {pd product} {ergonomic}
    uintx ProfiledCodeHeapSize                     = 122909434                              {pd product} {ergonomic}
    uintx ReservedCodeCacheSize                    = 251658240                              {pd product} {ergonomic}
     bool SegmentedCodeCache                       = true                                      {product} {ergonomic}
   size_t SoftMaxHeapSize                          = 4221566976                             {manageable} {ergonomic}
     bool UseCompressedOops                        = true                           {product lp64_product} {ergonomic}
     bool UseG1GC                                  = true                                      {product} {ergonomic}
     bool UseLargePagesIndividualAllocation        = false                                  {pd product} {ergonomic}

Logging:
Log output configuration:
 #0: stdout all=warning uptime,level,tags foldmultilines=false
 #1: stderr all=off uptime,level,tags foldmultilines=false

Environment Variables:
JAVA_HOME=C:\Program Files\Java\jdk-21.0.2
PATH=C:\WINDOWS\system32;C:\WINDOWS;C:\WINDOWS\System32\Wbem;C:\WINDOWS\System32\WindowsPowerShell\v1.0\;C:\WINDOWS\System32\OpenSSH\;C:\Program Files\Java\jdk-21.0.2\bin;C:\Users\prabh\AppData\Local\Programs\MiKTeX\miktex\bin\x64\;C:\Users\prabh\.m2\wrapper\dists\apache-maven-3.8.5-bin\5i5jha092a3i37g0paqnfr15e0\apache-maven-3.8.5\bin;C:\Program Files\Git\cmd;C:\Users\prabh\AppData\Local\Programs\Python\Python311\Scripts\;C:\Users\prabh\AppData\Local\Programs\Python\Python311\;C:\Users\prabh\AppData\Local\Microsoft\WindowsApps;C:\Users\prabh\AppData\Local\Programs\Microsoft VS Code\bin;C:\Users\prabh\AppData\Local\JetBrains\Toolbox\scripts;C:\Users\prabh\AppData\Local\Programs\MiKTeX\miktex\bin\x64\;C:\Program Files\JetBrains\IntelliJ IDEA 2023.3.3\bin;
USERNAME=prabh
OS=Windows_NT
PROCESSOR_IDENTIFIER=Intel64 Family 6 Model 142 Stepping 12, GenuineIntel
TMP=C:\Users\prabh\AppData\Local\Temp
TEMP=C:\Users\prabh\AppData\Local\Temp




Periodic native trim disabled

---------------  S Y S T E M  ---------------

OS:
 Windows 11 , 64 bit Build 22621 (10.0.22621.4391)
OS uptime: 11 days 12:17 hours

CPU: total 8 (initial active 8) (4 cores per cpu, 2 threads per core) family 6 model 142 stepping 12 microcode 0xfa, cx8, cmov, fxsr, ht, mmx, 3dnowpref, sse, sse2, sse3, ssse3, sse4.1, sse4.2, popcnt, lzcnt, tsc, tscinvbit, avx, avx2, aes, erms, clmul, bmi1, bmi2, adx, fma, vzeroupper, clflush, clflushopt, rdtscp, f16c
Processor Information for all 8 processors :
  Max Mhz: 1896, Current Mhz: 798, Mhz Limit: 796

Memory: 4k page, system-wide physical 16099M (4742M free)
TotalPageFile size 33712M (AvailPageFile size 4M)
current process WorkingSet (physical memory assigned to process): 165M, peak: 165M
current process commit charge ("private bytes"): 408M, peak: 410M

vm_info: Java HotSpot(TM) 64-Bit Server VM (21.0.2+13-LTS-58) for windows-amd64 JRE (21.0.2+13-LTS-58), built on 2024-01-05T18:32:24Z by "mach5one" with MS VC++ 17.1 (VS2022)

END.
