#
# There is insufficient memory for the Java Runtime Environment to continue.
# Native memory allocation (malloc) failed to allocate 694416 bytes for Chunk::new
# Possible reasons:
#   The system is out of physical RAM or swap space
#   The process is running with CompressedOops enabled, and the Java Heap may be blocking the growth of the native heap
# Possible solutions:
#   Reduce memory load on the system
#   Increase physical memory or swap space
#   Check if swap backing store is full
#   Decrease Java heap size (-Xmx/-Xms)
#   Decrease number of Java threads
#   Decrease Java thread stack sizes (-Xss)
#   Set larger code cache with -XX:ReservedCodeCacheSize=
#   JVM is running with Zero Based Compressed Oops mode in which the Java heap is
#     placed in the first 32GB address space. The Java Heap base address is the
#     maximum limit for the native heap growth. Please use -XX:HeapBaseMinAddress
#     to set the Java Heap base and to place the Java Heap above 32GB virtual address.
# This output file may be truncated or incomplete.
#
#  Out of Memory Error (arena.cpp:168), pid=2260, tid=17676
#
# JRE version: Java(TM) SE Runtime Environment (21.0.2+13) (build 21.0.2+13-LTS-58)
# Java VM: Java HotSpot(TM) 64-Bit Server VM (21.0.2+13-LTS-58, mixed mode, sharing, tiered, compressed oops, compressed class ptrs, g1 gc, windows-amd64)
# No core dump will be written. Minidumps are not enabled by default on client versions of Windows
#

---------------  S U M M A R Y ------------

Command Line: -javaagent:D:\IntelliJ IDEA 2024.2.4\lib\idea_rt.jar=53561:D:\IntelliJ IDEA 2024.2.4\bin -Dfile.encoding=UTF-8 -Dsun.stdout.encoding=UTF-8 -Dsun.stderr.encoding=UTF-8 --module-path=C:\Users\prabh\.m2\repository\com\mysql\mysql-connector-j\8.0.33\mysql-connector-j-8.0.33.jar;C:\Users\prabh\.m2\repository\org\openjfx\javafx-fxml\21\javafx-fxml-21-win.jar;C:\Users\prabh\.m2\repository\com\google\code\gson\gson\2.8.9\gson-2.8.9.jar;C:\Users\prabh\.m2\repository\org\openjfx\javafx-graphics\21\javafx-graphics-21-win.jar;C:\Users\prabh\.m2\repository\org\openjfx\javafx-controls\21\javafx-controls-21-win.jar;C:\Users\prabh\.m2\repository\org\openjfx\javafx-base\21\javafx-base-21-win.jar;C:\Users\prabh\IdeaProjects\OOD5\target\classes -Djdk.module.main=org.example.ood5 org.example.ood5/Main.Main

Host: Intel(R) Core(TM) i5-8365U CPU @ 1.60GHz, 8 cores, 15G,  Windows 11 , 64 bit Build 22621 (10.0.22621.4391)
Time: Tue Nov 26 09:23:50 2024 Sri Lanka Standard Time elapsed time: 8.205611 seconds (0d 0h 0m 8s)

---------------  T H R E A D  ---------------

Current thread (0x000001b67da4a040):  JavaThread "C2 CompilerThread0" daemon [_thread_in_native, id=17676, stack(0x0000008a9b800000,0x0000008a9b900000) (1024K)]


Current CompileTask:
C2:   8205 1031       4       java.util.HashSet::add (20 bytes)

Stack: [0x0000008a9b800000,0x0000008a9b900000]
Native frames: (J=compiled Java code, j=interpreted, Vv=VM code, C=native code)
V  [jvm.dll+0x6cade9]
V  [jvm.dll+0x8569c1]
V  [jvm.dll+0x858d2e]
V  [jvm.dll+0x859413]
V  [jvm.dll+0x280e56]
V  [jvm.dll+0xc3f3d]
V  [jvm.dll+0xc4473]
V  [jvm.dll+0x3b5bf2]
V  [jvm.dll+0x382855]
V  [jvm.dll+0x381cca]
V  [jvm.dll+0x249bd0]
V  [jvm.dll+0x2491b1]
V  [jvm.dll+0x1c9634]
V  [jvm.dll+0x258859]
V  [jvm.dll+0x256e3a]
V  [jvm.dll+0x3ef6c6]
V  [jvm.dll+0x7ff568]
V  [jvm.dll+0x6c953d]
C  [ucrtbase.dll+0x29333]
C  [KERNEL32.DLL+0x1259d]
C  [ntdll.dll+0x5af38]


---------------  P R O C E S S  ---------------

Threads class SMR info:
_java_thread_list=0x000001b67e335970, length=20, elements={
0x000001b65ca02510, 0x000001b67da3dbc0, 0x000001b67da3e930, 0x000001b67da44a60,
0x000001b67da455f0, 0x000001b67da46690, 0x000001b67da470f0, 0x000001b67da4a040,
0x000001b67dd88090, 0x000001b67da047f0, 0x000001b67e76daf0, 0x000001b67e309800,
0x000001b67e667a90, 0x000001b67e91f770, 0x000001b67e92ffd0, 0x000001b67df84e10,
0x000001b6461414f0, 0x000001b67deea350, 0x000001b67e1eb720, 0x000001b67e1ee5c0
}

Java Threads: ( => current thread )
  0x000001b65ca02510 JavaThread "main"                              [_thread_blocked, id=15184, stack(0x0000008a9a900000,0x0000008a9aa00000) (1024K)]
  0x000001b67da3dbc0 JavaThread "Reference Handler"          daemon [_thread_blocked, id=9364, stack(0x0000008a9b200000,0x0000008a9b300000) (1024K)]
  0x000001b67da3e930 JavaThread "Finalizer"                  daemon [_thread_blocked, id=18416, stack(0x0000008a9b300000,0x0000008a9b400000) (1024K)]
  0x000001b67da44a60 JavaThread "Signal Dispatcher"          daemon [_thread_blocked, id=18532, stack(0x0000008a9b400000,0x0000008a9b500000) (1024K)]
  0x000001b67da455f0 JavaThread "Attach Listener"            daemon [_thread_blocked, id=6028, stack(0x0000008a9b500000,0x0000008a9b600000) (1024K)]
  0x000001b67da46690 JavaThread "Service Thread"             daemon [_thread_blocked, id=2904, stack(0x0000008a9b600000,0x0000008a9b700000) (1024K)]
  0x000001b67da470f0 JavaThread "Monitor Deflation Thread"   daemon [_thread_blocked, id=4892, stack(0x0000008a9b700000,0x0000008a9b800000) (1024K)]
=>0x000001b67da4a040 JavaThread "C2 CompilerThread0"         daemon [_thread_in_native, id=17676, stack(0x0000008a9b800000,0x0000008a9b900000) (1024K)]
  0x000001b67dd88090 JavaThread "C1 CompilerThread0"         daemon [_thread_blocked, id=8600, stack(0x0000008a9b900000,0x0000008a9ba00000) (1024K)]
  0x000001b67da047f0 JavaThread "Common-Cleaner"             daemon [_thread_blocked, id=1916, stack(0x0000008a9ba00000,0x0000008a9bb00000) (1024K)]
  0x000001b67e76daf0 JavaThread "Monitor Ctrl-Break"         daemon [_thread_in_native, id=2556, stack(0x0000008a9bd00000,0x0000008a9be00000) (1024K)]
  0x000001b67e309800 JavaThread "Notification Thread"        daemon [_thread_blocked, id=11452, stack(0x0000008a9be00000,0x0000008a9bf00000) (1024K)]
  0x000001b67e667a90 JavaThread "QuantumRenderer-0"          daemon [_thread_blocked, id=2316, stack(0x0000008a9bc00000,0x0000008a9bd00000) (1024K)]
  0x000001b67e91f770 JavaThread "InvokeLaterDispatcher"      daemon [_thread_blocked, id=13856, stack(0x0000008a9bf00000,0x0000008a9c000000) (1024K)]
  0x000001b67e92ffd0 JavaThread "JavaFX Application Thread"         [_thread_in_vm, id=7716, stack(0x0000008a9c000000,0x0000008a9c100000) (1024K)]
  0x000001b67df84e10 JavaThread "Thread-1"                   daemon [_thread_in_native, id=19032, stack(0x0000008a9c400000,0x0000008a9c500000) (1024K)]
  0x000001b6461414f0 JavaThread "JavaFX-Launcher"                   [_thread_blocked, id=25032, stack(0x0000008a9ca00000,0x0000008a9cb00000) (1024K)]
  0x000001b67deea350 JavaThread "mysql-cj-abandoned-connection-cleanup" daemon [_thread_blocked, id=20484, stack(0x0000008a9bb00000,0x0000008a9bc00000) (1024K)]
  0x000001b67e1eb720 JavaThread "C2 CompilerThread1"         daemon [_thread_in_native, id=16376, stack(0x0000008a9cb00000,0x0000008a9cc00000) (1024K)]
  0x000001b67e1ee5c0 JavaThread "C2 CompilerThread2"         daemon [_thread_in_native, id=2388, stack(0x0000008a9cc00000,0x0000008a9cd00000) (1024K)]
Total: 20

Other Threads:
  0x000001b67da17800 VMThread "VM Thread"                           [id=164, stack(0x0000008a9b100000,0x0000008a9b200000) (1024K)]
  0x000001b67da04080 WatcherThread "VM Periodic Task Thread"        [id=8688, stack(0x0000008a9b000000,0x0000008a9b100000) (1024K)]
  0x000001b65ed30c30 WorkerThread "GC Thread#0"                     [id=5196, stack(0x0000008a9ab00000,0x0000008a9ac00000) (1024K)]
  0x000001b64607dec0 WorkerThread "GC Thread#1"                     [id=15068, stack(0x0000008a9c500000,0x0000008a9c600000) (1024K)]
  0x000001b6460f98c0 WorkerThread "GC Thread#2"                     [id=11140, stack(0x0000008a9c600000,0x0000008a9c700000) (1024K)]
  0x000001b646043920 WorkerThread "GC Thread#3"                     [id=20588, stack(0x0000008a9c700000,0x0000008a9c800000) (1024K)]
  0x000001b64611f820 WorkerThread "GC Thread#4"                     [id=25124, stack(0x0000008a9c800000,0x0000008a9c900000) (1024K)]
  0x000001b6460facd0 WorkerThread "GC Thread#5"                     [id=23668, stack(0x0000008a9c900000,0x0000008a9ca00000) (1024K)]
  0x000001b65ed41b30 ConcurrentGCThread "G1 Main Marker"            [id=4296, stack(0x0000008a9ac00000,0x0000008a9ad00000) (1024K)]
  0x000001b65ed44d90 WorkerThread "G1 Conc#0"                       [id=15616, stack(0x0000008a9ad00000,0x0000008a9ae00000) (1024K)]
  0x000001b67d8d2620 ConcurrentGCThread "G1 Refine#0"               [id=11976, stack(0x0000008a9ae00000,0x0000008a9af00000) (1024K)]
  0x000001b67d8d5fc0 ConcurrentGCThread "G1 Service"                [id=16840, stack(0x0000008a9af00000,0x0000008a9b000000) (1024K)]
Total: 12

Threads with active compile tasks:
C2 CompilerThread0     8271 1031       4       java.util.HashSet::add (20 bytes)
C2 CompilerThread1     8271 1086 %     4       java.util.Properties$LineReader::readLine @ 53 (584 bytes)
C2 CompilerThread2     8271 1083       4       java.util.Properties::loadConvert (540 bytes)
Total: 3

VM state: not at safepoint (normal execution)

VM Mutex/Monitor currently owned by a thread: None

Heap address: 0x0000000704600000, size: 4026 MB, Compressed Oops mode: Zero based, Oop shift amount: 3

CDS archive(s) mapped at: [0x000001b600000000-0x000001b600c90000-0x000001b600c90000), size 13172736, SharedBaseAddress: 0x000001b600000000, ArchiveRelocationMode: 1.
Compressed class space mapped at: 0x000001b601000000-0x000001b641000000, reserved size: 1073741824
Narrow klass base: 0x000001b600000000, Narrow klass shift: 0, Narrow klass range: 0x100000000

GC Precious Log:
 CardTable entry size: 512
 Card Set container configuration: InlinePtr #cards 4 size 8 Array Of Cards #cards 16 size 48 Howl #buckets 8 coarsen threshold 3686 Howl Bitmap #cards 512 size 80 coarsen threshold 460 Card regions per heap region 1 cards per card region 4096
 CPUs: 8 total, 8 available
 Memory: 16099M
 Large Page Support: Disabled
 NUMA Support: Disabled
 Compressed Oops: Enabled (Zero based)
 Heap Region Size: 2M
 Heap Min Capacity: 8M
 Heap Initial Capacity: 252M
 Heap Max Capacity: 4026M
 Pre-touch: Disabled
 Parallel Workers: 8
 Concurrent Workers: 2
 Concurrent Refinement Workers: 8
 Periodic GC: Disabled

Heap:
 garbage-first heap   total 258048K, used 6783K [0x0000000704600000, 0x0000000800000000)
  region size 2048K, 5 young (10240K), 2 survivors (4096K)
 Metaspace       used 6104K, committed 6336K, reserved 1114112K
  class space    used 696K, committed 832K, reserved 1048576K

Heap Regions: E=young(eden), S=young(survivor), O=old, HS=humongous(starts), HC=humongous(continues), CS=collection set, F=free, TAMS=top-at-mark-start, PB=parsable bottom
|   0|0x0000000704600000, 0x0000000704600000, 0x0000000704800000|  0%| F|  |TAMS 0x0000000704600000| PB 0x0000000704600000| Untracked 
|   1|0x0000000704800000, 0x0000000704800000, 0x0000000704a00000|  0%| F|  |TAMS 0x0000000704800000| PB 0x0000000704800000| Untracked 
|   2|0x0000000704a00000, 0x0000000704a00000, 0x0000000704c00000|  0%| F|  |TAMS 0x0000000704a00000| PB 0x0000000704a00000| Untracked 
|   3|0x0000000704c00000, 0x0000000704c00000, 0x0000000704e00000|  0%| F|  |TAMS 0x0000000704c00000| PB 0x0000000704c00000| Untracked 
|   4|0x0000000704e00000, 0x0000000704e00000, 0x0000000705000000|  0%| F|  |TAMS 0x0000000704e00000| PB 0x0000000704e00000| Untracked 
|   5|0x0000000705000000, 0x0000000705000000, 0x0000000705200000|  0%| F|  |TAMS 0x0000000705000000| PB 0x0000000705000000| Untracked 
|   6|0x0000000705200000, 0x0000000705200000, 0x0000000705400000|  0%| F|  |TAMS 0x0000000705200000| PB 0x0000000705200000| Untracked 
|   7|0x0000000705400000, 0x0000000705400000, 0x0000000705600000|  0%| F|  |TAMS 0x0000000705400000| PB 0x0000000705400000| Untracked 
|   8|0x0000000705600000, 0x0000000705600000, 0x0000000705800000|  0%| F|  |TAMS 0x0000000705600000| PB 0x0000000705600000| Untracked 
|   9|0x0000000705800000, 0x0000000705800000, 0x0000000705a00000|  0%| F|  |TAMS 0x0000000705800000| PB 0x0000000705800000| Untracked 
|  10|0x0000000705a00000, 0x0000000705a00000, 0x0000000705c00000|  0%| F|  |TAMS 0x0000000705a00000| PB 0x0000000705a00000| Untracked 
|  11|0x0000000705c00000, 0x0000000705c00000, 0x0000000705e00000|  0%| F|  |TAMS 0x0000000705c00000| PB 0x0000000705c00000| Untracked 
|  12|0x0000000705e00000, 0x0000000705e00000, 0x0000000706000000|  0%| F|  |TAMS 0x0000000705e00000| PB 0x0000000705e00000| Untracked 
|  13|0x0000000706000000, 0x0000000706000000, 0x0000000706200000|  0%| F|  |TAMS 0x0000000706000000| PB 0x0000000706000000| Untracked 
|  14|0x0000000706200000, 0x0000000706200000, 0x0000000706400000|  0%| F|  |TAMS 0x0000000706200000| PB 0x0000000706200000| Untracked 
|  15|0x0000000706400000, 0x0000000706400000, 0x0000000706600000|  0%| F|  |TAMS 0x0000000706400000| PB 0x0000000706400000| Untracked 
|  16|0x0000000706600000, 0x0000000706600000, 0x0000000706800000|  0%| F|  |TAMS 0x0000000706600000| PB 0x0000000706600000| Untracked 
|  17|0x0000000706800000, 0x0000000706800000, 0x0000000706a00000|  0%| F|  |TAMS 0x0000000706800000| PB 0x0000000706800000| Untracked 
|  18|0x0000000706a00000, 0x0000000706a00000, 0x0000000706c00000|  0%| F|  |TAMS 0x0000000706a00000| PB 0x0000000706a00000| Untracked 
|  19|0x0000000706c00000, 0x0000000706c00000, 0x0000000706e00000|  0%| F|  |TAMS 0x0000000706c00000| PB 0x0000000706c00000| Untracked 
|  20|0x0000000706e00000, 0x0000000706e00000, 0x0000000707000000|  0%| F|  |TAMS 0x0000000706e00000| PB 0x0000000706e00000| Untracked 
|  21|0x0000000707000000, 0x0000000707000000, 0x0000000707200000|  0%| F|  |TAMS 0x0000000707000000| PB 0x0000000707000000| Untracked 
|  22|0x0000000707200000, 0x0000000707200000, 0x0000000707400000|  0%| F|  |TAMS 0x0000000707200000| PB 0x0000000707200000| Untracked 
|  23|0x0000000707400000, 0x0000000707400000, 0x0000000707600000|  0%| F|  |TAMS 0x0000000707400000| PB 0x0000000707400000| Untracked 
|  24|0x0000000707600000, 0x0000000707600000, 0x0000000707800000|  0%| F|  |TAMS 0x0000000707600000| PB 0x0000000707600000| Untracked 
|  25|0x0000000707800000, 0x0000000707800000, 0x0000000707a00000|  0%| F|  |TAMS 0x0000000707800000| PB 0x0000000707800000| Untracked 
|  26|0x0000000707a00000, 0x0000000707a00000, 0x0000000707c00000|  0%| F|  |TAMS 0x0000000707a00000| PB 0x0000000707a00000| Untracked 
|  27|0x0000000707c00000, 0x0000000707c00000, 0x0000000707e00000|  0%| F|  |TAMS 0x0000000707c00000| PB 0x0000000707c00000| Untracked 
|  28|0x0000000707e00000, 0x0000000707e00000, 0x0000000708000000|  0%| F|  |TAMS 0x0000000707e00000| PB 0x0000000707e00000| Untracked 
|  29|0x0000000708000000, 0x0000000708000000, 0x0000000708200000|  0%| F|  |TAMS 0x0000000708000000| PB 0x0000000708000000| Untracked 
|  30|0x0000000708200000, 0x0000000708200000, 0x0000000708400000|  0%| F|  |TAMS 0x0000000708200000| PB 0x0000000708200000| Untracked 
|  31|0x0000000708400000, 0x0000000708400000, 0x0000000708600000|  0%| F|  |TAMS 0x0000000708400000| PB 0x0000000708400000| Untracked 
|  32|0x0000000708600000, 0x0000000708600000, 0x0000000708800000|  0%| F|  |TAMS 0x0000000708600000| PB 0x0000000708600000| Untracked 
|  33|0x0000000708800000, 0x0000000708800000, 0x0000000708a00000|  0%| F|  |TAMS 0x0000000708800000| PB 0x0000000708800000| Untracked 
|  34|0x0000000708a00000, 0x0000000708a00000, 0x0000000708c00000|  0%| F|  |TAMS 0x0000000708a00000| PB 0x0000000708a00000| Untracked 
|  35|0x0000000708c00000, 0x0000000708c00000, 0x0000000708e00000|  0%| F|  |TAMS 0x0000000708c00000| PB 0x0000000708c00000| Untracked 
|  36|0x0000000708e00000, 0x0000000708e00000, 0x0000000709000000|  0%| F|  |TAMS 0x0000000708e00000| PB 0x0000000708e00000| Untracked 
|  37|0x0000000709000000, 0x0000000709000000, 0x0000000709200000|  0%| F|  |TAMS 0x0000000709000000| PB 0x0000000709000000| Untracked 
|  38|0x0000000709200000, 0x0000000709200000, 0x0000000709400000|  0%| F|  |TAMS 0x0000000709200000| PB 0x0000000709200000| Untracked 
|  39|0x0000000709400000, 0x0000000709400000, 0x0000000709600000|  0%| F|  |TAMS 0x0000000709400000| PB 0x0000000709400000| Untracked 
|  40|0x0000000709600000, 0x0000000709600000, 0x0000000709800000|  0%| F|  |TAMS 0x0000000709600000| PB 0x0000000709600000| Untracked 
|  41|0x0000000709800000, 0x0000000709800000, 0x0000000709a00000|  0%| F|  |TAMS 0x0000000709800000| PB 0x0000000709800000| Untracked 
|  42|0x0000000709a00000, 0x0000000709a00000, 0x0000000709c00000|  0%| F|  |TAMS 0x0000000709a00000| PB 0x0000000709a00000| Untracked 
|  43|0x0000000709c00000, 0x0000000709c00000, 0x0000000709e00000|  0%| F|  |TAMS 0x0000000709c00000| PB 0x0000000709c00000| Untracked 
|  44|0x0000000709e00000, 0x0000000709e00000, 0x000000070a000000|  0%| F|  |TAMS 0x0000000709e00000| PB 0x0000000709e00000| Untracked 
|  45|0x000000070a000000, 0x000000070a000000, 0x000000070a200000|  0%| F|  |TAMS 0x000000070a000000| PB 0x000000070a000000| Untracked 
|  46|0x000000070a200000, 0x000000070a200000, 0x000000070a400000|  0%| F|  |TAMS 0x000000070a200000| PB 0x000000070a200000| Untracked 
|  47|0x000000070a400000, 0x000000070a400000, 0x000000070a600000|  0%| F|  |TAMS 0x000000070a400000| PB 0x000000070a400000| Untracked 
|  48|0x000000070a600000, 0x000000070a600000, 0x000000070a800000|  0%| F|  |TAMS 0x000000070a600000| PB 0x000000070a600000| Untracked 
|  49|0x000000070a800000, 0x000000070a800000, 0x000000070aa00000|  0%| F|  |TAMS 0x000000070a800000| PB 0x000000070a800000| Untracked 
|  50|0x000000070aa00000, 0x000000070aa00000, 0x000000070ac00000|  0%| F|  |TAMS 0x000000070aa00000| PB 0x000000070aa00000| Untracked 
|  51|0x000000070ac00000, 0x000000070ac00000, 0x000000070ae00000|  0%| F|  |TAMS 0x000000070ac00000| PB 0x000000070ac00000| Untracked 
|  52|0x000000070ae00000, 0x000000070ae00000, 0x000000070b000000|  0%| F|  |TAMS 0x000000070ae00000| PB 0x000000070ae00000| Untracked 
|  53|0x000000070b000000, 0x000000070b000000, 0x000000070b200000|  0%| F|  |TAMS 0x000000070b000000| PB 0x000000070b000000| Untracked 
|  54|0x000000070b200000, 0x000000070b200000, 0x000000070b400000|  0%| F|  |TAMS 0x000000070b200000| PB 0x000000070b200000| Untracked 
|  55|0x000000070b400000, 0x000000070b400000, 0x000000070b600000|  0%| F|  |TAMS 0x000000070b400000| PB 0x000000070b400000| Untracked 
|  56|0x000000070b600000, 0x000000070b600000, 0x000000070b800000|  0%| F|  |TAMS 0x000000070b600000| PB 0x000000070b600000| Untracked 
|  57|0x000000070b800000, 0x000000070b800000, 0x000000070ba00000|  0%| F|  |TAMS 0x000000070b800000| PB 0x000000070b800000| Untracked 
|  58|0x000000070ba00000, 0x000000070ba00000, 0x000000070bc00000|  0%| F|  |TAMS 0x000000070ba00000| PB 0x000000070ba00000| Untracked 
|  59|0x000000070bc00000, 0x000000070bc00000, 0x000000070be00000|  0%| F|  |TAMS 0x000000070bc00000| PB 0x000000070bc00000| Untracked 
|  60|0x000000070be00000, 0x000000070be00000, 0x000000070c000000|  0%| F|  |TAMS 0x000000070be00000| PB 0x000000070be00000| Untracked 
|  61|0x000000070c000000, 0x000000070c000000, 0x000000070c200000|  0%| F|  |TAMS 0x000000070c000000| PB 0x000000070c000000| Untracked 
|  62|0x000000070c200000, 0x000000070c200000, 0x000000070c400000|  0%| F|  |TAMS 0x000000070c200000| PB 0x000000070c200000| Untracked 
|  63|0x000000070c400000, 0x000000070c400000, 0x000000070c600000|  0%| F|  |TAMS 0x000000070c400000| PB 0x000000070c400000| Untracked 
|  64|0x000000070c600000, 0x000000070c600000, 0x000000070c800000|  0%| F|  |TAMS 0x000000070c600000| PB 0x000000070c600000| Untracked 
|  65|0x000000070c800000, 0x000000070c800000, 0x000000070ca00000|  0%| F|  |TAMS 0x000000070c800000| PB 0x000000070c800000| Untracked 
|  66|0x000000070ca00000, 0x000000070ca00000, 0x000000070cc00000|  0%| F|  |TAMS 0x000000070ca00000| PB 0x000000070ca00000| Untracked 
|  67|0x000000070cc00000, 0x000000070cc00000, 0x000000070ce00000|  0%| F|  |TAMS 0x000000070cc00000| PB 0x000000070cc00000| Untracked 
|  68|0x000000070ce00000, 0x000000070ce00000, 0x000000070d000000|  0%| F|  |TAMS 0x000000070ce00000| PB 0x000000070ce00000| Untracked 
|  69|0x000000070d000000, 0x000000070d000000, 0x000000070d200000|  0%| F|  |TAMS 0x000000070d000000| PB 0x000000070d000000| Untracked 
|  70|0x000000070d200000, 0x000000070d200000, 0x000000070d400000|  0%| F|  |TAMS 0x000000070d200000| PB 0x000000070d200000| Untracked 
|  71|0x000000070d400000, 0x000000070d400000, 0x000000070d600000|  0%| F|  |TAMS 0x000000070d400000| PB 0x000000070d400000| Untracked 
|  72|0x000000070d600000, 0x000000070d600000, 0x000000070d800000|  0%| F|  |TAMS 0x000000070d600000| PB 0x000000070d600000| Untracked 
|  73|0x000000070d800000, 0x000000070d800000, 0x000000070da00000|  0%| F|  |TAMS 0x000000070d800000| PB 0x000000070d800000| Untracked 
|  74|0x000000070da00000, 0x000000070da00000, 0x000000070dc00000|  0%| F|  |TAMS 0x000000070da00000| PB 0x000000070da00000| Untracked 
|  75|0x000000070dc00000, 0x000000070dc00000, 0x000000070de00000|  0%| F|  |TAMS 0x000000070dc00000| PB 0x000000070dc00000| Untracked 
|  76|0x000000070de00000, 0x000000070de00000, 0x000000070e000000|  0%| F|  |TAMS 0x000000070de00000| PB 0x000000070de00000| Untracked 
|  77|0x000000070e000000, 0x000000070e000000, 0x000000070e200000|  0%| F|  |TAMS 0x000000070e000000| PB 0x000000070e000000| Untracked 
|  78|0x000000070e200000, 0x000000070e200000, 0x000000070e400000|  0%| F|  |TAMS 0x000000070e200000| PB 0x000000070e200000| Untracked 
|  79|0x000000070e400000, 0x000000070e400000, 0x000000070e600000|  0%| F|  |TAMS 0x000000070e400000| PB 0x000000070e400000| Untracked 
|  80|0x000000070e600000, 0x000000070e600000, 0x000000070e800000|  0%| F|  |TAMS 0x000000070e600000| PB 0x000000070e600000| Untracked 
|  81|0x000000070e800000, 0x000000070e800000, 0x000000070ea00000|  0%| F|  |TAMS 0x000000070e800000| PB 0x000000070e800000| Untracked 
|  82|0x000000070ea00000, 0x000000070ea00000, 0x000000070ec00000|  0%| F|  |TAMS 0x000000070ea00000| PB 0x000000070ea00000| Untracked 
|  83|0x000000070ec00000, 0x000000070ec00000, 0x000000070ee00000|  0%| F|  |TAMS 0x000000070ec00000| PB 0x000000070ec00000| Untracked 
|  84|0x000000070ee00000, 0x000000070ee00000, 0x000000070f000000|  0%| F|  |TAMS 0x000000070ee00000| PB 0x000000070ee00000| Untracked 
|  85|0x000000070f000000, 0x000000070f000000, 0x000000070f200000|  0%| F|  |TAMS 0x000000070f000000| PB 0x000000070f000000| Untracked 
|  86|0x000000070f200000, 0x000000070f200000, 0x000000070f400000|  0%| F|  |TAMS 0x000000070f200000| PB 0x000000070f200000| Untracked 
|  87|0x000000070f400000, 0x000000070f400000, 0x000000070f600000|  0%| F|  |TAMS 0x000000070f400000| PB 0x000000070f400000| Untracked 
|  88|0x000000070f600000, 0x000000070f600000, 0x000000070f800000|  0%| F|  |TAMS 0x000000070f600000| PB 0x000000070f600000| Untracked 
|  89|0x000000070f800000, 0x000000070f800000, 0x000000070fa00000|  0%| F|  |TAMS 0x000000070f800000| PB 0x000000070f800000| Untracked 
|  90|0x000000070fa00000, 0x000000070fa00000, 0x000000070fc00000|  0%| F|  |TAMS 0x000000070fa00000| PB 0x000000070fa00000| Untracked 
|  91|0x000000070fc00000, 0x000000070fc00000, 0x000000070fe00000|  0%| F|  |TAMS 0x000000070fc00000| PB 0x000000070fc00000| Untracked 
|  92|0x000000070fe00000, 0x000000070fe00000, 0x0000000710000000|  0%| F|  |TAMS 0x000000070fe00000| PB 0x000000070fe00000| Untracked 
|  93|0x0000000710000000, 0x0000000710000000, 0x0000000710200000|  0%| F|  |TAMS 0x0000000710000000| PB 0x0000000710000000| Untracked 
|  94|0x0000000710200000, 0x0000000710200000, 0x0000000710400000|  0%| F|  |TAMS 0x0000000710200000| PB 0x0000000710200000| Untracked 
|  95|0x0000000710400000, 0x0000000710400000, 0x0000000710600000|  0%| F|  |TAMS 0x0000000710400000| PB 0x0000000710400000| Untracked 
|  96|0x0000000710600000, 0x0000000710600000, 0x0000000710800000|  0%| F|  |TAMS 0x0000000710600000| PB 0x0000000710600000| Untracked 
|  97|0x0000000710800000, 0x0000000710800000, 0x0000000710a00000|  0%| F|  |TAMS 0x0000000710800000| PB 0x0000000710800000| Untracked 
|  98|0x0000000710a00000, 0x0000000710a00000, 0x0000000710c00000|  0%| F|  |TAMS 0x0000000710a00000| PB 0x0000000710a00000| Untracked 
|  99|0x0000000710c00000, 0x0000000710c00000, 0x0000000710e00000|  0%| F|  |TAMS 0x0000000710c00000| PB 0x0000000710c00000| Untracked 
| 100|0x0000000710e00000, 0x0000000710e00000, 0x0000000711000000|  0%| F|  |TAMS 0x0000000710e00000| PB 0x0000000710e00000| Untracked 
| 101|0x0000000711000000, 0x0000000711000000, 0x0000000711200000|  0%| F|  |TAMS 0x0000000711000000| PB 0x0000000711000000| Untracked 
| 102|0x0000000711200000, 0x0000000711200000, 0x0000000711400000|  0%| F|  |TAMS 0x0000000711200000| PB 0x0000000711200000| Untracked 
| 103|0x0000000711400000, 0x0000000711400000, 0x0000000711600000|  0%| F|  |TAMS 0x0000000711400000| PB 0x0000000711400000| Untracked 
| 104|0x0000000711600000, 0x0000000711600000, 0x0000000711800000|  0%| F|  |TAMS 0x0000000711600000| PB 0x0000000711600000| Untracked 
| 105|0x0000000711800000, 0x0000000711800000, 0x0000000711a00000|  0%| F|  |TAMS 0x0000000711800000| PB 0x0000000711800000| Untracked 
| 106|0x0000000711a00000, 0x0000000711a00000, 0x0000000711c00000|  0%| F|  |TAMS 0x0000000711a00000| PB 0x0000000711a00000| Untracked 
| 107|0x0000000711c00000, 0x0000000711c00000, 0x0000000711e00000|  0%| F|  |TAMS 0x0000000711c00000| PB 0x0000000711c00000| Untracked 
| 108|0x0000000711e00000, 0x0000000711e00000, 0x0000000712000000|  0%| F|  |TAMS 0x0000000711e00000| PB 0x0000000711e00000| Untracked 
| 109|0x0000000712000000, 0x0000000712000000, 0x0000000712200000|  0%| F|  |TAMS 0x0000000712000000| PB 0x0000000712000000| Untracked 
| 110|0x0000000712200000, 0x0000000712200000, 0x0000000712400000|  0%| F|  |TAMS 0x0000000712200000| PB 0x0000000712200000| Untracked 
| 111|0x0000000712400000, 0x0000000712400000, 0x0000000712600000|  0%| F|  |TAMS 0x0000000712400000| PB 0x0000000712400000| Untracked 
| 112|0x0000000712600000, 0x0000000712600000, 0x0000000712800000|  0%| F|  |TAMS 0x0000000712600000| PB 0x0000000712600000| Untracked 
| 113|0x0000000712800000, 0x000000071289ffd8, 0x0000000712a00000| 31%| S|CS|TAMS 0x0000000712800000| PB 0x0000000712800000| Complete 
| 114|0x0000000712a00000, 0x0000000712c00000, 0x0000000712c00000|100%| S|CS|TAMS 0x0000000712a00000| PB 0x0000000712a00000| Complete 
| 115|0x0000000712c00000, 0x0000000712c00000, 0x0000000712e00000|  0%| F|  |TAMS 0x0000000712c00000| PB 0x0000000712c00000| Untracked 
| 116|0x0000000712e00000, 0x0000000712e00000, 0x0000000713000000|  0%| F|  |TAMS 0x0000000712e00000| PB 0x0000000712e00000| Untracked 
| 117|0x0000000713000000, 0x0000000713000000, 0x0000000713200000|  0%| F|  |TAMS 0x0000000713000000| PB 0x0000000713000000| Untracked 
| 118|0x0000000713200000, 0x0000000713200000, 0x0000000713400000|  0%| F|  |TAMS 0x0000000713200000| PB 0x0000000713200000| Untracked 
| 119|0x0000000713400000, 0x0000000713400000, 0x0000000713600000|  0%| F|  |TAMS 0x0000000713400000| PB 0x0000000713400000| Untracked 
| 120|0x0000000713600000, 0x0000000713600000, 0x0000000713800000|  0%| F|  |TAMS 0x0000000713600000| PB 0x0000000713600000| Untracked 
| 121|0x0000000713800000, 0x0000000713800000, 0x0000000713a00000|  0%| F|  |TAMS 0x0000000713800000| PB 0x0000000713800000| Untracked 
| 122|0x0000000713a00000, 0x0000000713a00000, 0x0000000713c00000|  0%| F|  |TAMS 0x0000000713a00000| PB 0x0000000713a00000| Untracked 
| 123|0x0000000713c00000, 0x0000000713dd4b28, 0x0000000713e00000| 91%| E|  |TAMS 0x0000000713c00000| PB 0x0000000713c00000| Complete 
| 124|0x0000000713e00000, 0x0000000714000000, 0x0000000714000000|100%| E|CS|TAMS 0x0000000713e00000| PB 0x0000000713e00000| Complete 
| 125|0x0000000714000000, 0x0000000714200000, 0x0000000714200000|100%| E|CS|TAMS 0x0000000714000000| PB 0x0000000714000000| Complete 

Card table byte_map: [0x000001b676c20000,0x000001b677400000] _byte_map_base: 0x000001b6733fd000

Marking Bits: (CMBitMap*) 0x000001b65ed31330
 Bits: [0x000001b677400000, 0x000001b67b2e8000)

Polling page: 0x000001b65cba0000

Metaspace:

Usage:
  Non-class:      5.28 MB used.
      Class:    696.92 KB used.
       Both:      5.96 MB used.

Virtual space:
  Non-class space:       64.00 MB reserved,       5.38 MB (  8%) committed,  1 nodes.
      Class space:        1.00 GB reserved,     832.00 KB ( <1%) committed,  1 nodes.
             Both:        1.06 GB reserved,       6.19 MB ( <1%) committed. 

Chunk freelists:
   Non-Class:  9.45 MB
       Class:  15.04 MB
        Both:  24.49 MB

MaxMetaspaceSize: unlimited
CompressedClassSpaceSize: 1.00 GB
Initial GC threshold: 21.00 MB
Current GC threshold: 21.00 MB
CDS: on
 - commit_granule_bytes: 65536.
 - commit_granule_words: 8192.
 - virtual_space_node_default_size: 8388608.
 - enlarge_chunks_in_place: 1.
 - use_allocation_guard: 0.


Internal statistics:

num_allocs_failed_limit: 0.
num_arena_births: 174.
num_arena_deaths: 0.
num_vsnodes_births: 2.
num_vsnodes_deaths: 0.
num_space_committed: 99.
num_space_uncommitted: 0.
num_chunks_returned_to_freelist: 0.
num_chunks_taken_from_freelist: 314.
num_chunk_merges: 0.
num_chunk_splits: 214.
num_chunks_enlarged: 150.
num_inconsistent_stats: 0.

CodeHeap 'non-profiled nmethods': size=120000Kb used=389Kb max_used=389Kb free=119610Kb
 bounds [0x000001b66ebd0000, 0x000001b66ee40000, 0x000001b676100000]
CodeHeap 'profiled nmethods': size=120000Kb used=1810Kb max_used=1810Kb free=118189Kb
 bounds [0x000001b667100000, 0x000001b667370000, 0x000001b66e630000]
CodeHeap 'non-nmethods': size=5760Kb used=1475Kb max_used=1490Kb free=4284Kb
 bounds [0x000001b66e630000, 0x000001b66e8a0000, 0x000001b66ebd0000]
 total_blobs=1651 nmethods=1092 adapters=464
 compilation: enabled
              stopped_count=0, restarted_count=0
 full_count=0

Compilation events (20 events):
Event: 8.164 Thread 0x000001b67dd88090 nmethod 1058 0x000001b6672a0b90 code [0x000001b6672a0d20, 0x000001b6672a0ea0]
Event: 8.164 Thread 0x000001b67dd88090 1060       3       java.nio.Buffer::remaining (20 bytes)
Event: 8.164 Thread 0x000001b67dd88090 nmethod 1060 0x000001b6672a0f10 code [0x000001b6672a10c0, 0x000001b6672a1248]
Event: 8.171 Thread 0x000001b67dd88090 1063       3       java.net.URLStreamHandler::toExternalForm (156 bytes)
Event: 8.173 Thread 0x000001b67dd88090 nmethod 1063 0x000001b6672a1310 code [0x000001b6672a1700, 0x000001b6672a2c88]
Event: 8.173 Thread 0x000001b67dd88090 1061       3       sun.net.util.URLUtil::urlNoFragString (143 bytes)
Event: 8.175 Thread 0x000001b67dd88090 nmethod 1061 0x000001b6672a3490 code [0x000001b6672a37c0, 0x000001b6672a47a8]
Event: 8.175 Thread 0x000001b67dd88090 1062       3       java.net.URL::getDefaultPort (8 bytes)
Event: 8.176 Thread 0x000001b67dd88090 nmethod 1062 0x000001b6672a4d10 code [0x000001b6672a4ec0, 0x000001b6672a50b8]
Event: 8.176 Thread 0x000001b67dd88090 1064       3       java.nio.ByteBuffer::limit (6 bytes)
Event: 8.176 Thread 0x000001b67dd88090 nmethod 1064 0x000001b6672a5190 code [0x000001b6672a5340, 0x000001b6672a5508]
Event: 8.192 Thread 0x000001b67dd88090 1065       3       java.lang.invoke.AbstractValidatingLambdaMetafactory::isAdaptableTo (126 bytes)
Event: 8.194 Thread 0x000001b67dd88090 nmethod 1065 0x000001b6672a5590 code [0x000001b6672a5840, 0x000001b6672a61e8]
Event: 8.195 Thread 0x000001b67dd88090 1066       3       java.lang.invoke.MethodTypeForm::cachedLambdaForm (23 bytes)
Event: 8.195 Thread 0x000001b67dd88090 nmethod 1066 0x000001b6672a6590 code [0x000001b6672a6760, 0x000001b6672a6ac0]
Event: 8.202 Thread 0x000001b67dd88090 1067       3       java.security.SecureClassLoader::getProtectionDomain (37 bytes)
Event: 8.202 Thread 0x000001b67dd88090 nmethod 1067 0x000001b6672a6c10 code [0x000001b6672a6e00, 0x000001b6672a7498]
Event: 8.203 Thread 0x000001b67dd88090 1068       3       java.security.SecureClassLoader$CodeSourceKey::<init> (10 bytes)
Event: 8.203 Thread 0x000001b67dd88090 nmethod 1068 0x000001b6672a7690 code [0x000001b6672a7840, 0x000001b6672a7a68]
Event: 8.203 Thread 0x000001b67dd88090 1069       3       java.security.SecureClassLoader$1::<init> (10 bytes)

GC Heap History (2 events):
Event: 1.020 GC heap before
{Heap before GC invocations=0 (full 0):
 garbage-first heap   total 258048K, used 20480K [0x0000000704600000, 0x0000000800000000)
  region size 2048K, 11 young (22528K), 0 survivors (0K)
 Metaspace       used 4438K, committed 4672K, reserved 1114112K
  class space    used 474K, committed 576K, reserved 1048576K
}
Event: 1.024 GC heap after
{Heap after GC invocations=1 (full 0):
 garbage-first heap   total 258048K, used 2687K [0x0000000704600000, 0x0000000800000000)
  region size 2048K, 2 young (4096K), 2 survivors (4096K)
 Metaspace       used 4438K, committed 4672K, reserved 1114112K
  class space    used 474K, committed 576K, reserved 1048576K
}

Dll operation events (20 events):
Event: 0.712 Loaded shared library C:\Users\prabh\.openjfx\cache\21+31\amd64\api-ms-win-crt-heap-l1-1-0.dll
Event: 0.715 Loaded shared library C:\Users\prabh\.openjfx\cache\21+31\amd64\api-ms-win-crt-locale-l1-1-0.dll
Event: 0.719 Loaded shared library C:\Users\prabh\.openjfx\cache\21+31\amd64\api-ms-win-crt-math-l1-1-0.dll
Event: 0.722 Loaded shared library C:\Users\prabh\.openjfx\cache\21+31\amd64\api-ms-win-crt-multibyte-l1-1-0.dll
Event: 0.727 Loaded shared library C:\Users\prabh\.openjfx\cache\21+31\amd64\api-ms-win-crt-private-l1-1-0.dll
Event: 0.731 Loaded shared library C:\Users\prabh\.openjfx\cache\21+31\amd64\api-ms-win-crt-process-l1-1-0.dll
Event: 0.734 Loaded shared library C:\Users\prabh\.openjfx\cache\21+31\amd64\api-ms-win-crt-runtime-l1-1-0.dll
Event: 0.738 Loaded shared library C:\Users\prabh\.openjfx\cache\21+31\amd64\api-ms-win-crt-stdio-l1-1-0.dll
Event: 0.742 Loaded shared library C:\Users\prabh\.openjfx\cache\21+31\amd64\api-ms-win-crt-string-l1-1-0.dll
Event: 0.746 Loaded shared library C:\Users\prabh\.openjfx\cache\21+31\amd64\api-ms-win-crt-time-l1-1-0.dll
Event: 0.750 Loaded shared library C:\Users\prabh\.openjfx\cache\21+31\amd64\api-ms-win-crt-utility-l1-1-0.dll
Event: 0.773 Loaded shared library C:\Users\prabh\.openjfx\cache\21+31\amd64\ucrtbase.dll
Event: 0.778 Loaded shared library C:\Users\prabh\.openjfx\cache\21+31\amd64\vcruntime140.dll
Event: 0.782 Loaded shared library C:\Users\prabh\.openjfx\cache\21+31\amd64\vcruntime140_1.dll
Event: 0.798 Loaded shared library C:\Users\prabh\.openjfx\cache\21+31\amd64\msvcp140.dll
Event: 0.801 Loaded shared library C:\Users\prabh\.openjfx\cache\21+31\amd64\msvcp140_1.dll
Event: 0.810 Loaded shared library C:\Users\prabh\.openjfx\cache\21+31\amd64\msvcp140_2.dll
Event: 0.872 Loaded shared library C:\Users\prabh\.openjfx\cache\21+31\amd64\prism_d3d.dll
Event: 0.918 Loaded shared library C:\Users\prabh\.openjfx\cache\21+31\amd64\glass.dll
Event: 1.050 Loaded shared library C:\Program Files\Java\jdk-21.0.2\bin\jimage.dll

Deoptimization events (20 events):
Event: 0.859 Thread 0x000001b67e667a90 Uncommon trap: trap_request=0xffffffde fr.pc=0x000001b66ec24b5c relative=0x000000000000013c
Event: 0.859 Thread 0x000001b67e667a90 Uncommon trap: reason=class_check action=maybe_recompile pc=0x000001b66ec24b5c method=jdk.internal.misc.Unsafe.allocateUninitializedArray(Ljava/lang/Class;I)Ljava/lang/Object; @ 51 c2
Event: 0.859 Thread 0x000001b67e667a90 DEOPT PACKING pc=0x000001b66ec24b5c sp=0x0000008a9bcfe080
Event: 0.859 Thread 0x000001b67e667a90 DEOPT UNPACKING pc=0x000001b66e6846a2 sp=0x0000008a9bcfdff8 mode 2
Event: 0.860 Thread 0x000001b67e667a90 Uncommon trap: trap_request=0xffffffde fr.pc=0x000001b66ec24b5c relative=0x000000000000013c
Event: 0.860 Thread 0x000001b67e667a90 Uncommon trap: reason=class_check action=maybe_recompile pc=0x000001b66ec24b5c method=jdk.internal.misc.Unsafe.allocateUninitializedArray(Ljava/lang/Class;I)Ljava/lang/Object; @ 51 c2
Event: 0.860 Thread 0x000001b67e667a90 DEOPT PACKING pc=0x000001b66ec24b5c sp=0x0000008a9bcfdfe0
Event: 0.860 Thread 0x000001b67e667a90 DEOPT UNPACKING pc=0x000001b66e6846a2 sp=0x0000008a9bcfdf58 mode 2
Event: 0.889 Thread 0x000001b67e667a90 Uncommon trap: trap_request=0xffffffde fr.pc=0x000001b66ec24b5c relative=0x000000000000013c
Event: 0.889 Thread 0x000001b67e667a90 Uncommon trap: reason=class_check action=maybe_recompile pc=0x000001b66ec24b5c method=jdk.internal.misc.Unsafe.allocateUninitializedArray(Ljava/lang/Class;I)Ljava/lang/Object; @ 51 c2
Event: 0.889 Thread 0x000001b67e667a90 DEOPT PACKING pc=0x000001b66ec24b5c sp=0x0000008a9bcfd970
Event: 0.889 Thread 0x000001b67e667a90 DEOPT UNPACKING pc=0x000001b66e6846a2 sp=0x0000008a9bcfd8e8 mode 2
Event: 0.889 Thread 0x000001b67e667a90 Uncommon trap: trap_request=0xffffffde fr.pc=0x000001b66ec24b5c relative=0x000000000000013c
Event: 0.889 Thread 0x000001b67e667a90 Uncommon trap: reason=class_check action=maybe_recompile pc=0x000001b66ec24b5c method=jdk.internal.misc.Unsafe.allocateUninitializedArray(Ljava/lang/Class;I)Ljava/lang/Object; @ 51 c2
Event: 0.889 Thread 0x000001b67e667a90 DEOPT PACKING pc=0x000001b66ec24b5c sp=0x0000008a9bcfd8d0
Event: 0.889 Thread 0x000001b67e667a90 DEOPT UNPACKING pc=0x000001b66e6846a2 sp=0x0000008a9bcfd848 mode 2
Event: 1.033 Thread 0x000001b67e92ffd0 Uncommon trap: trap_request=0xffffff45 fr.pc=0x000001b66ec16930 relative=0x0000000000000090
Event: 1.033 Thread 0x000001b67e92ffd0 Uncommon trap: reason=unstable_if action=reinterpret pc=0x000001b66ec16930 method=jdk.internal.misc.Unsafe.convEndian(ZI)I @ 4 c2
Event: 1.033 Thread 0x000001b67e92ffd0 DEOPT PACKING pc=0x000001b66ec16930 sp=0x0000008a9c0fd620
Event: 1.033 Thread 0x000001b67e92ffd0 DEOPT UNPACKING pc=0x000001b66e6846a2 sp=0x0000008a9c0fd550 mode 2

Classes loaded (20 events):
Event: 8.149 Loading class sun/net/www/URLConnection done
Event: 8.149 Loading class sun/net/www/protocol/file/FileURLConnection done
Event: 8.149 Loading class sun/net/www/MessageHeader
Event: 8.149 Loading class sun/net/www/MessageHeader done
Event: 8.149 Loading class sun/net/www/protocol/jar/URLJarFile
Event: 8.149 Loading class sun/net/www/protocol/jar/URLJarFile done
Event: 8.151 Loading class sun/net/www/protocol/jar/URLJarFile$URLJarFileEntry
Event: 8.151 Loading class sun/net/www/protocol/jar/URLJarFile$URLJarFileEntry done
Event: 8.151 Loading class sun/net/www/protocol/jar/JarURLConnection$JarURLInputStream
Event: 8.151 Loading class sun/net/www/protocol/jar/JarURLConnection$JarURLInputStream done
Event: 8.156 Loading class javax/naming/NamingException
Event: 8.156 Loading class javax/naming/NamingException done
Event: 8.158 Loading class java/io/UnsupportedEncodingException
Event: 8.159 Loading class java/io/UnsupportedEncodingException done
Event: 8.161 Loading class java/util/regex/Pattern$Neg
Event: 8.161 Loading class java/util/regex/Pattern$Neg done
Event: 8.166 Loading class java/nio/charset/UnsupportedCharsetException
Event: 8.167 Loading class java/nio/charset/UnsupportedCharsetException done
Event: 8.168 Loading class java/net/URLDecoder
Event: 8.168 Loading class java/net/URLDecoder done

Classes unloaded (0 events):
No events

Classes redefined (0 events):
No events

Internal exceptions (20 events):
Event: 0.329 Thread 0x000001b65ca02510 Exception <a 'java/lang/NoSuchMethodError'{0x0000000713bdf080}: 'java.lang.Object java.lang.invoke.DirectMethodHandle$Holder.invokeInterface(java.lang.Object, java.lang.Object)'> (0x0000000713bdf080) 
thrown [s\open\src\hotspot\share\interpreter\linkResolver.cpp, line 773]
Event: 0.330 Thread 0x000001b65ca02510 Exception <a 'java/lang/IncompatibleClassChangeError'{0x0000000713be22e8}: Found class java.lang.Object, but interface was expected> (0x0000000713be22e8) 
thrown [s\open\src\hotspot\share\interpreter\linkResolver.cpp, line 840]
Event: 0.331 Thread 0x000001b65ca02510 Exception <a 'java/lang/NoSuchMethodError'{0x0000000713be4b88}: 'void java.lang.invoke.DirectMethodHandle$Holder.invokeStatic(java.lang.Object, java.lang.Object, java.lang.Object, java.lang.Object)'> (0x0000000713be4b88) 
thrown [s\open\src\hotspot\share\interpreter\linkResolver.cpp, line 773]
Event: 0.377 Thread 0x000001b65ca02510 Exception <a 'java/lang/NoSuchMethodError'{0x000000071389e500}: 'void java.lang.invoke.DirectMethodHandle$Holder.invokeStatic(java.lang.Object, java.lang.Object, java.lang.Object)'> (0x000000071389e500) 
thrown [s\open\src\hotspot\share\interpreter\linkResolver.cpp, line 773]
Event: 0.385 Thread 0x000001b65ca02510 Exception <a 'java/lang/NoSuchMethodError'{0x00000007138b4158}: 'java.lang.Object java.lang.invoke.Invokers$Holder.invokeExact_MT(java.lang.Object, java.lang.Object, java.lang.Object, java.lang.Object, java.lang.Object)'> (0x00000007138b4158) 
thrown [s\open\src\hotspot\share\interpreter\linkResolver.cpp, line 773]
Event: 0.403 Thread 0x000001b67e76daf0 Exception <a 'java/lang/ClassNotFoundException'{0x00000007138e5f70}: jdk/net/ExtendedSocketOptions> (0x00000007138e5f70) 
thrown [s\open\src\hotspot\share\classfile\systemDictionary.cpp, line 312]
Event: 0.405 Thread 0x000001b67e76daf0 Exception <a 'java/lang/NoSuchMethodError'{0x00000007138e7620}: 'void java.lang.invoke.DirectMethodHandle$Holder.invokeStatic(java.lang.Object, java.lang.Object)'> (0x00000007138e7620) 
thrown [s\open\src\hotspot\share\interpreter\linkResolver.cpp, line 773]
Event: 0.418 Thread 0x000001b65ca02510 Exception <a 'java/lang/NoSuchMethodError'{0x00000007139d9390}: 'java.lang.Object java.lang.invoke.Invokers$Holder.invokeExact_MT(java.lang.Object, java.lang.Object, java.lang.Object, java.lang.Object, java.lang.Object, java.lang.Object)'> (0x00000007139d9390) 
thrown [s\open\src\hotspot\share\interpreter\linkResolver.cpp, line 773]
Event: 0.896 Thread 0x000001b65ca02510 Exception <a 'java/lang/NoSuchMethodError'{0x00000007130cfb80}: 'int java.lang.invoke.DirectMethodHandle$Holder.invokeStaticInit(java.lang.Object, java.lang.Object, java.lang.Object)'> (0x00000007130cfb80) 
thrown [s\open\src\hotspot\share\interpreter\linkResolver.cpp, line 773]
Event: 0.923 Thread 0x000001b65ca02510 Exception <a 'java/lang/NoSuchMethodError'{0x0000000712e909d0}: 'java.lang.Object java.lang.invoke.DirectMethodHandle$Holder.newInvokeSpecial(java.lang.Object, java.lang.Object, int, java.lang.Object)'> (0x0000000712e909d0) 
thrown [s\open\src\hotspot\share\interpreter\linkResolver.cpp, line 773]
Event: 0.924 Thread 0x000001b65ca02510 Exception <a 'java/lang/NoSuchMethodError'{0x0000000712e94b28}: 'java.lang.Object java.lang.invoke.DirectMethodHandle$Holder.invokeSpecial(java.lang.Object, java.lang.Object, java.lang.Object, int, java.lang.Object)'> (0x0000000712e94b28) 
thrown [s\open\src\hotspot\share\interpreter\linkResolver.cpp, line 773]
Event: 1.004 Thread 0x000001b67e92ffd0 Exception <a 'java/lang/NoSuchMethodError'{0x0000000712dad118}: 'void java.lang.invoke.DirectMethodHandle$Holder.invokeStaticInit(java.lang.Object)'> (0x0000000712dad118) 
thrown [s\open\src\hotspot\share\interpreter\linkResolver.cpp, line 773]
Event: 1.010 Thread 0x000001b65ca02510 Exception <a 'java/lang/NoSuchMethodError'{0x0000000712ea7da8}: 'java.lang.Object java.lang.invoke.DirectMethodHandle$Holder.newInvokeSpecial(java.lang.Object, java.lang.Object, java.lang.Object, java.lang.Object, java.lang.Object, java.lang.Object)'> (0x0000000712ea7da8) 
thrown [s\open\src\hotspot\share\interpreter\linkResolver.cpp, line 773]
Event: 1.044 Thread 0x000001b65ca02510 Exception <a 'java/lang/NoSuchMethodError'{0x0000000714144d60}: 'java.lang.Object java.lang.invoke.DirectMethodHandle$Holder.newInvokeSpecial(java.lang.Object, java.lang.Object, java.lang.Object, java.lang.Object, java.lang.Object)'> (0x0000000714144d60) 
thrown [s\open\src\hotspot\share\interpreter\linkResolver.cpp, line 773]
Event: 1.105 Thread 0x000001b67e92ffd0 Exception <a 'java/lang/NoSuchMethodError'{0x0000000713f8aef8}: 'void java.lang.invoke.DirectMethodHandle$Holder.invokeStatic(java.lang.Object, long)'> (0x0000000713f8aef8) 
thrown [s\open\src\hotspot\share\interpreter\linkResolver.cpp, line 773]
Event: 1.106 Thread 0x000001b67e92ffd0 Exception <a 'java/lang/NoSuchMethodError'{0x0000000713f8fac8}: 'java.lang.Object java.lang.invoke.DirectMethodHandle$Holder.newInvokeSpecial(java.lang.Object, long)'> (0x0000000713f8fac8) 
thrown [s\open\src\hotspot\share\interpreter\linkResolver.cpp, line 773]
Event: 1.109 Thread 0x000001b67e92ffd0 Exception <a 'java/lang/NoSuchMethodError'{0x0000000713f96fb8}: 'java.lang.Object java.lang.invoke.DirectMethodHandle$Holder.invokeStatic(java.lang.Object, long, java.lang.Object)'> (0x0000000713f96fb8) 
thrown [s\open\src\hotspot\share\interpreter\linkResolver.cpp, line 773]
Event: 1.109 Thread 0x000001b67e92ffd0 Exception <a 'java/lang/NoSuchMethodError'{0x0000000713f9a740}: 'java.lang.Object java.lang.invoke.DirectMethodHandle$Holder.invokeStaticInit(java.lang.Object, long, java.lang.Object)'> (0x0000000713f9a740) 
thrown [s\open\src\hotspot\share\interpreter\linkResolver.cpp, line 773]
Event: 1.117 Thread 0x000001b67e92ffd0 Exception <a 'sun/nio/fs/WindowsException'{0x0000000713fc8ca8}> (0x0000000713fc8ca8) 
thrown [s\open\src\hotspot\share\prims\jni.cpp, line 520]
Event: 8.145 Thread 0x000001b67e92ffd0 Exception <a 'sun/nio/fs/WindowsException'{0x0000000713c4f378}> (0x0000000713c4f378) 
thrown [s\open\src\hotspot\share\prims\jni.cpp, line 520]

ZGC Phase Switch (0 events):
No events

VM Operations (16 events):
Event: 0.326 Executing VM operation: HandshakeAllThreads (Deoptimize)
Event: 0.326 Executing VM operation: HandshakeAllThreads (Deoptimize) done
Event: 0.909 Executing VM operation: HandshakeAllThreads (Deoptimize)
Event: 0.909 Executing VM operation: HandshakeAllThreads (Deoptimize) done
Event: 1.019 Executing VM operation: G1CollectForAllocation (G1 Evacuation Pause)
Event: 1.024 Executing VM operation: G1CollectForAllocation (G1 Evacuation Pause) done
Event: 1.112 Executing VM operation: HandshakeAllThreads (Deoptimize)
Event: 1.112 Executing VM operation: HandshakeAllThreads (Deoptimize) done
Event: 2.111 Executing VM operation: Cleanup
Event: 2.111 Executing VM operation: Cleanup done
Event: 8.150 Executing VM operation: HandshakeAllThreads (Deoptimize)
Event: 8.150 Executing VM operation: HandshakeAllThreads (Deoptimize) done
Event: 8.150 Executing VM operation: Cleanup
Event: 8.150 Executing VM operation: Cleanup done
Event: 8.157 Executing VM operation: HandshakeAllThreads (Deoptimize)
Event: 8.157 Executing VM operation: HandshakeAllThreads (Deoptimize) done

Events (20 events):
Event: 0.071 Thread 0x000001b67da3e930 Thread added: 0x000001b67da3e930
Event: 0.071 Thread 0x000001b67da44a60 Thread added: 0x000001b67da44a60
Event: 0.071 Thread 0x000001b67da455f0 Thread added: 0x000001b67da455f0
Event: 0.071 Thread 0x000001b67da46690 Thread added: 0x000001b67da46690
Event: 0.071 Thread 0x000001b67da470f0 Thread added: 0x000001b67da470f0
Event: 0.072 Thread 0x000001b67da4a040 Thread added: 0x000001b67da4a040
Event: 0.072 Thread 0x000001b67dd88090 Thread added: 0x000001b67dd88090
Event: 0.119 Thread 0x000001b67da047f0 Thread added: 0x000001b67da047f0
Event: 0.227 Thread 0x000001b67deea350 Thread added: 0x000001b67deea350
Event: 0.237 Thread 0x000001b67dfad9e0 Thread added: 0x000001b67dfad9e0
Event: 0.393 Thread 0x000001b67e76daf0 Thread added: 0x000001b67e76daf0
Event: 0.393 Thread 0x000001b67e309800 Thread added: 0x000001b67e309800
Event: 0.693 Thread 0x000001b67dfad9e0 Thread exited: 0x000001b67dfad9e0
Event: 0.854 Thread 0x000001b67e667a90 Thread added: 0x000001b67e667a90
Event: 0.921 Thread 0x000001b67e91f770 Thread added: 0x000001b67e91f770
Event: 0.926 Thread 0x000001b67e92ffd0 Thread added: 0x000001b67e92ffd0
Event: 1.028 Thread 0x000001b67df84e10 Thread added: 0x000001b67df84e10
Event: 1.045 Thread 0x000001b6461414f0 Thread added: 0x000001b6461414f0
Event: 1.524 Thread 0x000001b67deea350 Thread exited: 0x000001b67deea350
Event: 8.133 Thread 0x000001b67deea350 Thread added: 0x000001b67deea350


Dynamic libraries:
0x00007ff7e1340000 - 0x00007ff7e1350000 	C:\Program Files\Java\jdk-21.0.2\bin\java.exe
0x00007ff8475f0000 - 0x00007ff847807000 	C:\WINDOWS\SYSTEM32\ntdll.dll
0x00007ff846210000 - 0x00007ff8462d4000 	C:\WINDOWS\System32\KERNEL32.DLL
0x00007ff844a60000 - 0x00007ff844e19000 	C:\WINDOWS\System32\KERNELBASE.dll
0x00007ff8451f0000 - 0x00007ff845301000 	C:\WINDOWS\System32\ucrtbase.dll
0x00007ff83a070000 - 0x00007ff83a089000 	C:\Program Files\Java\jdk-21.0.2\bin\jli.dll
0x00007ff845310000 - 0x00007ff8453c2000 	C:\WINDOWS\System32\ADVAPI32.dll
0x00007ff846070000 - 0x00007ff846117000 	C:\WINDOWS\System32\msvcrt.dll
0x00007ff846970000 - 0x00007ff846a17000 	C:\WINDOWS\System32\sechost.dll
0x00007ff844ee0000 - 0x00007ff844f08000 	C:\WINDOWS\System32\bcrypt.dll
0x00007ff846370000 - 0x00007ff846484000 	C:\WINDOWS\System32\RPCRT4.dll
0x00007ff845a20000 - 0x00007ff845bce000 	C:\WINDOWS\System32\USER32.dll
0x00007ff8450a0000 - 0x00007ff8450c6000 	C:\WINDOWS\System32\win32u.dll
0x00007ff8459d0000 - 0x00007ff8459f9000 	C:\WINDOWS\System32\GDI32.dll
0x00007ff844f80000 - 0x00007ff84509b000 	C:\WINDOWS\System32\gdi32full.dll
0x00007ff8450d0000 - 0x00007ff84516a000 	C:\WINDOWS\System32\msvcp_win.dll
0x00007ff838c40000 - 0x00007ff838c5b000 	C:\Program Files\Java\jdk-21.0.2\bin\VCRUNTIME140.dll
0x00007ff825490000 - 0x00007ff825722000 	C:\WINDOWS\WinSxS\amd64_microsoft.windows.common-controls_6595b64144ccf1df_6.0.22621.4391_none_2715d37f73803e96\COMCTL32.dll
0x00007ff837ad0000 - 0x00007ff837ada000 	C:\WINDOWS\SYSTEM32\VERSION.dll
0x00007ff846510000 - 0x00007ff846541000 	C:\WINDOWS\System32\IMM32.DLL
0x00007ff82a920000 - 0x00007ff82aa81000 	C:\Program Files (x86)\Citrix\ICA Client\ctxapclient64.dll
0x00007ff845630000 - 0x00007ff8459bf000 	C:\WINDOWS\System32\combase.dll
0x00007ff843a40000 - 0x00007ff843a74000 	C:\WINDOWS\SYSTEM32\ntmarta.dll
0x000001b65cb00000 - 0x000001b65cb7b000 	C:\WINDOWS\System32\bcryptprimitives.dll
0x00007ff82a820000 - 0x00007ff82a85a000 	C:\Program Files (x86)\Citrix\ICA Client\Receiver\FeatureFlagHelper64.dll
0x00007ff83b690000 - 0x00007ff83b69c000 	C:\Program Files\Java\jdk-21.0.2\bin\vcruntime140_1.dll
0x00007ff80a620000 - 0x00007ff80a6ae000 	C:\Program Files\Java\jdk-21.0.2\bin\msvcp140.dll
0x00007fffccfe0000 - 0x00007fffcdcf7000 	C:\Program Files\Java\jdk-21.0.2\bin\server\jvm.dll
0x00007ff8462f0000 - 0x00007ff846361000 	C:\WINDOWS\System32\WS2_32.dll
0x00007ff8447c0000 - 0x00007ff84480d000 	C:\WINDOWS\SYSTEM32\POWRPROF.dll
0x00007ff83b530000 - 0x00007ff83b564000 	C:\WINDOWS\SYSTEM32\WINMM.dll
0x00007ff8447a0000 - 0x00007ff8447b3000 	C:\WINDOWS\SYSTEM32\UMPDC.dll
0x00007ff8438d0000 - 0x00007ff8438e8000 	C:\WINDOWS\SYSTEM32\kernel.appcore.dll
0x00007ff833710000 - 0x00007ff83371a000 	C:\Program Files\Java\jdk-21.0.2\bin\jimage.dll
0x00007ff83e320000 - 0x00007ff83e552000 	C:\WINDOWS\SYSTEM32\DBGHELP.DLL
0x00007ff8474d0000 - 0x00007ff8475a7000 	C:\WINDOWS\System32\OLEAUT32.dll
0x00007ff838650000 - 0x00007ff838682000 	C:\WINDOWS\SYSTEM32\dbgcore.DLL
0x00007ff833700000 - 0x00007ff83370f000 	C:\Program Files\Java\jdk-21.0.2\bin\instrument.dll
0x00007ff82ebe0000 - 0x00007ff82ebff000 	C:\Program Files\Java\jdk-21.0.2\bin\java.dll
0x00007ff846c50000 - 0x00007ff8474c6000 	C:\WINDOWS\System32\SHELL32.dll
0x00007ff842830000 - 0x00007ff843133000 	C:\WINDOWS\SYSTEM32\windows.storage.dll
0x00007ff8426f0000 - 0x00007ff84282f000 	C:\WINDOWS\SYSTEM32\wintypes.dll
0x00007ff8466b0000 - 0x00007ff8467a9000 	C:\WINDOWS\System32\SHCORE.dll
0x00007ff846120000 - 0x00007ff84617e000 	C:\WINDOWS\System32\shlwapi.dll
0x00007ff844820000 - 0x00007ff84484b000 	C:\WINDOWS\SYSTEM32\profapi.dll
0x00007ff809dc0000 - 0x00007ff809e97000 	C:\Program Files\Java\jdk-21.0.2\bin\jsvml.dll
0x00007ff82ebd0000 - 0x00007ff82ebe0000 	C:\Program Files\Java\jdk-21.0.2\bin\net.dll
0x00007ff839ac0000 - 0x00007ff839bf6000 	C:\WINDOWS\SYSTEM32\WINHTTP.dll
0x00007ff843db0000 - 0x00007ff843e19000 	C:\WINDOWS\system32\mswsock.dll
0x00007ff817150000 - 0x00007ff817166000 	C:\Program Files\Java\jdk-21.0.2\bin\nio.dll
0x00007ff8151e0000 - 0x00007ff8151f8000 	C:\Program Files\Java\jdk-21.0.2\bin\zip.dll
0x00007ff814de0000 - 0x00007ff814dfa000 	D:\IntelliJ IDEA 2024.2.4\bin\breakgen64.dll
0x000001b67e980000 - 0x000001b67e983000 	C:\Users\prabh\.openjfx\cache\21+31\amd64\api-ms-win-core-console-l1-1-0.dll
0x000001b67e990000 - 0x000001b67e993000 	C:\Users\prabh\.openjfx\cache\21+31\amd64\api-ms-win-core-console-l1-2-0.dll
0x000001b67e9a0000 - 0x000001b67e9a3000 	C:\Users\prabh\.openjfx\cache\21+31\amd64\api-ms-win-core-datetime-l1-1-0.dll
0x000001b67e9b0000 - 0x000001b67e9b3000 	C:\Users\prabh\.openjfx\cache\21+31\amd64\api-ms-win-core-debug-l1-1-0.dll
0x000001b67e9c0000 - 0x000001b67e9c3000 	C:\Users\prabh\.openjfx\cache\21+31\amd64\api-ms-win-core-errorhandling-l1-1-0.dll
0x000001b67e9d0000 - 0x000001b67e9d4000 	C:\Users\prabh\.openjfx\cache\21+31\amd64\api-ms-win-core-file-l1-1-0.dll
0x000001b67e9e0000 - 0x000001b67e9e3000 	C:\Users\prabh\.openjfx\cache\21+31\amd64\api-ms-win-core-file-l1-2-0.dll
0x000001b67e9f0000 - 0x000001b67e9f3000 	C:\Users\prabh\.openjfx\cache\21+31\amd64\api-ms-win-core-file-l2-1-0.dll
0x000001b67ea00000 - 0x000001b67ea03000 	C:\Users\prabh\.openjfx\cache\21+31\amd64\api-ms-win-core-handle-l1-1-0.dll
0x000001b67ea10000 - 0x000001b67ea13000 	C:\Users\prabh\.openjfx\cache\21+31\amd64\api-ms-win-core-heap-l1-1-0.dll
0x000001b67ea20000 - 0x000001b67ea23000 	C:\Users\prabh\.openjfx\cache\21+31\amd64\api-ms-win-core-interlocked-l1-1-0.dll
0x000001b67ea30000 - 0x000001b67ea33000 	C:\Users\prabh\.openjfx\cache\21+31\amd64\api-ms-win-core-libraryloader-l1-1-0.dll
0x000001b67ea40000 - 0x000001b67ea43000 	C:\Users\prabh\.openjfx\cache\21+31\amd64\api-ms-win-core-localization-l1-2-0.dll
0x000001b67ea50000 - 0x000001b67ea53000 	C:\Users\prabh\.openjfx\cache\21+31\amd64\api-ms-win-core-memory-l1-1-0.dll
0x000001b67ea60000 - 0x000001b67ea63000 	C:\Users\prabh\.openjfx\cache\21+31\amd64\api-ms-win-core-namedpipe-l1-1-0.dll
0x000001b67ea70000 - 0x000001b67ea73000 	C:\Users\prabh\.openjfx\cache\21+31\amd64\api-ms-win-core-processenvironment-l1-1-0.dll
0x000001b67ea80000 - 0x000001b67ea83000 	C:\Users\prabh\.openjfx\cache\21+31\amd64\api-ms-win-core-processthreads-l1-1-0.dll
0x000001b67ea90000 - 0x000001b67ea93000 	C:\Users\prabh\.openjfx\cache\21+31\amd64\api-ms-win-core-processthreads-l1-1-1.dll
0x000001b67eaa0000 - 0x000001b67eaa3000 	C:\Users\prabh\.openjfx\cache\21+31\amd64\api-ms-win-core-profile-l1-1-0.dll
0x000001b67eab0000 - 0x000001b67eab3000 	C:\Users\prabh\.openjfx\cache\21+31\amd64\api-ms-win-core-rtlsupport-l1-1-0.dll
0x000001b67eac0000 - 0x000001b67eac3000 	C:\Users\prabh\.openjfx\cache\21+31\amd64\api-ms-win-core-string-l1-1-0.dll
0x000001b67ead0000 - 0x000001b67ead3000 	C:\Users\prabh\.openjfx\cache\21+31\amd64\api-ms-win-core-synch-l1-1-0.dll
0x000001b67eae0000 - 0x000001b67eae3000 	C:\Users\prabh\.openjfx\cache\21+31\amd64\api-ms-win-core-synch-l1-2-0.dll
0x000001b67eaf0000 - 0x000001b67eaf3000 	C:\Users\prabh\.openjfx\cache\21+31\amd64\api-ms-win-core-sysinfo-l1-1-0.dll
0x000001b67eb00000 - 0x000001b67eb03000 	C:\Users\prabh\.openjfx\cache\21+31\amd64\api-ms-win-core-timezone-l1-1-0.dll
0x000001b67eb10000 - 0x000001b67eb13000 	C:\Users\prabh\.openjfx\cache\21+31\amd64\api-ms-win-core-util-l1-1-0.dll
0x000001b67eb20000 - 0x000001b67eb23000 	C:\Users\prabh\.openjfx\cache\21+31\amd64\api-ms-win-crt-conio-l1-1-0.dll
0x000001b67eb30000 - 0x000001b67eb34000 	C:\Users\prabh\.openjfx\cache\21+31\amd64\api-ms-win-crt-convert-l1-1-0.dll
0x000001b67eb40000 - 0x000001b67eb43000 	C:\Users\prabh\.openjfx\cache\21+31\amd64\api-ms-win-crt-environment-l1-1-0.dll
0x000001b67eb50000 - 0x000001b67eb53000 	C:\Users\prabh\.openjfx\cache\21+31\amd64\api-ms-win-crt-filesystem-l1-1-0.dll
0x000001b67eb60000 - 0x000001b67eb63000 	C:\Users\prabh\.openjfx\cache\21+31\amd64\api-ms-win-crt-heap-l1-1-0.dll
0x000001b67eb70000 - 0x000001b67eb73000 	C:\Users\prabh\.openjfx\cache\21+31\amd64\api-ms-win-crt-locale-l1-1-0.dll
0x000001b67eb80000 - 0x000001b67eb85000 	C:\Users\prabh\.openjfx\cache\21+31\amd64\api-ms-win-crt-math-l1-1-0.dll
0x000001b67eb90000 - 0x000001b67eb95000 	C:\Users\prabh\.openjfx\cache\21+31\amd64\api-ms-win-crt-multibyte-l1-1-0.dll
0x000001b67eba0000 - 0x000001b67ebb0000 	C:\Users\prabh\.openjfx\cache\21+31\amd64\api-ms-win-crt-private-l1-1-0.dll
0x000001b67ebb0000 - 0x000001b67ebb3000 	C:\Users\prabh\.openjfx\cache\21+31\amd64\api-ms-win-crt-process-l1-1-0.dll
0x000001b67ebc0000 - 0x000001b67ebc4000 	C:\Users\prabh\.openjfx\cache\21+31\amd64\api-ms-win-crt-runtime-l1-1-0.dll
0x000001b67ebd0000 - 0x000001b67ebd4000 	C:\Users\prabh\.openjfx\cache\21+31\amd64\api-ms-win-crt-stdio-l1-1-0.dll
0x000001b67ebe0000 - 0x000001b67ebe4000 	C:\Users\prabh\.openjfx\cache\21+31\amd64\api-ms-win-crt-string-l1-1-0.dll
0x000001b67ebf0000 - 0x000001b67ebf3000 	C:\Users\prabh\.openjfx\cache\21+31\amd64\api-ms-win-crt-time-l1-1-0.dll
0x000001b67ec00000 - 0x000001b67ec03000 	C:\Users\prabh\.openjfx\cache\21+31\amd64\api-ms-win-crt-utility-l1-1-0.dll
0x00007ff805610000 - 0x00007ff80570c000 	C:\Users\prabh\.openjfx\cache\21+31\amd64\ucrtbase.dll
0x00007ff811b80000 - 0x00007ff811b9b000 	C:\Users\prabh\.openjfx\cache\21+31\amd64\vcruntime140.dll
0x00007ff82a340000 - 0x00007ff82a34c000 	C:\Users\prabh\.openjfx\cache\21+31\amd64\vcruntime140_1.dll
0x00007ff807e50000 - 0x00007ff807ede000 	C:\Users\prabh\.openjfx\cache\21+31\amd64\msvcp140.dll
0x000001b67ec10000 - 0x000001b67edb5000 	C:\WINDOWS\System32\ole32.dll
0x00007ff826700000 - 0x00007ff826709000 	C:\Users\prabh\.openjfx\cache\21+31\amd64\msvcp140_1.dll
0x00007ff811b10000 - 0x00007ff811b3f000 	C:\Users\prabh\.openjfx\cache\21+31\amd64\msvcp140_2.dll
0x00007ff80d930000 - 0x00007ff80d95f000 	C:\Users\prabh\.openjfx\cache\21+31\amd64\prism_d3d.dll
0x00007ff817e70000 - 0x00007ff818018000 	C:\WINDOWS\system32\d3d9.dll
0x00007ff83e7e0000 - 0x00007ff83e80b000 	C:\WINDOWS\SYSTEM32\dwmapi.dll
0x00007ff83e590000 - 0x00007ff83e5c7000 	C:\WINDOWS\SYSTEM32\dxcore.dll
0x00007ff83e140000 - 0x00007ff83e1f1000 	C:\WINDOWS\system32\uxtheme.dll
0x00007ffffdd40000 - 0x00007ffffdeed000 	C:\WINDOWS\System32\DriverStore\FileRepository\iigd_dch.inf_amd64_306090fd1d6bb4fa\igdumdim64.dll
0x00007fffc81e0000 - 0x00007fffcb284000 	C:\WINDOWS\System32\DriverStore\FileRepository\iigd_dch.inf_amd64_306090fd1d6bb4fa\igd9dxva64.dll
0x000001b645010000 - 0x000001b645484000 	C:\WINDOWS\System32\SETUPAPI.dll
0x00007ff8444f0000 - 0x00007ff84453e000 	C:\WINDOWS\SYSTEM32\cfgmgr32.dll
0x00007ff831ad0000 - 0x00007ff831ed9000 	C:\WINDOWS\System32\DriverStore\FileRepository\iigd_dch.inf_amd64_306090fd1d6bb4fa\igdgmm64.dll
0x00007ff8390b0000 - 0x00007ff8390f9000 	C:\WINDOWS\SYSTEM32\directxdatabasehelper.dll
0x00007ff807b80000 - 0x00007ff807bc2000 	C:\Users\prabh\.openjfx\cache\21+31\amd64\glass.dll
0x00007ff846870000 - 0x00007ff84696f000 	C:\WINDOWS\System32\COMDLG32.dll
0x000001b646eb0000 - 0x000001b647010000 	C:\WINDOWS\System32\MSCTF.dll
0x00007ff81ee70000 - 0x00007ff81ee97000 	C:\WINDOWS\System32\DriverStore\FileRepository\iigd_dch.inf_amd64_306090fd1d6bb4fa\igdinfo64.dll
0x00007ff844000000 - 0x00007ff84401b000 	C:\WINDOWS\SYSTEM32\CRYPTSP.dll
0x00007ff843890000 - 0x00007ff8438c5000 	C:\WINDOWS\system32\rsaenh.dll
0x00007ff844020000 - 0x00007ff84402c000 	C:\WINDOWS\SYSTEM32\CRYPTBASE.dll
0x00007ffff3a00000 - 0x00007ffff7196000 	C:\WINDOWS\System32\DriverStore\FileRepository\iigd_dch.inf_amd64_306090fd1d6bb4fa\igc64.dll

dbghelp: loaded successfully - version: 4.0.5 - missing functions: none
symbol engine: initialized successfully - sym options: 0x614 - pdb path: .;C:\Program Files\Java\jdk-21.0.2\bin;C:\WINDOWS\SYSTEM32;C:\WINDOWS\WinSxS\amd64_microsoft.windows.common-controls_6595b64144ccf1df_6.0.22621.4391_none_2715d37f73803e96;C:\Program Files (x86)\Citrix\ICA Client;C:\Program Files (x86)\Citrix\ICA Client\Receiver;C:\Program Files\Java\jdk-21.0.2\bin\server;D:\IntelliJ IDEA 2024.2.4\bin;C:\Users\prabh\.openjfx\cache\21+31\amd64;C:\WINDOWS\System32\DriverStore\FileRepository\iigd_dch.inf_amd64_306090fd1d6bb4fa

VM Arguments:
jvm_args: -javaagent:D:\IntelliJ IDEA 2024.2.4\lib\idea_rt.jar=53561:D:\IntelliJ IDEA 2024.2.4\bin -Dfile.encoding=UTF-8 -Dsun.stdout.encoding=UTF-8 -Dsun.stderr.encoding=UTF-8 --module-path=C:\Users\prabh\.m2\repository\com\mysql\mysql-connector-j\8.0.33\mysql-connector-j-8.0.33.jar;C:\Users\prabh\.m2\repository\org\openjfx\javafx-fxml\21\javafx-fxml-21-win.jar;C:\Users\prabh\.m2\repository\com\google\code\gson\gson\2.8.9\gson-2.8.9.jar;C:\Users\prabh\.m2\repository\org\openjfx\javafx-graphics\21\javafx-graphics-21-win.jar;C:\Users\prabh\.m2\repository\org\openjfx\javafx-controls\21\javafx-controls-21-win.jar;C:\Users\prabh\.m2\repository\org\openjfx\javafx-base\21\javafx-base-21-win.jar;C:\Users\prabh\IdeaProjects\OOD5\target\classes -Djdk.module.main=org.example.ood5 
java_command: org.example.ood5/Main.Main
java_class_path (initial): C:\Users\prabh\.m2\repository\org\openjfx\javafx-controls\21\javafx-controls-21.jar;C:\Users\prabh\.m2\repository\org\openjfx\javafx-graphics\21\javafx-graphics-21.jar;C:\Users\prabh\.m2\repository\org\openjfx\javafx-base\21\javafx-base-21.jar;C:\Users\prabh\.m2\repository\org\openjfx\javafx-fxml\21\javafx-fxml-21.jar;C:\Users\prabh\.m2\repository\com\google\protobuf\protobuf-java\3.21.9\protobuf-java-3.21.9.jar
Launcher Type: SUN_STANDARD

[Global flags]
     intx CICompilerCount                          = 4                                         {product} {ergonomic}
     uint ConcGCThreads                            = 2                                         {product} {ergonomic}
     uint G1ConcRefinementThreads                  = 8                                         {product} {ergonomic}
   size_t G1HeapRegionSize                         = 2097152                                   {product} {ergonomic}
    uintx GCDrainStackTargetSize                   = 64                                        {product} {ergonomic}
   size_t InitialHeapSize                          = 264241152                                 {product} {ergonomic}
   size_t MarkStackSize                            = 4194304                                   {product} {ergonomic}
   size_t MaxHeapSize                              = 4221566976                                {product} {ergonomic}
   size_t MaxNewSize                               = 2531262464                                {product} {ergonomic}
   size_t MinHeapDeltaBytes                        = 2097152                                   {product} {ergonomic}
   size_t MinHeapSize                              = 8388608                                   {product} {ergonomic}
    uintx NonNMethodCodeHeapSize                   = 5839372                                {pd product} {ergonomic}
    uintx NonProfiledCodeHeapSize                  = 122909434                              {pd product} {ergonomic}
    uintx ProfiledCodeHeapSize                     = 122909434                              {pd product} {ergonomic}
    uintx ReservedCodeCacheSize                    = 251658240                              {pd product} {ergonomic}
     bool SegmentedCodeCache                       = true                                      {product} {ergonomic}
   size_t SoftMaxHeapSize                          = 4221566976                             {manageable} {ergonomic}
     bool UseCompressedOops                        = true                           {product lp64_product} {ergonomic}
     bool UseG1GC                                  = true                                      {product} {ergonomic}
     bool UseLargePagesIndividualAllocation        = false                                  {pd product} {ergonomic}

Logging:
Log output configuration:
 #0: stdout all=warning uptime,level,tags foldmultilines=false
 #1: stderr all=off uptime,level,tags foldmultilines=false

Environment Variables:
JAVA_HOME=C:\Program Files\Java\jdk-21.0.2
PATH=C:\WINDOWS\system32;C:\WINDOWS;C:\WINDOWS\System32\Wbem;C:\WINDOWS\System32\WindowsPowerShell\v1.0\;C:\WINDOWS\System32\OpenSSH\;C:\Program Files\Java\jdk-21.0.2\bin;C:\Users\prabh\AppData\Local\Programs\MiKTeX\miktex\bin\x64\;C:\Users\prabh\.m2\wrapper\dists\apache-maven-3.8.5-bin\5i5jha092a3i37g0paqnfr15e0\apache-maven-3.8.5\bin;C:\Program Files\Git\cmd;C:\Users\prabh\AppData\Local\Programs\Python\Python311\Scripts\;C:\Users\prabh\AppData\Local\Programs\Python\Python311\;C:\Users\prabh\AppData\Local\Microsoft\WindowsApps;C:\Users\prabh\AppData\Local\Programs\Microsoft VS Code\bin;C:\Users\prabh\AppData\Local\JetBrains\Toolbox\scripts;C:\Users\prabh\AppData\Local\Programs\MiKTeX\miktex\bin\x64\;C:\Program Files\JetBrains\IntelliJ IDEA 2023.3.3\bin;
USERNAME=prabh
OS=Windows_NT
PROCESSOR_IDENTIFIER=Intel64 Family 6 Model 142 Stepping 12, GenuineIntel
TMP=C:\Users\prabh\AppData\Local\Temp
TEMP=C:\Users\prabh\AppData\Local\Temp




Periodic native trim disabled

---------------  S Y S T E M  ---------------

OS:
 Windows 11 , 64 bit Build 22621 (10.0.22621.4391)
OS uptime: 11 days 3:30 hours

CPU: total 8 (initial active 8) (4 cores per cpu, 2 threads per core) family 6 model 142 stepping 12 microcode 0xfa, cx8, cmov, fxsr, ht, mmx, 3dnowpref, sse, sse2, sse3, ssse3, sse4.1, sse4.2, popcnt, lzcnt, tsc, tscinvbit, avx, avx2, aes, erms, clmul, bmi1, bmi2, adx, fma, vzeroupper, clflush, clflushopt, rdtscp, f16c
Processor Information for all 8 processors :
  Max Mhz: 1896, Current Mhz: 798, Mhz Limit: 796

Memory: 4k page, system-wide physical 16099M (3375M free)
TotalPageFile size 33712M (AvailPageFile size 3M)
current process WorkingSet (physical memory assigned to process): 110M, peak: 110M
current process commit charge ("private bytes"): 381M, peak: 381M

vm_info: Java HotSpot(TM) 64-Bit Server VM (21.0.2+13-LTS-58) for windows-amd64 JRE (21.0.2+13-LTS-58), built on 2024-01-05T18:32:24Z by "mach5one" with MS VC++ 17.1 (VS2022)

END.
