#
# There is insufficient memory for the Java Runtime Environment to continue.
# Native memory allocation (malloc) failed to allocate 88720 bytes for Chunk::new
# Possible reasons:
#   The system is out of physical RAM or swap space
#   The process is running with CompressedOops enabled, and the Java Heap may be blocking the growth of the native heap
# Possible solutions:
#   Reduce memory load on the system
#   Increase physical memory or swap space
#   Check if swap backing store is full
#   Decrease Java heap size (-Xmx/-Xms)
#   Decrease number of Java threads
#   Decrease Java thread stack sizes (-Xss)
#   Set larger code cache with -XX:ReservedCodeCacheSize=
#   JVM is running with Unscaled Compressed Oops mode in which the Java heap is
#     placed in the first 4GB address space. The Java Heap base address is the
#     maximum limit for the native heap growth. Please use -XX:HeapBaseMinAddress
#     to set the Java Heap base and to place the Java Heap above 4GB virtual address.
# This output file may be truncated or incomplete.
#
#  Out of Memory Error (arena.cpp:168), pid=8136, tid=700
#
# JRE version: Java(TM) SE Runtime Environment (21.0.2+13) (build 21.0.2+13-LTS-58)
# Java VM: Java HotSpot(TM) 64-Bit Server VM (21.0.2+13-LTS-58, mixed mode, sharing, tiered, compressed oops, compressed class ptrs, g1 gc, windows-amd64)
# No core dump will be written. Minidumps are not enabled by default on client versions of Windows
#

---------------  S U M M A R Y ------------

Command Line: -XX:MetaspaceSize=128m -XX:MaxMetaspaceSize=512m -Xms256m -Xmx512m -Xss256k -javaagent:D:\IntelliJ IDEA 2024.2.4\lib\idea_rt.jar=54857:D:\IntelliJ IDEA 2024.2.4\bin -Dfile.encoding=UTF-8 -Dsun.stdout.encoding=UTF-8 -Dsun.stderr.encoding=UTF-8 --module-path=C:\Users\prabh\IdeaProjects\OOD5\lib\librec-core-3.0.0-1.jar;C:\Users\prabh\.m2\repository\com\google\code\gson\gson\2.8.9\gson-2.8.9.jar;C:\Users\prabh\.m2\repository\com\mysql\mysql-connector-j\8.0.33\mysql-connector-j-8.0.33.jar;C:\Users\prabh\.m2\repository\org\openjfx\javafx-controls\21\javafx-controls-21-win.jar;C:\Users\prabh\.m2\repository\org\openjfx\javafx-graphics\21\javafx-graphics-21-win.jar;C:\Users\prabh\IdeaProjects\OOD5\target\classes;C:\Users\prabh\.m2\repository\org\openjfx\javafx-fxml\21\javafx-fxml-21-win.jar;C:\Users\prabh\.m2\repository\org\openjfx\javafx-base\21\javafx-base-21-win.jar -Djdk.module.main=org.example.ood5 org.example.ood5/Main.Main

Host: Intel(R) Core(TM) i5-8365U CPU @ 1.60GHz, 8 cores, 15G,  Windows 11 , 64 bit Build 22621 (10.0.22621.4391)
Time: Thu Dec  5 00:11:41 2024 Sri Lanka Standard Time elapsed time: 0.805302 seconds (0d 0h 0m 0s)

---------------  T H R E A D  ---------------

Current thread (0x000001b71b5d1a50):  JavaThread "C2 CompilerThread0" daemon [_thread_in_native, id=700, stack(0x000000b642240000,0x000000b642340000) (1024K)]


Current CompileTask:
C2:    805 1080       4       java.lang.AbstractStringBuilder::append (77 bytes)

Stack: [0x000000b642240000,0x000000b642340000]
Native frames: (J=compiled Java code, j=interpreted, Vv=VM code, C=native code)
V  [jvm.dll+0x6cade9]
V  [jvm.dll+0x8569c1]
V  [jvm.dll+0x858d2e]
V  [jvm.dll+0x859413]
V  [jvm.dll+0x280e56]
V  [jvm.dll+0xc3f3d]
V  [jvm.dll+0xc4473]
V  [jvm.dll+0x3b5c2c]
V  [jvm.dll+0x382855]
V  [jvm.dll+0x381cca]
V  [jvm.dll+0x249bd0]
V  [jvm.dll+0x2491b1]
V  [jvm.dll+0x1c9634]
V  [jvm.dll+0x258859]
V  [jvm.dll+0x256e3a]
V  [jvm.dll+0x3ef6c6]
V  [jvm.dll+0x7ff568]
V  [jvm.dll+0x6c953d]
C  [ucrtbase.dll+0x29333]
C  [KERNEL32.DLL+0x1259d]
C  [ntdll.dll+0x5af38]


---------------  P R O C E S S  ---------------

Threads class SMR info:
_java_thread_list=0x000001b73cb70010, length=18, elements={
0x000001b77e5b7fc0, 0x000001b71b5bc9e0, 0x000001b71b5bd5a0, 0x000001b71b5bea80,
0x000001b71b5c2780, 0x000001b71b5c33f0, 0x000001b71b5c7850, 0x000001b71b5d1a50,
0x000001b71b5db510, 0x000001b71b5c6b30, 0x000001b71b5c43d0, 0x000001b71b5c4a60,
0x000001b71b5c5e10, 0x000001b71b5c50f0, 0x000001b71b5c5780, 0x000001b71b5c64a0,
0x000001b71b5c71c0, 0x000001b73cb8d8b0
}

Java Threads: ( => current thread )
  0x000001b77e5b7fc0 JavaThread "main"                              [_thread_blocked, id=9508, stack(0x000000b641560000,0x000000b6415a0000) (256K)]
  0x000001b71b5bc9e0 JavaThread "Reference Handler"          daemon [_thread_blocked, id=10200, stack(0x000000b6415a0000,0x000000b6415e0000) (256K)]
  0x000001b71b5bd5a0 JavaThread "Finalizer"                  daemon [_thread_blocked, id=8940, stack(0x000000b642100000,0x000000b642140000) (256K)]
  0x000001b71b5bea80 JavaThread "Signal Dispatcher"          daemon [_thread_blocked, id=1376, stack(0x000000b642140000,0x000000b642180000) (256K)]
  0x000001b71b5c2780 JavaThread "Attach Listener"            daemon [_thread_blocked, id=16780, stack(0x000000b642180000,0x000000b6421c0000) (256K)]
  0x000001b71b5c33f0 JavaThread "Service Thread"             daemon [_thread_blocked, id=10852, stack(0x000000b6421c0000,0x000000b642200000) (256K)]
  0x000001b71b5c7850 JavaThread "Monitor Deflation Thread"   daemon [_thread_blocked, id=16380, stack(0x000000b642200000,0x000000b642240000) (256K)]
=>0x000001b71b5d1a50 JavaThread "C2 CompilerThread0"         daemon [_thread_in_native, id=700, stack(0x000000b642240000,0x000000b642340000) (1024K)]
  0x000001b71b5db510 JavaThread "C1 CompilerThread0"         daemon [_thread_blocked, id=6432, stack(0x000000b642340000,0x000000b642440000) (1024K)]
  0x000001b71b5c6b30 JavaThread "Common-Cleaner"             daemon [_thread_blocked, id=19252, stack(0x000000b642440000,0x000000b642480000) (256K)]
  0x000001b71b5c43d0 JavaThread "Monitor Ctrl-Break"         daemon [_thread_in_native, id=3084, stack(0x000000b642680000,0x000000b6426c0000) (256K)]
  0x000001b71b5c4a60 JavaThread "Notification Thread"        daemon [_thread_blocked, id=13844, stack(0x000000b6426c0000,0x000000b642700000) (256K)]
  0x000001b71b5c5e10 JavaThread "QuantumRenderer-0"          daemon [_thread_blocked, id=19384, stack(0x000000b642480000,0x000000b6424c0000) (256K)]
  0x000001b71b5c50f0 JavaThread "InvokeLaterDispatcher"      daemon [_thread_blocked, id=17696, stack(0x000000b6424c0000,0x000000b642500000) (256K)]
  0x000001b71b5c5780 JavaThread "JavaFX Application Thread"         [_thread_in_vm, id=17204, stack(0x000000b642500000,0x000000b642540000) (256K)]
  0x000001b71b5c64a0 JavaThread "Thread-1"                   daemon [_thread_in_native, id=14968, stack(0x000000b642540000,0x000000b642640000) (1024K)]
  0x000001b71b5c71c0 JavaThread "JavaFX-Launcher"                   [_thread_blocked, id=2668, stack(0x000000b642640000,0x000000b642680000) (256K)]
  0x000001b73cb8d8b0 JavaThread "mysql-cj-abandoned-connection-cleanup" daemon [_thread_blocked, id=16348, stack(0x000000b642c00000,0x000000b642c40000) (256K)]
Total: 18

Other Threads:
  0x000001b71b596480 VMThread "VM Thread"                           [id=10284, stack(0x000000b642000000,0x000000b642100000) (1024K)]
  0x000001b71b57fa60 WatcherThread "VM Periodic Task Thread"        [id=2836, stack(0x000000b641f00000,0x000000b642000000) (1024K)]
  0x000001b7009c8d80 WorkerThread "GC Thread#0"                     [id=9392, stack(0x000000b641900000,0x000000b641a00000) (1024K)]
  0x000001b73cb369b0 WorkerThread "GC Thread#1"                     [id=14292, stack(0x000000b642700000,0x000000b642800000) (1024K)]
  0x000001b73cb832c0 WorkerThread "GC Thread#2"                     [id=10848, stack(0x000000b642800000,0x000000b642900000) (1024K)]
  0x000001b73cb83660 WorkerThread "GC Thread#3"                     [id=2460, stack(0x000000b642900000,0x000000b642a00000) (1024K)]
  0x000001b73cb83a00 WorkerThread "GC Thread#4"                     [id=16500, stack(0x000000b642a00000,0x000000b642b00000) (1024K)]
  0x000001b73cb83da0 WorkerThread "GC Thread#5"                     [id=2404, stack(0x000000b642b00000,0x000000b642c00000) (1024K)]
  0x000001b7009cf910 ConcurrentGCThread "G1 Main Marker"            [id=7056, stack(0x000000b641b00000,0x000000b641c00000) (1024K)]
  0x000001b7009d0bb0 WorkerThread "G1 Conc#0"                       [id=5364, stack(0x000000b641c00000,0x000000b641d00000) (1024K)]
  0x000001b700a2df70 ConcurrentGCThread "G1 Refine#0"               [id=15632, stack(0x000000b641d00000,0x000000b641e00000) (1024K)]
  0x000001b700a2eae0 ConcurrentGCThread "G1 Service"                [id=10040, stack(0x000000b641e00000,0x000000b641f00000) (1024K)]
Total: 12

Threads with active compile tasks:
C2 CompilerThread0      829 1080       4       java.lang.AbstractStringBuilder::append (77 bytes)
Total: 1

VM state: not at safepoint (normal execution)

VM Mutex/Monitor currently owned by a thread:  ([mutex/lock_event])
[0x00007ffc25d0ace8] Metaspace_lock - owner thread: 0x000001b71b5c5780

OutOfMemory and StackOverflow Exception counts:
OutOfMemoryError java_heap_errors=1
LinkageErrors=17

Heap address: 0x00000000e0000000, size: 512 MB, Compressed Oops mode: 32-bit

CDS archive(s) mapped at: [0x000001b71c000000-0x000001b71cc90000-0x000001b71cc90000), size 13172736, SharedBaseAddress: 0x000001b71c000000, ArchiveRelocationMode: 1.
Compressed class space mapped at: 0x000001b71d000000-0x000001b737000000, reserved size: 436207616
Narrow klass base: 0x000001b71c000000, Narrow klass shift: 0, Narrow klass range: 0x100000000

GC Precious Log:
 CardTable entry size: 512
 Card Set container configuration: InlinePtr #cards 5 size 8 Array Of Cards #cards 12 size 40 Howl #buckets 4 coarsen threshold 1843 Howl Bitmap #cards 512 size 80 coarsen threshold 460 Card regions per heap region 1 cards per card region 2048
 CPUs: 8 total, 8 available
 Memory: 16099M
 Large Page Support: Disabled
 NUMA Support: Disabled
 Compressed Oops: Enabled (32-bit)
 Heap Region Size: 1M
 Heap Min Capacity: 256M
 Heap Initial Capacity: 256M
 Heap Max Capacity: 512M
 Pre-touch: Disabled
 Parallel Workers: 8
 Concurrent Workers: 2
 Concurrent Refinement Workers: 8
 Periodic GC: Disabled

Heap:
 garbage-first heap   total 262144K, used 7321K [0x00000000e0000000, 0x0000000100000000)
  region size 1024K, 7 young (7168K), 3 survivors (3072K)
 Metaspace       used 5250K, committed 5440K, reserved 491520K
  class space    used 619K, committed 704K, reserved 425984K

Heap Regions: E=young(eden), S=young(survivor), O=old, HS=humongous(starts), HC=humongous(continues), CS=collection set, F=free, TAMS=top-at-mark-start, PB=parsable bottom
|   0|0x00000000e0000000, 0x00000000e0100000, 0x00000000e0100000|100%|HS|  |TAMS 0x00000000e0000000| PB 0x00000000e0000000| Complete 
|   1|0x00000000e0100000, 0x00000000e0200000, 0x00000000e0200000|100%|HC|  |TAMS 0x00000000e0100000| PB 0x00000000e0100000| Complete 
|   2|0x00000000e0200000, 0x00000000e0226540, 0x00000000e0300000| 14%| O|  |TAMS 0x00000000e0200000| PB 0x00000000e0200000| Untracked 
|   3|0x00000000e0300000, 0x00000000e0300000, 0x00000000e0400000|  0%| F|  |TAMS 0x00000000e0300000| PB 0x00000000e0300000| Untracked 
|   4|0x00000000e0400000, 0x00000000e0400000, 0x00000000e0500000|  0%| F|  |TAMS 0x00000000e0400000| PB 0x00000000e0400000| Untracked 
|   5|0x00000000e0500000, 0x00000000e0500000, 0x00000000e0600000|  0%| F|  |TAMS 0x00000000e0500000| PB 0x00000000e0500000| Untracked 
|   6|0x00000000e0600000, 0x00000000e0600000, 0x00000000e0700000|  0%| F|  |TAMS 0x00000000e0600000| PB 0x00000000e0600000| Untracked 
|   7|0x00000000e0700000, 0x00000000e0700000, 0x00000000e0800000|  0%| F|  |TAMS 0x00000000e0700000| PB 0x00000000e0700000| Untracked 
|   8|0x00000000e0800000, 0x00000000e0800000, 0x00000000e0900000|  0%| F|  |TAMS 0x00000000e0800000| PB 0x00000000e0800000| Untracked 
|   9|0x00000000e0900000, 0x00000000e0900000, 0x00000000e0a00000|  0%| F|  |TAMS 0x00000000e0900000| PB 0x00000000e0900000| Untracked 
|  10|0x00000000e0a00000, 0x00000000e0a00000, 0x00000000e0b00000|  0%| F|  |TAMS 0x00000000e0a00000| PB 0x00000000e0a00000| Untracked 
|  11|0x00000000e0b00000, 0x00000000e0b00000, 0x00000000e0c00000|  0%| F|  |TAMS 0x00000000e0b00000| PB 0x00000000e0b00000| Untracked 
|  12|0x00000000e0c00000, 0x00000000e0c00000, 0x00000000e0d00000|  0%| F|  |TAMS 0x00000000e0c00000| PB 0x00000000e0c00000| Untracked 
|  13|0x00000000e0d00000, 0x00000000e0d00000, 0x00000000e0e00000|  0%| F|  |TAMS 0x00000000e0d00000| PB 0x00000000e0d00000| Untracked 
|  14|0x00000000e0e00000, 0x00000000e0e00000, 0x00000000e0f00000|  0%| F|  |TAMS 0x00000000e0e00000| PB 0x00000000e0e00000| Untracked 
|  15|0x00000000e0f00000, 0x00000000e0f00000, 0x00000000e1000000|  0%| F|  |TAMS 0x00000000e0f00000| PB 0x00000000e0f00000| Untracked 
|  16|0x00000000e1000000, 0x00000000e1000000, 0x00000000e1100000|  0%| F|  |TAMS 0x00000000e1000000| PB 0x00000000e1000000| Untracked 
|  17|0x00000000e1100000, 0x00000000e1100000, 0x00000000e1200000|  0%| F|  |TAMS 0x00000000e1100000| PB 0x00000000e1100000| Untracked 
|  18|0x00000000e1200000, 0x00000000e1200000, 0x00000000e1300000|  0%| F|  |TAMS 0x00000000e1200000| PB 0x00000000e1200000| Untracked 
|  19|0x00000000e1300000, 0x00000000e1300000, 0x00000000e1400000|  0%| F|  |TAMS 0x00000000e1300000| PB 0x00000000e1300000| Untracked 
|  20|0x00000000e1400000, 0x00000000e1400000, 0x00000000e1500000|  0%| F|  |TAMS 0x00000000e1400000| PB 0x00000000e1400000| Untracked 
|  21|0x00000000e1500000, 0x00000000e1500000, 0x00000000e1600000|  0%| F|  |TAMS 0x00000000e1500000| PB 0x00000000e1500000| Untracked 
|  22|0x00000000e1600000, 0x00000000e1600000, 0x00000000e1700000|  0%| F|  |TAMS 0x00000000e1600000| PB 0x00000000e1600000| Untracked 
|  23|0x00000000e1700000, 0x00000000e1700000, 0x00000000e1800000|  0%| F|  |TAMS 0x00000000e1700000| PB 0x00000000e1700000| Untracked 
|  24|0x00000000e1800000, 0x00000000e1800000, 0x00000000e1900000|  0%| F|  |TAMS 0x00000000e1800000| PB 0x00000000e1800000| Untracked 
|  25|0x00000000e1900000, 0x00000000e1900000, 0x00000000e1a00000|  0%| F|  |TAMS 0x00000000e1900000| PB 0x00000000e1900000| Untracked 
|  26|0x00000000e1a00000, 0x00000000e1a00000, 0x00000000e1b00000|  0%| F|  |TAMS 0x00000000e1a00000| PB 0x00000000e1a00000| Untracked 
|  27|0x00000000e1b00000, 0x00000000e1b00000, 0x00000000e1c00000|  0%| F|  |TAMS 0x00000000e1b00000| PB 0x00000000e1b00000| Untracked 
|  28|0x00000000e1c00000, 0x00000000e1c00000, 0x00000000e1d00000|  0%| F|  |TAMS 0x00000000e1c00000| PB 0x00000000e1c00000| Untracked 
|  29|0x00000000e1d00000, 0x00000000e1d00000, 0x00000000e1e00000|  0%| F|  |TAMS 0x00000000e1d00000| PB 0x00000000e1d00000| Untracked 
|  30|0x00000000e1e00000, 0x00000000e1e00000, 0x00000000e1f00000|  0%| F|  |TAMS 0x00000000e1e00000| PB 0x00000000e1e00000| Untracked 
|  31|0x00000000e1f00000, 0x00000000e1f00000, 0x00000000e2000000|  0%| F|  |TAMS 0x00000000e1f00000| PB 0x00000000e1f00000| Untracked 
|  32|0x00000000e2000000, 0x00000000e2000000, 0x00000000e2100000|  0%| F|  |TAMS 0x00000000e2000000| PB 0x00000000e2000000| Untracked 
|  33|0x00000000e2100000, 0x00000000e2100000, 0x00000000e2200000|  0%| F|  |TAMS 0x00000000e2100000| PB 0x00000000e2100000| Untracked 
|  34|0x00000000e2200000, 0x00000000e2200000, 0x00000000e2300000|  0%| F|  |TAMS 0x00000000e2200000| PB 0x00000000e2200000| Untracked 
|  35|0x00000000e2300000, 0x00000000e2300000, 0x00000000e2400000|  0%| F|  |TAMS 0x00000000e2300000| PB 0x00000000e2300000| Untracked 
|  36|0x00000000e2400000, 0x00000000e2400000, 0x00000000e2500000|  0%| F|  |TAMS 0x00000000e2400000| PB 0x00000000e2400000| Untracked 
|  37|0x00000000e2500000, 0x00000000e2500000, 0x00000000e2600000|  0%| F|  |TAMS 0x00000000e2500000| PB 0x00000000e2500000| Untracked 
|  38|0x00000000e2600000, 0x00000000e2600000, 0x00000000e2700000|  0%| F|  |TAMS 0x00000000e2600000| PB 0x00000000e2600000| Untracked 
|  39|0x00000000e2700000, 0x00000000e2700000, 0x00000000e2800000|  0%| F|  |TAMS 0x00000000e2700000| PB 0x00000000e2700000| Untracked 
|  40|0x00000000e2800000, 0x00000000e2800000, 0x00000000e2900000|  0%| F|  |TAMS 0x00000000e2800000| PB 0x00000000e2800000| Untracked 
|  41|0x00000000e2900000, 0x00000000e2900000, 0x00000000e2a00000|  0%| F|  |TAMS 0x00000000e2900000| PB 0x00000000e2900000| Untracked 
|  42|0x00000000e2a00000, 0x00000000e2a00000, 0x00000000e2b00000|  0%| F|  |TAMS 0x00000000e2a00000| PB 0x00000000e2a00000| Untracked 
|  43|0x00000000e2b00000, 0x00000000e2b00000, 0x00000000e2c00000|  0%| F|  |TAMS 0x00000000e2b00000| PB 0x00000000e2b00000| Untracked 
|  44|0x00000000e2c00000, 0x00000000e2c00000, 0x00000000e2d00000|  0%| F|  |TAMS 0x00000000e2c00000| PB 0x00000000e2c00000| Untracked 
|  45|0x00000000e2d00000, 0x00000000e2d00000, 0x00000000e2e00000|  0%| F|  |TAMS 0x00000000e2d00000| PB 0x00000000e2d00000| Untracked 
|  46|0x00000000e2e00000, 0x00000000e2e00000, 0x00000000e2f00000|  0%| F|  |TAMS 0x00000000e2e00000| PB 0x00000000e2e00000| Untracked 
|  47|0x00000000e2f00000, 0x00000000e2f00000, 0x00000000e3000000|  0%| F|  |TAMS 0x00000000e2f00000| PB 0x00000000e2f00000| Untracked 
|  48|0x00000000e3000000, 0x00000000e3000000, 0x00000000e3100000|  0%| F|  |TAMS 0x00000000e3000000| PB 0x00000000e3000000| Untracked 
|  49|0x00000000e3100000, 0x00000000e3100000, 0x00000000e3200000|  0%| F|  |TAMS 0x00000000e3100000| PB 0x00000000e3100000| Untracked 
|  50|0x00000000e3200000, 0x00000000e3200000, 0x00000000e3300000|  0%| F|  |TAMS 0x00000000e3200000| PB 0x00000000e3200000| Untracked 
|  51|0x00000000e3300000, 0x00000000e3300000, 0x00000000e3400000|  0%| F|  |TAMS 0x00000000e3300000| PB 0x00000000e3300000| Untracked 
|  52|0x00000000e3400000, 0x00000000e3400000, 0x00000000e3500000|  0%| F|  |TAMS 0x00000000e3400000| PB 0x00000000e3400000| Untracked 
|  53|0x00000000e3500000, 0x00000000e3500000, 0x00000000e3600000|  0%| F|  |TAMS 0x00000000e3500000| PB 0x00000000e3500000| Untracked 
|  54|0x00000000e3600000, 0x00000000e3600000, 0x00000000e3700000|  0%| F|  |TAMS 0x00000000e3600000| PB 0x00000000e3600000| Untracked 
|  55|0x00000000e3700000, 0x00000000e3700000, 0x00000000e3800000|  0%| F|  |TAMS 0x00000000e3700000| PB 0x00000000e3700000| Untracked 
|  56|0x00000000e3800000, 0x00000000e3800000, 0x00000000e3900000|  0%| F|  |TAMS 0x00000000e3800000| PB 0x00000000e3800000| Untracked 
|  57|0x00000000e3900000, 0x00000000e3900000, 0x00000000e3a00000|  0%| F|  |TAMS 0x00000000e3900000| PB 0x00000000e3900000| Untracked 
|  58|0x00000000e3a00000, 0x00000000e3a00000, 0x00000000e3b00000|  0%| F|  |TAMS 0x00000000e3a00000| PB 0x00000000e3a00000| Untracked 
|  59|0x00000000e3b00000, 0x00000000e3b00000, 0x00000000e3c00000|  0%| F|  |TAMS 0x00000000e3b00000| PB 0x00000000e3b00000| Untracked 
|  60|0x00000000e3c00000, 0x00000000e3c00000, 0x00000000e3d00000|  0%| F|  |TAMS 0x00000000e3c00000| PB 0x00000000e3c00000| Untracked 
|  61|0x00000000e3d00000, 0x00000000e3d00000, 0x00000000e3e00000|  0%| F|  |TAMS 0x00000000e3d00000| PB 0x00000000e3d00000| Untracked 
|  62|0x00000000e3e00000, 0x00000000e3e00000, 0x00000000e3f00000|  0%| F|  |TAMS 0x00000000e3e00000| PB 0x00000000e3e00000| Untracked 
|  63|0x00000000e3f00000, 0x00000000e3f00000, 0x00000000e4000000|  0%| F|  |TAMS 0x00000000e3f00000| PB 0x00000000e3f00000| Untracked 
|  64|0x00000000e4000000, 0x00000000e4000000, 0x00000000e4100000|  0%| F|  |TAMS 0x00000000e4000000| PB 0x00000000e4000000| Untracked 
|  65|0x00000000e4100000, 0x00000000e4100000, 0x00000000e4200000|  0%| F|  |TAMS 0x00000000e4100000| PB 0x00000000e4100000| Untracked 
|  66|0x00000000e4200000, 0x00000000e4200000, 0x00000000e4300000|  0%| F|  |TAMS 0x00000000e4200000| PB 0x00000000e4200000| Untracked 
|  67|0x00000000e4300000, 0x00000000e4300000, 0x00000000e4400000|  0%| F|  |TAMS 0x00000000e4300000| PB 0x00000000e4300000| Untracked 
|  68|0x00000000e4400000, 0x00000000e4400000, 0x00000000e4500000|  0%| F|  |TAMS 0x00000000e4400000| PB 0x00000000e4400000| Untracked 
|  69|0x00000000e4500000, 0x00000000e4500000, 0x00000000e4600000|  0%| F|  |TAMS 0x00000000e4500000| PB 0x00000000e4500000| Untracked 
|  70|0x00000000e4600000, 0x00000000e4600000, 0x00000000e4700000|  0%| F|  |TAMS 0x00000000e4600000| PB 0x00000000e4600000| Untracked 
|  71|0x00000000e4700000, 0x00000000e4700000, 0x00000000e4800000|  0%| F|  |TAMS 0x00000000e4700000| PB 0x00000000e4700000| Untracked 
|  72|0x00000000e4800000, 0x00000000e4800000, 0x00000000e4900000|  0%| F|  |TAMS 0x00000000e4800000| PB 0x00000000e4800000| Untracked 
|  73|0x00000000e4900000, 0x00000000e4900000, 0x00000000e4a00000|  0%| F|  |TAMS 0x00000000e4900000| PB 0x00000000e4900000| Untracked 
|  74|0x00000000e4a00000, 0x00000000e4a00000, 0x00000000e4b00000|  0%| F|  |TAMS 0x00000000e4a00000| PB 0x00000000e4a00000| Untracked 
|  75|0x00000000e4b00000, 0x00000000e4b00000, 0x00000000e4c00000|  0%| F|  |TAMS 0x00000000e4b00000| PB 0x00000000e4b00000| Untracked 
|  76|0x00000000e4c00000, 0x00000000e4c00000, 0x00000000e4d00000|  0%| F|  |TAMS 0x00000000e4c00000| PB 0x00000000e4c00000| Untracked 
|  77|0x00000000e4d00000, 0x00000000e4d00000, 0x00000000e4e00000|  0%| F|  |TAMS 0x00000000e4d00000| PB 0x00000000e4d00000| Untracked 
|  78|0x00000000e4e00000, 0x00000000e4e00000, 0x00000000e4f00000|  0%| F|  |TAMS 0x00000000e4e00000| PB 0x00000000e4e00000| Untracked 
|  79|0x00000000e4f00000, 0x00000000e4f00000, 0x00000000e5000000|  0%| F|  |TAMS 0x00000000e4f00000| PB 0x00000000e4f00000| Untracked 
|  80|0x00000000e5000000, 0x00000000e5000000, 0x00000000e5100000|  0%| F|  |TAMS 0x00000000e5000000| PB 0x00000000e5000000| Untracked 
|  81|0x00000000e5100000, 0x00000000e5100000, 0x00000000e5200000|  0%| F|  |TAMS 0x00000000e5100000| PB 0x00000000e5100000| Untracked 
|  82|0x00000000e5200000, 0x00000000e5200000, 0x00000000e5300000|  0%| F|  |TAMS 0x00000000e5200000| PB 0x00000000e5200000| Untracked 
|  83|0x00000000e5300000, 0x00000000e5300000, 0x00000000e5400000|  0%| F|  |TAMS 0x00000000e5300000| PB 0x00000000e5300000| Untracked 
|  84|0x00000000e5400000, 0x00000000e5400000, 0x00000000e5500000|  0%| F|  |TAMS 0x00000000e5400000| PB 0x00000000e5400000| Untracked 
|  85|0x00000000e5500000, 0x00000000e5500000, 0x00000000e5600000|  0%| F|  |TAMS 0x00000000e5500000| PB 0x00000000e5500000| Untracked 
|  86|0x00000000e5600000, 0x00000000e5600000, 0x00000000e5700000|  0%| F|  |TAMS 0x00000000e5600000| PB 0x00000000e5600000| Untracked 
|  87|0x00000000e5700000, 0x00000000e5700000, 0x00000000e5800000|  0%| F|  |TAMS 0x00000000e5700000| PB 0x00000000e5700000| Untracked 
|  88|0x00000000e5800000, 0x00000000e5800000, 0x00000000e5900000|  0%| F|  |TAMS 0x00000000e5800000| PB 0x00000000e5800000| Untracked 
|  89|0x00000000e5900000, 0x00000000e5900000, 0x00000000e5a00000|  0%| F|  |TAMS 0x00000000e5900000| PB 0x00000000e5900000| Untracked 
|  90|0x00000000e5a00000, 0x00000000e5a00000, 0x00000000e5b00000|  0%| F|  |TAMS 0x00000000e5a00000| PB 0x00000000e5a00000| Untracked 
|  91|0x00000000e5b00000, 0x00000000e5b00000, 0x00000000e5c00000|  0%| F|  |TAMS 0x00000000e5b00000| PB 0x00000000e5b00000| Untracked 
|  92|0x00000000e5c00000, 0x00000000e5c00000, 0x00000000e5d00000|  0%| F|  |TAMS 0x00000000e5c00000| PB 0x00000000e5c00000| Untracked 
|  93|0x00000000e5d00000, 0x00000000e5d00000, 0x00000000e5e00000|  0%| F|  |TAMS 0x00000000e5d00000| PB 0x00000000e5d00000| Untracked 
|  94|0x00000000e5e00000, 0x00000000e5e00000, 0x00000000e5f00000|  0%| F|  |TAMS 0x00000000e5e00000| PB 0x00000000e5e00000| Untracked 
|  95|0x00000000e5f00000, 0x00000000e5f00000, 0x00000000e6000000|  0%| F|  |TAMS 0x00000000e5f00000| PB 0x00000000e5f00000| Untracked 
|  96|0x00000000e6000000, 0x00000000e6000000, 0x00000000e6100000|  0%| F|  |TAMS 0x00000000e6000000| PB 0x00000000e6000000| Untracked 
|  97|0x00000000e6100000, 0x00000000e6100000, 0x00000000e6200000|  0%| F|  |TAMS 0x00000000e6100000| PB 0x00000000e6100000| Untracked 
|  98|0x00000000e6200000, 0x00000000e6200000, 0x00000000e6300000|  0%| F|  |TAMS 0x00000000e6200000| PB 0x00000000e6200000| Untracked 
|  99|0x00000000e6300000, 0x00000000e6300000, 0x00000000e6400000|  0%| F|  |TAMS 0x00000000e6300000| PB 0x00000000e6300000| Untracked 
| 100|0x00000000e6400000, 0x00000000e6400000, 0x00000000e6500000|  0%| F|  |TAMS 0x00000000e6400000| PB 0x00000000e6400000| Untracked 
| 101|0x00000000e6500000, 0x00000000e6500000, 0x00000000e6600000|  0%| F|  |TAMS 0x00000000e6500000| PB 0x00000000e6500000| Untracked 
| 102|0x00000000e6600000, 0x00000000e6600000, 0x00000000e6700000|  0%| F|  |TAMS 0x00000000e6600000| PB 0x00000000e6600000| Untracked 
| 103|0x00000000e6700000, 0x00000000e6700000, 0x00000000e6800000|  0%| F|  |TAMS 0x00000000e6700000| PB 0x00000000e6700000| Untracked 
| 104|0x00000000e6800000, 0x00000000e6800000, 0x00000000e6900000|  0%| F|  |TAMS 0x00000000e6800000| PB 0x00000000e6800000| Untracked 
| 105|0x00000000e6900000, 0x00000000e6900000, 0x00000000e6a00000|  0%| F|  |TAMS 0x00000000e6900000| PB 0x00000000e6900000| Untracked 
| 106|0x00000000e6a00000, 0x00000000e6a00000, 0x00000000e6b00000|  0%| F|  |TAMS 0x00000000e6a00000| PB 0x00000000e6a00000| Untracked 
| 107|0x00000000e6b00000, 0x00000000e6b00000, 0x00000000e6c00000|  0%| F|  |TAMS 0x00000000e6b00000| PB 0x00000000e6b00000| Untracked 
| 108|0x00000000e6c00000, 0x00000000e6c00000, 0x00000000e6d00000|  0%| F|  |TAMS 0x00000000e6c00000| PB 0x00000000e6c00000| Untracked 
| 109|0x00000000e6d00000, 0x00000000e6d00000, 0x00000000e6e00000|  0%| F|  |TAMS 0x00000000e6d00000| PB 0x00000000e6d00000| Untracked 
| 110|0x00000000e6e00000, 0x00000000e6e00000, 0x00000000e6f00000|  0%| F|  |TAMS 0x00000000e6e00000| PB 0x00000000e6e00000| Untracked 
| 111|0x00000000e6f00000, 0x00000000e6f00000, 0x00000000e7000000|  0%| F|  |TAMS 0x00000000e6f00000| PB 0x00000000e6f00000| Untracked 
| 112|0x00000000e7000000, 0x00000000e7000000, 0x00000000e7100000|  0%| F|  |TAMS 0x00000000e7000000| PB 0x00000000e7000000| Untracked 
| 113|0x00000000e7100000, 0x00000000e7100000, 0x00000000e7200000|  0%| F|  |TAMS 0x00000000e7100000| PB 0x00000000e7100000| Untracked 
| 114|0x00000000e7200000, 0x00000000e7200000, 0x00000000e7300000|  0%| F|  |TAMS 0x00000000e7200000| PB 0x00000000e7200000| Untracked 
| 115|0x00000000e7300000, 0x00000000e7300000, 0x00000000e7400000|  0%| F|  |TAMS 0x00000000e7300000| PB 0x00000000e7300000| Untracked 
| 116|0x00000000e7400000, 0x00000000e7400000, 0x00000000e7500000|  0%| F|  |TAMS 0x00000000e7400000| PB 0x00000000e7400000| Untracked 
| 117|0x00000000e7500000, 0x00000000e7500000, 0x00000000e7600000|  0%| F|  |TAMS 0x00000000e7500000| PB 0x00000000e7500000| Untracked 
| 118|0x00000000e7600000, 0x00000000e7600000, 0x00000000e7700000|  0%| F|  |TAMS 0x00000000e7600000| PB 0x00000000e7600000| Untracked 
| 119|0x00000000e7700000, 0x00000000e7700000, 0x00000000e7800000|  0%| F|  |TAMS 0x00000000e7700000| PB 0x00000000e7700000| Untracked 
| 120|0x00000000e7800000, 0x00000000e7800000, 0x00000000e7900000|  0%| F|  |TAMS 0x00000000e7800000| PB 0x00000000e7800000| Untracked 
| 121|0x00000000e7900000, 0x00000000e7900000, 0x00000000e7a00000|  0%| F|  |TAMS 0x00000000e7900000| PB 0x00000000e7900000| Untracked 
| 122|0x00000000e7a00000, 0x00000000e7a00000, 0x00000000e7b00000|  0%| F|  |TAMS 0x00000000e7a00000| PB 0x00000000e7a00000| Untracked 
| 123|0x00000000e7b00000, 0x00000000e7b00000, 0x00000000e7c00000|  0%| F|  |TAMS 0x00000000e7b00000| PB 0x00000000e7b00000| Untracked 
| 124|0x00000000e7c00000, 0x00000000e7c00000, 0x00000000e7d00000|  0%| F|  |TAMS 0x00000000e7c00000| PB 0x00000000e7c00000| Untracked 
| 125|0x00000000e7d00000, 0x00000000e7d00000, 0x00000000e7e00000|  0%| F|  |TAMS 0x00000000e7d00000| PB 0x00000000e7d00000| Untracked 
| 126|0x00000000e7e00000, 0x00000000e7e00000, 0x00000000e7f00000|  0%| F|  |TAMS 0x00000000e7e00000| PB 0x00000000e7e00000| Untracked 
| 127|0x00000000e7f00000, 0x00000000e7f00000, 0x00000000e8000000|  0%| F|  |TAMS 0x00000000e7f00000| PB 0x00000000e7f00000| Untracked 
| 128|0x00000000e8000000, 0x00000000e8000000, 0x00000000e8100000|  0%| F|  |TAMS 0x00000000e8000000| PB 0x00000000e8000000| Untracked 
| 129|0x00000000e8100000, 0x00000000e8100000, 0x00000000e8200000|  0%| F|  |TAMS 0x00000000e8100000| PB 0x00000000e8100000| Untracked 
| 130|0x00000000e8200000, 0x00000000e8200000, 0x00000000e8300000|  0%| F|  |TAMS 0x00000000e8200000| PB 0x00000000e8200000| Untracked 
| 131|0x00000000e8300000, 0x00000000e8300000, 0x00000000e8400000|  0%| F|  |TAMS 0x00000000e8300000| PB 0x00000000e8300000| Untracked 
| 132|0x00000000e8400000, 0x00000000e8400000, 0x00000000e8500000|  0%| F|  |TAMS 0x00000000e8400000| PB 0x00000000e8400000| Untracked 
| 133|0x00000000e8500000, 0x00000000e8500000, 0x00000000e8600000|  0%| F|  |TAMS 0x00000000e8500000| PB 0x00000000e8500000| Untracked 
| 134|0x00000000e8600000, 0x00000000e8600000, 0x00000000e8700000|  0%| F|  |TAMS 0x00000000e8600000| PB 0x00000000e8600000| Untracked 
| 135|0x00000000e8700000, 0x00000000e8700000, 0x00000000e8800000|  0%| F|  |TAMS 0x00000000e8700000| PB 0x00000000e8700000| Untracked 
| 136|0x00000000e8800000, 0x00000000e8800000, 0x00000000e8900000|  0%| F|  |TAMS 0x00000000e8800000| PB 0x00000000e8800000| Untracked 
| 137|0x00000000e8900000, 0x00000000e8900000, 0x00000000e8a00000|  0%| F|  |TAMS 0x00000000e8900000| PB 0x00000000e8900000| Untracked 
| 138|0x00000000e8a00000, 0x00000000e8a00000, 0x00000000e8b00000|  0%| F|  |TAMS 0x00000000e8a00000| PB 0x00000000e8a00000| Untracked 
| 139|0x00000000e8b00000, 0x00000000e8b00000, 0x00000000e8c00000|  0%| F|  |TAMS 0x00000000e8b00000| PB 0x00000000e8b00000| Untracked 
| 140|0x00000000e8c00000, 0x00000000e8c00000, 0x00000000e8d00000|  0%| F|  |TAMS 0x00000000e8c00000| PB 0x00000000e8c00000| Untracked 
| 141|0x00000000e8d00000, 0x00000000e8d00000, 0x00000000e8e00000|  0%| F|  |TAMS 0x00000000e8d00000| PB 0x00000000e8d00000| Untracked 
| 142|0x00000000e8e00000, 0x00000000e8e00000, 0x00000000e8f00000|  0%| F|  |TAMS 0x00000000e8e00000| PB 0x00000000e8e00000| Untracked 
| 143|0x00000000e8f00000, 0x00000000e8f00000, 0x00000000e9000000|  0%| F|  |TAMS 0x00000000e8f00000| PB 0x00000000e8f00000| Untracked 
| 144|0x00000000e9000000, 0x00000000e9000000, 0x00000000e9100000|  0%| F|  |TAMS 0x00000000e9000000| PB 0x00000000e9000000| Untracked 
| 145|0x00000000e9100000, 0x00000000e9100000, 0x00000000e9200000|  0%| F|  |TAMS 0x00000000e9100000| PB 0x00000000e9100000| Untracked 
| 146|0x00000000e9200000, 0x00000000e9200000, 0x00000000e9300000|  0%| F|  |TAMS 0x00000000e9200000| PB 0x00000000e9200000| Untracked 
| 147|0x00000000e9300000, 0x00000000e9300000, 0x00000000e9400000|  0%| F|  |TAMS 0x00000000e9300000| PB 0x00000000e9300000| Untracked 
| 148|0x00000000e9400000, 0x00000000e9400000, 0x00000000e9500000|  0%| F|  |TAMS 0x00000000e9400000| PB 0x00000000e9400000| Untracked 
| 149|0x00000000e9500000, 0x00000000e9500000, 0x00000000e9600000|  0%| F|  |TAMS 0x00000000e9500000| PB 0x00000000e9500000| Untracked 
| 150|0x00000000e9600000, 0x00000000e9600000, 0x00000000e9700000|  0%| F|  |TAMS 0x00000000e9600000| PB 0x00000000e9600000| Untracked 
| 151|0x00000000e9700000, 0x00000000e9700000, 0x00000000e9800000|  0%| F|  |TAMS 0x00000000e9700000| PB 0x00000000e9700000| Untracked 
| 152|0x00000000e9800000, 0x00000000e9800000, 0x00000000e9900000|  0%| F|  |TAMS 0x00000000e9800000| PB 0x00000000e9800000| Untracked 
| 153|0x00000000e9900000, 0x00000000e9900000, 0x00000000e9a00000|  0%| F|  |TAMS 0x00000000e9900000| PB 0x00000000e9900000| Untracked 
| 154|0x00000000e9a00000, 0x00000000e9a00000, 0x00000000e9b00000|  0%| F|  |TAMS 0x00000000e9a00000| PB 0x00000000e9a00000| Untracked 
| 155|0x00000000e9b00000, 0x00000000e9b00000, 0x00000000e9c00000|  0%| F|  |TAMS 0x00000000e9b00000| PB 0x00000000e9b00000| Untracked 
| 156|0x00000000e9c00000, 0x00000000e9c00000, 0x00000000e9d00000|  0%| F|  |TAMS 0x00000000e9c00000| PB 0x00000000e9c00000| Untracked 
| 157|0x00000000e9d00000, 0x00000000e9d00000, 0x00000000e9e00000|  0%| F|  |TAMS 0x00000000e9d00000| PB 0x00000000e9d00000| Untracked 
| 158|0x00000000e9e00000, 0x00000000e9e00000, 0x00000000e9f00000|  0%| F|  |TAMS 0x00000000e9e00000| PB 0x00000000e9e00000| Untracked 
| 159|0x00000000e9f00000, 0x00000000e9f00000, 0x00000000ea000000|  0%| F|  |TAMS 0x00000000e9f00000| PB 0x00000000e9f00000| Untracked 
| 160|0x00000000ea000000, 0x00000000ea000000, 0x00000000ea100000|  0%| F|  |TAMS 0x00000000ea000000| PB 0x00000000ea000000| Untracked 
| 161|0x00000000ea100000, 0x00000000ea100000, 0x00000000ea200000|  0%| F|  |TAMS 0x00000000ea100000| PB 0x00000000ea100000| Untracked 
| 162|0x00000000ea200000, 0x00000000ea200000, 0x00000000ea300000|  0%| F|  |TAMS 0x00000000ea200000| PB 0x00000000ea200000| Untracked 
| 163|0x00000000ea300000, 0x00000000ea300000, 0x00000000ea400000|  0%| F|  |TAMS 0x00000000ea300000| PB 0x00000000ea300000| Untracked 
| 164|0x00000000ea400000, 0x00000000ea400000, 0x00000000ea500000|  0%| F|  |TAMS 0x00000000ea400000| PB 0x00000000ea400000| Untracked 
| 165|0x00000000ea500000, 0x00000000ea500000, 0x00000000ea600000|  0%| F|  |TAMS 0x00000000ea500000| PB 0x00000000ea500000| Untracked 
| 166|0x00000000ea600000, 0x00000000ea600000, 0x00000000ea700000|  0%| F|  |TAMS 0x00000000ea600000| PB 0x00000000ea600000| Untracked 
| 167|0x00000000ea700000, 0x00000000ea700000, 0x00000000ea800000|  0%| F|  |TAMS 0x00000000ea700000| PB 0x00000000ea700000| Untracked 
| 168|0x00000000ea800000, 0x00000000ea800000, 0x00000000ea900000|  0%| F|  |TAMS 0x00000000ea800000| PB 0x00000000ea800000| Untracked 
| 169|0x00000000ea900000, 0x00000000ea900000, 0x00000000eaa00000|  0%| F|  |TAMS 0x00000000ea900000| PB 0x00000000ea900000| Untracked 
| 170|0x00000000eaa00000, 0x00000000eaa00000, 0x00000000eab00000|  0%| F|  |TAMS 0x00000000eaa00000| PB 0x00000000eaa00000| Untracked 
| 171|0x00000000eab00000, 0x00000000eab00000, 0x00000000eac00000|  0%| F|  |TAMS 0x00000000eab00000| PB 0x00000000eab00000| Untracked 
| 172|0x00000000eac00000, 0x00000000eac00000, 0x00000000ead00000|  0%| F|  |TAMS 0x00000000eac00000| PB 0x00000000eac00000| Untracked 
| 173|0x00000000ead00000, 0x00000000ead00000, 0x00000000eae00000|  0%| F|  |TAMS 0x00000000ead00000| PB 0x00000000ead00000| Untracked 
| 174|0x00000000eae00000, 0x00000000eae00000, 0x00000000eaf00000|  0%| F|  |TAMS 0x00000000eae00000| PB 0x00000000eae00000| Untracked 
| 175|0x00000000eaf00000, 0x00000000eaf00000, 0x00000000eb000000|  0%| F|  |TAMS 0x00000000eaf00000| PB 0x00000000eaf00000| Untracked 
| 176|0x00000000eb000000, 0x00000000eb000000, 0x00000000eb100000|  0%| F|  |TAMS 0x00000000eb000000| PB 0x00000000eb000000| Untracked 
| 177|0x00000000eb100000, 0x00000000eb100000, 0x00000000eb200000|  0%| F|  |TAMS 0x00000000eb100000| PB 0x00000000eb100000| Untracked 
| 178|0x00000000eb200000, 0x00000000eb200000, 0x00000000eb300000|  0%| F|  |TAMS 0x00000000eb200000| PB 0x00000000eb200000| Untracked 
| 179|0x00000000eb300000, 0x00000000eb300000, 0x00000000eb400000|  0%| F|  |TAMS 0x00000000eb300000| PB 0x00000000eb300000| Untracked 
| 180|0x00000000eb400000, 0x00000000eb400000, 0x00000000eb500000|  0%| F|  |TAMS 0x00000000eb400000| PB 0x00000000eb400000| Untracked 
| 181|0x00000000eb500000, 0x00000000eb500000, 0x00000000eb600000|  0%| F|  |TAMS 0x00000000eb500000| PB 0x00000000eb500000| Untracked 
| 182|0x00000000eb600000, 0x00000000eb600000, 0x00000000eb700000|  0%| F|  |TAMS 0x00000000eb600000| PB 0x00000000eb600000| Untracked 
| 183|0x00000000eb700000, 0x00000000eb700000, 0x00000000eb800000|  0%| F|  |TAMS 0x00000000eb700000| PB 0x00000000eb700000| Untracked 
| 184|0x00000000eb800000, 0x00000000eb800000, 0x00000000eb900000|  0%| F|  |TAMS 0x00000000eb800000| PB 0x00000000eb800000| Untracked 
| 185|0x00000000eb900000, 0x00000000eb900000, 0x00000000eba00000|  0%| F|  |TAMS 0x00000000eb900000| PB 0x00000000eb900000| Untracked 
| 186|0x00000000eba00000, 0x00000000eba00000, 0x00000000ebb00000|  0%| F|  |TAMS 0x00000000eba00000| PB 0x00000000eba00000| Untracked 
| 187|0x00000000ebb00000, 0x00000000ebb00000, 0x00000000ebc00000|  0%| F|  |TAMS 0x00000000ebb00000| PB 0x00000000ebb00000| Untracked 
| 188|0x00000000ebc00000, 0x00000000ebc00000, 0x00000000ebd00000|  0%| F|  |TAMS 0x00000000ebc00000| PB 0x00000000ebc00000| Untracked 
| 189|0x00000000ebd00000, 0x00000000ebd00000, 0x00000000ebe00000|  0%| F|  |TAMS 0x00000000ebd00000| PB 0x00000000ebd00000| Untracked 
| 190|0x00000000ebe00000, 0x00000000ebe00000, 0x00000000ebf00000|  0%| F|  |TAMS 0x00000000ebe00000| PB 0x00000000ebe00000| Untracked 
| 191|0x00000000ebf00000, 0x00000000ebf00000, 0x00000000ec000000|  0%| F|  |TAMS 0x00000000ebf00000| PB 0x00000000ebf00000| Untracked 
| 192|0x00000000ec000000, 0x00000000ec000000, 0x00000000ec100000|  0%| F|  |TAMS 0x00000000ec000000| PB 0x00000000ec000000| Untracked 
| 193|0x00000000ec100000, 0x00000000ec100000, 0x00000000ec200000|  0%| F|  |TAMS 0x00000000ec100000| PB 0x00000000ec100000| Untracked 
| 194|0x00000000ec200000, 0x00000000ec200000, 0x00000000ec300000|  0%| F|  |TAMS 0x00000000ec200000| PB 0x00000000ec200000| Untracked 
| 195|0x00000000ec300000, 0x00000000ec300000, 0x00000000ec400000|  0%| F|  |TAMS 0x00000000ec300000| PB 0x00000000ec300000| Untracked 
| 196|0x00000000ec400000, 0x00000000ec400000, 0x00000000ec500000|  0%| F|  |TAMS 0x00000000ec400000| PB 0x00000000ec400000| Untracked 
| 197|0x00000000ec500000, 0x00000000ec500000, 0x00000000ec600000|  0%| F|  |TAMS 0x00000000ec500000| PB 0x00000000ec500000| Untracked 
| 198|0x00000000ec600000, 0x00000000ec600000, 0x00000000ec700000|  0%| F|  |TAMS 0x00000000ec600000| PB 0x00000000ec600000| Untracked 
| 199|0x00000000ec700000, 0x00000000ec700000, 0x00000000ec800000|  0%| F|  |TAMS 0x00000000ec700000| PB 0x00000000ec700000| Untracked 
| 200|0x00000000ec800000, 0x00000000ec800000, 0x00000000ec900000|  0%| F|  |TAMS 0x00000000ec800000| PB 0x00000000ec800000| Untracked 
| 201|0x00000000ec900000, 0x00000000ec900000, 0x00000000eca00000|  0%| F|  |TAMS 0x00000000ec900000| PB 0x00000000ec900000| Untracked 
| 202|0x00000000eca00000, 0x00000000eca00000, 0x00000000ecb00000|  0%| F|  |TAMS 0x00000000eca00000| PB 0x00000000eca00000| Untracked 
| 203|0x00000000ecb00000, 0x00000000ecb00000, 0x00000000ecc00000|  0%| F|  |TAMS 0x00000000ecb00000| PB 0x00000000ecb00000| Untracked 
| 204|0x00000000ecc00000, 0x00000000ecc00000, 0x00000000ecd00000|  0%| F|  |TAMS 0x00000000ecc00000| PB 0x00000000ecc00000| Untracked 
| 205|0x00000000ecd00000, 0x00000000ecd00000, 0x00000000ece00000|  0%| F|  |TAMS 0x00000000ecd00000| PB 0x00000000ecd00000| Untracked 
| 206|0x00000000ece00000, 0x00000000ece00000, 0x00000000ecf00000|  0%| F|  |TAMS 0x00000000ece00000| PB 0x00000000ece00000| Untracked 
| 207|0x00000000ecf00000, 0x00000000ecf00000, 0x00000000ed000000|  0%| F|  |TAMS 0x00000000ecf00000| PB 0x00000000ecf00000| Untracked 
| 208|0x00000000ed000000, 0x00000000ed000000, 0x00000000ed100000|  0%| F|  |TAMS 0x00000000ed000000| PB 0x00000000ed000000| Untracked 
| 209|0x00000000ed100000, 0x00000000ed100000, 0x00000000ed200000|  0%| F|  |TAMS 0x00000000ed100000| PB 0x00000000ed100000| Untracked 
| 210|0x00000000ed200000, 0x00000000ed200000, 0x00000000ed300000|  0%| F|  |TAMS 0x00000000ed200000| PB 0x00000000ed200000| Untracked 
| 211|0x00000000ed300000, 0x00000000ed300000, 0x00000000ed400000|  0%| F|  |TAMS 0x00000000ed300000| PB 0x00000000ed300000| Untracked 
| 212|0x00000000ed400000, 0x00000000ed400000, 0x00000000ed500000|  0%| F|  |TAMS 0x00000000ed400000| PB 0x00000000ed400000| Untracked 
| 213|0x00000000ed500000, 0x00000000ed500000, 0x00000000ed600000|  0%| F|  |TAMS 0x00000000ed500000| PB 0x00000000ed500000| Untracked 
| 214|0x00000000ed600000, 0x00000000ed600000, 0x00000000ed700000|  0%| F|  |TAMS 0x00000000ed600000| PB 0x00000000ed600000| Untracked 
| 215|0x00000000ed700000, 0x00000000ed700000, 0x00000000ed800000|  0%| F|  |TAMS 0x00000000ed700000| PB 0x00000000ed700000| Untracked 
| 216|0x00000000ed800000, 0x00000000ed800000, 0x00000000ed900000|  0%| F|  |TAMS 0x00000000ed800000| PB 0x00000000ed800000| Untracked 
| 217|0x00000000ed900000, 0x00000000ed900000, 0x00000000eda00000|  0%| F|  |TAMS 0x00000000ed900000| PB 0x00000000ed900000| Untracked 
| 218|0x00000000eda00000, 0x00000000eda00000, 0x00000000edb00000|  0%| F|  |TAMS 0x00000000eda00000| PB 0x00000000eda00000| Untracked 
| 219|0x00000000edb00000, 0x00000000edb00000, 0x00000000edc00000|  0%| F|  |TAMS 0x00000000edb00000| PB 0x00000000edb00000| Untracked 
| 220|0x00000000edc00000, 0x00000000edc00000, 0x00000000edd00000|  0%| F|  |TAMS 0x00000000edc00000| PB 0x00000000edc00000| Untracked 
| 221|0x00000000edd00000, 0x00000000edd00000, 0x00000000ede00000|  0%| F|  |TAMS 0x00000000edd00000| PB 0x00000000edd00000| Untracked 
| 222|0x00000000ede00000, 0x00000000ede00000, 0x00000000edf00000|  0%| F|  |TAMS 0x00000000ede00000| PB 0x00000000ede00000| Untracked 
| 223|0x00000000edf00000, 0x00000000edf00000, 0x00000000ee000000|  0%| F|  |TAMS 0x00000000edf00000| PB 0x00000000edf00000| Untracked 
| 224|0x00000000ee000000, 0x00000000ee000000, 0x00000000ee100000|  0%| F|  |TAMS 0x00000000ee000000| PB 0x00000000ee000000| Untracked 
| 225|0x00000000ee100000, 0x00000000ee100000, 0x00000000ee200000|  0%| F|  |TAMS 0x00000000ee100000| PB 0x00000000ee100000| Untracked 
| 226|0x00000000ee200000, 0x00000000ee200000, 0x00000000ee300000|  0%| F|  |TAMS 0x00000000ee200000| PB 0x00000000ee200000| Untracked 
| 227|0x00000000ee300000, 0x00000000ee300000, 0x00000000ee400000|  0%| F|  |TAMS 0x00000000ee300000| PB 0x00000000ee300000| Untracked 
| 228|0x00000000ee400000, 0x00000000ee400000, 0x00000000ee500000|  0%| F|  |TAMS 0x00000000ee400000| PB 0x00000000ee400000| Untracked 
| 229|0x00000000ee500000, 0x00000000ee500000, 0x00000000ee600000|  0%| F|  |TAMS 0x00000000ee500000| PB 0x00000000ee500000| Untracked 
| 230|0x00000000ee600000, 0x00000000ee700000, 0x00000000ee700000|100%| S|CS|TAMS 0x00000000ee600000| PB 0x00000000ee600000| Complete 
| 231|0x00000000ee700000, 0x00000000ee800000, 0x00000000ee800000|100%| S|CS|TAMS 0x00000000ee700000| PB 0x00000000ee700000| Complete 
| 232|0x00000000ee800000, 0x00000000ee900000, 0x00000000ee900000|100%| S|CS|TAMS 0x00000000ee800000| PB 0x00000000ee800000| Complete 
| 233|0x00000000ee900000, 0x00000000ee900000, 0x00000000eea00000|  0%| F|  |TAMS 0x00000000ee900000| PB 0x00000000ee900000| Untracked 
| 234|0x00000000eea00000, 0x00000000eea00000, 0x00000000eeb00000|  0%| F|  |TAMS 0x00000000eea00000| PB 0x00000000eea00000| Untracked 
| 235|0x00000000eeb00000, 0x00000000eeb00000, 0x00000000eec00000|  0%| F|  |TAMS 0x00000000eeb00000| PB 0x00000000eeb00000| Untracked 
| 236|0x00000000eec00000, 0x00000000eec00000, 0x00000000eed00000|  0%| F|  |TAMS 0x00000000eec00000| PB 0x00000000eec00000| Untracked 
| 237|0x00000000eed00000, 0x00000000eed00000, 0x00000000eee00000|  0%| F|  |TAMS 0x00000000eed00000| PB 0x00000000eed00000| Untracked 
| 238|0x00000000eee00000, 0x00000000eee00000, 0x00000000eef00000|  0%| F|  |TAMS 0x00000000eee00000| PB 0x00000000eee00000| Untracked 
| 239|0x00000000eef00000, 0x00000000eef00000, 0x00000000ef000000|  0%| F|  |TAMS 0x00000000eef00000| PB 0x00000000eef00000| Untracked 
| 240|0x00000000ef000000, 0x00000000ef000000, 0x00000000ef100000|  0%| F|  |TAMS 0x00000000ef000000| PB 0x00000000ef000000| Untracked 
| 241|0x00000000ef100000, 0x00000000ef100000, 0x00000000ef200000|  0%| F|  |TAMS 0x00000000ef100000| PB 0x00000000ef100000| Untracked 
| 242|0x00000000ef200000, 0x00000000ef200000, 0x00000000ef300000|  0%| F|  |TAMS 0x00000000ef200000| PB 0x00000000ef200000| Untracked 
| 243|0x00000000ef300000, 0x00000000ef300000, 0x00000000ef400000|  0%| F|  |TAMS 0x00000000ef300000| PB 0x00000000ef300000| Untracked 
| 244|0x00000000ef400000, 0x00000000ef400000, 0x00000000ef500000|  0%| F|  |TAMS 0x00000000ef400000| PB 0x00000000ef400000| Untracked 
| 245|0x00000000ef500000, 0x00000000ef500000, 0x00000000ef600000|  0%| F|  |TAMS 0x00000000ef500000| PB 0x00000000ef500000| Untracked 
| 246|0x00000000ef600000, 0x00000000ef600000, 0x00000000ef700000|  0%| F|  |TAMS 0x00000000ef600000| PB 0x00000000ef600000| Untracked 
| 247|0x00000000ef700000, 0x00000000ef700000, 0x00000000ef800000|  0%| F|  |TAMS 0x00000000ef700000| PB 0x00000000ef700000| Untracked 
| 248|0x00000000ef800000, 0x00000000ef800000, 0x00000000ef900000|  0%| F|  |TAMS 0x00000000ef800000| PB 0x00000000ef800000| Untracked 
| 249|0x00000000ef900000, 0x00000000ef900000, 0x00000000efa00000|  0%| F|  |TAMS 0x00000000ef900000| PB 0x00000000ef900000| Untracked 
| 250|0x00000000efa00000, 0x00000000efa00000, 0x00000000efb00000|  0%| F|  |TAMS 0x00000000efa00000| PB 0x00000000efa00000| Untracked 
| 251|0x00000000efb00000, 0x00000000efb00000, 0x00000000efc00000|  0%| F|  |TAMS 0x00000000efb00000| PB 0x00000000efb00000| Untracked 
| 252|0x00000000efc00000, 0x00000000efc4f4f0, 0x00000000efd00000| 30%| E|  |TAMS 0x00000000efc00000| PB 0x00000000efc00000| Complete 
| 253|0x00000000efd00000, 0x00000000efe00000, 0x00000000efe00000|100%| E|CS|TAMS 0x00000000efd00000| PB 0x00000000efd00000| Complete 
| 254|0x00000000efe00000, 0x00000000eff00000, 0x00000000eff00000|100%| E|  |TAMS 0x00000000efe00000| PB 0x00000000efe00000| Complete 
| 255|0x00000000eff00000, 0x00000000f0000000, 0x00000000f0000000|100%| E|CS|TAMS 0x00000000eff00000| PB 0x00000000eff00000| Complete 

Card table byte_map: [0x000001b718200000,0x000001b718300000] _byte_map_base: 0x000001b717b00000

Marking Bits: (CMBitMap*) 0x000001b7009c9c90
 Bits: [0x000001b718300000, 0x000001b718b00000)

Polling page: 0x000001b700130000

Metaspace:

Usage:
  Non-class:      4.52 MB used.
      Class:    619.95 KB used.
       Both:      5.13 MB used.

Virtual space:
  Non-class space:       64.00 MB reserved,       4.62 MB (  7%) committed,  1 nodes.
      Class space:      416.00 MB reserved,     704.00 KB ( <1%) committed,  1 nodes.
             Both:      480.00 MB reserved,       5.31 MB (  1%) committed. 

Chunk freelists:
   Non-Class:  9.86 MB
       Class:  15.33 MB
        Both:  25.19 MB

MaxMetaspaceSize: 512.00 MB
CompressedClassSpaceSize: 416.00 MB
Initial GC threshold: 128.00 MB
Current GC threshold: 128.00 MB
CDS: on
 - commit_granule_bytes: 65536.
 - commit_granule_words: 8192.
 - virtual_space_node_default_size: 8388608.
 - enlarge_chunks_in_place: 1.
 - use_allocation_guard: 0.


Internal statistics:

num_allocs_failed_limit: 0.
num_arena_births: 162.
num_arena_deaths: 0.
num_vsnodes_births: 2.
num_vsnodes_deaths: 0.
num_space_committed: 85.
num_space_uncommitted: 0.
num_chunks_returned_to_freelist: 0.
num_chunks_taken_from_freelist: 292.
num_chunk_merges: 0.
num_chunk_splits: 194.
num_chunks_enlarged: 127.
num_inconsistent_stats: 0.

CodeHeap 'non-profiled nmethods': size=120000Kb used=406Kb max_used=406Kb free=119593Kb
 bounds [0x000001b7108a0000, 0x000001b710b10000, 0x000001b717dd0000]
CodeHeap 'profiled nmethods': size=120000Kb used=1693Kb max_used=1693Kb free=118307Kb
 bounds [0x000001b708dd0000, 0x000001b709040000, 0x000001b710300000]
CodeHeap 'non-nmethods': size=5760Kb used=1391Kb max_used=1404Kb free=4368Kb
 bounds [0x000001b710300000, 0x000001b710570000, 0x000001b7108a0000]
 total_blobs=1578 nmethods=1088 adapters=395
 compilation: enabled
              stopped_count=0, restarted_count=0
 full_count=0

Compilation events (20 events):
Event: 0.796 Thread 0x000001b71b5db510 1069       3       java.lang.invoke.LambdaForm::useCount (61 bytes)
Event: 0.796 Thread 0x000001b71b5db510 nmethod 1069 0x000001b708f6f510 code [0x000001b708f6f6e0, 0x000001b708f6fa38]
Event: 0.796 Thread 0x000001b71b5db510 1072       3       java.lang.invoke.LambdaForm::normalizeNames (270 bytes)
Event: 0.797 Thread 0x000001b71b5d1a50 nmethod 1067 0x000001b710904d10 code [0x000001b710904ec0, 0x000001b710905108]
Event: 0.798 Thread 0x000001b71b5db510 nmethod 1072 0x000001b708f6fc10 code [0x000001b708f6fee0, 0x000001b708f71168]
Event: 0.798 Thread 0x000001b71b5db510 1074       3       java.util.Objects::checkIndex (7 bytes)
Event: 0.798 Thread 0x000001b71b5db510 nmethod 1074 0x000001b708f71710 code [0x000001b708f718c0, 0x000001b708f719f8]
Event: 0.798 Thread 0x000001b71b5db510 1073       3       java.lang.invoke.InvokerBytecodeGenerator::storeInsnOpcode (98 bytes)
Event: 0.798 Thread 0x000001b71b5db510 nmethod 1073 0x000001b708f71a90 code [0x000001b708f71d00, 0x000001b708f72660]
Event: 0.798 Thread 0x000001b71b5db510 1075       3       java.util.ImmutableCollections$ListN::get (7 bytes)
Event: 0.798 Thread 0x000001b71b5db510 nmethod 1075 0x000001b708f72990 code [0x000001b708f72b20, 0x000001b708f72c58]
Event: 0.798 Thread 0x000001b71b5db510 1076       1       java.lang.Module::getDescriptor (5 bytes)
Event: 0.798 Thread 0x000001b71b5db510 nmethod 1076 0x000001b710905290 code [0x000001b710905420, 0x000001b7109054e8]
Event: 0.798 Thread 0x000001b71b5db510 1078       3       jdk.internal.jimage.ImageStringsReader::unmaskedHashCode (166 bytes)
Event: 0.798 Thread 0x000001b71b5d1a50 1077       4       java.nio.DirectByteBuffer::ix (10 bytes)
Event: 0.798 Thread 0x000001b71b5d1a50 nmethod 1077 0x000001b710905590 code [0x000001b710905720, 0x000001b7109057b0]
Event: 0.799 Thread 0x000001b71b5db510 nmethod 1078 0x000001b708f72d10 code [0x000001b708f72f60, 0x000001b708f73a80]
Event: 0.799 Thread 0x000001b71b5db510 1079       3       jdk.internal.jimage.ImageLocation::readValue (61 bytes)
Event: 0.799 Thread 0x000001b71b5db510 nmethod 1079 0x000001b708f73f90 code [0x000001b708f74160, 0x000001b708f74510]
Event: 0.801 Thread 0x000001b71b5d1a50 1080       4       java.lang.AbstractStringBuilder::append (77 bytes)

GC Heap History (2 events):
Event: 0.768 GC heap before
{Heap before GC invocations=0 (full 0):
 garbage-first heap   total 262144K, used 24576K [0x00000000e0000000, 0x0000000100000000)
  region size 1024K, 23 young (23552K), 0 survivors (0K)
 Metaspace       used 4605K, committed 4864K, reserved 491520K
  class space    used 527K, committed 640K, reserved 425984K
}
Event: 0.772 GC heap after
{Heap after GC invocations=1 (full 0):
 garbage-first heap   total 262144K, used 5273K [0x00000000e0000000, 0x0000000100000000)
  region size 1024K, 3 young (3072K), 3 survivors (3072K)
 Metaspace       used 4605K, committed 4864K, reserved 491520K
  class space    used 527K, committed 640K, reserved 425984K
}

Dll operation events (20 events):
Event: 0.536 Loaded shared library C:\Users\prabh\.openjfx\cache\21+31\amd64\api-ms-win-crt-heap-l1-1-0.dll
Event: 0.538 Loaded shared library C:\Users\prabh\.openjfx\cache\21+31\amd64\api-ms-win-crt-locale-l1-1-0.dll
Event: 0.540 Loaded shared library C:\Users\prabh\.openjfx\cache\21+31\amd64\api-ms-win-crt-math-l1-1-0.dll
Event: 0.542 Loaded shared library C:\Users\prabh\.openjfx\cache\21+31\amd64\api-ms-win-crt-multibyte-l1-1-0.dll
Event: 0.546 Loaded shared library C:\Users\prabh\.openjfx\cache\21+31\amd64\api-ms-win-crt-private-l1-1-0.dll
Event: 0.548 Loaded shared library C:\Users\prabh\.openjfx\cache\21+31\amd64\api-ms-win-crt-process-l1-1-0.dll
Event: 0.550 Loaded shared library C:\Users\prabh\.openjfx\cache\21+31\amd64\api-ms-win-crt-runtime-l1-1-0.dll
Event: 0.552 Loaded shared library C:\Users\prabh\.openjfx\cache\21+31\amd64\api-ms-win-crt-stdio-l1-1-0.dll
Event: 0.555 Loaded shared library C:\Users\prabh\.openjfx\cache\21+31\amd64\api-ms-win-crt-string-l1-1-0.dll
Event: 0.557 Loaded shared library C:\Users\prabh\.openjfx\cache\21+31\amd64\api-ms-win-crt-time-l1-1-0.dll
Event: 0.560 Loaded shared library C:\Users\prabh\.openjfx\cache\21+31\amd64\api-ms-win-crt-utility-l1-1-0.dll
Event: 0.576 Loaded shared library C:\Users\prabh\.openjfx\cache\21+31\amd64\ucrtbase.dll
Event: 0.580 Loaded shared library C:\Users\prabh\.openjfx\cache\21+31\amd64\vcruntime140.dll
Event: 0.584 Loaded shared library C:\Users\prabh\.openjfx\cache\21+31\amd64\vcruntime140_1.dll
Event: 0.592 Loaded shared library C:\Users\prabh\.openjfx\cache\21+31\amd64\msvcp140.dll
Event: 0.595 Loaded shared library C:\Users\prabh\.openjfx\cache\21+31\amd64\msvcp140_1.dll
Event: 0.600 Loaded shared library C:\Users\prabh\.openjfx\cache\21+31\amd64\msvcp140_2.dll
Event: 0.656 Loaded shared library C:\Users\prabh\.openjfx\cache\21+31\amd64\prism_d3d.dll
Event: 0.689 Loaded shared library C:\Users\prabh\.openjfx\cache\21+31\amd64\glass.dll
Event: 0.752 Loaded shared library C:\Program Files\Java\jdk-21.0.2\bin\jimage.dll

Deoptimization events (20 events):
Event: 0.683 Thread 0x000001b77e5b7fc0 Uncommon trap: trap_request=0xffffffc6 fr.pc=0x000001b7108d98fc relative=0x0000000000000c7c
Event: 0.683 Thread 0x000001b77e5b7fc0 Uncommon trap: reason=bimorphic_or_optimized_type_check action=maybe_recompile pc=0x000001b7108d98fc method=java.util.HashMap.putVal(ILjava/lang/Object;Ljava/lang/Object;ZZ)Ljava/lang/Object; @ 56 c2
Event: 0.683 Thread 0x000001b77e5b7fc0 DEOPT PACKING pc=0x000001b7108d98fc sp=0x000000b64159cfe0
Event: 0.683 Thread 0x000001b77e5b7fc0 DEOPT UNPACKING pc=0x000001b7103546a2 sp=0x000000b64159cf78 mode 2
Event: 0.683 Thread 0x000001b77e5b7fc0 Uncommon trap: trap_request=0xffffffc6 fr.pc=0x000001b7108d98fc relative=0x0000000000000c7c
Event: 0.683 Thread 0x000001b77e5b7fc0 Uncommon trap: reason=bimorphic_or_optimized_type_check action=maybe_recompile pc=0x000001b7108d98fc method=java.util.HashMap.putVal(ILjava/lang/Object;Ljava/lang/Object;ZZ)Ljava/lang/Object; @ 56 c2
Event: 0.683 Thread 0x000001b77e5b7fc0 DEOPT PACKING pc=0x000001b7108d98fc sp=0x000000b64159cfe0
Event: 0.683 Thread 0x000001b77e5b7fc0 DEOPT UNPACKING pc=0x000001b7103546a2 sp=0x000000b64159cf78 mode 2
Event: 0.683 Thread 0x000001b77e5b7fc0 Uncommon trap: trap_request=0xffffffc6 fr.pc=0x000001b7108d98fc relative=0x0000000000000c7c
Event: 0.683 Thread 0x000001b77e5b7fc0 Uncommon trap: reason=bimorphic_or_optimized_type_check action=maybe_recompile pc=0x000001b7108d98fc method=java.util.HashMap.putVal(ILjava/lang/Object;Ljava/lang/Object;ZZ)Ljava/lang/Object; @ 56 c2
Event: 0.683 Thread 0x000001b77e5b7fc0 DEOPT PACKING pc=0x000001b7108d98fc sp=0x000000b64159cfe0
Event: 0.683 Thread 0x000001b77e5b7fc0 DEOPT UNPACKING pc=0x000001b7103546a2 sp=0x000000b64159cf78 mode 2
Event: 0.683 Thread 0x000001b77e5b7fc0 Uncommon trap: trap_request=0xffffffc6 fr.pc=0x000001b7108d98fc relative=0x0000000000000c7c
Event: 0.683 Thread 0x000001b77e5b7fc0 Uncommon trap: reason=bimorphic_or_optimized_type_check action=maybe_recompile pc=0x000001b7108d98fc method=java.util.HashMap.putVal(ILjava/lang/Object;Ljava/lang/Object;ZZ)Ljava/lang/Object; @ 56 c2
Event: 0.683 Thread 0x000001b77e5b7fc0 DEOPT PACKING pc=0x000001b7108d98fc sp=0x000000b64159cfe0
Event: 0.683 Thread 0x000001b77e5b7fc0 DEOPT UNPACKING pc=0x000001b7103546a2 sp=0x000000b64159cf78 mode 2
Event: 0.740 Thread 0x000001b71b5c5780 Uncommon trap: trap_request=0xffffff45 fr.pc=0x000001b7108ef5b0 relative=0x0000000000000090
Event: 0.740 Thread 0x000001b71b5c5780 Uncommon trap: reason=unstable_if action=reinterpret pc=0x000001b7108ef5b0 method=jdk.internal.misc.Unsafe.convEndian(ZI)I @ 4 c2
Event: 0.740 Thread 0x000001b71b5c5780 DEOPT PACKING pc=0x000001b7108ef5b0 sp=0x000000b64253d250
Event: 0.740 Thread 0x000001b71b5c5780 DEOPT UNPACKING pc=0x000001b7103546a2 sp=0x000000b64253d180 mode 2

Classes loaded (20 events):
Event: 0.799 Loading class java/net/URLConnection
Event: 0.800 Loading class java/net/URLConnection done
Event: 0.800 Loading class java/net/JarURLConnection done
Event: 0.800 Loading class sun/net/www/protocol/jar/JarURLConnection done
Event: 0.800 Loading class sun/net/www/protocol/jar/JarFileFactory
Event: 0.800 Loading class sun/net/www/protocol/jar/URLJarFile$URLJarFileCloseController
Event: 0.800 Loading class sun/net/www/protocol/jar/URLJarFile$URLJarFileCloseController done
Event: 0.800 Loading class sun/net/www/protocol/jar/JarFileFactory done
Event: 0.800 Loading class sun/net/www/protocol/file/FileURLConnection
Event: 0.800 Loading class sun/net/www/URLConnection
Event: 0.800 Loading class sun/net/www/URLConnection done
Event: 0.800 Loading class sun/net/www/protocol/file/FileURLConnection done
Event: 0.800 Loading class sun/net/www/MessageHeader
Event: 0.800 Loading class sun/net/www/MessageHeader done
Event: 0.800 Loading class sun/net/www/protocol/jar/URLJarFile
Event: 0.800 Loading class sun/net/www/protocol/jar/URLJarFile done
Event: 0.801 Loading class sun/net/www/protocol/jar/URLJarFile$URLJarFileEntry
Event: 0.801 Loading class sun/net/www/protocol/jar/URLJarFile$URLJarFileEntry done
Event: 0.801 Loading class sun/net/www/protocol/jar/JarURLConnection$JarURLInputStream
Event: 0.801 Loading class sun/net/www/protocol/jar/JarURLConnection$JarURLInputStream done

Classes unloaded (0 events):
No events

Classes redefined (0 events):
No events

Internal exceptions (20 events):
Event: 0.149 Thread 0x000001b77e5b7fc0 Exception <a 'java/lang/NoSuchMethodError'{0x00000000efc33688}: 'void java.lang.invoke.DirectMethodHandle$Holder.invokeSpecial(java.lang.Object, java.lang.Object, java.lang.Object)'> (0x00000000efc33688) 
thrown [s\open\src\hotspot\share\interpreter\linkResolver.cpp, line 773]
Event: 0.206 Thread 0x000001b77e5b7fc0 Exception <a 'java/lang/NoSuchMethodError'{0x00000000ef9b87f8}: 'void java.lang.invoke.DirectMethodHandle$Holder.invokeVirtual(java.lang.Object, java.lang.Object)'> (0x00000000ef9b87f8) 
thrown [s\open\src\hotspot\share\interpreter\linkResolver.cpp, line 773]
Event: 0.209 Thread 0x000001b77e5b7fc0 Exception <a 'java/lang/NoSuchMethodError'{0x00000000ef9c3368}: 'java.lang.Object java.lang.invoke.DirectMethodHandle$Holder.invokeInterface(java.lang.Object, java.lang.Object, java.lang.Object)'> (0x00000000ef9c3368) 
thrown [s\open\src\hotspot\share\interpreter\linkResolver.cpp, line 773]
Event: 0.232 Thread 0x000001b77e5b7fc0 Exception <a 'java/lang/NoSuchMethodError'{0x00000000ef8821c0}: 'void java.lang.invoke.DirectMethodHandle$Holder.invokeSpecial(java.lang.Object, java.lang.Object, java.lang.Object, java.lang.Object, java.lang.Object)'> (0x00000000ef8821c0) 
thrown [s\open\src\hotspot\share\interpreter\linkResolver.cpp, line 773]
Event: 0.237 Thread 0x000001b77e5b7fc0 Exception <a 'java/lang/NoSuchMethodError'{0x00000000ef896be8}: 'java.lang.Object java.lang.invoke.DirectMethodHandle$Holder.invokeInterface(java.lang.Object, java.lang.Object)'> (0x00000000ef896be8) 
thrown [s\open\src\hotspot\share\interpreter\linkResolver.cpp, line 773]
Event: 0.238 Thread 0x000001b77e5b7fc0 Exception <a 'java/lang/IncompatibleClassChangeError'{0x00000000ef899e50}: Found class java.lang.Object, but interface was expected> (0x00000000ef899e50) 
thrown [s\open\src\hotspot\share\interpreter\linkResolver.cpp, line 840]
Event: 0.238 Thread 0x000001b77e5b7fc0 Exception <a 'java/lang/NoSuchMethodError'{0x00000000ef89c6f0}: 'void java.lang.invoke.DirectMethodHandle$Holder.invokeStatic(java.lang.Object, java.lang.Object, java.lang.Object, java.lang.Object)'> (0x00000000ef89c6f0) 
thrown [s\open\src\hotspot\share\interpreter\linkResolver.cpp, line 773]
Event: 0.311 Thread 0x000001b77e5b7fc0 Exception <a 'java/lang/NoSuchMethodError'{0x00000000ef6274d8}: 'void java.lang.invoke.DirectMethodHandle$Holder.invokeStatic(java.lang.Object, java.lang.Object, java.lang.Object)'> (0x00000000ef6274d8) 
thrown [s\open\src\hotspot\share\interpreter\linkResolver.cpp, line 773]
Event: 0.314 Thread 0x000001b77e5b7fc0 Exception <a 'java/lang/NoSuchMethodError'{0x00000000ef63d130}: 'java.lang.Object java.lang.invoke.Invokers$Holder.invokeExact_MT(java.lang.Object, java.lang.Object, java.lang.Object, java.lang.Object, java.lang.Object)'> (0x00000000ef63d130) 
thrown [s\open\src\hotspot\share\interpreter\linkResolver.cpp, line 773]
Event: 0.325 Thread 0x000001b71b5c43d0 Exception <a 'java/lang/ClassNotFoundException'{0x00000000ef69f440}: jdk/net/ExtendedSocketOptions> (0x00000000ef69f440) 
thrown [s\open\src\hotspot\share\classfile\systemDictionary.cpp, line 312]
Event: 0.326 Thread 0x000001b71b5c43d0 Exception <a 'java/lang/NoSuchMethodError'{0x00000000ef6a0af0}: 'void java.lang.invoke.DirectMethodHandle$Holder.invokeStatic(java.lang.Object, java.lang.Object)'> (0x00000000ef6a0af0) 
thrown [s\open\src\hotspot\share\interpreter\linkResolver.cpp, line 773]
Event: 0.333 Thread 0x000001b77e5b7fc0 Exception <a 'java/lang/NoSuchMethodError'{0x00000000ef556668}: 'java.lang.Object java.lang.invoke.Invokers$Holder.invokeExact_MT(java.lang.Object, java.lang.Object, java.lang.Object, java.lang.Object, java.lang.Object, java.lang.Object)'> (0x00000000ef556668) 
thrown [s\open\src\hotspot\share\interpreter\linkResolver.cpp, line 773]
Event: 0.672 Thread 0x000001b77e5b7fc0 Exception <a 'java/lang/NoSuchMethodError'{0x00000000eee4de48}: 'int java.lang.invoke.DirectMethodHandle$Holder.invokeStaticInit(java.lang.Object, java.lang.Object, java.lang.Object)'> (0x00000000eee4de48) 
thrown [s\open\src\hotspot\share\interpreter\linkResolver.cpp, line 773]
Event: 0.693 Thread 0x000001b77e5b7fc0 Exception <a 'java/lang/NoSuchMethodError'{0x00000000eeda6200}: 'java.lang.Object java.lang.invoke.DirectMethodHandle$Holder.newInvokeSpecial(java.lang.Object, java.lang.Object, int, java.lang.Object)'> (0x00000000eeda6200) 
thrown [s\open\src\hotspot\share\interpreter\linkResolver.cpp, line 773]
Event: 0.694 Thread 0x000001b77e5b7fc0 Exception <a 'java/lang/NoSuchMethodError'{0x00000000eedaa358}: 'java.lang.Object java.lang.invoke.DirectMethodHandle$Holder.invokeSpecial(java.lang.Object, java.lang.Object, java.lang.Object, int, java.lang.Object)'> (0x00000000eedaa358) 
thrown [s\open\src\hotspot\share\interpreter\linkResolver.cpp, line 773]
Event: 0.725 Thread 0x000001b71b5c5780 Exception <a 'java/lang/NoSuchMethodError'{0x00000000eeb43c58}: 'void java.lang.invoke.DirectMethodHandle$Holder.invokeStaticInit(java.lang.Object)'> (0x00000000eeb43c58) 
thrown [s\open\src\hotspot\share\interpreter\linkResolver.cpp, line 773]
Event: 0.729 Thread 0x000001b77e5b7fc0 Exception <a 'java/lang/NoSuchMethodError'{0x00000000eedbd5d8}: 'java.lang.Object java.lang.invoke.DirectMethodHandle$Holder.newInvokeSpecial(java.lang.Object, java.lang.Object, java.lang.Object, java.lang.Object, java.lang.Object, java.lang.Object)'> (0x00000000eedbd5d8) 
thrown [s\open\src\hotspot\share\interpreter\linkResolver.cpp, line 773]
Event: 0.748 Thread 0x000001b77e5b7fc0 Exception <a 'java/lang/NoSuchMethodError'{0x00000000eea04c90}: 'java.lang.Object java.lang.invoke.DirectMethodHandle$Holder.newInvokeSpecial(java.lang.Object, java.lang.Object, java.lang.Object, java.lang.Object, java.lang.Object)'> (0x00000000eea04c90) 
thrown [s\open\src\hotspot\share\interpreter\linkResolver.cpp, line 773]
Event: 0.789 Thread 0x000001b71b5c5780 Exception <a 'java/io/IOException'{0x00000000efe653c8}: CreateProcess error=1455, The paging file is too small for this operation to complete> (0x00000000efe653c8) 
thrown [s\open\src\hotspot\share\prims\jni.cpp, line 539]
Event: 0.799 Thread 0x000001b71b5c5780 Exception <a 'sun/nio/fs/WindowsException'{0x00000000efefaa10}> (0x00000000efefaa10) 
thrown [s\open\src\hotspot\share\prims\jni.cpp, line 520]

ZGC Phase Switch (0 events):
No events

VM Operations (10 events):
Event: 0.235 Executing VM operation: HandshakeAllThreads (Deoptimize)
Event: 0.235 Executing VM operation: HandshakeAllThreads (Deoptimize) done
Event: 0.683 Executing VM operation: HandshakeAllThreads (Deoptimize)
Event: 0.683 Executing VM operation: HandshakeAllThreads (Deoptimize) done
Event: 0.746 Executing VM operation: ICBufferFull
Event: 0.746 Executing VM operation: ICBufferFull done
Event: 0.768 Executing VM operation: G1CollectForAllocation (G1 Evacuation Pause)
Event: 0.772 Executing VM operation: G1CollectForAllocation (G1 Evacuation Pause) done
Event: 0.800 Executing VM operation: HandshakeAllThreads (Deoptimize)
Event: 0.800 Executing VM operation: HandshakeAllThreads (Deoptimize) done

Events (20 events):
Event: 0.054 Thread 0x000001b71b5bd5a0 Thread added: 0x000001b71b5bd5a0
Event: 0.054 Thread 0x000001b71b5bea80 Thread added: 0x000001b71b5bea80
Event: 0.054 Thread 0x000001b71b5c2780 Thread added: 0x000001b71b5c2780
Event: 0.054 Thread 0x000001b71b5c33f0 Thread added: 0x000001b71b5c33f0
Event: 0.054 Thread 0x000001b71b5c7850 Thread added: 0x000001b71b5c7850
Event: 0.054 Thread 0x000001b71b5d1a50 Thread added: 0x000001b71b5d1a50
Event: 0.054 Thread 0x000001b71b5db510 Thread added: 0x000001b71b5db510
Event: 0.088 Thread 0x000001b71b5c6b30 Thread added: 0x000001b71b5c6b30
Event: 0.139 Thread 0x000001b71b7a4020 Thread added: 0x000001b71b7a4020
Event: 0.156 Thread 0x000001b73b894950 Thread added: 0x000001b73b894950
Event: 0.319 Thread 0x000001b71b5c43d0 Thread added: 0x000001b71b5c43d0
Event: 0.319 Thread 0x000001b71b5c4a60 Thread added: 0x000001b71b5c4a60
Event: 0.616 Thread 0x000001b73b894950 Thread exited: 0x000001b73b894950
Event: 0.617 Thread 0x000001b71b7a4020 Thread exited: 0x000001b71b7a4020
Event: 0.633 Thread 0x000001b71b5c5e10 Thread added: 0x000001b71b5c5e10
Event: 0.692 Thread 0x000001b71b5c50f0 Thread added: 0x000001b71b5c50f0
Event: 0.695 Thread 0x000001b71b5c5780 Thread added: 0x000001b71b5c5780
Event: 0.747 Thread 0x000001b71b5c64a0 Thread added: 0x000001b71b5c64a0
Event: 0.748 Thread 0x000001b71b5c71c0 Thread added: 0x000001b71b5c71c0
Event: 0.794 Thread 0x000001b73cb8d8b0 Thread added: 0x000001b73cb8d8b0


Dynamic libraries:
0x00007ff79a720000 - 0x00007ff79a730000 	C:\Program Files\Java\jdk-21.0.2\bin\java.exe
0x00007ffc71930000 - 0x00007ffc71b47000 	C:\WINDOWS\SYSTEM32\ntdll.dll
0x00007ffc708f0000 - 0x00007ffc709b4000 	C:\WINDOWS\System32\KERNEL32.DLL
0x00007ffc6eeb0000 - 0x00007ffc6f269000 	C:\WINDOWS\System32\KERNELBASE.dll
0x00007ffc6ed90000 - 0x00007ffc6eea1000 	C:\WINDOWS\System32\ucrtbase.dll
0x00007ffc64a20000 - 0x00007ffc64a39000 	C:\Program Files\Java\jdk-21.0.2\bin\jli.dll
0x00007ffc6f650000 - 0x00007ffc6f702000 	C:\WINDOWS\System32\ADVAPI32.dll
0x00007ffc6fb90000 - 0x00007ffc6fc37000 	C:\WINDOWS\System32\msvcrt.dll
0x00007ffc70dd0000 - 0x00007ffc70e77000 	C:\WINDOWS\System32\sechost.dll
0x00007ffc6f620000 - 0x00007ffc6f648000 	C:\WINDOWS\System32\bcrypt.dll
0x00007ffc707d0000 - 0x00007ffc708e4000 	C:\WINDOWS\System32\RPCRT4.dll
0x00007ffc716f0000 - 0x00007ffc7189e000 	C:\WINDOWS\System32\USER32.dll
0x00007ffc6f5f0000 - 0x00007ffc6f616000 	C:\WINDOWS\System32\win32u.dll
0x00007ffc6fc50000 - 0x00007ffc6fc79000 	C:\WINDOWS\System32\GDI32.dll
0x00007ffc6f450000 - 0x00007ffc6f56b000 	C:\WINDOWS\System32\gdi32full.dll
0x00007ffc6ecf0000 - 0x00007ffc6ed8a000 	C:\WINDOWS\System32\msvcp_win.dll
0x00007ffc63a50000 - 0x00007ffc63a6b000 	C:\Program Files\Java\jdk-21.0.2\bin\VCRUNTIME140.dll
0x00007ffc58b00000 - 0x00007ffc58d92000 	C:\WINDOWS\WinSxS\amd64_microsoft.windows.common-controls_6595b64144ccf1df_6.0.22621.4391_none_2715d37f73803e96\COMCTL32.dll
0x00007ffc683a0000 - 0x00007ffc683aa000 	C:\WINDOWS\SYSTEM32\VERSION.dll
0x00007ffc6fe60000 - 0x00007ffc6fe91000 	C:\WINDOWS\System32\IMM32.DLL
0x00007ffc54610000 - 0x00007ffc54771000 	C:\Program Files (x86)\Citrix\ICA Client\ctxapclient64.dll
0x00007ffc70e80000 - 0x00007ffc7120f000 	C:\WINDOWS\System32\combase.dll
0x00007ffc6de70000 - 0x00007ffc6dea4000 	C:\WINDOWS\SYSTEM32\ntmarta.dll
0x00007ffc6f570000 - 0x00007ffc6f5eb000 	C:\WINDOWS\System32\bcryptprimitives.dll
0x00007ffc544d0000 - 0x00007ffc5450a000 	C:\Program Files (x86)\Citrix\ICA Client\Receiver\FeatureFlagHelper64.dll
0x00007ffc687e0000 - 0x00007ffc687ec000 	C:\Program Files\Java\jdk-21.0.2\bin\vcruntime140_1.dll
0x00007ffc531f0000 - 0x00007ffc5327e000 	C:\Program Files\Java\jdk-21.0.2\bin\msvcp140.dll
0x00007ffc250d0000 - 0x00007ffc25de7000 	C:\Program Files\Java\jdk-21.0.2\bin\server\jvm.dll
0x00007ffc70b80000 - 0x00007ffc70bf1000 	C:\WINDOWS\System32\WS2_32.dll
0x00007ffc6dac0000 - 0x00007ffc6db0d000 	C:\WINDOWS\SYSTEM32\POWRPROF.dll
0x00007ffc6a360000 - 0x00007ffc6a394000 	C:\WINDOWS\SYSTEM32\WINMM.dll
0x00007ffc6daa0000 - 0x00007ffc6dab3000 	C:\WINDOWS\SYSTEM32\UMPDC.dll
0x00007ffc6dd60000 - 0x00007ffc6dd78000 	C:\WINDOWS\SYSTEM32\kernel.appcore.dll
0x00007ffc63a00000 - 0x00007ffc63a0a000 	C:\Program Files\Java\jdk-21.0.2\bin\jimage.dll
0x00007ffc54fd0000 - 0x00007ffc55202000 	C:\WINDOWS\SYSTEM32\DBGHELP.DLL
0x00007ffc71470000 - 0x00007ffc71547000 	C:\WINDOWS\System32\OLEAUT32.dll
0x00007ffc58a20000 - 0x00007ffc58a52000 	C:\WINDOWS\SYSTEM32\dbgcore.DLL
0x00007ffc531c0000 - 0x00007ffc531cf000 	C:\Program Files\Java\jdk-21.0.2\bin\instrument.dll
0x00007ffc531d0000 - 0x00007ffc531ef000 	C:\Program Files\Java\jdk-21.0.2\bin\java.dll
0x000001b73b000000 - 0x000001b73b876000 	C:\WINDOWS\System32\SHELL32.dll
0x00007ffc6cb80000 - 0x00007ffc6d483000 	C:\WINDOWS\SYSTEM32\windows.storage.dll
0x00007ffc6ca40000 - 0x00007ffc6cb7f000 	C:\WINDOWS\SYSTEM32\wintypes.dll
0x00007ffc6fca0000 - 0x00007ffc6fd99000 	C:\WINDOWS\System32\SHCORE.dll
0x00007ffc6fe00000 - 0x00007ffc6fe5e000 	C:\WINDOWS\System32\shlwapi.dll
0x00007ffc6eb60000 - 0x00007ffc6eb8b000 	C:\WINDOWS\SYSTEM32\profapi.dll
0x00007ffc530e0000 - 0x00007ffc531b7000 	C:\Program Files\Java\jdk-21.0.2\bin\jsvml.dll
0x00007ffc530d0000 - 0x00007ffc530e0000 	C:\Program Files\Java\jdk-21.0.2\bin\net.dll
0x00007ffc679a0000 - 0x00007ffc67ad6000 	C:\WINDOWS\SYSTEM32\WINHTTP.dll
0x00007ffc6e1e0000 - 0x00007ffc6e249000 	C:\WINDOWS\system32\mswsock.dll
0x00007ffc530b0000 - 0x00007ffc530c6000 	C:\Program Files\Java\jdk-21.0.2\bin\nio.dll
0x00007ffc52b20000 - 0x00007ffc52b38000 	C:\Program Files\Java\jdk-21.0.2\bin\zip.dll
0x00007ffc511f0000 - 0x00007ffc5120a000 	D:\IntelliJ IDEA 2024.2.4\bin\breakgen64.dll
0x000001b7008e0000 - 0x000001b7008e3000 	C:\Users\prabh\.openjfx\cache\21+31\amd64\api-ms-win-core-console-l1-1-0.dll
0x000001b7008f0000 - 0x000001b7008f3000 	C:\Users\prabh\.openjfx\cache\21+31\amd64\api-ms-win-core-console-l1-2-0.dll
0x000001b700900000 - 0x000001b700903000 	C:\Users\prabh\.openjfx\cache\21+31\amd64\api-ms-win-core-datetime-l1-1-0.dll
0x000001b700910000 - 0x000001b700913000 	C:\Users\prabh\.openjfx\cache\21+31\amd64\api-ms-win-core-debug-l1-1-0.dll
0x000001b700920000 - 0x000001b700923000 	C:\Users\prabh\.openjfx\cache\21+31\amd64\api-ms-win-core-errorhandling-l1-1-0.dll
0x000001b71b9a0000 - 0x000001b71b9a4000 	C:\Users\prabh\.openjfx\cache\21+31\amd64\api-ms-win-core-file-l1-1-0.dll
0x000001b71b9b0000 - 0x000001b71b9b3000 	C:\Users\prabh\.openjfx\cache\21+31\amd64\api-ms-win-core-file-l1-2-0.dll
0x000001b71b9c0000 - 0x000001b71b9c3000 	C:\Users\prabh\.openjfx\cache\21+31\amd64\api-ms-win-core-file-l2-1-0.dll
0x000001b71b9d0000 - 0x000001b71b9d3000 	C:\Users\prabh\.openjfx\cache\21+31\amd64\api-ms-win-core-handle-l1-1-0.dll
0x000001b71b9e0000 - 0x000001b71b9e3000 	C:\Users\prabh\.openjfx\cache\21+31\amd64\api-ms-win-core-heap-l1-1-0.dll
0x000001b71b9f0000 - 0x000001b71b9f3000 	C:\Users\prabh\.openjfx\cache\21+31\amd64\api-ms-win-core-interlocked-l1-1-0.dll
0x000001b71ba00000 - 0x000001b71ba03000 	C:\Users\prabh\.openjfx\cache\21+31\amd64\api-ms-win-core-libraryloader-l1-1-0.dll
0x000001b71ba10000 - 0x000001b71ba13000 	C:\Users\prabh\.openjfx\cache\21+31\amd64\api-ms-win-core-localization-l1-2-0.dll
0x000001b71ba20000 - 0x000001b71ba23000 	C:\Users\prabh\.openjfx\cache\21+31\amd64\api-ms-win-core-memory-l1-1-0.dll
0x000001b71ba30000 - 0x000001b71ba33000 	C:\Users\prabh\.openjfx\cache\21+31\amd64\api-ms-win-core-namedpipe-l1-1-0.dll
0x000001b71ba40000 - 0x000001b71ba43000 	C:\Users\prabh\.openjfx\cache\21+31\amd64\api-ms-win-core-processenvironment-l1-1-0.dll
0x000001b71ba50000 - 0x000001b71ba53000 	C:\Users\prabh\.openjfx\cache\21+31\amd64\api-ms-win-core-processthreads-l1-1-0.dll
0x000001b71ba60000 - 0x000001b71ba63000 	C:\Users\prabh\.openjfx\cache\21+31\amd64\api-ms-win-core-processthreads-l1-1-1.dll
0x000001b71ba70000 - 0x000001b71ba73000 	C:\Users\prabh\.openjfx\cache\21+31\amd64\api-ms-win-core-profile-l1-1-0.dll
0x000001b71ba80000 - 0x000001b71ba83000 	C:\Users\prabh\.openjfx\cache\21+31\amd64\api-ms-win-core-rtlsupport-l1-1-0.dll
0x000001b71ba90000 - 0x000001b71ba93000 	C:\Users\prabh\.openjfx\cache\21+31\amd64\api-ms-win-core-string-l1-1-0.dll
0x000001b71baa0000 - 0x000001b71baa3000 	C:\Users\prabh\.openjfx\cache\21+31\amd64\api-ms-win-core-synch-l1-1-0.dll
0x000001b71bab0000 - 0x000001b71bab3000 	C:\Users\prabh\.openjfx\cache\21+31\amd64\api-ms-win-core-synch-l1-2-0.dll
0x000001b71bac0000 - 0x000001b71bac3000 	C:\Users\prabh\.openjfx\cache\21+31\amd64\api-ms-win-core-sysinfo-l1-1-0.dll
0x000001b71bad0000 - 0x000001b71bad3000 	C:\Users\prabh\.openjfx\cache\21+31\amd64\api-ms-win-core-timezone-l1-1-0.dll
0x000001b71bae0000 - 0x000001b71bae3000 	C:\Users\prabh\.openjfx\cache\21+31\amd64\api-ms-win-core-util-l1-1-0.dll
0x000001b71baf0000 - 0x000001b71baf3000 	C:\Users\prabh\.openjfx\cache\21+31\amd64\api-ms-win-crt-conio-l1-1-0.dll
0x000001b71bb00000 - 0x000001b71bb04000 	C:\Users\prabh\.openjfx\cache\21+31\amd64\api-ms-win-crt-convert-l1-1-0.dll
0x000001b71bb10000 - 0x000001b71bb13000 	C:\Users\prabh\.openjfx\cache\21+31\amd64\api-ms-win-crt-environment-l1-1-0.dll
0x000001b71bb20000 - 0x000001b71bb23000 	C:\Users\prabh\.openjfx\cache\21+31\amd64\api-ms-win-crt-filesystem-l1-1-0.dll
0x000001b71bb30000 - 0x000001b71bb33000 	C:\Users\prabh\.openjfx\cache\21+31\amd64\api-ms-win-crt-heap-l1-1-0.dll
0x000001b71bb40000 - 0x000001b71bb43000 	C:\Users\prabh\.openjfx\cache\21+31\amd64\api-ms-win-crt-locale-l1-1-0.dll
0x000001b71bb50000 - 0x000001b71bb55000 	C:\Users\prabh\.openjfx\cache\21+31\amd64\api-ms-win-crt-math-l1-1-0.dll
0x000001b71bb60000 - 0x000001b71bb65000 	C:\Users\prabh\.openjfx\cache\21+31\amd64\api-ms-win-crt-multibyte-l1-1-0.dll
0x000001b71bb70000 - 0x000001b71bb80000 	C:\Users\prabh\.openjfx\cache\21+31\amd64\api-ms-win-crt-private-l1-1-0.dll
0x000001b71bb80000 - 0x000001b71bb83000 	C:\Users\prabh\.openjfx\cache\21+31\amd64\api-ms-win-crt-process-l1-1-0.dll
0x000001b71bb90000 - 0x000001b71bb94000 	C:\Users\prabh\.openjfx\cache\21+31\amd64\api-ms-win-crt-runtime-l1-1-0.dll
0x000001b71bba0000 - 0x000001b71bba4000 	C:\Users\prabh\.openjfx\cache\21+31\amd64\api-ms-win-crt-stdio-l1-1-0.dll
0x000001b71bbb0000 - 0x000001b71bbb4000 	C:\Users\prabh\.openjfx\cache\21+31\amd64\api-ms-win-crt-string-l1-1-0.dll
0x000001b71bbc0000 - 0x000001b71bbc3000 	C:\Users\prabh\.openjfx\cache\21+31\amd64\api-ms-win-crt-time-l1-1-0.dll
0x000001b71bbd0000 - 0x000001b71bbd3000 	C:\Users\prabh\.openjfx\cache\21+31\amd64\api-ms-win-crt-utility-l1-1-0.dll
0x00007ffc26390000 - 0x00007ffc2648c000 	C:\Users\prabh\.openjfx\cache\21+31\amd64\ucrtbase.dll
0x00007ffc511b0000 - 0x00007ffc511cb000 	C:\Users\prabh\.openjfx\cache\21+31\amd64\vcruntime140.dll
0x00007ffc511a0000 - 0x00007ffc511ac000 	C:\Users\prabh\.openjfx\cache\21+31\amd64\vcruntime140_1.dll
0x00007ffc50d40000 - 0x00007ffc50dce000 	C:\Users\prabh\.openjfx\cache\21+31\amd64\msvcp140.dll
0x00007ffc712c0000 - 0x00007ffc71465000 	C:\WINDOWS\System32\ole32.dll
0x00007ffc51190000 - 0x00007ffc51199000 	C:\Users\prabh\.openjfx\cache\21+31\amd64\msvcp140_1.dll
0x00007ffc50f00000 - 0x00007ffc50f2f000 	C:\Users\prabh\.openjfx\cache\21+31\amd64\msvcp140_2.dll
0x00007ffc41450000 - 0x00007ffc4147f000 	C:\Users\prabh\.openjfx\cache\21+31\amd64\prism_d3d.dll
0x00007ffc32330000 - 0x00007ffc324d8000 	C:\WINDOWS\system32\d3d9.dll
0x00007ffc6c310000 - 0x00007ffc6c33b000 	C:\WINDOWS\SYSTEM32\dwmapi.dll
0x00007ffc6c380000 - 0x00007ffc6c3b7000 	C:\WINDOWS\SYSTEM32\dxcore.dll
0x00007ffc6c0c0000 - 0x00007ffc6c171000 	C:\WINDOWS\system32\uxtheme.dll
0x00007ffc22460000 - 0x00007ffc2260d000 	C:\WINDOWS\System32\DriverStore\FileRepository\iigd_dch.inf_amd64_306090fd1d6bb4fa\igdumdim64.dll
0x00007ffc61da0000 - 0x00007ffc621a9000 	C:\WINDOWS\System32\DriverStore\FileRepository\iigd_dch.inf_amd64_306090fd1d6bb4fa\igdgmm64.dll
0x00007ffc66af0000 - 0x00007ffc66b39000 	C:\WINDOWS\SYSTEM32\directxdatabasehelper.dll
0x00007ffc41400000 - 0x00007ffc41442000 	C:\Users\prabh\.openjfx\cache\21+31\amd64\glass.dll
0x00007ffc715f0000 - 0x00007ffc716ef000 	C:\WINDOWS\System32\COMDLG32.dll
0x00007ffc70c10000 - 0x00007ffc70d70000 	C:\WINDOWS\System32\MSCTF.dll

dbghelp: loaded successfully - version: 4.0.5 - missing functions: none
symbol engine: initialized successfully - sym options: 0x614 - pdb path: .;C:\Program Files\Java\jdk-21.0.2\bin;C:\WINDOWS\SYSTEM32;C:\WINDOWS\WinSxS\amd64_microsoft.windows.common-controls_6595b64144ccf1df_6.0.22621.4391_none_2715d37f73803e96;C:\Program Files (x86)\Citrix\ICA Client;C:\Program Files (x86)\Citrix\ICA Client\Receiver;C:\Program Files\Java\jdk-21.0.2\bin\server;D:\IntelliJ IDEA 2024.2.4\bin;C:\Users\prabh\.openjfx\cache\21+31\amd64;C:\WINDOWS\System32\DriverStore\FileRepository\iigd_dch.inf_amd64_306090fd1d6bb4fa

VM Arguments:
jvm_args: -XX:MetaspaceSize=128m -XX:MaxMetaspaceSize=512m -Xms256m -Xmx512m -Xss256k -javaagent:D:\IntelliJ IDEA 2024.2.4\lib\idea_rt.jar=54857:D:\IntelliJ IDEA 2024.2.4\bin -Dfile.encoding=UTF-8 -Dsun.stdout.encoding=UTF-8 -Dsun.stderr.encoding=UTF-8 --module-path=C:\Users\prabh\IdeaProjects\OOD5\lib\librec-core-3.0.0-1.jar;C:\Users\prabh\.m2\repository\com\google\code\gson\gson\2.8.9\gson-2.8.9.jar;C:\Users\prabh\.m2\repository\com\mysql\mysql-connector-j\8.0.33\mysql-connector-j-8.0.33.jar;C:\Users\prabh\.m2\repository\org\openjfx\javafx-controls\21\javafx-controls-21-win.jar;C:\Users\prabh\.m2\repository\org\openjfx\javafx-graphics\21\javafx-graphics-21-win.jar;C:\Users\prabh\IdeaProjects\OOD5\target\classes;C:\Users\prabh\.m2\repository\org\openjfx\javafx-fxml\21\javafx-fxml-21-win.jar;C:\Users\prabh\.m2\repository\org\openjfx\javafx-base\21\javafx-base-21-win.jar -Djdk.module.main=org.example.ood5 
java_command: org.example.ood5/Main.Main
java_class_path (initial): C:\Users\prabh\.m2\repository\org\openjfx\javafx-controls\21\javafx-controls-21.jar;C:\Users\prabh\.m2\repository\org\openjfx\javafx-graphics\21\javafx-graphics-21.jar;C:\Users\prabh\.m2\repository\org\openjfx\javafx-base\21\javafx-base-21.jar;C:\Users\prabh\.m2\repository\org\openjfx\javafx-fxml\21\javafx-fxml-21.jar;C:\Users\prabh\.m2\repository\com\google\protobuf\protobuf-java\3.21.9\protobuf-java-3.21.9.jar;C:\Users\prabh\.m2\repository\commons-logging\commons-logging\1.2\commons-logging-1.2.jar;C:\Users\prabh\.m2\repository\commons-lang\commons-lang\2.6\commons-lang-2.6.jar;C:\Users\prabh\.m2\repository\com\google\guava\guava\31.1-jre\guava-31.1-jre.jar;C:\Users\prabh\.m2\repository\com\google\guava\failureaccess\1.0.1\failureaccess-1.0.1.jar;C:\Users\prabh\.m2\repository\com\google\guava\listenablefuture\9999.0-empty-to-avoid-conflict-with-guava\listenablefuture-9999.0-empty-to-avoid-conflict-with-guava.jar;C:\Users\prabh\.m2\repository\com\google\code\findbugs\jsr305\3.0.2\jsr305-3.0.2.jar;C:\Users\prabh\.m2\repository\org\checkerframework\checker-qual\3.12.0\checker-qual-3.12.0.jar;C:\Users\prabh\.m2\repository\com\google\errorprone\error_prone_annotations\2.11.0\error_prone_annotations-2.11.0.jar;C:\Users\prabh\.m2\repository\com\google\j2objc\j2objc-annotations\1.3\j2objc-annotations-1.3.jar;C:\Users\prabh\.m2\repository\com\squareup\okio\okio\3.4.0\okio-3.4.0.jar;C:\Users\prabh\.m2\repository\com\squareup\okio\okio-jvm\3.4.0\okio-jvm-3.4.0.jar;C:\Users\prabh\.m2\repository\org\jetbrains\kotlin\kotlin-stdlib-jdk8\1.8.0\kotlin-stdlib-jdk8-1.8.0.jar;C:\Users\prabh\.m2\repository\org\jetbrains\kotlin\kotlin-stdlib\1.8.0\kotlin-stdlib-1.8.0.jar;C:\Users\prabh\.m2\repository\org\jetbrains\annotations\13.0\annotations-13.0.jar;C:\Users\prabh\.m2\repository\org\jetbrains\kotlin\kotlin-stdlib-jdk7\1.8.0\kotlin-stdlib-jdk7-1.8.0.jar;C:\Users\prabh\.m2\repository\org\jetbrains\kotlin\kotlin-stdlib-common\1.8.0\kotlin-stdlib-common-1.8.0.jar;C:\Users\prabh\.m2\repository\it\unimi\dsi\fastutil\8.5.6\fastutil-8.5.6.jar
Launcher Type: SUN_STANDARD

[Global flags]
     intx CICompilerCount                          = 4                                         {product} {ergonomic}
   size_t CompressedClassSpaceSize                 = 436207616                                 {product} {ergonomic}
     uint ConcGCThreads                            = 2                                         {product} {ergonomic}
     uint G1ConcRefinementThreads                  = 8                                         {product} {ergonomic}
   size_t G1HeapRegionSize                         = 1048576                                   {product} {ergonomic}
    uintx GCDrainStackTargetSize                   = 64                                        {product} {ergonomic}
   size_t InitialHeapSize                          = 268435456                                 {product} {command line}
   size_t MarkStackSize                            = 4194304                                   {product} {ergonomic}
   size_t MaxHeapSize                              = 536870912                                 {product} {command line}
   size_t MaxMetaspaceSize                         = 536870912                                 {product} {command line}
   size_t MaxNewSize                               = 321912832                                 {product} {ergonomic}
   size_t MetaspaceSize                            = 134217728                                 {product} {command line}
   size_t MinHeapDeltaBytes                        = 1048576                                   {product} {ergonomic}
   size_t MinHeapSize                              = 268435456                                 {product} {command line}
    uintx NonNMethodCodeHeapSize                   = 5839372                                {pd product} {ergonomic}
    uintx NonProfiledCodeHeapSize                  = 122909434                              {pd product} {ergonomic}
    uintx ProfiledCodeHeapSize                     = 122909434                              {pd product} {ergonomic}
    uintx ReservedCodeCacheSize                    = 251658240                              {pd product} {ergonomic}
     bool SegmentedCodeCache                       = true                                      {product} {ergonomic}
   size_t SoftMaxHeapSize                          = 536870912                              {manageable} {ergonomic}
     intx ThreadStackSize                          = 256                                    {pd product} {command line}
     bool UseCompressedOops                        = true                           {product lp64_product} {ergonomic}
     bool UseG1GC                                  = true                                      {product} {ergonomic}
     bool UseLargePagesIndividualAllocation        = false                                  {pd product} {ergonomic}

Logging:
Log output configuration:
 #0: stdout all=warning uptime,level,tags foldmultilines=false
 #1: stderr all=off uptime,level,tags foldmultilines=false

Environment Variables:
JAVA_HOME=C:\Program Files\Java\jdk-21.0.2
PATH=C:\WINDOWS\system32;C:\WINDOWS;C:\WINDOWS\System32\Wbem;C:\WINDOWS\System32\WindowsPowerShell\v1.0\;C:\WINDOWS\System32\OpenSSH\;C:\Program Files\Java\jdk-21.0.2\bin;C:\Users\prabh\AppData\Local\Programs\MiKTeX\miktex\bin\x64\;C:\Users\prabh\.m2\wrapper\dists\apache-maven-3.8.5-bin\5i5jha092a3i37g0paqnfr15e0\apache-maven-3.8.5\bin;C:\Program Files\Git\cmd;C:\Users\prabh\AppData\Local\Programs\Python\Python311\Scripts\;C:\Users\prabh\AppData\Local\Programs\Python\Python311\;C:\Users\prabh\AppData\Local\Microsoft\WindowsApps;C:\Users\prabh\AppData\Local\Programs\Microsoft VS Code\bin;C:\Users\prabh\AppData\Local\JetBrains\Toolbox\scripts;C:\Users\prabh\AppData\Local\Programs\MiKTeX\miktex\bin\x64\;C:\Program Files\JetBrains\IntelliJ IDEA 2023.3.3\bin;
USERNAME=prabh
OS=Windows_NT
PROCESSOR_IDENTIFIER=Intel64 Family 6 Model 142 Stepping 12, GenuineIntel
TMP=C:\Users\prabh\AppData\Local\Temp
TEMP=C:\Users\prabh\AppData\Local\Temp




Periodic native trim disabled

---------------  S Y S T E M  ---------------

OS:
 Windows 11 , 64 bit Build 22621 (10.0.22621.4391)
OS uptime: 1 days 1:47 hours

CPU: total 8 (initial active 8) (4 cores per cpu, 2 threads per core) family 6 model 142 stepping 12 microcode 0xfa, cx8, cmov, fxsr, ht, mmx, 3dnowpref, sse, sse2, sse3, ssse3, sse4.1, sse4.2, popcnt, lzcnt, tsc, tscinvbit, avx, avx2, aes, erms, clmul, bmi1, bmi2, adx, fma, vzeroupper, clflush, clflushopt, rdtscp, f16c
Processor Information for all 8 processors :
  Max Mhz: 1896, Current Mhz: 798, Mhz Limit: 796

Memory: 4k page, system-wide physical 16099M (4450M free)
TotalPageFile size 35093M (AvailPageFile size 2M)
current process WorkingSet (physical memory assigned to process): 89M, peak: 89M
current process commit charge ("private bytes"): 359M, peak: 362M

vm_info: Java HotSpot(TM) 64-Bit Server VM (21.0.2+13-LTS-58) for windows-amd64 JRE (21.0.2+13-LTS-58), built on 2024-01-05T18:32:24Z by "mach5one" with MS VC++ 17.1 (VS2022)

END.
